[1.107s] Invoking command in '/home/hzh/ros2_learn/chapt5/chapt5_ws/src/demo_python_tf': PYTHONPATH=/home/hzh/ros2_learn/chapt5/chapt5_ws/build/demo_python_tf/prefix_override:/usr/lib/python3/dist-packages/colcon_core/task/python/colcon_distutils_commands:/home/hzh/ros2_learn/chapt5/chapt5_ws/install/demo_python_tf/lib/python3.10/site-packages:${PYTHONPATH} /usr/bin/python3 -W ignore:setup.py install is deprecated -W ignore:easy_install command is deprecated setup.py egg_info --egg-base ../../build/demo_python_tf build --build-base /home/hzh/ros2_learn/chapt5/chapt5_ws/build/demo_python_tf/build install --record /home/hzh/ros2_learn/chapt5/chapt5_ws/build/demo_python_tf/install.log --single-version-externally-managed install_data
[1.447s] running egg_info
[1.448s] creating ../../build/demo_python_tf/demo_python_tf.egg-info
[1.449s] writing ../../build/demo_python_tf/demo_python_tf.egg-info/PKG-INFO
[1.449s] writing dependency_links to ../../build/demo_python_tf/demo_python_tf.egg-info/dependency_links.txt
[1.450s] writing entry points to ../../build/demo_python_tf/demo_python_tf.egg-info/entry_points.txt
[1.450s] writing requirements to ../../build/demo_python_tf/demo_python_tf.egg-info/requires.txt
[1.450s] writing top-level names to ../../build/demo_python_tf/demo_python_tf.egg-info/top_level.txt
[1.450s] writing manifest file '../../build/demo_python_tf/demo_python_tf.egg-info/SOURCES.txt'
[1.453s] reading manifest file '../../build/demo_python_tf/demo_python_tf.egg-info/SOURCES.txt'
[1.453s] adding license file 'LICENSE'
[1.456s] writing manifest file '../../build/demo_python_tf/demo_python_tf.egg-info/SOURCES.txt'
[1.456s] running build
[1.457s] running build_py
[1.457s] creating /home/hzh/ros2_learn/chapt5/chapt5_ws/build/demo_python_tf/build
[1.457s] creating /home/hzh/ros2_learn/chapt5/chapt5_ws/build/demo_python_tf/build/lib
[1.457s] creating /home/hzh/ros2_learn/chapt5/chapt5_ws/build/demo_python_tf/build/lib/demo_python_tf
[1.457s] copying demo_python_tf/static_tf_broadcaster.py -> /home/hzh/ros2_learn/chapt5/chapt5_ws/build/demo_python_tf/build/lib/demo_python_tf
[1.457s] copying demo_python_tf/__init__.py -> /home/hzh/ros2_learn/chapt5/chapt5_ws/build/demo_python_tf/build/lib/demo_python_tf
[1.457s] running install
[1.458s] running install_lib
[1.459s] creating /home/hzh/ros2_learn/chapt5/chapt5_ws/install/demo_python_tf/lib/python3.10/site-packages/demo_python_tf
[1.459s] copying /home/hzh/ros2_learn/chapt5/chapt5_ws/build/demo_python_tf/build/lib/demo_python_tf/static_tf_broadcaster.py -> /home/hzh/ros2_learn/chapt5/chapt5_ws/install/demo_python_tf/lib/python3.10/site-packages/demo_python_tf
[1.459s] copying /home/hzh/ros2_learn/chapt5/chapt5_ws/build/demo_python_tf/build/lib/demo_python_tf/__init__.py -> /home/hzh/ros2_learn/chapt5/chapt5_ws/install/demo_python_tf/lib/python3.10/site-packages/demo_python_tf
[1.460s] byte-compiling /home/hzh/ros2_learn/chapt5/chapt5_ws/install/demo_python_tf/lib/python3.10/site-packages/demo_python_tf/static_tf_broadcaster.py to static_tf_broadcaster.cpython-310.pyc
[1.460s] byte-compiling /home/hzh/ros2_learn/chapt5/chapt5_ws/install/demo_python_tf/lib/python3.10/site-packages/demo_python_tf/__init__.py to __init__.cpython-310.pyc
[1.460s] running install_data
[1.460s] creating /home/hzh/ros2_learn/chapt5/chapt5_ws/install/demo_python_tf/share/ament_index
[1.461s] creating /home/hzh/ros2_learn/chapt5/chapt5_ws/install/demo_python_tf/share/ament_index/resource_index
[1.461s] creating /home/hzh/ros2_learn/chapt5/chapt5_ws/install/demo_python_tf/share/ament_index/resource_index/packages
[1.461s] copying resource/demo_python_tf -> /home/hzh/ros2_learn/chapt5/chapt5_ws/install/demo_python_tf/share/ament_index/resource_index/packages
[1.461s] copying package.xml -> /home/hzh/ros2_learn/chapt5/chapt5_ws/install/demo_python_tf/share/demo_python_tf
[1.461s] running install_egg_info
[1.464s] Copying ../../build/demo_python_tf/demo_python_tf.egg-info to /home/hzh/ros2_learn/chapt5/chapt5_ws/install/demo_python_tf/lib/python3.10/site-packages/demo_python_tf-0.0.0-py3.10.egg-info
[1.466s] running install_scripts
[1.494s] Installing static_tf_broadcaster script to /home/hzh/ros2_learn/chapt5/chapt5_ws/install/demo_python_tf/lib/demo_python_tf
[1.496s] writing list of installed files to '/home/hzh/ros2_learn/chapt5/chapt5_ws/build/demo_python_tf/install.log'
[1.551s] Invoked command in '/home/hzh/ros2_learn/chapt5/chapt5_ws/src/demo_python_tf' returned '0': PYTHONPATH=/home/hzh/ros2_learn/chapt5/chapt5_ws/build/demo_python_tf/prefix_override:/usr/lib/python3/dist-packages/colcon_core/task/python/colcon_distutils_commands:/home/hzh/ros2_learn/chapt5/chapt5_ws/install/demo_python_tf/lib/python3.10/site-packages:${PYTHONPATH} /usr/bin/python3 -W ignore:setup.py install is deprecated -W ignore:easy_install command is deprecated setup.py egg_info --egg-base ../../build/demo_python_tf build --build-base /home/hzh/ros2_learn/chapt5/chapt5_ws/build/demo_python_tf/build install --record /home/hzh/ros2_learn/chapt5/chapt5_ws/build/demo_python_tf/install.log --single-version-externally-managed install_data
