[0.140s] DEBUG:colcon:Command line arguments: ['/usr/bin/colcon', 'build']
[0.140s] DEBUG:colcon:Parsed command line arguments: Namespace(log_base=None, log_level=None, verb_name='build', build_base='build', install_base='install', merge_install=False, symlink_install=False, test_result_base=None, continue_on_error=False, executor='parallel', parallel_workers=4, event_handlers=None, ignore_user_meta=False, metas=['./colcon.meta'], base_paths=['.'], packages_ignore=None, packages_ignore_regex=None, paths=None, packages_up_to=None, packages_up_to_regex=None, packages_above=None, packages_above_and_dependencies=None, packages_above_depth=None, packages_select_by_dep=None, packages_skip_by_dep=None, packages_skip_up_to=None, packages_select_build_failed=False, packages_skip_build_finished=False, packages_select_test_failures=False, packages_skip_test_passed=False, packages_select=None, packages_skip=None, packages_select_regex=None, packages_skip_regex=None, packages_start=None, packages_end=None, allow_overriding=[], cmake_args=None, cmake_target=None, cmake_target_skip_unavailable=False, cmake_clean_cache=False, cmake_clean_first=False, cmake_force_configure=False, ament_cmake_args=None, catkin_cmake_args=None, catkin_skip_building_tests=False, verb_parser=<colcon_defaults.argument_parser.defaults.DefaultArgumentsDecorator object at 0x7cbefd81b3a0>, verb_extension=<colcon_core.verb.build.BuildVerb object at 0x7cbefd81ada0>, main=<bound method BuildVerb.main of <colcon_core.verb.build.BuildVerb object at 0x7cbefd81ada0>>)
[0.314s] Level 1:colcon.colcon_core.package_discovery:discover_packages(colcon_meta) check parameters
[0.314s] Level 1:colcon.colcon_core.package_discovery:discover_packages(recursive) check parameters
[0.314s] Level 1:colcon.colcon_core.package_discovery:discover_packages(ignore) check parameters
[0.314s] Level 1:colcon.colcon_core.package_discovery:discover_packages(path) check parameters
[0.314s] Level 1:colcon.colcon_core.package_discovery:discover_packages(colcon_meta) discover
[0.314s] Level 1:colcon.colcon_core.package_discovery:discover_packages(recursive) discover
[0.314s] INFO:colcon.colcon_core.package_discovery:Crawling recursively for packages in '/home/hzh/chapt2/chapt2_ws'
[0.314s] Level 1:colcon.colcon_core.package_identification:_identify(.) by extensions ['ignore', 'ignore_ament_install']
[0.314s] Level 1:colcon.colcon_core.package_identification:_identify(.) by extension 'ignore'
[0.314s] Level 1:colcon.colcon_core.package_identification:_identify(.) by extension 'ignore_ament_install'
[0.315s] Level 1:colcon.colcon_core.package_identification:_identify(.) by extensions ['colcon_pkg']
[0.315s] Level 1:colcon.colcon_core.package_identification:_identify(.) by extension 'colcon_pkg'
[0.315s] Level 1:colcon.colcon_core.package_identification:_identify(.) by extensions ['colcon_meta']
[0.315s] Level 1:colcon.colcon_core.package_identification:_identify(.) by extension 'colcon_meta'
[0.315s] Level 1:colcon.colcon_core.package_identification:_identify(.) by extensions ['ros']
[0.315s] Level 1:colcon.colcon_core.package_identification:_identify(.) by extension 'ros'
[0.330s] Level 1:colcon.colcon_core.package_identification:_identify(.) by extensions ['cmake', 'python']
[0.330s] Level 1:colcon.colcon_core.package_identification:_identify(.) by extension 'cmake'
[0.330s] Level 1:colcon.colcon_core.package_identification:_identify(.) by extension 'python'
[0.330s] Level 1:colcon.colcon_core.package_identification:_identify(.) by extensions ['python_setup_py']
[0.330s] Level 1:colcon.colcon_core.package_identification:_identify(.) by extension 'python_setup_py'
[0.330s] Level 1:colcon.colcon_core.package_identification:_identify(build) by extensions ['ignore', 'ignore_ament_install']
[0.330s] Level 1:colcon.colcon_core.package_identification:_identify(build) by extension 'ignore'
[0.330s] Level 1:colcon.colcon_core.package_identification:_identify(build) ignored
[0.330s] Level 1:colcon.colcon_core.package_identification:_identify(install) by extensions ['ignore', 'ignore_ament_install']
[0.331s] Level 1:colcon.colcon_core.package_identification:_identify(install) by extension 'ignore'
[0.331s] Level 1:colcon.colcon_core.package_identification:_identify(install) ignored
[0.331s] Level 1:colcon.colcon_core.package_identification:_identify(log) by extensions ['ignore', 'ignore_ament_install']
[0.331s] Level 1:colcon.colcon_core.package_identification:_identify(log) by extension 'ignore'
[0.332s] Level 1:colcon.colcon_core.package_identification:_identify(log) ignored
[0.332s] Level 1:colcon.colcon_core.package_identification:_identify(src) by extensions ['ignore', 'ignore_ament_install']
[0.332s] Level 1:colcon.colcon_core.package_identification:_identify(src) by extension 'ignore'
[0.332s] Level 1:colcon.colcon_core.package_identification:_identify(src) by extension 'ignore_ament_install'
[0.332s] Level 1:colcon.colcon_core.package_identification:_identify(src) by extensions ['colcon_pkg']
[0.332s] Level 1:colcon.colcon_core.package_identification:_identify(src) by extension 'colcon_pkg'
[0.332s] Level 1:colcon.colcon_core.package_identification:_identify(src) by extensions ['colcon_meta']
[0.332s] Level 1:colcon.colcon_core.package_identification:_identify(src) by extension 'colcon_meta'
[0.332s] Level 1:colcon.colcon_core.package_identification:_identify(src) by extensions ['ros']
[0.332s] Level 1:colcon.colcon_core.package_identification:_identify(src) by extension 'ros'
[0.333s] Level 1:colcon.colcon_core.package_identification:_identify(src) by extensions ['cmake', 'python']
[0.333s] Level 1:colcon.colcon_core.package_identification:_identify(src) by extension 'cmake'
[0.333s] Level 1:colcon.colcon_core.package_identification:_identify(src) by extension 'python'
[0.333s] Level 1:colcon.colcon_core.package_identification:_identify(src) by extensions ['python_setup_py']
[0.333s] Level 1:colcon.colcon_core.package_identification:_identify(src) by extension 'python_setup_py'
[0.333s] Level 1:colcon.colcon_core.package_identification:_identify(src/demo_cpp_pkg) by extensions ['ignore', 'ignore_ament_install']
[0.334s] Level 1:colcon.colcon_core.package_identification:_identify(src/demo_cpp_pkg) by extension 'ignore'
[0.334s] Level 1:colcon.colcon_core.package_identification:_identify(src/demo_cpp_pkg) by extension 'ignore_ament_install'
[0.334s] Level 1:colcon.colcon_core.package_identification:_identify(src/demo_cpp_pkg) by extensions ['colcon_pkg']
[0.334s] Level 1:colcon.colcon_core.package_identification:_identify(src/demo_cpp_pkg) by extension 'colcon_pkg'
[0.334s] Level 1:colcon.colcon_core.package_identification:_identify(src/demo_cpp_pkg) by extensions ['colcon_meta']
[0.334s] Level 1:colcon.colcon_core.package_identification:_identify(src/demo_cpp_pkg) by extension 'colcon_meta'
[0.334s] Level 1:colcon.colcon_core.package_identification:_identify(src/demo_cpp_pkg) by extensions ['ros']
[0.334s] Level 1:colcon.colcon_core.package_identification:_identify(src/demo_cpp_pkg) by extension 'ros'
[0.337s] DEBUG:colcon.colcon_core.package_identification:Package 'src/demo_cpp_pkg' with type 'ros.ament_cmake' and name 'demo_cpp_pkg'
[0.337s] Level 1:colcon.colcon_core.package_identification:_identify(src/demo_python_pkg) by extensions ['ignore', 'ignore_ament_install']
[0.337s] Level 1:colcon.colcon_core.package_identification:_identify(src/demo_python_pkg) by extension 'ignore'
[0.337s] Level 1:colcon.colcon_core.package_identification:_identify(src/demo_python_pkg) by extension 'ignore_ament_install'
[0.337s] Level 1:colcon.colcon_core.package_identification:_identify(src/demo_python_pkg) by extensions ['colcon_pkg']
[0.337s] Level 1:colcon.colcon_core.package_identification:_identify(src/demo_python_pkg) by extension 'colcon_pkg'
[0.337s] Level 1:colcon.colcon_core.package_identification:_identify(src/demo_python_pkg) by extensions ['colcon_meta']
[0.337s] Level 1:colcon.colcon_core.package_identification:_identify(src/demo_python_pkg) by extension 'colcon_meta'
[0.337s] Level 1:colcon.colcon_core.package_identification:_identify(src/demo_python_pkg) by extensions ['ros']
[0.337s] Level 1:colcon.colcon_core.package_identification:_identify(src/demo_python_pkg) by extension 'ros'
[0.338s] DEBUG:colcon.colcon_core.package_identification:Package 'src/demo_python_pkg' with type 'ros.ament_python' and name 'demo_python_pkg'
[0.338s] Level 1:colcon.colcon_core.package_discovery:discover_packages(recursive) using defaults
[0.338s] Level 1:colcon.colcon_core.package_discovery:discover_packages(ignore) discover
[0.338s] Level 1:colcon.colcon_core.package_discovery:discover_packages(ignore) using defaults
[0.338s] Level 1:colcon.colcon_core.package_discovery:discover_packages(path) discover
[0.338s] Level 1:colcon.colcon_core.package_discovery:discover_packages(path) using defaults
[0.361s] Level 1:colcon.colcon_core.package_discovery:discover_packages(prefix_path) check parameters
[0.362s] Level 1:colcon.colcon_core.package_discovery:discover_packages(prefix_path) discover
[0.364s] DEBUG:colcon.colcon_installed_package_information.package_discovery:Found 2 installed packages in /home/hzh/chapt2/chapt2_ws/install
[0.366s] DEBUG:colcon.colcon_installed_package_information.package_discovery:Found 273 installed packages in /opt/ros/humble
[0.368s] Level 1:colcon.colcon_core.package_discovery:discover_packages(prefix_path) using defaults
[0.420s] Level 5:colcon.colcon_core.verb:set package 'demo_cpp_pkg' build argument 'cmake_args' from command line to 'None'
[0.421s] Level 5:colcon.colcon_core.verb:set package 'demo_cpp_pkg' build argument 'cmake_target' from command line to 'None'
[0.421s] Level 5:colcon.colcon_core.verb:set package 'demo_cpp_pkg' build argument 'cmake_target_skip_unavailable' from command line to 'False'
[0.421s] Level 5:colcon.colcon_core.verb:set package 'demo_cpp_pkg' build argument 'cmake_clean_cache' from command line to 'False'
[0.421s] Level 5:colcon.colcon_core.verb:set package 'demo_cpp_pkg' build argument 'cmake_clean_first' from command line to 'False'
[0.421s] Level 5:colcon.colcon_core.verb:set package 'demo_cpp_pkg' build argument 'cmake_force_configure' from command line to 'False'
[0.421s] Level 5:colcon.colcon_core.verb:set package 'demo_cpp_pkg' build argument 'ament_cmake_args' from command line to 'None'
[0.421s] Level 5:colcon.colcon_core.verb:set package 'demo_cpp_pkg' build argument 'catkin_cmake_args' from command line to 'None'
[0.421s] Level 5:colcon.colcon_core.verb:set package 'demo_cpp_pkg' build argument 'catkin_skip_building_tests' from command line to 'False'
[0.421s] DEBUG:colcon.colcon_core.verb:Building package 'demo_cpp_pkg' with the following arguments: {'ament_cmake_args': None, 'build_base': '/home/hzh/chapt2/chapt2_ws/build/demo_cpp_pkg', 'catkin_cmake_args': None, 'catkin_skip_building_tests': False, 'cmake_args': None, 'cmake_clean_cache': False, 'cmake_clean_first': False, 'cmake_force_configure': False, 'cmake_target': None, 'cmake_target_skip_unavailable': False, 'install_base': '/home/hzh/chapt2/chapt2_ws/install/demo_cpp_pkg', 'merge_install': False, 'path': '/home/hzh/chapt2/chapt2_ws/src/demo_cpp_pkg', 'symlink_install': False, 'test_result_base': None}
[0.421s] Level 5:colcon.colcon_core.verb:set package 'demo_python_pkg' build argument 'cmake_args' from command line to 'None'
[0.421s] Level 5:colcon.colcon_core.verb:set package 'demo_python_pkg' build argument 'cmake_target' from command line to 'None'
[0.421s] Level 5:colcon.colcon_core.verb:set package 'demo_python_pkg' build argument 'cmake_target_skip_unavailable' from command line to 'False'
[0.421s] Level 5:colcon.colcon_core.verb:set package 'demo_python_pkg' build argument 'cmake_clean_cache' from command line to 'False'
[0.421s] Level 5:colcon.colcon_core.verb:set package 'demo_python_pkg' build argument 'cmake_clean_first' from command line to 'False'
[0.421s] Level 5:colcon.colcon_core.verb:set package 'demo_python_pkg' build argument 'cmake_force_configure' from command line to 'False'
[0.421s] Level 5:colcon.colcon_core.verb:set package 'demo_python_pkg' build argument 'ament_cmake_args' from command line to 'None'
[0.421s] Level 5:colcon.colcon_core.verb:set package 'demo_python_pkg' build argument 'catkin_cmake_args' from command line to 'None'
[0.421s] Level 5:colcon.colcon_core.verb:set package 'demo_python_pkg' build argument 'catkin_skip_building_tests' from command line to 'False'
[0.422s] DEBUG:colcon.colcon_core.verb:Building package 'demo_python_pkg' with the following arguments: {'ament_cmake_args': None, 'build_base': '/home/hzh/chapt2/chapt2_ws/build/demo_python_pkg', 'catkin_cmake_args': None, 'catkin_skip_building_tests': False, 'cmake_args': None, 'cmake_clean_cache': False, 'cmake_clean_first': False, 'cmake_force_configure': False, 'cmake_target': None, 'cmake_target_skip_unavailable': False, 'install_base': '/home/hzh/chapt2/chapt2_ws/install/demo_python_pkg', 'merge_install': False, 'path': '/home/hzh/chapt2/chapt2_ws/src/demo_python_pkg', 'symlink_install': False, 'test_result_base': None}
[0.422s] INFO:colcon.colcon_core.executor:Executing jobs using 'parallel' executor
[0.424s] DEBUG:colcon.colcon_parallel_executor.executor.parallel:run_until_complete
[0.424s] INFO:colcon.colcon_ros.task.ament_cmake.build:Building ROS package in '/home/hzh/chapt2/chapt2_ws/src/demo_cpp_pkg' with build type 'ament_cmake'
[0.425s] INFO:colcon.colcon_cmake.task.cmake.build:Building CMake package in '/home/hzh/chapt2/chapt2_ws/src/demo_cpp_pkg'
[0.427s] INFO:colcon.colcon_core.plugin_system:Skipping extension 'colcon_core.shell.bat': Not used on non-Windows systems
[0.428s] INFO:colcon.colcon_core.shell:Skip shell extension 'powershell' for command environment: Not usable outside of PowerShell
[0.428s] DEBUG:colcon.colcon_core.shell:Skip shell extension 'dsv' for command environment
[0.450s] DEBUG:colcon.colcon_core.event_handler.log_command:Invoking command in '/home/hzh/chapt2/chapt2_ws/build/demo_cpp_pkg': CMAKE_PREFIX_PATH=${CMAKE_PREFIX_PATH}:/home/hzh/chapt2/chapt2_ws/install/demo_python_pkg:/opt/ros/humble /usr/bin/cmake --build /home/hzh/chapt2/chapt2_ws/build/demo_cpp_pkg -- -j4 -l4
[0.558s] DEBUG:colcon.colcon_core.event_handler.log_command:Invoked command in '/home/hzh/chapt2/chapt2_ws/build/demo_cpp_pkg' returned '0': CMAKE_PREFIX_PATH=${CMAKE_PREFIX_PATH}:/home/hzh/chapt2/chapt2_ws/install/demo_python_pkg:/opt/ros/humble /usr/bin/cmake --build /home/hzh/chapt2/chapt2_ws/build/demo_cpp_pkg -- -j4 -l4
[0.575s] DEBUG:colcon.colcon_core.event_handler.log_command:Invoking command in '/home/hzh/chapt2/chapt2_ws/build/demo_cpp_pkg': CMAKE_PREFIX_PATH=${CMAKE_PREFIX_PATH}:/home/hzh/chapt2/chapt2_ws/install/demo_python_pkg:/opt/ros/humble /usr/bin/cmake --install /home/hzh/chapt2/chapt2_ws/build/demo_cpp_pkg
[0.595s] Level 1:colcon.colcon_core.environment:create_environment_scripts_only(demo_cpp_pkg)
[0.596s] DEBUG:colcon.colcon_core.event_handler.log_command:Invoked command in '/home/hzh/chapt2/chapt2_ws/build/demo_cpp_pkg' returned '0': CMAKE_PREFIX_PATH=${CMAKE_PREFIX_PATH}:/home/hzh/chapt2/chapt2_ws/install/demo_python_pkg:/opt/ros/humble /usr/bin/cmake --install /home/hzh/chapt2/chapt2_ws/build/demo_cpp_pkg
[0.600s] Level 1:colcon.colcon_core.environment:checking '/home/hzh/chapt2/chapt2_ws/install/demo_cpp_pkg' for CMake module files
[0.601s] Level 1:colcon.colcon_core.environment:checking '/home/hzh/chapt2/chapt2_ws/install/demo_cpp_pkg' for CMake config files
[0.601s] Level 1:colcon.colcon_core.shell:create_environment_hook('demo_cpp_pkg', 'cmake_prefix_path')
[0.602s] INFO:colcon.colcon_core.shell:Creating environment hook '/home/hzh/chapt2/chapt2_ws/install/demo_cpp_pkg/share/demo_cpp_pkg/hook/cmake_prefix_path.ps1'
[0.603s] INFO:colcon.colcon_core.shell:Creating environment descriptor '/home/hzh/chapt2/chapt2_ws/install/demo_cpp_pkg/share/demo_cpp_pkg/hook/cmake_prefix_path.dsv'
[0.604s] INFO:colcon.colcon_core.shell:Creating environment hook '/home/hzh/chapt2/chapt2_ws/install/demo_cpp_pkg/share/demo_cpp_pkg/hook/cmake_prefix_path.sh'
[0.606s] Level 1:colcon.colcon_core.environment:checking '/home/hzh/chapt2/chapt2_ws/install/demo_cpp_pkg/lib'
[0.607s] Level 1:colcon.colcon_core.environment:checking '/home/hzh/chapt2/chapt2_ws/install/demo_cpp_pkg/bin'
[0.607s] Level 1:colcon.colcon_core.environment:checking '/home/hzh/chapt2/chapt2_ws/install/demo_cpp_pkg/lib/pkgconfig/demo_cpp_pkg.pc'
[0.607s] Level 1:colcon.colcon_core.environment:checking '/home/hzh/chapt2/chapt2_ws/install/demo_cpp_pkg/lib/python3.10/site-packages'
[0.608s] Level 1:colcon.colcon_core.environment:checking '/home/hzh/chapt2/chapt2_ws/install/demo_cpp_pkg/bin'
[0.608s] INFO:colcon.colcon_core.shell:Creating package script '/home/hzh/chapt2/chapt2_ws/install/demo_cpp_pkg/share/demo_cpp_pkg/package.ps1'
[0.610s] INFO:colcon.colcon_core.shell:Creating package descriptor '/home/hzh/chapt2/chapt2_ws/install/demo_cpp_pkg/share/demo_cpp_pkg/package.dsv'
[0.611s] INFO:colcon.colcon_core.shell:Creating package script '/home/hzh/chapt2/chapt2_ws/install/demo_cpp_pkg/share/demo_cpp_pkg/package.sh'
[0.613s] INFO:colcon.colcon_core.shell:Creating package script '/home/hzh/chapt2/chapt2_ws/install/demo_cpp_pkg/share/demo_cpp_pkg/package.bash'
[0.615s] INFO:colcon.colcon_core.shell:Creating package script '/home/hzh/chapt2/chapt2_ws/install/demo_cpp_pkg/share/demo_cpp_pkg/package.zsh'
[0.617s] Level 1:colcon.colcon_core.environment:create_file_with_runtime_dependencies(/home/hzh/chapt2/chapt2_ws/install/demo_cpp_pkg/share/colcon-core/packages/demo_cpp_pkg)
[0.618s] Level 1:colcon.colcon_core.environment:create_environment_scripts_only(demo_cpp_pkg)
[0.619s] Level 1:colcon.colcon_core.environment:checking '/home/hzh/chapt2/chapt2_ws/install/demo_cpp_pkg' for CMake module files
[0.619s] Level 1:colcon.colcon_core.environment:checking '/home/hzh/chapt2/chapt2_ws/install/demo_cpp_pkg' for CMake config files
[0.620s] Level 1:colcon.colcon_core.shell:create_environment_hook('demo_cpp_pkg', 'cmake_prefix_path')
[0.620s] INFO:colcon.colcon_core.shell:Creating environment hook '/home/hzh/chapt2/chapt2_ws/install/demo_cpp_pkg/share/demo_cpp_pkg/hook/cmake_prefix_path.ps1'
[0.621s] INFO:colcon.colcon_core.shell:Creating environment descriptor '/home/hzh/chapt2/chapt2_ws/install/demo_cpp_pkg/share/demo_cpp_pkg/hook/cmake_prefix_path.dsv'
[0.622s] INFO:colcon.colcon_core.shell:Creating environment hook '/home/hzh/chapt2/chapt2_ws/install/demo_cpp_pkg/share/demo_cpp_pkg/hook/cmake_prefix_path.sh'
[0.623s] Level 1:colcon.colcon_core.environment:checking '/home/hzh/chapt2/chapt2_ws/install/demo_cpp_pkg/lib'
[0.623s] Level 1:colcon.colcon_core.environment:checking '/home/hzh/chapt2/chapt2_ws/install/demo_cpp_pkg/bin'
[0.623s] Level 1:colcon.colcon_core.environment:checking '/home/hzh/chapt2/chapt2_ws/install/demo_cpp_pkg/lib/pkgconfig/demo_cpp_pkg.pc'
[0.624s] Level 1:colcon.colcon_core.environment:checking '/home/hzh/chapt2/chapt2_ws/install/demo_cpp_pkg/lib/python3.10/site-packages'
[0.624s] Level 1:colcon.colcon_core.environment:checking '/home/hzh/chapt2/chapt2_ws/install/demo_cpp_pkg/bin'
[0.625s] INFO:colcon.colcon_core.shell:Creating package script '/home/hzh/chapt2/chapt2_ws/install/demo_cpp_pkg/share/demo_cpp_pkg/package.ps1'
[0.626s] INFO:colcon.colcon_core.shell:Creating package descriptor '/home/hzh/chapt2/chapt2_ws/install/demo_cpp_pkg/share/demo_cpp_pkg/package.dsv'
[0.627s] INFO:colcon.colcon_core.shell:Creating package script '/home/hzh/chapt2/chapt2_ws/install/demo_cpp_pkg/share/demo_cpp_pkg/package.sh'
[0.628s] INFO:colcon.colcon_core.shell:Creating package script '/home/hzh/chapt2/chapt2_ws/install/demo_cpp_pkg/share/demo_cpp_pkg/package.bash'
[0.629s] INFO:colcon.colcon_core.shell:Creating package script '/home/hzh/chapt2/chapt2_ws/install/demo_cpp_pkg/share/demo_cpp_pkg/package.zsh'
[0.630s] Level 1:colcon.colcon_core.environment:create_file_with_runtime_dependencies(/home/hzh/chapt2/chapt2_ws/install/demo_cpp_pkg/share/colcon-core/packages/demo_cpp_pkg)
[0.631s] INFO:colcon.colcon_ros.task.ament_python.build:Building ROS package in '/home/hzh/chapt2/chapt2_ws/src/demo_python_pkg' with build type 'ament_python'
[0.631s] Level 1:colcon.colcon_core.shell:create_environment_hook('demo_python_pkg', 'ament_prefix_path')
[0.631s] INFO:colcon.colcon_core.shell:Creating environment hook '/home/hzh/chapt2/chapt2_ws/install/demo_python_pkg/share/demo_python_pkg/hook/ament_prefix_path.ps1'
[0.634s] INFO:colcon.colcon_core.shell:Creating environment descriptor '/home/hzh/chapt2/chapt2_ws/install/demo_python_pkg/share/demo_python_pkg/hook/ament_prefix_path.dsv'
[0.635s] INFO:colcon.colcon_core.shell:Creating environment hook '/home/hzh/chapt2/chapt2_ws/install/demo_python_pkg/share/demo_python_pkg/hook/ament_prefix_path.sh'
[0.636s] INFO:colcon.colcon_core.shell:Skip shell extension 'powershell' for command environment: Not usable outside of PowerShell
[0.637s] DEBUG:colcon.colcon_core.shell:Skip shell extension 'dsv' for command environment
[0.932s] INFO:colcon.colcon_core.task.python.build:Building Python package in '/home/hzh/chapt2/chapt2_ws/src/demo_python_pkg'
[0.932s] INFO:colcon.colcon_core.shell:Skip shell extension 'powershell' for command environment: Not usable outside of PowerShell
[0.932s] DEBUG:colcon.colcon_core.shell:Skip shell extension 'dsv' for command environment
[1.329s] DEBUG:colcon.colcon_core.event_handler.log_command:Invoking command in '/home/hzh/chapt2/chapt2_ws/src/demo_python_pkg': PYTHONPATH=/home/hzh/chapt2/chapt2_ws/build/demo_python_pkg/prefix_override:/usr/lib/python3/dist-packages/colcon_core/task/python/colcon_distutils_commands:/home/hzh/chapt2/chapt2_ws/install/demo_python_pkg/lib/python3.10/site-packages:${PYTHONPATH} /usr/bin/python3 -W ignore:setup.py install is deprecated -W ignore:easy_install command is deprecated setup.py egg_info --egg-base ../../build/demo_python_pkg build --build-base /home/hzh/chapt2/chapt2_ws/build/demo_python_pkg/build install --record /home/hzh/chapt2/chapt2_ws/build/demo_python_pkg/install.log --single-version-externally-managed install_data
[1.689s] Level 1:colcon.colcon_core.environment:checking '/home/hzh/chapt2/chapt2_ws/install/demo_python_pkg' for CMake module files
[1.689s] DEBUG:colcon.colcon_core.event_handler.log_command:Invoked command in '/home/hzh/chapt2/chapt2_ws/src/demo_python_pkg' returned '0': PYTHONPATH=/home/hzh/chapt2/chapt2_ws/build/demo_python_pkg/prefix_override:/usr/lib/python3/dist-packages/colcon_core/task/python/colcon_distutils_commands:/home/hzh/chapt2/chapt2_ws/install/demo_python_pkg/lib/python3.10/site-packages:${PYTHONPATH} /usr/bin/python3 -W ignore:setup.py install is deprecated -W ignore:easy_install command is deprecated setup.py egg_info --egg-base ../../build/demo_python_pkg build --build-base /home/hzh/chapt2/chapt2_ws/build/demo_python_pkg/build install --record /home/hzh/chapt2/chapt2_ws/build/demo_python_pkg/install.log --single-version-externally-managed install_data
[1.690s] Level 1:colcon.colcon_core.environment:checking '/home/hzh/chapt2/chapt2_ws/install/demo_python_pkg' for CMake config files
[1.691s] Level 1:colcon.colcon_core.environment:checking '/home/hzh/chapt2/chapt2_ws/install/demo_python_pkg/lib'
[1.691s] Level 1:colcon.colcon_core.environment:checking '/home/hzh/chapt2/chapt2_ws/install/demo_python_pkg/bin'
[1.691s] Level 1:colcon.colcon_core.environment:checking '/home/hzh/chapt2/chapt2_ws/install/demo_python_pkg/lib/pkgconfig/demo_python_pkg.pc'
[1.691s] Level 1:colcon.colcon_core.environment:checking '/home/hzh/chapt2/chapt2_ws/install/demo_python_pkg/lib/python3.10/site-packages'
[1.691s] Level 1:colcon.colcon_core.shell:create_environment_hook('demo_python_pkg', 'pythonpath')
[1.692s] INFO:colcon.colcon_core.shell:Creating environment hook '/home/hzh/chapt2/chapt2_ws/install/demo_python_pkg/share/demo_python_pkg/hook/pythonpath.ps1'
[1.693s] INFO:colcon.colcon_core.shell:Creating environment descriptor '/home/hzh/chapt2/chapt2_ws/install/demo_python_pkg/share/demo_python_pkg/hook/pythonpath.dsv'
[1.693s] INFO:colcon.colcon_core.shell:Creating environment hook '/home/hzh/chapt2/chapt2_ws/install/demo_python_pkg/share/demo_python_pkg/hook/pythonpath.sh'
[1.695s] Level 1:colcon.colcon_core.environment:checking '/home/hzh/chapt2/chapt2_ws/install/demo_python_pkg/bin'
[1.695s] Level 1:colcon.colcon_core.environment:create_environment_scripts_only(demo_python_pkg)
[1.695s] INFO:colcon.colcon_core.shell:Creating package script '/home/hzh/chapt2/chapt2_ws/install/demo_python_pkg/share/demo_python_pkg/package.ps1'
[1.697s] INFO:colcon.colcon_core.shell:Creating package descriptor '/home/hzh/chapt2/chapt2_ws/install/demo_python_pkg/share/demo_python_pkg/package.dsv'
[1.698s] INFO:colcon.colcon_core.shell:Creating package script '/home/hzh/chapt2/chapt2_ws/install/demo_python_pkg/share/demo_python_pkg/package.sh'
[1.699s] INFO:colcon.colcon_core.shell:Creating package script '/home/hzh/chapt2/chapt2_ws/install/demo_python_pkg/share/demo_python_pkg/package.bash'
[1.700s] INFO:colcon.colcon_core.shell:Creating package script '/home/hzh/chapt2/chapt2_ws/install/demo_python_pkg/share/demo_python_pkg/package.zsh'
[1.702s] Level 1:colcon.colcon_core.environment:create_file_with_runtime_dependencies(/home/hzh/chapt2/chapt2_ws/install/demo_python_pkg/share/colcon-core/packages/demo_python_pkg)
[1.703s] DEBUG:colcon.colcon_parallel_executor.executor.parallel:closing loop
[1.704s] DEBUG:colcon.colcon_parallel_executor.executor.parallel:loop closed
[1.704s] DEBUG:colcon.colcon_parallel_executor.executor.parallel:run_until_complete finished with '0'
[1.704s] DEBUG:colcon.colcon_core.event_reactor:joining thread
[1.714s] INFO:colcon.colcon_core.plugin_system:Skipping extension 'colcon_notification.desktop_notification.terminal_notifier': Not used on non-Darwin systems
[1.714s] INFO:colcon.colcon_core.plugin_system:Skipping extension 'colcon_notification.desktop_notification.win32': Not used on non-Windows systems
[1.714s] INFO:colcon.colcon_notification.desktop_notification:Sending desktop notification using 'notify2'
[1.737s] DEBUG:colcon.colcon_core.event_reactor:joined thread
[1.737s] INFO:colcon.colcon_core.shell:Creating prefix script '/home/hzh/chapt2/chapt2_ws/install/local_setup.ps1'
[1.739s] INFO:colcon.colcon_core.shell:Creating prefix util module '/home/hzh/chapt2/chapt2_ws/install/_local_setup_util_ps1.py'
[1.741s] INFO:colcon.colcon_core.shell:Creating prefix chain script '/home/hzh/chapt2/chapt2_ws/install/setup.ps1'
[1.744s] INFO:colcon.colcon_core.shell:Creating prefix script '/home/hzh/chapt2/chapt2_ws/install/local_setup.sh'
[1.745s] INFO:colcon.colcon_core.shell:Creating prefix util module '/home/hzh/chapt2/chapt2_ws/install/_local_setup_util_sh.py'
[1.747s] INFO:colcon.colcon_core.shell:Creating prefix chain script '/home/hzh/chapt2/chapt2_ws/install/setup.sh'
[1.750s] INFO:colcon.colcon_core.shell:Creating prefix script '/home/hzh/chapt2/chapt2_ws/install/local_setup.bash'
[1.752s] INFO:colcon.colcon_core.shell:Creating prefix chain script '/home/hzh/chapt2/chapt2_ws/install/setup.bash'
[1.754s] INFO:colcon.colcon_core.shell:Creating prefix script '/home/hzh/chapt2/chapt2_ws/install/local_setup.zsh'
[1.756s] INFO:colcon.colcon_core.shell:Creating prefix chain script '/home/hzh/chapt2/chapt2_ws/install/setup.zsh'
