running egg_info
creating ../../build/learn_executor_py/learn_executor_py.egg-info
writing ../../build/learn_executor_py/learn_executor_py.egg-info/PKG-INFO
writing dependency_links to ../../build/learn_executor_py/learn_executor_py.egg-info/dependency_links.txt
writing entry points to ../../build/learn_executor_py/learn_executor_py.egg-info/entry_points.txt
writing requirements to ../../build/learn_executor_py/learn_executor_py.egg-info/requires.txt
writing top-level names to ../../build/learn_executor_py/learn_executor_py.egg-info/top_level.txt
writing manifest file '../../build/learn_executor_py/learn_executor_py.egg-info/SOURCES.txt'
reading manifest file '../../build/learn_executor_py/learn_executor_py.egg-info/SOURCES.txt'
writing manifest file '../../build/learn_executor_py/learn_executor_py.egg-info/SOURCES.txt'
running build
running build_py
creating /home/hzh/ros2_learn/chapt10/chapt10_ws/build/learn_executor_py/build
creating /home/hzh/ros2_learn/chapt10/chapt10_ws/build/learn_executor_py/build/lib
creating /home/hzh/ros2_learn/chapt10/chapt10_ws/build/learn_executor_py/build/lib/learn_executor_py
copying learn_executor_py/learn_executor.py -> /home/hzh/ros2_learn/chapt10/chapt10_ws/build/learn_executor_py/build/lib/learn_executor_py
copying learn_executor_py/__init__.py -> /home/hzh/ros2_learn/chapt10/chapt10_ws/build/learn_executor_py/build/lib/learn_executor_py
running install
running install_lib
creating /home/hzh/ros2_learn/chapt10/chapt10_ws/install/learn_executor_py/lib/python3.10/site-packages/learn_executor_py
copying /home/hzh/ros2_learn/chapt10/chapt10_ws/build/learn_executor_py/build/lib/learn_executor_py/learn_executor.py -> /home/hzh/ros2_learn/chapt10/chapt10_ws/install/learn_executor_py/lib/python3.10/site-packages/learn_executor_py
copying /home/hzh/ros2_learn/chapt10/chapt10_ws/build/learn_executor_py/build/lib/learn_executor_py/__init__.py -> /home/hzh/ros2_learn/chapt10/chapt10_ws/install/learn_executor_py/lib/python3.10/site-packages/learn_executor_py
byte-compiling /home/hzh/ros2_learn/chapt10/chapt10_ws/install/learn_executor_py/lib/python3.10/site-packages/learn_executor_py/learn_executor.py to learn_executor.cpython-310.pyc
byte-compiling /home/hzh/ros2_learn/chapt10/chapt10_ws/install/learn_executor_py/lib/python3.10/site-packages/learn_executor_py/__init__.py to __init__.cpython-310.pyc
running install_data
creating /home/hzh/ros2_learn/chapt10/chapt10_ws/install/learn_executor_py/share/ament_index
creating /home/hzh/ros2_learn/chapt10/chapt10_ws/install/learn_executor_py/share/ament_index/resource_index
creating /home/hzh/ros2_learn/chapt10/chapt10_ws/install/learn_executor_py/share/ament_index/resource_index/packages
copying resource/learn_executor_py -> /home/hzh/ros2_learn/chapt10/chapt10_ws/install/learn_executor_py/share/ament_index/resource_index/packages
copying package.xml -> /home/hzh/ros2_learn/chapt10/chapt10_ws/install/learn_executor_py/share/learn_executor_py
running install_egg_info
Copying ../../build/learn_executor_py/learn_executor_py.egg-info to /home/hzh/ros2_learn/chapt10/chapt10_ws/install/learn_executor_py/lib/python3.10/site-packages/learn_executor_py-0.0.0-py3.10.egg-info
running install_scripts
Installing learn_executor script to /home/hzh/ros2_learn/chapt10/chapt10_ws/install/learn_executor_py/lib/learn_executor_py
writing list of installed files to '/home/hzh/ros2_learn/chapt10/chapt10_ws/build/learn_executor_py/install.log'
