[0.164s] DEBUG:colcon:Command line arguments: ['/usr/bin/colcon', 'build']
[0.164s] DEBUG:colcon:Parsed command line arguments: Namespace(log_base=None, log_level=None, verb_name='build', build_base='build', install_base='install', merge_install=False, symlink_install=False, test_result_base=None, continue_on_error=False, executor='parallel', parallel_workers=4, event_handlers=None, ignore_user_meta=False, metas=['./colcon.meta'], base_paths=['.'], packages_ignore=None, packages_ignore_regex=None, paths=None, packages_up_to=None, packages_up_to_regex=None, packages_above=None, packages_above_and_dependencies=None, packages_above_depth=None, packages_select_by_dep=None, packages_skip_by_dep=None, packages_skip_up_to=None, packages_select_build_failed=False, packages_skip_build_finished=False, packages_select_test_failures=False, packages_skip_test_passed=False, packages_select=None, packages_skip=None, packages_select_regex=None, packages_skip_regex=None, packages_start=None, packages_end=None, allow_overriding=[], cmake_args=None, cmake_target=None, cmake_target_skip_unavailable=False, cmake_clean_cache=False, cmake_clean_first=False, cmake_force_configure=False, ament_cmake_args=None, catkin_cmake_args=None, catkin_skip_building_tests=False, verb_parser=<colcon_defaults.argument_parser.defaults.DefaultArgumentsDecorator object at 0x73875bb641c0>, verb_extension=<colcon_core.verb.build.BuildVerb object at 0x73875bb2fb80>, main=<bound method BuildVerb.main of <colcon_core.verb.build.BuildVerb object at 0x73875bb2fb80>>)
[0.359s] Level 1:colcon.colcon_core.package_discovery:discover_packages(colcon_meta) check parameters
[0.360s] Level 1:colcon.colcon_core.package_discovery:discover_packages(recursive) check parameters
[0.360s] Level 1:colcon.colcon_core.package_discovery:discover_packages(ignore) check parameters
[0.360s] Level 1:colcon.colcon_core.package_discovery:discover_packages(path) check parameters
[0.360s] Level 1:colcon.colcon_core.package_discovery:discover_packages(colcon_meta) discover
[0.360s] Level 1:colcon.colcon_core.package_discovery:discover_packages(recursive) discover
[0.360s] INFO:colcon.colcon_core.package_discovery:Crawling recursively for packages in '/home/hzh/ros2_learn/chapt7/chapt7_ws'
[0.360s] Level 1:colcon.colcon_core.package_identification:_identify(.) by extensions ['ignore', 'ignore_ament_install']
[0.360s] Level 1:colcon.colcon_core.package_identification:_identify(.) by extension 'ignore'
[0.361s] Level 1:colcon.colcon_core.package_identification:_identify(.) by extension 'ignore_ament_install'
[0.361s] Level 1:colcon.colcon_core.package_identification:_identify(.) by extensions ['colcon_pkg']
[0.361s] Level 1:colcon.colcon_core.package_identification:_identify(.) by extension 'colcon_pkg'
[0.361s] Level 1:colcon.colcon_core.package_identification:_identify(.) by extensions ['colcon_meta']
[0.361s] Level 1:colcon.colcon_core.package_identification:_identify(.) by extension 'colcon_meta'
[0.361s] Level 1:colcon.colcon_core.package_identification:_identify(.) by extensions ['ros']
[0.361s] Level 1:colcon.colcon_core.package_identification:_identify(.) by extension 'ros'
[0.374s] Level 1:colcon.colcon_core.package_identification:_identify(.) by extensions ['cmake', 'python']
[0.374s] Level 1:colcon.colcon_core.package_identification:_identify(.) by extension 'cmake'
[0.374s] Level 1:colcon.colcon_core.package_identification:_identify(.) by extension 'python'
[0.374s] Level 1:colcon.colcon_core.package_identification:_identify(.) by extensions ['python_setup_py']
[0.374s] Level 1:colcon.colcon_core.package_identification:_identify(.) by extension 'python_setup_py'
[0.374s] Level 1:colcon.colcon_core.package_identification:_identify(build) by extensions ['ignore', 'ignore_ament_install']
[0.374s] Level 1:colcon.colcon_core.package_identification:_identify(build) by extension 'ignore'
[0.374s] Level 1:colcon.colcon_core.package_identification:_identify(build) ignored
[0.375s] Level 1:colcon.colcon_core.package_identification:_identify(install) by extensions ['ignore', 'ignore_ament_install']
[0.375s] Level 1:colcon.colcon_core.package_identification:_identify(install) by extension 'ignore'
[0.375s] Level 1:colcon.colcon_core.package_identification:_identify(install) ignored
[0.375s] Level 1:colcon.colcon_core.package_identification:_identify(log) by extensions ['ignore', 'ignore_ament_install']
[0.375s] Level 1:colcon.colcon_core.package_identification:_identify(log) by extension 'ignore'
[0.375s] Level 1:colcon.colcon_core.package_identification:_identify(log) ignored
[0.375s] Level 1:colcon.colcon_core.package_identification:_identify(src) by extensions ['ignore', 'ignore_ament_install']
[0.375s] Level 1:colcon.colcon_core.package_identification:_identify(src) by extension 'ignore'
[0.376s] Level 1:colcon.colcon_core.package_identification:_identify(src) by extension 'ignore_ament_install'
[0.376s] Level 1:colcon.colcon_core.package_identification:_identify(src) by extensions ['colcon_pkg']
[0.376s] Level 1:colcon.colcon_core.package_identification:_identify(src) by extension 'colcon_pkg'
[0.376s] Level 1:colcon.colcon_core.package_identification:_identify(src) by extensions ['colcon_meta']
[0.376s] Level 1:colcon.colcon_core.package_identification:_identify(src) by extension 'colcon_meta'
[0.376s] Level 1:colcon.colcon_core.package_identification:_identify(src) by extensions ['ros']
[0.376s] Level 1:colcon.colcon_core.package_identification:_identify(src) by extension 'ros'
[0.376s] Level 1:colcon.colcon_core.package_identification:_identify(src) by extensions ['cmake', 'python']
[0.376s] Level 1:colcon.colcon_core.package_identification:_identify(src) by extension 'cmake'
[0.376s] Level 1:colcon.colcon_core.package_identification:_identify(src) by extension 'python'
[0.376s] Level 1:colcon.colcon_core.package_identification:_identify(src) by extensions ['python_setup_py']
[0.376s] Level 1:colcon.colcon_core.package_identification:_identify(src) by extension 'python_setup_py'
[0.376s] Level 1:colcon.colcon_core.package_identification:_identify(src/autopartol_robot) by extensions ['ignore', 'ignore_ament_install']
[0.376s] Level 1:colcon.colcon_core.package_identification:_identify(src/autopartol_robot) by extension 'ignore'
[0.377s] Level 1:colcon.colcon_core.package_identification:_identify(src/autopartol_robot) by extension 'ignore_ament_install'
[0.377s] Level 1:colcon.colcon_core.package_identification:_identify(src/autopartol_robot) by extensions ['colcon_pkg']
[0.377s] Level 1:colcon.colcon_core.package_identification:_identify(src/autopartol_robot) by extension 'colcon_pkg'
[0.377s] Level 1:colcon.colcon_core.package_identification:_identify(src/autopartol_robot) by extensions ['colcon_meta']
[0.377s] Level 1:colcon.colcon_core.package_identification:_identify(src/autopartol_robot) by extension 'colcon_meta'
[0.377s] Level 1:colcon.colcon_core.package_identification:_identify(src/autopartol_robot) by extensions ['ros']
[0.377s] Level 1:colcon.colcon_core.package_identification:_identify(src/autopartol_robot) by extension 'ros'
[0.382s] DEBUG:colcon.colcon_core.package_identification:Package 'src/autopartol_robot' with type 'ros.ament_python' and name 'autopartol_robot'
[0.382s] Level 1:colcon.colcon_core.package_identification:_identify(src/fishbot_application) by extensions ['ignore', 'ignore_ament_install']
[0.382s] Level 1:colcon.colcon_core.package_identification:_identify(src/fishbot_application) by extension 'ignore'
[0.382s] Level 1:colcon.colcon_core.package_identification:_identify(src/fishbot_application) by extension 'ignore_ament_install'
[0.382s] Level 1:colcon.colcon_core.package_identification:_identify(src/fishbot_application) by extensions ['colcon_pkg']
[0.382s] Level 1:colcon.colcon_core.package_identification:_identify(src/fishbot_application) by extension 'colcon_pkg'
[0.383s] Level 1:colcon.colcon_core.package_identification:_identify(src/fishbot_application) by extensions ['colcon_meta']
[0.383s] Level 1:colcon.colcon_core.package_identification:_identify(src/fishbot_application) by extension 'colcon_meta'
[0.383s] Level 1:colcon.colcon_core.package_identification:_identify(src/fishbot_application) by extensions ['ros']
[0.383s] Level 1:colcon.colcon_core.package_identification:_identify(src/fishbot_application) by extension 'ros'
[0.383s] DEBUG:colcon.colcon_core.package_identification:Package 'src/fishbot_application' with type 'ros.ament_python' and name 'fishbot_application'
[0.383s] Level 1:colcon.colcon_core.package_identification:_identify(src/fishbot_description) by extensions ['ignore', 'ignore_ament_install']
[0.384s] Level 1:colcon.colcon_core.package_identification:_identify(src/fishbot_description) by extension 'ignore'
[0.384s] Level 1:colcon.colcon_core.package_identification:_identify(src/fishbot_description) by extension 'ignore_ament_install'
[0.384s] Level 1:colcon.colcon_core.package_identification:_identify(src/fishbot_description) by extensions ['colcon_pkg']
[0.384s] Level 1:colcon.colcon_core.package_identification:_identify(src/fishbot_description) by extension 'colcon_pkg'
[0.384s] Level 1:colcon.colcon_core.package_identification:_identify(src/fishbot_description) by extensions ['colcon_meta']
[0.384s] Level 1:colcon.colcon_core.package_identification:_identify(src/fishbot_description) by extension 'colcon_meta'
[0.384s] Level 1:colcon.colcon_core.package_identification:_identify(src/fishbot_description) by extensions ['ros']
[0.384s] Level 1:colcon.colcon_core.package_identification:_identify(src/fishbot_description) by extension 'ros'
[0.384s] DEBUG:colcon.colcon_core.package_identification:Package 'src/fishbot_description' with type 'ros.ament_cmake' and name 'fishbot_description'
[0.385s] Level 1:colcon.colcon_core.package_identification:_identify(src/fishbot_navigation2) by extensions ['ignore', 'ignore_ament_install']
[0.385s] Level 1:colcon.colcon_core.package_identification:_identify(src/fishbot_navigation2) by extension 'ignore'
[0.385s] Level 1:colcon.colcon_core.package_identification:_identify(src/fishbot_navigation2) by extension 'ignore_ament_install'
[0.385s] Level 1:colcon.colcon_core.package_identification:_identify(src/fishbot_navigation2) by extensions ['colcon_pkg']
[0.385s] Level 1:colcon.colcon_core.package_identification:_identify(src/fishbot_navigation2) by extension 'colcon_pkg'
[0.385s] Level 1:colcon.colcon_core.package_identification:_identify(src/fishbot_navigation2) by extensions ['colcon_meta']
[0.385s] Level 1:colcon.colcon_core.package_identification:_identify(src/fishbot_navigation2) by extension 'colcon_meta'
[0.385s] Level 1:colcon.colcon_core.package_identification:_identify(src/fishbot_navigation2) by extensions ['ros']
[0.385s] Level 1:colcon.colcon_core.package_identification:_identify(src/fishbot_navigation2) by extension 'ros'
[0.386s] DEBUG:colcon.colcon_core.package_identification:Package 'src/fishbot_navigation2' with type 'ros.ament_cmake' and name 'fishbot_navigation2'
[0.386s] Level 1:colcon.colcon_core.package_identification:_identify(tmp) by extensions ['ignore', 'ignore_ament_install']
[0.386s] Level 1:colcon.colcon_core.package_identification:_identify(tmp) by extension 'ignore'
[0.386s] Level 1:colcon.colcon_core.package_identification:_identify(tmp) by extension 'ignore_ament_install'
[0.387s] Level 1:colcon.colcon_core.package_identification:_identify(tmp) by extensions ['colcon_pkg']
[0.387s] Level 1:colcon.colcon_core.package_identification:_identify(tmp) by extension 'colcon_pkg'
[0.387s] Level 1:colcon.colcon_core.package_identification:_identify(tmp) by extensions ['colcon_meta']
[0.387s] Level 1:colcon.colcon_core.package_identification:_identify(tmp) by extension 'colcon_meta'
[0.388s] Level 1:colcon.colcon_core.package_identification:_identify(tmp) by extensions ['ros']
[0.388s] Level 1:colcon.colcon_core.package_identification:_identify(tmp) by extension 'ros'
[0.388s] Level 1:colcon.colcon_core.package_identification:_identify(tmp) by extensions ['cmake', 'python']
[0.388s] Level 1:colcon.colcon_core.package_identification:_identify(tmp) by extension 'cmake'
[0.388s] Level 1:colcon.colcon_core.package_identification:_identify(tmp) by extension 'python'
[0.388s] Level 1:colcon.colcon_core.package_identification:_identify(tmp) by extensions ['python_setup_py']
[0.388s] Level 1:colcon.colcon_core.package_identification:_identify(tmp) by extension 'python_setup_py'
[0.388s] Level 1:colcon.colcon_core.package_identification:_identify(tmp/aha) by extensions ['ignore', 'ignore_ament_install']
[0.389s] Level 1:colcon.colcon_core.package_identification:_identify(tmp/aha) by extension 'ignore'
[0.389s] Level 1:colcon.colcon_core.package_identification:_identify(tmp/aha) by extension 'ignore_ament_install'
[0.389s] Level 1:colcon.colcon_core.package_identification:_identify(tmp/aha) by extensions ['colcon_pkg']
[0.389s] Level 1:colcon.colcon_core.package_identification:_identify(tmp/aha) by extension 'colcon_pkg'
[0.389s] Level 1:colcon.colcon_core.package_identification:_identify(tmp/aha) by extensions ['colcon_meta']
[0.389s] Level 1:colcon.colcon_core.package_identification:_identify(tmp/aha) by extension 'colcon_meta'
[0.389s] Level 1:colcon.colcon_core.package_identification:_identify(tmp/aha) by extensions ['ros']
[0.389s] Level 1:colcon.colcon_core.package_identification:_identify(tmp/aha) by extension 'ros'
[0.389s] Level 1:colcon.colcon_core.package_identification:_identify(tmp/aha) by extensions ['cmake', 'python']
[0.389s] Level 1:colcon.colcon_core.package_identification:_identify(tmp/aha) by extension 'cmake'
[0.389s] Level 1:colcon.colcon_core.package_identification:_identify(tmp/aha) by extension 'python'
[0.389s] Level 1:colcon.colcon_core.package_identification:_identify(tmp/aha) by extensions ['python_setup_py']
[0.389s] Level 1:colcon.colcon_core.package_identification:_identify(tmp/aha) by extension 'python_setup_py'
[0.389s] Level 1:colcon.colcon_core.package_identification:_identify(tmp/aha/dconf) by extensions ['ignore', 'ignore_ament_install']
[0.389s] Level 1:colcon.colcon_core.package_identification:_identify(tmp/aha/dconf) by extension 'ignore'
[0.389s] Level 1:colcon.colcon_core.package_identification:_identify(tmp/aha/dconf) by extension 'ignore_ament_install'
[0.389s] Level 1:colcon.colcon_core.package_identification:_identify(tmp/aha/dconf) by extensions ['colcon_pkg']
[0.390s] Level 1:colcon.colcon_core.package_identification:_identify(tmp/aha/dconf) by extension 'colcon_pkg'
[0.390s] Level 1:colcon.colcon_core.package_identification:_identify(tmp/aha/dconf) by extensions ['colcon_meta']
[0.390s] Level 1:colcon.colcon_core.package_identification:_identify(tmp/aha/dconf) by extension 'colcon_meta'
[0.390s] Level 1:colcon.colcon_core.package_identification:_identify(tmp/aha/dconf) by extensions ['ros']
[0.390s] Level 1:colcon.colcon_core.package_identification:_identify(tmp/aha/dconf) by extension 'ros'
[0.390s] Level 1:colcon.colcon_core.package_identification:_identify(tmp/aha/dconf) by extensions ['cmake', 'python']
[0.390s] Level 1:colcon.colcon_core.package_identification:_identify(tmp/aha/dconf) by extension 'cmake'
[0.390s] Level 1:colcon.colcon_core.package_identification:_identify(tmp/aha/dconf) by extension 'python'
[0.390s] Level 1:colcon.colcon_core.package_identification:_identify(tmp/aha/dconf) by extensions ['python_setup_py']
[0.390s] Level 1:colcon.colcon_core.package_identification:_identify(tmp/aha/dconf) by extension 'python_setup_py'
[0.390s] Level 1:colcon.colcon_core.package_discovery:discover_packages(recursive) using defaults
[0.390s] Level 1:colcon.colcon_core.package_discovery:discover_packages(ignore) discover
[0.390s] Level 1:colcon.colcon_core.package_discovery:discover_packages(ignore) using defaults
[0.390s] Level 1:colcon.colcon_core.package_discovery:discover_packages(path) discover
[0.390s] Level 1:colcon.colcon_core.package_discovery:discover_packages(path) using defaults
[0.416s] Level 1:colcon.colcon_core.package_discovery:discover_packages(prefix_path) check parameters
[0.416s] Level 1:colcon.colcon_core.package_discovery:discover_packages(prefix_path) discover
[0.419s] DEBUG:colcon.colcon_installed_package_information.package_discovery:Found 372 installed packages in /opt/ros/humble
[0.435s] Level 1:colcon.colcon_core.package_discovery:discover_packages(prefix_path) using defaults
[0.487s] Level 5:colcon.colcon_core.verb:set package 'autopartol_robot' build argument 'cmake_args' from command line to 'None'
[0.487s] Level 5:colcon.colcon_core.verb:set package 'autopartol_robot' build argument 'cmake_target' from command line to 'None'
[0.487s] Level 5:colcon.colcon_core.verb:set package 'autopartol_robot' build argument 'cmake_target_skip_unavailable' from command line to 'False'
[0.487s] Level 5:colcon.colcon_core.verb:set package 'autopartol_robot' build argument 'cmake_clean_cache' from command line to 'False'
[0.487s] Level 5:colcon.colcon_core.verb:set package 'autopartol_robot' build argument 'cmake_clean_first' from command line to 'False'
[0.487s] Level 5:colcon.colcon_core.verb:set package 'autopartol_robot' build argument 'cmake_force_configure' from command line to 'False'
[0.488s] Level 5:colcon.colcon_core.verb:set package 'autopartol_robot' build argument 'ament_cmake_args' from command line to 'None'
[0.488s] Level 5:colcon.colcon_core.verb:set package 'autopartol_robot' build argument 'catkin_cmake_args' from command line to 'None'
[0.488s] Level 5:colcon.colcon_core.verb:set package 'autopartol_robot' build argument 'catkin_skip_building_tests' from command line to 'False'
[0.488s] DEBUG:colcon.colcon_core.verb:Building package 'autopartol_robot' with the following arguments: {'ament_cmake_args': None, 'build_base': '/home/hzh/ros2_learn/chapt7/chapt7_ws/build/autopartol_robot', 'catkin_cmake_args': None, 'catkin_skip_building_tests': False, 'cmake_args': None, 'cmake_clean_cache': False, 'cmake_clean_first': False, 'cmake_force_configure': False, 'cmake_target': None, 'cmake_target_skip_unavailable': False, 'install_base': '/home/hzh/ros2_learn/chapt7/chapt7_ws/install/autopartol_robot', 'merge_install': False, 'path': '/home/hzh/ros2_learn/chapt7/chapt7_ws/src/autopartol_robot', 'symlink_install': False, 'test_result_base': None}
[0.488s] Level 5:colcon.colcon_core.verb:set package 'fishbot_application' build argument 'cmake_args' from command line to 'None'
[0.488s] Level 5:colcon.colcon_core.verb:set package 'fishbot_application' build argument 'cmake_target' from command line to 'None'
[0.488s] Level 5:colcon.colcon_core.verb:set package 'fishbot_application' build argument 'cmake_target_skip_unavailable' from command line to 'False'
[0.488s] Level 5:colcon.colcon_core.verb:set package 'fishbot_application' build argument 'cmake_clean_cache' from command line to 'False'
[0.488s] Level 5:colcon.colcon_core.verb:set package 'fishbot_application' build argument 'cmake_clean_first' from command line to 'False'
[0.488s] Level 5:colcon.colcon_core.verb:set package 'fishbot_application' build argument 'cmake_force_configure' from command line to 'False'
[0.488s] Level 5:colcon.colcon_core.verb:set package 'fishbot_application' build argument 'ament_cmake_args' from command line to 'None'
[0.488s] Level 5:colcon.colcon_core.verb:set package 'fishbot_application' build argument 'catkin_cmake_args' from command line to 'None'
[0.488s] Level 5:colcon.colcon_core.verb:set package 'fishbot_application' build argument 'catkin_skip_building_tests' from command line to 'False'
[0.489s] DEBUG:colcon.colcon_core.verb:Building package 'fishbot_application' with the following arguments: {'ament_cmake_args': None, 'build_base': '/home/hzh/ros2_learn/chapt7/chapt7_ws/build/fishbot_application', 'catkin_cmake_args': None, 'catkin_skip_building_tests': False, 'cmake_args': None, 'cmake_clean_cache': False, 'cmake_clean_first': False, 'cmake_force_configure': False, 'cmake_target': None, 'cmake_target_skip_unavailable': False, 'install_base': '/home/hzh/ros2_learn/chapt7/chapt7_ws/install/fishbot_application', 'merge_install': False, 'path': '/home/hzh/ros2_learn/chapt7/chapt7_ws/src/fishbot_application', 'symlink_install': False, 'test_result_base': None}
[0.489s] Level 5:colcon.colcon_core.verb:set package 'fishbot_description' build argument 'cmake_args' from command line to 'None'
[0.489s] Level 5:colcon.colcon_core.verb:set package 'fishbot_description' build argument 'cmake_target' from command line to 'None'
[0.489s] Level 5:colcon.colcon_core.verb:set package 'fishbot_description' build argument 'cmake_target_skip_unavailable' from command line to 'False'
[0.489s] Level 5:colcon.colcon_core.verb:set package 'fishbot_description' build argument 'cmake_clean_cache' from command line to 'False'
[0.489s] Level 5:colcon.colcon_core.verb:set package 'fishbot_description' build argument 'cmake_clean_first' from command line to 'False'
[0.489s] Level 5:colcon.colcon_core.verb:set package 'fishbot_description' build argument 'cmake_force_configure' from command line to 'False'
[0.489s] Level 5:colcon.colcon_core.verb:set package 'fishbot_description' build argument 'ament_cmake_args' from command line to 'None'
[0.489s] Level 5:colcon.colcon_core.verb:set package 'fishbot_description' build argument 'catkin_cmake_args' from command line to 'None'
[0.489s] Level 5:colcon.colcon_core.verb:set package 'fishbot_description' build argument 'catkin_skip_building_tests' from command line to 'False'
[0.489s] DEBUG:colcon.colcon_core.verb:Building package 'fishbot_description' with the following arguments: {'ament_cmake_args': None, 'build_base': '/home/hzh/ros2_learn/chapt7/chapt7_ws/build/fishbot_description', 'catkin_cmake_args': None, 'catkin_skip_building_tests': False, 'cmake_args': None, 'cmake_clean_cache': False, 'cmake_clean_first': False, 'cmake_force_configure': False, 'cmake_target': None, 'cmake_target_skip_unavailable': False, 'install_base': '/home/hzh/ros2_learn/chapt7/chapt7_ws/install/fishbot_description', 'merge_install': False, 'path': '/home/hzh/ros2_learn/chapt7/chapt7_ws/src/fishbot_description', 'symlink_install': False, 'test_result_base': None}
[0.490s] Level 5:colcon.colcon_core.verb:set package 'fishbot_navigation2' build argument 'cmake_args' from command line to 'None'
[0.490s] Level 5:colcon.colcon_core.verb:set package 'fishbot_navigation2' build argument 'cmake_target' from command line to 'None'
[0.490s] Level 5:colcon.colcon_core.verb:set package 'fishbot_navigation2' build argument 'cmake_target_skip_unavailable' from command line to 'False'
[0.490s] Level 5:colcon.colcon_core.verb:set package 'fishbot_navigation2' build argument 'cmake_clean_cache' from command line to 'False'
[0.490s] Level 5:colcon.colcon_core.verb:set package 'fishbot_navigation2' build argument 'cmake_clean_first' from command line to 'False'
[0.490s] Level 5:colcon.colcon_core.verb:set package 'fishbot_navigation2' build argument 'cmake_force_configure' from command line to 'False'
[0.490s] Level 5:colcon.colcon_core.verb:set package 'fishbot_navigation2' build argument 'ament_cmake_args' from command line to 'None'
[0.490s] Level 5:colcon.colcon_core.verb:set package 'fishbot_navigation2' build argument 'catkin_cmake_args' from command line to 'None'
[0.490s] Level 5:colcon.colcon_core.verb:set package 'fishbot_navigation2' build argument 'catkin_skip_building_tests' from command line to 'False'
[0.490s] DEBUG:colcon.colcon_core.verb:Building package 'fishbot_navigation2' with the following arguments: {'ament_cmake_args': None, 'build_base': '/home/hzh/ros2_learn/chapt7/chapt7_ws/build/fishbot_navigation2', 'catkin_cmake_args': None, 'catkin_skip_building_tests': False, 'cmake_args': None, 'cmake_clean_cache': False, 'cmake_clean_first': False, 'cmake_force_configure': False, 'cmake_target': None, 'cmake_target_skip_unavailable': False, 'install_base': '/home/hzh/ros2_learn/chapt7/chapt7_ws/install/fishbot_navigation2', 'merge_install': False, 'path': '/home/hzh/ros2_learn/chapt7/chapt7_ws/src/fishbot_navigation2', 'symlink_install': False, 'test_result_base': None}
[0.490s] INFO:colcon.colcon_core.executor:Executing jobs using 'parallel' executor
[0.493s] DEBUG:colcon.colcon_parallel_executor.executor.parallel:run_until_complete
[0.493s] INFO:colcon.colcon_ros.task.ament_python.build:Building ROS package in '/home/hzh/ros2_learn/chapt7/chapt7_ws/src/autopartol_robot' with build type 'ament_python'
[0.494s] Level 1:colcon.colcon_core.shell:create_environment_hook('autopartol_robot', 'ament_prefix_path')
[0.498s] INFO:colcon.colcon_core.plugin_system:Skipping extension 'colcon_core.shell.bat': Not used on non-Windows systems
[0.498s] INFO:colcon.colcon_core.shell:Creating environment hook '/home/hzh/ros2_learn/chapt7/chapt7_ws/install/autopartol_robot/share/autopartol_robot/hook/ament_prefix_path.ps1'
[0.500s] INFO:colcon.colcon_core.shell:Creating environment descriptor '/home/hzh/ros2_learn/chapt7/chapt7_ws/install/autopartol_robot/share/autopartol_robot/hook/ament_prefix_path.dsv'
[0.501s] INFO:colcon.colcon_core.shell:Creating environment hook '/home/hzh/ros2_learn/chapt7/chapt7_ws/install/autopartol_robot/share/autopartol_robot/hook/ament_prefix_path.sh'
[0.501s] INFO:colcon.colcon_core.shell:Skip shell extension 'powershell' for command environment: Not usable outside of PowerShell
[0.502s] DEBUG:colcon.colcon_core.shell:Skip shell extension 'dsv' for command environment
[0.506s] INFO:colcon.colcon_ros.task.ament_python.build:Building ROS package in '/home/hzh/ros2_learn/chapt7/chapt7_ws/src/fishbot_application' with build type 'ament_python'
[0.507s] Level 1:colcon.colcon_core.shell:create_environment_hook('fishbot_application', 'ament_prefix_path')
[0.507s] INFO:colcon.colcon_core.shell:Creating environment hook '/home/hzh/ros2_learn/chapt7/chapt7_ws/install/fishbot_application/share/fishbot_application/hook/ament_prefix_path.ps1'
[0.509s] INFO:colcon.colcon_core.shell:Creating environment descriptor '/home/hzh/ros2_learn/chapt7/chapt7_ws/install/fishbot_application/share/fishbot_application/hook/ament_prefix_path.dsv'
[0.510s] INFO:colcon.colcon_core.shell:Creating environment hook '/home/hzh/ros2_learn/chapt7/chapt7_ws/install/fishbot_application/share/fishbot_application/hook/ament_prefix_path.sh'
[0.511s] INFO:colcon.colcon_core.shell:Skip shell extension 'powershell' for command environment: Not usable outside of PowerShell
[0.512s] DEBUG:colcon.colcon_core.shell:Skip shell extension 'dsv' for command environment
[0.517s] INFO:colcon.colcon_ros.task.ament_cmake.build:Building ROS package in '/home/hzh/ros2_learn/chapt7/chapt7_ws/src/fishbot_description' with build type 'ament_cmake'
[0.517s] INFO:colcon.colcon_cmake.task.cmake.build:Building CMake package in '/home/hzh/ros2_learn/chapt7/chapt7_ws/src/fishbot_description'
[0.517s] INFO:colcon.colcon_core.shell:Skip shell extension 'powershell' for command environment: Not usable outside of PowerShell
[0.517s] DEBUG:colcon.colcon_core.shell:Skip shell extension 'dsv' for command environment
[0.523s] INFO:colcon.colcon_ros.task.ament_cmake.build:Building ROS package in '/home/hzh/ros2_learn/chapt7/chapt7_ws/src/fishbot_navigation2' with build type 'ament_cmake'
[0.525s] INFO:colcon.colcon_cmake.task.cmake.build:Building CMake package in '/home/hzh/ros2_learn/chapt7/chapt7_ws/src/fishbot_navigation2'
[0.525s] INFO:colcon.colcon_core.shell:Skip shell extension 'powershell' for command environment: Not usable outside of PowerShell
[0.525s] DEBUG:colcon.colcon_core.shell:Skip shell extension 'dsv' for command environment
[0.872s] INFO:colcon.colcon_core.task.python.build:Building Python package in '/home/hzh/ros2_learn/chapt7/chapt7_ws/src/autopartol_robot'
[0.873s] INFO:colcon.colcon_core.shell:Skip shell extension 'powershell' for command environment: Not usable outside of PowerShell
[0.873s] DEBUG:colcon.colcon_core.shell:Skip shell extension 'dsv' for command environment
[1.209s] INFO:colcon.colcon_core.task.python.build:Building Python package in '/home/hzh/ros2_learn/chapt7/chapt7_ws/src/fishbot_application'
[1.210s] INFO:colcon.colcon_core.shell:Skip shell extension 'powershell' for command environment: Not usable outside of PowerShell
[1.210s] DEBUG:colcon.colcon_core.shell:Skip shell extension 'dsv' for command environment
[1.224s] DEBUG:colcon.colcon_core.event_handler.log_command:Invoking command in '/home/hzh/ros2_learn/chapt7/chapt7_ws/build/fishbot_description': CMAKE_PREFIX_PATH=/opt/ros/humble /usr/bin/cmake --build /home/hzh/ros2_learn/chapt7/chapt7_ws/build/fishbot_description -- -j4 -l4
[1.240s] DEBUG:colcon.colcon_core.event_handler.log_command:Invoking command in '/home/hzh/ros2_learn/chapt7/chapt7_ws/build/fishbot_navigation2': CMAKE_PREFIX_PATH=/opt/ros/humble /usr/bin/cmake --build /home/hzh/ros2_learn/chapt7/chapt7_ws/build/fishbot_navigation2 -- -j4 -l4
[1.312s] DEBUG:colcon.colcon_core.event_handler.log_command:Invoked command in '/home/hzh/ros2_learn/chapt7/chapt7_ws/build/fishbot_description' returned '0': CMAKE_PREFIX_PATH=/opt/ros/humble /usr/bin/cmake --build /home/hzh/ros2_learn/chapt7/chapt7_ws/build/fishbot_description -- -j4 -l4
[1.335s] DEBUG:colcon.colcon_core.event_handler.log_command:Invoking command in '/home/hzh/ros2_learn/chapt7/chapt7_ws/build/fishbot_description': CMAKE_PREFIX_PATH=/opt/ros/humble /usr/bin/cmake --install /home/hzh/ros2_learn/chapt7/chapt7_ws/build/fishbot_description
[1.345s] DEBUG:colcon.colcon_core.event_handler.log_command:Invoked command in '/home/hzh/ros2_learn/chapt7/chapt7_ws/build/fishbot_navigation2' returned '0': CMAKE_PREFIX_PATH=/opt/ros/humble /usr/bin/cmake --build /home/hzh/ros2_learn/chapt7/chapt7_ws/build/fishbot_navigation2 -- -j4 -l4
[1.349s] DEBUG:colcon.colcon_core.event_handler.log_command:Invoking command in '/home/hzh/ros2_learn/chapt7/chapt7_ws/build/fishbot_navigation2': CMAKE_PREFIX_PATH=/opt/ros/humble /usr/bin/cmake --install /home/hzh/ros2_learn/chapt7/chapt7_ws/build/fishbot_navigation2
[1.363s] Level 1:colcon.colcon_core.environment:create_environment_scripts_only(fishbot_description)
[1.374s] Level 1:colcon.colcon_core.environment:checking '/home/hzh/ros2_learn/chapt7/chapt7_ws/install/fishbot_description' for CMake module files
[1.378s] DEBUG:colcon.colcon_core.event_handler.log_command:Invoked command in '/home/hzh/ros2_learn/chapt7/chapt7_ws/build/fishbot_description' returned '0': CMAKE_PREFIX_PATH=/opt/ros/humble /usr/bin/cmake --install /home/hzh/ros2_learn/chapt7/chapt7_ws/build/fishbot_description
[1.384s] Level 1:colcon.colcon_core.environment:checking '/home/hzh/ros2_learn/chapt7/chapt7_ws/install/fishbot_description' for CMake config files
[1.387s] Level 1:colcon.colcon_core.shell:create_environment_hook('fishbot_description', 'cmake_prefix_path')
[1.388s] INFO:colcon.colcon_core.shell:Creating environment hook '/home/hzh/ros2_learn/chapt7/chapt7_ws/install/fishbot_description/share/fishbot_description/hook/cmake_prefix_path.ps1'
[1.389s] INFO:colcon.colcon_core.shell:Creating environment descriptor '/home/hzh/ros2_learn/chapt7/chapt7_ws/install/fishbot_description/share/fishbot_description/hook/cmake_prefix_path.dsv'
[1.390s] INFO:colcon.colcon_core.shell:Creating environment hook '/home/hzh/ros2_learn/chapt7/chapt7_ws/install/fishbot_description/share/fishbot_description/hook/cmake_prefix_path.sh'
[1.392s] Level 1:colcon.colcon_core.environment:checking '/home/hzh/ros2_learn/chapt7/chapt7_ws/install/fishbot_description/bin'
[1.392s] Level 1:colcon.colcon_core.environment:checking '/home/hzh/ros2_learn/chapt7/chapt7_ws/install/fishbot_description/lib/pkgconfig/fishbot_description.pc'
[1.393s] Level 1:colcon.colcon_core.environment:checking '/home/hzh/ros2_learn/chapt7/chapt7_ws/install/fishbot_description/lib/python3.10/site-packages'
[1.393s] Level 1:colcon.colcon_core.environment:checking '/home/hzh/ros2_learn/chapt7/chapt7_ws/install/fishbot_description/bin'
[1.393s] INFO:colcon.colcon_core.shell:Creating package script '/home/hzh/ros2_learn/chapt7/chapt7_ws/install/fishbot_description/share/fishbot_description/package.ps1'
[1.396s] INFO:colcon.colcon_core.shell:Creating package descriptor '/home/hzh/ros2_learn/chapt7/chapt7_ws/install/fishbot_description/share/fishbot_description/package.dsv'
[1.398s] INFO:colcon.colcon_core.shell:Creating package script '/home/hzh/ros2_learn/chapt7/chapt7_ws/install/fishbot_description/share/fishbot_description/package.sh'
[1.400s] INFO:colcon.colcon_core.shell:Creating package script '/home/hzh/ros2_learn/chapt7/chapt7_ws/install/fishbot_description/share/fishbot_description/package.bash'
[1.402s] INFO:colcon.colcon_core.shell:Creating package script '/home/hzh/ros2_learn/chapt7/chapt7_ws/install/fishbot_description/share/fishbot_description/package.zsh'
[1.404s] Level 1:colcon.colcon_core.environment:create_file_with_runtime_dependencies(/home/hzh/ros2_learn/chapt7/chapt7_ws/install/fishbot_description/share/colcon-core/packages/fishbot_description)
[1.405s] Level 1:colcon.colcon_core.environment:create_environment_scripts_only(fishbot_description)
[1.406s] Level 1:colcon.colcon_core.environment:checking '/home/hzh/ros2_learn/chapt7/chapt7_ws/install/fishbot_description' for CMake module files
[1.406s] Level 1:colcon.colcon_core.environment:checking '/home/hzh/ros2_learn/chapt7/chapt7_ws/install/fishbot_description' for CMake config files
[1.407s] Level 1:colcon.colcon_core.shell:create_environment_hook('fishbot_description', 'cmake_prefix_path')
[1.407s] INFO:colcon.colcon_core.shell:Creating environment hook '/home/hzh/ros2_learn/chapt7/chapt7_ws/install/fishbot_description/share/fishbot_description/hook/cmake_prefix_path.ps1'
[1.409s] INFO:colcon.colcon_core.shell:Creating environment descriptor '/home/hzh/ros2_learn/chapt7/chapt7_ws/install/fishbot_description/share/fishbot_description/hook/cmake_prefix_path.dsv'
[1.410s] INFO:colcon.colcon_core.shell:Creating environment hook '/home/hzh/ros2_learn/chapt7/chapt7_ws/install/fishbot_description/share/fishbot_description/hook/cmake_prefix_path.sh'
[1.411s] Level 1:colcon.colcon_core.environment:checking '/home/hzh/ros2_learn/chapt7/chapt7_ws/install/fishbot_description/bin'
[1.412s] Level 1:colcon.colcon_core.environment:checking '/home/hzh/ros2_learn/chapt7/chapt7_ws/install/fishbot_description/lib/pkgconfig/fishbot_description.pc'
[1.412s] Level 1:colcon.colcon_core.environment:checking '/home/hzh/ros2_learn/chapt7/chapt7_ws/install/fishbot_description/lib/python3.10/site-packages'
[1.413s] Level 1:colcon.colcon_core.environment:checking '/home/hzh/ros2_learn/chapt7/chapt7_ws/install/fishbot_description/bin'
[1.413s] INFO:colcon.colcon_core.shell:Creating package script '/home/hzh/ros2_learn/chapt7/chapt7_ws/install/fishbot_description/share/fishbot_description/package.ps1'
[1.415s] INFO:colcon.colcon_core.shell:Creating package descriptor '/home/hzh/ros2_learn/chapt7/chapt7_ws/install/fishbot_description/share/fishbot_description/package.dsv'
[1.417s] INFO:colcon.colcon_core.shell:Creating package script '/home/hzh/ros2_learn/chapt7/chapt7_ws/install/fishbot_description/share/fishbot_description/package.sh'
[1.419s] INFO:colcon.colcon_core.shell:Creating package script '/home/hzh/ros2_learn/chapt7/chapt7_ws/install/fishbot_description/share/fishbot_description/package.bash'
[1.421s] INFO:colcon.colcon_core.shell:Creating package script '/home/hzh/ros2_learn/chapt7/chapt7_ws/install/fishbot_description/share/fishbot_description/package.zsh'
[1.422s] Level 1:colcon.colcon_core.environment:create_file_with_runtime_dependencies(/home/hzh/ros2_learn/chapt7/chapt7_ws/install/fishbot_description/share/colcon-core/packages/fishbot_description)
[1.424s] Level 1:colcon.colcon_core.environment:create_environment_scripts_only(fishbot_navigation2)
[1.425s] Level 1:colcon.colcon_core.environment:checking '/home/hzh/ros2_learn/chapt7/chapt7_ws/install/fishbot_navigation2' for CMake module files
[1.426s] Level 1:colcon.colcon_core.environment:checking '/home/hzh/ros2_learn/chapt7/chapt7_ws/install/fishbot_navigation2' for CMake config files
[1.427s] DEBUG:colcon.colcon_core.event_handler.log_command:Invoked command in '/home/hzh/ros2_learn/chapt7/chapt7_ws/build/fishbot_navigation2' returned '0': CMAKE_PREFIX_PATH=/opt/ros/humble /usr/bin/cmake --install /home/hzh/ros2_learn/chapt7/chapt7_ws/build/fishbot_navigation2
[1.427s] Level 1:colcon.colcon_core.shell:create_environment_hook('fishbot_navigation2', 'cmake_prefix_path')
[1.428s] INFO:colcon.colcon_core.shell:Creating environment hook '/home/hzh/ros2_learn/chapt7/chapt7_ws/install/fishbot_navigation2/share/fishbot_navigation2/hook/cmake_prefix_path.ps1'
[1.430s] INFO:colcon.colcon_core.shell:Creating environment descriptor '/home/hzh/ros2_learn/chapt7/chapt7_ws/install/fishbot_navigation2/share/fishbot_navigation2/hook/cmake_prefix_path.dsv'
[1.434s] INFO:colcon.colcon_core.shell:Creating environment hook '/home/hzh/ros2_learn/chapt7/chapt7_ws/install/fishbot_navigation2/share/fishbot_navigation2/hook/cmake_prefix_path.sh'
[1.436s] Level 1:colcon.colcon_core.environment:checking '/home/hzh/ros2_learn/chapt7/chapt7_ws/install/fishbot_navigation2/bin'
[1.436s] Level 1:colcon.colcon_core.environment:checking '/home/hzh/ros2_learn/chapt7/chapt7_ws/install/fishbot_navigation2/lib/pkgconfig/fishbot_navigation2.pc'
[1.436s] Level 1:colcon.colcon_core.environment:checking '/home/hzh/ros2_learn/chapt7/chapt7_ws/install/fishbot_navigation2/lib/python3.10/site-packages'
[1.437s] Level 1:colcon.colcon_core.environment:checking '/home/hzh/ros2_learn/chapt7/chapt7_ws/install/fishbot_navigation2/bin'
[1.438s] INFO:colcon.colcon_core.shell:Creating package script '/home/hzh/ros2_learn/chapt7/chapt7_ws/install/fishbot_navigation2/share/fishbot_navigation2/package.ps1'
[1.439s] INFO:colcon.colcon_core.shell:Creating package descriptor '/home/hzh/ros2_learn/chapt7/chapt7_ws/install/fishbot_navigation2/share/fishbot_navigation2/package.dsv'
[1.440s] INFO:colcon.colcon_core.shell:Creating package script '/home/hzh/ros2_learn/chapt7/chapt7_ws/install/fishbot_navigation2/share/fishbot_navigation2/package.sh'
[1.442s] INFO:colcon.colcon_core.shell:Creating package script '/home/hzh/ros2_learn/chapt7/chapt7_ws/install/fishbot_navigation2/share/fishbot_navigation2/package.bash'
[1.443s] INFO:colcon.colcon_core.shell:Creating package script '/home/hzh/ros2_learn/chapt7/chapt7_ws/install/fishbot_navigation2/share/fishbot_navigation2/package.zsh'
[1.449s] Level 1:colcon.colcon_core.environment:create_file_with_runtime_dependencies(/home/hzh/ros2_learn/chapt7/chapt7_ws/install/fishbot_navigation2/share/colcon-core/packages/fishbot_navigation2)
[1.450s] Level 1:colcon.colcon_core.environment:create_environment_scripts_only(fishbot_navigation2)
[1.450s] Level 1:colcon.colcon_core.environment:checking '/home/hzh/ros2_learn/chapt7/chapt7_ws/install/fishbot_navigation2' for CMake module files
[1.451s] Level 1:colcon.colcon_core.environment:checking '/home/hzh/ros2_learn/chapt7/chapt7_ws/install/fishbot_navigation2' for CMake config files
[1.452s] Level 1:colcon.colcon_core.shell:create_environment_hook('fishbot_navigation2', 'cmake_prefix_path')
[1.453s] INFO:colcon.colcon_core.shell:Creating environment hook '/home/hzh/ros2_learn/chapt7/chapt7_ws/install/fishbot_navigation2/share/fishbot_navigation2/hook/cmake_prefix_path.ps1'
[1.455s] INFO:colcon.colcon_core.shell:Creating environment descriptor '/home/hzh/ros2_learn/chapt7/chapt7_ws/install/fishbot_navigation2/share/fishbot_navigation2/hook/cmake_prefix_path.dsv'
[1.458s] INFO:colcon.colcon_core.shell:Creating environment hook '/home/hzh/ros2_learn/chapt7/chapt7_ws/install/fishbot_navigation2/share/fishbot_navigation2/hook/cmake_prefix_path.sh'
[1.459s] Level 1:colcon.colcon_core.environment:checking '/home/hzh/ros2_learn/chapt7/chapt7_ws/install/fishbot_navigation2/bin'
[1.459s] Level 1:colcon.colcon_core.environment:checking '/home/hzh/ros2_learn/chapt7/chapt7_ws/install/fishbot_navigation2/lib/pkgconfig/fishbot_navigation2.pc'
[1.460s] Level 1:colcon.colcon_core.environment:checking '/home/hzh/ros2_learn/chapt7/chapt7_ws/install/fishbot_navigation2/lib/python3.10/site-packages'
[1.460s] Level 1:colcon.colcon_core.environment:checking '/home/hzh/ros2_learn/chapt7/chapt7_ws/install/fishbot_navigation2/bin'
[1.460s] INFO:colcon.colcon_core.shell:Creating package script '/home/hzh/ros2_learn/chapt7/chapt7_ws/install/fishbot_navigation2/share/fishbot_navigation2/package.ps1'
[1.462s] INFO:colcon.colcon_core.shell:Creating package descriptor '/home/hzh/ros2_learn/chapt7/chapt7_ws/install/fishbot_navigation2/share/fishbot_navigation2/package.dsv'
[1.464s] INFO:colcon.colcon_core.shell:Creating package script '/home/hzh/ros2_learn/chapt7/chapt7_ws/install/fishbot_navigation2/share/fishbot_navigation2/package.sh'
[1.466s] INFO:colcon.colcon_core.shell:Creating package script '/home/hzh/ros2_learn/chapt7/chapt7_ws/install/fishbot_navigation2/share/fishbot_navigation2/package.bash'
[1.468s] INFO:colcon.colcon_core.shell:Creating package script '/home/hzh/ros2_learn/chapt7/chapt7_ws/install/fishbot_navigation2/share/fishbot_navigation2/package.zsh'
[1.470s] Level 1:colcon.colcon_core.environment:create_file_with_runtime_dependencies(/home/hzh/ros2_learn/chapt7/chapt7_ws/install/fishbot_navigation2/share/colcon-core/packages/fishbot_navigation2)
[1.774s] DEBUG:colcon.colcon_core.event_handler.log_command:Invoking command in '/home/hzh/ros2_learn/chapt7/chapt7_ws/src/fishbot_application': PYTHONPATH=/home/hzh/ros2_learn/chapt7/chapt7_ws/build/fishbot_application/prefix_override:/usr/lib/python3/dist-packages/colcon_core/task/python/colcon_distutils_commands:/home/hzh/ros2_learn/chapt7/chapt7_ws/install/fishbot_application/lib/python3.10/site-packages:${PYTHONPATH} /usr/bin/python3 -W ignore:setup.py install is deprecated -W ignore:easy_install command is deprecated setup.py egg_info --egg-base ../../build/fishbot_application build --build-base /home/hzh/ros2_learn/chapt7/chapt7_ws/build/fishbot_application/build install --record /home/hzh/ros2_learn/chapt7/chapt7_ws/build/fishbot_application/install.log --single-version-externally-managed install_data
[1.779s] DEBUG:colcon.colcon_core.event_handler.log_command:Invoking command in '/home/hzh/ros2_learn/chapt7/chapt7_ws/src/autopartol_robot': PYTHONPATH=/home/hzh/ros2_learn/chapt7/chapt7_ws/build/autopartol_robot/prefix_override:/usr/lib/python3/dist-packages/colcon_core/task/python/colcon_distutils_commands:/home/hzh/ros2_learn/chapt7/chapt7_ws/install/autopartol_robot/lib/python3.10/site-packages:${PYTHONPATH} /usr/bin/python3 -W ignore:setup.py install is deprecated -W ignore:easy_install command is deprecated setup.py egg_info --egg-base ../../build/autopartol_robot build --build-base /home/hzh/ros2_learn/chapt7/chapt7_ws/build/autopartol_robot/build install --record /home/hzh/ros2_learn/chapt7/chapt7_ws/build/autopartol_robot/install.log --single-version-externally-managed install_data
[2.167s] Level 1:colcon.colcon_core.environment:checking '/home/hzh/ros2_learn/chapt7/chapt7_ws/install/fishbot_application' for CMake module files
[2.168s] Level 1:colcon.colcon_core.environment:checking '/home/hzh/ros2_learn/chapt7/chapt7_ws/install/fishbot_application' for CMake config files
[2.168s] Level 1:colcon.colcon_core.environment:checking '/home/hzh/ros2_learn/chapt7/chapt7_ws/install/fishbot_application/lib'
[2.169s] DEBUG:colcon.colcon_core.event_handler.log_command:Invoked command in '/home/hzh/ros2_learn/chapt7/chapt7_ws/src/fishbot_application' returned '0': PYTHONPATH=/home/hzh/ros2_learn/chapt7/chapt7_ws/build/fishbot_application/prefix_override:/usr/lib/python3/dist-packages/colcon_core/task/python/colcon_distutils_commands:/home/hzh/ros2_learn/chapt7/chapt7_ws/install/fishbot_application/lib/python3.10/site-packages:${PYTHONPATH} /usr/bin/python3 -W ignore:setup.py install is deprecated -W ignore:easy_install command is deprecated setup.py egg_info --egg-base ../../build/fishbot_application build --build-base /home/hzh/ros2_learn/chapt7/chapt7_ws/build/fishbot_application/build install --record /home/hzh/ros2_learn/chapt7/chapt7_ws/build/fishbot_application/install.log --single-version-externally-managed install_data
[2.170s] Level 1:colcon.colcon_core.environment:checking '/home/hzh/ros2_learn/chapt7/chapt7_ws/install/fishbot_application/bin'
[2.170s] Level 1:colcon.colcon_core.environment:checking '/home/hzh/ros2_learn/chapt7/chapt7_ws/install/fishbot_application/lib/pkgconfig/fishbot_application.pc'
[2.171s] Level 1:colcon.colcon_core.environment:checking '/home/hzh/ros2_learn/chapt7/chapt7_ws/install/fishbot_application/lib/python3.10/site-packages'
[2.171s] Level 1:colcon.colcon_core.shell:create_environment_hook('fishbot_application', 'pythonpath')
[2.172s] INFO:colcon.colcon_core.shell:Creating environment hook '/home/hzh/ros2_learn/chapt7/chapt7_ws/install/fishbot_application/share/fishbot_application/hook/pythonpath.ps1'
[2.173s] INFO:colcon.colcon_core.shell:Creating environment descriptor '/home/hzh/ros2_learn/chapt7/chapt7_ws/install/fishbot_application/share/fishbot_application/hook/pythonpath.dsv'
[2.174s] INFO:colcon.colcon_core.shell:Creating environment hook '/home/hzh/ros2_learn/chapt7/chapt7_ws/install/fishbot_application/share/fishbot_application/hook/pythonpath.sh'
[2.176s] Level 1:colcon.colcon_core.environment:checking '/home/hzh/ros2_learn/chapt7/chapt7_ws/install/fishbot_application/bin'
[2.176s] Level 1:colcon.colcon_core.environment:create_environment_scripts_only(fishbot_application)
[2.176s] INFO:colcon.colcon_core.shell:Creating package script '/home/hzh/ros2_learn/chapt7/chapt7_ws/install/fishbot_application/share/fishbot_application/package.ps1'
[2.178s] INFO:colcon.colcon_core.shell:Creating package descriptor '/home/hzh/ros2_learn/chapt7/chapt7_ws/install/fishbot_application/share/fishbot_application/package.dsv'
[2.179s] INFO:colcon.colcon_core.shell:Creating package script '/home/hzh/ros2_learn/chapt7/chapt7_ws/install/fishbot_application/share/fishbot_application/package.sh'
[2.180s] INFO:colcon.colcon_core.shell:Creating package script '/home/hzh/ros2_learn/chapt7/chapt7_ws/install/fishbot_application/share/fishbot_application/package.bash'
[2.181s] INFO:colcon.colcon_core.shell:Creating package script '/home/hzh/ros2_learn/chapt7/chapt7_ws/install/fishbot_application/share/fishbot_application/package.zsh'
[2.183s] Level 1:colcon.colcon_core.environment:create_file_with_runtime_dependencies(/home/hzh/ros2_learn/chapt7/chapt7_ws/install/fishbot_application/share/colcon-core/packages/fishbot_application)
[2.189s] Level 1:colcon.colcon_core.environment:checking '/home/hzh/ros2_learn/chapt7/chapt7_ws/install/autopartol_robot' for CMake module files
[2.190s] DEBUG:colcon.colcon_core.event_handler.log_command:Invoked command in '/home/hzh/ros2_learn/chapt7/chapt7_ws/src/autopartol_robot' returned '0': PYTHONPATH=/home/hzh/ros2_learn/chapt7/chapt7_ws/build/autopartol_robot/prefix_override:/usr/lib/python3/dist-packages/colcon_core/task/python/colcon_distutils_commands:/home/hzh/ros2_learn/chapt7/chapt7_ws/install/autopartol_robot/lib/python3.10/site-packages:${PYTHONPATH} /usr/bin/python3 -W ignore:setup.py install is deprecated -W ignore:easy_install command is deprecated setup.py egg_info --egg-base ../../build/autopartol_robot build --build-base /home/hzh/ros2_learn/chapt7/chapt7_ws/build/autopartol_robot/build install --record /home/hzh/ros2_learn/chapt7/chapt7_ws/build/autopartol_robot/install.log --single-version-externally-managed install_data
[2.191s] Level 1:colcon.colcon_core.environment:checking '/home/hzh/ros2_learn/chapt7/chapt7_ws/install/autopartol_robot' for CMake config files
[2.192s] Level 1:colcon.colcon_core.environment:checking '/home/hzh/ros2_learn/chapt7/chapt7_ws/install/autopartol_robot/lib'
[2.192s] Level 1:colcon.colcon_core.environment:checking '/home/hzh/ros2_learn/chapt7/chapt7_ws/install/autopartol_robot/bin'
[2.192s] Level 1:colcon.colcon_core.environment:checking '/home/hzh/ros2_learn/chapt7/chapt7_ws/install/autopartol_robot/lib/pkgconfig/autopartol_robot.pc'
[2.192s] Level 1:colcon.colcon_core.environment:checking '/home/hzh/ros2_learn/chapt7/chapt7_ws/install/autopartol_robot/lib/python3.10/site-packages'
[2.193s] Level 1:colcon.colcon_core.shell:create_environment_hook('autopartol_robot', 'pythonpath')
[2.194s] INFO:colcon.colcon_core.shell:Creating environment hook '/home/hzh/ros2_learn/chapt7/chapt7_ws/install/autopartol_robot/share/autopartol_robot/hook/pythonpath.ps1'
[2.195s] INFO:colcon.colcon_core.shell:Creating environment descriptor '/home/hzh/ros2_learn/chapt7/chapt7_ws/install/autopartol_robot/share/autopartol_robot/hook/pythonpath.dsv'
[2.196s] INFO:colcon.colcon_core.shell:Creating environment hook '/home/hzh/ros2_learn/chapt7/chapt7_ws/install/autopartol_robot/share/autopartol_robot/hook/pythonpath.sh'
[2.197s] Level 1:colcon.colcon_core.environment:checking '/home/hzh/ros2_learn/chapt7/chapt7_ws/install/autopartol_robot/bin'
[2.198s] Level 1:colcon.colcon_core.environment:create_environment_scripts_only(autopartol_robot)
[2.198s] INFO:colcon.colcon_core.shell:Creating package script '/home/hzh/ros2_learn/chapt7/chapt7_ws/install/autopartol_robot/share/autopartol_robot/package.ps1'
[2.200s] INFO:colcon.colcon_core.shell:Creating package descriptor '/home/hzh/ros2_learn/chapt7/chapt7_ws/install/autopartol_robot/share/autopartol_robot/package.dsv'
[2.201s] INFO:colcon.colcon_core.shell:Creating package script '/home/hzh/ros2_learn/chapt7/chapt7_ws/install/autopartol_robot/share/autopartol_robot/package.sh'
[2.202s] INFO:colcon.colcon_core.shell:Creating package script '/home/hzh/ros2_learn/chapt7/chapt7_ws/install/autopartol_robot/share/autopartol_robot/package.bash'
[2.203s] INFO:colcon.colcon_core.shell:Creating package script '/home/hzh/ros2_learn/chapt7/chapt7_ws/install/autopartol_robot/share/autopartol_robot/package.zsh'
[2.204s] Level 1:colcon.colcon_core.environment:create_file_with_runtime_dependencies(/home/hzh/ros2_learn/chapt7/chapt7_ws/install/autopartol_robot/share/colcon-core/packages/autopartol_robot)
[2.205s] DEBUG:colcon.colcon_parallel_executor.executor.parallel:closing loop
[2.205s] DEBUG:colcon.colcon_parallel_executor.executor.parallel:loop closed
[2.205s] DEBUG:colcon.colcon_parallel_executor.executor.parallel:run_until_complete finished with '0'
[2.206s] DEBUG:colcon.colcon_core.event_reactor:joining thread
[2.219s] INFO:colcon.colcon_core.plugin_system:Skipping extension 'colcon_notification.desktop_notification.terminal_notifier': Not used on non-Darwin systems
[2.220s] INFO:colcon.colcon_core.plugin_system:Skipping extension 'colcon_notification.desktop_notification.win32': Not used on non-Windows systems
[2.220s] INFO:colcon.colcon_notification.desktop_notification:Sending desktop notification using 'notify2'
[2.259s] DEBUG:colcon.colcon_core.event_reactor:joined thread
[2.259s] INFO:colcon.colcon_core.shell:Creating prefix script '/home/hzh/ros2_learn/chapt7/chapt7_ws/install/local_setup.ps1'
[2.261s] INFO:colcon.colcon_core.shell:Creating prefix util module '/home/hzh/ros2_learn/chapt7/chapt7_ws/install/_local_setup_util_ps1.py'
[2.265s] INFO:colcon.colcon_core.shell:Creating prefix chain script '/home/hzh/ros2_learn/chapt7/chapt7_ws/install/setup.ps1'
[2.268s] INFO:colcon.colcon_core.shell:Creating prefix script '/home/hzh/ros2_learn/chapt7/chapt7_ws/install/local_setup.sh'
[2.270s] INFO:colcon.colcon_core.shell:Creating prefix util module '/home/hzh/ros2_learn/chapt7/chapt7_ws/install/_local_setup_util_sh.py'
[2.272s] INFO:colcon.colcon_core.shell:Creating prefix chain script '/home/hzh/ros2_learn/chapt7/chapt7_ws/install/setup.sh'
[2.274s] INFO:colcon.colcon_core.shell:Creating prefix script '/home/hzh/ros2_learn/chapt7/chapt7_ws/install/local_setup.bash'
[2.276s] INFO:colcon.colcon_core.shell:Creating prefix chain script '/home/hzh/ros2_learn/chapt7/chapt7_ws/install/setup.bash'
[2.279s] INFO:colcon.colcon_core.shell:Creating prefix script '/home/hzh/ros2_learn/chapt7/chapt7_ws/install/local_setup.zsh'
[2.281s] INFO:colcon.colcon_core.shell:Creating prefix chain script '/home/hzh/ros2_learn/chapt7/chapt7_ws/install/setup.zsh'
