[0.061s] Invoking command in '/home/hzh/ros2_learn/chapt7/chapt7_ws/build/autopartol_interfaces': CMAKE_PREFIX_PATH=${CMAKE_PREFIX_PATH}:/home/hzh/ros2_learn/chapt7/chapt7_ws/install/fishbot_application:/home/hzh/ros2_learn/chapt7/chapt7_ws/install/autopartol_robot:/opt/ros/humble /usr/bin/cmake --build /home/hzh/ros2_learn/chapt7/chapt7_ws/build/autopartol_interfaces -- -j4 -l4
[1.286s] [  9%] Built target autopartol_interfaces__rosidl_generator_c
[1.287s] [ 12%] Built target autopartol_interfaces__cpp
[1.288s] [ 15%] Built target autopartol_interfaces__rs
[1.288s] [ 15%] Built target ament_cmake_python_copy_autopartol_interfaces
[1.288s] [ 25%] Built target autopartol_interfaces__rosidl_typesupport_c
[1.288s] [ 34%] Built target autopartol_interfaces__rosidl_typesupport_fastrtps_c
[1.288s] [ 43%] Built target autopartol_interfaces__rosidl_typesupport_introspection_c
[1.288s] [ 53%] Built target autopartol_interfaces__rosidl_typesupport_fastrtps_cpp
[1.289s] [ 62%] Built target autopartol_interfaces__rosidl_typesupport_introspection_cpp
[1.289s] [ 71%] Built target autopartol_interfaces__rosidl_typesupport_cpp
[1.289s] [ 71%] Built target autopartol_interfaces
[1.289s] [ 75%] Built target autopartol_interfaces__py
[1.289s] [ 81%] Built target autopartol_interfaces__rosidl_generator_py
[1.289s] [ 87%] Built target autopartol_interfaces__rosidl_typesupport_introspection_c__pyext
[1.289s] [ 93%] Built target autopartol_interfaces__rosidl_typesupport_fastrtps_c__pyext
[1.289s] [100%] Built target autopartol_interfaces__rosidl_typesupport_c__pyext
[1.289s] running egg_info
[1.289s] writing autopartol_interfaces.egg-info/PKG-INFO
[1.289s] writing dependency_links to autopartol_interfaces.egg-info/dependency_links.txt
[1.293s] writing top-level names to autopartol_interfaces.egg-info/top_level.txt
[1.294s] reading manifest file 'autopartol_interfaces.egg-info/SOURCES.txt'
[1.294s] writing manifest file 'autopartol_interfaces.egg-info/SOURCES.txt'
[1.294s] [100%] Built target ament_cmake_python_build_autopartol_interfaces_egg
[1.317s] Invoked command in '/home/hzh/ros2_learn/chapt7/chapt7_ws/build/autopartol_interfaces' returned '0': CMAKE_PREFIX_PATH=${CMAKE_PREFIX_PATH}:/home/hzh/ros2_learn/chapt7/chapt7_ws/install/fishbot_application:/home/hzh/ros2_learn/chapt7/chapt7_ws/install/autopartol_robot:/opt/ros/humble /usr/bin/cmake --build /home/hzh/ros2_learn/chapt7/chapt7_ws/build/autopartol_interfaces -- -j4 -l4
[1.340s] Invoking command in '/home/hzh/ros2_learn/chapt7/chapt7_ws/build/autopartol_interfaces': CMAKE_PREFIX_PATH=${CMAKE_PREFIX_PATH}:/home/hzh/ros2_learn/chapt7/chapt7_ws/install/fishbot_application:/home/hzh/ros2_learn/chapt7/chapt7_ws/install/autopartol_robot:/opt/ros/humble /usr/bin/cmake --install /home/hzh/ros2_learn/chapt7/chapt7_ws/build/autopartol_interfaces
[1.382s] -- Install configuration: ""
[1.383s] -- Up-to-date: /home/hzh/ros2_learn/chapt7/chapt7_ws/install/autopartol_interfaces/share/ament_index/resource_index/rosidl_interfaces/autopartol_interfaces
[1.383s] -- Up-to-date: /home/hzh/ros2_learn/chapt7/chapt7_ws/install/autopartol_interfaces/include/autopartol_interfaces/autopartol_interfaces
[1.383s] -- Up-to-date: /home/hzh/ros2_learn/chapt7/chapt7_ws/install/autopartol_interfaces/include/autopartol_interfaces/autopartol_interfaces/srv
[1.383s] -- Up-to-date: /home/hzh/ros2_learn/chapt7/chapt7_ws/install/autopartol_interfaces/include/autopartol_interfaces/autopartol_interfaces/srv/speech_text.h
[1.383s] -- Up-to-date: /home/hzh/ros2_learn/chapt7/chapt7_ws/install/autopartol_interfaces/include/autopartol_interfaces/autopartol_interfaces/srv/detail
[1.384s] -- Up-to-date: /home/hzh/ros2_learn/chapt7/chapt7_ws/install/autopartol_interfaces/include/autopartol_interfaces/autopartol_interfaces/srv/detail/speech_text__functions.c
[1.384s] -- Up-to-date: /home/hzh/ros2_learn/chapt7/chapt7_ws/install/autopartol_interfaces/include/autopartol_interfaces/autopartol_interfaces/srv/detail/speech_text__functions.h
[1.384s] -- Up-to-date: /home/hzh/ros2_learn/chapt7/chapt7_ws/install/autopartol_interfaces/include/autopartol_interfaces/autopartol_interfaces/srv/detail/speech_text__type_support.h
[1.384s] -- Up-to-date: /home/hzh/ros2_learn/chapt7/chapt7_ws/install/autopartol_interfaces/include/autopartol_interfaces/autopartol_interfaces/srv/detail/speech_text__struct.h
[1.384s] -- Up-to-date: /home/hzh/ros2_learn/chapt7/chapt7_ws/install/autopartol_interfaces/include/autopartol_interfaces/autopartol_interfaces/msg
[1.384s] -- Up-to-date: /home/hzh/ros2_learn/chapt7/chapt7_ws/install/autopartol_interfaces/include/autopartol_interfaces/autopartol_interfaces/msg/rosidl_generator_c__visibility_control.h
[1.393s] -- Up-to-date: /home/hzh/ros2_learn/chapt7/chapt7_ws/install/autopartol_interfaces/share/autopartol_interfaces/environment/library_path.sh
[1.393s] -- Up-to-date: /home/hzh/ros2_learn/chapt7/chapt7_ws/install/autopartol_interfaces/share/autopartol_interfaces/environment/library_path.dsv
[1.393s] -- Up-to-date: /home/hzh/ros2_learn/chapt7/chapt7_ws/install/autopartol_interfaces/lib/libautopartol_interfaces__rosidl_generator_c.so
[1.393s] -- Up-to-date: /home/hzh/ros2_learn/chapt7/chapt7_ws/install/autopartol_interfaces/include/autopartol_interfaces/autopartol_interfaces
[1.394s] -- Up-to-date: /home/hzh/ros2_learn/chapt7/chapt7_ws/install/autopartol_interfaces/include/autopartol_interfaces/autopartol_interfaces/srv
[1.394s] -- Up-to-date: /home/hzh/ros2_learn/chapt7/chapt7_ws/install/autopartol_interfaces/include/autopartol_interfaces/autopartol_interfaces/srv/detail
[1.394s] -- Up-to-date: /home/hzh/ros2_learn/chapt7/chapt7_ws/install/autopartol_interfaces/include/autopartol_interfaces/autopartol_interfaces/srv/detail/speech_text__rosidl_typesupport_fastrtps_c.h
[1.394s] -- Up-to-date: /home/hzh/ros2_learn/chapt7/chapt7_ws/install/autopartol_interfaces/include/autopartol_interfaces/autopartol_interfaces/msg
[1.394s] -- Up-to-date: /home/hzh/ros2_learn/chapt7/chapt7_ws/install/autopartol_interfaces/include/autopartol_interfaces/autopartol_interfaces/msg/rosidl_typesupport_fastrtps_c__visibility_control.h
[1.402s] -- Up-to-date: /home/hzh/ros2_learn/chapt7/chapt7_ws/install/autopartol_interfaces/lib/libautopartol_interfaces__rosidl_typesupport_fastrtps_c.so
[1.402s] -- Up-to-date: /home/hzh/ros2_learn/chapt7/chapt7_ws/install/autopartol_interfaces/include/autopartol_interfaces/autopartol_interfaces
[1.403s] -- Up-to-date: /home/hzh/ros2_learn/chapt7/chapt7_ws/install/autopartol_interfaces/include/autopartol_interfaces/autopartol_interfaces/srv
[1.403s] -- Up-to-date: /home/hzh/ros2_learn/chapt7/chapt7_ws/install/autopartol_interfaces/include/autopartol_interfaces/autopartol_interfaces/srv/detail
[1.404s] -- Up-to-date: /home/hzh/ros2_learn/chapt7/chapt7_ws/install/autopartol_interfaces/include/autopartol_interfaces/autopartol_interfaces/srv/detail/speech_text__type_support.c
[1.407s] -- Up-to-date: /home/hzh/ros2_learn/chapt7/chapt7_ws/install/autopartol_interfaces/include/autopartol_interfaces/autopartol_interfaces/srv/detail/speech_text__rosidl_typesupport_introspection_c.h
[1.410s] -- Up-to-date: /home/hzh/ros2_learn/chapt7/chapt7_ws/install/autopartol_interfaces/include/autopartol_interfaces/autopartol_interfaces/msg
[1.410s] -- Up-to-date: /home/hzh/ros2_learn/chapt7/chapt7_ws/install/autopartol_interfaces/include/autopartol_interfaces/autopartol_interfaces/msg/rosidl_typesupport_introspection_c__visibility_control.h
[1.410s] -- Up-to-date: /home/hzh/ros2_learn/chapt7/chapt7_ws/install/autopartol_interfaces/lib/libautopartol_interfaces__rosidl_typesupport_introspection_c.so
[1.410s] -- Up-to-date: /home/hzh/ros2_learn/chapt7/chapt7_ws/install/autopartol_interfaces/lib/libautopartol_interfaces__rosidl_typesupport_c.so
[1.414s] -- Up-to-date: /home/hzh/ros2_learn/chapt7/chapt7_ws/install/autopartol_interfaces/include/autopartol_interfaces/autopartol_interfaces
[1.414s] -- Up-to-date: /home/hzh/ros2_learn/chapt7/chapt7_ws/install/autopartol_interfaces/include/autopartol_interfaces/autopartol_interfaces/srv
[1.415s] -- Up-to-date: /home/hzh/ros2_learn/chapt7/chapt7_ws/install/autopartol_interfaces/include/autopartol_interfaces/autopartol_interfaces/srv/detail
[1.415s] -- Up-to-date: /home/hzh/ros2_learn/chapt7/chapt7_ws/install/autopartol_interfaces/include/autopartol_interfaces/autopartol_interfaces/srv/detail/speech_text__type_support.hpp
[1.415s] -- Up-to-date: /home/hzh/ros2_learn/chapt7/chapt7_ws/install/autopartol_interfaces/include/autopartol_interfaces/autopartol_interfaces/srv/detail/speech_text__traits.hpp
[1.416s] -- Up-to-date: /home/hzh/ros2_learn/chapt7/chapt7_ws/install/autopartol_interfaces/include/autopartol_interfaces/autopartol_interfaces/srv/detail/speech_text__builder.hpp
[1.416s] -- Up-to-date: /home/hzh/ros2_learn/chapt7/chapt7_ws/install/autopartol_interfaces/include/autopartol_interfaces/autopartol_interfaces/srv/detail/speech_text__struct.hpp
[1.416s] -- Up-to-date: /home/hzh/ros2_learn/chapt7/chapt7_ws/install/autopartol_interfaces/include/autopartol_interfaces/autopartol_interfaces/srv/speech_text.hpp
[1.417s] -- Up-to-date: /home/hzh/ros2_learn/chapt7/chapt7_ws/install/autopartol_interfaces/include/autopartol_interfaces/autopartol_interfaces/msg
[1.417s] -- Up-to-date: /home/hzh/ros2_learn/chapt7/chapt7_ws/install/autopartol_interfaces/include/autopartol_interfaces/autopartol_interfaces/msg/rosidl_generator_cpp__visibility_control.hpp
[1.418s] -- Up-to-date: /home/hzh/ros2_learn/chapt7/chapt7_ws/install/autopartol_interfaces/include/autopartol_interfaces/autopartol_interfaces
[1.418s] -- Up-to-date: /home/hzh/ros2_learn/chapt7/chapt7_ws/install/autopartol_interfaces/include/autopartol_interfaces/autopartol_interfaces/srv
[1.418s] -- Up-to-date: /home/hzh/ros2_learn/chapt7/chapt7_ws/install/autopartol_interfaces/include/autopartol_interfaces/autopartol_interfaces/srv/detail
[1.418s] -- Up-to-date: /home/hzh/ros2_learn/chapt7/chapt7_ws/install/autopartol_interfaces/include/autopartol_interfaces/autopartol_interfaces/srv/detail/dds_fastrtps
[1.418s] -- Up-to-date: /home/hzh/ros2_learn/chapt7/chapt7_ws/install/autopartol_interfaces/include/autopartol_interfaces/autopartol_interfaces/srv/detail/speech_text__rosidl_typesupport_fastrtps_cpp.hpp
[1.418s] -- Up-to-date: /home/hzh/ros2_learn/chapt7/chapt7_ws/install/autopartol_interfaces/include/autopartol_interfaces/autopartol_interfaces/msg
[1.418s] -- Up-to-date: /home/hzh/ros2_learn/chapt7/chapt7_ws/install/autopartol_interfaces/include/autopartol_interfaces/autopartol_interfaces/msg/rosidl_typesupport_fastrtps_cpp__visibility_control.h
[1.418s] -- Up-to-date: /home/hzh/ros2_learn/chapt7/chapt7_ws/install/autopartol_interfaces/lib/libautopartol_interfaces__rosidl_typesupport_fastrtps_cpp.so
[1.419s] -- Up-to-date: /home/hzh/ros2_learn/chapt7/chapt7_ws/install/autopartol_interfaces/include/autopartol_interfaces/autopartol_interfaces
[1.419s] -- Up-to-date: /home/hzh/ros2_learn/chapt7/chapt7_ws/install/autopartol_interfaces/include/autopartol_interfaces/autopartol_interfaces/srv
[1.420s] -- Up-to-date: /home/hzh/ros2_learn/chapt7/chapt7_ws/install/autopartol_interfaces/include/autopartol_interfaces/autopartol_interfaces/srv/detail
[1.420s] -- Up-to-date: /home/hzh/ros2_learn/chapt7/chapt7_ws/install/autopartol_interfaces/include/autopartol_interfaces/autopartol_interfaces/srv/detail/speech_text__type_support.cpp
[1.420s] -- Up-to-date: /home/hzh/ros2_learn/chapt7/chapt7_ws/install/autopartol_interfaces/include/autopartol_interfaces/autopartol_interfaces/srv/detail/speech_text__rosidl_typesupport_introspection_cpp.hpp
[1.420s] -- Up-to-date: /home/hzh/ros2_learn/chapt7/chapt7_ws/install/autopartol_interfaces/lib/libautopartol_interfaces__rosidl_typesupport_introspection_cpp.so
[1.420s] -- Up-to-date: /home/hzh/ros2_learn/chapt7/chapt7_ws/install/autopartol_interfaces/lib/libautopartol_interfaces__rosidl_typesupport_cpp.so
[1.420s] -- Up-to-date: /home/hzh/ros2_learn/chapt7/chapt7_ws/install/autopartol_interfaces/share/autopartol_interfaces/environment/pythonpath.sh
[1.420s] -- Up-to-date: /home/hzh/ros2_learn/chapt7/chapt7_ws/install/autopartol_interfaces/share/autopartol_interfaces/environment/pythonpath.dsv
[1.420s] -- Up-to-date: /home/hzh/ros2_learn/chapt7/chapt7_ws/install/autopartol_interfaces/local/lib/python3.10/dist-packages/autopartol_interfaces-0.0.0-py3.10.egg-info
[1.420s] -- Installing: /home/hzh/ros2_learn/chapt7/chapt7_ws/install/autopartol_interfaces/local/lib/python3.10/dist-packages/autopartol_interfaces-0.0.0-py3.10.egg-info/dependency_links.txt
[1.421s] -- Installing: /home/hzh/ros2_learn/chapt7/chapt7_ws/install/autopartol_interfaces/local/lib/python3.10/dist-packages/autopartol_interfaces-0.0.0-py3.10.egg-info/SOURCES.txt
[1.421s] -- Installing: /home/hzh/ros2_learn/chapt7/chapt7_ws/install/autopartol_interfaces/local/lib/python3.10/dist-packages/autopartol_interfaces-0.0.0-py3.10.egg-info/top_level.txt
[1.421s] -- Installing: /home/hzh/ros2_learn/chapt7/chapt7_ws/install/autopartol_interfaces/local/lib/python3.10/dist-packages/autopartol_interfaces-0.0.0-py3.10.egg-info/PKG-INFO
[1.421s] -- Up-to-date: /home/hzh/ros2_learn/chapt7/chapt7_ws/install/autopartol_interfaces/local/lib/python3.10/dist-packages/autopartol_interfaces
[1.421s] -- Up-to-date: /home/hzh/ros2_learn/chapt7/chapt7_ws/install/autopartol_interfaces/local/lib/python3.10/dist-packages/autopartol_interfaces/libautopartol_interfaces__rosidl_generator_py.so
[1.421s] -- Up-to-date: /home/hzh/ros2_learn/chapt7/chapt7_ws/install/autopartol_interfaces/local/lib/python3.10/dist-packages/autopartol_interfaces/_autopartol_interfaces_s.ep.rosidl_typesupport_introspection_c.c
[1.421s] -- Up-to-date: /home/hzh/ros2_learn/chapt7/chapt7_ws/install/autopartol_interfaces/local/lib/python3.10/dist-packages/autopartol_interfaces/_autopartol_interfaces_s.ep.rosidl_typesupport_fastrtps_c.c
[1.421s] -- Up-to-date: /home/hzh/ros2_learn/chapt7/chapt7_ws/install/autopartol_interfaces/local/lib/python3.10/dist-packages/autopartol_interfaces/__init__.py
[1.421s] -- Up-to-date: /home/hzh/ros2_learn/chapt7/chapt7_ws/install/autopartol_interfaces/local/lib/python3.10/dist-packages/autopartol_interfaces/autopartol_interfaces_s__rosidl_typesupport_fastrtps_c.cpython-310-x86_64-linux-gnu.so
[1.422s] -- Up-to-date: /home/hzh/ros2_learn/chapt7/chapt7_ws/install/autopartol_interfaces/local/lib/python3.10/dist-packages/autopartol_interfaces/autopartol_interfaces_s__rosidl_typesupport_c.cpython-310-x86_64-linux-gnu.so
[1.422s] -- Up-to-date: /home/hzh/ros2_learn/chapt7/chapt7_ws/install/autopartol_interfaces/local/lib/python3.10/dist-packages/autopartol_interfaces/_autopartol_interfaces_s.ep.rosidl_typesupport_c.c
[1.423s] -- Up-to-date: /home/hzh/ros2_learn/chapt7/chapt7_ws/install/autopartol_interfaces/local/lib/python3.10/dist-packages/autopartol_interfaces/autopartol_interfaces_s__rosidl_typesupport_introspection_c.cpython-310-x86_64-linux-gnu.so
[1.423s] -- Up-to-date: /home/hzh/ros2_learn/chapt7/chapt7_ws/install/autopartol_interfaces/local/lib/python3.10/dist-packages/autopartol_interfaces/srv
[1.424s] -- Up-to-date: /home/hzh/ros2_learn/chapt7/chapt7_ws/install/autopartol_interfaces/local/lib/python3.10/dist-packages/autopartol_interfaces/srv/_speech_text_s.c
[1.424s] -- Up-to-date: /home/hzh/ros2_learn/chapt7/chapt7_ws/install/autopartol_interfaces/local/lib/python3.10/dist-packages/autopartol_interfaces/srv/__init__.py
[1.426s] -- Up-to-date: /home/hzh/ros2_learn/chapt7/chapt7_ws/install/autopartol_interfaces/local/lib/python3.10/dist-packages/autopartol_interfaces/srv/_speech_text.py
[1.602s] Listing '/home/hzh/ros2_learn/chapt7/chapt7_ws/install/autopartol_interfaces/local/lib/python3.10/dist-packages/autopartol_interfaces'...
[1.602s] Listing '/home/hzh/ros2_learn/chapt7/chapt7_ws/install/autopartol_interfaces/local/lib/python3.10/dist-packages/autopartol_interfaces/srv'...
[1.648s] -- Up-to-date: /home/hzh/ros2_learn/chapt7/chapt7_ws/install/autopartol_interfaces/local/lib/python3.10/dist-packages/autopartol_interfaces/autopartol_interfaces_s__rosidl_typesupport_fastrtps_c.cpython-310-x86_64-linux-gnu.so
[1.655s] -- Up-to-date: /home/hzh/ros2_learn/chapt7/chapt7_ws/install/autopartol_interfaces/local/lib/python3.10/dist-packages/autopartol_interfaces/autopartol_interfaces_s__rosidl_typesupport_introspection_c.cpython-310-x86_64-linux-gnu.so
[1.656s] -- Up-to-date: /home/hzh/ros2_learn/chapt7/chapt7_ws/install/autopartol_interfaces/local/lib/python3.10/dist-packages/autopartol_interfaces/autopartol_interfaces_s__rosidl_typesupport_c.cpython-310-x86_64-linux-gnu.so
[1.656s] -- Up-to-date: /home/hzh/ros2_learn/chapt7/chapt7_ws/install/autopartol_interfaces/lib/libautopartol_interfaces__rosidl_generator_py.so
[1.656s] -- Up-to-date: /home/hzh/ros2_learn/chapt7/chapt7_ws/install/autopartol_interfaces/share/ament_index/resource_index/rust_packages/autopartol_interfaces
[1.661s] -- Up-to-date: /home/hzh/ros2_learn/chapt7/chapt7_ws/install/autopartol_interfaces/share/autopartol_interfaces/rust
[1.661s] -- Up-to-date: /home/hzh/ros2_learn/chapt7/chapt7_ws/install/autopartol_interfaces/share/autopartol_interfaces/rust/Cargo.toml
[1.661s] -- Up-to-date: /home/hzh/ros2_learn/chapt7/chapt7_ws/install/autopartol_interfaces/share/autopartol_interfaces/rust/build.rs
[1.662s] -- Up-to-date: /home/hzh/ros2_learn/chapt7/chapt7_ws/install/autopartol_interfaces/share/autopartol_interfaces/rust/src
[1.662s] -- Up-to-date: /home/hzh/ros2_learn/chapt7/chapt7_ws/install/autopartol_interfaces/share/autopartol_interfaces/rust/src/lib.rs
[1.665s] -- Up-to-date: /home/hzh/ros2_learn/chapt7/chapt7_ws/install/autopartol_interfaces/share/autopartol_interfaces/rust/src/srv.rs
[1.665s] -- Up-to-date: /home/hzh/ros2_learn/chapt7/chapt7_ws/install/autopartol_interfaces/share/autopartol_interfaces/rust/src/srv
[1.666s] -- Up-to-date: /home/hzh/ros2_learn/chapt7/chapt7_ws/install/autopartol_interfaces/share/autopartol_interfaces/rust/src/srv/rmw.rs
[1.666s] -- Up-to-date: /home/hzh/ros2_learn/chapt7/chapt7_ws/install/autopartol_interfaces/share/autopartol_interfaces/srv/SpeechText.idl
[1.666s] -- Up-to-date: /home/hzh/ros2_learn/chapt7/chapt7_ws/install/autopartol_interfaces/share/autopartol_interfaces/srv/SpeechText.srv
[1.667s] -- Up-to-date: /home/hzh/ros2_learn/chapt7/chapt7_ws/install/autopartol_interfaces/share/autopartol_interfaces/srv/SpeechText_Request.msg
[1.667s] -- Up-to-date: /home/hzh/ros2_learn/chapt7/chapt7_ws/install/autopartol_interfaces/share/autopartol_interfaces/srv/SpeechText_Response.msg
[1.669s] -- Up-to-date: /home/hzh/ros2_learn/chapt7/chapt7_ws/install/autopartol_interfaces/share/ament_index/resource_index/package_run_dependencies/autopartol_interfaces
[1.671s] -- Up-to-date: /home/hzh/ros2_learn/chapt7/chapt7_ws/install/autopartol_interfaces/share/ament_index/resource_index/parent_prefix_path/autopartol_interfaces
[1.671s] -- Up-to-date: /home/hzh/ros2_learn/chapt7/chapt7_ws/install/autopartol_interfaces/share/autopartol_interfaces/environment/ament_prefix_path.sh
[1.672s] -- Up-to-date: /home/hzh/ros2_learn/chapt7/chapt7_ws/install/autopartol_interfaces/share/autopartol_interfaces/environment/ament_prefix_path.dsv
[1.672s] -- Up-to-date: /home/hzh/ros2_learn/chapt7/chapt7_ws/install/autopartol_interfaces/share/autopartol_interfaces/environment/path.sh
[1.672s] -- Up-to-date: /home/hzh/ros2_learn/chapt7/chapt7_ws/install/autopartol_interfaces/share/autopartol_interfaces/environment/path.dsv
[1.674s] -- Up-to-date: /home/hzh/ros2_learn/chapt7/chapt7_ws/install/autopartol_interfaces/share/autopartol_interfaces/local_setup.bash
[1.675s] -- Up-to-date: /home/hzh/ros2_learn/chapt7/chapt7_ws/install/autopartol_interfaces/share/autopartol_interfaces/local_setup.sh
[1.676s] -- Up-to-date: /home/hzh/ros2_learn/chapt7/chapt7_ws/install/autopartol_interfaces/share/autopartol_interfaces/local_setup.zsh
[1.676s] -- Up-to-date: /home/hzh/ros2_learn/chapt7/chapt7_ws/install/autopartol_interfaces/share/autopartol_interfaces/local_setup.dsv
[1.677s] -- Installing: /home/hzh/ros2_learn/chapt7/chapt7_ws/install/autopartol_interfaces/share/autopartol_interfaces/package.dsv
[1.677s] -- Up-to-date: /home/hzh/ros2_learn/chapt7/chapt7_ws/install/autopartol_interfaces/share/ament_index/resource_index/packages/autopartol_interfaces
[1.677s] -- Up-to-date: /home/hzh/ros2_learn/chapt7/chapt7_ws/install/autopartol_interfaces/share/autopartol_interfaces/cmake/export_autopartol_interfaces__rosidl_generator_cExport.cmake
[1.678s] -- Up-to-date: /home/hzh/ros2_learn/chapt7/chapt7_ws/install/autopartol_interfaces/share/autopartol_interfaces/cmake/export_autopartol_interfaces__rosidl_generator_cExport-noconfig.cmake
[1.681s] -- Up-to-date: /home/hzh/ros2_learn/chapt7/chapt7_ws/install/autopartol_interfaces/share/autopartol_interfaces/cmake/export_autopartol_interfaces__rosidl_typesupport_fastrtps_cExport.cmake
[1.684s] -- Up-to-date: /home/hzh/ros2_learn/chapt7/chapt7_ws/install/autopartol_interfaces/share/autopartol_interfaces/cmake/export_autopartol_interfaces__rosidl_typesupport_fastrtps_cExport-noconfig.cmake
[1.684s] -- Up-to-date: /home/hzh/ros2_learn/chapt7/chapt7_ws/install/autopartol_interfaces/share/autopartol_interfaces/cmake/autopartol_interfaces__rosidl_typesupport_introspection_cExport.cmake
[1.685s] -- Up-to-date: /home/hzh/ros2_learn/chapt7/chapt7_ws/install/autopartol_interfaces/share/autopartol_interfaces/cmake/autopartol_interfaces__rosidl_typesupport_introspection_cExport-noconfig.cmake
[1.685s] -- Up-to-date: /home/hzh/ros2_learn/chapt7/chapt7_ws/install/autopartol_interfaces/share/autopartol_interfaces/cmake/autopartol_interfaces__rosidl_typesupport_cExport.cmake
[1.686s] -- Up-to-date: /home/hzh/ros2_learn/chapt7/chapt7_ws/install/autopartol_interfaces/share/autopartol_interfaces/cmake/autopartol_interfaces__rosidl_typesupport_cExport-noconfig.cmake
[1.686s] -- Up-to-date: /home/hzh/ros2_learn/chapt7/chapt7_ws/install/autopartol_interfaces/share/autopartol_interfaces/cmake/export_autopartol_interfaces__rosidl_generator_cppExport.cmake
[1.686s] -- Up-to-date: /home/hzh/ros2_learn/chapt7/chapt7_ws/install/autopartol_interfaces/share/autopartol_interfaces/cmake/export_autopartol_interfaces__rosidl_typesupport_fastrtps_cppExport.cmake
[1.688s] -- Up-to-date: /home/hzh/ros2_learn/chapt7/chapt7_ws/install/autopartol_interfaces/share/autopartol_interfaces/cmake/export_autopartol_interfaces__rosidl_typesupport_fastrtps_cppExport-noconfig.cmake
[1.689s] -- Up-to-date: /home/hzh/ros2_learn/chapt7/chapt7_ws/install/autopartol_interfaces/share/autopartol_interfaces/cmake/autopartol_interfaces__rosidl_typesupport_introspection_cppExport.cmake
[1.689s] -- Up-to-date: /home/hzh/ros2_learn/chapt7/chapt7_ws/install/autopartol_interfaces/share/autopartol_interfaces/cmake/autopartol_interfaces__rosidl_typesupport_introspection_cppExport-noconfig.cmake
[1.696s] -- Up-to-date: /home/hzh/ros2_learn/chapt7/chapt7_ws/install/autopartol_interfaces/share/autopartol_interfaces/cmake/autopartol_interfaces__rosidl_typesupport_cppExport.cmake
[1.696s] -- Up-to-date: /home/hzh/ros2_learn/chapt7/chapt7_ws/install/autopartol_interfaces/share/autopartol_interfaces/cmake/autopartol_interfaces__rosidl_typesupport_cppExport-noconfig.cmake
[1.697s] -- Up-to-date: /home/hzh/ros2_learn/chapt7/chapt7_ws/install/autopartol_interfaces/share/autopartol_interfaces/cmake/export_autopartol_interfaces__rosidl_generator_pyExport.cmake
[1.697s] -- Up-to-date: /home/hzh/ros2_learn/chapt7/chapt7_ws/install/autopartol_interfaces/share/autopartol_interfaces/cmake/export_autopartol_interfaces__rosidl_generator_pyExport-noconfig.cmake
[1.697s] -- Up-to-date: /home/hzh/ros2_learn/chapt7/chapt7_ws/install/autopartol_interfaces/share/autopartol_interfaces/cmake/rosidl_cmake-extras.cmake
[1.697s] -- Up-to-date: /home/hzh/ros2_learn/chapt7/chapt7_ws/install/autopartol_interfaces/share/autopartol_interfaces/cmake/ament_cmake_export_include_directories-extras.cmake
[1.697s] -- Up-to-date: /home/hzh/ros2_learn/chapt7/chapt7_ws/install/autopartol_interfaces/share/autopartol_interfaces/cmake/ament_cmake_export_libraries-extras.cmake
[1.697s] -- Up-to-date: /home/hzh/ros2_learn/chapt7/chapt7_ws/install/autopartol_interfaces/share/autopartol_interfaces/cmake/ament_cmake_export_targets-extras.cmake
[1.697s] -- Up-to-date: /home/hzh/ros2_learn/chapt7/chapt7_ws/install/autopartol_interfaces/share/autopartol_interfaces/cmake/rosidl_cmake_export_typesupport_targets-extras.cmake
[1.697s] -- Up-to-date: /home/hzh/ros2_learn/chapt7/chapt7_ws/install/autopartol_interfaces/share/autopartol_interfaces/cmake/ament_cmake_export_dependencies-extras.cmake
[1.697s] -- Up-to-date: /home/hzh/ros2_learn/chapt7/chapt7_ws/install/autopartol_interfaces/share/autopartol_interfaces/cmake/rosidl_cmake_export_typesupport_libraries-extras.cmake
[1.697s] -- Up-to-date: /home/hzh/ros2_learn/chapt7/chapt7_ws/install/autopartol_interfaces/share/autopartol_interfaces/cmake/autopartol_interfacesConfig.cmake
[1.697s] -- Up-to-date: /home/hzh/ros2_learn/chapt7/chapt7_ws/install/autopartol_interfaces/share/autopartol_interfaces/cmake/autopartol_interfacesConfig-version.cmake
[1.700s] -- Up-to-date: /home/hzh/ros2_learn/chapt7/chapt7_ws/install/autopartol_interfaces/share/autopartol_interfaces/package.xml
[1.707s] Invoked command in '/home/hzh/ros2_learn/chapt7/chapt7_ws/build/autopartol_interfaces' returned '0': CMAKE_PREFIX_PATH=${CMAKE_PREFIX_PATH}:/home/hzh/ros2_learn/chapt7/chapt7_ws/install/fishbot_application:/home/hzh/ros2_learn/chapt7/chapt7_ws/install/autopartol_robot:/opt/ros/humble /usr/bin/cmake --install /home/hzh/ros2_learn/chapt7/chapt7_ws/build/autopartol_interfaces
