[0.953s] Invoking command in '/home/hzh/ros2_learn/chapt7/chapt7_ws/build/fishbot_description': CMAKE_PREFIX_PATH=${CMAKE_PREFIX_PATH}:/home/hzh/ros2_learn/chapt7/chapt7_ws/install/fishbot_application:/home/hzh/ros2_learn/chapt7/chapt7_ws/install/autopartol_robot:/opt/ros/humble /usr/bin/cmake --build /home/hzh/ros2_learn/chapt7/chapt7_ws/build/fishbot_description -- -j4 -l4
[1.050s] Invoked command in '/home/hzh/ros2_learn/chapt7/chapt7_ws/build/fishbot_description' returned '0': CMAKE_PREFIX_PATH=${CMAKE_PREFIX_PATH}:/home/hzh/ros2_learn/chapt7/chapt7_ws/install/fishbot_application:/home/hzh/ros2_learn/chapt7/chapt7_ws/install/autopartol_robot:/opt/ros/humble /usr/bin/cmake --build /home/hzh/ros2_learn/chapt7/chapt7_ws/build/fishbot_description -- -j4 -l4
[1.067s] Invoking command in '/home/hzh/ros2_learn/chapt7/chapt7_ws/build/fishbot_description': CMAKE_PREFIX_PATH=${CMAKE_PREFIX_PATH}:/home/hzh/ros2_learn/chapt7/chapt7_ws/install/fishbot_application:/home/hzh/ros2_learn/chapt7/chapt7_ws/install/autopartol_robot:/opt/ros/humble /usr/bin/cmake --install /home/hzh/ros2_learn/chapt7/chapt7_ws/build/fishbot_description
[1.088s] -- Install configuration: ""
[1.089s] -- Up-to-date: /home/hzh/ros2_learn/chapt7/chapt7_ws/install/fishbot_description/share/fishbot_description/launch
[1.090s] -- Up-to-date: /home/hzh/ros2_learn/chapt7/chapt7_ws/install/fishbot_description/share/fishbot_description/launch/display_robot.launch.py
[1.090s] -- Up-to-date: /home/hzh/ros2_learn/chapt7/chapt7_ws/install/fishbot_description/share/fishbot_description/launch/gazebo_sim.launch.py
[1.094s] -- Up-to-date: /home/hzh/ros2_learn/chapt7/chapt7_ws/install/fishbot_description/share/fishbot_description/launch/__pycache__
[1.094s] -- Up-to-date: /home/hzh/ros2_learn/chapt7/chapt7_ws/install/fishbot_description/share/fishbot_description/launch/__pycache__/display_robot.launch.cpython-310.pyc
[1.094s] -- Up-to-date: /home/hzh/ros2_learn/chapt7/chapt7_ws/install/fishbot_description/share/fishbot_description/urdf
[1.095s] -- Up-to-date: /home/hzh/ros2_learn/chapt7/chapt7_ws/install/fishbot_description/share/fishbot_description/urdf/first_robot.urdf
[1.095s] -- Up-to-date: /home/hzh/ros2_learn/chapt7/chapt7_ws/install/fishbot_description/share/fishbot_description/urdf/first_robot.pdf
[1.095s] -- Up-to-date: /home/hzh/ros2_learn/chapt7/chapt7_ws/install/fishbot_description/share/fishbot_description/urdf/first_robot.gv
[1.096s] -- Up-to-date: /home/hzh/ros2_learn/chapt7/chapt7_ws/install/fishbot_description/share/fishbot_description/urdf/first_robot.xacro
[1.096s] -- Up-to-date: /home/hzh/ros2_learn/chapt7/chapt7_ws/install/fishbot_description/share/fishbot_description/urdf/fishbot
[1.096s] -- Up-to-date: /home/hzh/ros2_learn/chapt7/chapt7_ws/install/fishbot_description/share/fishbot_description/urdf/fishbot/actuator
[1.096s] -- Up-to-date: /home/hzh/ros2_learn/chapt7/chapt7_ws/install/fishbot_description/share/fishbot_description/urdf/fishbot/actuator/caster.urdf.xacro
[1.097s] -- Up-to-date: /home/hzh/ros2_learn/chapt7/chapt7_ws/install/fishbot_description/share/fishbot_description/urdf/fishbot/actuator/wheel.urdf.xacro
[1.097s] -- Up-to-date: /home/hzh/ros2_learn/chapt7/chapt7_ws/install/fishbot_description/share/fishbot_description/urdf/fishbot/common_inertia.xacro
[1.097s] -- Up-to-date: /home/hzh/ros2_learn/chapt7/chapt7_ws/install/fishbot_description/share/fishbot_description/urdf/fishbot/sensor
[1.098s] -- Up-to-date: /home/hzh/ros2_learn/chapt7/chapt7_ws/install/fishbot_description/share/fishbot_description/urdf/fishbot/sensor/laser.urdf.xacro
[1.098s] -- Up-to-date: /home/hzh/ros2_learn/chapt7/chapt7_ws/install/fishbot_description/share/fishbot_description/urdf/fishbot/sensor/imu.urdf.xacro
[1.098s] -- Up-to-date: /home/hzh/ros2_learn/chapt7/chapt7_ws/install/fishbot_description/share/fishbot_description/urdf/fishbot/sensor/camera.urdf.xacro
[1.102s] -- Up-to-date: /home/hzh/ros2_learn/chapt7/chapt7_ws/install/fishbot_description/share/fishbot_description/urdf/fishbot/base.urdf.xacro
[1.104s] -- Up-to-date: /home/hzh/ros2_learn/chapt7/chapt7_ws/install/fishbot_description/share/fishbot_description/urdf/fishbot/fishbot.ros2_control.xacro
[1.106s] -- Up-to-date: /home/hzh/ros2_learn/chapt7/chapt7_ws/install/fishbot_description/share/fishbot_description/urdf/fishbot/fishbot.urdf.xacro
[1.109s] -- Up-to-date: /home/hzh/ros2_learn/chapt7/chapt7_ws/install/fishbot_description/share/fishbot_description/urdf/fishbot/plugins
[1.110s] -- Up-to-date: /home/hzh/ros2_learn/chapt7/chapt7_ws/install/fishbot_description/share/fishbot_description/urdf/fishbot/plugins/gazebo_sensor_plugin.xacro
[1.110s] -- Up-to-date: /home/hzh/ros2_learn/chapt7/chapt7_ws/install/fishbot_description/share/fishbot_description/urdf/fishbot/plugins/gazebo_control_plugin.xacro
[1.110s] -- Up-to-date: /home/hzh/ros2_learn/chapt7/chapt7_ws/install/fishbot_description/share/fishbot_description/config
[1.110s] -- Up-to-date: /home/hzh/ros2_learn/chapt7/chapt7_ws/install/fishbot_description/share/fishbot_description/config/display_robot_model.rviz
[1.110s] -- Up-to-date: /home/hzh/ros2_learn/chapt7/chapt7_ws/install/fishbot_description/share/fishbot_description/config/fishbot_ros2_controller.yaml
[1.110s] -- Up-to-date: /home/hzh/ros2_learn/chapt7/chapt7_ws/install/fishbot_description/share/fishbot_description/world
[1.110s] -- Up-to-date: /home/hzh/ros2_learn/chapt7/chapt7_ws/install/fishbot_description/share/fishbot_description/world/custom_room.world
[1.110s] -- Up-to-date: /home/hzh/ros2_learn/chapt7/chapt7_ws/install/fishbot_description/share/fishbot_description/world/room
[1.110s] -- Up-to-date: /home/hzh/ros2_learn/chapt7/chapt7_ws/install/fishbot_description/share/fishbot_description/world/room/model.sdf
[1.110s] -- Up-to-date: /home/hzh/ros2_learn/chapt7/chapt7_ws/install/fishbot_description/share/fishbot_description/world/room/model.config
[1.110s] -- Up-to-date: /home/hzh/ros2_learn/chapt7/chapt7_ws/install/fishbot_description/share/ament_index/resource_index/package_run_dependencies/fishbot_description
[1.117s] -- Up-to-date: /home/hzh/ros2_learn/chapt7/chapt7_ws/install/fishbot_description/share/ament_index/resource_index/parent_prefix_path/fishbot_description
[1.117s] -- Up-to-date: /home/hzh/ros2_learn/chapt7/chapt7_ws/install/fishbot_description/share/fishbot_description/environment/ament_prefix_path.sh
[1.117s] -- Up-to-date: /home/hzh/ros2_learn/chapt7/chapt7_ws/install/fishbot_description/share/fishbot_description/environment/ament_prefix_path.dsv
[1.119s] -- Up-to-date: /home/hzh/ros2_learn/chapt7/chapt7_ws/install/fishbot_description/share/fishbot_description/environment/path.sh
[1.120s] -- Up-to-date: /home/hzh/ros2_learn/chapt7/chapt7_ws/install/fishbot_description/share/fishbot_description/environment/path.dsv
[1.122s] -- Up-to-date: /home/hzh/ros2_learn/chapt7/chapt7_ws/install/fishbot_description/share/fishbot_description/local_setup.bash
[1.124s] -- Up-to-date: /home/hzh/ros2_learn/chapt7/chapt7_ws/install/fishbot_description/share/fishbot_description/local_setup.sh
[1.125s] -- Up-to-date: /home/hzh/ros2_learn/chapt7/chapt7_ws/install/fishbot_description/share/fishbot_description/local_setup.zsh
[1.125s] -- Up-to-date: /home/hzh/ros2_learn/chapt7/chapt7_ws/install/fishbot_description/share/fishbot_description/local_setup.dsv
[1.126s] -- Installing: /home/hzh/ros2_learn/chapt7/chapt7_ws/install/fishbot_description/share/fishbot_description/package.dsv
[1.127s] -- Up-to-date: /home/hzh/ros2_learn/chapt7/chapt7_ws/install/fishbot_description/share/ament_index/resource_index/packages/fishbot_description
[1.127s] -- Up-to-date: /home/hzh/ros2_learn/chapt7/chapt7_ws/install/fishbot_description/share/fishbot_description/cmake/fishbot_descriptionConfig.cmake
[1.128s] -- Up-to-date: /home/hzh/ros2_learn/chapt7/chapt7_ws/install/fishbot_description/share/fishbot_description/cmake/fishbot_descriptionConfig-version.cmake
[1.128s] -- Up-to-date: /home/hzh/ros2_learn/chapt7/chapt7_ws/install/fishbot_description/share/fishbot_description/package.xml
[1.129s] Invoked command in '/home/hzh/ros2_learn/chapt7/chapt7_ws/build/fishbot_description' returned '0': CMAKE_PREFIX_PATH=${CMAKE_PREFIX_PATH}:/home/hzh/ros2_learn/chapt7/chapt7_ws/install/fishbot_application:/home/hzh/ros2_learn/chapt7/chapt7_ws/install/autopartol_robot:/opt/ros/humble /usr/bin/cmake --install /home/hzh/ros2_learn/chapt7/chapt7_ws/build/fishbot_description
