[1.889s] Invoking command in '/home/hzh/ros2_learn/chapt10/chapt10_ws/src/learn_lifecyclenode_py': PYTHONPATH=/home/hzh/ros2_learn/chapt10/chapt10_ws/build/learn_lifecyclenode_py/prefix_override:/usr/lib/python3/dist-packages/colcon_core/task/python/colcon_distutils_commands:/home/hzh/ros2_learn/chapt10/chapt10_ws/install/learn_lifecyclenode_py/lib/python3.10/site-packages:${PYTHONPATH} /usr/bin/python3 -W ignore:setup.py install is deprecated -W ignore:easy_install command is deprecated setup.py egg_info --egg-base ../../build/learn_lifecyclenode_py build --build-base /home/hzh/ros2_learn/chapt10/chapt10_ws/build/learn_lifecyclenode_py/build install --record /home/hzh/ros2_learn/chapt10/chapt10_ws/build/learn_lifecyclenode_py/install.log --install-scripts $base/lib/learn_lifecyclenode_py --single-version-externally-managed install_data
[2.265s] running egg_info
[2.268s] writing ../../build/learn_lifecyclenode_py/learn_lifecyclenode_py.egg-info/PKG-INFO
[2.270s] writing dependency_links to ../../build/learn_lifecyclenode_py/learn_lifecyclenode_py.egg-info/dependency_links.txt
[2.272s] writing entry points to ../../build/learn_lifecyclenode_py/learn_lifecyclenode_py.egg-info/entry_points.txt
[2.273s] writing requirements to ../../build/learn_lifecyclenode_py/learn_lifecyclenode_py.egg-info/requires.txt
[2.280s] writing top-level names to ../../build/learn_lifecyclenode_py/learn_lifecyclenode_py.egg-info/top_level.txt
[2.282s] reading manifest file '../../build/learn_lifecyclenode_py/learn_lifecyclenode_py.egg-info/SOURCES.txt'
[2.282s] writing manifest file '../../build/learn_lifecyclenode_py/learn_lifecyclenode_py.egg-info/SOURCES.txt'
[2.283s] running build
[2.284s] running build_py
[2.286s] running install
[2.287s] running install_lib
[2.288s] running install_data
[2.288s] running install_egg_info
[2.291s] removing '/home/hzh/ros2_learn/chapt10/chapt10_ws/install/learn_lifecyclenode_py/lib/python3.10/site-packages/learn_lifecyclenode_py-0.0.0-py3.10.egg-info' (and everything under it)
[2.292s] Copying ../../build/learn_lifecyclenode_py/learn_lifecyclenode_py.egg-info to /home/hzh/ros2_learn/chapt10/chapt10_ws/install/learn_lifecyclenode_py/lib/python3.10/site-packages/learn_lifecyclenode_py-0.0.0-py3.10.egg-info
[2.295s] running install_scripts
[2.325s] Installing learn_lifecyclenode script to /home/hzh/ros2_learn/chapt10/chapt10_ws/install/learn_lifecyclenode_py/lib/learn_lifecyclenode_py
[2.329s] writing list of installed files to '/home/hzh/ros2_learn/chapt10/chapt10_ws/build/learn_lifecyclenode_py/install.log'
[2.403s] Invoked command in '/home/hzh/ros2_learn/chapt10/chapt10_ws/src/learn_lifecyclenode_py' returned '0': PYTHONPATH=/home/hzh/ros2_learn/chapt10/chapt10_ws/build/learn_lifecyclenode_py/prefix_override:/usr/lib/python3/dist-packages/colcon_core/task/python/colcon_distutils_commands:/home/hzh/ros2_learn/chapt10/chapt10_ws/install/learn_lifecyclenode_py/lib/python3.10/site-packages:${PYTHONPATH} /usr/bin/python3 -W ignore:setup.py install is deprecated -W ignore:easy_install command is deprecated setup.py egg_info --egg-base ../../build/learn_lifecyclenode_py build --build-base /home/hzh/ros2_learn/chapt10/chapt10_ws/build/learn_lifecyclenode_py/build install --record /home/hzh/ros2_learn/chapt10/chapt10_ws/build/learn_lifecyclenode_py/install.log --install-scripts $base/lib/learn_lifecyclenode_py --single-version-externally-managed install_data
