[0.081s] Invoking command in '/home/hzh/ros2_learn/chapt10/chapt10_ws/build/learn_lifecyclenode_cpp': CMAKE_PREFIX_PATH=/opt/ros/humble /usr/bin/cmake --build /home/hzh/ros2_learn/chapt10/chapt10_ws/build/learn_lifecyclenode_cpp -- -j4 -l4
[0.296s] [100%] Built target learn_lifecyclenode
[0.813s] Invoked command in '/home/hzh/ros2_learn/chapt10/chapt10_ws/build/learn_lifecyclenode_cpp' returned '0': CMAKE_PREFIX_PATH=/opt/ros/humble /usr/bin/cmake --build /home/hzh/ros2_learn/chapt10/chapt10_ws/build/learn_lifecyclenode_cpp -- -j4 -l4
[0.814s] Invoking command in '/home/hzh/ros2_learn/chapt10/chapt10_ws/build/learn_lifecyclenode_cpp': CMAKE_PREFIX_PATH=/opt/ros/humble /usr/bin/cmake --install /home/hzh/ros2_learn/chapt10/chapt10_ws/build/learn_lifecyclenode_cpp
[0.856s] -- Install configuration: ""
[0.856s] -- Up-to-date: /home/hzh/ros2_learn/chapt10/chapt10_ws/install/learn_lifecyclenode_cpp/lib/learn_lifecyclenode_cpp/learn_lifecyclenode
[0.860s] -- Up-to-date: /home/hzh/ros2_learn/chapt10/chapt10_ws/install/learn_lifecyclenode_cpp/share/ament_index/resource_index/package_run_dependencies/learn_lifecyclenode_cpp
[0.860s] -- Up-to-date: /home/hzh/ros2_learn/chapt10/chapt10_ws/install/learn_lifecyclenode_cpp/share/ament_index/resource_index/parent_prefix_path/learn_lifecyclenode_cpp
[0.860s] -- Up-to-date: /home/hzh/ros2_learn/chapt10/chapt10_ws/install/learn_lifecyclenode_cpp/share/learn_lifecyclenode_cpp/environment/ament_prefix_path.sh
[0.860s] -- Up-to-date: /home/hzh/ros2_learn/chapt10/chapt10_ws/install/learn_lifecyclenode_cpp/share/learn_lifecyclenode_cpp/environment/ament_prefix_path.dsv
[0.861s] -- Up-to-date: /home/hzh/ros2_learn/chapt10/chapt10_ws/install/learn_lifecyclenode_cpp/share/learn_lifecyclenode_cpp/environment/path.sh
[0.861s] -- Up-to-date: /home/hzh/ros2_learn/chapt10/chapt10_ws/install/learn_lifecyclenode_cpp/share/learn_lifecyclenode_cpp/environment/path.dsv
[0.861s] -- Up-to-date: /home/hzh/ros2_learn/chapt10/chapt10_ws/install/learn_lifecyclenode_cpp/share/learn_lifecyclenode_cpp/local_setup.bash
[0.861s] -- Up-to-date: /home/hzh/ros2_learn/chapt10/chapt10_ws/install/learn_lifecyclenode_cpp/share/learn_lifecyclenode_cpp/local_setup.sh
[0.862s] -- Up-to-date: /home/hzh/ros2_learn/chapt10/chapt10_ws/install/learn_lifecyclenode_cpp/share/learn_lifecyclenode_cpp/local_setup.zsh
[0.863s] -- Up-to-date: /home/hzh/ros2_learn/chapt10/chapt10_ws/install/learn_lifecyclenode_cpp/share/learn_lifecyclenode_cpp/local_setup.dsv
[0.863s] -- Installing: /home/hzh/ros2_learn/chapt10/chapt10_ws/install/learn_lifecyclenode_cpp/share/learn_lifecyclenode_cpp/package.dsv
[0.869s] -- Up-to-date: /home/hzh/ros2_learn/chapt10/chapt10_ws/install/learn_lifecyclenode_cpp/share/ament_index/resource_index/packages/learn_lifecyclenode_cpp
[0.869s] -- Up-to-date: /home/hzh/ros2_learn/chapt10/chapt10_ws/install/learn_lifecyclenode_cpp/share/learn_lifecyclenode_cpp/cmake/learn_lifecyclenode_cppConfig.cmake
[0.869s] -- Up-to-date: /home/hzh/ros2_learn/chapt10/chapt10_ws/install/learn_lifecyclenode_cpp/share/learn_lifecyclenode_cpp/cmake/learn_lifecyclenode_cppConfig-version.cmake
[0.869s] -- Up-to-date: /home/hzh/ros2_learn/chapt10/chapt10_ws/install/learn_lifecyclenode_cpp/share/learn_lifecyclenode_cpp/package.xml
[0.880s] Invoked command in '/home/hzh/ros2_learn/chapt10/chapt10_ws/build/learn_lifecyclenode_cpp' returned '0': CMAKE_PREFIX_PATH=/opt/ros/humble /usr/bin/cmake --install /home/hzh/ros2_learn/chapt10/chapt10_ws/build/learn_lifecyclenode_cpp
