[0.094s] Invoking command in '/home/hzh/ros2_learn/chapt7/chapt7_ws/build/autopartol_interfaces': CMAKE_PREFIX_PATH=${CMAKE_PREFIX_PATH}:/home/hzh/ros2_learn/chapt7/chapt7_ws/install/fishbot_application:/home/hzh/ros2_learn/chapt7/chapt7_ws/install/autopartol_robot:/opt/ros/humble /usr/bin/cmake /home/hzh/ros2_learn/chapt7/chapt7_ws/src/autopartol_interfaces -DCMAKE_INSTALL_PREFIX=/home/hzh/ros2_learn/chapt7/chapt7_ws/install/autopartol_interfaces
[1.216s] -- The C compiler identification is GNU 11.4.0
[1.221s] -- The CXX compiler identification is GNU 11.4.0
[1.222s] -- Detecting C compiler ABI info
[1.288s] -- Detecting C compiler ABI info - done
[1.311s] -- Check for working C compiler: /usr/bin/cc - skipped
[1.313s] -- Detecting C compile features
[1.319s] -- Detecting C compile features - done
[1.367s] -- Detecting CXX compiler ABI info
[1.791s] -- Detecting CXX compiler ABI info - done
[1.805s] -- Check for working CXX compiler: /usr/bin/c++ - skipped
[1.806s] -- Detecting CXX compile features
[1.806s] -- Detecting CXX compile features - done
[1.891s] -- Found ament_cmake: 1.3.14 (/opt/ros/humble/share/ament_cmake/cmake)
[2.276s] -- Found Python3: /usr/bin/python3 (found version "3.10.12") found components: Interpreter 
[2.637s] -- Found rosidl_default_generators: 1.2.1 (/opt/ros/humble/share/rosidl_default_generators/cmake)
[2.663s] -- Using all available rosidl_typesupport_c: rosidl_typesupport_fastrtps_c;rosidl_typesupport_introspection_c
[2.698s] -- Found rosidl_adapter: 3.1.8 (/opt/ros/humble/share/rosidl_adapter/cmake)
[2.929s] -- Using all available rosidl_typesupport_cpp: rosidl_typesupport_fastrtps_cpp;rosidl_typesupport_introspection_cpp
[3.625s] -- Found ament_cmake_ros: 0.10.0 (/opt/ros/humble/share/ament_cmake_ros/cmake)
[4.014s] -- Using all available rosidl_typesupport_c: rosidl_typesupport_fastrtps_c;rosidl_typesupport_introspection_c
[4.483s] -- Using all available rosidl_typesupport_cpp: rosidl_typesupport_fastrtps_cpp;rosidl_typesupport_introspection_cpp
[4.531s] -- Found PythonInterp: /usr/bin/python3 (found suitable version "3.10.12", minimum required is "3.6") 
[4.539s] -- Found python_cmake_module: 0.10.0 (/opt/ros/humble/share/python_cmake_module/cmake)
[4.600s] -- Found PythonLibs: /usr/lib/x86_64-linux-gnu/libpython3.10.so (found suitable version "3.10.12", minimum required is "3.5") 
[4.602s] -- Using PYTHON_EXECUTABLE: /usr/bin/python3
[4.602s] -- Using PYTHON_INCLUDE_DIRS: /usr/include/python3.10
[4.602s] -- Using PYTHON_LIBRARIES: /usr/lib/x86_64-linux-gnu/libpython3.10.so
[4.644s] -- Found PythonExtra: .so  
[4.852s] -- Found ament_lint_auto: 0.12.15 (/opt/ros/humble/share/ament_lint_auto/cmake)
[4.960s] -- Added test 'lint_cmake' to check CMake code style
[4.964s] -- Added test 'xmllint' to check XML markup files
[4.972s] -- Configuring done
[5.058s] -- Generating done
[5.078s] -- Build files have been written to: /home/hzh/ros2_learn/chapt7/chapt7_ws/build/autopartol_interfaces
[5.101s] Invoked command in '/home/hzh/ros2_learn/chapt7/chapt7_ws/build/autopartol_interfaces' returned '0': CMAKE_PREFIX_PATH=${CMAKE_PREFIX_PATH}:/home/hzh/ros2_learn/chapt7/chapt7_ws/install/fishbot_application:/home/hzh/ros2_learn/chapt7/chapt7_ws/install/autopartol_robot:/opt/ros/humble /usr/bin/cmake /home/hzh/ros2_learn/chapt7/chapt7_ws/src/autopartol_interfaces -DCMAKE_INSTALL_PREFIX=/home/hzh/ros2_learn/chapt7/chapt7_ws/install/autopartol_interfaces
[5.102s] Invoking command in '/home/hzh/ros2_learn/chapt7/chapt7_ws/build/autopartol_interfaces': CMAKE_PREFIX_PATH=${CMAKE_PREFIX_PATH}:/home/hzh/ros2_learn/chapt7/chapt7_ws/install/fishbot_application:/home/hzh/ros2_learn/chapt7/chapt7_ws/install/autopartol_robot:/opt/ros/humble /usr/bin/cmake --build /home/hzh/ros2_learn/chapt7/chapt7_ws/build/autopartol_interfaces -- -j4 -l4
[5.200s] [  3%] [34m[1mGenerating C code for ROS interfaces[0m
[5.231s] [  6%] [34m[1mGenerating Rust code for ROS interfaces[0m
[5.240s] [  9%] [34m[1mGenerating C++ code for ROS interfaces[0m
[5.318s] [  9%] Built target ament_cmake_python_copy_autopartol_interfaces
[6.024s] [  9%] Built target autopartol_interfaces__rs
[6.069s] [  9%] Built target autopartol_interfaces__cpp
[6.079s] [ 12%] [32mBuilding C object CMakeFiles/autopartol_interfaces__rosidl_generator_c.dir/rosidl_generator_c/autopartol_interfaces/srv/detail/speech_text__functions.c.o[0m
[6.100s] [ 15%] [34m[1mGenerating C++ type support for eProsima Fast-RTPS[0m
[6.103s] [ 18%] [34m[1mGenerating C++ introspection for ROS interfaces[0m
[6.197s] running egg_info
[6.197s] creating autopartol_interfaces.egg-info
[6.198s] writing autopartol_interfaces.egg-info/PKG-INFO
[6.199s] writing dependency_links to autopartol_interfaces.egg-info/dependency_links.txt
[6.202s] writing top-level names to autopartol_interfaces.egg-info/top_level.txt
[6.205s] writing manifest file 'autopartol_interfaces.egg-info/SOURCES.txt'
[6.206s] reading manifest file 'autopartol_interfaces.egg-info/SOURCES.txt'
[6.206s] writing manifest file 'autopartol_interfaces.egg-info/SOURCES.txt'
[6.341s] [ 18%] Built target ament_cmake_python_build_autopartol_interfaces_egg
[6.384s] [ 21%] [34m[1mGenerating C++ type support dispatch for ROS interfaces[0m
[6.463s] [ 25%] [32m[1mLinking C shared library libautopartol_interfaces__rosidl_generator_c.so[0m
[6.647s] [ 25%] Built target autopartol_interfaces__rosidl_generator_c
[6.677s] [ 28%] [34m[1mGenerating C type support for eProsima Fast-RTPS[0m
[6.690s] [ 31%] [32mBuilding CXX object CMakeFiles/autopartol_interfaces__rosidl_typesupport_introspection_cpp.dir/rosidl_typesupport_introspection_cpp/autopartol_interfaces/srv/detail/speech_text__type_support.cpp.o[0m
[6.807s] [ 34%] [32mBuilding CXX object CMakeFiles/autopartol_interfaces__rosidl_typesupport_fastrtps_cpp.dir/rosidl_typesupport_fastrtps_cpp/autopartol_interfaces/srv/detail/dds_fastrtps/speech_text__type_support.cpp.o[0m
[7.122s] [ 37%] [32mBuilding CXX object CMakeFiles/autopartol_interfaces__rosidl_typesupport_cpp.dir/rosidl_typesupport_cpp/autopartol_interfaces/srv/speech_text__type_support.cpp.o[0m
[7.318s] [ 40%] [32mBuilding CXX object CMakeFiles/autopartol_interfaces__rosidl_typesupport_fastrtps_c.dir/rosidl_typesupport_fastrtps_c/autopartol_interfaces/srv/detail/speech_text__type_support_c.cpp.o[0m
[7.754s] [ 43%] [32m[1mLinking CXX shared library libautopartol_interfaces__rosidl_typesupport_cpp.so[0m
[7.800s] [ 46%] [32m[1mLinking CXX shared library libautopartol_interfaces__rosidl_typesupport_introspection_cpp.so[0m
[7.872s] [ 46%] Built target autopartol_interfaces__rosidl_typesupport_cpp
[7.890s] [ 50%] [32m[1mLinking CXX shared library libautopartol_interfaces__rosidl_typesupport_fastrtps_cpp.so[0m
[7.903s] [ 53%] [34m[1mGenerating C introspection for ROS interfaces[0m
[7.978s] [ 56%] [32m[1mLinking CXX shared library libautopartol_interfaces__rosidl_typesupport_fastrtps_c.so[0m
[7.991s] [ 56%] Built target autopartol_interfaces__rosidl_typesupport_introspection_cpp
[8.018s] [ 59%] [34m[1mGenerating C type support dispatch for ROS interfaces[0m
[8.111s] [ 59%] Built target autopartol_interfaces__rosidl_typesupport_fastrtps_cpp
[8.174s] [ 59%] Built target autopartol_interfaces__rosidl_typesupport_fastrtps_c
[8.323s] [ 62%] [32mBuilding C object CMakeFiles/autopartol_interfaces__rosidl_typesupport_introspection_c.dir/rosidl_typesupport_introspection_c/autopartol_interfaces/srv/detail/speech_text__type_support.c.o[0m
[8.391s] [ 65%] [32m[1mLinking C shared library libautopartol_interfaces__rosidl_typesupport_introspection_c.so[0m
[8.392s] [ 68%] [32mBuilding CXX object CMakeFiles/autopartol_interfaces__rosidl_typesupport_c.dir/rosidl_typesupport_c/autopartol_interfaces/srv/speech_text__type_support.cpp.o[0m
[8.445s] [ 68%] Built target autopartol_interfaces__rosidl_typesupport_introspection_c
[8.445s] [ 71%] [32m[1mLinking CXX shared library libautopartol_interfaces__rosidl_typesupport_c.so[0m
[8.509s] [ 71%] Built target autopartol_interfaces__rosidl_typesupport_c
[8.546s] [ 71%] Built target autopartol_interfaces
[8.582s] [ 75%] [34m[1mGenerating Python code for ROS interfaces[0m
[9.026s] [ 75%] Built target autopartol_interfaces__py
[9.065s] [ 78%] [32mBuilding C object CMakeFiles/autopartol_interfaces__rosidl_generator_py.dir/rosidl_generator_py/autopartol_interfaces/srv/_speech_text_s.c.o[0m
[9.380s] [ 81%] [32m[1mLinking C shared library rosidl_generator_py/autopartol_interfaces/libautopartol_interfaces__rosidl_generator_py.so[0m
[9.448s] [ 81%] Built target autopartol_interfaces__rosidl_generator_py
[9.488s] [ 84%] [32mBuilding C object CMakeFiles/autopartol_interfaces__rosidl_typesupport_fastrtps_c__pyext.dir/rosidl_generator_py/autopartol_interfaces/_autopartol_interfaces_s.ep.rosidl_typesupport_fastrtps_c.c.o[0m
[9.493s] [ 90%] [32mBuilding C object CMakeFiles/autopartol_interfaces__rosidl_typesupport_introspection_c__pyext.dir/rosidl_generator_py/autopartol_interfaces/_autopartol_interfaces_s.ep.rosidl_typesupport_introspection_c.c.o[0m
[9.493s] [ 90%] [32mBuilding C object CMakeFiles/autopartol_interfaces__rosidl_typesupport_c__pyext.dir/rosidl_generator_py/autopartol_interfaces/_autopartol_interfaces_s.ep.rosidl_typesupport_c.c.o[0m
[9.631s] [ 93%] [32m[1mLinking C shared library rosidl_generator_py/autopartol_interfaces/autopartol_interfaces_s__rosidl_typesupport_introspection_c.cpython-310-x86_64-linux-gnu.so[0m
[9.634s] [ 96%] [32m[1mLinking C shared library rosidl_generator_py/autopartol_interfaces/autopartol_interfaces_s__rosidl_typesupport_c.cpython-310-x86_64-linux-gnu.so[0m
[9.640s] [100%] [32m[1mLinking C shared library rosidl_generator_py/autopartol_interfaces/autopartol_interfaces_s__rosidl_typesupport_fastrtps_c.cpython-310-x86_64-linux-gnu.so[0m
[9.703s] [100%] Built target autopartol_interfaces__rosidl_typesupport_introspection_c__pyext
[9.710s] [100%] Built target autopartol_interfaces__rosidl_typesupport_fastrtps_c__pyext
[9.711s] [100%] Built target autopartol_interfaces__rosidl_typesupport_c__pyext
[9.732s] Invoked command in '/home/hzh/ros2_learn/chapt7/chapt7_ws/build/autopartol_interfaces' returned '0': CMAKE_PREFIX_PATH=${CMAKE_PREFIX_PATH}:/home/hzh/ros2_learn/chapt7/chapt7_ws/install/fishbot_application:/home/hzh/ros2_learn/chapt7/chapt7_ws/install/autopartol_robot:/opt/ros/humble /usr/bin/cmake --build /home/hzh/ros2_learn/chapt7/chapt7_ws/build/autopartol_interfaces -- -j4 -l4
[9.735s] Invoking command in '/home/hzh/ros2_learn/chapt7/chapt7_ws/build/autopartol_interfaces': CMAKE_PREFIX_PATH=${CMAKE_PREFIX_PATH}:/home/hzh/ros2_learn/chapt7/chapt7_ws/install/fishbot_application:/home/hzh/ros2_learn/chapt7/chapt7_ws/install/autopartol_robot:/opt/ros/humble /usr/bin/cmake --install /home/hzh/ros2_learn/chapt7/chapt7_ws/build/autopartol_interfaces
[9.752s] -- Install configuration: ""
[9.752s] -- Installing: /home/hzh/ros2_learn/chapt7/chapt7_ws/install/autopartol_interfaces/share/ament_index/resource_index/rosidl_interfaces/autopartol_interfaces
[9.752s] -- Installing: /home/hzh/ros2_learn/chapt7/chapt7_ws/install/autopartol_interfaces/include/autopartol_interfaces/autopartol_interfaces
[9.752s] -- Installing: /home/hzh/ros2_learn/chapt7/chapt7_ws/install/autopartol_interfaces/include/autopartol_interfaces/autopartol_interfaces/srv
[9.753s] -- Installing: /home/hzh/ros2_learn/chapt7/chapt7_ws/install/autopartol_interfaces/include/autopartol_interfaces/autopartol_interfaces/srv/speech_text.h
[9.753s] -- Installing: /home/hzh/ros2_learn/chapt7/chapt7_ws/install/autopartol_interfaces/include/autopartol_interfaces/autopartol_interfaces/srv/detail
[9.753s] -- Installing: /home/hzh/ros2_learn/chapt7/chapt7_ws/install/autopartol_interfaces/include/autopartol_interfaces/autopartol_interfaces/srv/detail/speech_text__functions.c
[9.753s] -- Installing: /home/hzh/ros2_learn/chapt7/chapt7_ws/install/autopartol_interfaces/include/autopartol_interfaces/autopartol_interfaces/srv/detail/speech_text__functions.h
[9.753s] -- Installing: /home/hzh/ros2_learn/chapt7/chapt7_ws/install/autopartol_interfaces/include/autopartol_interfaces/autopartol_interfaces/srv/detail/speech_text__type_support.h
[9.754s] -- Installing: /home/hzh/ros2_learn/chapt7/chapt7_ws/install/autopartol_interfaces/include/autopartol_interfaces/autopartol_interfaces/srv/detail/speech_text__struct.h
[9.754s] -- Installing: /home/hzh/ros2_learn/chapt7/chapt7_ws/install/autopartol_interfaces/include/autopartol_interfaces/autopartol_interfaces/msg
[9.755s] -- Installing: /home/hzh/ros2_learn/chapt7/chapt7_ws/install/autopartol_interfaces/include/autopartol_interfaces/autopartol_interfaces/msg/rosidl_generator_c__visibility_control.h
[9.755s] -- Installing: /home/hzh/ros2_learn/chapt7/chapt7_ws/install/autopartol_interfaces/share/autopartol_interfaces/environment/library_path.sh
[9.756s] -- Installing: /home/hzh/ros2_learn/chapt7/chapt7_ws/install/autopartol_interfaces/share/autopartol_interfaces/environment/library_path.dsv
[9.757s] -- Installing: /home/hzh/ros2_learn/chapt7/chapt7_ws/install/autopartol_interfaces/lib/libautopartol_interfaces__rosidl_generator_c.so
[9.757s] -- Set runtime path of "/home/hzh/ros2_learn/chapt7/chapt7_ws/install/autopartol_interfaces/lib/libautopartol_interfaces__rosidl_generator_c.so" to ""
[9.757s] -- Up-to-date: /home/hzh/ros2_learn/chapt7/chapt7_ws/install/autopartol_interfaces/include/autopartol_interfaces/autopartol_interfaces
[9.757s] -- Up-to-date: /home/hzh/ros2_learn/chapt7/chapt7_ws/install/autopartol_interfaces/include/autopartol_interfaces/autopartol_interfaces/srv
[9.757s] -- Up-to-date: /home/hzh/ros2_learn/chapt7/chapt7_ws/install/autopartol_interfaces/include/autopartol_interfaces/autopartol_interfaces/srv/detail
[9.758s] -- Installing: /home/hzh/ros2_learn/chapt7/chapt7_ws/install/autopartol_interfaces/include/autopartol_interfaces/autopartol_interfaces/srv/detail/speech_text__rosidl_typesupport_fastrtps_c.h
[9.758s] -- Up-to-date: /home/hzh/ros2_learn/chapt7/chapt7_ws/install/autopartol_interfaces/include/autopartol_interfaces/autopartol_interfaces/msg
[9.758s] -- Installing: /home/hzh/ros2_learn/chapt7/chapt7_ws/install/autopartol_interfaces/include/autopartol_interfaces/autopartol_interfaces/msg/rosidl_typesupport_fastrtps_c__visibility_control.h
[9.758s] -- Installing: /home/hzh/ros2_learn/chapt7/chapt7_ws/install/autopartol_interfaces/lib/libautopartol_interfaces__rosidl_typesupport_fastrtps_c.so
[9.758s] -- Set runtime path of "/home/hzh/ros2_learn/chapt7/chapt7_ws/install/autopartol_interfaces/lib/libautopartol_interfaces__rosidl_typesupport_fastrtps_c.so" to ""
[9.759s] -- Up-to-date: /home/hzh/ros2_learn/chapt7/chapt7_ws/install/autopartol_interfaces/include/autopartol_interfaces/autopartol_interfaces
[9.759s] -- Up-to-date: /home/hzh/ros2_learn/chapt7/chapt7_ws/install/autopartol_interfaces/include/autopartol_interfaces/autopartol_interfaces/srv
[9.759s] -- Up-to-date: /home/hzh/ros2_learn/chapt7/chapt7_ws/install/autopartol_interfaces/include/autopartol_interfaces/autopartol_interfaces/srv/detail
[9.759s] -- Installing: /home/hzh/ros2_learn/chapt7/chapt7_ws/install/autopartol_interfaces/include/autopartol_interfaces/autopartol_interfaces/srv/detail/speech_text__type_support.c
[9.760s] -- Installing: /home/hzh/ros2_learn/chapt7/chapt7_ws/install/autopartol_interfaces/include/autopartol_interfaces/autopartol_interfaces/srv/detail/speech_text__rosidl_typesupport_introspection_c.h
[9.760s] -- Up-to-date: /home/hzh/ros2_learn/chapt7/chapt7_ws/install/autopartol_interfaces/include/autopartol_interfaces/autopartol_interfaces/msg
[9.760s] -- Installing: /home/hzh/ros2_learn/chapt7/chapt7_ws/install/autopartol_interfaces/include/autopartol_interfaces/autopartol_interfaces/msg/rosidl_typesupport_introspection_c__visibility_control.h
[9.760s] -- Installing: /home/hzh/ros2_learn/chapt7/chapt7_ws/install/autopartol_interfaces/lib/libautopartol_interfaces__rosidl_typesupport_introspection_c.so
[9.760s] -- Set runtime path of "/home/hzh/ros2_learn/chapt7/chapt7_ws/install/autopartol_interfaces/lib/libautopartol_interfaces__rosidl_typesupport_introspection_c.so" to ""
[9.761s] -- Installing: /home/hzh/ros2_learn/chapt7/chapt7_ws/install/autopartol_interfaces/lib/libautopartol_interfaces__rosidl_typesupport_c.so
[9.761s] -- Set runtime path of "/home/hzh/ros2_learn/chapt7/chapt7_ws/install/autopartol_interfaces/lib/libautopartol_interfaces__rosidl_typesupport_c.so" to ""
[9.761s] -- Up-to-date: /home/hzh/ros2_learn/chapt7/chapt7_ws/install/autopartol_interfaces/include/autopartol_interfaces/autopartol_interfaces
[9.761s] -- Up-to-date: /home/hzh/ros2_learn/chapt7/chapt7_ws/install/autopartol_interfaces/include/autopartol_interfaces/autopartol_interfaces/srv
[9.761s] -- Up-to-date: /home/hzh/ros2_learn/chapt7/chapt7_ws/install/autopartol_interfaces/include/autopartol_interfaces/autopartol_interfaces/srv/detail
[9.761s] -- Installing: /home/hzh/ros2_learn/chapt7/chapt7_ws/install/autopartol_interfaces/include/autopartol_interfaces/autopartol_interfaces/srv/detail/speech_text__type_support.hpp
[9.762s] -- Installing: /home/hzh/ros2_learn/chapt7/chapt7_ws/install/autopartol_interfaces/include/autopartol_interfaces/autopartol_interfaces/srv/detail/speech_text__traits.hpp
[9.762s] -- Installing: /home/hzh/ros2_learn/chapt7/chapt7_ws/install/autopartol_interfaces/include/autopartol_interfaces/autopartol_interfaces/srv/detail/speech_text__builder.hpp
[9.762s] -- Installing: /home/hzh/ros2_learn/chapt7/chapt7_ws/install/autopartol_interfaces/include/autopartol_interfaces/autopartol_interfaces/srv/detail/speech_text__struct.hpp
[9.763s] -- Installing: /home/hzh/ros2_learn/chapt7/chapt7_ws/install/autopartol_interfaces/include/autopartol_interfaces/autopartol_interfaces/srv/speech_text.hpp
[9.763s] -- Up-to-date: /home/hzh/ros2_learn/chapt7/chapt7_ws/install/autopartol_interfaces/include/autopartol_interfaces/autopartol_interfaces/msg
[9.763s] -- Installing: /home/hzh/ros2_learn/chapt7/chapt7_ws/install/autopartol_interfaces/include/autopartol_interfaces/autopartol_interfaces/msg/rosidl_generator_cpp__visibility_control.hpp
[9.763s] -- Up-to-date: /home/hzh/ros2_learn/chapt7/chapt7_ws/install/autopartol_interfaces/include/autopartol_interfaces/autopartol_interfaces
[9.763s] -- Up-to-date: /home/hzh/ros2_learn/chapt7/chapt7_ws/install/autopartol_interfaces/include/autopartol_interfaces/autopartol_interfaces/srv
[9.763s] -- Up-to-date: /home/hzh/ros2_learn/chapt7/chapt7_ws/install/autopartol_interfaces/include/autopartol_interfaces/autopartol_interfaces/srv/detail
[9.763s] -- Installing: /home/hzh/ros2_learn/chapt7/chapt7_ws/install/autopartol_interfaces/include/autopartol_interfaces/autopartol_interfaces/srv/detail/dds_fastrtps
[9.764s] -- Installing: /home/hzh/ros2_learn/chapt7/chapt7_ws/install/autopartol_interfaces/include/autopartol_interfaces/autopartol_interfaces/srv/detail/speech_text__rosidl_typesupport_fastrtps_cpp.hpp
[9.765s] -- Up-to-date: /home/hzh/ros2_learn/chapt7/chapt7_ws/install/autopartol_interfaces/include/autopartol_interfaces/autopartol_interfaces/msg
[9.765s] -- Installing: /home/hzh/ros2_learn/chapt7/chapt7_ws/install/autopartol_interfaces/include/autopartol_interfaces/autopartol_interfaces/msg/rosidl_typesupport_fastrtps_cpp__visibility_control.h
[9.765s] -- Installing: /home/hzh/ros2_learn/chapt7/chapt7_ws/install/autopartol_interfaces/lib/libautopartol_interfaces__rosidl_typesupport_fastrtps_cpp.so
[9.765s] -- Set runtime path of "/home/hzh/ros2_learn/chapt7/chapt7_ws/install/autopartol_interfaces/lib/libautopartol_interfaces__rosidl_typesupport_fastrtps_cpp.so" to ""
[9.766s] -- Up-to-date: /home/hzh/ros2_learn/chapt7/chapt7_ws/install/autopartol_interfaces/include/autopartol_interfaces/autopartol_interfaces
[9.766s] -- Up-to-date: /home/hzh/ros2_learn/chapt7/chapt7_ws/install/autopartol_interfaces/include/autopartol_interfaces/autopartol_interfaces/srv
[9.766s] -- Up-to-date: /home/hzh/ros2_learn/chapt7/chapt7_ws/install/autopartol_interfaces/include/autopartol_interfaces/autopartol_interfaces/srv/detail
[9.766s] -- Installing: /home/hzh/ros2_learn/chapt7/chapt7_ws/install/autopartol_interfaces/include/autopartol_interfaces/autopartol_interfaces/srv/detail/speech_text__type_support.cpp
[9.766s] -- Installing: /home/hzh/ros2_learn/chapt7/chapt7_ws/install/autopartol_interfaces/include/autopartol_interfaces/autopartol_interfaces/srv/detail/speech_text__rosidl_typesupport_introspection_cpp.hpp
[9.767s] -- Installing: /home/hzh/ros2_learn/chapt7/chapt7_ws/install/autopartol_interfaces/lib/libautopartol_interfaces__rosidl_typesupport_introspection_cpp.so
[9.767s] -- Set runtime path of "/home/hzh/ros2_learn/chapt7/chapt7_ws/install/autopartol_interfaces/lib/libautopartol_interfaces__rosidl_typesupport_introspection_cpp.so" to ""
[9.767s] -- Installing: /home/hzh/ros2_learn/chapt7/chapt7_ws/install/autopartol_interfaces/lib/libautopartol_interfaces__rosidl_typesupport_cpp.so
[9.768s] -- Set runtime path of "/home/hzh/ros2_learn/chapt7/chapt7_ws/install/autopartol_interfaces/lib/libautopartol_interfaces__rosidl_typesupport_cpp.so" to ""
[9.769s] -- Installing: /home/hzh/ros2_learn/chapt7/chapt7_ws/install/autopartol_interfaces/share/autopartol_interfaces/environment/pythonpath.sh
[9.770s] -- Installing: /home/hzh/ros2_learn/chapt7/chapt7_ws/install/autopartol_interfaces/share/autopartol_interfaces/environment/pythonpath.dsv
[9.772s] -- Installing: /home/hzh/ros2_learn/chapt7/chapt7_ws/install/autopartol_interfaces/local/lib/python3.10/dist-packages/autopartol_interfaces-0.0.0-py3.10.egg-info
[9.772s] -- Installing: /home/hzh/ros2_learn/chapt7/chapt7_ws/install/autopartol_interfaces/local/lib/python3.10/dist-packages/autopartol_interfaces-0.0.0-py3.10.egg-info/dependency_links.txt
[9.773s] -- Installing: /home/hzh/ros2_learn/chapt7/chapt7_ws/install/autopartol_interfaces/local/lib/python3.10/dist-packages/autopartol_interfaces-0.0.0-py3.10.egg-info/SOURCES.txt
[9.773s] -- Installing: /home/hzh/ros2_learn/chapt7/chapt7_ws/install/autopartol_interfaces/local/lib/python3.10/dist-packages/autopartol_interfaces-0.0.0-py3.10.egg-info/top_level.txt
[9.774s] -- Installing: /home/hzh/ros2_learn/chapt7/chapt7_ws/install/autopartol_interfaces/local/lib/python3.10/dist-packages/autopartol_interfaces-0.0.0-py3.10.egg-info/PKG-INFO
[9.774s] -- Installing: /home/hzh/ros2_learn/chapt7/chapt7_ws/install/autopartol_interfaces/local/lib/python3.10/dist-packages/autopartol_interfaces
[9.774s] -- Installing: /home/hzh/ros2_learn/chapt7/chapt7_ws/install/autopartol_interfaces/local/lib/python3.10/dist-packages/autopartol_interfaces/libautopartol_interfaces__rosidl_generator_py.so
[9.774s] -- Installing: /home/hzh/ros2_learn/chapt7/chapt7_ws/install/autopartol_interfaces/local/lib/python3.10/dist-packages/autopartol_interfaces/_autopartol_interfaces_s.ep.rosidl_typesupport_introspection_c.c
[9.774s] -- Installing: /home/hzh/ros2_learn/chapt7/chapt7_ws/install/autopartol_interfaces/local/lib/python3.10/dist-packages/autopartol_interfaces/_autopartol_interfaces_s.ep.rosidl_typesupport_fastrtps_c.c
[9.775s] -- Installing: /home/hzh/ros2_learn/chapt7/chapt7_ws/install/autopartol_interfaces/local/lib/python3.10/dist-packages/autopartol_interfaces/__init__.py
[9.775s] -- Installing: /home/hzh/ros2_learn/chapt7/chapt7_ws/install/autopartol_interfaces/local/lib/python3.10/dist-packages/autopartol_interfaces/autopartol_interfaces_s__rosidl_typesupport_fastrtps_c.cpython-310-x86_64-linux-gnu.so
[9.775s] -- Installing: /home/hzh/ros2_learn/chapt7/chapt7_ws/install/autopartol_interfaces/local/lib/python3.10/dist-packages/autopartol_interfaces/autopartol_interfaces_s__rosidl_typesupport_c.cpython-310-x86_64-linux-gnu.so
[9.776s] -- Installing: /home/hzh/ros2_learn/chapt7/chapt7_ws/install/autopartol_interfaces/local/lib/python3.10/dist-packages/autopartol_interfaces/_autopartol_interfaces_s.ep.rosidl_typesupport_c.c
[9.777s] -- Installing: /home/hzh/ros2_learn/chapt7/chapt7_ws/install/autopartol_interfaces/local/lib/python3.10/dist-packages/autopartol_interfaces/autopartol_interfaces_s__rosidl_typesupport_introspection_c.cpython-310-x86_64-linux-gnu.so
[9.777s] -- Installing: /home/hzh/ros2_learn/chapt7/chapt7_ws/install/autopartol_interfaces/local/lib/python3.10/dist-packages/autopartol_interfaces/srv
[9.777s] -- Installing: /home/hzh/ros2_learn/chapt7/chapt7_ws/install/autopartol_interfaces/local/lib/python3.10/dist-packages/autopartol_interfaces/srv/_speech_text_s.c
[9.777s] -- Installing: /home/hzh/ros2_learn/chapt7/chapt7_ws/install/autopartol_interfaces/local/lib/python3.10/dist-packages/autopartol_interfaces/srv/__init__.py
[9.777s] -- Installing: /home/hzh/ros2_learn/chapt7/chapt7_ws/install/autopartol_interfaces/local/lib/python3.10/dist-packages/autopartol_interfaces/srv/_speech_text.py
[9.843s] Listing '/home/hzh/ros2_learn/chapt7/chapt7_ws/install/autopartol_interfaces/local/lib/python3.10/dist-packages/autopartol_interfaces'...
[9.843s] Compiling '/home/hzh/ros2_learn/chapt7/chapt7_ws/install/autopartol_interfaces/local/lib/python3.10/dist-packages/autopartol_interfaces/__init__.py'...
[9.843s] Listing '/home/hzh/ros2_learn/chapt7/chapt7_ws/install/autopartol_interfaces/local/lib/python3.10/dist-packages/autopartol_interfaces/srv'...
[9.844s] Compiling '/home/hzh/ros2_learn/chapt7/chapt7_ws/install/autopartol_interfaces/local/lib/python3.10/dist-packages/autopartol_interfaces/srv/__init__.py'...
[9.844s] Compiling '/home/hzh/ros2_learn/chapt7/chapt7_ws/install/autopartol_interfaces/local/lib/python3.10/dist-packages/autopartol_interfaces/srv/_speech_text.py'...
[9.855s] -- Installing: /home/hzh/ros2_learn/chapt7/chapt7_ws/install/autopartol_interfaces/local/lib/python3.10/dist-packages/autopartol_interfaces/autopartol_interfaces_s__rosidl_typesupport_fastrtps_c.cpython-310-x86_64-linux-gnu.so
[9.860s] -- Set runtime path of "/home/hzh/ros2_learn/chapt7/chapt7_ws/install/autopartol_interfaces/local/lib/python3.10/dist-packages/autopartol_interfaces/autopartol_interfaces_s__rosidl_typesupport_fastrtps_c.cpython-310-x86_64-linux-gnu.so" to ""
[9.861s] -- Installing: /home/hzh/ros2_learn/chapt7/chapt7_ws/install/autopartol_interfaces/local/lib/python3.10/dist-packages/autopartol_interfaces/autopartol_interfaces_s__rosidl_typesupport_introspection_c.cpython-310-x86_64-linux-gnu.so
[9.861s] -- Set runtime path of "/home/hzh/ros2_learn/chapt7/chapt7_ws/install/autopartol_interfaces/local/lib/python3.10/dist-packages/autopartol_interfaces/autopartol_interfaces_s__rosidl_typesupport_introspection_c.cpython-310-x86_64-linux-gnu.so" to ""
[9.861s] -- Installing: /home/hzh/ros2_learn/chapt7/chapt7_ws/install/autopartol_interfaces/local/lib/python3.10/dist-packages/autopartol_interfaces/autopartol_interfaces_s__rosidl_typesupport_c.cpython-310-x86_64-linux-gnu.so
[9.861s] -- Set runtime path of "/home/hzh/ros2_learn/chapt7/chapt7_ws/install/autopartol_interfaces/local/lib/python3.10/dist-packages/autopartol_interfaces/autopartol_interfaces_s__rosidl_typesupport_c.cpython-310-x86_64-linux-gnu.so" to ""
[9.862s] -- Installing: /home/hzh/ros2_learn/chapt7/chapt7_ws/install/autopartol_interfaces/lib/libautopartol_interfaces__rosidl_generator_py.so
[9.863s] -- Set runtime path of "/home/hzh/ros2_learn/chapt7/chapt7_ws/install/autopartol_interfaces/lib/libautopartol_interfaces__rosidl_generator_py.so" to ""
[9.863s] -- Installing: /home/hzh/ros2_learn/chapt7/chapt7_ws/install/autopartol_interfaces/share/ament_index/resource_index/rust_packages/autopartol_interfaces
[9.864s] -- Installing: /home/hzh/ros2_learn/chapt7/chapt7_ws/install/autopartol_interfaces/share/autopartol_interfaces/rust
[9.864s] -- Installing: /home/hzh/ros2_learn/chapt7/chapt7_ws/install/autopartol_interfaces/share/autopartol_interfaces/rust/Cargo.toml
[9.864s] -- Installing: /home/hzh/ros2_learn/chapt7/chapt7_ws/install/autopartol_interfaces/share/autopartol_interfaces/rust/build.rs
[9.864s] -- Installing: /home/hzh/ros2_learn/chapt7/chapt7_ws/install/autopartol_interfaces/share/autopartol_interfaces/rust/src
[9.864s] -- Installing: /home/hzh/ros2_learn/chapt7/chapt7_ws/install/autopartol_interfaces/share/autopartol_interfaces/rust/src/lib.rs
[9.865s] -- Installing: /home/hzh/ros2_learn/chapt7/chapt7_ws/install/autopartol_interfaces/share/autopartol_interfaces/rust/src/srv.rs
[9.865s] -- Installing: /home/hzh/ros2_learn/chapt7/chapt7_ws/install/autopartol_interfaces/share/autopartol_interfaces/rust/src/srv
[9.866s] -- Installing: /home/hzh/ros2_learn/chapt7/chapt7_ws/install/autopartol_interfaces/share/autopartol_interfaces/rust/src/srv/rmw.rs
[9.866s] -- Installing: /home/hzh/ros2_learn/chapt7/chapt7_ws/install/autopartol_interfaces/share/autopartol_interfaces/srv/SpeechText.idl
[9.866s] -- Installing: /home/hzh/ros2_learn/chapt7/chapt7_ws/install/autopartol_interfaces/share/autopartol_interfaces/srv/SpeechText.srv
[9.867s] -- Installing: /home/hzh/ros2_learn/chapt7/chapt7_ws/install/autopartol_interfaces/share/autopartol_interfaces/srv/SpeechText_Request.msg
[9.867s] -- Installing: /home/hzh/ros2_learn/chapt7/chapt7_ws/install/autopartol_interfaces/share/autopartol_interfaces/srv/SpeechText_Response.msg
[9.869s] -- Installing: /home/hzh/ros2_learn/chapt7/chapt7_ws/install/autopartol_interfaces/share/ament_index/resource_index/package_run_dependencies/autopartol_interfaces
[9.870s] -- Installing: /home/hzh/ros2_learn/chapt7/chapt7_ws/install/autopartol_interfaces/share/ament_index/resource_index/parent_prefix_path/autopartol_interfaces
[9.871s] -- Installing: /home/hzh/ros2_learn/chapt7/chapt7_ws/install/autopartol_interfaces/share/autopartol_interfaces/environment/ament_prefix_path.sh
[9.872s] -- Installing: /home/hzh/ros2_learn/chapt7/chapt7_ws/install/autopartol_interfaces/share/autopartol_interfaces/environment/ament_prefix_path.dsv
[9.872s] -- Installing: /home/hzh/ros2_learn/chapt7/chapt7_ws/install/autopartol_interfaces/share/autopartol_interfaces/environment/path.sh
[9.872s] -- Installing: /home/hzh/ros2_learn/chapt7/chapt7_ws/install/autopartol_interfaces/share/autopartol_interfaces/environment/path.dsv
[9.872s] -- Installing: /home/hzh/ros2_learn/chapt7/chapt7_ws/install/autopartol_interfaces/share/autopartol_interfaces/local_setup.bash
[9.872s] -- Installing: /home/hzh/ros2_learn/chapt7/chapt7_ws/install/autopartol_interfaces/share/autopartol_interfaces/local_setup.sh
[9.873s] -- Installing: /home/hzh/ros2_learn/chapt7/chapt7_ws/install/autopartol_interfaces/share/autopartol_interfaces/local_setup.zsh
[9.873s] -- Installing: /home/hzh/ros2_learn/chapt7/chapt7_ws/install/autopartol_interfaces/share/autopartol_interfaces/local_setup.dsv
[9.874s] -- Installing: /home/hzh/ros2_learn/chapt7/chapt7_ws/install/autopartol_interfaces/share/autopartol_interfaces/package.dsv
[9.874s] -- Installing: /home/hzh/ros2_learn/chapt7/chapt7_ws/install/autopartol_interfaces/share/ament_index/resource_index/packages/autopartol_interfaces
[9.876s] -- Installing: /home/hzh/ros2_learn/chapt7/chapt7_ws/install/autopartol_interfaces/share/autopartol_interfaces/cmake/export_autopartol_interfaces__rosidl_generator_cExport.cmake
[9.876s] -- Installing: /home/hzh/ros2_learn/chapt7/chapt7_ws/install/autopartol_interfaces/share/autopartol_interfaces/cmake/export_autopartol_interfaces__rosidl_generator_cExport-noconfig.cmake
[9.878s] -- Installing: /home/hzh/ros2_learn/chapt7/chapt7_ws/install/autopartol_interfaces/share/autopartol_interfaces/cmake/export_autopartol_interfaces__rosidl_typesupport_fastrtps_cExport.cmake
[9.878s] -- Installing: /home/hzh/ros2_learn/chapt7/chapt7_ws/install/autopartol_interfaces/share/autopartol_interfaces/cmake/export_autopartol_interfaces__rosidl_typesupport_fastrtps_cExport-noconfig.cmake
[9.879s] -- Installing: /home/hzh/ros2_learn/chapt7/chapt7_ws/install/autopartol_interfaces/share/autopartol_interfaces/cmake/autopartol_interfaces__rosidl_typesupport_introspection_cExport.cmake
[9.879s] -- Installing: /home/hzh/ros2_learn/chapt7/chapt7_ws/install/autopartol_interfaces/share/autopartol_interfaces/cmake/autopartol_interfaces__rosidl_typesupport_introspection_cExport-noconfig.cmake
[9.880s] -- Installing: /home/hzh/ros2_learn/chapt7/chapt7_ws/install/autopartol_interfaces/share/autopartol_interfaces/cmake/autopartol_interfaces__rosidl_typesupport_cExport.cmake
[9.880s] -- Installing: /home/hzh/ros2_learn/chapt7/chapt7_ws/install/autopartol_interfaces/share/autopartol_interfaces/cmake/autopartol_interfaces__rosidl_typesupport_cExport-noconfig.cmake
[9.881s] -- Installing: /home/hzh/ros2_learn/chapt7/chapt7_ws/install/autopartol_interfaces/share/autopartol_interfaces/cmake/export_autopartol_interfaces__rosidl_generator_cppExport.cmake
[9.881s] -- Installing: /home/hzh/ros2_learn/chapt7/chapt7_ws/install/autopartol_interfaces/share/autopartol_interfaces/cmake/export_autopartol_interfaces__rosidl_typesupport_fastrtps_cppExport.cmake
[9.882s] -- Installing: /home/hzh/ros2_learn/chapt7/chapt7_ws/install/autopartol_interfaces/share/autopartol_interfaces/cmake/export_autopartol_interfaces__rosidl_typesupport_fastrtps_cppExport-noconfig.cmake
[9.882s] -- Installing: /home/hzh/ros2_learn/chapt7/chapt7_ws/install/autopartol_interfaces/share/autopartol_interfaces/cmake/autopartol_interfaces__rosidl_typesupport_introspection_cppExport.cmake
[9.882s] -- Installing: /home/hzh/ros2_learn/chapt7/chapt7_ws/install/autopartol_interfaces/share/autopartol_interfaces/cmake/autopartol_interfaces__rosidl_typesupport_introspection_cppExport-noconfig.cmake
[9.883s] -- Installing: /home/hzh/ros2_learn/chapt7/chapt7_ws/install/autopartol_interfaces/share/autopartol_interfaces/cmake/autopartol_interfaces__rosidl_typesupport_cppExport.cmake
[9.884s] -- Installing: /home/hzh/ros2_learn/chapt7/chapt7_ws/install/autopartol_interfaces/share/autopartol_interfaces/cmake/autopartol_interfaces__rosidl_typesupport_cppExport-noconfig.cmake
[9.884s] -- Installing: /home/hzh/ros2_learn/chapt7/chapt7_ws/install/autopartol_interfaces/share/autopartol_interfaces/cmake/export_autopartol_interfaces__rosidl_generator_pyExport.cmake
[9.885s] -- Installing: /home/hzh/ros2_learn/chapt7/chapt7_ws/install/autopartol_interfaces/share/autopartol_interfaces/cmake/export_autopartol_interfaces__rosidl_generator_pyExport-noconfig.cmake
[9.886s] -- Installing: /home/hzh/ros2_learn/chapt7/chapt7_ws/install/autopartol_interfaces/share/autopartol_interfaces/cmake/rosidl_cmake-extras.cmake
[9.886s] -- Installing: /home/hzh/ros2_learn/chapt7/chapt7_ws/install/autopartol_interfaces/share/autopartol_interfaces/cmake/ament_cmake_export_include_directories-extras.cmake
[9.888s] -- Installing: /home/hzh/ros2_learn/chapt7/chapt7_ws/install/autopartol_interfaces/share/autopartol_interfaces/cmake/ament_cmake_export_libraries-extras.cmake
[9.889s] -- Installing: /home/hzh/ros2_learn/chapt7/chapt7_ws/install/autopartol_interfaces/share/autopartol_interfaces/cmake/ament_cmake_export_targets-extras.cmake
[9.889s] -- Installing: /home/hzh/ros2_learn/chapt7/chapt7_ws/install/autopartol_interfaces/share/autopartol_interfaces/cmake/rosidl_cmake_export_typesupport_targets-extras.cmake
[9.890s] -- Installing: /home/hzh/ros2_learn/chapt7/chapt7_ws/install/autopartol_interfaces/share/autopartol_interfaces/cmake/ament_cmake_export_dependencies-extras.cmake
[9.890s] -- Installing: /home/hzh/ros2_learn/chapt7/chapt7_ws/install/autopartol_interfaces/share/autopartol_interfaces/cmake/rosidl_cmake_export_typesupport_libraries-extras.cmake
[9.890s] -- Installing: /home/hzh/ros2_learn/chapt7/chapt7_ws/install/autopartol_interfaces/share/autopartol_interfaces/cmake/autopartol_interfacesConfig.cmake
[9.890s] -- Installing: /home/hzh/ros2_learn/chapt7/chapt7_ws/install/autopartol_interfaces/share/autopartol_interfaces/cmake/autopartol_interfacesConfig-version.cmake
[9.890s] -- Installing: /home/hzh/ros2_learn/chapt7/chapt7_ws/install/autopartol_interfaces/share/autopartol_interfaces/package.xml
[9.891s] Invoked command in '/home/hzh/ros2_learn/chapt7/chapt7_ws/build/autopartol_interfaces' returned '0': CMAKE_PREFIX_PATH=${CMAKE_PREFIX_PATH}:/home/hzh/ros2_learn/chapt7/chapt7_ws/install/fishbot_application:/home/hzh/ros2_learn/chapt7/chapt7_ws/install/autopartol_robot:/opt/ros/humble /usr/bin/cmake --install /home/hzh/ros2_learn/chapt7/chapt7_ws/build/autopartol_interfaces
