[3.040s] Invoking command in '/home/hzh/ros2_learn/chapt10/chapt10_ws/src/learn_qos_py': PYTHONPATH=/home/hzh/ros2_learn/chapt10/chapt10_ws/build/learn_qos_py/prefix_override:/usr/lib/python3/dist-packages/colcon_core/task/python/colcon_distutils_commands:/home/hzh/ros2_learn/chapt10/chapt10_ws/install/learn_qos_py/lib/python3.10/site-packages:${PYTHONPATH} /usr/bin/python3 -W ignore:setup.py install is deprecated -W ignore:easy_install command is deprecated setup.py egg_info --egg-base ../../build/learn_qos_py build --build-base /home/hzh/ros2_learn/chapt10/chapt10_ws/build/learn_qos_py/build install --record /home/hzh/ros2_learn/chapt10/chapt10_ws/build/learn_qos_py/install.log --install-scripts $base/lib/learn_qos_py --single-version-externally-managed install_data
[3.699s] running egg_info
[3.699s] writing ../../build/learn_qos_py/learn_qos_py.egg-info/PKG-INFO
[3.706s] writing dependency_links to ../../build/learn_qos_py/learn_qos_py.egg-info/dependency_links.txt
[3.707s] writing entry points to ../../build/learn_qos_py/learn_qos_py.egg-info/entry_points.txt
[3.711s] writing requirements to ../../build/learn_qos_py/learn_qos_py.egg-info/requires.txt
[3.715s] writing top-level names to ../../build/learn_qos_py/learn_qos_py.egg-info/top_level.txt
[3.724s] reading manifest file '../../build/learn_qos_py/learn_qos_py.egg-info/SOURCES.txt'
[3.730s] writing manifest file '../../build/learn_qos_py/learn_qos_py.egg-info/SOURCES.txt'
[3.736s] running build
[3.736s] running build_py
[3.736s] running install
[3.736s] running install_lib
[3.736s] running install_data
[3.736s] running install_egg_info
[3.744s] removing '/home/hzh/ros2_learn/chapt10/chapt10_ws/install/learn_qos_py/lib/python3.10/site-packages/learn_qos_py-0.0.0-py3.10.egg-info' (and everything under it)
[3.747s] Copying ../../build/learn_qos_py/learn_qos_py.egg-info to /home/hzh/ros2_learn/chapt10/chapt10_ws/install/learn_qos_py/lib/python3.10/site-packages/learn_qos_py-0.0.0-py3.10.egg-info
[3.752s] running install_scripts
[3.842s] Installing reliability_test script to /home/hzh/ros2_learn/chapt10/chapt10_ws/install/learn_qos_py/lib/learn_qos_py
[3.845s] writing list of installed files to '/home/hzh/ros2_learn/chapt10/chapt10_ws/build/learn_qos_py/install.log'
[3.930s] Invoked command in '/home/hzh/ros2_learn/chapt10/chapt10_ws/src/learn_qos_py' returned '0': PYTHONPATH=/home/hzh/ros2_learn/chapt10/chapt10_ws/build/learn_qos_py/prefix_override:/usr/lib/python3/dist-packages/colcon_core/task/python/colcon_distutils_commands:/home/hzh/ros2_learn/chapt10/chapt10_ws/install/learn_qos_py/lib/python3.10/site-packages:${PYTHONPATH} /usr/bin/python3 -W ignore:setup.py install is deprecated -W ignore:easy_install command is deprecated setup.py egg_info --egg-base ../../build/learn_qos_py build --build-base /home/hzh/ros2_learn/chapt10/chapt10_ws/build/learn_qos_py/build install --record /home/hzh/ros2_learn/chapt10/chapt10_ws/build/learn_qos_py/install.log --install-scripts $base/lib/learn_qos_py --single-version-externally-managed install_data
