[2.639s] Invoking command in '/home/hzh/ros2_learn/chapt8/chapt8_ws/src/fishbot_application': PYTHONPATH=/home/hzh/ros2_learn/chapt8/chapt8_ws/build/fishbot_application/prefix_override:/usr/lib/python3/dist-packages/colcon_core/task/python/colcon_distutils_commands:/home/hzh/ros2_learn/chapt8/chapt8_ws/install/fishbot_application/lib/python3.10/site-packages:${PYTHONPATH} /usr/bin/python3 -W ignore:setup.py install is deprecated -W ignore:easy_install command is deprecated setup.py egg_info --egg-base ../../build/fishbot_application build --build-base /home/hzh/ros2_learn/chapt8/chapt8_ws/build/fishbot_application/build install --record /home/hzh/ros2_learn/chapt8/chapt8_ws/build/fishbot_application/install.log --single-version-externally-managed install_data
[3.334s] running egg_info
[3.334s] writing ../../build/fishbot_application/fishbot_application.egg-info/PKG-INFO
[3.336s] writing dependency_links to ../../build/fishbot_application/fishbot_application.egg-info/dependency_links.txt
[3.337s] writing entry points to ../../build/fishbot_application/fishbot_application.egg-info/entry_points.txt
[3.341s] writing requirements to ../../build/fishbot_application/fishbot_application.egg-info/requires.txt
[3.344s] writing top-level names to ../../build/fishbot_application/fishbot_application.egg-info/top_level.txt
[3.345s] reading manifest file '../../build/fishbot_application/fishbot_application.egg-info/SOURCES.txt'
[3.346s] adding license file 'LICENSE'
[3.349s] writing manifest file '../../build/fishbot_application/fishbot_application.egg-info/SOURCES.txt'
[3.349s] running build
[3.349s] running build_py
[3.351s] running install
[3.355s] running install_lib
[3.357s] running install_data
[3.357s] running install_egg_info
[3.371s] removing '/home/hzh/ros2_learn/chapt8/chapt8_ws/install/fishbot_application/lib/python3.10/site-packages/fishbot_application-0.0.0-py3.10.egg-info' (and everything under it)
[3.371s] Copying ../../build/fishbot_application/fishbot_application.egg-info to /home/hzh/ros2_learn/chapt8/chapt8_ws/install/fishbot_application/lib/python3.10/site-packages/fishbot_application-0.0.0-py3.10.egg-info
[3.377s] running install_scripts
[3.422s] Installing get_robot_pose script to /home/hzh/ros2_learn/chapt8/chapt8_ws/install/fishbot_application/lib/fishbot_application
[3.424s] Installing init_robot_pose script to /home/hzh/ros2_learn/chapt8/chapt8_ws/install/fishbot_application/lib/fishbot_application
[3.424s] Installing nav_to_pose script to /home/hzh/ros2_learn/chapt8/chapt8_ws/install/fishbot_application/lib/fishbot_application
[3.425s] Installing waypoint_follower script to /home/hzh/ros2_learn/chapt8/chapt8_ws/install/fishbot_application/lib/fishbot_application
[3.426s] writing list of installed files to '/home/hzh/ros2_learn/chapt8/chapt8_ws/build/fishbot_application/install.log'
[3.529s] Invoked command in '/home/hzh/ros2_learn/chapt8/chapt8_ws/src/fishbot_application' returned '0': PYTHONPATH=/home/hzh/ros2_learn/chapt8/chapt8_ws/build/fishbot_application/prefix_override:/usr/lib/python3/dist-packages/colcon_core/task/python/colcon_distutils_commands:/home/hzh/ros2_learn/chapt8/chapt8_ws/install/fishbot_application/lib/python3.10/site-packages:${PYTHONPATH} /usr/bin/python3 -W ignore:setup.py install is deprecated -W ignore:easy_install command is deprecated setup.py egg_info --egg-base ../../build/fishbot_application build --build-base /home/hzh/ros2_learn/chapt8/chapt8_ws/build/fishbot_application/build install --record /home/hzh/ros2_learn/chapt8/chapt8_ws/build/fishbot_application/install.log --single-version-externally-managed install_data
