[0.136s] DEBUG:colcon:Command line arguments: ['/usr/bin/colcon', 'build']
[0.137s] DEBUG:colcon:Parsed command line arguments: Namespace(log_base=None, log_level=None, verb_name='build', build_base='build', install_base='install', merge_install=False, symlink_install=False, test_result_base=None, continue_on_error=False, executor='parallel', parallel_workers=4, event_handlers=None, ignore_user_meta=False, metas=['./colcon.meta'], base_paths=['.'], packages_ignore=None, packages_ignore_regex=None, paths=None, packages_up_to=None, packages_up_to_regex=None, packages_above=None, packages_above_and_dependencies=None, packages_above_depth=None, packages_select_by_dep=None, packages_skip_by_dep=None, packages_skip_up_to=None, packages_select_build_failed=False, packages_skip_build_finished=False, packages_select_test_failures=False, packages_skip_test_passed=False, packages_select=None, packages_skip=None, packages_select_regex=None, packages_skip_regex=None, packages_start=None, packages_end=None, allow_overriding=[], cmake_args=None, cmake_target=None, cmake_target_skip_unavailable=False, cmake_clean_cache=False, cmake_clean_first=False, cmake_force_configure=False, ament_cmake_args=None, catkin_cmake_args=None, catkin_skip_building_tests=False, verb_parser=<colcon_defaults.argument_parser.defaults.DefaultArgumentsDecorator object at 0x76ad0801f4f0>, verb_extension=<colcon_core.verb.build.BuildVerb object at 0x76ad0801eef0>, main=<bound method BuildVerb.main of <colcon_core.verb.build.BuildVerb object at 0x76ad0801eef0>>)
[0.355s] Level 1:colcon.colcon_core.package_discovery:discover_packages(colcon_meta) check parameters
[0.356s] Level 1:colcon.colcon_core.package_discovery:discover_packages(recursive) check parameters
[0.356s] Level 1:colcon.colcon_core.package_discovery:discover_packages(ignore) check parameters
[0.356s] Level 1:colcon.colcon_core.package_discovery:discover_packages(path) check parameters
[0.356s] Level 1:colcon.colcon_core.package_discovery:discover_packages(colcon_meta) discover
[0.356s] Level 1:colcon.colcon_core.package_discovery:discover_packages(recursive) discover
[0.356s] INFO:colcon.colcon_core.package_discovery:Crawling recursively for packages in '/home/hzh/ros2_learn/chapt3/topic_ws'
[0.356s] Level 1:colcon.colcon_core.package_identification:_identify(.) by extensions ['ignore', 'ignore_ament_install']
[0.356s] Level 1:colcon.colcon_core.package_identification:_identify(.) by extension 'ignore'
[0.356s] Level 1:colcon.colcon_core.package_identification:_identify(.) by extension 'ignore_ament_install'
[0.356s] Level 1:colcon.colcon_core.package_identification:_identify(.) by extensions ['colcon_pkg']
[0.356s] Level 1:colcon.colcon_core.package_identification:_identify(.) by extension 'colcon_pkg'
[0.356s] Level 1:colcon.colcon_core.package_identification:_identify(.) by extensions ['colcon_meta']
[0.356s] Level 1:colcon.colcon_core.package_identification:_identify(.) by extension 'colcon_meta'
[0.357s] Level 1:colcon.colcon_core.package_identification:_identify(.) by extensions ['ros']
[0.357s] Level 1:colcon.colcon_core.package_identification:_identify(.) by extension 'ros'
[0.375s] Level 1:colcon.colcon_core.package_identification:_identify(.) by extensions ['cmake', 'python']
[0.375s] Level 1:colcon.colcon_core.package_identification:_identify(.) by extension 'cmake'
[0.375s] Level 1:colcon.colcon_core.package_identification:_identify(.) by extension 'python'
[0.375s] Level 1:colcon.colcon_core.package_identification:_identify(.) by extensions ['python_setup_py']
[0.375s] Level 1:colcon.colcon_core.package_identification:_identify(.) by extension 'python_setup_py'
[0.375s] Level 1:colcon.colcon_core.package_identification:_identify(build) by extensions ['ignore', 'ignore_ament_install']
[0.376s] Level 1:colcon.colcon_core.package_identification:_identify(build) by extension 'ignore'
[0.376s] Level 1:colcon.colcon_core.package_identification:_identify(build) ignored
[0.376s] Level 1:colcon.colcon_core.package_identification:_identify(install) by extensions ['ignore', 'ignore_ament_install']
[0.376s] Level 1:colcon.colcon_core.package_identification:_identify(install) by extension 'ignore'
[0.376s] Level 1:colcon.colcon_core.package_identification:_identify(install) ignored
[0.376s] Level 1:colcon.colcon_core.package_identification:_identify(log) by extensions ['ignore', 'ignore_ament_install']
[0.376s] Level 1:colcon.colcon_core.package_identification:_identify(log) by extension 'ignore'
[0.377s] Level 1:colcon.colcon_core.package_identification:_identify(log) ignored
[0.377s] Level 1:colcon.colcon_core.package_identification:_identify(src) by extensions ['ignore', 'ignore_ament_install']
[0.377s] Level 1:colcon.colcon_core.package_identification:_identify(src) by extension 'ignore'
[0.377s] Level 1:colcon.colcon_core.package_identification:_identify(src) by extension 'ignore_ament_install'
[0.377s] Level 1:colcon.colcon_core.package_identification:_identify(src) by extensions ['colcon_pkg']
[0.377s] Level 1:colcon.colcon_core.package_identification:_identify(src) by extension 'colcon_pkg'
[0.377s] Level 1:colcon.colcon_core.package_identification:_identify(src) by extensions ['colcon_meta']
[0.377s] Level 1:colcon.colcon_core.package_identification:_identify(src) by extension 'colcon_meta'
[0.378s] Level 1:colcon.colcon_core.package_identification:_identify(src) by extensions ['ros']
[0.378s] Level 1:colcon.colcon_core.package_identification:_identify(src) by extension 'ros'
[0.379s] Level 1:colcon.colcon_core.package_identification:_identify(src) by extensions ['cmake', 'python']
[0.379s] Level 1:colcon.colcon_core.package_identification:_identify(src) by extension 'cmake'
[0.379s] Level 1:colcon.colcon_core.package_identification:_identify(src) by extension 'python'
[0.379s] Level 1:colcon.colcon_core.package_identification:_identify(src) by extensions ['python_setup_py']
[0.379s] Level 1:colcon.colcon_core.package_identification:_identify(src) by extension 'python_setup_py'
[0.379s] Level 1:colcon.colcon_core.package_identification:_identify(src/demo_cpp_topic) by extensions ['ignore', 'ignore_ament_install']
[0.379s] Level 1:colcon.colcon_core.package_identification:_identify(src/demo_cpp_topic) by extension 'ignore'
[0.379s] Level 1:colcon.colcon_core.package_identification:_identify(src/demo_cpp_topic) by extension 'ignore_ament_install'
[0.379s] Level 1:colcon.colcon_core.package_identification:_identify(src/demo_cpp_topic) by extensions ['colcon_pkg']
[0.379s] Level 1:colcon.colcon_core.package_identification:_identify(src/demo_cpp_topic) by extension 'colcon_pkg'
[0.379s] Level 1:colcon.colcon_core.package_identification:_identify(src/demo_cpp_topic) by extensions ['colcon_meta']
[0.380s] Level 1:colcon.colcon_core.package_identification:_identify(src/demo_cpp_topic) by extension 'colcon_meta'
[0.380s] Level 1:colcon.colcon_core.package_identification:_identify(src/demo_cpp_topic) by extensions ['ros']
[0.380s] Level 1:colcon.colcon_core.package_identification:_identify(src/demo_cpp_topic) by extension 'ros'
[0.383s] DEBUG:colcon.colcon_core.package_identification:Package 'src/demo_cpp_topic' with type 'ros.ament_cmake' and name 'demo_cpp_topic'
[0.384s] Level 1:colcon.colcon_core.package_identification:_identify(src/demo_python_topic) by extensions ['ignore', 'ignore_ament_install']
[0.384s] Level 1:colcon.colcon_core.package_identification:_identify(src/demo_python_topic) by extension 'ignore'
[0.384s] Level 1:colcon.colcon_core.package_identification:_identify(src/demo_python_topic) by extension 'ignore_ament_install'
[0.384s] Level 1:colcon.colcon_core.package_identification:_identify(src/demo_python_topic) by extensions ['colcon_pkg']
[0.384s] Level 1:colcon.colcon_core.package_identification:_identify(src/demo_python_topic) by extension 'colcon_pkg'
[0.384s] Level 1:colcon.colcon_core.package_identification:_identify(src/demo_python_topic) by extensions ['colcon_meta']
[0.384s] Level 1:colcon.colcon_core.package_identification:_identify(src/demo_python_topic) by extension 'colcon_meta'
[0.384s] Level 1:colcon.colcon_core.package_identification:_identify(src/demo_python_topic) by extensions ['ros']
[0.384s] Level 1:colcon.colcon_core.package_identification:_identify(src/demo_python_topic) by extension 'ros'
[0.386s] DEBUG:colcon.colcon_core.package_identification:Package 'src/demo_python_topic' with type 'ros.ament_python' and name 'demo_python_topic'
[0.386s] Level 1:colcon.colcon_core.package_discovery:discover_packages(recursive) using defaults
[0.386s] Level 1:colcon.colcon_core.package_discovery:discover_packages(ignore) discover
[0.386s] Level 1:colcon.colcon_core.package_discovery:discover_packages(ignore) using defaults
[0.386s] Level 1:colcon.colcon_core.package_discovery:discover_packages(path) discover
[0.386s] Level 1:colcon.colcon_core.package_discovery:discover_packages(path) using defaults
[0.414s] Level 1:colcon.colcon_core.package_discovery:discover_packages(prefix_path) check parameters
[0.414s] Level 1:colcon.colcon_core.package_discovery:discover_packages(prefix_path) discover
[0.417s] DEBUG:colcon.colcon_installed_package_information.package_discovery:Found 273 installed packages in /opt/ros/humble
[0.422s] Level 1:colcon.colcon_core.package_discovery:discover_packages(prefix_path) using defaults
[0.483s] Level 5:colcon.colcon_core.verb:set package 'demo_cpp_topic' build argument 'cmake_args' from command line to 'None'
[0.483s] Level 5:colcon.colcon_core.verb:set package 'demo_cpp_topic' build argument 'cmake_target' from command line to 'None'
[0.483s] Level 5:colcon.colcon_core.verb:set package 'demo_cpp_topic' build argument 'cmake_target_skip_unavailable' from command line to 'False'
[0.484s] Level 5:colcon.colcon_core.verb:set package 'demo_cpp_topic' build argument 'cmake_clean_cache' from command line to 'False'
[0.484s] Level 5:colcon.colcon_core.verb:set package 'demo_cpp_topic' build argument 'cmake_clean_first' from command line to 'False'
[0.484s] Level 5:colcon.colcon_core.verb:set package 'demo_cpp_topic' build argument 'cmake_force_configure' from command line to 'False'
[0.484s] Level 5:colcon.colcon_core.verb:set package 'demo_cpp_topic' build argument 'ament_cmake_args' from command line to 'None'
[0.484s] Level 5:colcon.colcon_core.verb:set package 'demo_cpp_topic' build argument 'catkin_cmake_args' from command line to 'None'
[0.484s] Level 5:colcon.colcon_core.verb:set package 'demo_cpp_topic' build argument 'catkin_skip_building_tests' from command line to 'False'
[0.484s] DEBUG:colcon.colcon_core.verb:Building package 'demo_cpp_topic' with the following arguments: {'ament_cmake_args': None, 'build_base': '/home/hzh/ros2_learn/chapt3/topic_ws/build/demo_cpp_topic', 'catkin_cmake_args': None, 'catkin_skip_building_tests': False, 'cmake_args': None, 'cmake_clean_cache': False, 'cmake_clean_first': False, 'cmake_force_configure': False, 'cmake_target': None, 'cmake_target_skip_unavailable': False, 'install_base': '/home/hzh/ros2_learn/chapt3/topic_ws/install/demo_cpp_topic', 'merge_install': False, 'path': '/home/hzh/ros2_learn/chapt3/topic_ws/src/demo_cpp_topic', 'symlink_install': False, 'test_result_base': None}
[0.484s] Level 5:colcon.colcon_core.verb:set package 'demo_python_topic' build argument 'cmake_args' from command line to 'None'
[0.485s] Level 5:colcon.colcon_core.verb:set package 'demo_python_topic' build argument 'cmake_target' from command line to 'None'
[0.485s] Level 5:colcon.colcon_core.verb:set package 'demo_python_topic' build argument 'cmake_target_skip_unavailable' from command line to 'False'
[0.485s] Level 5:colcon.colcon_core.verb:set package 'demo_python_topic' build argument 'cmake_clean_cache' from command line to 'False'
[0.485s] Level 5:colcon.colcon_core.verb:set package 'demo_python_topic' build argument 'cmake_clean_first' from command line to 'False'
[0.485s] Level 5:colcon.colcon_core.verb:set package 'demo_python_topic' build argument 'cmake_force_configure' from command line to 'False'
[0.485s] Level 5:colcon.colcon_core.verb:set package 'demo_python_topic' build argument 'ament_cmake_args' from command line to 'None'
[0.485s] Level 5:colcon.colcon_core.verb:set package 'demo_python_topic' build argument 'catkin_cmake_args' from command line to 'None'
[0.485s] Level 5:colcon.colcon_core.verb:set package 'demo_python_topic' build argument 'catkin_skip_building_tests' from command line to 'False'
[0.485s] DEBUG:colcon.colcon_core.verb:Building package 'demo_python_topic' with the following arguments: {'ament_cmake_args': None, 'build_base': '/home/hzh/ros2_learn/chapt3/topic_ws/build/demo_python_topic', 'catkin_cmake_args': None, 'catkin_skip_building_tests': False, 'cmake_args': None, 'cmake_clean_cache': False, 'cmake_clean_first': False, 'cmake_force_configure': False, 'cmake_target': None, 'cmake_target_skip_unavailable': False, 'install_base': '/home/hzh/ros2_learn/chapt3/topic_ws/install/demo_python_topic', 'merge_install': False, 'path': '/home/hzh/ros2_learn/chapt3/topic_ws/src/demo_python_topic', 'symlink_install': False, 'test_result_base': None}
[0.485s] INFO:colcon.colcon_core.executor:Executing jobs using 'parallel' executor
[0.487s] DEBUG:colcon.colcon_parallel_executor.executor.parallel:run_until_complete
[0.488s] INFO:colcon.colcon_ros.task.ament_cmake.build:Building ROS package in '/home/hzh/ros2_learn/chapt3/topic_ws/src/demo_cpp_topic' with build type 'ament_cmake'
[0.488s] INFO:colcon.colcon_cmake.task.cmake.build:Building CMake package in '/home/hzh/ros2_learn/chapt3/topic_ws/src/demo_cpp_topic'
[0.493s] INFO:colcon.colcon_core.plugin_system:Skipping extension 'colcon_core.shell.bat': Not used on non-Windows systems
[0.493s] INFO:colcon.colcon_core.shell:Skip shell extension 'powershell' for command environment: Not usable outside of PowerShell
[0.493s] DEBUG:colcon.colcon_core.shell:Skip shell extension 'dsv' for command environment
[0.499s] INFO:colcon.colcon_ros.task.ament_python.build:Building ROS package in '/home/hzh/ros2_learn/chapt3/topic_ws/src/demo_python_topic' with build type 'ament_python'
[0.500s] Level 1:colcon.colcon_core.shell:create_environment_hook('demo_python_topic', 'ament_prefix_path')
[0.500s] INFO:colcon.colcon_core.shell:Creating environment hook '/home/hzh/ros2_learn/chapt3/topic_ws/install/demo_python_topic/share/demo_python_topic/hook/ament_prefix_path.ps1'
[0.502s] INFO:colcon.colcon_core.shell:Creating environment descriptor '/home/hzh/ros2_learn/chapt3/topic_ws/install/demo_python_topic/share/demo_python_topic/hook/ament_prefix_path.dsv'
[0.507s] INFO:colcon.colcon_core.shell:Creating environment hook '/home/hzh/ros2_learn/chapt3/topic_ws/install/demo_python_topic/share/demo_python_topic/hook/ament_prefix_path.sh'
[0.510s] INFO:colcon.colcon_core.shell:Skip shell extension 'powershell' for command environment: Not usable outside of PowerShell
[0.510s] DEBUG:colcon.colcon_core.shell:Skip shell extension 'dsv' for command environment
[0.533s] DEBUG:colcon.colcon_core.event_handler.log_command:Invoking command in '/home/hzh/ros2_learn/chapt3/topic_ws/build/demo_cpp_topic': CMAKE_PREFIX_PATH=/opt/ros/humble /usr/bin/cmake --build /home/hzh/ros2_learn/chapt3/topic_ws/build/demo_cpp_topic -- -j4 -l4
[1.050s] INFO:colcon.colcon_core.task.python.build:Building Python package in '/home/hzh/ros2_learn/chapt3/topic_ws/src/demo_python_topic'
[1.050s] INFO:colcon.colcon_core.shell:Skip shell extension 'powershell' for command environment: Not usable outside of PowerShell
[1.052s] DEBUG:colcon.colcon_core.shell:Skip shell extension 'dsv' for command environment
[1.962s] DEBUG:colcon.colcon_core.event_handler.log_command:Invoking command in '/home/hzh/ros2_learn/chapt3/topic_ws/src/demo_python_topic': PYTHONPATH=/home/hzh/ros2_learn/chapt3/topic_ws/build/demo_python_topic/prefix_override:/usr/lib/python3/dist-packages/colcon_core/task/python/colcon_distutils_commands:/home/hzh/ros2_learn/chapt3/topic_ws/install/demo_python_topic/lib/python3.10/site-packages:${PYTHONPATH} /usr/bin/python3 -W ignore:setup.py install is deprecated -W ignore:easy_install command is deprecated setup.py egg_info --egg-base ../../build/demo_python_topic build --build-base /home/hzh/ros2_learn/chapt3/topic_ws/build/demo_python_topic/build install --record /home/hzh/ros2_learn/chapt3/topic_ws/build/demo_python_topic/install.log --single-version-externally-managed install_data
[2.555s] DEBUG:colcon.colcon_core.event_handler.log_command:Invoked command in '/home/hzh/ros2_learn/chapt3/topic_ws/src/demo_python_topic' returned '0': PYTHONPATH=/home/hzh/ros2_learn/chapt3/topic_ws/build/demo_python_topic/prefix_override:/usr/lib/python3/dist-packages/colcon_core/task/python/colcon_distutils_commands:/home/hzh/ros2_learn/chapt3/topic_ws/install/demo_python_topic/lib/python3.10/site-packages:${PYTHONPATH} /usr/bin/python3 -W ignore:setup.py install is deprecated -W ignore:easy_install command is deprecated setup.py egg_info --egg-base ../../build/demo_python_topic build --build-base /home/hzh/ros2_learn/chapt3/topic_ws/build/demo_python_topic/build install --record /home/hzh/ros2_learn/chapt3/topic_ws/build/demo_python_topic/install.log --single-version-externally-managed install_data
[2.558s] Level 1:colcon.colcon_core.environment:checking '/home/hzh/ros2_learn/chapt3/topic_ws/install/demo_python_topic' for CMake module files
[2.559s] Level 1:colcon.colcon_core.environment:checking '/home/hzh/ros2_learn/chapt3/topic_ws/install/demo_python_topic' for CMake config files
[2.561s] Level 1:colcon.colcon_core.environment:checking '/home/hzh/ros2_learn/chapt3/topic_ws/install/demo_python_topic/lib'
[2.562s] Level 1:colcon.colcon_core.environment:checking '/home/hzh/ros2_learn/chapt3/topic_ws/install/demo_python_topic/bin'
[2.562s] Level 1:colcon.colcon_core.environment:checking '/home/hzh/ros2_learn/chapt3/topic_ws/install/demo_python_topic/lib/pkgconfig/demo_python_topic.pc'
[2.562s] Level 1:colcon.colcon_core.environment:checking '/home/hzh/ros2_learn/chapt3/topic_ws/install/demo_python_topic/lib/python3.10/site-packages'
[2.563s] Level 1:colcon.colcon_core.shell:create_environment_hook('demo_python_topic', 'pythonpath')
[2.563s] INFO:colcon.colcon_core.shell:Creating environment hook '/home/hzh/ros2_learn/chapt3/topic_ws/install/demo_python_topic/share/demo_python_topic/hook/pythonpath.ps1'
[2.564s] INFO:colcon.colcon_core.shell:Creating environment descriptor '/home/hzh/ros2_learn/chapt3/topic_ws/install/demo_python_topic/share/demo_python_topic/hook/pythonpath.dsv'
[2.565s] INFO:colcon.colcon_core.shell:Creating environment hook '/home/hzh/ros2_learn/chapt3/topic_ws/install/demo_python_topic/share/demo_python_topic/hook/pythonpath.sh'
[2.568s] Level 1:colcon.colcon_core.environment:checking '/home/hzh/ros2_learn/chapt3/topic_ws/install/demo_python_topic/bin'
[2.568s] Level 1:colcon.colcon_core.environment:create_environment_scripts_only(demo_python_topic)
[2.569s] INFO:colcon.colcon_core.shell:Creating package script '/home/hzh/ros2_learn/chapt3/topic_ws/install/demo_python_topic/share/demo_python_topic/package.ps1'
[2.570s] INFO:colcon.colcon_core.shell:Creating package descriptor '/home/hzh/ros2_learn/chapt3/topic_ws/install/demo_python_topic/share/demo_python_topic/package.dsv'
[2.572s] INFO:colcon.colcon_core.shell:Creating package script '/home/hzh/ros2_learn/chapt3/topic_ws/install/demo_python_topic/share/demo_python_topic/package.sh'
[2.575s] INFO:colcon.colcon_core.shell:Creating package script '/home/hzh/ros2_learn/chapt3/topic_ws/install/demo_python_topic/share/demo_python_topic/package.bash'
[2.577s] INFO:colcon.colcon_core.shell:Creating package script '/home/hzh/ros2_learn/chapt3/topic_ws/install/demo_python_topic/share/demo_python_topic/package.zsh'
[2.580s] Level 1:colcon.colcon_core.environment:create_file_with_runtime_dependencies(/home/hzh/ros2_learn/chapt3/topic_ws/install/demo_python_topic/share/colcon-core/packages/demo_python_topic)
[9.246s] DEBUG:colcon.colcon_core.event_handler.log_command:Invoked command in '/home/hzh/ros2_learn/chapt3/topic_ws/build/demo_cpp_topic' returned '0': CMAKE_PREFIX_PATH=/opt/ros/humble /usr/bin/cmake --build /home/hzh/ros2_learn/chapt3/topic_ws/build/demo_cpp_topic -- -j4 -l4
[9.264s] DEBUG:colcon.colcon_core.event_handler.log_command:Invoking command in '/home/hzh/ros2_learn/chapt3/topic_ws/build/demo_cpp_topic': CMAKE_PREFIX_PATH=/opt/ros/humble /usr/bin/cmake --install /home/hzh/ros2_learn/chapt3/topic_ws/build/demo_cpp_topic
[9.286s] Level 1:colcon.colcon_core.environment:create_environment_scripts_only(demo_cpp_topic)
[9.286s] DEBUG:colcon.colcon_core.event_handler.log_command:Invoked command in '/home/hzh/ros2_learn/chapt3/topic_ws/build/demo_cpp_topic' returned '0': CMAKE_PREFIX_PATH=/opt/ros/humble /usr/bin/cmake --install /home/hzh/ros2_learn/chapt3/topic_ws/build/demo_cpp_topic
[9.287s] Level 1:colcon.colcon_core.environment:checking '/home/hzh/ros2_learn/chapt3/topic_ws/install/demo_cpp_topic' for CMake module files
[9.289s] Level 1:colcon.colcon_core.environment:checking '/home/hzh/ros2_learn/chapt3/topic_ws/install/demo_cpp_topic' for CMake config files
[9.289s] Level 1:colcon.colcon_core.shell:create_environment_hook('demo_cpp_topic', 'cmake_prefix_path')
[9.290s] INFO:colcon.colcon_core.shell:Creating environment hook '/home/hzh/ros2_learn/chapt3/topic_ws/install/demo_cpp_topic/share/demo_cpp_topic/hook/cmake_prefix_path.ps1'
[9.291s] INFO:colcon.colcon_core.shell:Creating environment descriptor '/home/hzh/ros2_learn/chapt3/topic_ws/install/demo_cpp_topic/share/demo_cpp_topic/hook/cmake_prefix_path.dsv'
[9.292s] INFO:colcon.colcon_core.shell:Creating environment hook '/home/hzh/ros2_learn/chapt3/topic_ws/install/demo_cpp_topic/share/demo_cpp_topic/hook/cmake_prefix_path.sh'
[9.293s] Level 1:colcon.colcon_core.environment:checking '/home/hzh/ros2_learn/chapt3/topic_ws/install/demo_cpp_topic/lib'
[9.293s] Level 1:colcon.colcon_core.environment:checking '/home/hzh/ros2_learn/chapt3/topic_ws/install/demo_cpp_topic/bin'
[9.293s] Level 1:colcon.colcon_core.environment:checking '/home/hzh/ros2_learn/chapt3/topic_ws/install/demo_cpp_topic/lib/pkgconfig/demo_cpp_topic.pc'
[9.294s] Level 1:colcon.colcon_core.environment:checking '/home/hzh/ros2_learn/chapt3/topic_ws/install/demo_cpp_topic/lib/python3.10/site-packages'
[9.294s] Level 1:colcon.colcon_core.environment:checking '/home/hzh/ros2_learn/chapt3/topic_ws/install/demo_cpp_topic/bin'
[9.294s] INFO:colcon.colcon_core.shell:Creating package script '/home/hzh/ros2_learn/chapt3/topic_ws/install/demo_cpp_topic/share/demo_cpp_topic/package.ps1'
[9.296s] INFO:colcon.colcon_core.shell:Creating package descriptor '/home/hzh/ros2_learn/chapt3/topic_ws/install/demo_cpp_topic/share/demo_cpp_topic/package.dsv'
[9.297s] INFO:colcon.colcon_core.shell:Creating package script '/home/hzh/ros2_learn/chapt3/topic_ws/install/demo_cpp_topic/share/demo_cpp_topic/package.sh'
[9.298s] INFO:colcon.colcon_core.shell:Creating package script '/home/hzh/ros2_learn/chapt3/topic_ws/install/demo_cpp_topic/share/demo_cpp_topic/package.bash'
[9.299s] INFO:colcon.colcon_core.shell:Creating package script '/home/hzh/ros2_learn/chapt3/topic_ws/install/demo_cpp_topic/share/demo_cpp_topic/package.zsh'
[9.300s] Level 1:colcon.colcon_core.environment:create_file_with_runtime_dependencies(/home/hzh/ros2_learn/chapt3/topic_ws/install/demo_cpp_topic/share/colcon-core/packages/demo_cpp_topic)
[9.301s] Level 1:colcon.colcon_core.environment:create_environment_scripts_only(demo_cpp_topic)
[9.301s] Level 1:colcon.colcon_core.environment:checking '/home/hzh/ros2_learn/chapt3/topic_ws/install/demo_cpp_topic' for CMake module files
[9.302s] Level 1:colcon.colcon_core.environment:checking '/home/hzh/ros2_learn/chapt3/topic_ws/install/demo_cpp_topic' for CMake config files
[9.302s] Level 1:colcon.colcon_core.shell:create_environment_hook('demo_cpp_topic', 'cmake_prefix_path')
[9.302s] INFO:colcon.colcon_core.shell:Creating environment hook '/home/hzh/ros2_learn/chapt3/topic_ws/install/demo_cpp_topic/share/demo_cpp_topic/hook/cmake_prefix_path.ps1'
[9.303s] INFO:colcon.colcon_core.shell:Creating environment descriptor '/home/hzh/ros2_learn/chapt3/topic_ws/install/demo_cpp_topic/share/demo_cpp_topic/hook/cmake_prefix_path.dsv'
[9.304s] INFO:colcon.colcon_core.shell:Creating environment hook '/home/hzh/ros2_learn/chapt3/topic_ws/install/demo_cpp_topic/share/demo_cpp_topic/hook/cmake_prefix_path.sh'
[9.306s] Level 1:colcon.colcon_core.environment:checking '/home/hzh/ros2_learn/chapt3/topic_ws/install/demo_cpp_topic/lib'
[9.307s] Level 1:colcon.colcon_core.environment:checking '/home/hzh/ros2_learn/chapt3/topic_ws/install/demo_cpp_topic/bin'
[9.307s] Level 1:colcon.colcon_core.environment:checking '/home/hzh/ros2_learn/chapt3/topic_ws/install/demo_cpp_topic/lib/pkgconfig/demo_cpp_topic.pc'
[9.307s] Level 1:colcon.colcon_core.environment:checking '/home/hzh/ros2_learn/chapt3/topic_ws/install/demo_cpp_topic/lib/python3.10/site-packages'
[9.308s] Level 1:colcon.colcon_core.environment:checking '/home/hzh/ros2_learn/chapt3/topic_ws/install/demo_cpp_topic/bin'
[9.308s] INFO:colcon.colcon_core.shell:Creating package script '/home/hzh/ros2_learn/chapt3/topic_ws/install/demo_cpp_topic/share/demo_cpp_topic/package.ps1'
[9.310s] INFO:colcon.colcon_core.shell:Creating package descriptor '/home/hzh/ros2_learn/chapt3/topic_ws/install/demo_cpp_topic/share/demo_cpp_topic/package.dsv'
[9.311s] INFO:colcon.colcon_core.shell:Creating package script '/home/hzh/ros2_learn/chapt3/topic_ws/install/demo_cpp_topic/share/demo_cpp_topic/package.sh'
[9.313s] INFO:colcon.colcon_core.shell:Creating package script '/home/hzh/ros2_learn/chapt3/topic_ws/install/demo_cpp_topic/share/demo_cpp_topic/package.bash'
[9.314s] INFO:colcon.colcon_core.shell:Creating package script '/home/hzh/ros2_learn/chapt3/topic_ws/install/demo_cpp_topic/share/demo_cpp_topic/package.zsh'
[9.315s] Level 1:colcon.colcon_core.environment:create_file_with_runtime_dependencies(/home/hzh/ros2_learn/chapt3/topic_ws/install/demo_cpp_topic/share/colcon-core/packages/demo_cpp_topic)
[9.316s] DEBUG:colcon.colcon_parallel_executor.executor.parallel:closing loop
[9.317s] DEBUG:colcon.colcon_parallel_executor.executor.parallel:loop closed
[9.317s] DEBUG:colcon.colcon_parallel_executor.executor.parallel:run_until_complete finished with '0'
[9.317s] DEBUG:colcon.colcon_core.event_reactor:joining thread
[9.330s] INFO:colcon.colcon_core.plugin_system:Skipping extension 'colcon_notification.desktop_notification.terminal_notifier': Not used on non-Darwin systems
[9.330s] INFO:colcon.colcon_core.plugin_system:Skipping extension 'colcon_notification.desktop_notification.win32': Not used on non-Windows systems
[9.331s] INFO:colcon.colcon_notification.desktop_notification:Sending desktop notification using 'notify2'
[9.362s] DEBUG:colcon.colcon_core.event_reactor:joined thread
[9.362s] INFO:colcon.colcon_core.shell:Creating prefix script '/home/hzh/ros2_learn/chapt3/topic_ws/install/local_setup.ps1'
[9.365s] INFO:colcon.colcon_core.shell:Creating prefix util module '/home/hzh/ros2_learn/chapt3/topic_ws/install/_local_setup_util_ps1.py'
[9.368s] INFO:colcon.colcon_core.shell:Creating prefix chain script '/home/hzh/ros2_learn/chapt3/topic_ws/install/setup.ps1'
[9.370s] INFO:colcon.colcon_core.shell:Creating prefix script '/home/hzh/ros2_learn/chapt3/topic_ws/install/local_setup.sh'
[9.372s] INFO:colcon.colcon_core.shell:Creating prefix util module '/home/hzh/ros2_learn/chapt3/topic_ws/install/_local_setup_util_sh.py'
[9.374s] INFO:colcon.colcon_core.shell:Creating prefix chain script '/home/hzh/ros2_learn/chapt3/topic_ws/install/setup.sh'
[9.376s] INFO:colcon.colcon_core.shell:Creating prefix script '/home/hzh/ros2_learn/chapt3/topic_ws/install/local_setup.bash'
[9.378s] INFO:colcon.colcon_core.shell:Creating prefix chain script '/home/hzh/ros2_learn/chapt3/topic_ws/install/setup.bash'
[9.380s] INFO:colcon.colcon_core.shell:Creating prefix script '/home/hzh/ros2_learn/chapt3/topic_ws/install/local_setup.zsh'
[9.382s] INFO:colcon.colcon_core.shell:Creating prefix chain script '/home/hzh/ros2_learn/chapt3/topic_ws/install/setup.zsh'
