[0.030s] Invoking command in '/home/hzh/ros2_learn/chapt3/topic_practice_ws/build/status_display': CMAKE_PREFIX_PATH=${CMAKE_PREFIX_PATH}:/home/hzh/ros2_learn/chapt3/topic_practice_ws/install/status_publisher:/opt/ros/humble /usr/bin/cmake /home/hzh/ros2_learn/chapt3/topic_practice_ws/src/status_display -DCMAKE_INSTALL_PREFIX=/home/hzh/ros2_learn/chapt3/topic_practice_ws/install/status_display
[0.194s] -- The C compiler identification is GNU 11.4.0
[0.314s] -- The CXX compiler identification is GNU 11.4.0
[0.329s] -- Detecting C compiler ABI info
[0.524s] -- Detecting C compiler ABI info - done
[0.540s] -- Check for working C compiler: /usr/bin/cc - skipped
[0.540s] -- Detecting C compile features
[0.540s] -- Detecting C compile features - done
[0.551s] -- Detecting CXX compiler ABI info
[0.750s] -- Detecting CXX compiler ABI info - done
[0.767s] -- Check for working CXX compiler: /usr/bin/c++ - skipped
[0.767s] -- Detecting CXX compile features
[0.769s] -- Detecting CXX compile features - done
[0.774s] -- Found ament_cmake: 1.3.14 (/opt/ros/humble/share/ament_cmake/cmake)
[1.028s] -- Found Python3: /usr/bin/python3 (found version "3.10.12") found components: Interpreter 
[1.204s] -- Found rclcpp: 16.0.19 (/opt/ros/humble/share/rclcpp/cmake)
[1.265s] -- Found rosidl_generator_c: 3.1.8 (/opt/ros/humble/share/rosidl_generator_c/cmake)
[1.274s] -- Found rosidl_adapter: 3.1.8 (/opt/ros/humble/share/rosidl_adapter/cmake)
[1.285s] -- Found rosidl_generator_cpp: 3.1.8 (/opt/ros/humble/share/rosidl_generator_cpp/cmake)
[1.303s] -- Using all available rosidl_typesupport_c: rosidl_typesupport_fastrtps_c;rosidl_typesupport_introspection_c
[1.327s] -- Using all available rosidl_typesupport_cpp: rosidl_typesupport_fastrtps_cpp;rosidl_typesupport_introspection_cpp
[1.398s] -- Found rmw_implementation_cmake: 6.1.2 (/opt/ros/humble/share/rmw_implementation_cmake/cmake)
[1.401s] -- Found rmw_fastrtps_cpp: 6.2.10 (/opt/ros/humble/share/rmw_fastrtps_cpp/cmake)
[1.578s] -- Found OpenSSL: /usr/lib/x86_64-linux-gnu/libcrypto.so (found version "3.0.2")  
[1.617s] -- Found FastRTPS: /opt/ros/humble/include  
[1.707s] -- Using RMW implementation 'rmw_fastrtps_cpp' as default
[1.732s] -- Looking for pthread.h
[1.913s] -- Looking for pthread.h - found
[1.914s] -- Performing Test CMAKE_HAVE_LIBC_PTHREAD
[2.049s] -- Performing Test CMAKE_HAVE_LIBC_PTHREAD - Success
[2.052s] -- Found Threads: TRUE  
[2.131s] -- Found status_interfaces: 0.0.0 (/home/hzh/ros2_learn/chapt3/topic_practice_ws/install/status_interfaces/share/status_interfaces/cmake)
[2.163s] -- Found ament_lint_auto: 0.12.15 (/opt/ros/humble/share/ament_lint_auto/cmake)
[2.291s] -- Added test 'cppcheck' to perform static code analysis on C / C++ code
[2.291s] -- Configured cppcheck include dirs: 
[2.291s] -- Configured cppcheck exclude dirs and/or files: 
[2.292s] -- Added test 'lint_cmake' to check CMake code style
[2.294s] -- Added test 'uncrustify' to check C / C++ code style
[2.294s] -- Configured uncrustify additional arguments: 
[2.295s] -- Added test 'xmllint' to check XML markup files
[2.296s] -- Configuring done
[2.307s] -- Generating done
[2.313s] -- Build files have been written to: /home/hzh/ros2_learn/chapt3/topic_practice_ws/build/status_display
[2.336s] Invoked command in '/home/hzh/ros2_learn/chapt3/topic_practice_ws/build/status_display' returned '0': CMAKE_PREFIX_PATH=${CMAKE_PREFIX_PATH}:/home/hzh/ros2_learn/chapt3/topic_practice_ws/install/status_publisher:/opt/ros/humble /usr/bin/cmake /home/hzh/ros2_learn/chapt3/topic_practice_ws/src/status_display -DCMAKE_INSTALL_PREFIX=/home/hzh/ros2_learn/chapt3/topic_practice_ws/install/status_display
[2.337s] Invoking command in '/home/hzh/ros2_learn/chapt3/topic_practice_ws/build/status_display': CMAKE_PREFIX_PATH=${CMAKE_PREFIX_PATH}:/home/hzh/ros2_learn/chapt3/topic_practice_ws/install/status_publisher:/opt/ros/humble /usr/bin/cmake --build /home/hzh/ros2_learn/chapt3/topic_practice_ws/build/status_display -- -j4 -l4
[2.434s] [ 50%] [32mBuilding CXX object CMakeFiles/hello_qt.dir/src/hello_qt.cpp.o[0m
[3.865s] [100%] [32m[1mLinking CXX executable hello_qt[0m
[4.338s] [100%] Built target hello_qt
[4.359s] Invoked command in '/home/hzh/ros2_learn/chapt3/topic_practice_ws/build/status_display' returned '0': CMAKE_PREFIX_PATH=${CMAKE_PREFIX_PATH}:/home/hzh/ros2_learn/chapt3/topic_practice_ws/install/status_publisher:/opt/ros/humble /usr/bin/cmake --build /home/hzh/ros2_learn/chapt3/topic_practice_ws/build/status_display -- -j4 -l4
[4.363s] Invoking command in '/home/hzh/ros2_learn/chapt3/topic_practice_ws/build/status_display': CMAKE_PREFIX_PATH=${CMAKE_PREFIX_PATH}:/home/hzh/ros2_learn/chapt3/topic_practice_ws/install/status_publisher:/opt/ros/humble /usr/bin/cmake --install /home/hzh/ros2_learn/chapt3/topic_practice_ws/build/status_display
[4.374s] -- Install configuration: ""
[4.374s] -- Installing: /home/hzh/ros2_learn/chapt3/topic_practice_ws/install/status_display/lib/status_display/hello_qt
[4.375s] -- Installing: /home/hzh/ros2_learn/chapt3/topic_practice_ws/install/status_display/share/ament_index/resource_index/package_run_dependencies/status_display
[4.375s] -- Installing: /home/hzh/ros2_learn/chapt3/topic_practice_ws/install/status_display/share/ament_index/resource_index/parent_prefix_path/status_display
[4.375s] -- Installing: /home/hzh/ros2_learn/chapt3/topic_practice_ws/install/status_display/share/status_display/environment/ament_prefix_path.sh
[4.376s] -- Installing: /home/hzh/ros2_learn/chapt3/topic_practice_ws/install/status_display/share/status_display/environment/ament_prefix_path.dsv
[4.376s] -- Installing: /home/hzh/ros2_learn/chapt3/topic_practice_ws/install/status_display/share/status_display/environment/path.sh
[4.376s] -- Installing: /home/hzh/ros2_learn/chapt3/topic_practice_ws/install/status_display/share/status_display/environment/path.dsv
[4.377s] -- Installing: /home/hzh/ros2_learn/chapt3/topic_practice_ws/install/status_display/share/status_display/local_setup.bash
[4.377s] -- Installing: /home/hzh/ros2_learn/chapt3/topic_practice_ws/install/status_display/share/status_display/local_setup.sh
[4.378s] -- Installing: /home/hzh/ros2_learn/chapt3/topic_practice_ws/install/status_display/share/status_display/local_setup.zsh
[4.380s] -- Installing: /home/hzh/ros2_learn/chapt3/topic_practice_ws/install/status_display/share/status_display/local_setup.dsv
[4.380s] -- Installing: /home/hzh/ros2_learn/chapt3/topic_practice_ws/install/status_display/share/status_display/package.dsv
[4.380s] -- Installing: /home/hzh/ros2_learn/chapt3/topic_practice_ws/install/status_display/share/ament_index/resource_index/packages/status_display
[4.380s] -- Installing: /home/hzh/ros2_learn/chapt3/topic_practice_ws/install/status_display/share/status_display/cmake/status_displayConfig.cmake
[4.380s] -- Installing: /home/hzh/ros2_learn/chapt3/topic_practice_ws/install/status_display/share/status_display/cmake/status_displayConfig-version.cmake
[4.381s] -- Installing: /home/hzh/ros2_learn/chapt3/topic_practice_ws/install/status_display/share/status_display/package.xml
[4.385s] Invoked command in '/home/hzh/ros2_learn/chapt3/topic_practice_ws/build/status_display' returned '0': CMAKE_PREFIX_PATH=${CMAKE_PREFIX_PATH}:/home/hzh/ros2_learn/chapt3/topic_practice_ws/install/status_publisher:/opt/ros/humble /usr/bin/cmake --install /home/hzh/ros2_learn/chapt3/topic_practice_ws/build/status_display
