[0.168s] DEBUG:colcon:Command line arguments: ['/usr/bin/colcon', 'build']
[0.168s] DEBUG:colcon:Parsed command line arguments: Namespace(log_base=None, log_level=None, verb_name='build', build_base='build', install_base='install', merge_install=False, symlink_install=False, test_result_base=None, continue_on_error=False, executor='parallel', parallel_workers=4, event_handlers=None, ignore_user_meta=False, metas=['./colcon.meta'], base_paths=['.'], packages_ignore=None, packages_ignore_regex=None, paths=None, packages_up_to=None, packages_up_to_regex=None, packages_above=None, packages_above_and_dependencies=None, packages_above_depth=None, packages_select_by_dep=None, packages_skip_by_dep=None, packages_skip_up_to=None, packages_select_build_failed=False, packages_skip_build_finished=False, packages_select_test_failures=False, packages_skip_test_passed=False, packages_select=None, packages_skip=None, packages_select_regex=None, packages_skip_regex=None, packages_start=None, packages_end=None, allow_overriding=[], cmake_args=None, cmake_target=None, cmake_target_skip_unavailable=False, cmake_clean_cache=False, cmake_clean_first=False, cmake_force_configure=False, ament_cmake_args=None, catkin_cmake_args=None, catkin_skip_building_tests=False, verb_parser=<colcon_defaults.argument_parser.defaults.DefaultArgumentsDecorator object at 0x7bc4676fc4c0>, verb_extension=<colcon_core.verb.build.BuildVerb object at 0x7bc4676cbe80>, main=<bound method BuildVerb.main of <colcon_core.verb.build.BuildVerb object at 0x7bc4676cbe80>>)
[0.415s] Level 1:colcon.colcon_core.package_discovery:discover_packages(colcon_meta) check parameters
[0.415s] Level 1:colcon.colcon_core.package_discovery:discover_packages(recursive) check parameters
[0.415s] Level 1:colcon.colcon_core.package_discovery:discover_packages(ignore) check parameters
[0.415s] Level 1:colcon.colcon_core.package_discovery:discover_packages(path) check parameters
[0.415s] Level 1:colcon.colcon_core.package_discovery:discover_packages(colcon_meta) discover
[0.415s] Level 1:colcon.colcon_core.package_discovery:discover_packages(recursive) discover
[0.416s] INFO:colcon.colcon_core.package_discovery:Crawling recursively for packages in '/home/hzh/ros2_learn/chapt7/chapt7_ws'
[0.416s] Level 1:colcon.colcon_core.package_identification:_identify(.) by extensions ['ignore', 'ignore_ament_install']
[0.416s] Level 1:colcon.colcon_core.package_identification:_identify(.) by extension 'ignore'
[0.416s] Level 1:colcon.colcon_core.package_identification:_identify(.) by extension 'ignore_ament_install'
[0.416s] Level 1:colcon.colcon_core.package_identification:_identify(.) by extensions ['colcon_pkg']
[0.416s] Level 1:colcon.colcon_core.package_identification:_identify(.) by extension 'colcon_pkg'
[0.416s] Level 1:colcon.colcon_core.package_identification:_identify(.) by extensions ['colcon_meta']
[0.416s] Level 1:colcon.colcon_core.package_identification:_identify(.) by extension 'colcon_meta'
[0.417s] Level 1:colcon.colcon_core.package_identification:_identify(.) by extensions ['ros']
[0.417s] Level 1:colcon.colcon_core.package_identification:_identify(.) by extension 'ros'
[0.434s] Level 1:colcon.colcon_core.package_identification:_identify(.) by extensions ['cmake', 'python']
[0.434s] Level 1:colcon.colcon_core.package_identification:_identify(.) by extension 'cmake'
[0.434s] Level 1:colcon.colcon_core.package_identification:_identify(.) by extension 'python'
[0.434s] Level 1:colcon.colcon_core.package_identification:_identify(.) by extensions ['python_setup_py']
[0.434s] Level 1:colcon.colcon_core.package_identification:_identify(.) by extension 'python_setup_py'
[0.435s] Level 1:colcon.colcon_core.package_identification:_identify(build) by extensions ['ignore', 'ignore_ament_install']
[0.435s] Level 1:colcon.colcon_core.package_identification:_identify(build) by extension 'ignore'
[0.435s] Level 1:colcon.colcon_core.package_identification:_identify(build) ignored
[0.435s] Level 1:colcon.colcon_core.package_identification:_identify(install) by extensions ['ignore', 'ignore_ament_install']
[0.436s] Level 1:colcon.colcon_core.package_identification:_identify(install) by extension 'ignore'
[0.436s] Level 1:colcon.colcon_core.package_identification:_identify(install) ignored
[0.436s] Level 1:colcon.colcon_core.package_identification:_identify(log) by extensions ['ignore', 'ignore_ament_install']
[0.436s] Level 1:colcon.colcon_core.package_identification:_identify(log) by extension 'ignore'
[0.436s] Level 1:colcon.colcon_core.package_identification:_identify(log) ignored
[0.436s] Level 1:colcon.colcon_core.package_identification:_identify(src) by extensions ['ignore', 'ignore_ament_install']
[0.437s] Level 1:colcon.colcon_core.package_identification:_identify(src) by extension 'ignore'
[0.437s] Level 1:colcon.colcon_core.package_identification:_identify(src) by extension 'ignore_ament_install'
[0.437s] Level 1:colcon.colcon_core.package_identification:_identify(src) by extensions ['colcon_pkg']
[0.437s] Level 1:colcon.colcon_core.package_identification:_identify(src) by extension 'colcon_pkg'
[0.437s] Level 1:colcon.colcon_core.package_identification:_identify(src) by extensions ['colcon_meta']
[0.437s] Level 1:colcon.colcon_core.package_identification:_identify(src) by extension 'colcon_meta'
[0.437s] Level 1:colcon.colcon_core.package_identification:_identify(src) by extensions ['ros']
[0.437s] Level 1:colcon.colcon_core.package_identification:_identify(src) by extension 'ros'
[0.437s] Level 1:colcon.colcon_core.package_identification:_identify(src) by extensions ['cmake', 'python']
[0.437s] Level 1:colcon.colcon_core.package_identification:_identify(src) by extension 'cmake'
[0.437s] Level 1:colcon.colcon_core.package_identification:_identify(src) by extension 'python'
[0.437s] Level 1:colcon.colcon_core.package_identification:_identify(src) by extensions ['python_setup_py']
[0.437s] Level 1:colcon.colcon_core.package_identification:_identify(src) by extension 'python_setup_py'
[0.438s] Level 1:colcon.colcon_core.package_identification:_identify(src/fishbot_application) by extensions ['ignore', 'ignore_ament_install']
[0.438s] Level 1:colcon.colcon_core.package_identification:_identify(src/fishbot_application) by extension 'ignore'
[0.438s] Level 1:colcon.colcon_core.package_identification:_identify(src/fishbot_application) by extension 'ignore_ament_install'
[0.438s] Level 1:colcon.colcon_core.package_identification:_identify(src/fishbot_application) by extensions ['colcon_pkg']
[0.438s] Level 1:colcon.colcon_core.package_identification:_identify(src/fishbot_application) by extension 'colcon_pkg'
[0.439s] Level 1:colcon.colcon_core.package_identification:_identify(src/fishbot_application) by extensions ['colcon_meta']
[0.439s] Level 1:colcon.colcon_core.package_identification:_identify(src/fishbot_application) by extension 'colcon_meta'
[0.439s] Level 1:colcon.colcon_core.package_identification:_identify(src/fishbot_application) by extensions ['ros']
[0.439s] Level 1:colcon.colcon_core.package_identification:_identify(src/fishbot_application) by extension 'ros'
[0.443s] DEBUG:colcon.colcon_core.package_identification:Package 'src/fishbot_application' with type 'ros.ament_python' and name 'fishbot_application'
[0.443s] Level 1:colcon.colcon_core.package_identification:_identify(src/fishbot_description) by extensions ['ignore', 'ignore_ament_install']
[0.443s] Level 1:colcon.colcon_core.package_identification:_identify(src/fishbot_description) by extension 'ignore'
[0.443s] Level 1:colcon.colcon_core.package_identification:_identify(src/fishbot_description) by extension 'ignore_ament_install'
[0.443s] Level 1:colcon.colcon_core.package_identification:_identify(src/fishbot_description) by extensions ['colcon_pkg']
[0.444s] Level 1:colcon.colcon_core.package_identification:_identify(src/fishbot_description) by extension 'colcon_pkg'
[0.444s] Level 1:colcon.colcon_core.package_identification:_identify(src/fishbot_description) by extensions ['colcon_meta']
[0.444s] Level 1:colcon.colcon_core.package_identification:_identify(src/fishbot_description) by extension 'colcon_meta'
[0.444s] Level 1:colcon.colcon_core.package_identification:_identify(src/fishbot_description) by extensions ['ros']
[0.444s] Level 1:colcon.colcon_core.package_identification:_identify(src/fishbot_description) by extension 'ros'
[0.445s] DEBUG:colcon.colcon_core.package_identification:Package 'src/fishbot_description' with type 'ros.ament_cmake' and name 'fishbot_description'
[0.445s] Level 1:colcon.colcon_core.package_identification:_identify(src/fishbot_navigation2) by extensions ['ignore', 'ignore_ament_install']
[0.445s] Level 1:colcon.colcon_core.package_identification:_identify(src/fishbot_navigation2) by extension 'ignore'
[0.445s] Level 1:colcon.colcon_core.package_identification:_identify(src/fishbot_navigation2) by extension 'ignore_ament_install'
[0.445s] Level 1:colcon.colcon_core.package_identification:_identify(src/fishbot_navigation2) by extensions ['colcon_pkg']
[0.445s] Level 1:colcon.colcon_core.package_identification:_identify(src/fishbot_navigation2) by extension 'colcon_pkg'
[0.445s] Level 1:colcon.colcon_core.package_identification:_identify(src/fishbot_navigation2) by extensions ['colcon_meta']
[0.445s] Level 1:colcon.colcon_core.package_identification:_identify(src/fishbot_navigation2) by extension 'colcon_meta'
[0.445s] Level 1:colcon.colcon_core.package_identification:_identify(src/fishbot_navigation2) by extensions ['ros']
[0.445s] Level 1:colcon.colcon_core.package_identification:_identify(src/fishbot_navigation2) by extension 'ros'
[0.446s] DEBUG:colcon.colcon_core.package_identification:Package 'src/fishbot_navigation2' with type 'ros.ament_cmake' and name 'fishbot_navigation2'
[0.446s] Level 1:colcon.colcon_core.package_identification:_identify(tmp) by extensions ['ignore', 'ignore_ament_install']
[0.447s] Level 1:colcon.colcon_core.package_identification:_identify(tmp) by extension 'ignore'
[0.447s] Level 1:colcon.colcon_core.package_identification:_identify(tmp) by extension 'ignore_ament_install'
[0.447s] Level 1:colcon.colcon_core.package_identification:_identify(tmp) by extensions ['colcon_pkg']
[0.447s] Level 1:colcon.colcon_core.package_identification:_identify(tmp) by extension 'colcon_pkg'
[0.447s] Level 1:colcon.colcon_core.package_identification:_identify(tmp) by extensions ['colcon_meta']
[0.447s] Level 1:colcon.colcon_core.package_identification:_identify(tmp) by extension 'colcon_meta'
[0.447s] Level 1:colcon.colcon_core.package_identification:_identify(tmp) by extensions ['ros']
[0.447s] Level 1:colcon.colcon_core.package_identification:_identify(tmp) by extension 'ros'
[0.447s] Level 1:colcon.colcon_core.package_identification:_identify(tmp) by extensions ['cmake', 'python']
[0.448s] Level 1:colcon.colcon_core.package_identification:_identify(tmp) by extension 'cmake'
[0.448s] Level 1:colcon.colcon_core.package_identification:_identify(tmp) by extension 'python'
[0.448s] Level 1:colcon.colcon_core.package_identification:_identify(tmp) by extensions ['python_setup_py']
[0.448s] Level 1:colcon.colcon_core.package_identification:_identify(tmp) by extension 'python_setup_py'
[0.448s] Level 1:colcon.colcon_core.package_identification:_identify(tmp/aha) by extensions ['ignore', 'ignore_ament_install']
[0.448s] Level 1:colcon.colcon_core.package_identification:_identify(tmp/aha) by extension 'ignore'
[0.448s] Level 1:colcon.colcon_core.package_identification:_identify(tmp/aha) by extension 'ignore_ament_install'
[0.448s] Level 1:colcon.colcon_core.package_identification:_identify(tmp/aha) by extensions ['colcon_pkg']
[0.448s] Level 1:colcon.colcon_core.package_identification:_identify(tmp/aha) by extension 'colcon_pkg'
[0.448s] Level 1:colcon.colcon_core.package_identification:_identify(tmp/aha) by extensions ['colcon_meta']
[0.448s] Level 1:colcon.colcon_core.package_identification:_identify(tmp/aha) by extension 'colcon_meta'
[0.448s] Level 1:colcon.colcon_core.package_identification:_identify(tmp/aha) by extensions ['ros']
[0.448s] Level 1:colcon.colcon_core.package_identification:_identify(tmp/aha) by extension 'ros'
[0.448s] Level 1:colcon.colcon_core.package_identification:_identify(tmp/aha) by extensions ['cmake', 'python']
[0.449s] Level 1:colcon.colcon_core.package_identification:_identify(tmp/aha) by extension 'cmake'
[0.449s] Level 1:colcon.colcon_core.package_identification:_identify(tmp/aha) by extension 'python'
[0.449s] Level 1:colcon.colcon_core.package_identification:_identify(tmp/aha) by extensions ['python_setup_py']
[0.449s] Level 1:colcon.colcon_core.package_identification:_identify(tmp/aha) by extension 'python_setup_py'
[0.449s] Level 1:colcon.colcon_core.package_identification:_identify(tmp/aha/dconf) by extensions ['ignore', 'ignore_ament_install']
[0.449s] Level 1:colcon.colcon_core.package_identification:_identify(tmp/aha/dconf) by extension 'ignore'
[0.449s] Level 1:colcon.colcon_core.package_identification:_identify(tmp/aha/dconf) by extension 'ignore_ament_install'
[0.449s] Level 1:colcon.colcon_core.package_identification:_identify(tmp/aha/dconf) by extensions ['colcon_pkg']
[0.449s] Level 1:colcon.colcon_core.package_identification:_identify(tmp/aha/dconf) by extension 'colcon_pkg'
[0.449s] Level 1:colcon.colcon_core.package_identification:_identify(tmp/aha/dconf) by extensions ['colcon_meta']
[0.449s] Level 1:colcon.colcon_core.package_identification:_identify(tmp/aha/dconf) by extension 'colcon_meta'
[0.449s] Level 1:colcon.colcon_core.package_identification:_identify(tmp/aha/dconf) by extensions ['ros']
[0.449s] Level 1:colcon.colcon_core.package_identification:_identify(tmp/aha/dconf) by extension 'ros'
[0.450s] Level 1:colcon.colcon_core.package_identification:_identify(tmp/aha/dconf) by extensions ['cmake', 'python']
[0.450s] Level 1:colcon.colcon_core.package_identification:_identify(tmp/aha/dconf) by extension 'cmake'
[0.450s] Level 1:colcon.colcon_core.package_identification:_identify(tmp/aha/dconf) by extension 'python'
[0.450s] Level 1:colcon.colcon_core.package_identification:_identify(tmp/aha/dconf) by extensions ['python_setup_py']
[0.450s] Level 1:colcon.colcon_core.package_identification:_identify(tmp/aha/dconf) by extension 'python_setup_py'
[0.450s] Level 1:colcon.colcon_core.package_discovery:discover_packages(recursive) using defaults
[0.450s] Level 1:colcon.colcon_core.package_discovery:discover_packages(ignore) discover
[0.450s] Level 1:colcon.colcon_core.package_discovery:discover_packages(ignore) using defaults
[0.450s] Level 1:colcon.colcon_core.package_discovery:discover_packages(path) discover
[0.450s] Level 1:colcon.colcon_core.package_discovery:discover_packages(path) using defaults
[0.476s] Level 1:colcon.colcon_core.package_discovery:discover_packages(prefix_path) check parameters
[0.476s] Level 1:colcon.colcon_core.package_discovery:discover_packages(prefix_path) discover
[0.478s] DEBUG:colcon.colcon_installed_package_information.package_discovery:Found 3 installed packages in /home/hzh/ros2_learn/chapt7/chapt7_ws/install
[0.481s] DEBUG:colcon.colcon_installed_package_information.package_discovery:Found 372 installed packages in /opt/ros/humble
[0.503s] Level 1:colcon.colcon_core.package_discovery:discover_packages(prefix_path) using defaults
[0.560s] Level 5:colcon.colcon_core.verb:set package 'fishbot_application' build argument 'cmake_args' from command line to 'None'
[0.560s] Level 5:colcon.colcon_core.verb:set package 'fishbot_application' build argument 'cmake_target' from command line to 'None'
[0.560s] Level 5:colcon.colcon_core.verb:set package 'fishbot_application' build argument 'cmake_target_skip_unavailable' from command line to 'False'
[0.560s] Level 5:colcon.colcon_core.verb:set package 'fishbot_application' build argument 'cmake_clean_cache' from command line to 'False'
[0.560s] Level 5:colcon.colcon_core.verb:set package 'fishbot_application' build argument 'cmake_clean_first' from command line to 'False'
[0.560s] Level 5:colcon.colcon_core.verb:set package 'fishbot_application' build argument 'cmake_force_configure' from command line to 'False'
[0.560s] Level 5:colcon.colcon_core.verb:set package 'fishbot_application' build argument 'ament_cmake_args' from command line to 'None'
[0.560s] Level 5:colcon.colcon_core.verb:set package 'fishbot_application' build argument 'catkin_cmake_args' from command line to 'None'
[0.560s] Level 5:colcon.colcon_core.verb:set package 'fishbot_application' build argument 'catkin_skip_building_tests' from command line to 'False'
[0.560s] DEBUG:colcon.colcon_core.verb:Building package 'fishbot_application' with the following arguments: {'ament_cmake_args': None, 'build_base': '/home/hzh/ros2_learn/chapt7/chapt7_ws/build/fishbot_application', 'catkin_cmake_args': None, 'catkin_skip_building_tests': False, 'cmake_args': None, 'cmake_clean_cache': False, 'cmake_clean_first': False, 'cmake_force_configure': False, 'cmake_target': None, 'cmake_target_skip_unavailable': False, 'install_base': '/home/hzh/ros2_learn/chapt7/chapt7_ws/install/fishbot_application', 'merge_install': False, 'path': '/home/hzh/ros2_learn/chapt7/chapt7_ws/src/fishbot_application', 'symlink_install': False, 'test_result_base': None}
[0.561s] Level 5:colcon.colcon_core.verb:set package 'fishbot_description' build argument 'cmake_args' from command line to 'None'
[0.561s] Level 5:colcon.colcon_core.verb:set package 'fishbot_description' build argument 'cmake_target' from command line to 'None'
[0.562s] Level 5:colcon.colcon_core.verb:set package 'fishbot_description' build argument 'cmake_target_skip_unavailable' from command line to 'False'
[0.562s] Level 5:colcon.colcon_core.verb:set package 'fishbot_description' build argument 'cmake_clean_cache' from command line to 'False'
[0.562s] Level 5:colcon.colcon_core.verb:set package 'fishbot_description' build argument 'cmake_clean_first' from command line to 'False'
[0.562s] Level 5:colcon.colcon_core.verb:set package 'fishbot_description' build argument 'cmake_force_configure' from command line to 'False'
[0.562s] Level 5:colcon.colcon_core.verb:set package 'fishbot_description' build argument 'ament_cmake_args' from command line to 'None'
[0.562s] Level 5:colcon.colcon_core.verb:set package 'fishbot_description' build argument 'catkin_cmake_args' from command line to 'None'
[0.562s] Level 5:colcon.colcon_core.verb:set package 'fishbot_description' build argument 'catkin_skip_building_tests' from command line to 'False'
[0.562s] DEBUG:colcon.colcon_core.verb:Building package 'fishbot_description' with the following arguments: {'ament_cmake_args': None, 'build_base': '/home/hzh/ros2_learn/chapt7/chapt7_ws/build/fishbot_description', 'catkin_cmake_args': None, 'catkin_skip_building_tests': False, 'cmake_args': None, 'cmake_clean_cache': False, 'cmake_clean_first': False, 'cmake_force_configure': False, 'cmake_target': None, 'cmake_target_skip_unavailable': False, 'install_base': '/home/hzh/ros2_learn/chapt7/chapt7_ws/install/fishbot_description', 'merge_install': False, 'path': '/home/hzh/ros2_learn/chapt7/chapt7_ws/src/fishbot_description', 'symlink_install': False, 'test_result_base': None}
[0.562s] Level 5:colcon.colcon_core.verb:set package 'fishbot_navigation2' build argument 'cmake_args' from command line to 'None'
[0.563s] Level 5:colcon.colcon_core.verb:set package 'fishbot_navigation2' build argument 'cmake_target' from command line to 'None'
[0.563s] Level 5:colcon.colcon_core.verb:set package 'fishbot_navigation2' build argument 'cmake_target_skip_unavailable' from command line to 'False'
[0.563s] Level 5:colcon.colcon_core.verb:set package 'fishbot_navigation2' build argument 'cmake_clean_cache' from command line to 'False'
[0.563s] Level 5:colcon.colcon_core.verb:set package 'fishbot_navigation2' build argument 'cmake_clean_first' from command line to 'False'
[0.563s] Level 5:colcon.colcon_core.verb:set package 'fishbot_navigation2' build argument 'cmake_force_configure' from command line to 'False'
[0.563s] Level 5:colcon.colcon_core.verb:set package 'fishbot_navigation2' build argument 'ament_cmake_args' from command line to 'None'
[0.563s] Level 5:colcon.colcon_core.verb:set package 'fishbot_navigation2' build argument 'catkin_cmake_args' from command line to 'None'
[0.563s] Level 5:colcon.colcon_core.verb:set package 'fishbot_navigation2' build argument 'catkin_skip_building_tests' from command line to 'False'
[0.563s] DEBUG:colcon.colcon_core.verb:Building package 'fishbot_navigation2' with the following arguments: {'ament_cmake_args': None, 'build_base': '/home/hzh/ros2_learn/chapt7/chapt7_ws/build/fishbot_navigation2', 'catkin_cmake_args': None, 'catkin_skip_building_tests': False, 'cmake_args': None, 'cmake_clean_cache': False, 'cmake_clean_first': False, 'cmake_force_configure': False, 'cmake_target': None, 'cmake_target_skip_unavailable': False, 'install_base': '/home/hzh/ros2_learn/chapt7/chapt7_ws/install/fishbot_navigation2', 'merge_install': False, 'path': '/home/hzh/ros2_learn/chapt7/chapt7_ws/src/fishbot_navigation2', 'symlink_install': False, 'test_result_base': None}
[0.563s] INFO:colcon.colcon_core.executor:Executing jobs using 'parallel' executor
[0.565s] DEBUG:colcon.colcon_parallel_executor.executor.parallel:run_until_complete
[0.565s] INFO:colcon.colcon_ros.task.ament_python.build:Building ROS package in '/home/hzh/ros2_learn/chapt7/chapt7_ws/src/fishbot_application' with build type 'ament_python'
[0.565s] Level 1:colcon.colcon_core.shell:create_environment_hook('fishbot_application', 'ament_prefix_path')
[0.569s] INFO:colcon.colcon_core.plugin_system:Skipping extension 'colcon_core.shell.bat': Not used on non-Windows systems
[0.569s] INFO:colcon.colcon_core.shell:Creating environment hook '/home/hzh/ros2_learn/chapt7/chapt7_ws/install/fishbot_application/share/fishbot_application/hook/ament_prefix_path.ps1'
[0.571s] INFO:colcon.colcon_core.shell:Creating environment descriptor '/home/hzh/ros2_learn/chapt7/chapt7_ws/install/fishbot_application/share/fishbot_application/hook/ament_prefix_path.dsv'
[0.572s] INFO:colcon.colcon_core.shell:Creating environment hook '/home/hzh/ros2_learn/chapt7/chapt7_ws/install/fishbot_application/share/fishbot_application/hook/ament_prefix_path.sh'
[0.574s] INFO:colcon.colcon_core.shell:Skip shell extension 'powershell' for command environment: Not usable outside of PowerShell
[0.575s] DEBUG:colcon.colcon_core.shell:Skip shell extension 'dsv' for command environment
[0.581s] INFO:colcon.colcon_ros.task.ament_cmake.build:Building ROS package in '/home/hzh/ros2_learn/chapt7/chapt7_ws/src/fishbot_description' with build type 'ament_cmake'
[0.581s] INFO:colcon.colcon_cmake.task.cmake.build:Building CMake package in '/home/hzh/ros2_learn/chapt7/chapt7_ws/src/fishbot_description'
[0.582s] INFO:colcon.colcon_core.shell:Skip shell extension 'powershell' for command environment: Not usable outside of PowerShell
[0.582s] DEBUG:colcon.colcon_core.shell:Skip shell extension 'dsv' for command environment
[0.589s] INFO:colcon.colcon_ros.task.ament_cmake.build:Building ROS package in '/home/hzh/ros2_learn/chapt7/chapt7_ws/src/fishbot_navigation2' with build type 'ament_cmake'
[0.589s] INFO:colcon.colcon_cmake.task.cmake.build:Building CMake package in '/home/hzh/ros2_learn/chapt7/chapt7_ws/src/fishbot_navigation2'
[0.590s] INFO:colcon.colcon_core.shell:Skip shell extension 'powershell' for command environment: Not usable outside of PowerShell
[0.590s] DEBUG:colcon.colcon_core.shell:Skip shell extension 'dsv' for command environment
[0.953s] INFO:colcon.colcon_core.task.python.build:Building Python package in '/home/hzh/ros2_learn/chapt7/chapt7_ws/src/fishbot_application'
[0.954s] INFO:colcon.colcon_core.shell:Skip shell extension 'powershell' for command environment: Not usable outside of PowerShell
[0.954s] DEBUG:colcon.colcon_core.shell:Skip shell extension 'dsv' for command environment
[0.968s] DEBUG:colcon.colcon_core.event_handler.log_command:Invoking command in '/home/hzh/ros2_learn/chapt7/chapt7_ws/build/fishbot_description': CMAKE_PREFIX_PATH=${CMAKE_PREFIX_PATH}:/home/hzh/ros2_learn/chapt7/chapt7_ws/install/fishbot_application:/opt/ros/humble /usr/bin/cmake --build /home/hzh/ros2_learn/chapt7/chapt7_ws/build/fishbot_description -- -j4 -l4
[0.975s] DEBUG:colcon.colcon_core.event_handler.log_command:Invoking command in '/home/hzh/ros2_learn/chapt7/chapt7_ws/build/fishbot_navigation2': CMAKE_PREFIX_PATH=${CMAKE_PREFIX_PATH}:/home/hzh/ros2_learn/chapt7/chapt7_ws/install/fishbot_application:/opt/ros/humble /usr/bin/cmake --build /home/hzh/ros2_learn/chapt7/chapt7_ws/build/fishbot_navigation2 -- -j4 -l4
[1.057s] DEBUG:colcon.colcon_core.event_handler.log_command:Invoked command in '/home/hzh/ros2_learn/chapt7/chapt7_ws/build/fishbot_description' returned '0': CMAKE_PREFIX_PATH=${CMAKE_PREFIX_PATH}:/home/hzh/ros2_learn/chapt7/chapt7_ws/install/fishbot_application:/opt/ros/humble /usr/bin/cmake --build /home/hzh/ros2_learn/chapt7/chapt7_ws/build/fishbot_description -- -j4 -l4
[1.073s] DEBUG:colcon.colcon_core.event_handler.log_command:Invoking command in '/home/hzh/ros2_learn/chapt7/chapt7_ws/build/fishbot_description': CMAKE_PREFIX_PATH=${CMAKE_PREFIX_PATH}:/home/hzh/ros2_learn/chapt7/chapt7_ws/install/fishbot_application:/opt/ros/humble /usr/bin/cmake --install /home/hzh/ros2_learn/chapt7/chapt7_ws/build/fishbot_description
[1.079s] DEBUG:colcon.colcon_core.event_handler.log_command:Invoked command in '/home/hzh/ros2_learn/chapt7/chapt7_ws/build/fishbot_navigation2' returned '0': CMAKE_PREFIX_PATH=${CMAKE_PREFIX_PATH}:/home/hzh/ros2_learn/chapt7/chapt7_ws/install/fishbot_application:/opt/ros/humble /usr/bin/cmake --build /home/hzh/ros2_learn/chapt7/chapt7_ws/build/fishbot_navigation2 -- -j4 -l4
[1.084s] DEBUG:colcon.colcon_core.event_handler.log_command:Invoking command in '/home/hzh/ros2_learn/chapt7/chapt7_ws/build/fishbot_navigation2': CMAKE_PREFIX_PATH=${CMAKE_PREFIX_PATH}:/home/hzh/ros2_learn/chapt7/chapt7_ws/install/fishbot_application:/opt/ros/humble /usr/bin/cmake --install /home/hzh/ros2_learn/chapt7/chapt7_ws/build/fishbot_navigation2
[1.100s] Level 1:colcon.colcon_core.environment:create_environment_scripts_only(fishbot_description)
[1.105s] Level 1:colcon.colcon_core.environment:checking '/home/hzh/ros2_learn/chapt7/chapt7_ws/install/fishbot_description' for CMake module files
[1.113s] DEBUG:colcon.colcon_core.event_handler.log_command:Invoked command in '/home/hzh/ros2_learn/chapt7/chapt7_ws/build/fishbot_description' returned '0': CMAKE_PREFIX_PATH=${CMAKE_PREFIX_PATH}:/home/hzh/ros2_learn/chapt7/chapt7_ws/install/fishbot_application:/opt/ros/humble /usr/bin/cmake --install /home/hzh/ros2_learn/chapt7/chapt7_ws/build/fishbot_description
[1.117s] Level 1:colcon.colcon_core.environment:checking '/home/hzh/ros2_learn/chapt7/chapt7_ws/install/fishbot_description' for CMake config files
[1.118s] Level 1:colcon.colcon_core.shell:create_environment_hook('fishbot_description', 'cmake_prefix_path')
[1.119s] INFO:colcon.colcon_core.shell:Creating environment hook '/home/hzh/ros2_learn/chapt7/chapt7_ws/install/fishbot_description/share/fishbot_description/hook/cmake_prefix_path.ps1'
[1.122s] INFO:colcon.colcon_core.shell:Creating environment descriptor '/home/hzh/ros2_learn/chapt7/chapt7_ws/install/fishbot_description/share/fishbot_description/hook/cmake_prefix_path.dsv'
[1.123s] INFO:colcon.colcon_core.shell:Creating environment hook '/home/hzh/ros2_learn/chapt7/chapt7_ws/install/fishbot_description/share/fishbot_description/hook/cmake_prefix_path.sh'
[1.131s] Level 1:colcon.colcon_core.environment:checking '/home/hzh/ros2_learn/chapt7/chapt7_ws/install/fishbot_description/bin'
[1.131s] Level 1:colcon.colcon_core.environment:checking '/home/hzh/ros2_learn/chapt7/chapt7_ws/install/fishbot_description/lib/pkgconfig/fishbot_description.pc'
[1.132s] Level 1:colcon.colcon_core.environment:checking '/home/hzh/ros2_learn/chapt7/chapt7_ws/install/fishbot_description/lib/python3.10/site-packages'
[1.132s] Level 1:colcon.colcon_core.environment:checking '/home/hzh/ros2_learn/chapt7/chapt7_ws/install/fishbot_description/bin'
[1.133s] INFO:colcon.colcon_core.shell:Creating package script '/home/hzh/ros2_learn/chapt7/chapt7_ws/install/fishbot_description/share/fishbot_description/package.ps1'
[1.136s] INFO:colcon.colcon_core.shell:Creating package descriptor '/home/hzh/ros2_learn/chapt7/chapt7_ws/install/fishbot_description/share/fishbot_description/package.dsv'
[1.138s] INFO:colcon.colcon_core.shell:Creating package script '/home/hzh/ros2_learn/chapt7/chapt7_ws/install/fishbot_description/share/fishbot_description/package.sh'
[1.139s] INFO:colcon.colcon_core.shell:Creating package script '/home/hzh/ros2_learn/chapt7/chapt7_ws/install/fishbot_description/share/fishbot_description/package.bash'
[1.142s] INFO:colcon.colcon_core.shell:Creating package script '/home/hzh/ros2_learn/chapt7/chapt7_ws/install/fishbot_description/share/fishbot_description/package.zsh'
[1.144s] Level 1:colcon.colcon_core.environment:create_file_with_runtime_dependencies(/home/hzh/ros2_learn/chapt7/chapt7_ws/install/fishbot_description/share/colcon-core/packages/fishbot_description)
[1.145s] Level 1:colcon.colcon_core.environment:create_environment_scripts_only(fishbot_description)
[1.145s] Level 1:colcon.colcon_core.environment:checking '/home/hzh/ros2_learn/chapt7/chapt7_ws/install/fishbot_description' for CMake module files
[1.146s] Level 1:colcon.colcon_core.environment:checking '/home/hzh/ros2_learn/chapt7/chapt7_ws/install/fishbot_description' for CMake config files
[1.146s] Level 1:colcon.colcon_core.shell:create_environment_hook('fishbot_description', 'cmake_prefix_path')
[1.147s] INFO:colcon.colcon_core.shell:Creating environment hook '/home/hzh/ros2_learn/chapt7/chapt7_ws/install/fishbot_description/share/fishbot_description/hook/cmake_prefix_path.ps1'
[1.148s] INFO:colcon.colcon_core.shell:Creating environment descriptor '/home/hzh/ros2_learn/chapt7/chapt7_ws/install/fishbot_description/share/fishbot_description/hook/cmake_prefix_path.dsv'
[1.149s] INFO:colcon.colcon_core.shell:Creating environment hook '/home/hzh/ros2_learn/chapt7/chapt7_ws/install/fishbot_description/share/fishbot_description/hook/cmake_prefix_path.sh'
[1.150s] Level 1:colcon.colcon_core.environment:checking '/home/hzh/ros2_learn/chapt7/chapt7_ws/install/fishbot_description/bin'
[1.151s] Level 1:colcon.colcon_core.environment:checking '/home/hzh/ros2_learn/chapt7/chapt7_ws/install/fishbot_description/lib/pkgconfig/fishbot_description.pc'
[1.151s] Level 1:colcon.colcon_core.environment:checking '/home/hzh/ros2_learn/chapt7/chapt7_ws/install/fishbot_description/lib/python3.10/site-packages'
[1.151s] Level 1:colcon.colcon_core.environment:checking '/home/hzh/ros2_learn/chapt7/chapt7_ws/install/fishbot_description/bin'
[1.152s] INFO:colcon.colcon_core.shell:Creating package script '/home/hzh/ros2_learn/chapt7/chapt7_ws/install/fishbot_description/share/fishbot_description/package.ps1'
[1.153s] INFO:colcon.colcon_core.shell:Creating package descriptor '/home/hzh/ros2_learn/chapt7/chapt7_ws/install/fishbot_description/share/fishbot_description/package.dsv'
[1.154s] INFO:colcon.colcon_core.shell:Creating package script '/home/hzh/ros2_learn/chapt7/chapt7_ws/install/fishbot_description/share/fishbot_description/package.sh'
[1.155s] INFO:colcon.colcon_core.shell:Creating package script '/home/hzh/ros2_learn/chapt7/chapt7_ws/install/fishbot_description/share/fishbot_description/package.bash'
[1.156s] INFO:colcon.colcon_core.shell:Creating package script '/home/hzh/ros2_learn/chapt7/chapt7_ws/install/fishbot_description/share/fishbot_description/package.zsh'
[1.158s] Level 1:colcon.colcon_core.environment:create_file_with_runtime_dependencies(/home/hzh/ros2_learn/chapt7/chapt7_ws/install/fishbot_description/share/colcon-core/packages/fishbot_description)
[1.161s] Level 1:colcon.colcon_core.environment:create_environment_scripts_only(fishbot_navigation2)
[1.162s] Level 1:colcon.colcon_core.environment:checking '/home/hzh/ros2_learn/chapt7/chapt7_ws/install/fishbot_navigation2' for CMake module files
[1.163s] DEBUG:colcon.colcon_core.event_handler.log_command:Invoked command in '/home/hzh/ros2_learn/chapt7/chapt7_ws/build/fishbot_navigation2' returned '0': CMAKE_PREFIX_PATH=${CMAKE_PREFIX_PATH}:/home/hzh/ros2_learn/chapt7/chapt7_ws/install/fishbot_application:/opt/ros/humble /usr/bin/cmake --install /home/hzh/ros2_learn/chapt7/chapt7_ws/build/fishbot_navigation2
[1.164s] Level 1:colcon.colcon_core.environment:checking '/home/hzh/ros2_learn/chapt7/chapt7_ws/install/fishbot_navigation2' for CMake config files
[1.164s] Level 1:colcon.colcon_core.shell:create_environment_hook('fishbot_navigation2', 'cmake_prefix_path')
[1.165s] INFO:colcon.colcon_core.shell:Creating environment hook '/home/hzh/ros2_learn/chapt7/chapt7_ws/install/fishbot_navigation2/share/fishbot_navigation2/hook/cmake_prefix_path.ps1'
[1.166s] INFO:colcon.colcon_core.shell:Creating environment descriptor '/home/hzh/ros2_learn/chapt7/chapt7_ws/install/fishbot_navigation2/share/fishbot_navigation2/hook/cmake_prefix_path.dsv'
[1.168s] INFO:colcon.colcon_core.shell:Creating environment hook '/home/hzh/ros2_learn/chapt7/chapt7_ws/install/fishbot_navigation2/share/fishbot_navigation2/hook/cmake_prefix_path.sh'
[1.169s] Level 1:colcon.colcon_core.environment:checking '/home/hzh/ros2_learn/chapt7/chapt7_ws/install/fishbot_navigation2/bin'
[1.170s] Level 1:colcon.colcon_core.environment:checking '/home/hzh/ros2_learn/chapt7/chapt7_ws/install/fishbot_navigation2/lib/pkgconfig/fishbot_navigation2.pc'
[1.170s] Level 1:colcon.colcon_core.environment:checking '/home/hzh/ros2_learn/chapt7/chapt7_ws/install/fishbot_navigation2/lib/python3.10/site-packages'
[1.171s] Level 1:colcon.colcon_core.environment:checking '/home/hzh/ros2_learn/chapt7/chapt7_ws/install/fishbot_navigation2/bin'
[1.171s] INFO:colcon.colcon_core.shell:Creating package script '/home/hzh/ros2_learn/chapt7/chapt7_ws/install/fishbot_navigation2/share/fishbot_navigation2/package.ps1'
[1.173s] INFO:colcon.colcon_core.shell:Creating package descriptor '/home/hzh/ros2_learn/chapt7/chapt7_ws/install/fishbot_navigation2/share/fishbot_navigation2/package.dsv'
[1.175s] INFO:colcon.colcon_core.shell:Creating package script '/home/hzh/ros2_learn/chapt7/chapt7_ws/install/fishbot_navigation2/share/fishbot_navigation2/package.sh'
[1.177s] INFO:colcon.colcon_core.shell:Creating package script '/home/hzh/ros2_learn/chapt7/chapt7_ws/install/fishbot_navigation2/share/fishbot_navigation2/package.bash'
[1.179s] INFO:colcon.colcon_core.shell:Creating package script '/home/hzh/ros2_learn/chapt7/chapt7_ws/install/fishbot_navigation2/share/fishbot_navigation2/package.zsh'
[1.181s] Level 1:colcon.colcon_core.environment:create_file_with_runtime_dependencies(/home/hzh/ros2_learn/chapt7/chapt7_ws/install/fishbot_navigation2/share/colcon-core/packages/fishbot_navigation2)
[1.182s] Level 1:colcon.colcon_core.environment:create_environment_scripts_only(fishbot_navigation2)
[1.183s] Level 1:colcon.colcon_core.environment:checking '/home/hzh/ros2_learn/chapt7/chapt7_ws/install/fishbot_navigation2' for CMake module files
[1.184s] Level 1:colcon.colcon_core.environment:checking '/home/hzh/ros2_learn/chapt7/chapt7_ws/install/fishbot_navigation2' for CMake config files
[1.185s] Level 1:colcon.colcon_core.shell:create_environment_hook('fishbot_navigation2', 'cmake_prefix_path')
[1.185s] INFO:colcon.colcon_core.shell:Creating environment hook '/home/hzh/ros2_learn/chapt7/chapt7_ws/install/fishbot_navigation2/share/fishbot_navigation2/hook/cmake_prefix_path.ps1'
[1.188s] INFO:colcon.colcon_core.shell:Creating environment descriptor '/home/hzh/ros2_learn/chapt7/chapt7_ws/install/fishbot_navigation2/share/fishbot_navigation2/hook/cmake_prefix_path.dsv'
[1.189s] INFO:colcon.colcon_core.shell:Creating environment hook '/home/hzh/ros2_learn/chapt7/chapt7_ws/install/fishbot_navigation2/share/fishbot_navigation2/hook/cmake_prefix_path.sh'
[1.191s] Level 1:colcon.colcon_core.environment:checking '/home/hzh/ros2_learn/chapt7/chapt7_ws/install/fishbot_navigation2/bin'
[1.191s] Level 1:colcon.colcon_core.environment:checking '/home/hzh/ros2_learn/chapt7/chapt7_ws/install/fishbot_navigation2/lib/pkgconfig/fishbot_navigation2.pc'
[1.192s] Level 1:colcon.colcon_core.environment:checking '/home/hzh/ros2_learn/chapt7/chapt7_ws/install/fishbot_navigation2/lib/python3.10/site-packages'
[1.193s] Level 1:colcon.colcon_core.environment:checking '/home/hzh/ros2_learn/chapt7/chapt7_ws/install/fishbot_navigation2/bin'
[1.194s] INFO:colcon.colcon_core.shell:Creating package script '/home/hzh/ros2_learn/chapt7/chapt7_ws/install/fishbot_navigation2/share/fishbot_navigation2/package.ps1'
[1.197s] INFO:colcon.colcon_core.shell:Creating package descriptor '/home/hzh/ros2_learn/chapt7/chapt7_ws/install/fishbot_navigation2/share/fishbot_navigation2/package.dsv'
[1.198s] INFO:colcon.colcon_core.shell:Creating package script '/home/hzh/ros2_learn/chapt7/chapt7_ws/install/fishbot_navigation2/share/fishbot_navigation2/package.sh'
[1.200s] INFO:colcon.colcon_core.shell:Creating package script '/home/hzh/ros2_learn/chapt7/chapt7_ws/install/fishbot_navigation2/share/fishbot_navigation2/package.bash'
[1.201s] INFO:colcon.colcon_core.shell:Creating package script '/home/hzh/ros2_learn/chapt7/chapt7_ws/install/fishbot_navigation2/share/fishbot_navigation2/package.zsh'
[1.203s] Level 1:colcon.colcon_core.environment:create_file_with_runtime_dependencies(/home/hzh/ros2_learn/chapt7/chapt7_ws/install/fishbot_navigation2/share/colcon-core/packages/fishbot_navigation2)
[1.589s] DEBUG:colcon.colcon_core.event_handler.log_command:Invoking command in '/home/hzh/ros2_learn/chapt7/chapt7_ws/src/fishbot_application': PYTHONPATH=/home/hzh/ros2_learn/chapt7/chapt7_ws/build/fishbot_application/prefix_override:/usr/lib/python3/dist-packages/colcon_core/task/python/colcon_distutils_commands:/home/hzh/ros2_learn/chapt7/chapt7_ws/install/fishbot_application/lib/python3.10/site-packages:${PYTHONPATH} /usr/bin/python3 -W ignore:setup.py install is deprecated -W ignore:easy_install command is deprecated setup.py egg_info --egg-base ../../build/fishbot_application build --build-base /home/hzh/ros2_learn/chapt7/chapt7_ws/build/fishbot_application/build install --record /home/hzh/ros2_learn/chapt7/chapt7_ws/build/fishbot_application/install.log --single-version-externally-managed install_data
[2.042s] Level 1:colcon.colcon_core.environment:checking '/home/hzh/ros2_learn/chapt7/chapt7_ws/install/fishbot_application' for CMake module files
[2.043s] DEBUG:colcon.colcon_core.event_handler.log_command:Invoked command in '/home/hzh/ros2_learn/chapt7/chapt7_ws/src/fishbot_application' returned '0': PYTHONPATH=/home/hzh/ros2_learn/chapt7/chapt7_ws/build/fishbot_application/prefix_override:/usr/lib/python3/dist-packages/colcon_core/task/python/colcon_distutils_commands:/home/hzh/ros2_learn/chapt7/chapt7_ws/install/fishbot_application/lib/python3.10/site-packages:${PYTHONPATH} /usr/bin/python3 -W ignore:setup.py install is deprecated -W ignore:easy_install command is deprecated setup.py egg_info --egg-base ../../build/fishbot_application build --build-base /home/hzh/ros2_learn/chapt7/chapt7_ws/build/fishbot_application/build install --record /home/hzh/ros2_learn/chapt7/chapt7_ws/build/fishbot_application/install.log --single-version-externally-managed install_data
[2.044s] Level 1:colcon.colcon_core.environment:checking '/home/hzh/ros2_learn/chapt7/chapt7_ws/install/fishbot_application' for CMake config files
[2.045s] Level 1:colcon.colcon_core.environment:checking '/home/hzh/ros2_learn/chapt7/chapt7_ws/install/fishbot_application/lib'
[2.045s] Level 1:colcon.colcon_core.environment:checking '/home/hzh/ros2_learn/chapt7/chapt7_ws/install/fishbot_application/bin'
[2.046s] Level 1:colcon.colcon_core.environment:checking '/home/hzh/ros2_learn/chapt7/chapt7_ws/install/fishbot_application/lib/pkgconfig/fishbot_application.pc'
[2.046s] Level 1:colcon.colcon_core.environment:checking '/home/hzh/ros2_learn/chapt7/chapt7_ws/install/fishbot_application/lib/python3.10/site-packages'
[2.046s] Level 1:colcon.colcon_core.shell:create_environment_hook('fishbot_application', 'pythonpath')
[2.046s] INFO:colcon.colcon_core.shell:Creating environment hook '/home/hzh/ros2_learn/chapt7/chapt7_ws/install/fishbot_application/share/fishbot_application/hook/pythonpath.ps1'
[2.048s] INFO:colcon.colcon_core.shell:Creating environment descriptor '/home/hzh/ros2_learn/chapt7/chapt7_ws/install/fishbot_application/share/fishbot_application/hook/pythonpath.dsv'
[2.049s] INFO:colcon.colcon_core.shell:Creating environment hook '/home/hzh/ros2_learn/chapt7/chapt7_ws/install/fishbot_application/share/fishbot_application/hook/pythonpath.sh'
[2.051s] Level 1:colcon.colcon_core.environment:checking '/home/hzh/ros2_learn/chapt7/chapt7_ws/install/fishbot_application/bin'
[2.051s] Level 1:colcon.colcon_core.environment:create_environment_scripts_only(fishbot_application)
[2.051s] INFO:colcon.colcon_core.shell:Creating package script '/home/hzh/ros2_learn/chapt7/chapt7_ws/install/fishbot_application/share/fishbot_application/package.ps1'
[2.053s] INFO:colcon.colcon_core.shell:Creating package descriptor '/home/hzh/ros2_learn/chapt7/chapt7_ws/install/fishbot_application/share/fishbot_application/package.dsv'
[2.054s] INFO:colcon.colcon_core.shell:Creating package script '/home/hzh/ros2_learn/chapt7/chapt7_ws/install/fishbot_application/share/fishbot_application/package.sh'
[2.055s] INFO:colcon.colcon_core.shell:Creating package script '/home/hzh/ros2_learn/chapt7/chapt7_ws/install/fishbot_application/share/fishbot_application/package.bash'
[2.057s] INFO:colcon.colcon_core.shell:Creating package script '/home/hzh/ros2_learn/chapt7/chapt7_ws/install/fishbot_application/share/fishbot_application/package.zsh'
[2.058s] Level 1:colcon.colcon_core.environment:create_file_with_runtime_dependencies(/home/hzh/ros2_learn/chapt7/chapt7_ws/install/fishbot_application/share/colcon-core/packages/fishbot_application)
[2.058s] DEBUG:colcon.colcon_parallel_executor.executor.parallel:closing loop
[2.058s] DEBUG:colcon.colcon_parallel_executor.executor.parallel:loop closed
[2.059s] DEBUG:colcon.colcon_parallel_executor.executor.parallel:run_until_complete finished with '0'
[2.059s] DEBUG:colcon.colcon_core.event_reactor:joining thread
[2.071s] INFO:colcon.colcon_core.plugin_system:Skipping extension 'colcon_notification.desktop_notification.terminal_notifier': Not used on non-Darwin systems
[2.072s] INFO:colcon.colcon_core.plugin_system:Skipping extension 'colcon_notification.desktop_notification.win32': Not used on non-Windows systems
[2.073s] INFO:colcon.colcon_notification.desktop_notification:Sending desktop notification using 'notify2'
[2.100s] DEBUG:colcon.colcon_core.event_reactor:joined thread
[2.100s] INFO:colcon.colcon_core.shell:Creating prefix script '/home/hzh/ros2_learn/chapt7/chapt7_ws/install/local_setup.ps1'
[2.102s] INFO:colcon.colcon_core.shell:Creating prefix util module '/home/hzh/ros2_learn/chapt7/chapt7_ws/install/_local_setup_util_ps1.py'
[2.106s] INFO:colcon.colcon_core.shell:Creating prefix chain script '/home/hzh/ros2_learn/chapt7/chapt7_ws/install/setup.ps1'
[2.109s] INFO:colcon.colcon_core.shell:Creating prefix script '/home/hzh/ros2_learn/chapt7/chapt7_ws/install/local_setup.sh'
[2.114s] INFO:colcon.colcon_core.shell:Creating prefix util module '/home/hzh/ros2_learn/chapt7/chapt7_ws/install/_local_setup_util_sh.py'
[2.116s] INFO:colcon.colcon_core.shell:Creating prefix chain script '/home/hzh/ros2_learn/chapt7/chapt7_ws/install/setup.sh'
[2.118s] INFO:colcon.colcon_core.shell:Creating prefix script '/home/hzh/ros2_learn/chapt7/chapt7_ws/install/local_setup.bash'
[2.119s] INFO:colcon.colcon_core.shell:Creating prefix chain script '/home/hzh/ros2_learn/chapt7/chapt7_ws/install/setup.bash'
[2.121s] INFO:colcon.colcon_core.shell:Creating prefix script '/home/hzh/ros2_learn/chapt7/chapt7_ws/install/local_setup.zsh'
[2.123s] INFO:colcon.colcon_core.shell:Creating prefix chain script '/home/hzh/ros2_learn/chapt7/chapt7_ws/install/setup.zsh'
