[0.133s] DEBUG:colcon:Command line arguments: ['/usr/bin/colcon', 'build']
[0.133s] DEBUG:colcon:Parsed command line arguments: Namespace(log_base=None, log_level=None, verb_name='build', build_base='build', install_base='install', merge_install=False, symlink_install=False, test_result_base=None, continue_on_error=False, executor='parallel', parallel_workers=4, event_handlers=None, ignore_user_meta=False, metas=['./colcon.meta'], base_paths=['.'], packages_ignore=None, packages_ignore_regex=None, paths=None, packages_up_to=None, packages_up_to_regex=None, packages_above=None, packages_above_and_dependencies=None, packages_above_depth=None, packages_select_by_dep=None, packages_skip_by_dep=None, packages_skip_up_to=None, packages_select_build_failed=False, packages_skip_build_finished=False, packages_select_test_failures=False, packages_skip_test_passed=False, packages_select=None, packages_skip=None, packages_select_regex=None, packages_skip_regex=None, packages_start=None, packages_end=None, allow_overriding=[], cmake_args=None, cmake_target=None, cmake_target_skip_unavailable=False, cmake_clean_cache=False, cmake_clean_first=False, cmake_force_configure=False, ament_cmake_args=None, catkin_cmake_args=None, catkin_skip_building_tests=False, verb_parser=<colcon_defaults.argument_parser.defaults.DefaultArgumentsDecorator object at 0x7cb691d2b400>, verb_extension=<colcon_core.verb.build.BuildVerb object at 0x7cb691d2ae00>, main=<bound method BuildVerb.main of <colcon_core.verb.build.BuildVerb object at 0x7cb691d2ae00>>)
[0.324s] Level 1:colcon.colcon_core.package_discovery:discover_packages(colcon_meta) check parameters
[0.325s] Level 1:colcon.colcon_core.package_discovery:discover_packages(recursive) check parameters
[0.325s] Level 1:colcon.colcon_core.package_discovery:discover_packages(ignore) check parameters
[0.325s] Level 1:colcon.colcon_core.package_discovery:discover_packages(path) check parameters
[0.325s] Level 1:colcon.colcon_core.package_discovery:discover_packages(colcon_meta) discover
[0.325s] Level 1:colcon.colcon_core.package_discovery:discover_packages(recursive) discover
[0.325s] INFO:colcon.colcon_core.package_discovery:Crawling recursively for packages in '/home/hzh/chapt2/chapt2_ws'
[0.325s] Level 1:colcon.colcon_core.package_identification:_identify(.) by extensions ['ignore', 'ignore_ament_install']
[0.325s] Level 1:colcon.colcon_core.package_identification:_identify(.) by extension 'ignore'
[0.325s] Level 1:colcon.colcon_core.package_identification:_identify(.) by extension 'ignore_ament_install'
[0.325s] Level 1:colcon.colcon_core.package_identification:_identify(.) by extensions ['colcon_pkg']
[0.325s] Level 1:colcon.colcon_core.package_identification:_identify(.) by extension 'colcon_pkg'
[0.326s] Level 1:colcon.colcon_core.package_identification:_identify(.) by extensions ['colcon_meta']
[0.326s] Level 1:colcon.colcon_core.package_identification:_identify(.) by extension 'colcon_meta'
[0.326s] Level 1:colcon.colcon_core.package_identification:_identify(.) by extensions ['ros']
[0.326s] Level 1:colcon.colcon_core.package_identification:_identify(.) by extension 'ros'
[0.338s] Level 1:colcon.colcon_core.package_identification:_identify(.) by extensions ['cmake', 'python']
[0.338s] Level 1:colcon.colcon_core.package_identification:_identify(.) by extension 'cmake'
[0.338s] Level 1:colcon.colcon_core.package_identification:_identify(.) by extension 'python'
[0.338s] Level 1:colcon.colcon_core.package_identification:_identify(.) by extensions ['python_setup_py']
[0.338s] Level 1:colcon.colcon_core.package_identification:_identify(.) by extension 'python_setup_py'
[0.339s] Level 1:colcon.colcon_core.package_identification:_identify(build) by extensions ['ignore', 'ignore_ament_install']
[0.339s] Level 1:colcon.colcon_core.package_identification:_identify(build) by extension 'ignore'
[0.339s] Level 1:colcon.colcon_core.package_identification:_identify(build) ignored
[0.339s] Level 1:colcon.colcon_core.package_identification:_identify(install) by extensions ['ignore', 'ignore_ament_install']
[0.339s] Level 1:colcon.colcon_core.package_identification:_identify(install) by extension 'ignore'
[0.339s] Level 1:colcon.colcon_core.package_identification:_identify(install) ignored
[0.339s] Level 1:colcon.colcon_core.package_identification:_identify(log) by extensions ['ignore', 'ignore_ament_install']
[0.339s] Level 1:colcon.colcon_core.package_identification:_identify(log) by extension 'ignore'
[0.339s] Level 1:colcon.colcon_core.package_identification:_identify(log) ignored
[0.339s] Level 1:colcon.colcon_core.package_identification:_identify(src) by extensions ['ignore', 'ignore_ament_install']
[0.340s] Level 1:colcon.colcon_core.package_identification:_identify(src) by extension 'ignore'
[0.340s] Level 1:colcon.colcon_core.package_identification:_identify(src) by extension 'ignore_ament_install'
[0.340s] Level 1:colcon.colcon_core.package_identification:_identify(src) by extensions ['colcon_pkg']
[0.340s] Level 1:colcon.colcon_core.package_identification:_identify(src) by extension 'colcon_pkg'
[0.340s] Level 1:colcon.colcon_core.package_identification:_identify(src) by extensions ['colcon_meta']
[0.340s] Level 1:colcon.colcon_core.package_identification:_identify(src) by extension 'colcon_meta'
[0.340s] Level 1:colcon.colcon_core.package_identification:_identify(src) by extensions ['ros']
[0.340s] Level 1:colcon.colcon_core.package_identification:_identify(src) by extension 'ros'
[0.340s] Level 1:colcon.colcon_core.package_identification:_identify(src) by extensions ['cmake', 'python']
[0.340s] Level 1:colcon.colcon_core.package_identification:_identify(src) by extension 'cmake'
[0.340s] Level 1:colcon.colcon_core.package_identification:_identify(src) by extension 'python'
[0.340s] Level 1:colcon.colcon_core.package_identification:_identify(src) by extensions ['python_setup_py']
[0.340s] Level 1:colcon.colcon_core.package_identification:_identify(src) by extension 'python_setup_py'
[0.340s] Level 1:colcon.colcon_core.package_identification:_identify(src/demo_cpp_pkg) by extensions ['ignore', 'ignore_ament_install']
[0.340s] Level 1:colcon.colcon_core.package_identification:_identify(src/demo_cpp_pkg) by extension 'ignore'
[0.341s] Level 1:colcon.colcon_core.package_identification:_identify(src/demo_cpp_pkg) by extension 'ignore_ament_install'
[0.341s] Level 1:colcon.colcon_core.package_identification:_identify(src/demo_cpp_pkg) by extensions ['colcon_pkg']
[0.341s] Level 1:colcon.colcon_core.package_identification:_identify(src/demo_cpp_pkg) by extension 'colcon_pkg'
[0.341s] Level 1:colcon.colcon_core.package_identification:_identify(src/demo_cpp_pkg) by extensions ['colcon_meta']
[0.341s] Level 1:colcon.colcon_core.package_identification:_identify(src/demo_cpp_pkg) by extension 'colcon_meta'
[0.341s] Level 1:colcon.colcon_core.package_identification:_identify(src/demo_cpp_pkg) by extensions ['ros']
[0.341s] Level 1:colcon.colcon_core.package_identification:_identify(src/demo_cpp_pkg) by extension 'ros'
[0.344s] DEBUG:colcon.colcon_core.package_identification:Package 'src/demo_cpp_pkg' with type 'ros.ament_cmake' and name 'demo_cpp_pkg'
[0.344s] Level 1:colcon.colcon_core.package_identification:_identify(src/demo_python_pkg) by extensions ['ignore', 'ignore_ament_install']
[0.344s] Level 1:colcon.colcon_core.package_identification:_identify(src/demo_python_pkg) by extension 'ignore'
[0.344s] Level 1:colcon.colcon_core.package_identification:_identify(src/demo_python_pkg) by extension 'ignore_ament_install'
[0.344s] Level 1:colcon.colcon_core.package_identification:_identify(src/demo_python_pkg) by extensions ['colcon_pkg']
[0.344s] Level 1:colcon.colcon_core.package_identification:_identify(src/demo_python_pkg) by extension 'colcon_pkg'
[0.345s] Level 1:colcon.colcon_core.package_identification:_identify(src/demo_python_pkg) by extensions ['colcon_meta']
[0.345s] Level 1:colcon.colcon_core.package_identification:_identify(src/demo_python_pkg) by extension 'colcon_meta'
[0.345s] Level 1:colcon.colcon_core.package_identification:_identify(src/demo_python_pkg) by extensions ['ros']
[0.345s] Level 1:colcon.colcon_core.package_identification:_identify(src/demo_python_pkg) by extension 'ros'
[0.346s] DEBUG:colcon.colcon_core.package_identification:Package 'src/demo_python_pkg' with type 'ros.ament_python' and name 'demo_python_pkg'
[0.346s] Level 1:colcon.colcon_core.package_discovery:discover_packages(recursive) using defaults
[0.346s] Level 1:colcon.colcon_core.package_discovery:discover_packages(ignore) discover
[0.346s] Level 1:colcon.colcon_core.package_discovery:discover_packages(ignore) using defaults
[0.346s] Level 1:colcon.colcon_core.package_discovery:discover_packages(path) discover
[0.346s] Level 1:colcon.colcon_core.package_discovery:discover_packages(path) using defaults
[0.367s] Level 1:colcon.colcon_core.package_discovery:discover_packages(prefix_path) check parameters
[0.367s] Level 1:colcon.colcon_core.package_discovery:discover_packages(prefix_path) discover
[0.369s] DEBUG:colcon.colcon_installed_package_information.package_discovery:Found 2 installed packages in /home/hzh/chapt2/chapt2_ws/install
[0.370s] DEBUG:colcon.colcon_installed_package_information.package_discovery:Found 273 installed packages in /opt/ros/humble
[0.373s] Level 1:colcon.colcon_core.package_discovery:discover_packages(prefix_path) using defaults
[0.430s] Level 5:colcon.colcon_core.verb:set package 'demo_cpp_pkg' build argument 'cmake_args' from command line to 'None'
[0.430s] Level 5:colcon.colcon_core.verb:set package 'demo_cpp_pkg' build argument 'cmake_target' from command line to 'None'
[0.430s] Level 5:colcon.colcon_core.verb:set package 'demo_cpp_pkg' build argument 'cmake_target_skip_unavailable' from command line to 'False'
[0.430s] Level 5:colcon.colcon_core.verb:set package 'demo_cpp_pkg' build argument 'cmake_clean_cache' from command line to 'False'
[0.430s] Level 5:colcon.colcon_core.verb:set package 'demo_cpp_pkg' build argument 'cmake_clean_first' from command line to 'False'
[0.430s] Level 5:colcon.colcon_core.verb:set package 'demo_cpp_pkg' build argument 'cmake_force_configure' from command line to 'False'
[0.431s] Level 5:colcon.colcon_core.verb:set package 'demo_cpp_pkg' build argument 'ament_cmake_args' from command line to 'None'
[0.431s] Level 5:colcon.colcon_core.verb:set package 'demo_cpp_pkg' build argument 'catkin_cmake_args' from command line to 'None'
[0.431s] Level 5:colcon.colcon_core.verb:set package 'demo_cpp_pkg' build argument 'catkin_skip_building_tests' from command line to 'False'
[0.431s] DEBUG:colcon.colcon_core.verb:Building package 'demo_cpp_pkg' with the following arguments: {'ament_cmake_args': None, 'build_base': '/home/hzh/chapt2/chapt2_ws/build/demo_cpp_pkg', 'catkin_cmake_args': None, 'catkin_skip_building_tests': False, 'cmake_args': None, 'cmake_clean_cache': False, 'cmake_clean_first': False, 'cmake_force_configure': False, 'cmake_target': None, 'cmake_target_skip_unavailable': False, 'install_base': '/home/hzh/chapt2/chapt2_ws/install/demo_cpp_pkg', 'merge_install': False, 'path': '/home/hzh/chapt2/chapt2_ws/src/demo_cpp_pkg', 'symlink_install': False, 'test_result_base': None}
[0.431s] Level 5:colcon.colcon_core.verb:set package 'demo_python_pkg' build argument 'cmake_args' from command line to 'None'
[0.431s] Level 5:colcon.colcon_core.verb:set package 'demo_python_pkg' build argument 'cmake_target' from command line to 'None'
[0.432s] Level 5:colcon.colcon_core.verb:set package 'demo_python_pkg' build argument 'cmake_target_skip_unavailable' from command line to 'False'
[0.432s] Level 5:colcon.colcon_core.verb:set package 'demo_python_pkg' build argument 'cmake_clean_cache' from command line to 'False'
[0.432s] Level 5:colcon.colcon_core.verb:set package 'demo_python_pkg' build argument 'cmake_clean_first' from command line to 'False'
[0.432s] Level 5:colcon.colcon_core.verb:set package 'demo_python_pkg' build argument 'cmake_force_configure' from command line to 'False'
[0.432s] Level 5:colcon.colcon_core.verb:set package 'demo_python_pkg' build argument 'ament_cmake_args' from command line to 'None'
[0.432s] Level 5:colcon.colcon_core.verb:set package 'demo_python_pkg' build argument 'catkin_cmake_args' from command line to 'None'
[0.432s] Level 5:colcon.colcon_core.verb:set package 'demo_python_pkg' build argument 'catkin_skip_building_tests' from command line to 'False'
[0.432s] DEBUG:colcon.colcon_core.verb:Building package 'demo_python_pkg' with the following arguments: {'ament_cmake_args': None, 'build_base': '/home/hzh/chapt2/chapt2_ws/build/demo_python_pkg', 'catkin_cmake_args': None, 'catkin_skip_building_tests': False, 'cmake_args': None, 'cmake_clean_cache': False, 'cmake_clean_first': False, 'cmake_force_configure': False, 'cmake_target': None, 'cmake_target_skip_unavailable': False, 'install_base': '/home/hzh/chapt2/chapt2_ws/install/demo_python_pkg', 'merge_install': False, 'path': '/home/hzh/chapt2/chapt2_ws/src/demo_python_pkg', 'symlink_install': False, 'test_result_base': None}
[0.432s] INFO:colcon.colcon_core.executor:Executing jobs using 'parallel' executor
[0.436s] DEBUG:colcon.colcon_parallel_executor.executor.parallel:run_until_complete
[0.438s] INFO:colcon.colcon_ros.task.ament_cmake.build:Building ROS package in '/home/hzh/chapt2/chapt2_ws/src/demo_cpp_pkg' with build type 'ament_cmake'
[0.438s] INFO:colcon.colcon_cmake.task.cmake.build:Building CMake package in '/home/hzh/chapt2/chapt2_ws/src/demo_cpp_pkg'
[0.441s] INFO:colcon.colcon_core.plugin_system:Skipping extension 'colcon_core.shell.bat': Not used on non-Windows systems
[0.441s] INFO:colcon.colcon_core.shell:Skip shell extension 'powershell' for command environment: Not usable outside of PowerShell
[0.442s] DEBUG:colcon.colcon_core.shell:Skip shell extension 'dsv' for command environment
[0.459s] DEBUG:colcon.colcon_core.event_handler.log_command:Invoking command in '/home/hzh/chapt2/chapt2_ws/build/demo_cpp_pkg': CMAKE_PREFIX_PATH=${CMAKE_PREFIX_PATH}:/home/hzh/chapt2/chapt2_ws/install/demo_python_pkg:/opt/ros/humble /usr/bin/cmake --build /home/hzh/chapt2/chapt2_ws/build/demo_cpp_pkg -- -j4 -l4
[8.234s] DEBUG:colcon.colcon_core.event_handler.log_command:Invoked command in '/home/hzh/chapt2/chapt2_ws/build/demo_cpp_pkg' returned '0': CMAKE_PREFIX_PATH=${CMAKE_PREFIX_PATH}:/home/hzh/chapt2/chapt2_ws/install/demo_python_pkg:/opt/ros/humble /usr/bin/cmake --build /home/hzh/chapt2/chapt2_ws/build/demo_cpp_pkg -- -j4 -l4
[8.255s] DEBUG:colcon.colcon_core.event_handler.log_command:Invoking command in '/home/hzh/chapt2/chapt2_ws/build/demo_cpp_pkg': CMAKE_PREFIX_PATH=${CMAKE_PREFIX_PATH}:/home/hzh/chapt2/chapt2_ws/install/demo_python_pkg:/opt/ros/humble /usr/bin/cmake --install /home/hzh/chapt2/chapt2_ws/build/demo_cpp_pkg
[8.278s] Level 1:colcon.colcon_core.environment:create_environment_scripts_only(demo_cpp_pkg)
[8.283s] DEBUG:colcon.colcon_core.event_handler.log_command:Invoked command in '/home/hzh/chapt2/chapt2_ws/build/demo_cpp_pkg' returned '0': CMAKE_PREFIX_PATH=${CMAKE_PREFIX_PATH}:/home/hzh/chapt2/chapt2_ws/install/demo_python_pkg:/opt/ros/humble /usr/bin/cmake --install /home/hzh/chapt2/chapt2_ws/build/demo_cpp_pkg
[8.284s] Level 1:colcon.colcon_core.environment:checking '/home/hzh/chapt2/chapt2_ws/install/demo_cpp_pkg' for CMake module files
[8.285s] Level 1:colcon.colcon_core.environment:checking '/home/hzh/chapt2/chapt2_ws/install/demo_cpp_pkg' for CMake config files
[8.286s] Level 1:colcon.colcon_core.shell:create_environment_hook('demo_cpp_pkg', 'cmake_prefix_path')
[8.286s] INFO:colcon.colcon_core.shell:Creating environment hook '/home/hzh/chapt2/chapt2_ws/install/demo_cpp_pkg/share/demo_cpp_pkg/hook/cmake_prefix_path.ps1'
[8.288s] INFO:colcon.colcon_core.shell:Creating environment descriptor '/home/hzh/chapt2/chapt2_ws/install/demo_cpp_pkg/share/demo_cpp_pkg/hook/cmake_prefix_path.dsv'
[8.290s] INFO:colcon.colcon_core.shell:Creating environment hook '/home/hzh/chapt2/chapt2_ws/install/demo_cpp_pkg/share/demo_cpp_pkg/hook/cmake_prefix_path.sh'
[8.292s] Level 1:colcon.colcon_core.environment:checking '/home/hzh/chapt2/chapt2_ws/install/demo_cpp_pkg/lib'
[8.293s] Level 1:colcon.colcon_core.environment:checking '/home/hzh/chapt2/chapt2_ws/install/demo_cpp_pkg/bin'
[8.293s] Level 1:colcon.colcon_core.environment:checking '/home/hzh/chapt2/chapt2_ws/install/demo_cpp_pkg/lib/pkgconfig/demo_cpp_pkg.pc'
[8.294s] Level 1:colcon.colcon_core.environment:checking '/home/hzh/chapt2/chapt2_ws/install/demo_cpp_pkg/lib/python3.10/site-packages'
[8.294s] Level 1:colcon.colcon_core.environment:checking '/home/hzh/chapt2/chapt2_ws/install/demo_cpp_pkg/bin'
[8.295s] INFO:colcon.colcon_core.shell:Creating package script '/home/hzh/chapt2/chapt2_ws/install/demo_cpp_pkg/share/demo_cpp_pkg/package.ps1'
[8.298s] INFO:colcon.colcon_core.shell:Creating package descriptor '/home/hzh/chapt2/chapt2_ws/install/demo_cpp_pkg/share/demo_cpp_pkg/package.dsv'
[8.300s] INFO:colcon.colcon_core.shell:Creating package script '/home/hzh/chapt2/chapt2_ws/install/demo_cpp_pkg/share/demo_cpp_pkg/package.sh'
[8.302s] INFO:colcon.colcon_core.shell:Creating package script '/home/hzh/chapt2/chapt2_ws/install/demo_cpp_pkg/share/demo_cpp_pkg/package.bash'
[8.303s] INFO:colcon.colcon_core.shell:Creating package script '/home/hzh/chapt2/chapt2_ws/install/demo_cpp_pkg/share/demo_cpp_pkg/package.zsh'
[8.306s] Level 1:colcon.colcon_core.environment:create_file_with_runtime_dependencies(/home/hzh/chapt2/chapt2_ws/install/demo_cpp_pkg/share/colcon-core/packages/demo_cpp_pkg)
[8.308s] Level 1:colcon.colcon_core.environment:create_environment_scripts_only(demo_cpp_pkg)
[8.309s] Level 1:colcon.colcon_core.environment:checking '/home/hzh/chapt2/chapt2_ws/install/demo_cpp_pkg' for CMake module files
[8.309s] Level 1:colcon.colcon_core.environment:checking '/home/hzh/chapt2/chapt2_ws/install/demo_cpp_pkg' for CMake config files
[8.310s] Level 1:colcon.colcon_core.shell:create_environment_hook('demo_cpp_pkg', 'cmake_prefix_path')
[8.310s] INFO:colcon.colcon_core.shell:Creating environment hook '/home/hzh/chapt2/chapt2_ws/install/demo_cpp_pkg/share/demo_cpp_pkg/hook/cmake_prefix_path.ps1'
[8.311s] INFO:colcon.colcon_core.shell:Creating environment descriptor '/home/hzh/chapt2/chapt2_ws/install/demo_cpp_pkg/share/demo_cpp_pkg/hook/cmake_prefix_path.dsv'
[8.313s] INFO:colcon.colcon_core.shell:Creating environment hook '/home/hzh/chapt2/chapt2_ws/install/demo_cpp_pkg/share/demo_cpp_pkg/hook/cmake_prefix_path.sh'
[8.314s] Level 1:colcon.colcon_core.environment:checking '/home/hzh/chapt2/chapt2_ws/install/demo_cpp_pkg/lib'
[8.314s] Level 1:colcon.colcon_core.environment:checking '/home/hzh/chapt2/chapt2_ws/install/demo_cpp_pkg/bin'
[8.315s] Level 1:colcon.colcon_core.environment:checking '/home/hzh/chapt2/chapt2_ws/install/demo_cpp_pkg/lib/pkgconfig/demo_cpp_pkg.pc'
[8.315s] Level 1:colcon.colcon_core.environment:checking '/home/hzh/chapt2/chapt2_ws/install/demo_cpp_pkg/lib/python3.10/site-packages'
[8.315s] Level 1:colcon.colcon_core.environment:checking '/home/hzh/chapt2/chapt2_ws/install/demo_cpp_pkg/bin'
[8.316s] INFO:colcon.colcon_core.shell:Creating package script '/home/hzh/chapt2/chapt2_ws/install/demo_cpp_pkg/share/demo_cpp_pkg/package.ps1'
[8.317s] INFO:colcon.colcon_core.shell:Creating package descriptor '/home/hzh/chapt2/chapt2_ws/install/demo_cpp_pkg/share/demo_cpp_pkg/package.dsv'
[8.319s] INFO:colcon.colcon_core.shell:Creating package script '/home/hzh/chapt2/chapt2_ws/install/demo_cpp_pkg/share/demo_cpp_pkg/package.sh'
[8.320s] INFO:colcon.colcon_core.shell:Creating package script '/home/hzh/chapt2/chapt2_ws/install/demo_cpp_pkg/share/demo_cpp_pkg/package.bash'
[8.322s] INFO:colcon.colcon_core.shell:Creating package script '/home/hzh/chapt2/chapt2_ws/install/demo_cpp_pkg/share/demo_cpp_pkg/package.zsh'
[8.324s] Level 1:colcon.colcon_core.environment:create_file_with_runtime_dependencies(/home/hzh/chapt2/chapt2_ws/install/demo_cpp_pkg/share/colcon-core/packages/demo_cpp_pkg)
[8.325s] INFO:colcon.colcon_ros.task.ament_python.build:Building ROS package in '/home/hzh/chapt2/chapt2_ws/src/demo_python_pkg' with build type 'ament_python'
[8.326s] Level 1:colcon.colcon_core.shell:create_environment_hook('demo_python_pkg', 'ament_prefix_path')
[8.326s] INFO:colcon.colcon_core.shell:Creating environment hook '/home/hzh/chapt2/chapt2_ws/install/demo_python_pkg/share/demo_python_pkg/hook/ament_prefix_path.ps1'
[8.328s] INFO:colcon.colcon_core.shell:Creating environment descriptor '/home/hzh/chapt2/chapt2_ws/install/demo_python_pkg/share/demo_python_pkg/hook/ament_prefix_path.dsv'
[8.332s] INFO:colcon.colcon_core.shell:Creating environment hook '/home/hzh/chapt2/chapt2_ws/install/demo_python_pkg/share/demo_python_pkg/hook/ament_prefix_path.sh'
[8.333s] INFO:colcon.colcon_core.shell:Skip shell extension 'powershell' for command environment: Not usable outside of PowerShell
[8.333s] DEBUG:colcon.colcon_core.shell:Skip shell extension 'dsv' for command environment
[8.665s] INFO:colcon.colcon_core.task.python.build:Building Python package in '/home/hzh/chapt2/chapt2_ws/src/demo_python_pkg'
[8.665s] INFO:colcon.colcon_core.shell:Skip shell extension 'powershell' for command environment: Not usable outside of PowerShell
[8.666s] DEBUG:colcon.colcon_core.shell:Skip shell extension 'dsv' for command environment
[9.087s] DEBUG:colcon.colcon_core.event_handler.log_command:Invoking command in '/home/hzh/chapt2/chapt2_ws/src/demo_python_pkg': PYTHONPATH=/home/hzh/chapt2/chapt2_ws/build/demo_python_pkg/prefix_override:/usr/lib/python3/dist-packages/colcon_core/task/python/colcon_distutils_commands:/home/hzh/chapt2/chapt2_ws/install/demo_python_pkg/lib/python3.10/site-packages:${PYTHONPATH} /usr/bin/python3 -W ignore:setup.py install is deprecated -W ignore:easy_install command is deprecated setup.py egg_info --egg-base ../../build/demo_python_pkg build --build-base /home/hzh/chapt2/chapt2_ws/build/demo_python_pkg/build install --record /home/hzh/chapt2/chapt2_ws/build/demo_python_pkg/install.log --single-version-externally-managed install_data
[9.511s] Level 1:colcon.colcon_core.environment:checking '/home/hzh/chapt2/chapt2_ws/install/demo_python_pkg' for CMake module files
[9.513s] Level 1:colcon.colcon_core.environment:checking '/home/hzh/chapt2/chapt2_ws/install/demo_python_pkg' for CMake config files
[9.514s] DEBUG:colcon.colcon_core.event_handler.log_command:Invoked command in '/home/hzh/chapt2/chapt2_ws/src/demo_python_pkg' returned '0': PYTHONPATH=/home/hzh/chapt2/chapt2_ws/build/demo_python_pkg/prefix_override:/usr/lib/python3/dist-packages/colcon_core/task/python/colcon_distutils_commands:/home/hzh/chapt2/chapt2_ws/install/demo_python_pkg/lib/python3.10/site-packages:${PYTHONPATH} /usr/bin/python3 -W ignore:setup.py install is deprecated -W ignore:easy_install command is deprecated setup.py egg_info --egg-base ../../build/demo_python_pkg build --build-base /home/hzh/chapt2/chapt2_ws/build/demo_python_pkg/build install --record /home/hzh/chapt2/chapt2_ws/build/demo_python_pkg/install.log --single-version-externally-managed install_data
[9.516s] Level 1:colcon.colcon_core.environment:checking '/home/hzh/chapt2/chapt2_ws/install/demo_python_pkg/lib'
[9.516s] Level 1:colcon.colcon_core.environment:checking '/home/hzh/chapt2/chapt2_ws/install/demo_python_pkg/bin'
[9.516s] Level 1:colcon.colcon_core.environment:checking '/home/hzh/chapt2/chapt2_ws/install/demo_python_pkg/lib/pkgconfig/demo_python_pkg.pc'
[9.517s] Level 1:colcon.colcon_core.environment:checking '/home/hzh/chapt2/chapt2_ws/install/demo_python_pkg/lib/python3.10/site-packages'
[9.517s] Level 1:colcon.colcon_core.shell:create_environment_hook('demo_python_pkg', 'pythonpath')
[9.517s] INFO:colcon.colcon_core.shell:Creating environment hook '/home/hzh/chapt2/chapt2_ws/install/demo_python_pkg/share/demo_python_pkg/hook/pythonpath.ps1'
[9.519s] INFO:colcon.colcon_core.shell:Creating environment descriptor '/home/hzh/chapt2/chapt2_ws/install/demo_python_pkg/share/demo_python_pkg/hook/pythonpath.dsv'
[9.520s] INFO:colcon.colcon_core.shell:Creating environment hook '/home/hzh/chapt2/chapt2_ws/install/demo_python_pkg/share/demo_python_pkg/hook/pythonpath.sh'
[9.521s] Level 1:colcon.colcon_core.environment:checking '/home/hzh/chapt2/chapt2_ws/install/demo_python_pkg/bin'
[9.522s] Level 1:colcon.colcon_core.environment:create_environment_scripts_only(demo_python_pkg)
[9.522s] INFO:colcon.colcon_core.shell:Creating package script '/home/hzh/chapt2/chapt2_ws/install/demo_python_pkg/share/demo_python_pkg/package.ps1'
[9.524s] INFO:colcon.colcon_core.shell:Creating package descriptor '/home/hzh/chapt2/chapt2_ws/install/demo_python_pkg/share/demo_python_pkg/package.dsv'
[9.526s] INFO:colcon.colcon_core.shell:Creating package script '/home/hzh/chapt2/chapt2_ws/install/demo_python_pkg/share/demo_python_pkg/package.sh'
[9.527s] INFO:colcon.colcon_core.shell:Creating package script '/home/hzh/chapt2/chapt2_ws/install/demo_python_pkg/share/demo_python_pkg/package.bash'
[9.528s] INFO:colcon.colcon_core.shell:Creating package script '/home/hzh/chapt2/chapt2_ws/install/demo_python_pkg/share/demo_python_pkg/package.zsh'
[9.529s] Level 1:colcon.colcon_core.environment:create_file_with_runtime_dependencies(/home/hzh/chapt2/chapt2_ws/install/demo_python_pkg/share/colcon-core/packages/demo_python_pkg)
[9.530s] DEBUG:colcon.colcon_parallel_executor.executor.parallel:closing loop
[9.531s] DEBUG:colcon.colcon_parallel_executor.executor.parallel:loop closed
[9.531s] DEBUG:colcon.colcon_parallel_executor.executor.parallel:run_until_complete finished with '0'
[9.531s] DEBUG:colcon.colcon_core.event_reactor:joining thread
[9.541s] INFO:colcon.colcon_core.plugin_system:Skipping extension 'colcon_notification.desktop_notification.terminal_notifier': Not used on non-Darwin systems
[9.541s] INFO:colcon.colcon_core.plugin_system:Skipping extension 'colcon_notification.desktop_notification.win32': Not used on non-Windows systems
[9.541s] INFO:colcon.colcon_notification.desktop_notification:Sending desktop notification using 'notify2'
[9.565s] DEBUG:colcon.colcon_core.event_reactor:joined thread
[9.566s] INFO:colcon.colcon_core.shell:Creating prefix script '/home/hzh/chapt2/chapt2_ws/install/local_setup.ps1'
[9.569s] INFO:colcon.colcon_core.shell:Creating prefix util module '/home/hzh/chapt2/chapt2_ws/install/_local_setup_util_ps1.py'
[9.573s] INFO:colcon.colcon_core.shell:Creating prefix chain script '/home/hzh/chapt2/chapt2_ws/install/setup.ps1'
[9.578s] INFO:colcon.colcon_core.shell:Creating prefix script '/home/hzh/chapt2/chapt2_ws/install/local_setup.sh'
[9.581s] INFO:colcon.colcon_core.shell:Creating prefix util module '/home/hzh/chapt2/chapt2_ws/install/_local_setup_util_sh.py'
[9.583s] INFO:colcon.colcon_core.shell:Creating prefix chain script '/home/hzh/chapt2/chapt2_ws/install/setup.sh'
[9.589s] INFO:colcon.colcon_core.shell:Creating prefix script '/home/hzh/chapt2/chapt2_ws/install/local_setup.bash'
[9.590s] INFO:colcon.colcon_core.shell:Creating prefix chain script '/home/hzh/chapt2/chapt2_ws/install/setup.bash'
[9.592s] INFO:colcon.colcon_core.shell:Creating prefix script '/home/hzh/chapt2/chapt2_ws/install/local_setup.zsh'
[9.594s] INFO:colcon.colcon_core.shell:Creating prefix chain script '/home/hzh/chapt2/chapt2_ws/install/setup.zsh'
