[0.018s] Invoking command in '/home/hzh/ros2_learn/chapt6/chapt6_ws/build/fishbot_description': CMAKE_PREFIX_PATH=/opt/ros/humble /usr/bin/cmake --build /home/hzh/ros2_learn/chapt6/chapt6_ws/build/fishbot_description -- -j4 -l4
[0.141s] Invoked command in '/home/hzh/ros2_learn/chapt6/chapt6_ws/build/fishbot_description' returned '0': CMAKE_PREFIX_PATH=/opt/ros/humble /usr/bin/cmake --build /home/hzh/ros2_learn/chapt6/chapt6_ws/build/fishbot_description -- -j4 -l4
[0.171s] Invoking command in '/home/hzh/ros2_learn/chapt6/chapt6_ws/build/fishbot_description': CMAKE_PREFIX_PATH=/opt/ros/humble /usr/bin/cmake --install /home/hzh/ros2_learn/chapt6/chapt6_ws/build/fishbot_description
[0.186s] -- Install configuration: ""
[0.187s] -- Up-to-date: /home/hzh/ros2_learn/chapt6/chapt6_ws/install/fishbot_description/share/fishbot_description/launch
[0.188s] -- Installing: /home/hzh/ros2_learn/chapt6/chapt6_ws/install/fishbot_description/share/fishbot_description/launch/display_robot.launch.py
[0.188s] -- Up-to-date: /home/hzh/ros2_learn/chapt6/chapt6_ws/install/fishbot_description/share/fishbot_description/launch/build
[0.189s] -- Up-to-date: /home/hzh/ros2_learn/chapt6/chapt6_ws/install/fishbot_description/share/fishbot_description/launch/build/COLCON_IGNORE
[0.190s] -- Up-to-date: /home/hzh/ros2_learn/chapt6/chapt6_ws/install/fishbot_description/share/fishbot_description/launch/build/.built_by
[0.190s] -- Up-to-date: /home/hzh/ros2_learn/chapt6/chapt6_ws/install/fishbot_description/share/fishbot_description/launch/install
[0.192s] -- Up-to-date: /home/hzh/ros2_learn/chapt6/chapt6_ws/install/fishbot_description/share/fishbot_description/launch/install/local_setup.zsh
[0.193s] -- Up-to-date: /home/hzh/ros2_learn/chapt6/chapt6_ws/install/fishbot_description/share/fishbot_description/launch/install/local_setup.ps1
[0.195s] -- Up-to-date: /home/hzh/ros2_learn/chapt6/chapt6_ws/install/fishbot_description/share/fishbot_description/launch/install/setup.ps1
[0.196s] -- Up-to-date: /home/hzh/ros2_learn/chapt6/chapt6_ws/install/fishbot_description/share/fishbot_description/launch/install/setup.zsh
[0.196s] -- Up-to-date: /home/hzh/ros2_learn/chapt6/chapt6_ws/install/fishbot_description/share/fishbot_description/launch/install/.colcon_install_layout
[0.196s] -- Up-to-date: /home/hzh/ros2_learn/chapt6/chapt6_ws/install/fishbot_description/share/fishbot_description/launch/install/_local_setup_util_ps1.py
[0.196s] -- Up-to-date: /home/hzh/ros2_learn/chapt6/chapt6_ws/install/fishbot_description/share/fishbot_description/launch/install/COLCON_IGNORE
[0.196s] -- Up-to-date: /home/hzh/ros2_learn/chapt6/chapt6_ws/install/fishbot_description/share/fishbot_description/launch/install/local_setup.sh
[0.196s] -- Up-to-date: /home/hzh/ros2_learn/chapt6/chapt6_ws/install/fishbot_description/share/fishbot_description/launch/install/setup.sh
[0.196s] -- Up-to-date: /home/hzh/ros2_learn/chapt6/chapt6_ws/install/fishbot_description/share/fishbot_description/launch/install/local_setup.bash
[0.196s] -- Up-to-date: /home/hzh/ros2_learn/chapt6/chapt6_ws/install/fishbot_description/share/fishbot_description/launch/install/_local_setup_util_sh.py
[0.196s] -- Up-to-date: /home/hzh/ros2_learn/chapt6/chapt6_ws/install/fishbot_description/share/fishbot_description/launch/install/setup.bash
[0.196s] -- Up-to-date: /home/hzh/ros2_learn/chapt6/chapt6_ws/install/fishbot_description/share/fishbot_description/launch/log
[0.197s] -- Up-to-date: /home/hzh/ros2_learn/chapt6/chapt6_ws/install/fishbot_description/share/fishbot_description/launch/log/build_2026-06-10_17-22-24
[0.197s] -- Up-to-date: /home/hzh/ros2_learn/chapt6/chapt6_ws/install/fishbot_description/share/fishbot_description/launch/log/build_2026-06-10_17-22-24/logger_all.log
[0.199s] -- Up-to-date: /home/hzh/ros2_learn/chapt6/chapt6_ws/install/fishbot_description/share/fishbot_description/launch/log/build_2026-06-10_17-22-24/events.log
[0.199s] -- Up-to-date: /home/hzh/ros2_learn/chapt6/chapt6_ws/install/fishbot_description/share/fishbot_description/launch/log/latest
[0.199s] -- Up-to-date: /home/hzh/ros2_learn/chapt6/chapt6_ws/install/fishbot_description/share/fishbot_description/launch/log/COLCON_IGNORE
[0.200s] -- Up-to-date: /home/hzh/ros2_learn/chapt6/chapt6_ws/install/fishbot_description/share/fishbot_description/launch/log/latest_build
[0.201s] -- Up-to-date: /home/hzh/ros2_learn/chapt6/chapt6_ws/install/fishbot_description/share/fishbot_description/launch/__pycache__
[0.201s] -- Installing: /home/hzh/ros2_learn/chapt6/chapt6_ws/install/fishbot_description/share/fishbot_description/launch/__pycache__/display_robot.launch.cpython-310.pyc
[0.201s] -- Up-to-date: /home/hzh/ros2_learn/chapt6/chapt6_ws/install/fishbot_description/share/fishbot_description/urdf
[0.201s] -- Up-to-date: /home/hzh/ros2_learn/chapt6/chapt6_ws/install/fishbot_description/share/fishbot_description/urdf/first_robot.urdf
[0.201s] -- Up-to-date: /home/hzh/ros2_learn/chapt6/chapt6_ws/install/fishbot_description/share/fishbot_description/urdf/first_robot.pdf
[0.201s] -- Up-to-date: /home/hzh/ros2_learn/chapt6/chapt6_ws/install/fishbot_description/share/fishbot_description/urdf/first_robot.gv
[0.202s] -- Installing: /home/hzh/ros2_learn/chapt6/chapt6_ws/install/fishbot_description/share/fishbot_description/urdf/first_robot.xacro
[0.203s] -- Up-to-date: /home/hzh/ros2_learn/chapt6/chapt6_ws/install/fishbot_description/share/fishbot_description/config
[0.204s] -- Up-to-date: /home/hzh/ros2_learn/chapt6/chapt6_ws/install/fishbot_description/share/fishbot_description/config/display_robot_model.rviz
[0.204s] -- Up-to-date: /home/hzh/ros2_learn/chapt6/chapt6_ws/install/fishbot_description/share/ament_index/resource_index/package_run_dependencies/fishbot_description
[0.205s] -- Up-to-date: /home/hzh/ros2_learn/chapt6/chapt6_ws/install/fishbot_description/share/ament_index/resource_index/parent_prefix_path/fishbot_description
[0.208s] -- Up-to-date: /home/hzh/ros2_learn/chapt6/chapt6_ws/install/fishbot_description/share/fishbot_description/environment/ament_prefix_path.sh
[0.208s] -- Up-to-date: /home/hzh/ros2_learn/chapt6/chapt6_ws/install/fishbot_description/share/fishbot_description/environment/ament_prefix_path.dsv
[0.209s] -- Up-to-date: /home/hzh/ros2_learn/chapt6/chapt6_ws/install/fishbot_description/share/fishbot_description/environment/path.sh
[0.209s] -- Up-to-date: /home/hzh/ros2_learn/chapt6/chapt6_ws/install/fishbot_description/share/fishbot_description/environment/path.dsv
[0.209s] -- Up-to-date: /home/hzh/ros2_learn/chapt6/chapt6_ws/install/fishbot_description/share/fishbot_description/local_setup.bash
[0.209s] -- Up-to-date: /home/hzh/ros2_learn/chapt6/chapt6_ws/install/fishbot_description/share/fishbot_description/local_setup.sh
[0.209s] -- Up-to-date: /home/hzh/ros2_learn/chapt6/chapt6_ws/install/fishbot_description/share/fishbot_description/local_setup.zsh
[0.210s] -- Up-to-date: /home/hzh/ros2_learn/chapt6/chapt6_ws/install/fishbot_description/share/fishbot_description/local_setup.dsv
[0.210s] -- Up-to-date: /home/hzh/ros2_learn/chapt6/chapt6_ws/install/fishbot_description/share/fishbot_description/package.dsv
[0.210s] -- Up-to-date: /home/hzh/ros2_learn/chapt6/chapt6_ws/install/fishbot_description/share/ament_index/resource_index/packages/fishbot_description
[0.210s] -- Up-to-date: /home/hzh/ros2_learn/chapt6/chapt6_ws/install/fishbot_description/share/fishbot_description/cmake/fishbot_descriptionConfig.cmake
[0.210s] -- Up-to-date: /home/hzh/ros2_learn/chapt6/chapt6_ws/install/fishbot_description/share/fishbot_description/cmake/fishbot_descriptionConfig-version.cmake
[0.210s] -- Up-to-date: /home/hzh/ros2_learn/chapt6/chapt6_ws/install/fishbot_description/share/fishbot_description/package.xml
[0.210s] Invoked command in '/home/hzh/ros2_learn/chapt6/chapt6_ws/build/fishbot_description' returned '0': CMAKE_PREFIX_PATH=/opt/ros/humble /usr/bin/cmake --install /home/hzh/ros2_learn/chapt6/chapt6_ws/build/fishbot_description
