[0.023s] Invoking command in '/home/hzh/ros2_learn/chapt3/topic_practice_ws/build/status_interfaces': CMAKE_PREFIX_PATH=/opt/ros/humble /usr/bin/cmake --build /home/hzh/ros2_learn/chapt3/topic_practice_ws/build/status_interfaces -- -j4 -l4
[0.187s] [  9%] Built target status_interfaces__rosidl_generator_c
[0.205s] [ 12%] Built target status_interfaces__cpp
[0.221s] [ 15%] Built target status_interfaces__rs
[0.242s] [ 15%] Built target ament_cmake_python_copy_status_interfaces
[0.282s] [ 25%] Built target status_interfaces__rosidl_typesupport_fastrtps_c
[0.308s] [ 34%] Built target status_interfaces__rosidl_typesupport_introspection_c
[0.324s] [ 43%] Built target status_interfaces__rosidl_typesupport_introspection_cpp
[0.326s] [ 53%] Built target status_interfaces__rosidl_typesupport_c
[0.377s] [ 62%] Built target status_interfaces__rosidl_typesupport_cpp
[0.388s] [ 71%] Built target status_interfaces__rosidl_typesupport_fastrtps_cpp
[0.440s] [ 71%] Built target status_interfaces
[0.520s] [ 75%] Built target status_interfaces__py
[0.573s] [ 81%] Built target status_interfaces__rosidl_generator_py
[0.672s] [ 87%] Built target status_interfaces__rosidl_typesupport_c__pyext
[0.695s] [100%] Built target status_interfaces__rosidl_typesupport_fastrtps_c__pyext
[0.696s] [100%] Built target status_interfaces__rosidl_typesupport_introspection_c__pyext
[0.893s] running egg_info
[0.896s] writing status_interfaces.egg-info/PKG-INFO
[0.897s] writing dependency_links to status_interfaces.egg-info/dependency_links.txt
[0.899s] writing top-level names to status_interfaces.egg-info/top_level.txt
[0.906s] reading manifest file 'status_interfaces.egg-info/SOURCES.txt'
[0.909s] writing manifest file 'status_interfaces.egg-info/SOURCES.txt'
[0.991s] [100%] Built target ament_cmake_python_build_status_interfaces_egg
[1.018s] Invoked command in '/home/hzh/ros2_learn/chapt3/topic_practice_ws/build/status_interfaces' returned '0': CMAKE_PREFIX_PATH=/opt/ros/humble /usr/bin/cmake --build /home/hzh/ros2_learn/chapt3/topic_practice_ws/build/status_interfaces -- -j4 -l4
[1.043s] Invoking command in '/home/hzh/ros2_learn/chapt3/topic_practice_ws/build/status_interfaces': CMAKE_PREFIX_PATH=/opt/ros/humble /usr/bin/cmake --install /home/hzh/ros2_learn/chapt3/topic_practice_ws/build/status_interfaces
[1.058s] -- Install configuration: ""
[1.058s] -- Up-to-date: /home/hzh/ros2_learn/chapt3/topic_practice_ws/install/status_interfaces/share/ament_index/resource_index/rosidl_interfaces/status_interfaces
[1.058s] -- Up-to-date: /home/hzh/ros2_learn/chapt3/topic_practice_ws/install/status_interfaces/include/status_interfaces/status_interfaces
[1.058s] -- Up-to-date: /home/hzh/ros2_learn/chapt3/topic_practice_ws/install/status_interfaces/include/status_interfaces/status_interfaces/msg
[1.058s] -- Up-to-date: /home/hzh/ros2_learn/chapt3/topic_practice_ws/install/status_interfaces/include/status_interfaces/status_interfaces/msg/rosidl_generator_c__visibility_control.h
[1.058s] -- Up-to-date: /home/hzh/ros2_learn/chapt3/topic_practice_ws/install/status_interfaces/include/status_interfaces/status_interfaces/msg/system_status.h
[1.058s] -- Up-to-date: /home/hzh/ros2_learn/chapt3/topic_practice_ws/install/status_interfaces/include/status_interfaces/status_interfaces/msg/detail
[1.059s] -- Up-to-date: /home/hzh/ros2_learn/chapt3/topic_practice_ws/install/status_interfaces/include/status_interfaces/status_interfaces/msg/detail/system_status__type_support.h
[1.062s] -- Up-to-date: /home/hzh/ros2_learn/chapt3/topic_practice_ws/install/status_interfaces/include/status_interfaces/status_interfaces/msg/detail/system_status__functions.h
[1.063s] -- Up-to-date: /home/hzh/ros2_learn/chapt3/topic_practice_ws/install/status_interfaces/include/status_interfaces/status_interfaces/msg/detail/system_status__functions.c
[1.063s] -- Up-to-date: /home/hzh/ros2_learn/chapt3/topic_practice_ws/install/status_interfaces/include/status_interfaces/status_interfaces/msg/detail/system_status__struct.h
[1.063s] -- Up-to-date: /home/hzh/ros2_learn/chapt3/topic_practice_ws/install/status_interfaces/share/status_interfaces/environment/library_path.sh
[1.063s] -- Up-to-date: /home/hzh/ros2_learn/chapt3/topic_practice_ws/install/status_interfaces/share/status_interfaces/environment/library_path.dsv
[1.063s] -- Up-to-date: /home/hzh/ros2_learn/chapt3/topic_practice_ws/install/status_interfaces/lib/libstatus_interfaces__rosidl_generator_c.so
[1.063s] -- Up-to-date: /home/hzh/ros2_learn/chapt3/topic_practice_ws/install/status_interfaces/include/status_interfaces/status_interfaces
[1.063s] -- Up-to-date: /home/hzh/ros2_learn/chapt3/topic_practice_ws/install/status_interfaces/include/status_interfaces/status_interfaces/msg
[1.063s] -- Up-to-date: /home/hzh/ros2_learn/chapt3/topic_practice_ws/install/status_interfaces/include/status_interfaces/status_interfaces/msg/rosidl_typesupport_fastrtps_c__visibility_control.h
[1.063s] -- Up-to-date: /home/hzh/ros2_learn/chapt3/topic_practice_ws/install/status_interfaces/include/status_interfaces/status_interfaces/msg/detail
[1.063s] -- Up-to-date: /home/hzh/ros2_learn/chapt3/topic_practice_ws/install/status_interfaces/include/status_interfaces/status_interfaces/msg/detail/system_status__rosidl_typesupport_fastrtps_c.h
[1.063s] -- Up-to-date: /home/hzh/ros2_learn/chapt3/topic_practice_ws/install/status_interfaces/lib/libstatus_interfaces__rosidl_typesupport_fastrtps_c.so
[1.063s] -- Up-to-date: /home/hzh/ros2_learn/chapt3/topic_practice_ws/install/status_interfaces/include/status_interfaces/status_interfaces
[1.063s] -- Up-to-date: /home/hzh/ros2_learn/chapt3/topic_practice_ws/install/status_interfaces/include/status_interfaces/status_interfaces/msg
[1.063s] -- Up-to-date: /home/hzh/ros2_learn/chapt3/topic_practice_ws/install/status_interfaces/include/status_interfaces/status_interfaces/msg/detail
[1.064s] -- Up-to-date: /home/hzh/ros2_learn/chapt3/topic_practice_ws/install/status_interfaces/include/status_interfaces/status_interfaces/msg/detail/system_status__traits.hpp
[1.064s] -- Up-to-date: /home/hzh/ros2_learn/chapt3/topic_practice_ws/install/status_interfaces/include/status_interfaces/status_interfaces/msg/detail/system_status__builder.hpp
[1.064s] -- Up-to-date: /home/hzh/ros2_learn/chapt3/topic_practice_ws/install/status_interfaces/include/status_interfaces/status_interfaces/msg/detail/system_status__struct.hpp
[1.064s] -- Up-to-date: /home/hzh/ros2_learn/chapt3/topic_practice_ws/install/status_interfaces/include/status_interfaces/status_interfaces/msg/detail/system_status__type_support.hpp
[1.066s] -- Up-to-date: /home/hzh/ros2_learn/chapt3/topic_practice_ws/install/status_interfaces/include/status_interfaces/status_interfaces/msg/rosidl_generator_cpp__visibility_control.hpp
[1.066s] -- Up-to-date: /home/hzh/ros2_learn/chapt3/topic_practice_ws/install/status_interfaces/include/status_interfaces/status_interfaces/msg/system_status.hpp
[1.066s] -- Up-to-date: /home/hzh/ros2_learn/chapt3/topic_practice_ws/install/status_interfaces/include/status_interfaces/status_interfaces
[1.068s] -- Up-to-date: /home/hzh/ros2_learn/chapt3/topic_practice_ws/install/status_interfaces/include/status_interfaces/status_interfaces/msg
[1.068s] -- Up-to-date: /home/hzh/ros2_learn/chapt3/topic_practice_ws/install/status_interfaces/include/status_interfaces/status_interfaces/msg/rosidl_typesupport_fastrtps_cpp__visibility_control.h
[1.068s] -- Up-to-date: /home/hzh/ros2_learn/chapt3/topic_practice_ws/install/status_interfaces/include/status_interfaces/status_interfaces/msg/detail
[1.069s] -- Up-to-date: /home/hzh/ros2_learn/chapt3/topic_practice_ws/install/status_interfaces/include/status_interfaces/status_interfaces/msg/detail/dds_fastrtps
[1.069s] -- Up-to-date: /home/hzh/ros2_learn/chapt3/topic_practice_ws/install/status_interfaces/include/status_interfaces/status_interfaces/msg/detail/system_status__rosidl_typesupport_fastrtps_cpp.hpp
[1.069s] -- Up-to-date: /home/hzh/ros2_learn/chapt3/topic_practice_ws/install/status_interfaces/lib/libstatus_interfaces__rosidl_typesupport_fastrtps_cpp.so
[1.069s] -- Up-to-date: /home/hzh/ros2_learn/chapt3/topic_practice_ws/install/status_interfaces/include/status_interfaces/status_interfaces
[1.071s] -- Up-to-date: /home/hzh/ros2_learn/chapt3/topic_practice_ws/install/status_interfaces/include/status_interfaces/status_interfaces/msg
[1.071s] -- Up-to-date: /home/hzh/ros2_learn/chapt3/topic_practice_ws/install/status_interfaces/include/status_interfaces/status_interfaces/msg/rosidl_typesupport_introspection_c__visibility_control.h
[1.071s] -- Up-to-date: /home/hzh/ros2_learn/chapt3/topic_practice_ws/install/status_interfaces/include/status_interfaces/status_interfaces/msg/detail
[1.071s] -- Up-to-date: /home/hzh/ros2_learn/chapt3/topic_practice_ws/install/status_interfaces/include/status_interfaces/status_interfaces/msg/detail/system_status__type_support.c
[1.071s] -- Up-to-date: /home/hzh/ros2_learn/chapt3/topic_practice_ws/install/status_interfaces/include/status_interfaces/status_interfaces/msg/detail/system_status__rosidl_typesupport_introspection_c.h
[1.071s] -- Up-to-date: /home/hzh/ros2_learn/chapt3/topic_practice_ws/install/status_interfaces/lib/libstatus_interfaces__rosidl_typesupport_introspection_c.so
[1.072s] -- Up-to-date: /home/hzh/ros2_learn/chapt3/topic_practice_ws/install/status_interfaces/lib/libstatus_interfaces__rosidl_typesupport_c.so
[1.072s] -- Up-to-date: /home/hzh/ros2_learn/chapt3/topic_practice_ws/install/status_interfaces/include/status_interfaces/status_interfaces
[1.072s] -- Up-to-date: /home/hzh/ros2_learn/chapt3/topic_practice_ws/install/status_interfaces/include/status_interfaces/status_interfaces/msg
[1.072s] -- Up-to-date: /home/hzh/ros2_learn/chapt3/topic_practice_ws/install/status_interfaces/include/status_interfaces/status_interfaces/msg/detail
[1.072s] -- Up-to-date: /home/hzh/ros2_learn/chapt3/topic_practice_ws/install/status_interfaces/include/status_interfaces/status_interfaces/msg/detail/system_status__type_support.cpp
[1.072s] -- Up-to-date: /home/hzh/ros2_learn/chapt3/topic_practice_ws/install/status_interfaces/include/status_interfaces/status_interfaces/msg/detail/system_status__rosidl_typesupport_introspection_cpp.hpp
[1.072s] -- Up-to-date: /home/hzh/ros2_learn/chapt3/topic_practice_ws/install/status_interfaces/lib/libstatus_interfaces__rosidl_typesupport_introspection_cpp.so
[1.072s] -- Up-to-date: /home/hzh/ros2_learn/chapt3/topic_practice_ws/install/status_interfaces/lib/libstatus_interfaces__rosidl_typesupport_cpp.so
[1.072s] -- Up-to-date: /home/hzh/ros2_learn/chapt3/topic_practice_ws/install/status_interfaces/share/status_interfaces/environment/pythonpath.sh
[1.072s] -- Up-to-date: /home/hzh/ros2_learn/chapt3/topic_practice_ws/install/status_interfaces/share/status_interfaces/environment/pythonpath.dsv
[1.072s] -- Up-to-date: /home/hzh/ros2_learn/chapt3/topic_practice_ws/install/status_interfaces/local/lib/python3.10/dist-packages/status_interfaces-0.0.0-py3.10.egg-info
[1.072s] -- Installing: /home/hzh/ros2_learn/chapt3/topic_practice_ws/install/status_interfaces/local/lib/python3.10/dist-packages/status_interfaces-0.0.0-py3.10.egg-info/dependency_links.txt
[1.076s] -- Installing: /home/hzh/ros2_learn/chapt3/topic_practice_ws/install/status_interfaces/local/lib/python3.10/dist-packages/status_interfaces-0.0.0-py3.10.egg-info/SOURCES.txt
[1.076s] -- Installing: /home/hzh/ros2_learn/chapt3/topic_practice_ws/install/status_interfaces/local/lib/python3.10/dist-packages/status_interfaces-0.0.0-py3.10.egg-info/top_level.txt
[1.077s] -- Installing: /home/hzh/ros2_learn/chapt3/topic_practice_ws/install/status_interfaces/local/lib/python3.10/dist-packages/status_interfaces-0.0.0-py3.10.egg-info/PKG-INFO
[1.077s] -- Up-to-date: /home/hzh/ros2_learn/chapt3/topic_practice_ws/install/status_interfaces/local/lib/python3.10/dist-packages/status_interfaces
[1.077s] -- Up-to-date: /home/hzh/ros2_learn/chapt3/topic_practice_ws/install/status_interfaces/local/lib/python3.10/dist-packages/status_interfaces/_status_interfaces_s.ep.rosidl_typesupport_fastrtps_c.c
[1.077s] -- Up-to-date: /home/hzh/ros2_learn/chapt3/topic_practice_ws/install/status_interfaces/local/lib/python3.10/dist-packages/status_interfaces/status_interfaces_s__rosidl_typesupport_c.cpython-310-x86_64-linux-gnu.so
[1.077s] -- Up-to-date: /home/hzh/ros2_learn/chapt3/topic_practice_ws/install/status_interfaces/local/lib/python3.10/dist-packages/status_interfaces/status_interfaces_s__rosidl_typesupport_fastrtps_c.cpython-310-x86_64-linux-gnu.so
[1.077s] -- Up-to-date: /home/hzh/ros2_learn/chapt3/topic_practice_ws/install/status_interfaces/local/lib/python3.10/dist-packages/status_interfaces/__init__.py
[1.077s] -- Up-to-date: /home/hzh/ros2_learn/chapt3/topic_practice_ws/install/status_interfaces/local/lib/python3.10/dist-packages/status_interfaces/libstatus_interfaces__rosidl_generator_py.so
[1.077s] -- Up-to-date: /home/hzh/ros2_learn/chapt3/topic_practice_ws/install/status_interfaces/local/lib/python3.10/dist-packages/status_interfaces/_status_interfaces_s.ep.rosidl_typesupport_c.c
[1.077s] -- Up-to-date: /home/hzh/ros2_learn/chapt3/topic_practice_ws/install/status_interfaces/local/lib/python3.10/dist-packages/status_interfaces/_status_interfaces_s.ep.rosidl_typesupport_introspection_c.c
[1.077s] -- Up-to-date: /home/hzh/ros2_learn/chapt3/topic_practice_ws/install/status_interfaces/local/lib/python3.10/dist-packages/status_interfaces/msg
[1.077s] -- Up-to-date: /home/hzh/ros2_learn/chapt3/topic_practice_ws/install/status_interfaces/local/lib/python3.10/dist-packages/status_interfaces/msg/__init__.py
[1.077s] -- Up-to-date: /home/hzh/ros2_learn/chapt3/topic_practice_ws/install/status_interfaces/local/lib/python3.10/dist-packages/status_interfaces/msg/_system_status_s.c
[1.077s] -- Up-to-date: /home/hzh/ros2_learn/chapt3/topic_practice_ws/install/status_interfaces/local/lib/python3.10/dist-packages/status_interfaces/msg/_system_status.py
[1.078s] -- Up-to-date: /home/hzh/ros2_learn/chapt3/topic_practice_ws/install/status_interfaces/local/lib/python3.10/dist-packages/status_interfaces/status_interfaces_s__rosidl_typesupport_introspection_c.cpython-310-x86_64-linux-gnu.so
[1.130s] Listing '/home/hzh/ros2_learn/chapt3/topic_practice_ws/install/status_interfaces/local/lib/python3.10/dist-packages/status_interfaces'...
[1.130s] Listing '/home/hzh/ros2_learn/chapt3/topic_practice_ws/install/status_interfaces/local/lib/python3.10/dist-packages/status_interfaces/msg'...
[1.137s] -- Up-to-date: /home/hzh/ros2_learn/chapt3/topic_practice_ws/install/status_interfaces/local/lib/python3.10/dist-packages/status_interfaces/status_interfaces_s__rosidl_typesupport_fastrtps_c.cpython-310-x86_64-linux-gnu.so
[1.138s] -- Up-to-date: /home/hzh/ros2_learn/chapt3/topic_practice_ws/install/status_interfaces/local/lib/python3.10/dist-packages/status_interfaces/status_interfaces_s__rosidl_typesupport_introspection_c.cpython-310-x86_64-linux-gnu.so
[1.139s] -- Up-to-date: /home/hzh/ros2_learn/chapt3/topic_practice_ws/install/status_interfaces/local/lib/python3.10/dist-packages/status_interfaces/status_interfaces_s__rosidl_typesupport_c.cpython-310-x86_64-linux-gnu.so
[1.140s] -- Up-to-date: /home/hzh/ros2_learn/chapt3/topic_practice_ws/install/status_interfaces/lib/libstatus_interfaces__rosidl_generator_py.so
[1.140s] -- Up-to-date: /home/hzh/ros2_learn/chapt3/topic_practice_ws/install/status_interfaces/share/ament_index/resource_index/rust_packages/status_interfaces
[1.141s] -- Up-to-date: /home/hzh/ros2_learn/chapt3/topic_practice_ws/install/status_interfaces/share/status_interfaces/rust
[1.141s] -- Up-to-date: /home/hzh/ros2_learn/chapt3/topic_practice_ws/install/status_interfaces/share/status_interfaces/rust/Cargo.toml
[1.141s] -- Up-to-date: /home/hzh/ros2_learn/chapt3/topic_practice_ws/install/status_interfaces/share/status_interfaces/rust/build.rs
[1.141s] -- Up-to-date: /home/hzh/ros2_learn/chapt3/topic_practice_ws/install/status_interfaces/share/status_interfaces/rust/src
[1.141s] -- Up-to-date: /home/hzh/ros2_learn/chapt3/topic_practice_ws/install/status_interfaces/share/status_interfaces/rust/src/lib.rs
[1.141s] -- Up-to-date: /home/hzh/ros2_learn/chapt3/topic_practice_ws/install/status_interfaces/share/status_interfaces/rust/src/msg.rs
[1.141s] -- Up-to-date: /home/hzh/ros2_learn/chapt3/topic_practice_ws/install/status_interfaces/share/status_interfaces/rust/src/msg
[1.141s] -- Up-to-date: /home/hzh/ros2_learn/chapt3/topic_practice_ws/install/status_interfaces/share/status_interfaces/rust/src/msg/rmw.rs
[1.141s] -- Up-to-date: /home/hzh/ros2_learn/chapt3/topic_practice_ws/install/status_interfaces/share/status_interfaces/msg/SystemStatus.idl
[1.141s] -- Up-to-date: /home/hzh/ros2_learn/chapt3/topic_practice_ws/install/status_interfaces/share/status_interfaces/msg/SystemStatus.msg
[1.142s] -- Up-to-date: /home/hzh/ros2_learn/chapt3/topic_practice_ws/install/status_interfaces/share/ament_index/resource_index/package_run_dependencies/status_interfaces
[1.142s] -- Up-to-date: /home/hzh/ros2_learn/chapt3/topic_practice_ws/install/status_interfaces/share/ament_index/resource_index/parent_prefix_path/status_interfaces
[1.142s] -- Up-to-date: /home/hzh/ros2_learn/chapt3/topic_practice_ws/install/status_interfaces/share/status_interfaces/environment/ament_prefix_path.sh
[1.142s] -- Up-to-date: /home/hzh/ros2_learn/chapt3/topic_practice_ws/install/status_interfaces/share/status_interfaces/environment/ament_prefix_path.dsv
[1.143s] -- Up-to-date: /home/hzh/ros2_learn/chapt3/topic_practice_ws/install/status_interfaces/share/status_interfaces/environment/path.sh
[1.144s] -- Up-to-date: /home/hzh/ros2_learn/chapt3/topic_practice_ws/install/status_interfaces/share/status_interfaces/environment/path.dsv
[1.144s] -- Up-to-date: /home/hzh/ros2_learn/chapt3/topic_practice_ws/install/status_interfaces/share/status_interfaces/local_setup.bash
[1.144s] -- Up-to-date: /home/hzh/ros2_learn/chapt3/topic_practice_ws/install/status_interfaces/share/status_interfaces/local_setup.sh
[1.145s] -- Up-to-date: /home/hzh/ros2_learn/chapt3/topic_practice_ws/install/status_interfaces/share/status_interfaces/local_setup.zsh
[1.145s] -- Up-to-date: /home/hzh/ros2_learn/chapt3/topic_practice_ws/install/status_interfaces/share/status_interfaces/local_setup.dsv
[1.147s] -- Installing: /home/hzh/ros2_learn/chapt3/topic_practice_ws/install/status_interfaces/share/status_interfaces/package.dsv
[1.148s] -- Up-to-date: /home/hzh/ros2_learn/chapt3/topic_practice_ws/install/status_interfaces/share/ament_index/resource_index/packages/status_interfaces
[1.148s] -- Up-to-date: /home/hzh/ros2_learn/chapt3/topic_practice_ws/install/status_interfaces/share/status_interfaces/cmake/export_status_interfaces__rosidl_generator_cExport.cmake
[1.148s] -- Up-to-date: /home/hzh/ros2_learn/chapt3/topic_practice_ws/install/status_interfaces/share/status_interfaces/cmake/export_status_interfaces__rosidl_generator_cExport-noconfig.cmake
[1.148s] -- Up-to-date: /home/hzh/ros2_learn/chapt3/topic_practice_ws/install/status_interfaces/share/status_interfaces/cmake/export_status_interfaces__rosidl_typesupport_fastrtps_cExport.cmake
[1.148s] -- Up-to-date: /home/hzh/ros2_learn/chapt3/topic_practice_ws/install/status_interfaces/share/status_interfaces/cmake/export_status_interfaces__rosidl_typesupport_fastrtps_cExport-noconfig.cmake
[1.148s] -- Up-to-date: /home/hzh/ros2_learn/chapt3/topic_practice_ws/install/status_interfaces/share/status_interfaces/cmake/export_status_interfaces__rosidl_generator_cppExport.cmake
[1.148s] -- Up-to-date: /home/hzh/ros2_learn/chapt3/topic_practice_ws/install/status_interfaces/share/status_interfaces/cmake/export_status_interfaces__rosidl_typesupport_fastrtps_cppExport.cmake
[1.148s] -- Up-to-date: /home/hzh/ros2_learn/chapt3/topic_practice_ws/install/status_interfaces/share/status_interfaces/cmake/export_status_interfaces__rosidl_typesupport_fastrtps_cppExport-noconfig.cmake
[1.148s] -- Up-to-date: /home/hzh/ros2_learn/chapt3/topic_practice_ws/install/status_interfaces/share/status_interfaces/cmake/status_interfaces__rosidl_typesupport_introspection_cExport.cmake
[1.148s] -- Up-to-date: /home/hzh/ros2_learn/chapt3/topic_practice_ws/install/status_interfaces/share/status_interfaces/cmake/status_interfaces__rosidl_typesupport_introspection_cExport-noconfig.cmake
[1.148s] -- Up-to-date: /home/hzh/ros2_learn/chapt3/topic_practice_ws/install/status_interfaces/share/status_interfaces/cmake/status_interfaces__rosidl_typesupport_cExport.cmake
[1.148s] -- Up-to-date: /home/hzh/ros2_learn/chapt3/topic_practice_ws/install/status_interfaces/share/status_interfaces/cmake/status_interfaces__rosidl_typesupport_cExport-noconfig.cmake
[1.148s] -- Up-to-date: /home/hzh/ros2_learn/chapt3/topic_practice_ws/install/status_interfaces/share/status_interfaces/cmake/status_interfaces__rosidl_typesupport_introspection_cppExport.cmake
[1.148s] -- Up-to-date: /home/hzh/ros2_learn/chapt3/topic_practice_ws/install/status_interfaces/share/status_interfaces/cmake/status_interfaces__rosidl_typesupport_introspection_cppExport-noconfig.cmake
[1.148s] -- Up-to-date: /home/hzh/ros2_learn/chapt3/topic_practice_ws/install/status_interfaces/share/status_interfaces/cmake/status_interfaces__rosidl_typesupport_cppExport.cmake
[1.148s] -- Up-to-date: /home/hzh/ros2_learn/chapt3/topic_practice_ws/install/status_interfaces/share/status_interfaces/cmake/status_interfaces__rosidl_typesupport_cppExport-noconfig.cmake
[1.149s] -- Up-to-date: /home/hzh/ros2_learn/chapt3/topic_practice_ws/install/status_interfaces/share/status_interfaces/cmake/export_status_interfaces__rosidl_generator_pyExport.cmake
[1.149s] -- Up-to-date: /home/hzh/ros2_learn/chapt3/topic_practice_ws/install/status_interfaces/share/status_interfaces/cmake/export_status_interfaces__rosidl_generator_pyExport-noconfig.cmake
[1.149s] -- Up-to-date: /home/hzh/ros2_learn/chapt3/topic_practice_ws/install/status_interfaces/share/status_interfaces/cmake/rosidl_cmake-extras.cmake
[1.149s] -- Up-to-date: /home/hzh/ros2_learn/chapt3/topic_practice_ws/install/status_interfaces/share/status_interfaces/cmake/ament_cmake_export_dependencies-extras.cmake
[1.149s] -- Up-to-date: /home/hzh/ros2_learn/chapt3/topic_practice_ws/install/status_interfaces/share/status_interfaces/cmake/ament_cmake_export_include_directories-extras.cmake
[1.153s] -- Up-to-date: /home/hzh/ros2_learn/chapt3/topic_practice_ws/install/status_interfaces/share/status_interfaces/cmake/ament_cmake_export_libraries-extras.cmake
[1.153s] -- Up-to-date: /home/hzh/ros2_learn/chapt3/topic_practice_ws/install/status_interfaces/share/status_interfaces/cmake/ament_cmake_export_targets-extras.cmake
[1.153s] -- Up-to-date: /home/hzh/ros2_learn/chapt3/topic_practice_ws/install/status_interfaces/share/status_interfaces/cmake/rosidl_cmake_export_typesupport_targets-extras.cmake
[1.153s] -- Up-to-date: /home/hzh/ros2_learn/chapt3/topic_practice_ws/install/status_interfaces/share/status_interfaces/cmake/rosidl_cmake_export_typesupport_libraries-extras.cmake
[1.153s] -- Up-to-date: /home/hzh/ros2_learn/chapt3/topic_practice_ws/install/status_interfaces/share/status_interfaces/cmake/status_interfacesConfig.cmake
[1.153s] -- Up-to-date: /home/hzh/ros2_learn/chapt3/topic_practice_ws/install/status_interfaces/share/status_interfaces/cmake/status_interfacesConfig-version.cmake
[1.153s] -- Up-to-date: /home/hzh/ros2_learn/chapt3/topic_practice_ws/install/status_interfaces/share/status_interfaces/package.xml
[1.153s] Invoked command in '/home/hzh/ros2_learn/chapt3/topic_practice_ws/build/status_interfaces' returned '0': CMAKE_PREFIX_PATH=/opt/ros/humble /usr/bin/cmake --install /home/hzh/ros2_learn/chapt3/topic_practice_ws/build/status_interfaces
