[2.242s] Invoking command in '/home/hzh/ros2_learn/chapt10/chapt10_ws/src/learn_lifecyclenode_py': PYTHONPATH=/home/hzh/ros2_learn/chapt10/chapt10_ws/build/learn_lifecyclenode_py/prefix_override:/usr/lib/python3/dist-packages/colcon_core/task/python/colcon_distutils_commands:/home/hzh/ros2_learn/chapt10/chapt10_ws/install/learn_lifecyclenode_py/lib/python3.10/site-packages:${PYTHONPATH} /usr/bin/python3 -W ignore:setup.py install is deprecated -W ignore:easy_install command is deprecated setup.py egg_info --egg-base ../../build/learn_lifecyclenode_py build --build-base /home/hzh/ros2_learn/chapt10/chapt10_ws/build/learn_lifecyclenode_py/build install --record /home/hzh/ros2_learn/chapt10/chapt10_ws/build/learn_lifecyclenode_py/install.log --install-scripts $base/lib/learn_lifecyclenode_py --single-version-externally-managed install_data
[3.096s] running egg_info
[3.097s] writing ../../build/learn_lifecyclenode_py/learn_lifecyclenode_py.egg-info/PKG-INFO
[3.101s] writing dependency_links to ../../build/learn_lifecyclenode_py/learn_lifecyclenode_py.egg-info/dependency_links.txt
[3.103s] writing entry points to ../../build/learn_lifecyclenode_py/learn_lifecyclenode_py.egg-info/entry_points.txt
[3.115s] writing requirements to ../../build/learn_lifecyclenode_py/learn_lifecyclenode_py.egg-info/requires.txt
[3.115s] writing top-level names to ../../build/learn_lifecyclenode_py/learn_lifecyclenode_py.egg-info/top_level.txt
[3.115s] reading manifest file '../../build/learn_lifecyclenode_py/learn_lifecyclenode_py.egg-info/SOURCES.txt'
[3.133s] writing manifest file '../../build/learn_lifecyclenode_py/learn_lifecyclenode_py.egg-info/SOURCES.txt'
[3.133s] running build
[3.138s] running build_py
[3.141s] running install
[3.142s] running install_lib
[3.142s] running install_data
[3.142s] running install_egg_info
[3.143s] removing '/home/hzh/ros2_learn/chapt10/chapt10_ws/install/learn_lifecyclenode_py/lib/python3.10/site-packages/learn_lifecyclenode_py-0.0.0-py3.10.egg-info' (and everything under it)
[3.143s] Copying ../../build/learn_lifecyclenode_py/learn_lifecyclenode_py.egg-info to /home/hzh/ros2_learn/chapt10/chapt10_ws/install/learn_lifecyclenode_py/lib/python3.10/site-packages/learn_lifecyclenode_py-0.0.0-py3.10.egg-info
[3.149s] running install_scripts
[3.199s] Installing learn_lifecyclenode script to /home/hzh/ros2_learn/chapt10/chapt10_ws/install/learn_lifecyclenode_py/lib/learn_lifecyclenode_py
[3.202s] writing list of installed files to '/home/hzh/ros2_learn/chapt10/chapt10_ws/build/learn_lifecyclenode_py/install.log'
[3.327s] Invoked command in '/home/hzh/ros2_learn/chapt10/chapt10_ws/src/learn_lifecyclenode_py' returned '0': PYTHONPATH=/home/hzh/ros2_learn/chapt10/chapt10_ws/build/learn_lifecyclenode_py/prefix_override:/usr/lib/python3/dist-packages/colcon_core/task/python/colcon_distutils_commands:/home/hzh/ros2_learn/chapt10/chapt10_ws/install/learn_lifecyclenode_py/lib/python3.10/site-packages:${PYTHONPATH} /usr/bin/python3 -W ignore:setup.py install is deprecated -W ignore:easy_install command is deprecated setup.py egg_info --egg-base ../../build/learn_lifecyclenode_py build --build-base /home/hzh/ros2_learn/chapt10/chapt10_ws/build/learn_lifecyclenode_py/build install --record /home/hzh/ros2_learn/chapt10/chapt10_ws/build/learn_lifecyclenode_py/install.log --install-scripts $base/lib/learn_lifecyclenode_py --single-version-externally-managed install_data
