[0.021s] Invoking command in '/home/hzh/ros2_learn/chapt8/learn_pluginlib/build/motion_control_system': CMAKE_PREFIX_PATH=${CMAKE_PREFIX_PATH}:/opt/ros/humble /usr/bin/cmake --build /home/hzh/ros2_learn/chapt8/learn_pluginlib/build/motion_control_system -- -j4 -l4
[0.106s] [ 50%] Built target spin_motion_controller
[0.106s] [100%] Built target test_plugin
[0.126s] Invoked command in '/home/hzh/ros2_learn/chapt8/learn_pluginlib/build/motion_control_system' returned '0': CMAKE_PREFIX_PATH=${CMAKE_PREFIX_PATH}:/opt/ros/humble /usr/bin/cmake --build /home/hzh/ros2_learn/chapt8/learn_pluginlib/build/motion_control_system -- -j4 -l4
[0.144s] Invoking command in '/home/hzh/ros2_learn/chapt8/learn_pluginlib/build/motion_control_system': CMAKE_PREFIX_PATH=${CMAKE_PREFIX_PATH}:/opt/ros/humble /usr/bin/cmake --install /home/hzh/ros2_learn/chapt8/learn_pluginlib/build/motion_control_system
[0.159s] -- Install configuration: ""
[0.160s] -- Up-to-date: /home/hzh/ros2_learn/chapt8/learn_pluginlib/install/motion_control_system/bin/motion_control_system/test_plugin
[0.160s] -- Up-to-date: /home/hzh/ros2_learn/chapt8/learn_pluginlib/install/motion_control_system/lib/libspin_motion_controller.so
[0.160s] -- Up-to-date: /home/hzh/ros2_learn/chapt8/learn_pluginlib/install/motion_control_system/include/
[0.160s] -- Up-to-date: /home/hzh/ros2_learn/chapt8/learn_pluginlib/install/motion_control_system/include//motion_control_system
[0.160s] -- Up-to-date: /home/hzh/ros2_learn/chapt8/learn_pluginlib/install/motion_control_system/include//motion_control_system/spin_motion_controller.hpp
[0.160s] -- Up-to-date: /home/hzh/ros2_learn/chapt8/learn_pluginlib/install/motion_control_system/include//motion_control_system/motion_control_interface.hpp
[0.160s] -- Up-to-date: /home/hzh/ros2_learn/chapt8/learn_pluginlib/install/motion_control_system/share/motion_control_system/spin_motion_plugins.xml
[0.161s] -- Up-to-date: /home/hzh/ros2_learn/chapt8/learn_pluginlib/install/motion_control_system/share/ament_index/resource_index/package_run_dependencies/motion_control_system
[0.161s] -- Up-to-date: /home/hzh/ros2_learn/chapt8/learn_pluginlib/install/motion_control_system/share/ament_index/resource_index/parent_prefix_path/motion_control_system
[0.161s] -- Up-to-date: /home/hzh/ros2_learn/chapt8/learn_pluginlib/install/motion_control_system/share/motion_control_system/environment/ament_prefix_path.sh
[0.161s] -- Up-to-date: /home/hzh/ros2_learn/chapt8/learn_pluginlib/install/motion_control_system/share/motion_control_system/environment/ament_prefix_path.dsv
[0.161s] -- Up-to-date: /home/hzh/ros2_learn/chapt8/learn_pluginlib/install/motion_control_system/share/motion_control_system/environment/path.sh
[0.161s] -- Up-to-date: /home/hzh/ros2_learn/chapt8/learn_pluginlib/install/motion_control_system/share/motion_control_system/environment/path.dsv
[0.161s] -- Up-to-date: /home/hzh/ros2_learn/chapt8/learn_pluginlib/install/motion_control_system/share/motion_control_system/local_setup.bash
[0.161s] -- Up-to-date: /home/hzh/ros2_learn/chapt8/learn_pluginlib/install/motion_control_system/share/motion_control_system/local_setup.sh
[0.162s] -- Up-to-date: /home/hzh/ros2_learn/chapt8/learn_pluginlib/install/motion_control_system/share/motion_control_system/local_setup.zsh
[0.162s] -- Up-to-date: /home/hzh/ros2_learn/chapt8/learn_pluginlib/install/motion_control_system/share/motion_control_system/local_setup.dsv
[0.162s] -- Installing: /home/hzh/ros2_learn/chapt8/learn_pluginlib/install/motion_control_system/share/motion_control_system/package.dsv
[0.162s] -- Up-to-date: /home/hzh/ros2_learn/chapt8/learn_pluginlib/install/motion_control_system/share/ament_index/resource_index/packages/motion_control_system
[0.162s] -- Up-to-date: /home/hzh/ros2_learn/chapt8/learn_pluginlib/install/motion_control_system/share/ament_index/resource_index/motion_control_system__pluginlib__plugin/motion_control_system
[0.162s] -- Up-to-date: /home/hzh/ros2_learn/chapt8/learn_pluginlib/install/motion_control_system/share/motion_control_system/cmake/motion_control_systemConfig.cmake
[0.163s] -- Up-to-date: /home/hzh/ros2_learn/chapt8/learn_pluginlib/install/motion_control_system/share/motion_control_system/cmake/motion_control_systemConfig-version.cmake
[0.164s] -- Up-to-date: /home/hzh/ros2_learn/chapt8/learn_pluginlib/install/motion_control_system/share/motion_control_system/package.xml
[0.168s] Invoked command in '/home/hzh/ros2_learn/chapt8/learn_pluginlib/build/motion_control_system' returned '0': CMAKE_PREFIX_PATH=${CMAKE_PREFIX_PATH}:/opt/ros/humble /usr/bin/cmake --install /home/hzh/ros2_learn/chapt8/learn_pluginlib/build/motion_control_system
