[3.155s] Invoking command in '/home/hzh/ros2_learn/chapt8/chapt8_ws/src/fishbot_application': PYTHONPATH=/home/hzh/ros2_learn/chapt8/chapt8_ws/build/fishbot_application/prefix_override:/usr/lib/python3/dist-packages/colcon_core/task/python/colcon_distutils_commands:/home/hzh/ros2_learn/chapt8/chapt8_ws/install/fishbot_application/lib/python3.10/site-packages:${PYTHONPATH} /usr/bin/python3 -W ignore:setup.py install is deprecated -W ignore:easy_install command is deprecated setup.py egg_info --egg-base ../../build/fishbot_application build --build-base /home/hzh/ros2_learn/chapt8/chapt8_ws/build/fishbot_application/build install --record /home/hzh/ros2_learn/chapt8/chapt8_ws/build/fishbot_application/install.log --single-version-externally-managed install_data
[3.649s] running egg_info
[3.652s] writing ../../build/fishbot_application/fishbot_application.egg-info/PKG-INFO
[3.653s] writing dependency_links to ../../build/fishbot_application/fishbot_application.egg-info/dependency_links.txt
[3.653s] writing entry points to ../../build/fishbot_application/fishbot_application.egg-info/entry_points.txt
[3.653s] writing requirements to ../../build/fishbot_application/fishbot_application.egg-info/requires.txt
[3.653s] writing top-level names to ../../build/fishbot_application/fishbot_application.egg-info/top_level.txt
[3.656s] reading manifest file '../../build/fishbot_application/fishbot_application.egg-info/SOURCES.txt'
[3.657s] adding license file 'LICENSE'
[3.660s] writing manifest file '../../build/fishbot_application/fishbot_application.egg-info/SOURCES.txt'
[3.660s] running build
[3.660s] running build_py
[3.661s] running install
[3.661s] running install_lib
[3.664s] running install_data
[3.664s] running install_egg_info
[3.670s] removing '/home/hzh/ros2_learn/chapt8/chapt8_ws/install/fishbot_application/lib/python3.10/site-packages/fishbot_application-0.0.0-py3.10.egg-info' (and everything under it)
[3.672s] Copying ../../build/fishbot_application/fishbot_application.egg-info to /home/hzh/ros2_learn/chapt8/chapt8_ws/install/fishbot_application/lib/python3.10/site-packages/fishbot_application-0.0.0-py3.10.egg-info
[3.673s] running install_scripts
[3.713s] Installing get_robot_pose script to /home/hzh/ros2_learn/chapt8/chapt8_ws/install/fishbot_application/lib/fishbot_application
[3.715s] Installing init_robot_pose script to /home/hzh/ros2_learn/chapt8/chapt8_ws/install/fishbot_application/lib/fishbot_application
[3.718s] Installing nav_to_pose script to /home/hzh/ros2_learn/chapt8/chapt8_ws/install/fishbot_application/lib/fishbot_application
[3.718s] Installing waypoint_follower script to /home/hzh/ros2_learn/chapt8/chapt8_ws/install/fishbot_application/lib/fishbot_application
[3.719s] writing list of installed files to '/home/hzh/ros2_learn/chapt8/chapt8_ws/build/fishbot_application/install.log'
[3.801s] Invoked command in '/home/hzh/ros2_learn/chapt8/chapt8_ws/src/fishbot_application' returned '0': PYTHONPATH=/home/hzh/ros2_learn/chapt8/chapt8_ws/build/fishbot_application/prefix_override:/usr/lib/python3/dist-packages/colcon_core/task/python/colcon_distutils_commands:/home/hzh/ros2_learn/chapt8/chapt8_ws/install/fishbot_application/lib/python3.10/site-packages:${PYTHONPATH} /usr/bin/python3 -W ignore:setup.py install is deprecated -W ignore:easy_install command is deprecated setup.py egg_info --egg-base ../../build/fishbot_application build --build-base /home/hzh/ros2_learn/chapt8/chapt8_ws/build/fishbot_application/build install --record /home/hzh/ros2_learn/chapt8/chapt8_ws/build/fishbot_application/install.log --single-version-externally-managed install_data
