[0.214s] DEBUG:colcon:Command line arguments: ['/usr/bin/colcon', 'build']
[0.215s] DEBUG:colcon:Parsed command line arguments: Namespace(log_base=None, log_level=None, verb_name='build', build_base='build', install_base='install', merge_install=False, symlink_install=False, test_result_base=None, continue_on_error=False, executor='parallel', parallel_workers=4, event_handlers=None, ignore_user_meta=False, metas=['./colcon.meta'], base_paths=['.'], packages_ignore=None, packages_ignore_regex=None, paths=None, packages_up_to=None, packages_up_to_regex=None, packages_above=None, packages_above_and_dependencies=None, packages_above_depth=None, packages_select_by_dep=None, packages_skip_by_dep=None, packages_skip_up_to=None, packages_select_build_failed=False, packages_skip_build_finished=False, packages_select_test_failures=False, packages_skip_test_passed=False, packages_select=None, packages_skip=None, packages_select_regex=None, packages_skip_regex=None, packages_start=None, packages_end=None, allow_overriding=[], cmake_args=None, cmake_target=None, cmake_target_skip_unavailable=False, cmake_clean_cache=False, cmake_clean_first=False, cmake_force_configure=False, ament_cmake_args=None, catkin_cmake_args=None, catkin_skip_building_tests=False, verb_parser=<colcon_defaults.argument_parser.defaults.DefaultArgumentsDecorator object at 0x7871f8b54880>, verb_extension=<colcon_core.verb.build.BuildVerb object at 0x7871f8b54280>, main=<bound method BuildVerb.main of <colcon_core.verb.build.BuildVerb object at 0x7871f8b54280>>)
[0.474s] Level 1:colcon.colcon_core.package_discovery:discover_packages(colcon_meta) check parameters
[0.474s] Level 1:colcon.colcon_core.package_discovery:discover_packages(recursive) check parameters
[0.474s] Level 1:colcon.colcon_core.package_discovery:discover_packages(ignore) check parameters
[0.474s] Level 1:colcon.colcon_core.package_discovery:discover_packages(path) check parameters
[0.474s] Level 1:colcon.colcon_core.package_discovery:discover_packages(colcon_meta) discover
[0.474s] Level 1:colcon.colcon_core.package_discovery:discover_packages(recursive) discover
[0.474s] INFO:colcon.colcon_core.package_discovery:Crawling recursively for packages in '/home/hzh/ros2_learn/chapt7/chapt7_ws'
[0.474s] Level 1:colcon.colcon_core.package_identification:_identify(.) by extensions ['ignore', 'ignore_ament_install']
[0.475s] Level 1:colcon.colcon_core.package_identification:_identify(.) by extension 'ignore'
[0.475s] Level 1:colcon.colcon_core.package_identification:_identify(.) by extension 'ignore_ament_install'
[0.475s] Level 1:colcon.colcon_core.package_identification:_identify(.) by extensions ['colcon_pkg']
[0.475s] Level 1:colcon.colcon_core.package_identification:_identify(.) by extension 'colcon_pkg'
[0.475s] Level 1:colcon.colcon_core.package_identification:_identify(.) by extensions ['colcon_meta']
[0.475s] Level 1:colcon.colcon_core.package_identification:_identify(.) by extension 'colcon_meta'
[0.475s] Level 1:colcon.colcon_core.package_identification:_identify(.) by extensions ['ros']
[0.475s] Level 1:colcon.colcon_core.package_identification:_identify(.) by extension 'ros'
[0.495s] Level 1:colcon.colcon_core.package_identification:_identify(.) by extensions ['cmake', 'python']
[0.495s] Level 1:colcon.colcon_core.package_identification:_identify(.) by extension 'cmake'
[0.495s] Level 1:colcon.colcon_core.package_identification:_identify(.) by extension 'python'
[0.495s] Level 1:colcon.colcon_core.package_identification:_identify(.) by extensions ['python_setup_py']
[0.495s] Level 1:colcon.colcon_core.package_identification:_identify(.) by extension 'python_setup_py'
[0.495s] Level 1:colcon.colcon_core.package_identification:_identify(build) by extensions ['ignore', 'ignore_ament_install']
[0.496s] Level 1:colcon.colcon_core.package_identification:_identify(build) by extension 'ignore'
[0.497s] Level 1:colcon.colcon_core.package_identification:_identify(build) ignored
[0.497s] Level 1:colcon.colcon_core.package_identification:_identify(install) by extensions ['ignore', 'ignore_ament_install']
[0.497s] Level 1:colcon.colcon_core.package_identification:_identify(install) by extension 'ignore'
[0.497s] Level 1:colcon.colcon_core.package_identification:_identify(install) ignored
[0.497s] Level 1:colcon.colcon_core.package_identification:_identify(log) by extensions ['ignore', 'ignore_ament_install']
[0.498s] Level 1:colcon.colcon_core.package_identification:_identify(log) by extension 'ignore'
[0.498s] Level 1:colcon.colcon_core.package_identification:_identify(log) ignored
[0.498s] Level 1:colcon.colcon_core.package_identification:_identify(src) by extensions ['ignore', 'ignore_ament_install']
[0.498s] Level 1:colcon.colcon_core.package_identification:_identify(src) by extension 'ignore'
[0.498s] Level 1:colcon.colcon_core.package_identification:_identify(src) by extension 'ignore_ament_install'
[0.498s] Level 1:colcon.colcon_core.package_identification:_identify(src) by extensions ['colcon_pkg']
[0.498s] Level 1:colcon.colcon_core.package_identification:_identify(src) by extension 'colcon_pkg'
[0.498s] Level 1:colcon.colcon_core.package_identification:_identify(src) by extensions ['colcon_meta']
[0.498s] Level 1:colcon.colcon_core.package_identification:_identify(src) by extension 'colcon_meta'
[0.498s] Level 1:colcon.colcon_core.package_identification:_identify(src) by extensions ['ros']
[0.498s] Level 1:colcon.colcon_core.package_identification:_identify(src) by extension 'ros'
[0.499s] Level 1:colcon.colcon_core.package_identification:_identify(src) by extensions ['cmake', 'python']
[0.499s] Level 1:colcon.colcon_core.package_identification:_identify(src) by extension 'cmake'
[0.499s] Level 1:colcon.colcon_core.package_identification:_identify(src) by extension 'python'
[0.499s] Level 1:colcon.colcon_core.package_identification:_identify(src) by extensions ['python_setup_py']
[0.499s] Level 1:colcon.colcon_core.package_identification:_identify(src) by extension 'python_setup_py'
[0.499s] Level 1:colcon.colcon_core.package_identification:_identify(src/autopartol_interfaces) by extensions ['ignore', 'ignore_ament_install']
[0.499s] Level 1:colcon.colcon_core.package_identification:_identify(src/autopartol_interfaces) by extension 'ignore'
[0.499s] Level 1:colcon.colcon_core.package_identification:_identify(src/autopartol_interfaces) by extension 'ignore_ament_install'
[0.499s] Level 1:colcon.colcon_core.package_identification:_identify(src/autopartol_interfaces) by extensions ['colcon_pkg']
[0.499s] Level 1:colcon.colcon_core.package_identification:_identify(src/autopartol_interfaces) by extension 'colcon_pkg'
[0.499s] Level 1:colcon.colcon_core.package_identification:_identify(src/autopartol_interfaces) by extensions ['colcon_meta']
[0.499s] Level 1:colcon.colcon_core.package_identification:_identify(src/autopartol_interfaces) by extension 'colcon_meta'
[0.499s] Level 1:colcon.colcon_core.package_identification:_identify(src/autopartol_interfaces) by extensions ['ros']
[0.499s] Level 1:colcon.colcon_core.package_identification:_identify(src/autopartol_interfaces) by extension 'ros'
[0.502s] DEBUG:colcon.colcon_core.package_identification:Package 'src/autopartol_interfaces' with type 'ros.ament_cmake' and name 'autopartol_interfaces'
[0.502s] Level 1:colcon.colcon_core.package_identification:_identify(src/autopartol_robot) by extensions ['ignore', 'ignore_ament_install']
[0.503s] Level 1:colcon.colcon_core.package_identification:_identify(src/autopartol_robot) by extension 'ignore'
[0.503s] Level 1:colcon.colcon_core.package_identification:_identify(src/autopartol_robot) by extension 'ignore_ament_install'
[0.503s] Level 1:colcon.colcon_core.package_identification:_identify(src/autopartol_robot) by extensions ['colcon_pkg']
[0.503s] Level 1:colcon.colcon_core.package_identification:_identify(src/autopartol_robot) by extension 'colcon_pkg'
[0.503s] Level 1:colcon.colcon_core.package_identification:_identify(src/autopartol_robot) by extensions ['colcon_meta']
[0.503s] Level 1:colcon.colcon_core.package_identification:_identify(src/autopartol_robot) by extension 'colcon_meta'
[0.503s] Level 1:colcon.colcon_core.package_identification:_identify(src/autopartol_robot) by extensions ['ros']
[0.503s] Level 1:colcon.colcon_core.package_identification:_identify(src/autopartol_robot) by extension 'ros'
[0.505s] DEBUG:colcon.colcon_core.package_identification:Package 'src/autopartol_robot' with type 'ros.ament_python' and name 'autopartol_robot'
[0.506s] Level 1:colcon.colcon_core.package_identification:_identify(src/fishbot_application) by extensions ['ignore', 'ignore_ament_install']
[0.506s] Level 1:colcon.colcon_core.package_identification:_identify(src/fishbot_application) by extension 'ignore'
[0.506s] Level 1:colcon.colcon_core.package_identification:_identify(src/fishbot_application) by extension 'ignore_ament_install'
[0.506s] Level 1:colcon.colcon_core.package_identification:_identify(src/fishbot_application) by extensions ['colcon_pkg']
[0.506s] Level 1:colcon.colcon_core.package_identification:_identify(src/fishbot_application) by extension 'colcon_pkg'
[0.506s] Level 1:colcon.colcon_core.package_identification:_identify(src/fishbot_application) by extensions ['colcon_meta']
[0.506s] Level 1:colcon.colcon_core.package_identification:_identify(src/fishbot_application) by extension 'colcon_meta'
[0.506s] Level 1:colcon.colcon_core.package_identification:_identify(src/fishbot_application) by extensions ['ros']
[0.506s] Level 1:colcon.colcon_core.package_identification:_identify(src/fishbot_application) by extension 'ros'
[0.507s] DEBUG:colcon.colcon_core.package_identification:Package 'src/fishbot_application' with type 'ros.ament_python' and name 'fishbot_application'
[0.507s] Level 1:colcon.colcon_core.package_identification:_identify(src/fishbot_description) by extensions ['ignore', 'ignore_ament_install']
[0.507s] Level 1:colcon.colcon_core.package_identification:_identify(src/fishbot_description) by extension 'ignore'
[0.507s] Level 1:colcon.colcon_core.package_identification:_identify(src/fishbot_description) by extension 'ignore_ament_install'
[0.507s] Level 1:colcon.colcon_core.package_identification:_identify(src/fishbot_description) by extensions ['colcon_pkg']
[0.507s] Level 1:colcon.colcon_core.package_identification:_identify(src/fishbot_description) by extension 'colcon_pkg'
[0.507s] Level 1:colcon.colcon_core.package_identification:_identify(src/fishbot_description) by extensions ['colcon_meta']
[0.507s] Level 1:colcon.colcon_core.package_identification:_identify(src/fishbot_description) by extension 'colcon_meta'
[0.508s] Level 1:colcon.colcon_core.package_identification:_identify(src/fishbot_description) by extensions ['ros']
[0.508s] Level 1:colcon.colcon_core.package_identification:_identify(src/fishbot_description) by extension 'ros'
[0.508s] DEBUG:colcon.colcon_core.package_identification:Package 'src/fishbot_description' with type 'ros.ament_cmake' and name 'fishbot_description'
[0.508s] Level 1:colcon.colcon_core.package_identification:_identify(src/fishbot_navigation2) by extensions ['ignore', 'ignore_ament_install']
[0.508s] Level 1:colcon.colcon_core.package_identification:_identify(src/fishbot_navigation2) by extension 'ignore'
[0.509s] Level 1:colcon.colcon_core.package_identification:_identify(src/fishbot_navigation2) by extension 'ignore_ament_install'
[0.509s] Level 1:colcon.colcon_core.package_identification:_identify(src/fishbot_navigation2) by extensions ['colcon_pkg']
[0.509s] Level 1:colcon.colcon_core.package_identification:_identify(src/fishbot_navigation2) by extension 'colcon_pkg'
[0.509s] Level 1:colcon.colcon_core.package_identification:_identify(src/fishbot_navigation2) by extensions ['colcon_meta']
[0.509s] Level 1:colcon.colcon_core.package_identification:_identify(src/fishbot_navigation2) by extension 'colcon_meta'
[0.509s] Level 1:colcon.colcon_core.package_identification:_identify(src/fishbot_navigation2) by extensions ['ros']
[0.509s] Level 1:colcon.colcon_core.package_identification:_identify(src/fishbot_navigation2) by extension 'ros'
[0.510s] DEBUG:colcon.colcon_core.package_identification:Package 'src/fishbot_navigation2' with type 'ros.ament_cmake' and name 'fishbot_navigation2'
[0.510s] Level 1:colcon.colcon_core.package_identification:_identify(tmp) by extensions ['ignore', 'ignore_ament_install']
[0.510s] Level 1:colcon.colcon_core.package_identification:_identify(tmp) by extension 'ignore'
[0.511s] Level 1:colcon.colcon_core.package_identification:_identify(tmp) by extension 'ignore_ament_install'
[0.511s] Level 1:colcon.colcon_core.package_identification:_identify(tmp) by extensions ['colcon_pkg']
[0.511s] Level 1:colcon.colcon_core.package_identification:_identify(tmp) by extension 'colcon_pkg'
[0.511s] Level 1:colcon.colcon_core.package_identification:_identify(tmp) by extensions ['colcon_meta']
[0.511s] Level 1:colcon.colcon_core.package_identification:_identify(tmp) by extension 'colcon_meta'
[0.511s] Level 1:colcon.colcon_core.package_identification:_identify(tmp) by extensions ['ros']
[0.511s] Level 1:colcon.colcon_core.package_identification:_identify(tmp) by extension 'ros'
[0.511s] Level 1:colcon.colcon_core.package_identification:_identify(tmp) by extensions ['cmake', 'python']
[0.511s] Level 1:colcon.colcon_core.package_identification:_identify(tmp) by extension 'cmake'
[0.511s] Level 1:colcon.colcon_core.package_identification:_identify(tmp) by extension 'python'
[0.512s] Level 1:colcon.colcon_core.package_identification:_identify(tmp) by extensions ['python_setup_py']
[0.512s] Level 1:colcon.colcon_core.package_identification:_identify(tmp) by extension 'python_setup_py'
[0.512s] Level 1:colcon.colcon_core.package_identification:_identify(tmp/aha) by extensions ['ignore', 'ignore_ament_install']
[0.512s] Level 1:colcon.colcon_core.package_identification:_identify(tmp/aha) by extension 'ignore'
[0.512s] Level 1:colcon.colcon_core.package_identification:_identify(tmp/aha) by extension 'ignore_ament_install'
[0.513s] Level 1:colcon.colcon_core.package_identification:_identify(tmp/aha) by extensions ['colcon_pkg']
[0.513s] Level 1:colcon.colcon_core.package_identification:_identify(tmp/aha) by extension 'colcon_pkg'
[0.513s] Level 1:colcon.colcon_core.package_identification:_identify(tmp/aha) by extensions ['colcon_meta']
[0.513s] Level 1:colcon.colcon_core.package_identification:_identify(tmp/aha) by extension 'colcon_meta'
[0.513s] Level 1:colcon.colcon_core.package_identification:_identify(tmp/aha) by extensions ['ros']
[0.513s] Level 1:colcon.colcon_core.package_identification:_identify(tmp/aha) by extension 'ros'
[0.513s] Level 1:colcon.colcon_core.package_identification:_identify(tmp/aha) by extensions ['cmake', 'python']
[0.513s] Level 1:colcon.colcon_core.package_identification:_identify(tmp/aha) by extension 'cmake'
[0.513s] Level 1:colcon.colcon_core.package_identification:_identify(tmp/aha) by extension 'python'
[0.513s] Level 1:colcon.colcon_core.package_identification:_identify(tmp/aha) by extensions ['python_setup_py']
[0.513s] Level 1:colcon.colcon_core.package_identification:_identify(tmp/aha) by extension 'python_setup_py'
[0.513s] Level 1:colcon.colcon_core.package_identification:_identify(tmp/aha/dconf) by extensions ['ignore', 'ignore_ament_install']
[0.514s] Level 1:colcon.colcon_core.package_identification:_identify(tmp/aha/dconf) by extension 'ignore'
[0.514s] Level 1:colcon.colcon_core.package_identification:_identify(tmp/aha/dconf) by extension 'ignore_ament_install'
[0.514s] Level 1:colcon.colcon_core.package_identification:_identify(tmp/aha/dconf) by extensions ['colcon_pkg']
[0.514s] Level 1:colcon.colcon_core.package_identification:_identify(tmp/aha/dconf) by extension 'colcon_pkg'
[0.514s] Level 1:colcon.colcon_core.package_identification:_identify(tmp/aha/dconf) by extensions ['colcon_meta']
[0.514s] Level 1:colcon.colcon_core.package_identification:_identify(tmp/aha/dconf) by extension 'colcon_meta'
[0.514s] Level 1:colcon.colcon_core.package_identification:_identify(tmp/aha/dconf) by extensions ['ros']
[0.514s] Level 1:colcon.colcon_core.package_identification:_identify(tmp/aha/dconf) by extension 'ros'
[0.514s] Level 1:colcon.colcon_core.package_identification:_identify(tmp/aha/dconf) by extensions ['cmake', 'python']
[0.514s] Level 1:colcon.colcon_core.package_identification:_identify(tmp/aha/dconf) by extension 'cmake'
[0.514s] Level 1:colcon.colcon_core.package_identification:_identify(tmp/aha/dconf) by extension 'python'
[0.514s] Level 1:colcon.colcon_core.package_identification:_identify(tmp/aha/dconf) by extensions ['python_setup_py']
[0.514s] Level 1:colcon.colcon_core.package_identification:_identify(tmp/aha/dconf) by extension 'python_setup_py'
[0.514s] Level 1:colcon.colcon_core.package_discovery:discover_packages(recursive) using defaults
[0.514s] Level 1:colcon.colcon_core.package_discovery:discover_packages(ignore) discover
[0.514s] Level 1:colcon.colcon_core.package_discovery:discover_packages(ignore) using defaults
[0.514s] Level 1:colcon.colcon_core.package_discovery:discover_packages(path) discover
[0.514s] Level 1:colcon.colcon_core.package_discovery:discover_packages(path) using defaults
[0.544s] Level 1:colcon.colcon_core.package_discovery:discover_packages(prefix_path) check parameters
[0.544s] Level 1:colcon.colcon_core.package_discovery:discover_packages(prefix_path) discover
[0.567s] DEBUG:colcon.colcon_installed_package_information.package_discovery:Found 5 installed packages in /home/hzh/ros2_learn/chapt7/chapt7_ws/install
[0.569s] DEBUG:colcon.colcon_installed_package_information.package_discovery:Found 372 installed packages in /opt/ros/humble
[0.571s] Level 1:colcon.colcon_core.package_discovery:discover_packages(prefix_path) using defaults
[0.625s] Level 5:colcon.colcon_core.verb:set package 'autopartol_interfaces' build argument 'cmake_args' from command line to 'None'
[0.625s] Level 5:colcon.colcon_core.verb:set package 'autopartol_interfaces' build argument 'cmake_target' from command line to 'None'
[0.625s] Level 5:colcon.colcon_core.verb:set package 'autopartol_interfaces' build argument 'cmake_target_skip_unavailable' from command line to 'False'
[0.625s] Level 5:colcon.colcon_core.verb:set package 'autopartol_interfaces' build argument 'cmake_clean_cache' from command line to 'False'
[0.625s] Level 5:colcon.colcon_core.verb:set package 'autopartol_interfaces' build argument 'cmake_clean_first' from command line to 'False'
[0.625s] Level 5:colcon.colcon_core.verb:set package 'autopartol_interfaces' build argument 'cmake_force_configure' from command line to 'False'
[0.625s] Level 5:colcon.colcon_core.verb:set package 'autopartol_interfaces' build argument 'ament_cmake_args' from command line to 'None'
[0.625s] Level 5:colcon.colcon_core.verb:set package 'autopartol_interfaces' build argument 'catkin_cmake_args' from command line to 'None'
[0.625s] Level 5:colcon.colcon_core.verb:set package 'autopartol_interfaces' build argument 'catkin_skip_building_tests' from command line to 'False'
[0.625s] DEBUG:colcon.colcon_core.verb:Building package 'autopartol_interfaces' with the following arguments: {'ament_cmake_args': None, 'build_base': '/home/hzh/ros2_learn/chapt7/chapt7_ws/build/autopartol_interfaces', 'catkin_cmake_args': None, 'catkin_skip_building_tests': False, 'cmake_args': None, 'cmake_clean_cache': False, 'cmake_clean_first': False, 'cmake_force_configure': False, 'cmake_target': None, 'cmake_target_skip_unavailable': False, 'install_base': '/home/hzh/ros2_learn/chapt7/chapt7_ws/install/autopartol_interfaces', 'merge_install': False, 'path': '/home/hzh/ros2_learn/chapt7/chapt7_ws/src/autopartol_interfaces', 'symlink_install': False, 'test_result_base': None}
[0.626s] Level 5:colcon.colcon_core.verb:set package 'autopartol_robot' build argument 'cmake_args' from command line to 'None'
[0.626s] Level 5:colcon.colcon_core.verb:set package 'autopartol_robot' build argument 'cmake_target' from command line to 'None'
[0.626s] Level 5:colcon.colcon_core.verb:set package 'autopartol_robot' build argument 'cmake_target_skip_unavailable' from command line to 'False'
[0.626s] Level 5:colcon.colcon_core.verb:set package 'autopartol_robot' build argument 'cmake_clean_cache' from command line to 'False'
[0.626s] Level 5:colcon.colcon_core.verb:set package 'autopartol_robot' build argument 'cmake_clean_first' from command line to 'False'
[0.627s] Level 5:colcon.colcon_core.verb:set package 'autopartol_robot' build argument 'cmake_force_configure' from command line to 'False'
[0.627s] Level 5:colcon.colcon_core.verb:set package 'autopartol_robot' build argument 'ament_cmake_args' from command line to 'None'
[0.627s] Level 5:colcon.colcon_core.verb:set package 'autopartol_robot' build argument 'catkin_cmake_args' from command line to 'None'
[0.627s] Level 5:colcon.colcon_core.verb:set package 'autopartol_robot' build argument 'catkin_skip_building_tests' from command line to 'False'
[0.627s] DEBUG:colcon.colcon_core.verb:Building package 'autopartol_robot' with the following arguments: {'ament_cmake_args': None, 'build_base': '/home/hzh/ros2_learn/chapt7/chapt7_ws/build/autopartol_robot', 'catkin_cmake_args': None, 'catkin_skip_building_tests': False, 'cmake_args': None, 'cmake_clean_cache': False, 'cmake_clean_first': False, 'cmake_force_configure': False, 'cmake_target': None, 'cmake_target_skip_unavailable': False, 'install_base': '/home/hzh/ros2_learn/chapt7/chapt7_ws/install/autopartol_robot', 'merge_install': False, 'path': '/home/hzh/ros2_learn/chapt7/chapt7_ws/src/autopartol_robot', 'symlink_install': False, 'test_result_base': None}
[0.628s] Level 5:colcon.colcon_core.verb:set package 'fishbot_application' build argument 'cmake_args' from command line to 'None'
[0.628s] Level 5:colcon.colcon_core.verb:set package 'fishbot_application' build argument 'cmake_target' from command line to 'None'
[0.628s] Level 5:colcon.colcon_core.verb:set package 'fishbot_application' build argument 'cmake_target_skip_unavailable' from command line to 'False'
[0.628s] Level 5:colcon.colcon_core.verb:set package 'fishbot_application' build argument 'cmake_clean_cache' from command line to 'False'
[0.628s] Level 5:colcon.colcon_core.verb:set package 'fishbot_application' build argument 'cmake_clean_first' from command line to 'False'
[0.628s] Level 5:colcon.colcon_core.verb:set package 'fishbot_application' build argument 'cmake_force_configure' from command line to 'False'
[0.628s] Level 5:colcon.colcon_core.verb:set package 'fishbot_application' build argument 'ament_cmake_args' from command line to 'None'
[0.628s] Level 5:colcon.colcon_core.verb:set package 'fishbot_application' build argument 'catkin_cmake_args' from command line to 'None'
[0.628s] Level 5:colcon.colcon_core.verb:set package 'fishbot_application' build argument 'catkin_skip_building_tests' from command line to 'False'
[0.628s] DEBUG:colcon.colcon_core.verb:Building package 'fishbot_application' with the following arguments: {'ament_cmake_args': None, 'build_base': '/home/hzh/ros2_learn/chapt7/chapt7_ws/build/fishbot_application', 'catkin_cmake_args': None, 'catkin_skip_building_tests': False, 'cmake_args': None, 'cmake_clean_cache': False, 'cmake_clean_first': False, 'cmake_force_configure': False, 'cmake_target': None, 'cmake_target_skip_unavailable': False, 'install_base': '/home/hzh/ros2_learn/chapt7/chapt7_ws/install/fishbot_application', 'merge_install': False, 'path': '/home/hzh/ros2_learn/chapt7/chapt7_ws/src/fishbot_application', 'symlink_install': False, 'test_result_base': None}
[0.629s] Level 5:colcon.colcon_core.verb:set package 'fishbot_description' build argument 'cmake_args' from command line to 'None'
[0.629s] Level 5:colcon.colcon_core.verb:set package 'fishbot_description' build argument 'cmake_target' from command line to 'None'
[0.629s] Level 5:colcon.colcon_core.verb:set package 'fishbot_description' build argument 'cmake_target_skip_unavailable' from command line to 'False'
[0.629s] Level 5:colcon.colcon_core.verb:set package 'fishbot_description' build argument 'cmake_clean_cache' from command line to 'False'
[0.629s] Level 5:colcon.colcon_core.verb:set package 'fishbot_description' build argument 'cmake_clean_first' from command line to 'False'
[0.629s] Level 5:colcon.colcon_core.verb:set package 'fishbot_description' build argument 'cmake_force_configure' from command line to 'False'
[0.629s] Level 5:colcon.colcon_core.verb:set package 'fishbot_description' build argument 'ament_cmake_args' from command line to 'None'
[0.629s] Level 5:colcon.colcon_core.verb:set package 'fishbot_description' build argument 'catkin_cmake_args' from command line to 'None'
[0.629s] Level 5:colcon.colcon_core.verb:set package 'fishbot_description' build argument 'catkin_skip_building_tests' from command line to 'False'
[0.629s] DEBUG:colcon.colcon_core.verb:Building package 'fishbot_description' with the following arguments: {'ament_cmake_args': None, 'build_base': '/home/hzh/ros2_learn/chapt7/chapt7_ws/build/fishbot_description', 'catkin_cmake_args': None, 'catkin_skip_building_tests': False, 'cmake_args': None, 'cmake_clean_cache': False, 'cmake_clean_first': False, 'cmake_force_configure': False, 'cmake_target': None, 'cmake_target_skip_unavailable': False, 'install_base': '/home/hzh/ros2_learn/chapt7/chapt7_ws/install/fishbot_description', 'merge_install': False, 'path': '/home/hzh/ros2_learn/chapt7/chapt7_ws/src/fishbot_description', 'symlink_install': False, 'test_result_base': None}
[0.630s] Level 5:colcon.colcon_core.verb:set package 'fishbot_navigation2' build argument 'cmake_args' from command line to 'None'
[0.630s] Level 5:colcon.colcon_core.verb:set package 'fishbot_navigation2' build argument 'cmake_target' from command line to 'None'
[0.630s] Level 5:colcon.colcon_core.verb:set package 'fishbot_navigation2' build argument 'cmake_target_skip_unavailable' from command line to 'False'
[0.630s] Level 5:colcon.colcon_core.verb:set package 'fishbot_navigation2' build argument 'cmake_clean_cache' from command line to 'False'
[0.630s] Level 5:colcon.colcon_core.verb:set package 'fishbot_navigation2' build argument 'cmake_clean_first' from command line to 'False'
[0.630s] Level 5:colcon.colcon_core.verb:set package 'fishbot_navigation2' build argument 'cmake_force_configure' from command line to 'False'
[0.631s] Level 5:colcon.colcon_core.verb:set package 'fishbot_navigation2' build argument 'ament_cmake_args' from command line to 'None'
[0.631s] Level 5:colcon.colcon_core.verb:set package 'fishbot_navigation2' build argument 'catkin_cmake_args' from command line to 'None'
[0.631s] Level 5:colcon.colcon_core.verb:set package 'fishbot_navigation2' build argument 'catkin_skip_building_tests' from command line to 'False'
[0.631s] DEBUG:colcon.colcon_core.verb:Building package 'fishbot_navigation2' with the following arguments: {'ament_cmake_args': None, 'build_base': '/home/hzh/ros2_learn/chapt7/chapt7_ws/build/fishbot_navigation2', 'catkin_cmake_args': None, 'catkin_skip_building_tests': False, 'cmake_args': None, 'cmake_clean_cache': False, 'cmake_clean_first': False, 'cmake_force_configure': False, 'cmake_target': None, 'cmake_target_skip_unavailable': False, 'install_base': '/home/hzh/ros2_learn/chapt7/chapt7_ws/install/fishbot_navigation2', 'merge_install': False, 'path': '/home/hzh/ros2_learn/chapt7/chapt7_ws/src/fishbot_navigation2', 'symlink_install': False, 'test_result_base': None}
[0.631s] INFO:colcon.colcon_core.executor:Executing jobs using 'parallel' executor
[0.633s] DEBUG:colcon.colcon_parallel_executor.executor.parallel:run_until_complete
[0.635s] INFO:colcon.colcon_ros.task.ament_cmake.build:Building ROS package in '/home/hzh/ros2_learn/chapt7/chapt7_ws/src/autopartol_interfaces' with build type 'ament_cmake'
[0.636s] INFO:colcon.colcon_cmake.task.cmake.build:Building CMake package in '/home/hzh/ros2_learn/chapt7/chapt7_ws/src/autopartol_interfaces'
[0.638s] INFO:colcon.colcon_core.plugin_system:Skipping extension 'colcon_core.shell.bat': Not used on non-Windows systems
[0.639s] INFO:colcon.colcon_core.shell:Skip shell extension 'powershell' for command environment: Not usable outside of PowerShell
[0.641s] DEBUG:colcon.colcon_core.shell:Skip shell extension 'dsv' for command environment
[0.651s] INFO:colcon.colcon_ros.task.ament_python.build:Building ROS package in '/home/hzh/ros2_learn/chapt7/chapt7_ws/src/autopartol_robot' with build type 'ament_python'
[0.653s] Level 1:colcon.colcon_core.shell:create_environment_hook('autopartol_robot', 'ament_prefix_path')
[0.654s] INFO:colcon.colcon_core.shell:Creating environment hook '/home/hzh/ros2_learn/chapt7/chapt7_ws/install/autopartol_robot/share/autopartol_robot/hook/ament_prefix_path.ps1'
[0.656s] INFO:colcon.colcon_core.shell:Creating environment descriptor '/home/hzh/ros2_learn/chapt7/chapt7_ws/install/autopartol_robot/share/autopartol_robot/hook/ament_prefix_path.dsv'
[0.658s] INFO:colcon.colcon_core.shell:Creating environment hook '/home/hzh/ros2_learn/chapt7/chapt7_ws/install/autopartol_robot/share/autopartol_robot/hook/ament_prefix_path.sh'
[0.660s] INFO:colcon.colcon_core.shell:Skip shell extension 'powershell' for command environment: Not usable outside of PowerShell
[0.661s] DEBUG:colcon.colcon_core.shell:Skip shell extension 'dsv' for command environment
[0.670s] INFO:colcon.colcon_ros.task.ament_python.build:Building ROS package in '/home/hzh/ros2_learn/chapt7/chapt7_ws/src/fishbot_application' with build type 'ament_python'
[0.670s] Level 1:colcon.colcon_core.shell:create_environment_hook('fishbot_application', 'ament_prefix_path')
[0.671s] INFO:colcon.colcon_core.shell:Creating environment hook '/home/hzh/ros2_learn/chapt7/chapt7_ws/install/fishbot_application/share/fishbot_application/hook/ament_prefix_path.ps1'
[0.674s] INFO:colcon.colcon_core.shell:Creating environment descriptor '/home/hzh/ros2_learn/chapt7/chapt7_ws/install/fishbot_application/share/fishbot_application/hook/ament_prefix_path.dsv'
[0.675s] INFO:colcon.colcon_core.shell:Creating environment hook '/home/hzh/ros2_learn/chapt7/chapt7_ws/install/fishbot_application/share/fishbot_application/hook/ament_prefix_path.sh'
[0.678s] INFO:colcon.colcon_core.shell:Skip shell extension 'powershell' for command environment: Not usable outside of PowerShell
[0.679s] DEBUG:colcon.colcon_core.shell:Skip shell extension 'dsv' for command environment
[0.688s] INFO:colcon.colcon_ros.task.ament_cmake.build:Building ROS package in '/home/hzh/ros2_learn/chapt7/chapt7_ws/src/fishbot_description' with build type 'ament_cmake'
[0.689s] INFO:colcon.colcon_cmake.task.cmake.build:Building CMake package in '/home/hzh/ros2_learn/chapt7/chapt7_ws/src/fishbot_description'
[0.690s] INFO:colcon.colcon_core.shell:Skip shell extension 'powershell' for command environment: Not usable outside of PowerShell
[0.691s] DEBUG:colcon.colcon_core.shell:Skip shell extension 'dsv' for command environment
[0.714s] DEBUG:colcon.colcon_core.event_handler.log_command:Invoking command in '/home/hzh/ros2_learn/chapt7/chapt7_ws/build/autopartol_interfaces': CMAKE_PREFIX_PATH=${CMAKE_PREFIX_PATH}:/home/hzh/ros2_learn/chapt7/chapt7_ws/install/autopartol_robot:/home/hzh/ros2_learn/chapt7/chapt7_ws/install/fishbot_application:/opt/ros/humble /usr/bin/cmake --build /home/hzh/ros2_learn/chapt7/chapt7_ws/build/autopartol_interfaces -- -j4 -l4
[1.695s] INFO:colcon.colcon_core.task.python.build:Building Python package in '/home/hzh/ros2_learn/chapt7/chapt7_ws/src/autopartol_robot'
[1.697s] INFO:colcon.colcon_core.shell:Skip shell extension 'powershell' for command environment: Not usable outside of PowerShell
[1.697s] DEBUG:colcon.colcon_core.shell:Skip shell extension 'dsv' for command environment
[2.790s] INFO:colcon.colcon_core.task.python.build:Building Python package in '/home/hzh/ros2_learn/chapt7/chapt7_ws/src/fishbot_application'
[2.791s] INFO:colcon.colcon_core.shell:Skip shell extension 'powershell' for command environment: Not usable outside of PowerShell
[2.791s] DEBUG:colcon.colcon_core.shell:Skip shell extension 'dsv' for command environment
[2.842s] DEBUG:colcon.colcon_core.event_handler.log_command:Invoking command in '/home/hzh/ros2_learn/chapt7/chapt7_ws/build/fishbot_description': CMAKE_PREFIX_PATH=${CMAKE_PREFIX_PATH}:/home/hzh/ros2_learn/chapt7/chapt7_ws/install/autopartol_robot:/home/hzh/ros2_learn/chapt7/chapt7_ws/install/fishbot_application:/opt/ros/humble /usr/bin/cmake --build /home/hzh/ros2_learn/chapt7/chapt7_ws/build/fishbot_description -- -j4 -l4
[3.137s] DEBUG:colcon.colcon_core.event_handler.log_command:Invoked command in '/home/hzh/ros2_learn/chapt7/chapt7_ws/build/fishbot_description' returned '0': CMAKE_PREFIX_PATH=${CMAKE_PREFIX_PATH}:/home/hzh/ros2_learn/chapt7/chapt7_ws/install/autopartol_robot:/home/hzh/ros2_learn/chapt7/chapt7_ws/install/fishbot_application:/opt/ros/humble /usr/bin/cmake --build /home/hzh/ros2_learn/chapt7/chapt7_ws/build/fishbot_description -- -j4 -l4
[3.233s] DEBUG:colcon.colcon_core.event_handler.log_command:Invoking command in '/home/hzh/ros2_learn/chapt7/chapt7_ws/build/fishbot_description': CMAKE_PREFIX_PATH=${CMAKE_PREFIX_PATH}:/home/hzh/ros2_learn/chapt7/chapt7_ws/install/autopartol_robot:/home/hzh/ros2_learn/chapt7/chapt7_ws/install/fishbot_application:/opt/ros/humble /usr/bin/cmake --install /home/hzh/ros2_learn/chapt7/chapt7_ws/build/fishbot_description
[3.387s] Level 1:colcon.colcon_core.environment:create_environment_scripts_only(fishbot_description)
[3.388s] DEBUG:colcon.colcon_core.event_handler.log_command:Invoked command in '/home/hzh/ros2_learn/chapt7/chapt7_ws/build/fishbot_description' returned '0': CMAKE_PREFIX_PATH=${CMAKE_PREFIX_PATH}:/home/hzh/ros2_learn/chapt7/chapt7_ws/install/autopartol_robot:/home/hzh/ros2_learn/chapt7/chapt7_ws/install/fishbot_application:/opt/ros/humble /usr/bin/cmake --install /home/hzh/ros2_learn/chapt7/chapt7_ws/build/fishbot_description
[3.415s] Level 1:colcon.colcon_core.environment:checking '/home/hzh/ros2_learn/chapt7/chapt7_ws/install/fishbot_description' for CMake module files
[3.424s] Level 1:colcon.colcon_core.environment:checking '/home/hzh/ros2_learn/chapt7/chapt7_ws/install/fishbot_description' for CMake config files
[3.434s] Level 1:colcon.colcon_core.shell:create_environment_hook('fishbot_description', 'cmake_prefix_path')
[3.436s] INFO:colcon.colcon_core.shell:Creating environment hook '/home/hzh/ros2_learn/chapt7/chapt7_ws/install/fishbot_description/share/fishbot_description/hook/cmake_prefix_path.ps1'
[3.456s] INFO:colcon.colcon_core.shell:Creating environment descriptor '/home/hzh/ros2_learn/chapt7/chapt7_ws/install/fishbot_description/share/fishbot_description/hook/cmake_prefix_path.dsv'
[3.466s] INFO:colcon.colcon_core.shell:Creating environment hook '/home/hzh/ros2_learn/chapt7/chapt7_ws/install/fishbot_description/share/fishbot_description/hook/cmake_prefix_path.sh'
[3.487s] Level 1:colcon.colcon_core.environment:checking '/home/hzh/ros2_learn/chapt7/chapt7_ws/install/fishbot_description/bin'
[3.491s] Level 1:colcon.colcon_core.environment:checking '/home/hzh/ros2_learn/chapt7/chapt7_ws/install/fishbot_description/lib/pkgconfig/fishbot_description.pc'
[3.492s] Level 1:colcon.colcon_core.environment:checking '/home/hzh/ros2_learn/chapt7/chapt7_ws/install/fishbot_description/lib/python3.10/site-packages'
[3.493s] Level 1:colcon.colcon_core.environment:checking '/home/hzh/ros2_learn/chapt7/chapt7_ws/install/fishbot_description/bin'
[3.493s] INFO:colcon.colcon_core.shell:Creating package script '/home/hzh/ros2_learn/chapt7/chapt7_ws/install/fishbot_description/share/fishbot_description/package.ps1'
[3.528s] INFO:colcon.colcon_core.shell:Creating package descriptor '/home/hzh/ros2_learn/chapt7/chapt7_ws/install/fishbot_description/share/fishbot_description/package.dsv'
[3.535s] INFO:colcon.colcon_core.shell:Creating package script '/home/hzh/ros2_learn/chapt7/chapt7_ws/install/fishbot_description/share/fishbot_description/package.sh'
[3.540s] INFO:colcon.colcon_core.shell:Creating package script '/home/hzh/ros2_learn/chapt7/chapt7_ws/install/fishbot_description/share/fishbot_description/package.bash'
[3.546s] INFO:colcon.colcon_core.shell:Creating package script '/home/hzh/ros2_learn/chapt7/chapt7_ws/install/fishbot_description/share/fishbot_description/package.zsh'
[3.554s] Level 1:colcon.colcon_core.environment:create_file_with_runtime_dependencies(/home/hzh/ros2_learn/chapt7/chapt7_ws/install/fishbot_description/share/colcon-core/packages/fishbot_description)
[3.563s] Level 1:colcon.colcon_core.environment:create_environment_scripts_only(fishbot_description)
[3.568s] Level 1:colcon.colcon_core.environment:checking '/home/hzh/ros2_learn/chapt7/chapt7_ws/install/fishbot_description' for CMake module files
[3.569s] Level 1:colcon.colcon_core.environment:checking '/home/hzh/ros2_learn/chapt7/chapt7_ws/install/fishbot_description' for CMake config files
[3.572s] Level 1:colcon.colcon_core.shell:create_environment_hook('fishbot_description', 'cmake_prefix_path')
[3.576s] INFO:colcon.colcon_core.shell:Creating environment hook '/home/hzh/ros2_learn/chapt7/chapt7_ws/install/fishbot_description/share/fishbot_description/hook/cmake_prefix_path.ps1'
[3.585s] INFO:colcon.colcon_core.shell:Creating environment descriptor '/home/hzh/ros2_learn/chapt7/chapt7_ws/install/fishbot_description/share/fishbot_description/hook/cmake_prefix_path.dsv'
[3.595s] INFO:colcon.colcon_core.shell:Creating environment hook '/home/hzh/ros2_learn/chapt7/chapt7_ws/install/fishbot_description/share/fishbot_description/hook/cmake_prefix_path.sh'
[3.605s] Level 1:colcon.colcon_core.environment:checking '/home/hzh/ros2_learn/chapt7/chapt7_ws/install/fishbot_description/bin'
[3.605s] Level 1:colcon.colcon_core.environment:checking '/home/hzh/ros2_learn/chapt7/chapt7_ws/install/fishbot_description/lib/pkgconfig/fishbot_description.pc'
[3.606s] Level 1:colcon.colcon_core.environment:checking '/home/hzh/ros2_learn/chapt7/chapt7_ws/install/fishbot_description/lib/python3.10/site-packages'
[3.614s] Level 1:colcon.colcon_core.environment:checking '/home/hzh/ros2_learn/chapt7/chapt7_ws/install/fishbot_description/bin'
[3.616s] INFO:colcon.colcon_core.shell:Creating package script '/home/hzh/ros2_learn/chapt7/chapt7_ws/install/fishbot_description/share/fishbot_description/package.ps1'
[3.622s] INFO:colcon.colcon_core.shell:Creating package descriptor '/home/hzh/ros2_learn/chapt7/chapt7_ws/install/fishbot_description/share/fishbot_description/package.dsv'
[3.636s] INFO:colcon.colcon_core.shell:Creating package script '/home/hzh/ros2_learn/chapt7/chapt7_ws/install/fishbot_description/share/fishbot_description/package.sh'
[3.643s] INFO:colcon.colcon_core.shell:Creating package script '/home/hzh/ros2_learn/chapt7/chapt7_ws/install/fishbot_description/share/fishbot_description/package.bash'
[3.650s] INFO:colcon.colcon_core.shell:Creating package script '/home/hzh/ros2_learn/chapt7/chapt7_ws/install/fishbot_description/share/fishbot_description/package.zsh'
[3.655s] Level 1:colcon.colcon_core.environment:create_file_with_runtime_dependencies(/home/hzh/ros2_learn/chapt7/chapt7_ws/install/fishbot_description/share/colcon-core/packages/fishbot_description)
[3.657s] INFO:colcon.colcon_ros.task.ament_cmake.build:Building ROS package in '/home/hzh/ros2_learn/chapt7/chapt7_ws/src/fishbot_navigation2' with build type 'ament_cmake'
[3.660s] INFO:colcon.colcon_cmake.task.cmake.build:Building CMake package in '/home/hzh/ros2_learn/chapt7/chapt7_ws/src/fishbot_navigation2'
[3.662s] INFO:colcon.colcon_core.shell:Skip shell extension 'powershell' for command environment: Not usable outside of PowerShell
[3.662s] DEBUG:colcon.colcon_core.shell:Skip shell extension 'dsv' for command environment
[3.740s] DEBUG:colcon.colcon_core.event_handler.log_command:Invoking command in '/home/hzh/ros2_learn/chapt7/chapt7_ws/build/fishbot_navigation2': CMAKE_PREFIX_PATH=${CMAKE_PREFIX_PATH}:/home/hzh/ros2_learn/chapt7/chapt7_ws/install/autopartol_robot:/home/hzh/ros2_learn/chapt7/chapt7_ws/install/fishbot_application:/opt/ros/humble /usr/bin/cmake --build /home/hzh/ros2_learn/chapt7/chapt7_ws/build/fishbot_navigation2 -- -j4 -l4
[4.023s] DEBUG:colcon.colcon_core.event_handler.log_command:Invoked command in '/home/hzh/ros2_learn/chapt7/chapt7_ws/build/fishbot_navigation2' returned '0': CMAKE_PREFIX_PATH=${CMAKE_PREFIX_PATH}:/home/hzh/ros2_learn/chapt7/chapt7_ws/install/autopartol_robot:/home/hzh/ros2_learn/chapt7/chapt7_ws/install/fishbot_application:/opt/ros/humble /usr/bin/cmake --build /home/hzh/ros2_learn/chapt7/chapt7_ws/build/fishbot_navigation2 -- -j4 -l4
[4.038s] DEBUG:colcon.colcon_core.event_handler.log_command:Invoking command in '/home/hzh/ros2_learn/chapt7/chapt7_ws/build/fishbot_navigation2': CMAKE_PREFIX_PATH=${CMAKE_PREFIX_PATH}:/home/hzh/ros2_learn/chapt7/chapt7_ws/install/autopartol_robot:/home/hzh/ros2_learn/chapt7/chapt7_ws/install/fishbot_application:/opt/ros/humble /usr/bin/cmake --install /home/hzh/ros2_learn/chapt7/chapt7_ws/build/fishbot_navigation2
[4.140s] Level 1:colcon.colcon_core.environment:create_environment_scripts_only(fishbot_navigation2)
[4.144s] Level 1:colcon.colcon_core.environment:checking '/home/hzh/ros2_learn/chapt7/chapt7_ws/install/fishbot_navigation2' for CMake module files
[4.146s] Level 1:colcon.colcon_core.environment:checking '/home/hzh/ros2_learn/chapt7/chapt7_ws/install/fishbot_navigation2' for CMake config files
[4.145s] DEBUG:colcon.colcon_core.event_handler.log_command:Invoked command in '/home/hzh/ros2_learn/chapt7/chapt7_ws/build/fishbot_navigation2' returned '0': CMAKE_PREFIX_PATH=${CMAKE_PREFIX_PATH}:/home/hzh/ros2_learn/chapt7/chapt7_ws/install/autopartol_robot:/home/hzh/ros2_learn/chapt7/chapt7_ws/install/fishbot_application:/opt/ros/humble /usr/bin/cmake --install /home/hzh/ros2_learn/chapt7/chapt7_ws/build/fishbot_navigation2
[4.156s] Level 1:colcon.colcon_core.shell:create_environment_hook('fishbot_navigation2', 'cmake_prefix_path')
[4.159s] INFO:colcon.colcon_core.shell:Creating environment hook '/home/hzh/ros2_learn/chapt7/chapt7_ws/install/fishbot_navigation2/share/fishbot_navigation2/hook/cmake_prefix_path.ps1'
[4.169s] INFO:colcon.colcon_core.shell:Creating environment descriptor '/home/hzh/ros2_learn/chapt7/chapt7_ws/install/fishbot_navigation2/share/fishbot_navigation2/hook/cmake_prefix_path.dsv'
[4.174s] INFO:colcon.colcon_core.shell:Creating environment hook '/home/hzh/ros2_learn/chapt7/chapt7_ws/install/fishbot_navigation2/share/fishbot_navigation2/hook/cmake_prefix_path.sh'
[4.184s] Level 1:colcon.colcon_core.environment:checking '/home/hzh/ros2_learn/chapt7/chapt7_ws/install/fishbot_navigation2/bin'
[4.184s] Level 1:colcon.colcon_core.environment:checking '/home/hzh/ros2_learn/chapt7/chapt7_ws/install/fishbot_navigation2/lib/pkgconfig/fishbot_navigation2.pc'
[4.189s] Level 1:colcon.colcon_core.environment:checking '/home/hzh/ros2_learn/chapt7/chapt7_ws/install/fishbot_navigation2/lib/python3.10/site-packages'
[4.189s] Level 1:colcon.colcon_core.environment:checking '/home/hzh/ros2_learn/chapt7/chapt7_ws/install/fishbot_navigation2/bin'
[4.190s] INFO:colcon.colcon_core.shell:Creating package script '/home/hzh/ros2_learn/chapt7/chapt7_ws/install/fishbot_navigation2/share/fishbot_navigation2/package.ps1'
[4.196s] INFO:colcon.colcon_core.shell:Creating package descriptor '/home/hzh/ros2_learn/chapt7/chapt7_ws/install/fishbot_navigation2/share/fishbot_navigation2/package.dsv'
[4.207s] INFO:colcon.colcon_core.shell:Creating package script '/home/hzh/ros2_learn/chapt7/chapt7_ws/install/fishbot_navigation2/share/fishbot_navigation2/package.sh'
[4.212s] INFO:colcon.colcon_core.shell:Creating package script '/home/hzh/ros2_learn/chapt7/chapt7_ws/install/fishbot_navigation2/share/fishbot_navigation2/package.bash'
[4.222s] INFO:colcon.colcon_core.shell:Creating package script '/home/hzh/ros2_learn/chapt7/chapt7_ws/install/fishbot_navigation2/share/fishbot_navigation2/package.zsh'
[4.225s] Level 1:colcon.colcon_core.environment:create_file_with_runtime_dependencies(/home/hzh/ros2_learn/chapt7/chapt7_ws/install/fishbot_navigation2/share/colcon-core/packages/fishbot_navigation2)
[4.232s] Level 1:colcon.colcon_core.environment:create_environment_scripts_only(fishbot_navigation2)
[4.234s] Level 1:colcon.colcon_core.environment:checking '/home/hzh/ros2_learn/chapt7/chapt7_ws/install/fishbot_navigation2' for CMake module files
[4.238s] Level 1:colcon.colcon_core.environment:checking '/home/hzh/ros2_learn/chapt7/chapt7_ws/install/fishbot_navigation2' for CMake config files
[4.239s] Level 1:colcon.colcon_core.shell:create_environment_hook('fishbot_navigation2', 'cmake_prefix_path')
[4.240s] INFO:colcon.colcon_core.shell:Creating environment hook '/home/hzh/ros2_learn/chapt7/chapt7_ws/install/fishbot_navigation2/share/fishbot_navigation2/hook/cmake_prefix_path.ps1'
[4.246s] INFO:colcon.colcon_core.shell:Creating environment descriptor '/home/hzh/ros2_learn/chapt7/chapt7_ws/install/fishbot_navigation2/share/fishbot_navigation2/hook/cmake_prefix_path.dsv'
[4.253s] INFO:colcon.colcon_core.shell:Creating environment hook '/home/hzh/ros2_learn/chapt7/chapt7_ws/install/fishbot_navigation2/share/fishbot_navigation2/hook/cmake_prefix_path.sh'
[4.259s] Level 1:colcon.colcon_core.environment:checking '/home/hzh/ros2_learn/chapt7/chapt7_ws/install/fishbot_navigation2/bin'
[4.259s] Level 1:colcon.colcon_core.environment:checking '/home/hzh/ros2_learn/chapt7/chapt7_ws/install/fishbot_navigation2/lib/pkgconfig/fishbot_navigation2.pc'
[4.260s] Level 1:colcon.colcon_core.environment:checking '/home/hzh/ros2_learn/chapt7/chapt7_ws/install/fishbot_navigation2/lib/python3.10/site-packages'
[4.261s] Level 1:colcon.colcon_core.environment:checking '/home/hzh/ros2_learn/chapt7/chapt7_ws/install/fishbot_navigation2/bin'
[4.265s] INFO:colcon.colcon_core.shell:Creating package script '/home/hzh/ros2_learn/chapt7/chapt7_ws/install/fishbot_navigation2/share/fishbot_navigation2/package.ps1'
[4.279s] INFO:colcon.colcon_core.shell:Creating package descriptor '/home/hzh/ros2_learn/chapt7/chapt7_ws/install/fishbot_navigation2/share/fishbot_navigation2/package.dsv'
[4.292s] INFO:colcon.colcon_core.shell:Creating package script '/home/hzh/ros2_learn/chapt7/chapt7_ws/install/fishbot_navigation2/share/fishbot_navigation2/package.sh'
[4.300s] INFO:colcon.colcon_core.shell:Creating package script '/home/hzh/ros2_learn/chapt7/chapt7_ws/install/fishbot_navigation2/share/fishbot_navigation2/package.bash'
[4.303s] INFO:colcon.colcon_core.shell:Creating package script '/home/hzh/ros2_learn/chapt7/chapt7_ws/install/fishbot_navigation2/share/fishbot_navigation2/package.zsh'
[4.314s] Level 1:colcon.colcon_core.environment:create_file_with_runtime_dependencies(/home/hzh/ros2_learn/chapt7/chapt7_ws/install/fishbot_navigation2/share/colcon-core/packages/fishbot_navigation2)
[4.963s] DEBUG:colcon.colcon_core.event_handler.log_command:Invoked command in '/home/hzh/ros2_learn/chapt7/chapt7_ws/build/autopartol_interfaces' returned '0': CMAKE_PREFIX_PATH=${CMAKE_PREFIX_PATH}:/home/hzh/ros2_learn/chapt7/chapt7_ws/install/autopartol_robot:/home/hzh/ros2_learn/chapt7/chapt7_ws/install/fishbot_application:/opt/ros/humble /usr/bin/cmake --build /home/hzh/ros2_learn/chapt7/chapt7_ws/build/autopartol_interfaces -- -j4 -l4
[4.975s] DEBUG:colcon.colcon_core.event_handler.log_command:Invoking command in '/home/hzh/ros2_learn/chapt7/chapt7_ws/build/autopartol_interfaces': CMAKE_PREFIX_PATH=${CMAKE_PREFIX_PATH}:/home/hzh/ros2_learn/chapt7/chapt7_ws/install/autopartol_robot:/home/hzh/ros2_learn/chapt7/chapt7_ws/install/fishbot_application:/opt/ros/humble /usr/bin/cmake --install /home/hzh/ros2_learn/chapt7/chapt7_ws/build/autopartol_interfaces
[5.240s] DEBUG:colcon.colcon_core.event_handler.log_command:Invoking command in '/home/hzh/ros2_learn/chapt7/chapt7_ws/src/fishbot_application': PYTHONPATH=/home/hzh/ros2_learn/chapt7/chapt7_ws/build/fishbot_application/prefix_override:/usr/lib/python3/dist-packages/colcon_core/task/python/colcon_distutils_commands:/home/hzh/ros2_learn/chapt7/chapt7_ws/install/fishbot_application/lib/python3.10/site-packages:${PYTHONPATH} /usr/bin/python3 -W ignore:setup.py install is deprecated -W ignore:easy_install command is deprecated setup.py egg_info --egg-base ../../build/fishbot_application build --build-base /home/hzh/ros2_learn/chapt7/chapt7_ws/build/fishbot_application/build install --record /home/hzh/ros2_learn/chapt7/chapt7_ws/build/fishbot_application/install.log --single-version-externally-managed install_data
[5.448s] Level 1:colcon.colcon_core.environment:create_environment_scripts_only(autopartol_interfaces)
[5.452s] Level 1:colcon.colcon_core.environment:checking '/home/hzh/ros2_learn/chapt7/chapt7_ws/install/autopartol_interfaces' for CMake module files
[5.455s] Level 1:colcon.colcon_core.environment:checking '/home/hzh/ros2_learn/chapt7/chapt7_ws/install/autopartol_interfaces' for CMake config files
[5.454s] DEBUG:colcon.colcon_core.event_handler.log_command:Invoked command in '/home/hzh/ros2_learn/chapt7/chapt7_ws/build/autopartol_interfaces' returned '0': CMAKE_PREFIX_PATH=${CMAKE_PREFIX_PATH}:/home/hzh/ros2_learn/chapt7/chapt7_ws/install/autopartol_robot:/home/hzh/ros2_learn/chapt7/chapt7_ws/install/fishbot_application:/opt/ros/humble /usr/bin/cmake --install /home/hzh/ros2_learn/chapt7/chapt7_ws/build/autopartol_interfaces
[5.462s] Level 1:colcon.colcon_core.shell:create_environment_hook('autopartol_interfaces', 'cmake_prefix_path')
[5.464s] INFO:colcon.colcon_core.shell:Creating environment hook '/home/hzh/ros2_learn/chapt7/chapt7_ws/install/autopartol_interfaces/share/autopartol_interfaces/hook/cmake_prefix_path.ps1'
[5.469s] INFO:colcon.colcon_core.shell:Creating environment descriptor '/home/hzh/ros2_learn/chapt7/chapt7_ws/install/autopartol_interfaces/share/autopartol_interfaces/hook/cmake_prefix_path.dsv'
[5.475s] INFO:colcon.colcon_core.shell:Creating environment hook '/home/hzh/ros2_learn/chapt7/chapt7_ws/install/autopartol_interfaces/share/autopartol_interfaces/hook/cmake_prefix_path.sh'
[5.482s] Level 1:colcon.colcon_core.environment:checking '/home/hzh/ros2_learn/chapt7/chapt7_ws/install/autopartol_interfaces/lib'
[5.486s] Level 1:colcon.colcon_core.shell:create_environment_hook('autopartol_interfaces', 'ld_library_path_lib')
[5.486s] INFO:colcon.colcon_core.shell:Creating environment hook '/home/hzh/ros2_learn/chapt7/chapt7_ws/install/autopartol_interfaces/share/autopartol_interfaces/hook/ld_library_path_lib.ps1'
[5.490s] INFO:colcon.colcon_core.shell:Creating environment descriptor '/home/hzh/ros2_learn/chapt7/chapt7_ws/install/autopartol_interfaces/share/autopartol_interfaces/hook/ld_library_path_lib.dsv'
[5.493s] INFO:colcon.colcon_core.shell:Creating environment hook '/home/hzh/ros2_learn/chapt7/chapt7_ws/install/autopartol_interfaces/share/autopartol_interfaces/hook/ld_library_path_lib.sh'
[5.499s] Level 1:colcon.colcon_core.environment:checking '/home/hzh/ros2_learn/chapt7/chapt7_ws/install/autopartol_interfaces/bin'
[5.499s] Level 1:colcon.colcon_core.environment:checking '/home/hzh/ros2_learn/chapt7/chapt7_ws/install/autopartol_interfaces/lib/pkgconfig/autopartol_interfaces.pc'
[5.500s] Level 1:colcon.colcon_core.environment:checking '/home/hzh/ros2_learn/chapt7/chapt7_ws/install/autopartol_interfaces/lib/python3.10/site-packages'
[5.501s] Level 1:colcon.colcon_core.environment:checking '/home/hzh/ros2_learn/chapt7/chapt7_ws/install/autopartol_interfaces/bin'
[5.504s] INFO:colcon.colcon_core.shell:Creating package script '/home/hzh/ros2_learn/chapt7/chapt7_ws/install/autopartol_interfaces/share/autopartol_interfaces/package.ps1'
[5.509s] INFO:colcon.colcon_core.shell:Creating package descriptor '/home/hzh/ros2_learn/chapt7/chapt7_ws/install/autopartol_interfaces/share/autopartol_interfaces/package.dsv'
[5.515s] INFO:colcon.colcon_core.shell:Creating package script '/home/hzh/ros2_learn/chapt7/chapt7_ws/install/autopartol_interfaces/share/autopartol_interfaces/package.sh'
[5.518s] INFO:colcon.colcon_core.shell:Creating package script '/home/hzh/ros2_learn/chapt7/chapt7_ws/install/autopartol_interfaces/share/autopartol_interfaces/package.bash'
[5.524s] INFO:colcon.colcon_core.shell:Creating package script '/home/hzh/ros2_learn/chapt7/chapt7_ws/install/autopartol_interfaces/share/autopartol_interfaces/package.zsh'
[5.533s] Level 1:colcon.colcon_core.environment:create_file_with_runtime_dependencies(/home/hzh/ros2_learn/chapt7/chapt7_ws/install/autopartol_interfaces/share/colcon-core/packages/autopartol_interfaces)
[5.544s] Level 1:colcon.colcon_core.environment:create_environment_scripts_only(autopartol_interfaces)
[5.545s] Level 1:colcon.colcon_core.environment:checking '/home/hzh/ros2_learn/chapt7/chapt7_ws/install/autopartol_interfaces' for CMake module files
[5.545s] Level 1:colcon.colcon_core.environment:checking '/home/hzh/ros2_learn/chapt7/chapt7_ws/install/autopartol_interfaces' for CMake config files
[5.548s] Level 1:colcon.colcon_core.shell:create_environment_hook('autopartol_interfaces', 'cmake_prefix_path')
[5.549s] INFO:colcon.colcon_core.shell:Creating environment hook '/home/hzh/ros2_learn/chapt7/chapt7_ws/install/autopartol_interfaces/share/autopartol_interfaces/hook/cmake_prefix_path.ps1'
[5.553s] INFO:colcon.colcon_core.shell:Creating environment descriptor '/home/hzh/ros2_learn/chapt7/chapt7_ws/install/autopartol_interfaces/share/autopartol_interfaces/hook/cmake_prefix_path.dsv'
[5.557s] INFO:colcon.colcon_core.shell:Creating environment hook '/home/hzh/ros2_learn/chapt7/chapt7_ws/install/autopartol_interfaces/share/autopartol_interfaces/hook/cmake_prefix_path.sh'
[5.565s] Level 1:colcon.colcon_core.environment:checking '/home/hzh/ros2_learn/chapt7/chapt7_ws/install/autopartol_interfaces/lib'
[5.565s] Level 1:colcon.colcon_core.shell:create_environment_hook('autopartol_interfaces', 'ld_library_path_lib')
[5.565s] INFO:colcon.colcon_core.shell:Creating environment hook '/home/hzh/ros2_learn/chapt7/chapt7_ws/install/autopartol_interfaces/share/autopartol_interfaces/hook/ld_library_path_lib.ps1'
[5.574s] INFO:colcon.colcon_core.shell:Creating environment descriptor '/home/hzh/ros2_learn/chapt7/chapt7_ws/install/autopartol_interfaces/share/autopartol_interfaces/hook/ld_library_path_lib.dsv'
[5.577s] INFO:colcon.colcon_core.shell:Creating environment hook '/home/hzh/ros2_learn/chapt7/chapt7_ws/install/autopartol_interfaces/share/autopartol_interfaces/hook/ld_library_path_lib.sh'
[5.585s] Level 1:colcon.colcon_core.environment:checking '/home/hzh/ros2_learn/chapt7/chapt7_ws/install/autopartol_interfaces/bin'
[5.585s] Level 1:colcon.colcon_core.environment:checking '/home/hzh/ros2_learn/chapt7/chapt7_ws/install/autopartol_interfaces/lib/pkgconfig/autopartol_interfaces.pc'
[5.585s] Level 1:colcon.colcon_core.environment:checking '/home/hzh/ros2_learn/chapt7/chapt7_ws/install/autopartol_interfaces/lib/python3.10/site-packages'
[5.593s] Level 1:colcon.colcon_core.environment:checking '/home/hzh/ros2_learn/chapt7/chapt7_ws/install/autopartol_interfaces/bin'
[5.594s] INFO:colcon.colcon_core.shell:Creating package script '/home/hzh/ros2_learn/chapt7/chapt7_ws/install/autopartol_interfaces/share/autopartol_interfaces/package.ps1'
[5.605s] INFO:colcon.colcon_core.shell:Creating package descriptor '/home/hzh/ros2_learn/chapt7/chapt7_ws/install/autopartol_interfaces/share/autopartol_interfaces/package.dsv'
[5.608s] INFO:colcon.colcon_core.shell:Creating package script '/home/hzh/ros2_learn/chapt7/chapt7_ws/install/autopartol_interfaces/share/autopartol_interfaces/package.sh'
[5.611s] INFO:colcon.colcon_core.shell:Creating package script '/home/hzh/ros2_learn/chapt7/chapt7_ws/install/autopartol_interfaces/share/autopartol_interfaces/package.bash'
[5.620s] INFO:colcon.colcon_core.shell:Creating package script '/home/hzh/ros2_learn/chapt7/chapt7_ws/install/autopartol_interfaces/share/autopartol_interfaces/package.zsh'
[5.625s] Level 1:colcon.colcon_core.environment:create_file_with_runtime_dependencies(/home/hzh/ros2_learn/chapt7/chapt7_ws/install/autopartol_interfaces/share/colcon-core/packages/autopartol_interfaces)
[5.682s] DEBUG:colcon.colcon_core.event_handler.log_command:Invoking command in '/home/hzh/ros2_learn/chapt7/chapt7_ws/src/autopartol_robot': PYTHONPATH=/home/hzh/ros2_learn/chapt7/chapt7_ws/build/autopartol_robot/prefix_override:/usr/lib/python3/dist-packages/colcon_core/task/python/colcon_distutils_commands:/home/hzh/ros2_learn/chapt7/chapt7_ws/install/autopartol_robot/lib/python3.10/site-packages:${PYTHONPATH} /usr/bin/python3 -W ignore:setup.py install is deprecated -W ignore:easy_install command is deprecated setup.py egg_info --egg-base ../../build/autopartol_robot build --build-base /home/hzh/ros2_learn/chapt7/chapt7_ws/build/autopartol_robot/build install --record /home/hzh/ros2_learn/chapt7/chapt7_ws/build/autopartol_robot/install.log --single-version-externally-managed install_data
[6.764s] Level 1:colcon.colcon_core.environment:checking '/home/hzh/ros2_learn/chapt7/chapt7_ws/install/fishbot_application' for CMake module files
[6.776s] Level 1:colcon.colcon_core.environment:checking '/home/hzh/ros2_learn/chapt7/chapt7_ws/install/fishbot_application' for CMake config files
[6.774s] DEBUG:colcon.colcon_core.event_handler.log_command:Invoked command in '/home/hzh/ros2_learn/chapt7/chapt7_ws/src/fishbot_application' returned '0': PYTHONPATH=/home/hzh/ros2_learn/chapt7/chapt7_ws/build/fishbot_application/prefix_override:/usr/lib/python3/dist-packages/colcon_core/task/python/colcon_distutils_commands:/home/hzh/ros2_learn/chapt7/chapt7_ws/install/fishbot_application/lib/python3.10/site-packages:${PYTHONPATH} /usr/bin/python3 -W ignore:setup.py install is deprecated -W ignore:easy_install command is deprecated setup.py egg_info --egg-base ../../build/fishbot_application build --build-base /home/hzh/ros2_learn/chapt7/chapt7_ws/build/fishbot_application/build install --record /home/hzh/ros2_learn/chapt7/chapt7_ws/build/fishbot_application/install.log --single-version-externally-managed install_data
[6.782s] Level 1:colcon.colcon_core.environment:checking '/home/hzh/ros2_learn/chapt7/chapt7_ws/install/fishbot_application/lib'
[6.782s] Level 1:colcon.colcon_core.environment:checking '/home/hzh/ros2_learn/chapt7/chapt7_ws/install/fishbot_application/bin'
[6.782s] Level 1:colcon.colcon_core.environment:checking '/home/hzh/ros2_learn/chapt7/chapt7_ws/install/fishbot_application/lib/pkgconfig/fishbot_application.pc'
[6.785s] Level 1:colcon.colcon_core.environment:checking '/home/hzh/ros2_learn/chapt7/chapt7_ws/install/fishbot_application/lib/python3.10/site-packages'
[6.789s] Level 1:colcon.colcon_core.shell:create_environment_hook('fishbot_application', 'pythonpath')
[6.791s] INFO:colcon.colcon_core.shell:Creating environment hook '/home/hzh/ros2_learn/chapt7/chapt7_ws/install/fishbot_application/share/fishbot_application/hook/pythonpath.ps1'
[6.796s] INFO:colcon.colcon_core.shell:Creating environment descriptor '/home/hzh/ros2_learn/chapt7/chapt7_ws/install/fishbot_application/share/fishbot_application/hook/pythonpath.dsv'
[6.803s] INFO:colcon.colcon_core.shell:Creating environment hook '/home/hzh/ros2_learn/chapt7/chapt7_ws/install/fishbot_application/share/fishbot_application/hook/pythonpath.sh'
[6.810s] Level 1:colcon.colcon_core.environment:checking '/home/hzh/ros2_learn/chapt7/chapt7_ws/install/fishbot_application/bin'
[6.811s] Level 1:colcon.colcon_core.environment:create_environment_scripts_only(fishbot_application)
[6.813s] INFO:colcon.colcon_core.shell:Creating package script '/home/hzh/ros2_learn/chapt7/chapt7_ws/install/fishbot_application/share/fishbot_application/package.ps1'
[6.820s] INFO:colcon.colcon_core.shell:Creating package descriptor '/home/hzh/ros2_learn/chapt7/chapt7_ws/install/fishbot_application/share/fishbot_application/package.dsv'
[6.822s] INFO:colcon.colcon_core.shell:Creating package script '/home/hzh/ros2_learn/chapt7/chapt7_ws/install/fishbot_application/share/fishbot_application/package.sh'
[6.824s] INFO:colcon.colcon_core.shell:Creating package script '/home/hzh/ros2_learn/chapt7/chapt7_ws/install/fishbot_application/share/fishbot_application/package.bash'
[6.832s] INFO:colcon.colcon_core.shell:Creating package script '/home/hzh/ros2_learn/chapt7/chapt7_ws/install/fishbot_application/share/fishbot_application/package.zsh'
[6.836s] Level 1:colcon.colcon_core.environment:create_file_with_runtime_dependencies(/home/hzh/ros2_learn/chapt7/chapt7_ws/install/fishbot_application/share/colcon-core/packages/fishbot_application)
[6.981s] Level 1:colcon.colcon_core.environment:checking '/home/hzh/ros2_learn/chapt7/chapt7_ws/install/autopartol_robot' for CMake module files
[6.986s] DEBUG:colcon.colcon_core.event_handler.log_command:Invoked command in '/home/hzh/ros2_learn/chapt7/chapt7_ws/src/autopartol_robot' returned '0': PYTHONPATH=/home/hzh/ros2_learn/chapt7/chapt7_ws/build/autopartol_robot/prefix_override:/usr/lib/python3/dist-packages/colcon_core/task/python/colcon_distutils_commands:/home/hzh/ros2_learn/chapt7/chapt7_ws/install/autopartol_robot/lib/python3.10/site-packages:${PYTHONPATH} /usr/bin/python3 -W ignore:setup.py install is deprecated -W ignore:easy_install command is deprecated setup.py egg_info --egg-base ../../build/autopartol_robot build --build-base /home/hzh/ros2_learn/chapt7/chapt7_ws/build/autopartol_robot/build install --record /home/hzh/ros2_learn/chapt7/chapt7_ws/build/autopartol_robot/install.log --single-version-externally-managed install_data
[6.987s] Level 1:colcon.colcon_core.environment:checking '/home/hzh/ros2_learn/chapt7/chapt7_ws/install/autopartol_robot' for CMake config files
[6.989s] Level 1:colcon.colcon_core.environment:checking '/home/hzh/ros2_learn/chapt7/chapt7_ws/install/autopartol_robot/lib'
[6.990s] Level 1:colcon.colcon_core.environment:checking '/home/hzh/ros2_learn/chapt7/chapt7_ws/install/autopartol_robot/bin'
[6.990s] Level 1:colcon.colcon_core.environment:checking '/home/hzh/ros2_learn/chapt7/chapt7_ws/install/autopartol_robot/lib/pkgconfig/autopartol_robot.pc'
[6.992s] Level 1:colcon.colcon_core.environment:checking '/home/hzh/ros2_learn/chapt7/chapt7_ws/install/autopartol_robot/lib/python3.10/site-packages'
[6.993s] Level 1:colcon.colcon_core.shell:create_environment_hook('autopartol_robot', 'pythonpath')
[6.994s] INFO:colcon.colcon_core.shell:Creating environment hook '/home/hzh/ros2_learn/chapt7/chapt7_ws/install/autopartol_robot/share/autopartol_robot/hook/pythonpath.ps1'
[6.999s] INFO:colcon.colcon_core.shell:Creating environment descriptor '/home/hzh/ros2_learn/chapt7/chapt7_ws/install/autopartol_robot/share/autopartol_robot/hook/pythonpath.dsv'
[7.005s] INFO:colcon.colcon_core.shell:Creating environment hook '/home/hzh/ros2_learn/chapt7/chapt7_ws/install/autopartol_robot/share/autopartol_robot/hook/pythonpath.sh'
[7.008s] Level 1:colcon.colcon_core.environment:checking '/home/hzh/ros2_learn/chapt7/chapt7_ws/install/autopartol_robot/bin'
[7.008s] Level 1:colcon.colcon_core.environment:create_environment_scripts_only(autopartol_robot)
[7.010s] INFO:colcon.colcon_core.shell:Creating package script '/home/hzh/ros2_learn/chapt7/chapt7_ws/install/autopartol_robot/share/autopartol_robot/package.ps1'
[7.013s] INFO:colcon.colcon_core.shell:Creating package descriptor '/home/hzh/ros2_learn/chapt7/chapt7_ws/install/autopartol_robot/share/autopartol_robot/package.dsv'
[7.020s] INFO:colcon.colcon_core.shell:Creating package script '/home/hzh/ros2_learn/chapt7/chapt7_ws/install/autopartol_robot/share/autopartol_robot/package.sh'
[7.022s] INFO:colcon.colcon_core.shell:Creating package script '/home/hzh/ros2_learn/chapt7/chapt7_ws/install/autopartol_robot/share/autopartol_robot/package.bash'
[7.024s] INFO:colcon.colcon_core.shell:Creating package script '/home/hzh/ros2_learn/chapt7/chapt7_ws/install/autopartol_robot/share/autopartol_robot/package.zsh'
[7.027s] Level 1:colcon.colcon_core.environment:create_file_with_runtime_dependencies(/home/hzh/ros2_learn/chapt7/chapt7_ws/install/autopartol_robot/share/colcon-core/packages/autopartol_robot)
[7.029s] DEBUG:colcon.colcon_parallel_executor.executor.parallel:closing loop
[7.030s] DEBUG:colcon.colcon_parallel_executor.executor.parallel:loop closed
[7.030s] DEBUG:colcon.colcon_parallel_executor.executor.parallel:run_until_complete finished with '0'
[7.030s] DEBUG:colcon.colcon_core.event_reactor:joining thread
[7.060s] INFO:colcon.colcon_core.plugin_system:Skipping extension 'colcon_notification.desktop_notification.terminal_notifier': Not used on non-Darwin systems
[7.060s] INFO:colcon.colcon_core.plugin_system:Skipping extension 'colcon_notification.desktop_notification.win32': Not used on non-Windows systems
[7.060s] INFO:colcon.colcon_notification.desktop_notification:Sending desktop notification using 'notify2'
[7.138s] DEBUG:colcon.colcon_core.event_reactor:joined thread
[7.140s] INFO:colcon.colcon_core.shell:Creating prefix script '/home/hzh/ros2_learn/chapt7/chapt7_ws/install/local_setup.ps1'
[7.143s] INFO:colcon.colcon_core.shell:Creating prefix util module '/home/hzh/ros2_learn/chapt7/chapt7_ws/install/_local_setup_util_ps1.py'
[7.153s] INFO:colcon.colcon_core.shell:Creating prefix chain script '/home/hzh/ros2_learn/chapt7/chapt7_ws/install/setup.ps1'
[7.161s] INFO:colcon.colcon_core.shell:Creating prefix script '/home/hzh/ros2_learn/chapt7/chapt7_ws/install/local_setup.sh'
[7.166s] INFO:colcon.colcon_core.shell:Creating prefix util module '/home/hzh/ros2_learn/chapt7/chapt7_ws/install/_local_setup_util_sh.py'
[7.170s] INFO:colcon.colcon_core.shell:Creating prefix chain script '/home/hzh/ros2_learn/chapt7/chapt7_ws/install/setup.sh'
[7.182s] INFO:colcon.colcon_core.shell:Creating prefix script '/home/hzh/ros2_learn/chapt7/chapt7_ws/install/local_setup.bash'
[7.188s] INFO:colcon.colcon_core.shell:Creating prefix chain script '/home/hzh/ros2_learn/chapt7/chapt7_ws/install/setup.bash'
[7.196s] INFO:colcon.colcon_core.shell:Creating prefix script '/home/hzh/ros2_learn/chapt7/chapt7_ws/install/local_setup.zsh'
[7.200s] INFO:colcon.colcon_core.shell:Creating prefix chain script '/home/hzh/ros2_learn/chapt7/chapt7_ws/install/setup.zsh'
