[0.136s] DEBUG:colcon:Command line arguments: ['/usr/bin/colcon', 'build']
[0.136s] DEBUG:colcon:Parsed command line arguments: Namespace(log_base=None, log_level=None, verb_name='build', build_base='build', install_base='install', merge_install=False, symlink_install=False, test_result_base=None, continue_on_error=False, executor='parallel', parallel_workers=4, event_handlers=None, ignore_user_meta=False, metas=['./colcon.meta'], base_paths=['.'], packages_ignore=None, packages_ignore_regex=None, paths=None, packages_up_to=None, packages_up_to_regex=None, packages_above=None, packages_above_and_dependencies=None, packages_above_depth=None, packages_select_by_dep=None, packages_skip_by_dep=None, packages_skip_up_to=None, packages_select_build_failed=False, packages_skip_build_finished=False, packages_select_test_failures=False, packages_skip_test_passed=False, packages_select=None, packages_skip=None, packages_select_regex=None, packages_skip_regex=None, packages_start=None, packages_end=None, allow_overriding=[], cmake_args=None, cmake_target=None, cmake_target_skip_unavailable=False, cmake_clean_cache=False, cmake_clean_first=False, cmake_force_configure=False, ament_cmake_args=None, catkin_cmake_args=None, catkin_skip_building_tests=False, verb_parser=<colcon_defaults.argument_parser.defaults.DefaultArgumentsDecorator object at 0x7d0a0b618490>, verb_extension=<colcon_core.verb.build.BuildVerb object at 0x7d0a0b5dfe50>, main=<bound method BuildVerb.main of <colcon_core.verb.build.BuildVerb object at 0x7d0a0b5dfe50>>)
[0.358s] Level 1:colcon.colcon_core.package_discovery:discover_packages(colcon_meta) check parameters
[0.358s] Level 1:colcon.colcon_core.package_discovery:discover_packages(recursive) check parameters
[0.358s] Level 1:colcon.colcon_core.package_discovery:discover_packages(ignore) check parameters
[0.358s] Level 1:colcon.colcon_core.package_discovery:discover_packages(path) check parameters
[0.359s] Level 1:colcon.colcon_core.package_discovery:discover_packages(colcon_meta) discover
[0.359s] Level 1:colcon.colcon_core.package_discovery:discover_packages(recursive) discover
[0.359s] INFO:colcon.colcon_core.package_discovery:Crawling recursively for packages in '/home/hzh/ros2_learn/chapt10/chapt10_ws'
[0.359s] Level 1:colcon.colcon_core.package_identification:_identify(.) by extensions ['ignore', 'ignore_ament_install']
[0.359s] Level 1:colcon.colcon_core.package_identification:_identify(.) by extension 'ignore'
[0.359s] Level 1:colcon.colcon_core.package_identification:_identify(.) by extension 'ignore_ament_install'
[0.359s] Level 1:colcon.colcon_core.package_identification:_identify(.) by extensions ['colcon_pkg']
[0.359s] Level 1:colcon.colcon_core.package_identification:_identify(.) by extension 'colcon_pkg'
[0.359s] Level 1:colcon.colcon_core.package_identification:_identify(.) by extensions ['colcon_meta']
[0.359s] Level 1:colcon.colcon_core.package_identification:_identify(.) by extension 'colcon_meta'
[0.359s] Level 1:colcon.colcon_core.package_identification:_identify(.) by extensions ['ros']
[0.359s] Level 1:colcon.colcon_core.package_identification:_identify(.) by extension 'ros'
[0.378s] Level 1:colcon.colcon_core.package_identification:_identify(.) by extensions ['cmake', 'python']
[0.379s] Level 1:colcon.colcon_core.package_identification:_identify(.) by extension 'cmake'
[0.379s] Level 1:colcon.colcon_core.package_identification:_identify(.) by extension 'python'
[0.379s] Level 1:colcon.colcon_core.package_identification:_identify(.) by extensions ['python_setup_py']
[0.379s] Level 1:colcon.colcon_core.package_identification:_identify(.) by extension 'python_setup_py'
[0.379s] Level 1:colcon.colcon_core.package_identification:_identify(build) by extensions ['ignore', 'ignore_ament_install']
[0.379s] Level 1:colcon.colcon_core.package_identification:_identify(build) by extension 'ignore'
[0.379s] Level 1:colcon.colcon_core.package_identification:_identify(build) ignored
[0.379s] Level 1:colcon.colcon_core.package_identification:_identify(install) by extensions ['ignore', 'ignore_ament_install']
[0.379s] Level 1:colcon.colcon_core.package_identification:_identify(install) by extension 'ignore'
[0.379s] Level 1:colcon.colcon_core.package_identification:_identify(install) ignored
[0.379s] Level 1:colcon.colcon_core.package_identification:_identify(log) by extensions ['ignore', 'ignore_ament_install']
[0.380s] Level 1:colcon.colcon_core.package_identification:_identify(log) by extension 'ignore'
[0.380s] Level 1:colcon.colcon_core.package_identification:_identify(log) ignored
[0.380s] Level 1:colcon.colcon_core.package_identification:_identify(src) by extensions ['ignore', 'ignore_ament_install']
[0.380s] Level 1:colcon.colcon_core.package_identification:_identify(src) by extension 'ignore'
[0.380s] Level 1:colcon.colcon_core.package_identification:_identify(src) by extension 'ignore_ament_install'
[0.380s] Level 1:colcon.colcon_core.package_identification:_identify(src) by extensions ['colcon_pkg']
[0.380s] Level 1:colcon.colcon_core.package_identification:_identify(src) by extension 'colcon_pkg'
[0.380s] Level 1:colcon.colcon_core.package_identification:_identify(src) by extensions ['colcon_meta']
[0.380s] Level 1:colcon.colcon_core.package_identification:_identify(src) by extension 'colcon_meta'
[0.380s] Level 1:colcon.colcon_core.package_identification:_identify(src) by extensions ['ros']
[0.380s] Level 1:colcon.colcon_core.package_identification:_identify(src) by extension 'ros'
[0.380s] Level 1:colcon.colcon_core.package_identification:_identify(src) by extensions ['cmake', 'python']
[0.381s] Level 1:colcon.colcon_core.package_identification:_identify(src) by extension 'cmake'
[0.381s] Level 1:colcon.colcon_core.package_identification:_identify(src) by extension 'python'
[0.381s] Level 1:colcon.colcon_core.package_identification:_identify(src) by extensions ['python_setup_py']
[0.381s] Level 1:colcon.colcon_core.package_identification:_identify(src) by extension 'python_setup_py'
[0.381s] Level 1:colcon.colcon_core.package_identification:_identify(src/learn_qos_cpp) by extensions ['ignore', 'ignore_ament_install']
[0.381s] Level 1:colcon.colcon_core.package_identification:_identify(src/learn_qos_cpp) by extension 'ignore'
[0.381s] Level 1:colcon.colcon_core.package_identification:_identify(src/learn_qos_cpp) by extension 'ignore_ament_install'
[0.381s] Level 1:colcon.colcon_core.package_identification:_identify(src/learn_qos_cpp) by extensions ['colcon_pkg']
[0.381s] Level 1:colcon.colcon_core.package_identification:_identify(src/learn_qos_cpp) by extension 'colcon_pkg'
[0.381s] Level 1:colcon.colcon_core.package_identification:_identify(src/learn_qos_cpp) by extensions ['colcon_meta']
[0.381s] Level 1:colcon.colcon_core.package_identification:_identify(src/learn_qos_cpp) by extension 'colcon_meta'
[0.381s] Level 1:colcon.colcon_core.package_identification:_identify(src/learn_qos_cpp) by extensions ['ros']
[0.381s] Level 1:colcon.colcon_core.package_identification:_identify(src/learn_qos_cpp) by extension 'ros'
[0.384s] DEBUG:colcon.colcon_core.package_identification:Package 'src/learn_qos_cpp' with type 'ros.ament_cmake' and name 'learn_qos_cpp'
[0.384s] Level 1:colcon.colcon_core.package_identification:_identify(src/learn_qos_py) by extensions ['ignore', 'ignore_ament_install']
[0.384s] Level 1:colcon.colcon_core.package_identification:_identify(src/learn_qos_py) by extension 'ignore'
[0.384s] Level 1:colcon.colcon_core.package_identification:_identify(src/learn_qos_py) by extension 'ignore_ament_install'
[0.384s] Level 1:colcon.colcon_core.package_identification:_identify(src/learn_qos_py) by extensions ['colcon_pkg']
[0.384s] Level 1:colcon.colcon_core.package_identification:_identify(src/learn_qos_py) by extension 'colcon_pkg'
[0.384s] Level 1:colcon.colcon_core.package_identification:_identify(src/learn_qos_py) by extensions ['colcon_meta']
[0.385s] Level 1:colcon.colcon_core.package_identification:_identify(src/learn_qos_py) by extension 'colcon_meta'
[0.385s] Level 1:colcon.colcon_core.package_identification:_identify(src/learn_qos_py) by extensions ['ros']
[0.385s] Level 1:colcon.colcon_core.package_identification:_identify(src/learn_qos_py) by extension 'ros'
[0.386s] DEBUG:colcon.colcon_core.package_identification:Package 'src/learn_qos_py' with type 'ros.ament_python' and name 'learn_qos_py'
[0.386s] Level 1:colcon.colcon_core.package_identification:_identify(tmp) by extensions ['ignore', 'ignore_ament_install']
[0.387s] Level 1:colcon.colcon_core.package_identification:_identify(tmp) by extension 'ignore'
[0.387s] Level 1:colcon.colcon_core.package_identification:_identify(tmp) by extension 'ignore_ament_install'
[0.387s] Level 1:colcon.colcon_core.package_identification:_identify(tmp) by extensions ['colcon_pkg']
[0.387s] Level 1:colcon.colcon_core.package_identification:_identify(tmp) by extension 'colcon_pkg'
[0.387s] Level 1:colcon.colcon_core.package_identification:_identify(tmp) by extensions ['colcon_meta']
[0.387s] Level 1:colcon.colcon_core.package_identification:_identify(tmp) by extension 'colcon_meta'
[0.388s] Level 1:colcon.colcon_core.package_identification:_identify(tmp) by extensions ['ros']
[0.388s] Level 1:colcon.colcon_core.package_identification:_identify(tmp) by extension 'ros'
[0.388s] Level 1:colcon.colcon_core.package_identification:_identify(tmp) by extensions ['cmake', 'python']
[0.388s] Level 1:colcon.colcon_core.package_identification:_identify(tmp) by extension 'cmake'
[0.388s] Level 1:colcon.colcon_core.package_identification:_identify(tmp) by extension 'python'
[0.388s] Level 1:colcon.colcon_core.package_identification:_identify(tmp) by extensions ['python_setup_py']
[0.388s] Level 1:colcon.colcon_core.package_identification:_identify(tmp) by extension 'python_setup_py'
[0.388s] Level 1:colcon.colcon_core.package_identification:_identify(tmp/aha) by extensions ['ignore', 'ignore_ament_install']
[0.388s] Level 1:colcon.colcon_core.package_identification:_identify(tmp/aha) by extension 'ignore'
[0.389s] Level 1:colcon.colcon_core.package_identification:_identify(tmp/aha) by extension 'ignore_ament_install'
[0.389s] Level 1:colcon.colcon_core.package_identification:_identify(tmp/aha) by extensions ['colcon_pkg']
[0.389s] Level 1:colcon.colcon_core.package_identification:_identify(tmp/aha) by extension 'colcon_pkg'
[0.389s] Level 1:colcon.colcon_core.package_identification:_identify(tmp/aha) by extensions ['colcon_meta']
[0.389s] Level 1:colcon.colcon_core.package_identification:_identify(tmp/aha) by extension 'colcon_meta'
[0.389s] Level 1:colcon.colcon_core.package_identification:_identify(tmp/aha) by extensions ['ros']
[0.389s] Level 1:colcon.colcon_core.package_identification:_identify(tmp/aha) by extension 'ros'
[0.389s] Level 1:colcon.colcon_core.package_identification:_identify(tmp/aha) by extensions ['cmake', 'python']
[0.389s] Level 1:colcon.colcon_core.package_identification:_identify(tmp/aha) by extension 'cmake'
[0.389s] Level 1:colcon.colcon_core.package_identification:_identify(tmp/aha) by extension 'python'
[0.389s] Level 1:colcon.colcon_core.package_identification:_identify(tmp/aha) by extensions ['python_setup_py']
[0.389s] Level 1:colcon.colcon_core.package_identification:_identify(tmp/aha) by extension 'python_setup_py'
[0.389s] Level 1:colcon.colcon_core.package_identification:_identify(tmp/aha/dconf) by extensions ['ignore', 'ignore_ament_install']
[0.390s] Level 1:colcon.colcon_core.package_identification:_identify(tmp/aha/dconf) by extension 'ignore'
[0.390s] Level 1:colcon.colcon_core.package_identification:_identify(tmp/aha/dconf) by extension 'ignore_ament_install'
[0.390s] Level 1:colcon.colcon_core.package_identification:_identify(tmp/aha/dconf) by extensions ['colcon_pkg']
[0.390s] Level 1:colcon.colcon_core.package_identification:_identify(tmp/aha/dconf) by extension 'colcon_pkg'
[0.390s] Level 1:colcon.colcon_core.package_identification:_identify(tmp/aha/dconf) by extensions ['colcon_meta']
[0.390s] Level 1:colcon.colcon_core.package_identification:_identify(tmp/aha/dconf) by extension 'colcon_meta'
[0.390s] Level 1:colcon.colcon_core.package_identification:_identify(tmp/aha/dconf) by extensions ['ros']
[0.390s] Level 1:colcon.colcon_core.package_identification:_identify(tmp/aha/dconf) by extension 'ros'
[0.390s] Level 1:colcon.colcon_core.package_identification:_identify(tmp/aha/dconf) by extensions ['cmake', 'python']
[0.390s] Level 1:colcon.colcon_core.package_identification:_identify(tmp/aha/dconf) by extension 'cmake'
[0.390s] Level 1:colcon.colcon_core.package_identification:_identify(tmp/aha/dconf) by extension 'python'
[0.390s] Level 1:colcon.colcon_core.package_identification:_identify(tmp/aha/dconf) by extensions ['python_setup_py']
[0.390s] Level 1:colcon.colcon_core.package_identification:_identify(tmp/aha/dconf) by extension 'python_setup_py'
[0.390s] Level 1:colcon.colcon_core.package_discovery:discover_packages(recursive) using defaults
[0.390s] Level 1:colcon.colcon_core.package_discovery:discover_packages(ignore) discover
[0.390s] Level 1:colcon.colcon_core.package_discovery:discover_packages(ignore) using defaults
[0.390s] Level 1:colcon.colcon_core.package_discovery:discover_packages(path) discover
[0.390s] Level 1:colcon.colcon_core.package_discovery:discover_packages(path) using defaults
[0.414s] Level 1:colcon.colcon_core.package_discovery:discover_packages(prefix_path) check parameters
[0.414s] Level 1:colcon.colcon_core.package_discovery:discover_packages(prefix_path) discover
[0.417s] DEBUG:colcon.colcon_installed_package_information.package_discovery:Found 2 installed packages in /home/hzh/ros2_learn/chapt10/chapt10_ws/install
[0.419s] DEBUG:colcon.colcon_installed_package_information.package_discovery:Found 372 installed packages in /opt/ros/humble
[0.438s] Level 1:colcon.colcon_core.package_discovery:discover_packages(prefix_path) using defaults
[0.493s] Level 5:colcon.colcon_core.verb:set package 'learn_qos_cpp' build argument 'cmake_args' from command line to 'None'
[0.493s] Level 5:colcon.colcon_core.verb:set package 'learn_qos_cpp' build argument 'cmake_target' from command line to 'None'
[0.493s] Level 5:colcon.colcon_core.verb:set package 'learn_qos_cpp' build argument 'cmake_target_skip_unavailable' from command line to 'False'
[0.493s] Level 5:colcon.colcon_core.verb:set package 'learn_qos_cpp' build argument 'cmake_clean_cache' from command line to 'False'
[0.493s] Level 5:colcon.colcon_core.verb:set package 'learn_qos_cpp' build argument 'cmake_clean_first' from command line to 'False'
[0.493s] Level 5:colcon.colcon_core.verb:set package 'learn_qos_cpp' build argument 'cmake_force_configure' from command line to 'False'
[0.493s] Level 5:colcon.colcon_core.verb:set package 'learn_qos_cpp' build argument 'ament_cmake_args' from command line to 'None'
[0.493s] Level 5:colcon.colcon_core.verb:set package 'learn_qos_cpp' build argument 'catkin_cmake_args' from command line to 'None'
[0.493s] Level 5:colcon.colcon_core.verb:set package 'learn_qos_cpp' build argument 'catkin_skip_building_tests' from command line to 'False'
[0.493s] DEBUG:colcon.colcon_core.verb:Building package 'learn_qos_cpp' with the following arguments: {'ament_cmake_args': None, 'build_base': '/home/hzh/ros2_learn/chapt10/chapt10_ws/build/learn_qos_cpp', 'catkin_cmake_args': None, 'catkin_skip_building_tests': False, 'cmake_args': None, 'cmake_clean_cache': False, 'cmake_clean_first': False, 'cmake_force_configure': False, 'cmake_target': None, 'cmake_target_skip_unavailable': False, 'install_base': '/home/hzh/ros2_learn/chapt10/chapt10_ws/install/learn_qos_cpp', 'merge_install': False, 'path': '/home/hzh/ros2_learn/chapt10/chapt10_ws/src/learn_qos_cpp', 'symlink_install': False, 'test_result_base': None}
[0.494s] Level 5:colcon.colcon_core.verb:set package 'learn_qos_py' build argument 'cmake_args' from command line to 'None'
[0.494s] Level 5:colcon.colcon_core.verb:set package 'learn_qos_py' build argument 'cmake_target' from command line to 'None'
[0.494s] Level 5:colcon.colcon_core.verb:set package 'learn_qos_py' build argument 'cmake_target_skip_unavailable' from command line to 'False'
[0.494s] Level 5:colcon.colcon_core.verb:set package 'learn_qos_py' build argument 'cmake_clean_cache' from command line to 'False'
[0.494s] Level 5:colcon.colcon_core.verb:set package 'learn_qos_py' build argument 'cmake_clean_first' from command line to 'False'
[0.494s] Level 5:colcon.colcon_core.verb:set package 'learn_qos_py' build argument 'cmake_force_configure' from command line to 'False'
[0.494s] Level 5:colcon.colcon_core.verb:set package 'learn_qos_py' build argument 'ament_cmake_args' from command line to 'None'
[0.494s] Level 5:colcon.colcon_core.verb:set package 'learn_qos_py' build argument 'catkin_cmake_args' from command line to 'None'
[0.494s] Level 5:colcon.colcon_core.verb:set package 'learn_qos_py' build argument 'catkin_skip_building_tests' from command line to 'False'
[0.494s] DEBUG:colcon.colcon_core.verb:Building package 'learn_qos_py' with the following arguments: {'ament_cmake_args': None, 'build_base': '/home/hzh/ros2_learn/chapt10/chapt10_ws/build/learn_qos_py', 'catkin_cmake_args': None, 'catkin_skip_building_tests': False, 'cmake_args': None, 'cmake_clean_cache': False, 'cmake_clean_first': False, 'cmake_force_configure': False, 'cmake_target': None, 'cmake_target_skip_unavailable': False, 'install_base': '/home/hzh/ros2_learn/chapt10/chapt10_ws/install/learn_qos_py', 'merge_install': False, 'path': '/home/hzh/ros2_learn/chapt10/chapt10_ws/src/learn_qos_py', 'symlink_install': False, 'test_result_base': None}
[0.494s] INFO:colcon.colcon_core.executor:Executing jobs using 'parallel' executor
[0.496s] DEBUG:colcon.colcon_parallel_executor.executor.parallel:run_until_complete
[0.496s] INFO:colcon.colcon_ros.task.ament_cmake.build:Building ROS package in '/home/hzh/ros2_learn/chapt10/chapt10_ws/src/learn_qos_cpp' with build type 'ament_cmake'
[0.497s] INFO:colcon.colcon_cmake.task.cmake.build:Building CMake package in '/home/hzh/ros2_learn/chapt10/chapt10_ws/src/learn_qos_cpp'
[0.500s] INFO:colcon.colcon_core.plugin_system:Skipping extension 'colcon_core.shell.bat': Not used on non-Windows systems
[0.500s] INFO:colcon.colcon_core.shell:Skip shell extension 'powershell' for command environment: Not usable outside of PowerShell
[0.500s] DEBUG:colcon.colcon_core.shell:Skip shell extension 'dsv' for command environment
[0.505s] INFO:colcon.colcon_ros.task.ament_python.build:Building ROS package in '/home/hzh/ros2_learn/chapt10/chapt10_ws/src/learn_qos_py' with build type 'ament_python'
[0.506s] Level 1:colcon.colcon_core.shell:create_environment_hook('learn_qos_py', 'ament_prefix_path')
[0.506s] INFO:colcon.colcon_core.shell:Creating environment hook '/home/hzh/ros2_learn/chapt10/chapt10_ws/install/learn_qos_py/share/learn_qos_py/hook/ament_prefix_path.ps1'
[0.507s] INFO:colcon.colcon_core.shell:Creating environment descriptor '/home/hzh/ros2_learn/chapt10/chapt10_ws/install/learn_qos_py/share/learn_qos_py/hook/ament_prefix_path.dsv'
[0.509s] INFO:colcon.colcon_core.shell:Creating environment hook '/home/hzh/ros2_learn/chapt10/chapt10_ws/install/learn_qos_py/share/learn_qos_py/hook/ament_prefix_path.sh'
[0.511s] INFO:colcon.colcon_core.shell:Skip shell extension 'powershell' for command environment: Not usable outside of PowerShell
[0.511s] DEBUG:colcon.colcon_core.shell:Skip shell extension 'dsv' for command environment
[0.536s] DEBUG:colcon.colcon_core.event_handler.log_command:Invoking command in '/home/hzh/ros2_learn/chapt10/chapt10_ws/build/learn_qos_cpp': CMAKE_PREFIX_PATH=${CMAKE_PREFIX_PATH}:/home/hzh/ros2_learn/chapt10/chapt10_ws/install/learn_qos_py:/opt/ros/humble /usr/bin/cmake --build /home/hzh/ros2_learn/chapt10/chapt10_ws/build/learn_qos_cpp -- -j4 -l4
[0.982s] INFO:colcon.colcon_core.task.python.build:Building Python package in '/home/hzh/ros2_learn/chapt10/chapt10_ws/src/learn_qos_py'
[0.983s] INFO:colcon.colcon_core.shell:Skip shell extension 'powershell' for command environment: Not usable outside of PowerShell
[0.983s] DEBUG:colcon.colcon_core.shell:Skip shell extension 'dsv' for command environment
[1.651s] DEBUG:colcon.colcon_core.event_handler.log_command:Invoking command in '/home/hzh/ros2_learn/chapt10/chapt10_ws/src/learn_qos_py': PYTHONPATH=/home/hzh/ros2_learn/chapt10/chapt10_ws/build/learn_qos_py/prefix_override:/usr/lib/python3/dist-packages/colcon_core/task/python/colcon_distutils_commands:/home/hzh/ros2_learn/chapt10/chapt10_ws/install/learn_qos_py/lib/python3.10/site-packages:${PYTHONPATH} /usr/bin/python3 -W ignore:setup.py install is deprecated -W ignore:easy_install command is deprecated setup.py egg_info --egg-base ../../build/learn_qos_py build --build-base /home/hzh/ros2_learn/chapt10/chapt10_ws/build/learn_qos_py/build install --record /home/hzh/ros2_learn/chapt10/chapt10_ws/build/learn_qos_py/install.log --single-version-externally-managed install_data
[2.218s] DEBUG:colcon.colcon_core.event_handler.log_command:Invoked command in '/home/hzh/ros2_learn/chapt10/chapt10_ws/src/learn_qos_py' returned '0': PYTHONPATH=/home/hzh/ros2_learn/chapt10/chapt10_ws/build/learn_qos_py/prefix_override:/usr/lib/python3/dist-packages/colcon_core/task/python/colcon_distutils_commands:/home/hzh/ros2_learn/chapt10/chapt10_ws/install/learn_qos_py/lib/python3.10/site-packages:${PYTHONPATH} /usr/bin/python3 -W ignore:setup.py install is deprecated -W ignore:easy_install command is deprecated setup.py egg_info --egg-base ../../build/learn_qos_py build --build-base /home/hzh/ros2_learn/chapt10/chapt10_ws/build/learn_qos_py/build install --record /home/hzh/ros2_learn/chapt10/chapt10_ws/build/learn_qos_py/install.log --single-version-externally-managed install_data
[2.221s] Level 1:colcon.colcon_core.environment:checking '/home/hzh/ros2_learn/chapt10/chapt10_ws/install/learn_qos_py' for CMake module files
[2.223s] Level 1:colcon.colcon_core.environment:checking '/home/hzh/ros2_learn/chapt10/chapt10_ws/install/learn_qos_py' for CMake config files
[2.225s] Level 1:colcon.colcon_core.environment:checking '/home/hzh/ros2_learn/chapt10/chapt10_ws/install/learn_qos_py/lib'
[2.226s] Level 1:colcon.colcon_core.environment:checking '/home/hzh/ros2_learn/chapt10/chapt10_ws/install/learn_qos_py/bin'
[2.227s] Level 1:colcon.colcon_core.environment:checking '/home/hzh/ros2_learn/chapt10/chapt10_ws/install/learn_qos_py/lib/pkgconfig/learn_qos_py.pc'
[2.227s] Level 1:colcon.colcon_core.environment:checking '/home/hzh/ros2_learn/chapt10/chapt10_ws/install/learn_qos_py/lib/python3.10/site-packages'
[2.227s] Level 1:colcon.colcon_core.shell:create_environment_hook('learn_qos_py', 'pythonpath')
[2.228s] INFO:colcon.colcon_core.shell:Creating environment hook '/home/hzh/ros2_learn/chapt10/chapt10_ws/install/learn_qos_py/share/learn_qos_py/hook/pythonpath.ps1'
[2.230s] INFO:colcon.colcon_core.shell:Creating environment descriptor '/home/hzh/ros2_learn/chapt10/chapt10_ws/install/learn_qos_py/share/learn_qos_py/hook/pythonpath.dsv'
[2.231s] INFO:colcon.colcon_core.shell:Creating environment hook '/home/hzh/ros2_learn/chapt10/chapt10_ws/install/learn_qos_py/share/learn_qos_py/hook/pythonpath.sh'
[2.233s] Level 1:colcon.colcon_core.environment:checking '/home/hzh/ros2_learn/chapt10/chapt10_ws/install/learn_qos_py/bin'
[2.233s] Level 1:colcon.colcon_core.environment:create_environment_scripts_only(learn_qos_py)
[2.234s] INFO:colcon.colcon_core.shell:Creating package script '/home/hzh/ros2_learn/chapt10/chapt10_ws/install/learn_qos_py/share/learn_qos_py/package.ps1'
[2.237s] INFO:colcon.colcon_core.shell:Creating package descriptor '/home/hzh/ros2_learn/chapt10/chapt10_ws/install/learn_qos_py/share/learn_qos_py/package.dsv'
[2.239s] INFO:colcon.colcon_core.shell:Creating package script '/home/hzh/ros2_learn/chapt10/chapt10_ws/install/learn_qos_py/share/learn_qos_py/package.sh'
[2.241s] INFO:colcon.colcon_core.shell:Creating package script '/home/hzh/ros2_learn/chapt10/chapt10_ws/install/learn_qos_py/share/learn_qos_py/package.bash'
[2.243s] INFO:colcon.colcon_core.shell:Creating package script '/home/hzh/ros2_learn/chapt10/chapt10_ws/install/learn_qos_py/share/learn_qos_py/package.zsh'
[2.245s] Level 1:colcon.colcon_core.environment:create_file_with_runtime_dependencies(/home/hzh/ros2_learn/chapt10/chapt10_ws/install/learn_qos_py/share/colcon-core/packages/learn_qos_py)
[15.135s] DEBUG:colcon.colcon_core.event_handler.log_command:Invoked command in '/home/hzh/ros2_learn/chapt10/chapt10_ws/build/learn_qos_cpp' returned '0': CMAKE_PREFIX_PATH=${CMAKE_PREFIX_PATH}:/home/hzh/ros2_learn/chapt10/chapt10_ws/install/learn_qos_py:/opt/ros/humble /usr/bin/cmake --build /home/hzh/ros2_learn/chapt10/chapt10_ws/build/learn_qos_cpp -- -j4 -l4
[15.154s] DEBUG:colcon.colcon_core.event_handler.log_command:Invoking command in '/home/hzh/ros2_learn/chapt10/chapt10_ws/build/learn_qos_cpp': CMAKE_PREFIX_PATH=${CMAKE_PREFIX_PATH}:/home/hzh/ros2_learn/chapt10/chapt10_ws/install/learn_qos_py:/opt/ros/humble /usr/bin/cmake --install /home/hzh/ros2_learn/chapt10/chapt10_ws/build/learn_qos_cpp
[15.182s] Level 1:colcon.colcon_core.environment:create_environment_scripts_only(learn_qos_cpp)
[15.182s] Level 1:colcon.colcon_core.environment:checking '/home/hzh/ros2_learn/chapt10/chapt10_ws/install/learn_qos_cpp' for CMake module files
[15.183s] Level 1:colcon.colcon_core.environment:checking '/home/hzh/ros2_learn/chapt10/chapt10_ws/install/learn_qos_cpp' for CMake config files
[15.183s] Level 1:colcon.colcon_core.shell:create_environment_hook('learn_qos_cpp', 'cmake_prefix_path')
[15.184s] INFO:colcon.colcon_core.shell:Creating environment hook '/home/hzh/ros2_learn/chapt10/chapt10_ws/install/learn_qos_cpp/share/learn_qos_cpp/hook/cmake_prefix_path.ps1'
[15.186s] DEBUG:colcon.colcon_core.event_handler.log_command:Invoked command in '/home/hzh/ros2_learn/chapt10/chapt10_ws/build/learn_qos_cpp' returned '0': CMAKE_PREFIX_PATH=${CMAKE_PREFIX_PATH}:/home/hzh/ros2_learn/chapt10/chapt10_ws/install/learn_qos_py:/opt/ros/humble /usr/bin/cmake --install /home/hzh/ros2_learn/chapt10/chapt10_ws/build/learn_qos_cpp
[15.187s] INFO:colcon.colcon_core.shell:Creating environment descriptor '/home/hzh/ros2_learn/chapt10/chapt10_ws/install/learn_qos_cpp/share/learn_qos_cpp/hook/cmake_prefix_path.dsv'
[15.188s] INFO:colcon.colcon_core.shell:Creating environment hook '/home/hzh/ros2_learn/chapt10/chapt10_ws/install/learn_qos_cpp/share/learn_qos_cpp/hook/cmake_prefix_path.sh'
[15.190s] Level 1:colcon.colcon_core.environment:checking '/home/hzh/ros2_learn/chapt10/chapt10_ws/install/learn_qos_cpp/lib'
[15.190s] Level 1:colcon.colcon_core.environment:checking '/home/hzh/ros2_learn/chapt10/chapt10_ws/install/learn_qos_cpp/bin'
[15.190s] Level 1:colcon.colcon_core.environment:checking '/home/hzh/ros2_learn/chapt10/chapt10_ws/install/learn_qos_cpp/lib/pkgconfig/learn_qos_cpp.pc'
[15.190s] Level 1:colcon.colcon_core.environment:checking '/home/hzh/ros2_learn/chapt10/chapt10_ws/install/learn_qos_cpp/lib/python3.10/site-packages'
[15.191s] Level 1:colcon.colcon_core.environment:checking '/home/hzh/ros2_learn/chapt10/chapt10_ws/install/learn_qos_cpp/bin'
[15.191s] INFO:colcon.colcon_core.shell:Creating package script '/home/hzh/ros2_learn/chapt10/chapt10_ws/install/learn_qos_cpp/share/learn_qos_cpp/package.ps1'
[15.193s] INFO:colcon.colcon_core.shell:Creating package descriptor '/home/hzh/ros2_learn/chapt10/chapt10_ws/install/learn_qos_cpp/share/learn_qos_cpp/package.dsv'
[15.194s] INFO:colcon.colcon_core.shell:Creating package script '/home/hzh/ros2_learn/chapt10/chapt10_ws/install/learn_qos_cpp/share/learn_qos_cpp/package.sh'
[15.196s] INFO:colcon.colcon_core.shell:Creating package script '/home/hzh/ros2_learn/chapt10/chapt10_ws/install/learn_qos_cpp/share/learn_qos_cpp/package.bash'
[15.201s] INFO:colcon.colcon_core.shell:Creating package script '/home/hzh/ros2_learn/chapt10/chapt10_ws/install/learn_qos_cpp/share/learn_qos_cpp/package.zsh'
[15.202s] Level 1:colcon.colcon_core.environment:create_file_with_runtime_dependencies(/home/hzh/ros2_learn/chapt10/chapt10_ws/install/learn_qos_cpp/share/colcon-core/packages/learn_qos_cpp)
[15.203s] Level 1:colcon.colcon_core.environment:create_environment_scripts_only(learn_qos_cpp)
[15.203s] Level 1:colcon.colcon_core.environment:checking '/home/hzh/ros2_learn/chapt10/chapt10_ws/install/learn_qos_cpp' for CMake module files
[15.204s] Level 1:colcon.colcon_core.environment:checking '/home/hzh/ros2_learn/chapt10/chapt10_ws/install/learn_qos_cpp' for CMake config files
[15.204s] Level 1:colcon.colcon_core.shell:create_environment_hook('learn_qos_cpp', 'cmake_prefix_path')
[15.204s] INFO:colcon.colcon_core.shell:Creating environment hook '/home/hzh/ros2_learn/chapt10/chapt10_ws/install/learn_qos_cpp/share/learn_qos_cpp/hook/cmake_prefix_path.ps1'
[15.206s] INFO:colcon.colcon_core.shell:Creating environment descriptor '/home/hzh/ros2_learn/chapt10/chapt10_ws/install/learn_qos_cpp/share/learn_qos_cpp/hook/cmake_prefix_path.dsv'
[15.207s] INFO:colcon.colcon_core.shell:Creating environment hook '/home/hzh/ros2_learn/chapt10/chapt10_ws/install/learn_qos_cpp/share/learn_qos_cpp/hook/cmake_prefix_path.sh'
[15.209s] Level 1:colcon.colcon_core.environment:checking '/home/hzh/ros2_learn/chapt10/chapt10_ws/install/learn_qos_cpp/lib'
[15.209s] Level 1:colcon.colcon_core.environment:checking '/home/hzh/ros2_learn/chapt10/chapt10_ws/install/learn_qos_cpp/bin'
[15.209s] Level 1:colcon.colcon_core.environment:checking '/home/hzh/ros2_learn/chapt10/chapt10_ws/install/learn_qos_cpp/lib/pkgconfig/learn_qos_cpp.pc'
[15.210s] Level 1:colcon.colcon_core.environment:checking '/home/hzh/ros2_learn/chapt10/chapt10_ws/install/learn_qos_cpp/lib/python3.10/site-packages'
[15.210s] Level 1:colcon.colcon_core.environment:checking '/home/hzh/ros2_learn/chapt10/chapt10_ws/install/learn_qos_cpp/bin'
[15.211s] INFO:colcon.colcon_core.shell:Creating package script '/home/hzh/ros2_learn/chapt10/chapt10_ws/install/learn_qos_cpp/share/learn_qos_cpp/package.ps1'
[15.213s] INFO:colcon.colcon_core.shell:Creating package descriptor '/home/hzh/ros2_learn/chapt10/chapt10_ws/install/learn_qos_cpp/share/learn_qos_cpp/package.dsv'
[15.214s] INFO:colcon.colcon_core.shell:Creating package script '/home/hzh/ros2_learn/chapt10/chapt10_ws/install/learn_qos_cpp/share/learn_qos_cpp/package.sh'
[15.216s] INFO:colcon.colcon_core.shell:Creating package script '/home/hzh/ros2_learn/chapt10/chapt10_ws/install/learn_qos_cpp/share/learn_qos_cpp/package.bash'
[15.217s] INFO:colcon.colcon_core.shell:Creating package script '/home/hzh/ros2_learn/chapt10/chapt10_ws/install/learn_qos_cpp/share/learn_qos_cpp/package.zsh'
[15.218s] Level 1:colcon.colcon_core.environment:create_file_with_runtime_dependencies(/home/hzh/ros2_learn/chapt10/chapt10_ws/install/learn_qos_cpp/share/colcon-core/packages/learn_qos_cpp)
[15.220s] DEBUG:colcon.colcon_parallel_executor.executor.parallel:closing loop
[15.220s] DEBUG:colcon.colcon_parallel_executor.executor.parallel:loop closed
[15.220s] DEBUG:colcon.colcon_parallel_executor.executor.parallel:run_until_complete finished with '0'
[15.221s] DEBUG:colcon.colcon_core.event_reactor:joining thread
[15.233s] INFO:colcon.colcon_core.plugin_system:Skipping extension 'colcon_notification.desktop_notification.terminal_notifier': Not used on non-Darwin systems
[15.233s] INFO:colcon.colcon_core.plugin_system:Skipping extension 'colcon_notification.desktop_notification.win32': Not used on non-Windows systems
[15.233s] INFO:colcon.colcon_notification.desktop_notification:Sending desktop notification using 'notify2'
[15.261s] DEBUG:colcon.colcon_core.event_reactor:joined thread
[15.262s] INFO:colcon.colcon_core.shell:Creating prefix script '/home/hzh/ros2_learn/chapt10/chapt10_ws/install/local_setup.ps1'
[15.264s] INFO:colcon.colcon_core.shell:Creating prefix util module '/home/hzh/ros2_learn/chapt10/chapt10_ws/install/_local_setup_util_ps1.py'
[15.267s] INFO:colcon.colcon_core.shell:Creating prefix chain script '/home/hzh/ros2_learn/chapt10/chapt10_ws/install/setup.ps1'
[15.274s] INFO:colcon.colcon_core.shell:Creating prefix script '/home/hzh/ros2_learn/chapt10/chapt10_ws/install/local_setup.sh'
[15.275s] INFO:colcon.colcon_core.shell:Creating prefix util module '/home/hzh/ros2_learn/chapt10/chapt10_ws/install/_local_setup_util_sh.py'
[15.277s] INFO:colcon.colcon_core.shell:Creating prefix chain script '/home/hzh/ros2_learn/chapt10/chapt10_ws/install/setup.sh'
[15.281s] INFO:colcon.colcon_core.shell:Creating prefix script '/home/hzh/ros2_learn/chapt10/chapt10_ws/install/local_setup.bash'
[15.284s] INFO:colcon.colcon_core.shell:Creating prefix chain script '/home/hzh/ros2_learn/chapt10/chapt10_ws/install/setup.bash'
[15.286s] INFO:colcon.colcon_core.shell:Creating prefix script '/home/hzh/ros2_learn/chapt10/chapt10_ws/install/local_setup.zsh'
[15.287s] INFO:colcon.colcon_core.shell:Creating prefix chain script '/home/hzh/ros2_learn/chapt10/chapt10_ws/install/setup.zsh'
