[0.030s] Invoking command in '/home/hzh/ros2_learn/chapt4/chapt4_ws/build/demo_cpp_service': AMENT_PREFIX_PATH=/home/hzh/ros2_learn/chapt4/chapt4_ws/install/chapt4_interfaces:${AMENT_PREFIX_PATH} CMAKE_PREFIX_PATH=/home/hzh/ros2_learn/chapt4/chapt4_ws/install/chapt4_interfaces:/opt/ros/humble LD_LIBRARY_PATH=/home/hzh/ros2_learn/chapt4/chapt4_ws/install/chapt4_interfaces/lib:${LD_LIBRARY_PATH} PYTHONPATH=/home/hzh/ros2_learn/chapt4/chapt4_ws/install/chapt4_interfaces/local/lib/python3.10/dist-packages:${PYTHONPATH} /usr/bin/cmake /home/hzh/ros2_learn/chapt4/chapt4_ws/src/demo_cpp_service -DCMAKE_INSTALL_PREFIX=/home/hzh/ros2_learn/chapt4/chapt4_ws/install/demo_cpp_service
[0.196s] -- The C compiler identification is GNU 11.4.0
[0.303s] -- The CXX compiler identification is GNU 11.4.0
[0.319s] -- Detecting C compiler ABI info
[0.471s] -- Detecting C compiler ABI info - done
[0.489s] -- Check for working C compiler: /usr/bin/cc - skipped
[0.489s] -- Detecting C compile features
[0.489s] -- Detecting C compile features - done
[0.498s] -- Detecting CXX compiler ABI info
[0.700s] -- Detecting CXX compiler ABI info - done
[0.712s] -- Check for working CXX compiler: /usr/bin/c++ - skipped
[0.712s] -- Detecting CXX compile features
[0.713s] -- Detecting CXX compile features - done
[0.719s] -- Found ament_cmake: 1.3.14 (/opt/ros/humble/share/ament_cmake/cmake)
[1.038s] -- Found Python3: /usr/bin/python3 (found version "3.10.12") found components: Interpreter 
[1.190s] -- Found chapt4_interfaces: 0.0.0 (/home/hzh/ros2_learn/chapt4/chapt4_ws/install/chapt4_interfaces/share/chapt4_interfaces/cmake)
[1.293s] -- Found rosidl_generator_c: 3.1.8 (/opt/ros/humble/share/rosidl_generator_c/cmake)
[1.304s] -- Found rosidl_adapter: 3.1.8 (/opt/ros/humble/share/rosidl_adapter/cmake)
[1.330s] -- Found rosidl_generator_cpp: 3.1.8 (/opt/ros/humble/share/rosidl_generator_cpp/cmake)
[1.363s] -- Using all available rosidl_typesupport_c: rosidl_typesupport_fastrtps_c;rosidl_typesupport_introspection_c
[1.407s] -- Using all available rosidl_typesupport_cpp: rosidl_typesupport_fastrtps_cpp;rosidl_typesupport_introspection_cpp
[1.532s] -- Found rclcpp: 16.0.19 (/opt/ros/humble/share/rclcpp/cmake)
[1.682s] -- Found rmw_implementation_cmake: 6.1.2 (/opt/ros/humble/share/rmw_implementation_cmake/cmake)
[1.696s] -- Found rmw_fastrtps_cpp: 6.2.10 (/opt/ros/humble/share/rmw_fastrtps_cpp/cmake)
[1.939s] -- Found OpenSSL: /usr/lib/x86_64-linux-gnu/libcrypto.so (found version "3.0.2")  
[1.989s] -- Found FastRTPS: /opt/ros/humble/include  
[2.043s] -- Using RMW implementation 'rmw_fastrtps_cpp' as default
[2.084s] -- Looking for pthread.h
[2.225s] -- Looking for pthread.h - found
[2.225s] -- Performing Test CMAKE_HAVE_LIBC_PTHREAD
[2.368s] -- Performing Test CMAKE_HAVE_LIBC_PTHREAD - Success
[2.368s] -- Found Threads: TRUE  
[2.489s] -- Found turtlesim: 1.4.3 (/opt/ros/humble/share/turtlesim/cmake)
[2.615s] -- Found ament_lint_auto: 0.12.15 (/opt/ros/humble/share/ament_lint_auto/cmake)
[2.723s] [31mCMake Error at CMakeLists.txt:30 (install):
[2.723s]   install TARGETS given target "urtle_control" which does not exist.
[2.723s] 
[2.724s] [0m
[2.726s] -- Added test 'cppcheck' to perform static code analysis on C / C++ code
[2.726s] -- Configured cppcheck include dirs: 
[2.726s] -- Configured cppcheck exclude dirs and/or files: 
[2.728s] -- Added test 'lint_cmake' to check CMake code style
[2.730s] -- Added test 'uncrustify' to check C / C++ code style
[2.730s] -- Configured uncrustify additional arguments: 
[2.732s] -- Added test 'xmllint' to check XML markup files
[2.733s] -- Configuring incomplete, errors occurred!
[2.733s] See also "/home/hzh/ros2_learn/chapt4/chapt4_ws/build/demo_cpp_service/CMakeFiles/CMakeOutput.log".
[2.750s] Invoked command in '/home/hzh/ros2_learn/chapt4/chapt4_ws/build/demo_cpp_service' returned '1': AMENT_PREFIX_PATH=/home/hzh/ros2_learn/chapt4/chapt4_ws/install/chapt4_interfaces:${AMENT_PREFIX_PATH} CMAKE_PREFIX_PATH=/home/hzh/ros2_learn/chapt4/chapt4_ws/install/chapt4_interfaces:/opt/ros/humble LD_LIBRARY_PATH=/home/hzh/ros2_learn/chapt4/chapt4_ws/install/chapt4_interfaces/lib:${LD_LIBRARY_PATH} PYTHONPATH=/home/hzh/ros2_learn/chapt4/chapt4_ws/install/chapt4_interfaces/local/lib/python3.10/dist-packages:${PYTHONPATH} /usr/bin/cmake /home/hzh/ros2_learn/chapt4/chapt4_ws/src/demo_cpp_service -DCMAKE_INSTALL_PREFIX=/home/hzh/ros2_learn/chapt4/chapt4_ws/install/demo_cpp_service
