[0.743s] Invoking command in '/home/hzh/chapt2/chapt2_ws/src/demo_python_pkg': PYTHONPATH=/home/hzh/chapt2/chapt2_ws/build/demo_python_pkg/prefix_override:/usr/lib/python3/dist-packages/colcon_core/task/python/colcon_distutils_commands:/home/hzh/chapt2/chapt2_ws/install/demo_python_pkg/lib/python3.10/site-packages:${PYTHONPATH} /usr/bin/python3 -W ignore:setup.py install is deprecated -W ignore:easy_install command is deprecated setup.py egg_info --egg-base ../../build/demo_python_pkg build --build-base /home/hzh/chapt2/chapt2_ws/build/demo_python_pkg/build install --record /home/hzh/chapt2/chapt2_ws/build/demo_python_pkg/install.log --single-version-externally-managed install_data
[1.003s] running egg_info
[1.004s] writing ../../build/demo_python_pkg/demo_python_pkg.egg-info/PKG-INFO
[1.004s] writing dependency_links to ../../build/demo_python_pkg/demo_python_pkg.egg-info/dependency_links.txt
[1.005s] writing entry points to ../../build/demo_python_pkg/demo_python_pkg.egg-info/entry_points.txt
[1.006s] writing requirements to ../../build/demo_python_pkg/demo_python_pkg.egg-info/requires.txt
[1.006s] writing top-level names to ../../build/demo_python_pkg/demo_python_pkg.egg-info/top_level.txt
[1.009s] reading manifest file '../../build/demo_python_pkg/demo_python_pkg.egg-info/SOURCES.txt'
[1.009s] adding license file 'LICENSE'
[1.010s] writing manifest file '../../build/demo_python_pkg/demo_python_pkg.egg-info/SOURCES.txt'
[1.011s] running build
[1.011s] running build_py
[1.012s] running install
[1.013s] running install_lib
[1.015s] running install_data
[1.015s] running install_egg_info
[1.017s] removing '/home/hzh/chapt2/chapt2_ws/install/demo_python_pkg/lib/python3.10/site-packages/demo_python_pkg-0.0.0-py3.10.egg-info' (and everything under it)
[1.018s] Copying ../../build/demo_python_pkg/demo_python_pkg.egg-info to /home/hzh/chapt2/chapt2_ws/install/demo_python_pkg/lib/python3.10/site-packages/demo_python_pkg-0.0.0-py3.10.egg-info
[1.019s] running install_scripts
[1.042s] Installing person_node = demo_python_pkg.person_node:mainwriter_node script to /home/hzh/chapt2/chapt2_ws/install/demo_python_pkg/lib/demo_python_pkg
[1.042s] Installing python_node script to /home/hzh/chapt2/chapt2_ws/install/demo_python_pkg/lib/demo_python_pkg
[1.043s] writing list of installed files to '/home/hzh/chapt2/chapt2_ws/build/demo_python_pkg/install.log'
[1.089s] Invoked command in '/home/hzh/chapt2/chapt2_ws/src/demo_python_pkg' returned '0': PYTHONPATH=/home/hzh/chapt2/chapt2_ws/build/demo_python_pkg/prefix_override:/usr/lib/python3/dist-packages/colcon_core/task/python/colcon_distutils_commands:/home/hzh/chapt2/chapt2_ws/install/demo_python_pkg/lib/python3.10/site-packages:${PYTHONPATH} /usr/bin/python3 -W ignore:setup.py install is deprecated -W ignore:easy_install command is deprecated setup.py egg_info --egg-base ../../build/demo_python_pkg build --build-base /home/hzh/chapt2/chapt2_ws/build/demo_python_pkg/build install --record /home/hzh/chapt2/chapt2_ws/build/demo_python_pkg/install.log --single-version-externally-managed install_data
