[0.914s] Invoking command in '/home/hzh/ros2_learn/chapt3/topic_ws/src/demo_python_topic': PYTHONPATH=/home/hzh/ros2_learn/chapt3/topic_ws/build/demo_python_topic/prefix_override:/usr/lib/python3/dist-packages/colcon_core/task/python/colcon_distutils_commands:/home/hzh/ros2_learn/chapt3/topic_ws/install/demo_python_topic/lib/python3.10/site-packages:${PYTHONPATH} /usr/bin/python3 -W ignore:setup.py install is deprecated -W ignore:easy_install command is deprecated setup.py egg_info --egg-base ../../build/demo_python_topic build --build-base /home/hzh/ros2_learn/chapt3/topic_ws/build/demo_python_topic/build install --record /home/hzh/ros2_learn/chapt3/topic_ws/build/demo_python_topic/install.log --single-version-externally-managed install_data
[1.295s] running egg_info
[1.298s] writing ../../build/demo_python_topic/demo_python_topic.egg-info/PKG-INFO
[1.298s] writing dependency_links to ../../build/demo_python_topic/demo_python_topic.egg-info/dependency_links.txt
[1.298s] writing entry points to ../../build/demo_python_topic/demo_python_topic.egg-info/entry_points.txt
[1.301s] writing requirements to ../../build/demo_python_topic/demo_python_topic.egg-info/requires.txt
[1.301s] writing top-level names to ../../build/demo_python_topic/demo_python_topic.egg-info/top_level.txt
[1.305s] reading manifest file '../../build/demo_python_topic/demo_python_topic.egg-info/SOURCES.txt'
[1.305s] adding license file 'LICENSE'
[1.307s] writing manifest file '../../build/demo_python_topic/demo_python_topic.egg-info/SOURCES.txt'
[1.308s] running build
[1.308s] running build_py
[1.309s] running install
[1.310s] running install_lib
[1.313s] running install_data
[1.313s] running install_egg_info
[1.318s] removing '/home/hzh/ros2_learn/chapt3/topic_ws/install/demo_python_topic/lib/python3.10/site-packages/demo_python_topic-0.0.0-py3.10.egg-info' (and everything under it)
[1.318s] Copying ../../build/demo_python_topic/demo_python_topic.egg-info to /home/hzh/ros2_learn/chapt3/topic_ws/install/demo_python_topic/lib/python3.10/site-packages/demo_python_topic-0.0.0-py3.10.egg-info
[1.319s] running install_scripts
[1.349s] Installing novel_pub_node script to /home/hzh/ros2_learn/chapt3/topic_ws/install/demo_python_topic/lib/demo_python_topic
[1.350s] Installing novel_sub_node script to /home/hzh/ros2_learn/chapt3/topic_ws/install/demo_python_topic/lib/demo_python_topic
[1.351s] writing list of installed files to '/home/hzh/ros2_learn/chapt3/topic_ws/build/demo_python_topic/install.log'
[1.407s] Invoked command in '/home/hzh/ros2_learn/chapt3/topic_ws/src/demo_python_topic' returned '0': PYTHONPATH=/home/hzh/ros2_learn/chapt3/topic_ws/build/demo_python_topic/prefix_override:/usr/lib/python3/dist-packages/colcon_core/task/python/colcon_distutils_commands:/home/hzh/ros2_learn/chapt3/topic_ws/install/demo_python_topic/lib/python3.10/site-packages:${PYTHONPATH} /usr/bin/python3 -W ignore:setup.py install is deprecated -W ignore:easy_install command is deprecated setup.py egg_info --egg-base ../../build/demo_python_topic build --build-base /home/hzh/ros2_learn/chapt3/topic_ws/build/demo_python_topic/build install --record /home/hzh/ros2_learn/chapt3/topic_ws/build/demo_python_topic/install.log --single-version-externally-managed install_data
