[0.013s] Invoking command in '/home/hzh/chapt2/chapt2_ws/build/demo_cpp_pkg': CMAKE_PREFIX_PATH=${CMAKE_PREFIX_PATH}:/opt/ros/humble /usr/bin/cmake /home/hzh/chapt2/chapt2_ws/src/demo_cpp_pkg -DCMAKE_INSTALL_PREFIX=/home/hzh/chapt2/chapt2_ws/install/demo_cpp_pkg
[0.120s] -- The C compiler identification is GNU 11.4.0
[0.206s] -- The CXX compiler identification is GNU 11.4.0
[0.216s] -- Detecting C compiler ABI info
[0.334s] -- Detecting C compiler ABI info - done
[0.342s] -- Check for working C compiler: /usr/bin/cc - skipped
[0.342s] -- Detecting C compile features
[0.346s] -- Detecting C compile features - done
[0.347s] -- Detecting CXX compiler ABI info
[0.517s] -- Detecting CXX compiler ABI info - done
[0.527s] -- Check for working CXX compiler: /usr/bin/c++ - skipped
[0.528s] -- Detecting CXX compile features
[0.529s] -- Detecting CXX compile features - done
[0.533s] -- Found ament_cmake: 1.3.14 (/opt/ros/humble/share/ament_cmake/cmake)
[0.767s] -- Found Python3: /usr/bin/python3 (found version "3.10.12") found components: Interpreter 
[0.891s] -- Found rclcpp: 16.0.19 (/opt/ros/humble/share/rclcpp/cmake)
[0.940s] -- Found rosidl_generator_c: 3.1.8 (/opt/ros/humble/share/rosidl_generator_c/cmake)
[0.949s] -- Found rosidl_adapter: 3.1.8 (/opt/ros/humble/share/rosidl_adapter/cmake)
[0.961s] -- Found rosidl_generator_cpp: 3.1.8 (/opt/ros/humble/share/rosidl_generator_cpp/cmake)
[0.976s] -- Using all available rosidl_typesupport_c: rosidl_typesupport_fastrtps_c;rosidl_typesupport_introspection_c
[0.993s] -- Using all available rosidl_typesupport_cpp: rosidl_typesupport_fastrtps_cpp;rosidl_typesupport_introspection_cpp
[1.048s] -- Found rmw_implementation_cmake: 6.1.2 (/opt/ros/humble/share/rmw_implementation_cmake/cmake)
[1.051s] -- Found rmw_fastrtps_cpp: 6.2.10 (/opt/ros/humble/share/rmw_fastrtps_cpp/cmake)
[1.206s] -- Found OpenSSL: /usr/lib/x86_64-linux-gnu/libcrypto.so (found version "3.0.2")  
[1.257s] -- Found FastRTPS: /opt/ros/humble/include  
[1.346s] -- Using RMW implementation 'rmw_fastrtps_cpp' as default
[1.360s] -- Looking for pthread.h
[1.554s] -- Looking for pthread.h - found
[1.554s] -- Performing Test CMAKE_HAVE_LIBC_PTHREAD
[1.694s] -- Performing Test CMAKE_HAVE_LIBC_PTHREAD - Success
[1.696s] -- Found Threads: TRUE  
[1.760s] -- Found ament_lint_auto: 0.12.15 (/opt/ros/humble/share/ament_lint_auto/cmake)
[1.883s] -- Added test 'cppcheck' to perform static code analysis on C / C++ code
[1.883s] -- Configured cppcheck include dirs: 
[1.883s] -- Configured cppcheck exclude dirs and/or files: 
[1.888s] -- Added test 'lint_cmake' to check CMake code style
[1.898s] -- Added test 'uncrustify' to check C / C++ code style
[1.898s] -- Configured uncrustify additional arguments: 
[1.899s] -- Added test 'xmllint' to check XML markup files
[1.901s] -- Configuring done
[1.915s] -- Generating done
[1.921s] -- Build files have been written to: /home/hzh/chapt2/chapt2_ws/build/demo_cpp_pkg
[1.937s] Invoked command in '/home/hzh/chapt2/chapt2_ws/build/demo_cpp_pkg' returned '0': CMAKE_PREFIX_PATH=${CMAKE_PREFIX_PATH}:/opt/ros/humble /usr/bin/cmake /home/hzh/chapt2/chapt2_ws/src/demo_cpp_pkg -DCMAKE_INSTALL_PREFIX=/home/hzh/chapt2/chapt2_ws/install/demo_cpp_pkg
[1.938s] Invoking command in '/home/hzh/chapt2/chapt2_ws/build/demo_cpp_pkg': CMAKE_PREFIX_PATH=${CMAKE_PREFIX_PATH}:/opt/ros/humble /usr/bin/cmake --build /home/hzh/chapt2/chapt2_ws/build/demo_cpp_pkg -- -j4 -l4
[2.021s] [ 50%] [32mBuilding CXX object CMakeFiles/cpp_node.dir/src/cpp_node.cpp.o[0m
[6.136s] [100%] [32m[1mLinking CXX executable cpp_node[0m
[6.338s] [100%] Built target cpp_node
[6.358s] Invoked command in '/home/hzh/chapt2/chapt2_ws/build/demo_cpp_pkg' returned '0': CMAKE_PREFIX_PATH=${CMAKE_PREFIX_PATH}:/opt/ros/humble /usr/bin/cmake --build /home/hzh/chapt2/chapt2_ws/build/demo_cpp_pkg -- -j4 -l4
[6.377s] Invoking command in '/home/hzh/chapt2/chapt2_ws/build/demo_cpp_pkg': CMAKE_PREFIX_PATH=${CMAKE_PREFIX_PATH}:/opt/ros/humble /usr/bin/cmake --install /home/hzh/chapt2/chapt2_ws/build/demo_cpp_pkg
[6.387s] -- Install configuration: ""
[6.387s] -- Installing: /home/hzh/chapt2/chapt2_ws/install/demo_cpp_pkg/lib/demo_cpp_pkg/cpp_node
[6.388s] -- Set runtime path of "/home/hzh/chapt2/chapt2_ws/install/demo_cpp_pkg/lib/demo_cpp_pkg/cpp_node" to ""
[6.388s] -- Installing: /home/hzh/chapt2/chapt2_ws/install/demo_cpp_pkg/share/ament_index/resource_index/package_run_dependencies/demo_cpp_pkg
[6.389s] -- Installing: /home/hzh/chapt2/chapt2_ws/install/demo_cpp_pkg/share/ament_index/resource_index/parent_prefix_path/demo_cpp_pkg
[6.390s] -- Installing: /home/hzh/chapt2/chapt2_ws/install/demo_cpp_pkg/share/demo_cpp_pkg/environment/ament_prefix_path.sh
[6.390s] -- Installing: /home/hzh/chapt2/chapt2_ws/install/demo_cpp_pkg/share/demo_cpp_pkg/environment/ament_prefix_path.dsv
[6.390s] -- Installing: /home/hzh/chapt2/chapt2_ws/install/demo_cpp_pkg/share/demo_cpp_pkg/environment/path.sh
[6.392s] -- Installing: /home/hzh/chapt2/chapt2_ws/install/demo_cpp_pkg/share/demo_cpp_pkg/environment/path.dsv
[6.393s] -- Installing: /home/hzh/chapt2/chapt2_ws/install/demo_cpp_pkg/share/demo_cpp_pkg/local_setup.bash
[6.393s] -- Installing: /home/hzh/chapt2/chapt2_ws/install/demo_cpp_pkg/share/demo_cpp_pkg/local_setup.sh
[6.393s] -- Installing: /home/hzh/chapt2/chapt2_ws/install/demo_cpp_pkg/share/demo_cpp_pkg/local_setup.zsh
[6.393s] -- Installing: /home/hzh/chapt2/chapt2_ws/install/demo_cpp_pkg/share/demo_cpp_pkg/local_setup.dsv
[6.393s] -- Installing: /home/hzh/chapt2/chapt2_ws/install/demo_cpp_pkg/share/demo_cpp_pkg/package.dsv
[6.394s] -- Installing: /home/hzh/chapt2/chapt2_ws/install/demo_cpp_pkg/share/ament_index/resource_index/packages/demo_cpp_pkg
[6.394s] -- Installing: /home/hzh/chapt2/chapt2_ws/install/demo_cpp_pkg/share/demo_cpp_pkg/cmake/demo_cpp_pkgConfig.cmake
[6.394s] -- Installing: /home/hzh/chapt2/chapt2_ws/install/demo_cpp_pkg/share/demo_cpp_pkg/cmake/demo_cpp_pkgConfig-version.cmake
[6.395s] -- Installing: /home/hzh/chapt2/chapt2_ws/install/demo_cpp_pkg/share/demo_cpp_pkg/package.xml
[6.401s] Invoked command in '/home/hzh/chapt2/chapt2_ws/build/demo_cpp_pkg' returned '0': CMAKE_PREFIX_PATH=${CMAKE_PREFIX_PATH}:/opt/ros/humble /usr/bin/cmake --install /home/hzh/chapt2/chapt2_ws/build/demo_cpp_pkg
