[0.152s] DEBUG:colcon:Command line arguments: ['/usr/bin/colcon', 'build']
[0.152s] DEBUG:colcon:Parsed command line arguments: Namespace(log_base=None, log_level=None, verb_name='build', build_base='build', install_base='install', merge_install=False, symlink_install=False, test_result_base=None, continue_on_error=False, executor='parallel', parallel_workers=4, event_handlers=None, ignore_user_meta=False, metas=['./colcon.meta'], base_paths=['.'], packages_ignore=None, packages_ignore_regex=None, paths=None, packages_up_to=None, packages_up_to_regex=None, packages_above=None, packages_above_and_dependencies=None, packages_above_depth=None, packages_select_by_dep=None, packages_skip_by_dep=None, packages_skip_up_to=None, packages_select_build_failed=False, packages_skip_build_finished=False, packages_select_test_failures=False, packages_skip_test_passed=False, packages_select=None, packages_skip=None, packages_select_regex=None, packages_skip_regex=None, packages_start=None, packages_end=None, allow_overriding=[], cmake_args=None, cmake_target=None, cmake_target_skip_unavailable=False, cmake_clean_cache=False, cmake_clean_first=False, cmake_force_configure=False, ament_cmake_args=None, catkin_cmake_args=None, catkin_skip_building_tests=False, verb_parser=<colcon_defaults.argument_parser.defaults.DefaultArgumentsDecorator object at 0x733db94ffb50>, verb_extension=<colcon_core.verb.build.BuildVerb object at 0x733db94ff550>, main=<bound method BuildVerb.main of <colcon_core.verb.build.BuildVerb object at 0x733db94ff550>>)
[0.352s] Level 1:colcon.colcon_core.package_discovery:discover_packages(colcon_meta) check parameters
[0.353s] Level 1:colcon.colcon_core.package_discovery:discover_packages(recursive) check parameters
[0.353s] Level 1:colcon.colcon_core.package_discovery:discover_packages(ignore) check parameters
[0.353s] Level 1:colcon.colcon_core.package_discovery:discover_packages(path) check parameters
[0.353s] Level 1:colcon.colcon_core.package_discovery:discover_packages(colcon_meta) discover
[0.353s] Level 1:colcon.colcon_core.package_discovery:discover_packages(recursive) discover
[0.353s] INFO:colcon.colcon_core.package_discovery:Crawling recursively for packages in '/home/hzh/ros2_learn/chapt4/chapt4_ws'
[0.353s] Level 1:colcon.colcon_core.package_identification:_identify(.) by extensions ['ignore', 'ignore_ament_install']
[0.353s] Level 1:colcon.colcon_core.package_identification:_identify(.) by extension 'ignore'
[0.353s] Level 1:colcon.colcon_core.package_identification:_identify(.) by extension 'ignore_ament_install'
[0.353s] Level 1:colcon.colcon_core.package_identification:_identify(.) by extensions ['colcon_pkg']
[0.354s] Level 1:colcon.colcon_core.package_identification:_identify(.) by extension 'colcon_pkg'
[0.354s] Level 1:colcon.colcon_core.package_identification:_identify(.) by extensions ['colcon_meta']
[0.354s] Level 1:colcon.colcon_core.package_identification:_identify(.) by extension 'colcon_meta'
[0.354s] Level 1:colcon.colcon_core.package_identification:_identify(.) by extensions ['ros']
[0.354s] Level 1:colcon.colcon_core.package_identification:_identify(.) by extension 'ros'
[0.369s] Level 1:colcon.colcon_core.package_identification:_identify(.) by extensions ['cmake', 'python']
[0.369s] Level 1:colcon.colcon_core.package_identification:_identify(.) by extension 'cmake'
[0.369s] Level 1:colcon.colcon_core.package_identification:_identify(.) by extension 'python'
[0.369s] Level 1:colcon.colcon_core.package_identification:_identify(.) by extensions ['python_setup_py']
[0.369s] Level 1:colcon.colcon_core.package_identification:_identify(.) by extension 'python_setup_py'
[0.369s] Level 1:colcon.colcon_core.package_identification:_identify(build) by extensions ['ignore', 'ignore_ament_install']
[0.370s] Level 1:colcon.colcon_core.package_identification:_identify(build) by extension 'ignore'
[0.370s] Level 1:colcon.colcon_core.package_identification:_identify(build) ignored
[0.370s] Level 1:colcon.colcon_core.package_identification:_identify(install) by extensions ['ignore', 'ignore_ament_install']
[0.370s] Level 1:colcon.colcon_core.package_identification:_identify(install) by extension 'ignore'
[0.370s] Level 1:colcon.colcon_core.package_identification:_identify(install) ignored
[0.370s] Level 1:colcon.colcon_core.package_identification:_identify(log) by extensions ['ignore', 'ignore_ament_install']
[0.371s] Level 1:colcon.colcon_core.package_identification:_identify(log) by extension 'ignore'
[0.371s] Level 1:colcon.colcon_core.package_identification:_identify(log) ignored
[0.371s] Level 1:colcon.colcon_core.package_identification:_identify(src) by extensions ['ignore', 'ignore_ament_install']
[0.371s] Level 1:colcon.colcon_core.package_identification:_identify(src) by extension 'ignore'
[0.371s] Level 1:colcon.colcon_core.package_identification:_identify(src) by extension 'ignore_ament_install'
[0.371s] Level 1:colcon.colcon_core.package_identification:_identify(src) by extensions ['colcon_pkg']
[0.371s] Level 1:colcon.colcon_core.package_identification:_identify(src) by extension 'colcon_pkg'
[0.371s] Level 1:colcon.colcon_core.package_identification:_identify(src) by extensions ['colcon_meta']
[0.371s] Level 1:colcon.colcon_core.package_identification:_identify(src) by extension 'colcon_meta'
[0.371s] Level 1:colcon.colcon_core.package_identification:_identify(src) by extensions ['ros']
[0.371s] Level 1:colcon.colcon_core.package_identification:_identify(src) by extension 'ros'
[0.371s] Level 1:colcon.colcon_core.package_identification:_identify(src) by extensions ['cmake', 'python']
[0.371s] Level 1:colcon.colcon_core.package_identification:_identify(src) by extension 'cmake'
[0.371s] Level 1:colcon.colcon_core.package_identification:_identify(src) by extension 'python'
[0.371s] Level 1:colcon.colcon_core.package_identification:_identify(src) by extensions ['python_setup_py']
[0.371s] Level 1:colcon.colcon_core.package_identification:_identify(src) by extension 'python_setup_py'
[0.372s] Level 1:colcon.colcon_core.package_identification:_identify(src/chapt4_interfaces) by extensions ['ignore', 'ignore_ament_install']
[0.372s] Level 1:colcon.colcon_core.package_identification:_identify(src/chapt4_interfaces) by extension 'ignore'
[0.372s] Level 1:colcon.colcon_core.package_identification:_identify(src/chapt4_interfaces) by extension 'ignore_ament_install'
[0.372s] Level 1:colcon.colcon_core.package_identification:_identify(src/chapt4_interfaces) by extensions ['colcon_pkg']
[0.372s] Level 1:colcon.colcon_core.package_identification:_identify(src/chapt4_interfaces) by extension 'colcon_pkg'
[0.372s] Level 1:colcon.colcon_core.package_identification:_identify(src/chapt4_interfaces) by extensions ['colcon_meta']
[0.372s] Level 1:colcon.colcon_core.package_identification:_identify(src/chapt4_interfaces) by extension 'colcon_meta'
[0.372s] Level 1:colcon.colcon_core.package_identification:_identify(src/chapt4_interfaces) by extensions ['ros']
[0.372s] Level 1:colcon.colcon_core.package_identification:_identify(src/chapt4_interfaces) by extension 'ros'
[0.376s] DEBUG:colcon.colcon_core.package_identification:Package 'src/chapt4_interfaces' with type 'ros.ament_cmake' and name 'chapt4_interfaces'
[0.376s] Level 1:colcon.colcon_core.package_identification:_identify(src/demo_cpp_service) by extensions ['ignore', 'ignore_ament_install']
[0.376s] Level 1:colcon.colcon_core.package_identification:_identify(src/demo_cpp_service) by extension 'ignore'
[0.376s] Level 1:colcon.colcon_core.package_identification:_identify(src/demo_cpp_service) by extension 'ignore_ament_install'
[0.376s] Level 1:colcon.colcon_core.package_identification:_identify(src/demo_cpp_service) by extensions ['colcon_pkg']
[0.376s] Level 1:colcon.colcon_core.package_identification:_identify(src/demo_cpp_service) by extension 'colcon_pkg'
[0.376s] Level 1:colcon.colcon_core.package_identification:_identify(src/demo_cpp_service) by extensions ['colcon_meta']
[0.376s] Level 1:colcon.colcon_core.package_identification:_identify(src/demo_cpp_service) by extension 'colcon_meta'
[0.377s] Level 1:colcon.colcon_core.package_identification:_identify(src/demo_cpp_service) by extensions ['ros']
[0.377s] Level 1:colcon.colcon_core.package_identification:_identify(src/demo_cpp_service) by extension 'ros'
[0.378s] DEBUG:colcon.colcon_core.package_identification:Package 'src/demo_cpp_service' with type 'ros.ament_cmake' and name 'demo_cpp_service'
[0.378s] Level 1:colcon.colcon_core.package_identification:_identify(src/demo_python_service) by extensions ['ignore', 'ignore_ament_install']
[0.379s] Level 1:colcon.colcon_core.package_identification:_identify(src/demo_python_service) by extension 'ignore'
[0.379s] Level 1:colcon.colcon_core.package_identification:_identify(src/demo_python_service) by extension 'ignore_ament_install'
[0.379s] Level 1:colcon.colcon_core.package_identification:_identify(src/demo_python_service) by extensions ['colcon_pkg']
[0.379s] Level 1:colcon.colcon_core.package_identification:_identify(src/demo_python_service) by extension 'colcon_pkg'
[0.379s] Level 1:colcon.colcon_core.package_identification:_identify(src/demo_python_service) by extensions ['colcon_meta']
[0.379s] Level 1:colcon.colcon_core.package_identification:_identify(src/demo_python_service) by extension 'colcon_meta'
[0.380s] Level 1:colcon.colcon_core.package_identification:_identify(src/demo_python_service) by extensions ['ros']
[0.380s] Level 1:colcon.colcon_core.package_identification:_identify(src/demo_python_service) by extension 'ros'
[0.381s] DEBUG:colcon.colcon_core.package_identification:Package 'src/demo_python_service' with type 'ros.ament_python' and name 'demo_python_service'
[0.382s] Level 1:colcon.colcon_core.package_discovery:discover_packages(recursive) using defaults
[0.382s] Level 1:colcon.colcon_core.package_discovery:discover_packages(ignore) discover
[0.382s] Level 1:colcon.colcon_core.package_discovery:discover_packages(ignore) using defaults
[0.382s] Level 1:colcon.colcon_core.package_discovery:discover_packages(path) discover
[0.382s] Level 1:colcon.colcon_core.package_discovery:discover_packages(path) using defaults
[0.410s] Level 1:colcon.colcon_core.package_discovery:discover_packages(prefix_path) check parameters
[0.410s] Level 1:colcon.colcon_core.package_discovery:discover_packages(prefix_path) discover
[0.413s] DEBUG:colcon.colcon_installed_package_information.package_discovery:Found 3 installed packages in /home/hzh/ros2_learn/chapt4/chapt4_ws/install
[0.415s] DEBUG:colcon.colcon_installed_package_information.package_discovery:Found 273 installed packages in /opt/ros/humble
[0.436s] Level 1:colcon.colcon_core.package_discovery:discover_packages(prefix_path) using defaults
[0.484s] Level 5:colcon.colcon_core.verb:set package 'chapt4_interfaces' build argument 'cmake_args' from command line to 'None'
[0.484s] Level 5:colcon.colcon_core.verb:set package 'chapt4_interfaces' build argument 'cmake_target' from command line to 'None'
[0.485s] Level 5:colcon.colcon_core.verb:set package 'chapt4_interfaces' build argument 'cmake_target_skip_unavailable' from command line to 'False'
[0.485s] Level 5:colcon.colcon_core.verb:set package 'chapt4_interfaces' build argument 'cmake_clean_cache' from command line to 'False'
[0.485s] Level 5:colcon.colcon_core.verb:set package 'chapt4_interfaces' build argument 'cmake_clean_first' from command line to 'False'
[0.485s] Level 5:colcon.colcon_core.verb:set package 'chapt4_interfaces' build argument 'cmake_force_configure' from command line to 'False'
[0.485s] Level 5:colcon.colcon_core.verb:set package 'chapt4_interfaces' build argument 'ament_cmake_args' from command line to 'None'
[0.485s] Level 5:colcon.colcon_core.verb:set package 'chapt4_interfaces' build argument 'catkin_cmake_args' from command line to 'None'
[0.485s] Level 5:colcon.colcon_core.verb:set package 'chapt4_interfaces' build argument 'catkin_skip_building_tests' from command line to 'False'
[0.485s] DEBUG:colcon.colcon_core.verb:Building package 'chapt4_interfaces' with the following arguments: {'ament_cmake_args': None, 'build_base': '/home/hzh/ros2_learn/chapt4/chapt4_ws/build/chapt4_interfaces', 'catkin_cmake_args': None, 'catkin_skip_building_tests': False, 'cmake_args': None, 'cmake_clean_cache': False, 'cmake_clean_first': False, 'cmake_force_configure': False, 'cmake_target': None, 'cmake_target_skip_unavailable': False, 'install_base': '/home/hzh/ros2_learn/chapt4/chapt4_ws/install/chapt4_interfaces', 'merge_install': False, 'path': '/home/hzh/ros2_learn/chapt4/chapt4_ws/src/chapt4_interfaces', 'symlink_install': False, 'test_result_base': None}
[0.485s] Level 5:colcon.colcon_core.verb:set package 'demo_cpp_service' build argument 'cmake_args' from command line to 'None'
[0.486s] Level 5:colcon.colcon_core.verb:set package 'demo_cpp_service' build argument 'cmake_target' from command line to 'None'
[0.486s] Level 5:colcon.colcon_core.verb:set package 'demo_cpp_service' build argument 'cmake_target_skip_unavailable' from command line to 'False'
[0.486s] Level 5:colcon.colcon_core.verb:set package 'demo_cpp_service' build argument 'cmake_clean_cache' from command line to 'False'
[0.486s] Level 5:colcon.colcon_core.verb:set package 'demo_cpp_service' build argument 'cmake_clean_first' from command line to 'False'
[0.486s] Level 5:colcon.colcon_core.verb:set package 'demo_cpp_service' build argument 'cmake_force_configure' from command line to 'False'
[0.486s] Level 5:colcon.colcon_core.verb:set package 'demo_cpp_service' build argument 'ament_cmake_args' from command line to 'None'
[0.486s] Level 5:colcon.colcon_core.verb:set package 'demo_cpp_service' build argument 'catkin_cmake_args' from command line to 'None'
[0.486s] Level 5:colcon.colcon_core.verb:set package 'demo_cpp_service' build argument 'catkin_skip_building_tests' from command line to 'False'
[0.486s] DEBUG:colcon.colcon_core.verb:Building package 'demo_cpp_service' with the following arguments: {'ament_cmake_args': None, 'build_base': '/home/hzh/ros2_learn/chapt4/chapt4_ws/build/demo_cpp_service', 'catkin_cmake_args': None, 'catkin_skip_building_tests': False, 'cmake_args': None, 'cmake_clean_cache': False, 'cmake_clean_first': False, 'cmake_force_configure': False, 'cmake_target': None, 'cmake_target_skip_unavailable': False, 'install_base': '/home/hzh/ros2_learn/chapt4/chapt4_ws/install/demo_cpp_service', 'merge_install': False, 'path': '/home/hzh/ros2_learn/chapt4/chapt4_ws/src/demo_cpp_service', 'symlink_install': False, 'test_result_base': None}
[0.486s] Level 5:colcon.colcon_core.verb:set package 'demo_python_service' build argument 'cmake_args' from command line to 'None'
[0.486s] Level 5:colcon.colcon_core.verb:set package 'demo_python_service' build argument 'cmake_target' from command line to 'None'
[0.486s] Level 5:colcon.colcon_core.verb:set package 'demo_python_service' build argument 'cmake_target_skip_unavailable' from command line to 'False'
[0.486s] Level 5:colcon.colcon_core.verb:set package 'demo_python_service' build argument 'cmake_clean_cache' from command line to 'False'
[0.486s] Level 5:colcon.colcon_core.verb:set package 'demo_python_service' build argument 'cmake_clean_first' from command line to 'False'
[0.486s] Level 5:colcon.colcon_core.verb:set package 'demo_python_service' build argument 'cmake_force_configure' from command line to 'False'
[0.486s] Level 5:colcon.colcon_core.verb:set package 'demo_python_service' build argument 'ament_cmake_args' from command line to 'None'
[0.486s] Level 5:colcon.colcon_core.verb:set package 'demo_python_service' build argument 'catkin_cmake_args' from command line to 'None'
[0.487s] Level 5:colcon.colcon_core.verb:set package 'demo_python_service' build argument 'catkin_skip_building_tests' from command line to 'False'
[0.487s] DEBUG:colcon.colcon_core.verb:Building package 'demo_python_service' with the following arguments: {'ament_cmake_args': None, 'build_base': '/home/hzh/ros2_learn/chapt4/chapt4_ws/build/demo_python_service', 'catkin_cmake_args': None, 'catkin_skip_building_tests': False, 'cmake_args': None, 'cmake_clean_cache': False, 'cmake_clean_first': False, 'cmake_force_configure': False, 'cmake_target': None, 'cmake_target_skip_unavailable': False, 'install_base': '/home/hzh/ros2_learn/chapt4/chapt4_ws/install/demo_python_service', 'merge_install': False, 'path': '/home/hzh/ros2_learn/chapt4/chapt4_ws/src/demo_python_service', 'symlink_install': False, 'test_result_base': None}
[0.487s] INFO:colcon.colcon_core.executor:Executing jobs using 'parallel' executor
[0.490s] DEBUG:colcon.colcon_parallel_executor.executor.parallel:run_until_complete
[0.491s] INFO:colcon.colcon_ros.task.ament_cmake.build:Building ROS package in '/home/hzh/ros2_learn/chapt4/chapt4_ws/src/chapt4_interfaces' with build type 'ament_cmake'
[0.491s] INFO:colcon.colcon_cmake.task.cmake.build:Building CMake package in '/home/hzh/ros2_learn/chapt4/chapt4_ws/src/chapt4_interfaces'
[0.496s] INFO:colcon.colcon_core.plugin_system:Skipping extension 'colcon_core.shell.bat': Not used on non-Windows systems
[0.496s] INFO:colcon.colcon_core.shell:Skip shell extension 'powershell' for command environment: Not usable outside of PowerShell
[0.497s] DEBUG:colcon.colcon_core.shell:Skip shell extension 'dsv' for command environment
[0.530s] DEBUG:colcon.colcon_core.event_handler.log_command:Invoking command in '/home/hzh/ros2_learn/chapt4/chapt4_ws/build/chapt4_interfaces': CMAKE_PREFIX_PATH=${CMAKE_PREFIX_PATH}:/home/hzh/ros2_learn/chapt4/chapt4_ws/install/demo_python_service:/opt/ros/humble /usr/bin/cmake --build /home/hzh/ros2_learn/chapt4/chapt4_ws/build/chapt4_interfaces -- -j4 -l4
[1.538s] DEBUG:colcon.colcon_core.event_handler.log_command:Invoked command in '/home/hzh/ros2_learn/chapt4/chapt4_ws/build/chapt4_interfaces' returned '0': CMAKE_PREFIX_PATH=${CMAKE_PREFIX_PATH}:/home/hzh/ros2_learn/chapt4/chapt4_ws/install/demo_python_service:/opt/ros/humble /usr/bin/cmake --build /home/hzh/ros2_learn/chapt4/chapt4_ws/build/chapt4_interfaces -- -j4 -l4
[1.556s] DEBUG:colcon.colcon_core.event_handler.log_command:Invoking command in '/home/hzh/ros2_learn/chapt4/chapt4_ws/build/chapt4_interfaces': CMAKE_PREFIX_PATH=${CMAKE_PREFIX_PATH}:/home/hzh/ros2_learn/chapt4/chapt4_ws/install/demo_python_service:/opt/ros/humble /usr/bin/cmake --install /home/hzh/ros2_learn/chapt4/chapt4_ws/build/chapt4_interfaces
[1.685s] Level 1:colcon.colcon_core.environment:create_environment_scripts_only(chapt4_interfaces)
[1.686s] DEBUG:colcon.colcon_core.event_handler.log_command:Invoked command in '/home/hzh/ros2_learn/chapt4/chapt4_ws/build/chapt4_interfaces' returned '0': CMAKE_PREFIX_PATH=${CMAKE_PREFIX_PATH}:/home/hzh/ros2_learn/chapt4/chapt4_ws/install/demo_python_service:/opt/ros/humble /usr/bin/cmake --install /home/hzh/ros2_learn/chapt4/chapt4_ws/build/chapt4_interfaces
[1.690s] Level 1:colcon.colcon_core.environment:checking '/home/hzh/ros2_learn/chapt4/chapt4_ws/install/chapt4_interfaces' for CMake module files
[1.691s] Level 1:colcon.colcon_core.environment:checking '/home/hzh/ros2_learn/chapt4/chapt4_ws/install/chapt4_interfaces' for CMake config files
[1.692s] Level 1:colcon.colcon_core.shell:create_environment_hook('chapt4_interfaces', 'cmake_prefix_path')
[1.693s] INFO:colcon.colcon_core.shell:Creating environment hook '/home/hzh/ros2_learn/chapt4/chapt4_ws/install/chapt4_interfaces/share/chapt4_interfaces/hook/cmake_prefix_path.ps1'
[1.694s] INFO:colcon.colcon_core.shell:Creating environment descriptor '/home/hzh/ros2_learn/chapt4/chapt4_ws/install/chapt4_interfaces/share/chapt4_interfaces/hook/cmake_prefix_path.dsv'
[1.696s] INFO:colcon.colcon_core.shell:Creating environment hook '/home/hzh/ros2_learn/chapt4/chapt4_ws/install/chapt4_interfaces/share/chapt4_interfaces/hook/cmake_prefix_path.sh'
[1.698s] Level 1:colcon.colcon_core.environment:checking '/home/hzh/ros2_learn/chapt4/chapt4_ws/install/chapt4_interfaces/lib'
[1.699s] Level 1:colcon.colcon_core.shell:create_environment_hook('chapt4_interfaces', 'ld_library_path_lib')
[1.699s] INFO:colcon.colcon_core.shell:Creating environment hook '/home/hzh/ros2_learn/chapt4/chapt4_ws/install/chapt4_interfaces/share/chapt4_interfaces/hook/ld_library_path_lib.ps1'
[1.700s] INFO:colcon.colcon_core.shell:Creating environment descriptor '/home/hzh/ros2_learn/chapt4/chapt4_ws/install/chapt4_interfaces/share/chapt4_interfaces/hook/ld_library_path_lib.dsv'
[1.702s] INFO:colcon.colcon_core.shell:Creating environment hook '/home/hzh/ros2_learn/chapt4/chapt4_ws/install/chapt4_interfaces/share/chapt4_interfaces/hook/ld_library_path_lib.sh'
[1.705s] Level 1:colcon.colcon_core.environment:checking '/home/hzh/ros2_learn/chapt4/chapt4_ws/install/chapt4_interfaces/bin'
[1.705s] Level 1:colcon.colcon_core.environment:checking '/home/hzh/ros2_learn/chapt4/chapt4_ws/install/chapt4_interfaces/lib/pkgconfig/chapt4_interfaces.pc'
[1.706s] Level 1:colcon.colcon_core.environment:checking '/home/hzh/ros2_learn/chapt4/chapt4_ws/install/chapt4_interfaces/lib/python3.10/site-packages'
[1.706s] Level 1:colcon.colcon_core.environment:checking '/home/hzh/ros2_learn/chapt4/chapt4_ws/install/chapt4_interfaces/bin'
[1.707s] INFO:colcon.colcon_core.shell:Creating package script '/home/hzh/ros2_learn/chapt4/chapt4_ws/install/chapt4_interfaces/share/chapt4_interfaces/package.ps1'
[1.710s] INFO:colcon.colcon_core.shell:Creating package descriptor '/home/hzh/ros2_learn/chapt4/chapt4_ws/install/chapt4_interfaces/share/chapt4_interfaces/package.dsv'
[1.711s] INFO:colcon.colcon_core.shell:Creating package script '/home/hzh/ros2_learn/chapt4/chapt4_ws/install/chapt4_interfaces/share/chapt4_interfaces/package.sh'
[1.713s] INFO:colcon.colcon_core.shell:Creating package script '/home/hzh/ros2_learn/chapt4/chapt4_ws/install/chapt4_interfaces/share/chapt4_interfaces/package.bash'
[1.714s] INFO:colcon.colcon_core.shell:Creating package script '/home/hzh/ros2_learn/chapt4/chapt4_ws/install/chapt4_interfaces/share/chapt4_interfaces/package.zsh'
[1.716s] Level 1:colcon.colcon_core.environment:create_file_with_runtime_dependencies(/home/hzh/ros2_learn/chapt4/chapt4_ws/install/chapt4_interfaces/share/colcon-core/packages/chapt4_interfaces)
[1.717s] Level 1:colcon.colcon_core.environment:create_environment_scripts_only(chapt4_interfaces)
[1.718s] Level 1:colcon.colcon_core.environment:checking '/home/hzh/ros2_learn/chapt4/chapt4_ws/install/chapt4_interfaces' for CMake module files
[1.719s] Level 1:colcon.colcon_core.environment:checking '/home/hzh/ros2_learn/chapt4/chapt4_ws/install/chapt4_interfaces' for CMake config files
[1.719s] Level 1:colcon.colcon_core.shell:create_environment_hook('chapt4_interfaces', 'cmake_prefix_path')
[1.719s] INFO:colcon.colcon_core.shell:Creating environment hook '/home/hzh/ros2_learn/chapt4/chapt4_ws/install/chapt4_interfaces/share/chapt4_interfaces/hook/cmake_prefix_path.ps1'
[1.721s] INFO:colcon.colcon_core.shell:Creating environment descriptor '/home/hzh/ros2_learn/chapt4/chapt4_ws/install/chapt4_interfaces/share/chapt4_interfaces/hook/cmake_prefix_path.dsv'
[1.723s] INFO:colcon.colcon_core.shell:Creating environment hook '/home/hzh/ros2_learn/chapt4/chapt4_ws/install/chapt4_interfaces/share/chapt4_interfaces/hook/cmake_prefix_path.sh'
[1.725s] Level 1:colcon.colcon_core.environment:checking '/home/hzh/ros2_learn/chapt4/chapt4_ws/install/chapt4_interfaces/lib'
[1.725s] Level 1:colcon.colcon_core.shell:create_environment_hook('chapt4_interfaces', 'ld_library_path_lib')
[1.726s] INFO:colcon.colcon_core.shell:Creating environment hook '/home/hzh/ros2_learn/chapt4/chapt4_ws/install/chapt4_interfaces/share/chapt4_interfaces/hook/ld_library_path_lib.ps1'
[1.728s] INFO:colcon.colcon_core.shell:Creating environment descriptor '/home/hzh/ros2_learn/chapt4/chapt4_ws/install/chapt4_interfaces/share/chapt4_interfaces/hook/ld_library_path_lib.dsv'
[1.728s] INFO:colcon.colcon_core.shell:Creating environment hook '/home/hzh/ros2_learn/chapt4/chapt4_ws/install/chapt4_interfaces/share/chapt4_interfaces/hook/ld_library_path_lib.sh'
[1.730s] Level 1:colcon.colcon_core.environment:checking '/home/hzh/ros2_learn/chapt4/chapt4_ws/install/chapt4_interfaces/bin'
[1.730s] Level 1:colcon.colcon_core.environment:checking '/home/hzh/ros2_learn/chapt4/chapt4_ws/install/chapt4_interfaces/lib/pkgconfig/chapt4_interfaces.pc'
[1.731s] Level 1:colcon.colcon_core.environment:checking '/home/hzh/ros2_learn/chapt4/chapt4_ws/install/chapt4_interfaces/lib/python3.10/site-packages'
[1.731s] Level 1:colcon.colcon_core.environment:checking '/home/hzh/ros2_learn/chapt4/chapt4_ws/install/chapt4_interfaces/bin'
[1.732s] INFO:colcon.colcon_core.shell:Creating package script '/home/hzh/ros2_learn/chapt4/chapt4_ws/install/chapt4_interfaces/share/chapt4_interfaces/package.ps1'
[1.734s] INFO:colcon.colcon_core.shell:Creating package descriptor '/home/hzh/ros2_learn/chapt4/chapt4_ws/install/chapt4_interfaces/share/chapt4_interfaces/package.dsv'
[1.736s] INFO:colcon.colcon_core.shell:Creating package script '/home/hzh/ros2_learn/chapt4/chapt4_ws/install/chapt4_interfaces/share/chapt4_interfaces/package.sh'
[1.737s] INFO:colcon.colcon_core.shell:Creating package script '/home/hzh/ros2_learn/chapt4/chapt4_ws/install/chapt4_interfaces/share/chapt4_interfaces/package.bash'
[1.738s] INFO:colcon.colcon_core.shell:Creating package script '/home/hzh/ros2_learn/chapt4/chapt4_ws/install/chapt4_interfaces/share/chapt4_interfaces/package.zsh'
[1.739s] Level 1:colcon.colcon_core.environment:create_file_with_runtime_dependencies(/home/hzh/ros2_learn/chapt4/chapt4_ws/install/chapt4_interfaces/share/colcon-core/packages/chapt4_interfaces)
[1.741s] INFO:colcon.colcon_ros.task.ament_cmake.build:Building ROS package in '/home/hzh/ros2_learn/chapt4/chapt4_ws/src/demo_cpp_service' with build type 'ament_cmake'
[1.743s] INFO:colcon.colcon_cmake.task.cmake.build:Building CMake package in '/home/hzh/ros2_learn/chapt4/chapt4_ws/src/demo_cpp_service'
[1.744s] INFO:colcon.colcon_core.shell:Skip shell extension 'powershell' for command environment: Not usable outside of PowerShell
[1.744s] DEBUG:colcon.colcon_core.shell:Skip shell extension 'dsv' for command environment
[1.753s] INFO:colcon.colcon_ros.task.ament_python.build:Building ROS package in '/home/hzh/ros2_learn/chapt4/chapt4_ws/src/demo_python_service' with build type 'ament_python'
[1.754s] Level 1:colcon.colcon_core.shell:create_environment_hook('demo_python_service', 'ament_prefix_path')
[1.755s] INFO:colcon.colcon_core.shell:Creating environment hook '/home/hzh/ros2_learn/chapt4/chapt4_ws/install/demo_python_service/share/demo_python_service/hook/ament_prefix_path.ps1'
[1.757s] INFO:colcon.colcon_core.shell:Creating environment descriptor '/home/hzh/ros2_learn/chapt4/chapt4_ws/install/demo_python_service/share/demo_python_service/hook/ament_prefix_path.dsv'
[1.759s] INFO:colcon.colcon_core.shell:Creating environment hook '/home/hzh/ros2_learn/chapt4/chapt4_ws/install/demo_python_service/share/demo_python_service/hook/ament_prefix_path.sh'
[1.762s] INFO:colcon.colcon_core.shell:Skip shell extension 'powershell' for command environment: Not usable outside of PowerShell
[1.762s] DEBUG:colcon.colcon_core.shell:Skip shell extension 'dsv' for command environment
[1.792s] DEBUG:colcon.colcon_core.event_handler.log_command:Invoking command in '/home/hzh/ros2_learn/chapt4/chapt4_ws/build/demo_cpp_service': CMAKE_PREFIX_PATH=/home/hzh/ros2_learn/chapt4/chapt4_ws/install/chapt4_interfaces:/home/hzh/ros2_learn/chapt4/chapt4_ws/install/demo_cpp_service:/home/hzh/ros2_learn/chapt4/chapt4_ws/install/demo_python_service:/opt/ros/humble /usr/bin/cmake --build /home/hzh/ros2_learn/chapt4/chapt4_ws/build/demo_cpp_service -- -j4 -l4
[2.291s] INFO:colcon.colcon_core.task.python.build:Building Python package in '/home/hzh/ros2_learn/chapt4/chapt4_ws/src/demo_python_service'
[2.292s] INFO:colcon.colcon_core.shell:Skip shell extension 'powershell' for command environment: Not usable outside of PowerShell
[2.292s] DEBUG:colcon.colcon_core.shell:Skip shell extension 'dsv' for command environment
[2.897s] DEBUG:colcon.colcon_core.event_handler.log_command:Invoking command in '/home/hzh/ros2_learn/chapt4/chapt4_ws/src/demo_python_service': CMAKE_PREFIX_PATH=/home/hzh/ros2_learn/chapt4/chapt4_ws/install/chapt4_interfaces:/home/hzh/ros2_learn/chapt4/chapt4_ws/install/demo_cpp_service PYTHONPATH=/home/hzh/ros2_learn/chapt4/chapt4_ws/build/demo_python_service/prefix_override:/usr/lib/python3/dist-packages/colcon_core/task/python/colcon_distutils_commands:/home/hzh/ros2_learn/chapt4/chapt4_ws/install/demo_python_service/lib/python3.10/site-packages:${PYTHONPATH} /usr/bin/python3 -W ignore:setup.py install is deprecated -W ignore:easy_install command is deprecated setup.py egg_info --egg-base ../../build/demo_python_service build --build-base /home/hzh/ros2_learn/chapt4/chapt4_ws/build/demo_python_service/build install --record /home/hzh/ros2_learn/chapt4/chapt4_ws/build/demo_python_service/install.log --single-version-externally-managed install_data
[3.436s] Level 1:colcon.colcon_core.environment:checking '/home/hzh/ros2_learn/chapt4/chapt4_ws/install/demo_python_service' for CMake module files
[3.437s] Level 1:colcon.colcon_core.environment:checking '/home/hzh/ros2_learn/chapt4/chapt4_ws/install/demo_python_service' for CMake config files
[3.439s] Level 1:colcon.colcon_core.environment:checking '/home/hzh/ros2_learn/chapt4/chapt4_ws/install/demo_python_service/lib'
[3.437s] DEBUG:colcon.colcon_core.event_handler.log_command:Invoked command in '/home/hzh/ros2_learn/chapt4/chapt4_ws/src/demo_python_service' returned '0': CMAKE_PREFIX_PATH=/home/hzh/ros2_learn/chapt4/chapt4_ws/install/chapt4_interfaces:/home/hzh/ros2_learn/chapt4/chapt4_ws/install/demo_cpp_service PYTHONPATH=/home/hzh/ros2_learn/chapt4/chapt4_ws/build/demo_python_service/prefix_override:/usr/lib/python3/dist-packages/colcon_core/task/python/colcon_distutils_commands:/home/hzh/ros2_learn/chapt4/chapt4_ws/install/demo_python_service/lib/python3.10/site-packages:${PYTHONPATH} /usr/bin/python3 -W ignore:setup.py install is deprecated -W ignore:easy_install command is deprecated setup.py egg_info --egg-base ../../build/demo_python_service build --build-base /home/hzh/ros2_learn/chapt4/chapt4_ws/build/demo_python_service/build install --record /home/hzh/ros2_learn/chapt4/chapt4_ws/build/demo_python_service/install.log --single-version-externally-managed install_data
[3.440s] Level 1:colcon.colcon_core.environment:checking '/home/hzh/ros2_learn/chapt4/chapt4_ws/install/demo_python_service/bin'
[3.440s] Level 1:colcon.colcon_core.environment:checking '/home/hzh/ros2_learn/chapt4/chapt4_ws/install/demo_python_service/lib/pkgconfig/demo_python_service.pc'
[3.440s] Level 1:colcon.colcon_core.environment:checking '/home/hzh/ros2_learn/chapt4/chapt4_ws/install/demo_python_service/lib/python3.10/site-packages'
[3.440s] Level 1:colcon.colcon_core.shell:create_environment_hook('demo_python_service', 'pythonpath')
[3.441s] INFO:colcon.colcon_core.shell:Creating environment hook '/home/hzh/ros2_learn/chapt4/chapt4_ws/install/demo_python_service/share/demo_python_service/hook/pythonpath.ps1'
[3.442s] INFO:colcon.colcon_core.shell:Creating environment descriptor '/home/hzh/ros2_learn/chapt4/chapt4_ws/install/demo_python_service/share/demo_python_service/hook/pythonpath.dsv'
[3.443s] INFO:colcon.colcon_core.shell:Creating environment hook '/home/hzh/ros2_learn/chapt4/chapt4_ws/install/demo_python_service/share/demo_python_service/hook/pythonpath.sh'
[3.445s] Level 1:colcon.colcon_core.environment:checking '/home/hzh/ros2_learn/chapt4/chapt4_ws/install/demo_python_service/bin'
[3.445s] Level 1:colcon.colcon_core.environment:create_environment_scripts_only(demo_python_service)
[3.445s] INFO:colcon.colcon_core.shell:Creating package script '/home/hzh/ros2_learn/chapt4/chapt4_ws/install/demo_python_service/share/demo_python_service/package.ps1'
[3.448s] INFO:colcon.colcon_core.shell:Creating package descriptor '/home/hzh/ros2_learn/chapt4/chapt4_ws/install/demo_python_service/share/demo_python_service/package.dsv'
[3.449s] INFO:colcon.colcon_core.shell:Creating package script '/home/hzh/ros2_learn/chapt4/chapt4_ws/install/demo_python_service/share/demo_python_service/package.sh'
[3.451s] INFO:colcon.colcon_core.shell:Creating package script '/home/hzh/ros2_learn/chapt4/chapt4_ws/install/demo_python_service/share/demo_python_service/package.bash'
[3.452s] INFO:colcon.colcon_core.shell:Creating package script '/home/hzh/ros2_learn/chapt4/chapt4_ws/install/demo_python_service/share/demo_python_service/package.zsh'
[3.454s] Level 1:colcon.colcon_core.environment:create_file_with_runtime_dependencies(/home/hzh/ros2_learn/chapt4/chapt4_ws/install/demo_python_service/share/colcon-core/packages/demo_python_service)
[8.433s] DEBUG:colcon.colcon_core.event_handler.log_command:Invoked command in '/home/hzh/ros2_learn/chapt4/chapt4_ws/build/demo_cpp_service' returned '0': CMAKE_PREFIX_PATH=/home/hzh/ros2_learn/chapt4/chapt4_ws/install/chapt4_interfaces:/home/hzh/ros2_learn/chapt4/chapt4_ws/install/demo_cpp_service:/home/hzh/ros2_learn/chapt4/chapt4_ws/install/demo_python_service:/opt/ros/humble /usr/bin/cmake --build /home/hzh/ros2_learn/chapt4/chapt4_ws/build/demo_cpp_service -- -j4 -l4
[8.438s] DEBUG:colcon.colcon_core.event_handler.log_command:Invoking command in '/home/hzh/ros2_learn/chapt4/chapt4_ws/build/demo_cpp_service': CMAKE_PREFIX_PATH=/home/hzh/ros2_learn/chapt4/chapt4_ws/install/chapt4_interfaces:/home/hzh/ros2_learn/chapt4/chapt4_ws/install/demo_cpp_service:/home/hzh/ros2_learn/chapt4/chapt4_ws/install/demo_python_service:/opt/ros/humble /usr/bin/cmake --install /home/hzh/ros2_learn/chapt4/chapt4_ws/build/demo_cpp_service
[8.454s] Level 1:colcon.colcon_core.environment:create_environment_scripts_only(demo_cpp_service)
[8.455s] Level 1:colcon.colcon_core.environment:checking '/home/hzh/ros2_learn/chapt4/chapt4_ws/install/demo_cpp_service' for CMake module files
[8.456s] DEBUG:colcon.colcon_core.event_handler.log_command:Invoked command in '/home/hzh/ros2_learn/chapt4/chapt4_ws/build/demo_cpp_service' returned '0': CMAKE_PREFIX_PATH=/home/hzh/ros2_learn/chapt4/chapt4_ws/install/chapt4_interfaces:/home/hzh/ros2_learn/chapt4/chapt4_ws/install/demo_cpp_service:/home/hzh/ros2_learn/chapt4/chapt4_ws/install/demo_python_service:/opt/ros/humble /usr/bin/cmake --install /home/hzh/ros2_learn/chapt4/chapt4_ws/build/demo_cpp_service
[8.457s] Level 1:colcon.colcon_core.environment:checking '/home/hzh/ros2_learn/chapt4/chapt4_ws/install/demo_cpp_service' for CMake config files
[8.457s] Level 1:colcon.colcon_core.shell:create_environment_hook('demo_cpp_service', 'cmake_prefix_path')
[8.458s] INFO:colcon.colcon_core.shell:Creating environment hook '/home/hzh/ros2_learn/chapt4/chapt4_ws/install/demo_cpp_service/share/demo_cpp_service/hook/cmake_prefix_path.ps1'
[8.459s] INFO:colcon.colcon_core.shell:Creating environment descriptor '/home/hzh/ros2_learn/chapt4/chapt4_ws/install/demo_cpp_service/share/demo_cpp_service/hook/cmake_prefix_path.dsv'
[8.460s] INFO:colcon.colcon_core.shell:Creating environment hook '/home/hzh/ros2_learn/chapt4/chapt4_ws/install/demo_cpp_service/share/demo_cpp_service/hook/cmake_prefix_path.sh'
[8.462s] Level 1:colcon.colcon_core.environment:checking '/home/hzh/ros2_learn/chapt4/chapt4_ws/install/demo_cpp_service/lib'
[8.462s] Level 1:colcon.colcon_core.environment:checking '/home/hzh/ros2_learn/chapt4/chapt4_ws/install/demo_cpp_service/bin'
[8.462s] Level 1:colcon.colcon_core.environment:checking '/home/hzh/ros2_learn/chapt4/chapt4_ws/install/demo_cpp_service/lib/pkgconfig/demo_cpp_service.pc'
[8.462s] Level 1:colcon.colcon_core.environment:checking '/home/hzh/ros2_learn/chapt4/chapt4_ws/install/demo_cpp_service/lib/python3.10/site-packages'
[8.463s] Level 1:colcon.colcon_core.environment:checking '/home/hzh/ros2_learn/chapt4/chapt4_ws/install/demo_cpp_service/bin'
[8.463s] INFO:colcon.colcon_core.shell:Creating package script '/home/hzh/ros2_learn/chapt4/chapt4_ws/install/demo_cpp_service/share/demo_cpp_service/package.ps1'
[8.464s] INFO:colcon.colcon_core.shell:Creating package descriptor '/home/hzh/ros2_learn/chapt4/chapt4_ws/install/demo_cpp_service/share/demo_cpp_service/package.dsv'
[8.465s] INFO:colcon.colcon_core.shell:Creating package script '/home/hzh/ros2_learn/chapt4/chapt4_ws/install/demo_cpp_service/share/demo_cpp_service/package.sh'
[8.466s] INFO:colcon.colcon_core.shell:Creating package script '/home/hzh/ros2_learn/chapt4/chapt4_ws/install/demo_cpp_service/share/demo_cpp_service/package.bash'
[8.467s] INFO:colcon.colcon_core.shell:Creating package script '/home/hzh/ros2_learn/chapt4/chapt4_ws/install/demo_cpp_service/share/demo_cpp_service/package.zsh'
[8.468s] Level 1:colcon.colcon_core.environment:create_file_with_runtime_dependencies(/home/hzh/ros2_learn/chapt4/chapt4_ws/install/demo_cpp_service/share/colcon-core/packages/demo_cpp_service)
[8.469s] Level 1:colcon.colcon_core.environment:create_environment_scripts_only(demo_cpp_service)
[8.469s] Level 1:colcon.colcon_core.environment:checking '/home/hzh/ros2_learn/chapt4/chapt4_ws/install/demo_cpp_service' for CMake module files
[8.470s] Level 1:colcon.colcon_core.environment:checking '/home/hzh/ros2_learn/chapt4/chapt4_ws/install/demo_cpp_service' for CMake config files
[8.470s] Level 1:colcon.colcon_core.shell:create_environment_hook('demo_cpp_service', 'cmake_prefix_path')
[8.470s] INFO:colcon.colcon_core.shell:Creating environment hook '/home/hzh/ros2_learn/chapt4/chapt4_ws/install/demo_cpp_service/share/demo_cpp_service/hook/cmake_prefix_path.ps1'
[8.471s] INFO:colcon.colcon_core.shell:Creating environment descriptor '/home/hzh/ros2_learn/chapt4/chapt4_ws/install/demo_cpp_service/share/demo_cpp_service/hook/cmake_prefix_path.dsv'
[8.472s] INFO:colcon.colcon_core.shell:Creating environment hook '/home/hzh/ros2_learn/chapt4/chapt4_ws/install/demo_cpp_service/share/demo_cpp_service/hook/cmake_prefix_path.sh'
[8.473s] Level 1:colcon.colcon_core.environment:checking '/home/hzh/ros2_learn/chapt4/chapt4_ws/install/demo_cpp_service/lib'
[8.473s] Level 1:colcon.colcon_core.environment:checking '/home/hzh/ros2_learn/chapt4/chapt4_ws/install/demo_cpp_service/bin'
[8.474s] Level 1:colcon.colcon_core.environment:checking '/home/hzh/ros2_learn/chapt4/chapt4_ws/install/demo_cpp_service/lib/pkgconfig/demo_cpp_service.pc'
[8.474s] Level 1:colcon.colcon_core.environment:checking '/home/hzh/ros2_learn/chapt4/chapt4_ws/install/demo_cpp_service/lib/python3.10/site-packages'
[8.474s] Level 1:colcon.colcon_core.environment:checking '/home/hzh/ros2_learn/chapt4/chapt4_ws/install/demo_cpp_service/bin'
[8.475s] INFO:colcon.colcon_core.shell:Creating package script '/home/hzh/ros2_learn/chapt4/chapt4_ws/install/demo_cpp_service/share/demo_cpp_service/package.ps1'
[8.476s] INFO:colcon.colcon_core.shell:Creating package descriptor '/home/hzh/ros2_learn/chapt4/chapt4_ws/install/demo_cpp_service/share/demo_cpp_service/package.dsv'
[8.477s] INFO:colcon.colcon_core.shell:Creating package script '/home/hzh/ros2_learn/chapt4/chapt4_ws/install/demo_cpp_service/share/demo_cpp_service/package.sh'
[8.478s] INFO:colcon.colcon_core.shell:Creating package script '/home/hzh/ros2_learn/chapt4/chapt4_ws/install/demo_cpp_service/share/demo_cpp_service/package.bash'
[8.478s] INFO:colcon.colcon_core.shell:Creating package script '/home/hzh/ros2_learn/chapt4/chapt4_ws/install/demo_cpp_service/share/demo_cpp_service/package.zsh'
[8.479s] Level 1:colcon.colcon_core.environment:create_file_with_runtime_dependencies(/home/hzh/ros2_learn/chapt4/chapt4_ws/install/demo_cpp_service/share/colcon-core/packages/demo_cpp_service)
[8.480s] DEBUG:colcon.colcon_parallel_executor.executor.parallel:closing loop
[8.480s] DEBUG:colcon.colcon_parallel_executor.executor.parallel:loop closed
[8.480s] DEBUG:colcon.colcon_parallel_executor.executor.parallel:run_until_complete finished with '0'
[8.480s] DEBUG:colcon.colcon_core.event_reactor:joining thread
[8.490s] INFO:colcon.colcon_core.plugin_system:Skipping extension 'colcon_notification.desktop_notification.terminal_notifier': Not used on non-Darwin systems
[8.490s] INFO:colcon.colcon_core.plugin_system:Skipping extension 'colcon_notification.desktop_notification.win32': Not used on non-Windows systems
[8.490s] INFO:colcon.colcon_notification.desktop_notification:Sending desktop notification using 'notify2'
[8.515s] DEBUG:colcon.colcon_core.event_reactor:joined thread
[8.515s] INFO:colcon.colcon_core.shell:Creating prefix script '/home/hzh/ros2_learn/chapt4/chapt4_ws/install/local_setup.ps1'
[8.519s] INFO:colcon.colcon_core.shell:Creating prefix util module '/home/hzh/ros2_learn/chapt4/chapt4_ws/install/_local_setup_util_ps1.py'
[8.521s] INFO:colcon.colcon_core.shell:Creating prefix chain script '/home/hzh/ros2_learn/chapt4/chapt4_ws/install/setup.ps1'
[8.524s] INFO:colcon.colcon_core.shell:Creating prefix script '/home/hzh/ros2_learn/chapt4/chapt4_ws/install/local_setup.sh'
[8.525s] INFO:colcon.colcon_core.shell:Creating prefix util module '/home/hzh/ros2_learn/chapt4/chapt4_ws/install/_local_setup_util_sh.py'
[8.526s] INFO:colcon.colcon_core.shell:Creating prefix chain script '/home/hzh/ros2_learn/chapt4/chapt4_ws/install/setup.sh'
[8.529s] INFO:colcon.colcon_core.shell:Creating prefix script '/home/hzh/ros2_learn/chapt4/chapt4_ws/install/local_setup.bash'
[8.530s] INFO:colcon.colcon_core.shell:Creating prefix chain script '/home/hzh/ros2_learn/chapt4/chapt4_ws/install/setup.bash'
[8.532s] INFO:colcon.colcon_core.shell:Creating prefix script '/home/hzh/ros2_learn/chapt4/chapt4_ws/install/local_setup.zsh'
[8.534s] INFO:colcon.colcon_core.shell:Creating prefix chain script '/home/hzh/ros2_learn/chapt4/chapt4_ws/install/setup.zsh'
