[0.164s] DEBUG:colcon:Command line arguments: ['/usr/bin/colcon', 'build']
[0.164s] DEBUG:colcon:Parsed command line arguments: Namespace(log_base=None, log_level=None, verb_name='build', build_base='build', install_base='install', merge_install=False, symlink_install=False, test_result_base=None, continue_on_error=False, executor='parallel', parallel_workers=4, event_handlers=None, ignore_user_meta=False, metas=['./colcon.meta'], base_paths=['.'], packages_ignore=None, packages_ignore_regex=None, paths=None, packages_up_to=None, packages_up_to_regex=None, packages_above=None, packages_above_and_dependencies=None, packages_above_depth=None, packages_select_by_dep=None, packages_skip_by_dep=None, packages_skip_up_to=None, packages_select_build_failed=False, packages_skip_build_finished=False, packages_select_test_failures=False, packages_skip_test_passed=False, packages_select=None, packages_skip=None, packages_select_regex=None, packages_skip_regex=None, packages_start=None, packages_end=None, allow_overriding=[], cmake_args=None, cmake_target=None, cmake_target_skip_unavailable=False, cmake_clean_cache=False, cmake_clean_first=False, cmake_force_configure=False, ament_cmake_args=None, catkin_cmake_args=None, catkin_skip_building_tests=False, verb_parser=<colcon_defaults.argument_parser.defaults.DefaultArgumentsDecorator object at 0x7c5c268501f0>, verb_extension=<colcon_core.verb.build.BuildVerb object at 0x7c5c2681fbb0>, main=<bound method BuildVerb.main of <colcon_core.verb.build.BuildVerb object at 0x7c5c2681fbb0>>)
[0.362s] Level 1:colcon.colcon_core.package_discovery:discover_packages(colcon_meta) check parameters
[0.362s] Level 1:colcon.colcon_core.package_discovery:discover_packages(recursive) check parameters
[0.362s] Level 1:colcon.colcon_core.package_discovery:discover_packages(ignore) check parameters
[0.362s] Level 1:colcon.colcon_core.package_discovery:discover_packages(path) check parameters
[0.362s] Level 1:colcon.colcon_core.package_discovery:discover_packages(colcon_meta) discover
[0.362s] Level 1:colcon.colcon_core.package_discovery:discover_packages(recursive) discover
[0.362s] INFO:colcon.colcon_core.package_discovery:Crawling recursively for packages in '/home/hzh/ros2_learn/chapt8/chapt8_ws'
[0.362s] Level 1:colcon.colcon_core.package_identification:_identify(.) by extensions ['ignore', 'ignore_ament_install']
[0.363s] Level 1:colcon.colcon_core.package_identification:_identify(.) by extension 'ignore'
[0.363s] Level 1:colcon.colcon_core.package_identification:_identify(.) by extension 'ignore_ament_install'
[0.363s] Level 1:colcon.colcon_core.package_identification:_identify(.) by extensions ['colcon_pkg']
[0.363s] Level 1:colcon.colcon_core.package_identification:_identify(.) by extension 'colcon_pkg'
[0.363s] Level 1:colcon.colcon_core.package_identification:_identify(.) by extensions ['colcon_meta']
[0.363s] Level 1:colcon.colcon_core.package_identification:_identify(.) by extension 'colcon_meta'
[0.363s] Level 1:colcon.colcon_core.package_identification:_identify(.) by extensions ['ros']
[0.363s] Level 1:colcon.colcon_core.package_identification:_identify(.) by extension 'ros'
[0.379s] Level 1:colcon.colcon_core.package_identification:_identify(.) by extensions ['cmake', 'python']
[0.379s] Level 1:colcon.colcon_core.package_identification:_identify(.) by extension 'cmake'
[0.379s] Level 1:colcon.colcon_core.package_identification:_identify(.) by extension 'python'
[0.379s] Level 1:colcon.colcon_core.package_identification:_identify(.) by extensions ['python_setup_py']
[0.379s] Level 1:colcon.colcon_core.package_identification:_identify(.) by extension 'python_setup_py'
[0.380s] Level 1:colcon.colcon_core.package_identification:_identify(build) by extensions ['ignore', 'ignore_ament_install']
[0.380s] Level 1:colcon.colcon_core.package_identification:_identify(build) by extension 'ignore'
[0.380s] Level 1:colcon.colcon_core.package_identification:_identify(build) ignored
[0.380s] Level 1:colcon.colcon_core.package_identification:_identify(install) by extensions ['ignore', 'ignore_ament_install']
[0.381s] Level 1:colcon.colcon_core.package_identification:_identify(install) by extension 'ignore'
[0.381s] Level 1:colcon.colcon_core.package_identification:_identify(install) ignored
[0.381s] Level 1:colcon.colcon_core.package_identification:_identify(log) by extensions ['ignore', 'ignore_ament_install']
[0.381s] Level 1:colcon.colcon_core.package_identification:_identify(log) by extension 'ignore'
[0.382s] Level 1:colcon.colcon_core.package_identification:_identify(log) ignored
[0.382s] Level 1:colcon.colcon_core.package_identification:_identify(src) by extensions ['ignore', 'ignore_ament_install']
[0.382s] Level 1:colcon.colcon_core.package_identification:_identify(src) by extension 'ignore'
[0.382s] Level 1:colcon.colcon_core.package_identification:_identify(src) by extension 'ignore_ament_install'
[0.382s] Level 1:colcon.colcon_core.package_identification:_identify(src) by extensions ['colcon_pkg']
[0.382s] Level 1:colcon.colcon_core.package_identification:_identify(src) by extension 'colcon_pkg'
[0.382s] Level 1:colcon.colcon_core.package_identification:_identify(src) by extensions ['colcon_meta']
[0.382s] Level 1:colcon.colcon_core.package_identification:_identify(src) by extension 'colcon_meta'
[0.382s] Level 1:colcon.colcon_core.package_identification:_identify(src) by extensions ['ros']
[0.383s] Level 1:colcon.colcon_core.package_identification:_identify(src) by extension 'ros'
[0.383s] Level 1:colcon.colcon_core.package_identification:_identify(src) by extensions ['cmake', 'python']
[0.383s] Level 1:colcon.colcon_core.package_identification:_identify(src) by extension 'cmake'
[0.383s] Level 1:colcon.colcon_core.package_identification:_identify(src) by extension 'python'
[0.383s] Level 1:colcon.colcon_core.package_identification:_identify(src) by extensions ['python_setup_py']
[0.383s] Level 1:colcon.colcon_core.package_identification:_identify(src) by extension 'python_setup_py'
[0.383s] Level 1:colcon.colcon_core.package_identification:_identify(src/autopartol_interfaces) by extensions ['ignore', 'ignore_ament_install']
[0.384s] Level 1:colcon.colcon_core.package_identification:_identify(src/autopartol_interfaces) by extension 'ignore'
[0.384s] Level 1:colcon.colcon_core.package_identification:_identify(src/autopartol_interfaces) by extension 'ignore_ament_install'
[0.384s] Level 1:colcon.colcon_core.package_identification:_identify(src/autopartol_interfaces) by extensions ['colcon_pkg']
[0.384s] Level 1:colcon.colcon_core.package_identification:_identify(src/autopartol_interfaces) by extension 'colcon_pkg'
[0.384s] Level 1:colcon.colcon_core.package_identification:_identify(src/autopartol_interfaces) by extensions ['colcon_meta']
[0.384s] Level 1:colcon.colcon_core.package_identification:_identify(src/autopartol_interfaces) by extension 'colcon_meta'
[0.384s] Level 1:colcon.colcon_core.package_identification:_identify(src/autopartol_interfaces) by extensions ['ros']
[0.384s] Level 1:colcon.colcon_core.package_identification:_identify(src/autopartol_interfaces) by extension 'ros'
[0.388s] DEBUG:colcon.colcon_core.package_identification:Package 'src/autopartol_interfaces' with type 'ros.ament_cmake' and name 'autopartol_interfaces'
[0.388s] Level 1:colcon.colcon_core.package_identification:_identify(src/autopartol_robot) by extensions ['ignore', 'ignore_ament_install']
[0.388s] Level 1:colcon.colcon_core.package_identification:_identify(src/autopartol_robot) by extension 'ignore'
[0.388s] Level 1:colcon.colcon_core.package_identification:_identify(src/autopartol_robot) by extension 'ignore_ament_install'
[0.388s] Level 1:colcon.colcon_core.package_identification:_identify(src/autopartol_robot) by extensions ['colcon_pkg']
[0.388s] Level 1:colcon.colcon_core.package_identification:_identify(src/autopartol_robot) by extension 'colcon_pkg'
[0.389s] Level 1:colcon.colcon_core.package_identification:_identify(src/autopartol_robot) by extensions ['colcon_meta']
[0.389s] Level 1:colcon.colcon_core.package_identification:_identify(src/autopartol_robot) by extension 'colcon_meta'
[0.389s] Level 1:colcon.colcon_core.package_identification:_identify(src/autopartol_robot) by extensions ['ros']
[0.389s] Level 1:colcon.colcon_core.package_identification:_identify(src/autopartol_robot) by extension 'ros'
[0.390s] DEBUG:colcon.colcon_core.package_identification:Package 'src/autopartol_robot' with type 'ros.ament_python' and name 'autopartol_robot'
[0.390s] Level 1:colcon.colcon_core.package_identification:_identify(src/fishbot_application) by extensions ['ignore', 'ignore_ament_install']
[0.390s] Level 1:colcon.colcon_core.package_identification:_identify(src/fishbot_application) by extension 'ignore'
[0.390s] Level 1:colcon.colcon_core.package_identification:_identify(src/fishbot_application) by extension 'ignore_ament_install'
[0.390s] Level 1:colcon.colcon_core.package_identification:_identify(src/fishbot_application) by extensions ['colcon_pkg']
[0.390s] Level 1:colcon.colcon_core.package_identification:_identify(src/fishbot_application) by extension 'colcon_pkg'
[0.390s] Level 1:colcon.colcon_core.package_identification:_identify(src/fishbot_application) by extensions ['colcon_meta']
[0.391s] Level 1:colcon.colcon_core.package_identification:_identify(src/fishbot_application) by extension 'colcon_meta'
[0.391s] Level 1:colcon.colcon_core.package_identification:_identify(src/fishbot_application) by extensions ['ros']
[0.391s] Level 1:colcon.colcon_core.package_identification:_identify(src/fishbot_application) by extension 'ros'
[0.391s] DEBUG:colcon.colcon_core.package_identification:Package 'src/fishbot_application' with type 'ros.ament_python' and name 'fishbot_application'
[0.392s] Level 1:colcon.colcon_core.package_identification:_identify(src/fishbot_description) by extensions ['ignore', 'ignore_ament_install']
[0.392s] Level 1:colcon.colcon_core.package_identification:_identify(src/fishbot_description) by extension 'ignore'
[0.392s] Level 1:colcon.colcon_core.package_identification:_identify(src/fishbot_description) by extension 'ignore_ament_install'
[0.393s] Level 1:colcon.colcon_core.package_identification:_identify(src/fishbot_description) by extensions ['colcon_pkg']
[0.393s] Level 1:colcon.colcon_core.package_identification:_identify(src/fishbot_description) by extension 'colcon_pkg'
[0.393s] Level 1:colcon.colcon_core.package_identification:_identify(src/fishbot_description) by extensions ['colcon_meta']
[0.393s] Level 1:colcon.colcon_core.package_identification:_identify(src/fishbot_description) by extension 'colcon_meta'
[0.393s] Level 1:colcon.colcon_core.package_identification:_identify(src/fishbot_description) by extensions ['ros']
[0.393s] Level 1:colcon.colcon_core.package_identification:_identify(src/fishbot_description) by extension 'ros'
[0.394s] DEBUG:colcon.colcon_core.package_identification:Package 'src/fishbot_description' with type 'ros.ament_cmake' and name 'fishbot_description'
[0.394s] Level 1:colcon.colcon_core.package_identification:_identify(src/fishbot_navigation2) by extensions ['ignore', 'ignore_ament_install']
[0.394s] Level 1:colcon.colcon_core.package_identification:_identify(src/fishbot_navigation2) by extension 'ignore'
[0.394s] Level 1:colcon.colcon_core.package_identification:_identify(src/fishbot_navigation2) by extension 'ignore_ament_install'
[0.394s] Level 1:colcon.colcon_core.package_identification:_identify(src/fishbot_navigation2) by extensions ['colcon_pkg']
[0.394s] Level 1:colcon.colcon_core.package_identification:_identify(src/fishbot_navigation2) by extension 'colcon_pkg'
[0.394s] Level 1:colcon.colcon_core.package_identification:_identify(src/fishbot_navigation2) by extensions ['colcon_meta']
[0.394s] Level 1:colcon.colcon_core.package_identification:_identify(src/fishbot_navigation2) by extension 'colcon_meta'
[0.395s] Level 1:colcon.colcon_core.package_identification:_identify(src/fishbot_navigation2) by extensions ['ros']
[0.395s] Level 1:colcon.colcon_core.package_identification:_identify(src/fishbot_navigation2) by extension 'ros'
[0.395s] DEBUG:colcon.colcon_core.package_identification:Package 'src/fishbot_navigation2' with type 'ros.ament_cmake' and name 'fishbot_navigation2'
[0.396s] Level 1:colcon.colcon_core.package_identification:_identify(src/nav2_custom_planner) by extensions ['ignore', 'ignore_ament_install']
[0.396s] Level 1:colcon.colcon_core.package_identification:_identify(src/nav2_custom_planner) by extension 'ignore'
[0.396s] Level 1:colcon.colcon_core.package_identification:_identify(src/nav2_custom_planner) by extension 'ignore_ament_install'
[0.396s] Level 1:colcon.colcon_core.package_identification:_identify(src/nav2_custom_planner) by extensions ['colcon_pkg']
[0.396s] Level 1:colcon.colcon_core.package_identification:_identify(src/nav2_custom_planner) by extension 'colcon_pkg'
[0.396s] Level 1:colcon.colcon_core.package_identification:_identify(src/nav2_custom_planner) by extensions ['colcon_meta']
[0.396s] Level 1:colcon.colcon_core.package_identification:_identify(src/nav2_custom_planner) by extension 'colcon_meta'
[0.396s] Level 1:colcon.colcon_core.package_identification:_identify(src/nav2_custom_planner) by extensions ['ros']
[0.396s] Level 1:colcon.colcon_core.package_identification:_identify(src/nav2_custom_planner) by extension 'ros'
[0.397s] DEBUG:colcon.colcon_core.package_identification:Package 'src/nav2_custom_planner' with type 'ros.ament_cmake' and name 'nav2_custom_planner'
[0.398s] Level 1:colcon.colcon_core.package_discovery:discover_packages(recursive) using defaults
[0.398s] Level 1:colcon.colcon_core.package_discovery:discover_packages(ignore) discover
[0.398s] Level 1:colcon.colcon_core.package_discovery:discover_packages(ignore) using defaults
[0.398s] Level 1:colcon.colcon_core.package_discovery:discover_packages(path) discover
[0.398s] Level 1:colcon.colcon_core.package_discovery:discover_packages(path) using defaults
[0.427s] Level 1:colcon.colcon_core.package_discovery:discover_packages(prefix_path) check parameters
[0.427s] Level 1:colcon.colcon_core.package_discovery:discover_packages(prefix_path) discover
[0.450s] DEBUG:colcon.colcon_installed_package_information.package_discovery:Found 372 installed packages in /opt/ros/humble
[0.452s] Level 1:colcon.colcon_core.package_discovery:discover_packages(prefix_path) using defaults
[0.509s] Level 5:colcon.colcon_core.verb:set package 'autopartol_interfaces' build argument 'cmake_args' from command line to 'None'
[0.509s] Level 5:colcon.colcon_core.verb:set package 'autopartol_interfaces' build argument 'cmake_target' from command line to 'None'
[0.509s] Level 5:colcon.colcon_core.verb:set package 'autopartol_interfaces' build argument 'cmake_target_skip_unavailable' from command line to 'False'
[0.509s] Level 5:colcon.colcon_core.verb:set package 'autopartol_interfaces' build argument 'cmake_clean_cache' from command line to 'False'
[0.509s] Level 5:colcon.colcon_core.verb:set package 'autopartol_interfaces' build argument 'cmake_clean_first' from command line to 'False'
[0.509s] Level 5:colcon.colcon_core.verb:set package 'autopartol_interfaces' build argument 'cmake_force_configure' from command line to 'False'
[0.509s] Level 5:colcon.colcon_core.verb:set package 'autopartol_interfaces' build argument 'ament_cmake_args' from command line to 'None'
[0.509s] Level 5:colcon.colcon_core.verb:set package 'autopartol_interfaces' build argument 'catkin_cmake_args' from command line to 'None'
[0.509s] Level 5:colcon.colcon_core.verb:set package 'autopartol_interfaces' build argument 'catkin_skip_building_tests' from command line to 'False'
[0.509s] DEBUG:colcon.colcon_core.verb:Building package 'autopartol_interfaces' with the following arguments: {'ament_cmake_args': None, 'build_base': '/home/hzh/ros2_learn/chapt8/chapt8_ws/build/autopartol_interfaces', 'catkin_cmake_args': None, 'catkin_skip_building_tests': False, 'cmake_args': None, 'cmake_clean_cache': False, 'cmake_clean_first': False, 'cmake_force_configure': False, 'cmake_target': None, 'cmake_target_skip_unavailable': False, 'install_base': '/home/hzh/ros2_learn/chapt8/chapt8_ws/install/autopartol_interfaces', 'merge_install': False, 'path': '/home/hzh/ros2_learn/chapt8/chapt8_ws/src/autopartol_interfaces', 'symlink_install': False, 'test_result_base': None}
[0.509s] Level 5:colcon.colcon_core.verb:set package 'autopartol_robot' build argument 'cmake_args' from command line to 'None'
[0.510s] Level 5:colcon.colcon_core.verb:set package 'autopartol_robot' build argument 'cmake_target' from command line to 'None'
[0.510s] Level 5:colcon.colcon_core.verb:set package 'autopartol_robot' build argument 'cmake_target_skip_unavailable' from command line to 'False'
[0.510s] Level 5:colcon.colcon_core.verb:set package 'autopartol_robot' build argument 'cmake_clean_cache' from command line to 'False'
[0.510s] Level 5:colcon.colcon_core.verb:set package 'autopartol_robot' build argument 'cmake_clean_first' from command line to 'False'
[0.510s] Level 5:colcon.colcon_core.verb:set package 'autopartol_robot' build argument 'cmake_force_configure' from command line to 'False'
[0.510s] Level 5:colcon.colcon_core.verb:set package 'autopartol_robot' build argument 'ament_cmake_args' from command line to 'None'
[0.510s] Level 5:colcon.colcon_core.verb:set package 'autopartol_robot' build argument 'catkin_cmake_args' from command line to 'None'
[0.510s] Level 5:colcon.colcon_core.verb:set package 'autopartol_robot' build argument 'catkin_skip_building_tests' from command line to 'False'
[0.510s] DEBUG:colcon.colcon_core.verb:Building package 'autopartol_robot' with the following arguments: {'ament_cmake_args': None, 'build_base': '/home/hzh/ros2_learn/chapt8/chapt8_ws/build/autopartol_robot', 'catkin_cmake_args': None, 'catkin_skip_building_tests': False, 'cmake_args': None, 'cmake_clean_cache': False, 'cmake_clean_first': False, 'cmake_force_configure': False, 'cmake_target': None, 'cmake_target_skip_unavailable': False, 'install_base': '/home/hzh/ros2_learn/chapt8/chapt8_ws/install/autopartol_robot', 'merge_install': False, 'path': '/home/hzh/ros2_learn/chapt8/chapt8_ws/src/autopartol_robot', 'symlink_install': False, 'test_result_base': None}
[0.510s] Level 5:colcon.colcon_core.verb:set package 'fishbot_application' build argument 'cmake_args' from command line to 'None'
[0.510s] Level 5:colcon.colcon_core.verb:set package 'fishbot_application' build argument 'cmake_target' from command line to 'None'
[0.510s] Level 5:colcon.colcon_core.verb:set package 'fishbot_application' build argument 'cmake_target_skip_unavailable' from command line to 'False'
[0.510s] Level 5:colcon.colcon_core.verb:set package 'fishbot_application' build argument 'cmake_clean_cache' from command line to 'False'
[0.510s] Level 5:colcon.colcon_core.verb:set package 'fishbot_application' build argument 'cmake_clean_first' from command line to 'False'
[0.510s] Level 5:colcon.colcon_core.verb:set package 'fishbot_application' build argument 'cmake_force_configure' from command line to 'False'
[0.510s] Level 5:colcon.colcon_core.verb:set package 'fishbot_application' build argument 'ament_cmake_args' from command line to 'None'
[0.510s] Level 5:colcon.colcon_core.verb:set package 'fishbot_application' build argument 'catkin_cmake_args' from command line to 'None'
[0.510s] Level 5:colcon.colcon_core.verb:set package 'fishbot_application' build argument 'catkin_skip_building_tests' from command line to 'False'
[0.511s] DEBUG:colcon.colcon_core.verb:Building package 'fishbot_application' with the following arguments: {'ament_cmake_args': None, 'build_base': '/home/hzh/ros2_learn/chapt8/chapt8_ws/build/fishbot_application', 'catkin_cmake_args': None, 'catkin_skip_building_tests': False, 'cmake_args': None, 'cmake_clean_cache': False, 'cmake_clean_first': False, 'cmake_force_configure': False, 'cmake_target': None, 'cmake_target_skip_unavailable': False, 'install_base': '/home/hzh/ros2_learn/chapt8/chapt8_ws/install/fishbot_application', 'merge_install': False, 'path': '/home/hzh/ros2_learn/chapt8/chapt8_ws/src/fishbot_application', 'symlink_install': False, 'test_result_base': None}
[0.511s] Level 5:colcon.colcon_core.verb:set package 'fishbot_description' build argument 'cmake_args' from command line to 'None'
[0.511s] Level 5:colcon.colcon_core.verb:set package 'fishbot_description' build argument 'cmake_target' from command line to 'None'
[0.511s] Level 5:colcon.colcon_core.verb:set package 'fishbot_description' build argument 'cmake_target_skip_unavailable' from command line to 'False'
[0.511s] Level 5:colcon.colcon_core.verb:set package 'fishbot_description' build argument 'cmake_clean_cache' from command line to 'False'
[0.511s] Level 5:colcon.colcon_core.verb:set package 'fishbot_description' build argument 'cmake_clean_first' from command line to 'False'
[0.511s] Level 5:colcon.colcon_core.verb:set package 'fishbot_description' build argument 'cmake_force_configure' from command line to 'False'
[0.511s] Level 5:colcon.colcon_core.verb:set package 'fishbot_description' build argument 'ament_cmake_args' from command line to 'None'
[0.511s] Level 5:colcon.colcon_core.verb:set package 'fishbot_description' build argument 'catkin_cmake_args' from command line to 'None'
[0.511s] Level 5:colcon.colcon_core.verb:set package 'fishbot_description' build argument 'catkin_skip_building_tests' from command line to 'False'
[0.511s] DEBUG:colcon.colcon_core.verb:Building package 'fishbot_description' with the following arguments: {'ament_cmake_args': None, 'build_base': '/home/hzh/ros2_learn/chapt8/chapt8_ws/build/fishbot_description', 'catkin_cmake_args': None, 'catkin_skip_building_tests': False, 'cmake_args': None, 'cmake_clean_cache': False, 'cmake_clean_first': False, 'cmake_force_configure': False, 'cmake_target': None, 'cmake_target_skip_unavailable': False, 'install_base': '/home/hzh/ros2_learn/chapt8/chapt8_ws/install/fishbot_description', 'merge_install': False, 'path': '/home/hzh/ros2_learn/chapt8/chapt8_ws/src/fishbot_description', 'symlink_install': False, 'test_result_base': None}
[0.512s] Level 5:colcon.colcon_core.verb:set package 'fishbot_navigation2' build argument 'cmake_args' from command line to 'None'
[0.512s] Level 5:colcon.colcon_core.verb:set package 'fishbot_navigation2' build argument 'cmake_target' from command line to 'None'
[0.512s] Level 5:colcon.colcon_core.verb:set package 'fishbot_navigation2' build argument 'cmake_target_skip_unavailable' from command line to 'False'
[0.512s] Level 5:colcon.colcon_core.verb:set package 'fishbot_navigation2' build argument 'cmake_clean_cache' from command line to 'False'
[0.512s] Level 5:colcon.colcon_core.verb:set package 'fishbot_navigation2' build argument 'cmake_clean_first' from command line to 'False'
[0.512s] Level 5:colcon.colcon_core.verb:set package 'fishbot_navigation2' build argument 'cmake_force_configure' from command line to 'False'
[0.512s] Level 5:colcon.colcon_core.verb:set package 'fishbot_navigation2' build argument 'ament_cmake_args' from command line to 'None'
[0.512s] Level 5:colcon.colcon_core.verb:set package 'fishbot_navigation2' build argument 'catkin_cmake_args' from command line to 'None'
[0.512s] Level 5:colcon.colcon_core.verb:set package 'fishbot_navigation2' build argument 'catkin_skip_building_tests' from command line to 'False'
[0.512s] DEBUG:colcon.colcon_core.verb:Building package 'fishbot_navigation2' with the following arguments: {'ament_cmake_args': None, 'build_base': '/home/hzh/ros2_learn/chapt8/chapt8_ws/build/fishbot_navigation2', 'catkin_cmake_args': None, 'catkin_skip_building_tests': False, 'cmake_args': None, 'cmake_clean_cache': False, 'cmake_clean_first': False, 'cmake_force_configure': False, 'cmake_target': None, 'cmake_target_skip_unavailable': False, 'install_base': '/home/hzh/ros2_learn/chapt8/chapt8_ws/install/fishbot_navigation2', 'merge_install': False, 'path': '/home/hzh/ros2_learn/chapt8/chapt8_ws/src/fishbot_navigation2', 'symlink_install': False, 'test_result_base': None}
[0.512s] Level 5:colcon.colcon_core.verb:set package 'nav2_custom_planner' build argument 'cmake_args' from command line to 'None'
[0.513s] Level 5:colcon.colcon_core.verb:set package 'nav2_custom_planner' build argument 'cmake_target' from command line to 'None'
[0.513s] Level 5:colcon.colcon_core.verb:set package 'nav2_custom_planner' build argument 'cmake_target_skip_unavailable' from command line to 'False'
[0.513s] Level 5:colcon.colcon_core.verb:set package 'nav2_custom_planner' build argument 'cmake_clean_cache' from command line to 'False'
[0.513s] Level 5:colcon.colcon_core.verb:set package 'nav2_custom_planner' build argument 'cmake_clean_first' from command line to 'False'
[0.513s] Level 5:colcon.colcon_core.verb:set package 'nav2_custom_planner' build argument 'cmake_force_configure' from command line to 'False'
[0.513s] Level 5:colcon.colcon_core.verb:set package 'nav2_custom_planner' build argument 'ament_cmake_args' from command line to 'None'
[0.513s] Level 5:colcon.colcon_core.verb:set package 'nav2_custom_planner' build argument 'catkin_cmake_args' from command line to 'None'
[0.513s] Level 5:colcon.colcon_core.verb:set package 'nav2_custom_planner' build argument 'catkin_skip_building_tests' from command line to 'False'
[0.513s] DEBUG:colcon.colcon_core.verb:Building package 'nav2_custom_planner' with the following arguments: {'ament_cmake_args': None, 'build_base': '/home/hzh/ros2_learn/chapt8/chapt8_ws/build/nav2_custom_planner', 'catkin_cmake_args': None, 'catkin_skip_building_tests': False, 'cmake_args': None, 'cmake_clean_cache': False, 'cmake_clean_first': False, 'cmake_force_configure': False, 'cmake_target': None, 'cmake_target_skip_unavailable': False, 'install_base': '/home/hzh/ros2_learn/chapt8/chapt8_ws/install/nav2_custom_planner', 'merge_install': False, 'path': '/home/hzh/ros2_learn/chapt8/chapt8_ws/src/nav2_custom_planner', 'symlink_install': False, 'test_result_base': None}
[0.513s] INFO:colcon.colcon_core.executor:Executing jobs using 'parallel' executor
[0.516s] DEBUG:colcon.colcon_parallel_executor.executor.parallel:run_until_complete
[0.516s] INFO:colcon.colcon_ros.task.ament_cmake.build:Building ROS package in '/home/hzh/ros2_learn/chapt8/chapt8_ws/src/autopartol_interfaces' with build type 'ament_cmake'
[0.516s] INFO:colcon.colcon_cmake.task.cmake.build:Building CMake package in '/home/hzh/ros2_learn/chapt8/chapt8_ws/src/autopartol_interfaces'
[0.521s] INFO:colcon.colcon_core.plugin_system:Skipping extension 'colcon_core.shell.bat': Not used on non-Windows systems
[0.521s] INFO:colcon.colcon_core.shell:Skip shell extension 'powershell' for command environment: Not usable outside of PowerShell
[0.521s] DEBUG:colcon.colcon_core.shell:Skip shell extension 'dsv' for command environment
[0.526s] INFO:colcon.colcon_ros.task.ament_python.build:Building ROS package in '/home/hzh/ros2_learn/chapt8/chapt8_ws/src/autopartol_robot' with build type 'ament_python'
[0.526s] Level 1:colcon.colcon_core.shell:create_environment_hook('autopartol_robot', 'ament_prefix_path')
[0.527s] INFO:colcon.colcon_core.shell:Creating environment hook '/home/hzh/ros2_learn/chapt8/chapt8_ws/install/autopartol_robot/share/autopartol_robot/hook/ament_prefix_path.ps1'
[0.528s] INFO:colcon.colcon_core.shell:Creating environment descriptor '/home/hzh/ros2_learn/chapt8/chapt8_ws/install/autopartol_robot/share/autopartol_robot/hook/ament_prefix_path.dsv'
[0.529s] INFO:colcon.colcon_core.shell:Creating environment hook '/home/hzh/ros2_learn/chapt8/chapt8_ws/install/autopartol_robot/share/autopartol_robot/hook/ament_prefix_path.sh'
[0.532s] INFO:colcon.colcon_core.shell:Skip shell extension 'powershell' for command environment: Not usable outside of PowerShell
[0.532s] DEBUG:colcon.colcon_core.shell:Skip shell extension 'dsv' for command environment
[0.539s] INFO:colcon.colcon_ros.task.ament_python.build:Building ROS package in '/home/hzh/ros2_learn/chapt8/chapt8_ws/src/fishbot_application' with build type 'ament_python'
[0.540s] Level 1:colcon.colcon_core.shell:create_environment_hook('fishbot_application', 'ament_prefix_path')
[0.540s] INFO:colcon.colcon_core.shell:Creating environment hook '/home/hzh/ros2_learn/chapt8/chapt8_ws/install/fishbot_application/share/fishbot_application/hook/ament_prefix_path.ps1'
[0.541s] INFO:colcon.colcon_core.shell:Creating environment descriptor '/home/hzh/ros2_learn/chapt8/chapt8_ws/install/fishbot_application/share/fishbot_application/hook/ament_prefix_path.dsv'
[0.543s] INFO:colcon.colcon_core.shell:Creating environment hook '/home/hzh/ros2_learn/chapt8/chapt8_ws/install/fishbot_application/share/fishbot_application/hook/ament_prefix_path.sh'
[0.544s] INFO:colcon.colcon_core.shell:Skip shell extension 'powershell' for command environment: Not usable outside of PowerShell
[0.544s] DEBUG:colcon.colcon_core.shell:Skip shell extension 'dsv' for command environment
[0.551s] INFO:colcon.colcon_ros.task.ament_cmake.build:Building ROS package in '/home/hzh/ros2_learn/chapt8/chapt8_ws/src/fishbot_description' with build type 'ament_cmake'
[0.552s] INFO:colcon.colcon_cmake.task.cmake.build:Building CMake package in '/home/hzh/ros2_learn/chapt8/chapt8_ws/src/fishbot_description'
[0.552s] INFO:colcon.colcon_core.shell:Skip shell extension 'powershell' for command environment: Not usable outside of PowerShell
[0.552s] DEBUG:colcon.colcon_core.shell:Skip shell extension 'dsv' for command environment
[0.567s] DEBUG:colcon.colcon_core.event_handler.log_command:Invoking command in '/home/hzh/ros2_learn/chapt8/chapt8_ws/build/autopartol_interfaces': CMAKE_PREFIX_PATH=/opt/ros/humble /usr/bin/cmake --build /home/hzh/ros2_learn/chapt8/chapt8_ws/build/autopartol_interfaces -- -j4 -l4
[1.341s] INFO:colcon.colcon_core.task.python.build:Building Python package in '/home/hzh/ros2_learn/chapt8/chapt8_ws/src/autopartol_robot'
[1.341s] INFO:colcon.colcon_core.shell:Skip shell extension 'powershell' for command environment: Not usable outside of PowerShell
[1.341s] DEBUG:colcon.colcon_core.shell:Skip shell extension 'dsv' for command environment
[1.729s] INFO:colcon.colcon_core.task.python.build:Building Python package in '/home/hzh/ros2_learn/chapt8/chapt8_ws/src/fishbot_application'
[1.730s] INFO:colcon.colcon_core.shell:Skip shell extension 'powershell' for command environment: Not usable outside of PowerShell
[1.730s] DEBUG:colcon.colcon_core.shell:Skip shell extension 'dsv' for command environment
[1.764s] DEBUG:colcon.colcon_core.event_handler.log_command:Invoking command in '/home/hzh/ros2_learn/chapt8/chapt8_ws/build/fishbot_description': CMAKE_PREFIX_PATH=/opt/ros/humble /usr/bin/cmake --build /home/hzh/ros2_learn/chapt8/chapt8_ws/build/fishbot_description -- -j4 -l4
[1.770s] DEBUG:colcon.colcon_core.event_handler.log_command:Invoked command in '/home/hzh/ros2_learn/chapt8/chapt8_ws/build/autopartol_interfaces' returned '0': CMAKE_PREFIX_PATH=/opt/ros/humble /usr/bin/cmake --build /home/hzh/ros2_learn/chapt8/chapt8_ws/build/autopartol_interfaces -- -j4 -l4
[1.784s] DEBUG:colcon.colcon_core.event_handler.log_command:Invoking command in '/home/hzh/ros2_learn/chapt8/chapt8_ws/build/autopartol_interfaces': CMAKE_PREFIX_PATH=/opt/ros/humble /usr/bin/cmake --install /home/hzh/ros2_learn/chapt8/chapt8_ws/build/autopartol_interfaces
[1.837s] DEBUG:colcon.colcon_core.event_handler.log_command:Invoked command in '/home/hzh/ros2_learn/chapt8/chapt8_ws/build/fishbot_description' returned '0': CMAKE_PREFIX_PATH=/opt/ros/humble /usr/bin/cmake --build /home/hzh/ros2_learn/chapt8/chapt8_ws/build/fishbot_description -- -j4 -l4
[1.841s] DEBUG:colcon.colcon_core.event_handler.log_command:Invoking command in '/home/hzh/ros2_learn/chapt8/chapt8_ws/build/fishbot_description': CMAKE_PREFIX_PATH=/opt/ros/humble /usr/bin/cmake --install /home/hzh/ros2_learn/chapt8/chapt8_ws/build/fishbot_description
[1.873s] Level 1:colcon.colcon_core.environment:create_environment_scripts_only(fishbot_description)
[1.878s] Level 1:colcon.colcon_core.environment:checking '/home/hzh/ros2_learn/chapt8/chapt8_ws/install/fishbot_description' for CMake module files
[1.879s] Level 1:colcon.colcon_core.environment:checking '/home/hzh/ros2_learn/chapt8/chapt8_ws/install/fishbot_description' for CMake config files
[1.881s] DEBUG:colcon.colcon_core.event_handler.log_command:Invoked command in '/home/hzh/ros2_learn/chapt8/chapt8_ws/build/fishbot_description' returned '0': CMAKE_PREFIX_PATH=/opt/ros/humble /usr/bin/cmake --install /home/hzh/ros2_learn/chapt8/chapt8_ws/build/fishbot_description
[1.884s] Level 1:colcon.colcon_core.shell:create_environment_hook('fishbot_description', 'cmake_prefix_path')
[1.886s] INFO:colcon.colcon_core.shell:Creating environment hook '/home/hzh/ros2_learn/chapt8/chapt8_ws/install/fishbot_description/share/fishbot_description/hook/cmake_prefix_path.ps1'
[1.893s] INFO:colcon.colcon_core.shell:Creating environment descriptor '/home/hzh/ros2_learn/chapt8/chapt8_ws/install/fishbot_description/share/fishbot_description/hook/cmake_prefix_path.dsv'
[1.894s] INFO:colcon.colcon_core.shell:Creating environment hook '/home/hzh/ros2_learn/chapt8/chapt8_ws/install/fishbot_description/share/fishbot_description/hook/cmake_prefix_path.sh'
[1.899s] Level 1:colcon.colcon_core.environment:checking '/home/hzh/ros2_learn/chapt8/chapt8_ws/install/fishbot_description/bin'
[1.900s] Level 1:colcon.colcon_core.environment:checking '/home/hzh/ros2_learn/chapt8/chapt8_ws/install/fishbot_description/lib/pkgconfig/fishbot_description.pc'
[1.900s] Level 1:colcon.colcon_core.environment:checking '/home/hzh/ros2_learn/chapt8/chapt8_ws/install/fishbot_description/lib/python3.10/site-packages'
[1.902s] Level 1:colcon.colcon_core.environment:checking '/home/hzh/ros2_learn/chapt8/chapt8_ws/install/fishbot_description/bin'
[1.902s] INFO:colcon.colcon_core.shell:Creating package script '/home/hzh/ros2_learn/chapt8/chapt8_ws/install/fishbot_description/share/fishbot_description/package.ps1'
[1.905s] INFO:colcon.colcon_core.shell:Creating package descriptor '/home/hzh/ros2_learn/chapt8/chapt8_ws/install/fishbot_description/share/fishbot_description/package.dsv'
[1.907s] INFO:colcon.colcon_core.shell:Creating package script '/home/hzh/ros2_learn/chapt8/chapt8_ws/install/fishbot_description/share/fishbot_description/package.sh'
[1.908s] INFO:colcon.colcon_core.shell:Creating package script '/home/hzh/ros2_learn/chapt8/chapt8_ws/install/fishbot_description/share/fishbot_description/package.bash'
[1.910s] INFO:colcon.colcon_core.shell:Creating package script '/home/hzh/ros2_learn/chapt8/chapt8_ws/install/fishbot_description/share/fishbot_description/package.zsh'
[1.912s] Level 1:colcon.colcon_core.environment:create_file_with_runtime_dependencies(/home/hzh/ros2_learn/chapt8/chapt8_ws/install/fishbot_description/share/colcon-core/packages/fishbot_description)
[1.914s] Level 1:colcon.colcon_core.environment:create_environment_scripts_only(fishbot_description)
[1.914s] Level 1:colcon.colcon_core.environment:checking '/home/hzh/ros2_learn/chapt8/chapt8_ws/install/fishbot_description' for CMake module files
[1.916s] Level 1:colcon.colcon_core.environment:checking '/home/hzh/ros2_learn/chapt8/chapt8_ws/install/fishbot_description' for CMake config files
[1.916s] Level 1:colcon.colcon_core.shell:create_environment_hook('fishbot_description', 'cmake_prefix_path')
[1.917s] INFO:colcon.colcon_core.shell:Creating environment hook '/home/hzh/ros2_learn/chapt8/chapt8_ws/install/fishbot_description/share/fishbot_description/hook/cmake_prefix_path.ps1'
[1.918s] INFO:colcon.colcon_core.shell:Creating environment descriptor '/home/hzh/ros2_learn/chapt8/chapt8_ws/install/fishbot_description/share/fishbot_description/hook/cmake_prefix_path.dsv'
[1.919s] INFO:colcon.colcon_core.shell:Creating environment hook '/home/hzh/ros2_learn/chapt8/chapt8_ws/install/fishbot_description/share/fishbot_description/hook/cmake_prefix_path.sh'
[1.921s] Level 1:colcon.colcon_core.environment:checking '/home/hzh/ros2_learn/chapt8/chapt8_ws/install/fishbot_description/bin'
[1.922s] Level 1:colcon.colcon_core.environment:checking '/home/hzh/ros2_learn/chapt8/chapt8_ws/install/fishbot_description/lib/pkgconfig/fishbot_description.pc'
[1.922s] Level 1:colcon.colcon_core.environment:checking '/home/hzh/ros2_learn/chapt8/chapt8_ws/install/fishbot_description/lib/python3.10/site-packages'
[1.923s] Level 1:colcon.colcon_core.environment:checking '/home/hzh/ros2_learn/chapt8/chapt8_ws/install/fishbot_description/bin'
[1.924s] INFO:colcon.colcon_core.shell:Creating package script '/home/hzh/ros2_learn/chapt8/chapt8_ws/install/fishbot_description/share/fishbot_description/package.ps1'
[1.925s] INFO:colcon.colcon_core.shell:Creating package descriptor '/home/hzh/ros2_learn/chapt8/chapt8_ws/install/fishbot_description/share/fishbot_description/package.dsv'
[1.926s] INFO:colcon.colcon_core.shell:Creating package script '/home/hzh/ros2_learn/chapt8/chapt8_ws/install/fishbot_description/share/fishbot_description/package.sh'
[1.928s] INFO:colcon.colcon_core.shell:Creating package script '/home/hzh/ros2_learn/chapt8/chapt8_ws/install/fishbot_description/share/fishbot_description/package.bash'
[1.931s] INFO:colcon.colcon_core.shell:Creating package script '/home/hzh/ros2_learn/chapt8/chapt8_ws/install/fishbot_description/share/fishbot_description/package.zsh'
[1.933s] Level 1:colcon.colcon_core.environment:create_file_with_runtime_dependencies(/home/hzh/ros2_learn/chapt8/chapt8_ws/install/fishbot_description/share/colcon-core/packages/fishbot_description)
[1.935s] INFO:colcon.colcon_ros.task.ament_cmake.build:Building ROS package in '/home/hzh/ros2_learn/chapt8/chapt8_ws/src/fishbot_navigation2' with build type 'ament_cmake'
[1.935s] INFO:colcon.colcon_cmake.task.cmake.build:Building CMake package in '/home/hzh/ros2_learn/chapt8/chapt8_ws/src/fishbot_navigation2'
[1.936s] INFO:colcon.colcon_core.shell:Skip shell extension 'powershell' for command environment: Not usable outside of PowerShell
[1.937s] DEBUG:colcon.colcon_core.shell:Skip shell extension 'dsv' for command environment
[1.973s] DEBUG:colcon.colcon_core.event_handler.log_command:Invoking command in '/home/hzh/ros2_learn/chapt8/chapt8_ws/build/fishbot_navigation2': CMAKE_PREFIX_PATH=/opt/ros/humble /usr/bin/cmake --build /home/hzh/ros2_learn/chapt8/chapt8_ws/build/fishbot_navigation2 -- -j4 -l4
[1.976s] Level 1:colcon.colcon_core.environment:create_environment_scripts_only(autopartol_interfaces)
[1.976s] Level 1:colcon.colcon_core.environment:checking '/home/hzh/ros2_learn/chapt8/chapt8_ws/install/autopartol_interfaces' for CMake module files
[1.980s] DEBUG:colcon.colcon_core.event_handler.log_command:Invoked command in '/home/hzh/ros2_learn/chapt8/chapt8_ws/build/autopartol_interfaces' returned '0': CMAKE_PREFIX_PATH=/opt/ros/humble /usr/bin/cmake --install /home/hzh/ros2_learn/chapt8/chapt8_ws/build/autopartol_interfaces
[1.983s] Level 1:colcon.colcon_core.environment:checking '/home/hzh/ros2_learn/chapt8/chapt8_ws/install/autopartol_interfaces' for CMake config files
[1.984s] Level 1:colcon.colcon_core.shell:create_environment_hook('autopartol_interfaces', 'cmake_prefix_path')
[1.986s] INFO:colcon.colcon_core.shell:Creating environment hook '/home/hzh/ros2_learn/chapt8/chapt8_ws/install/autopartol_interfaces/share/autopartol_interfaces/hook/cmake_prefix_path.ps1'
[1.989s] INFO:colcon.colcon_core.shell:Creating environment descriptor '/home/hzh/ros2_learn/chapt8/chapt8_ws/install/autopartol_interfaces/share/autopartol_interfaces/hook/cmake_prefix_path.dsv'
[1.992s] INFO:colcon.colcon_core.shell:Creating environment hook '/home/hzh/ros2_learn/chapt8/chapt8_ws/install/autopartol_interfaces/share/autopartol_interfaces/hook/cmake_prefix_path.sh'
[1.996s] Level 1:colcon.colcon_core.environment:checking '/home/hzh/ros2_learn/chapt8/chapt8_ws/install/autopartol_interfaces/lib'
[1.996s] Level 1:colcon.colcon_core.shell:create_environment_hook('autopartol_interfaces', 'ld_library_path_lib')
[1.996s] INFO:colcon.colcon_core.shell:Creating environment hook '/home/hzh/ros2_learn/chapt8/chapt8_ws/install/autopartol_interfaces/share/autopartol_interfaces/hook/ld_library_path_lib.ps1'
[1.998s] INFO:colcon.colcon_core.shell:Creating environment descriptor '/home/hzh/ros2_learn/chapt8/chapt8_ws/install/autopartol_interfaces/share/autopartol_interfaces/hook/ld_library_path_lib.dsv'
[2.000s] INFO:colcon.colcon_core.shell:Creating environment hook '/home/hzh/ros2_learn/chapt8/chapt8_ws/install/autopartol_interfaces/share/autopartol_interfaces/hook/ld_library_path_lib.sh'
[2.003s] Level 1:colcon.colcon_core.environment:checking '/home/hzh/ros2_learn/chapt8/chapt8_ws/install/autopartol_interfaces/bin'
[2.003s] Level 1:colcon.colcon_core.environment:checking '/home/hzh/ros2_learn/chapt8/chapt8_ws/install/autopartol_interfaces/lib/pkgconfig/autopartol_interfaces.pc'
[2.003s] Level 1:colcon.colcon_core.environment:checking '/home/hzh/ros2_learn/chapt8/chapt8_ws/install/autopartol_interfaces/lib/python3.10/site-packages'
[2.004s] Level 1:colcon.colcon_core.environment:checking '/home/hzh/ros2_learn/chapt8/chapt8_ws/install/autopartol_interfaces/bin'
[2.005s] INFO:colcon.colcon_core.shell:Creating package script '/home/hzh/ros2_learn/chapt8/chapt8_ws/install/autopartol_interfaces/share/autopartol_interfaces/package.ps1'
[2.010s] INFO:colcon.colcon_core.shell:Creating package descriptor '/home/hzh/ros2_learn/chapt8/chapt8_ws/install/autopartol_interfaces/share/autopartol_interfaces/package.dsv'
[2.012s] INFO:colcon.colcon_core.shell:Creating package script '/home/hzh/ros2_learn/chapt8/chapt8_ws/install/autopartol_interfaces/share/autopartol_interfaces/package.sh'
[2.016s] INFO:colcon.colcon_core.shell:Creating package script '/home/hzh/ros2_learn/chapt8/chapt8_ws/install/autopartol_interfaces/share/autopartol_interfaces/package.bash'
[2.021s] INFO:colcon.colcon_core.shell:Creating package script '/home/hzh/ros2_learn/chapt8/chapt8_ws/install/autopartol_interfaces/share/autopartol_interfaces/package.zsh'
[2.023s] Level 1:colcon.colcon_core.environment:create_file_with_runtime_dependencies(/home/hzh/ros2_learn/chapt8/chapt8_ws/install/autopartol_interfaces/share/colcon-core/packages/autopartol_interfaces)
[2.026s] Level 1:colcon.colcon_core.environment:create_environment_scripts_only(autopartol_interfaces)
[2.026s] Level 1:colcon.colcon_core.environment:checking '/home/hzh/ros2_learn/chapt8/chapt8_ws/install/autopartol_interfaces' for CMake module files
[2.028s] Level 1:colcon.colcon_core.environment:checking '/home/hzh/ros2_learn/chapt8/chapt8_ws/install/autopartol_interfaces' for CMake config files
[2.028s] Level 1:colcon.colcon_core.shell:create_environment_hook('autopartol_interfaces', 'cmake_prefix_path')
[2.029s] INFO:colcon.colcon_core.shell:Creating environment hook '/home/hzh/ros2_learn/chapt8/chapt8_ws/install/autopartol_interfaces/share/autopartol_interfaces/hook/cmake_prefix_path.ps1'
[2.030s] INFO:colcon.colcon_core.shell:Creating environment descriptor '/home/hzh/ros2_learn/chapt8/chapt8_ws/install/autopartol_interfaces/share/autopartol_interfaces/hook/cmake_prefix_path.dsv'
[2.033s] INFO:colcon.colcon_core.shell:Creating environment hook '/home/hzh/ros2_learn/chapt8/chapt8_ws/install/autopartol_interfaces/share/autopartol_interfaces/hook/cmake_prefix_path.sh'
[2.036s] Level 1:colcon.colcon_core.environment:checking '/home/hzh/ros2_learn/chapt8/chapt8_ws/install/autopartol_interfaces/lib'
[2.037s] Level 1:colcon.colcon_core.shell:create_environment_hook('autopartol_interfaces', 'ld_library_path_lib')
[2.037s] INFO:colcon.colcon_core.shell:Creating environment hook '/home/hzh/ros2_learn/chapt8/chapt8_ws/install/autopartol_interfaces/share/autopartol_interfaces/hook/ld_library_path_lib.ps1'
[2.039s] INFO:colcon.colcon_core.shell:Creating environment descriptor '/home/hzh/ros2_learn/chapt8/chapt8_ws/install/autopartol_interfaces/share/autopartol_interfaces/hook/ld_library_path_lib.dsv'
[2.041s] INFO:colcon.colcon_core.shell:Creating environment hook '/home/hzh/ros2_learn/chapt8/chapt8_ws/install/autopartol_interfaces/share/autopartol_interfaces/hook/ld_library_path_lib.sh'
[2.043s] Level 1:colcon.colcon_core.environment:checking '/home/hzh/ros2_learn/chapt8/chapt8_ws/install/autopartol_interfaces/bin'
[2.043s] Level 1:colcon.colcon_core.environment:checking '/home/hzh/ros2_learn/chapt8/chapt8_ws/install/autopartol_interfaces/lib/pkgconfig/autopartol_interfaces.pc'
[2.043s] Level 1:colcon.colcon_core.environment:checking '/home/hzh/ros2_learn/chapt8/chapt8_ws/install/autopartol_interfaces/lib/python3.10/site-packages'
[2.044s] Level 1:colcon.colcon_core.environment:checking '/home/hzh/ros2_learn/chapt8/chapt8_ws/install/autopartol_interfaces/bin'
[2.045s] INFO:colcon.colcon_core.shell:Creating package script '/home/hzh/ros2_learn/chapt8/chapt8_ws/install/autopartol_interfaces/share/autopartol_interfaces/package.ps1'
[2.046s] INFO:colcon.colcon_core.shell:Creating package descriptor '/home/hzh/ros2_learn/chapt8/chapt8_ws/install/autopartol_interfaces/share/autopartol_interfaces/package.dsv'
[2.048s] INFO:colcon.colcon_core.shell:Creating package script '/home/hzh/ros2_learn/chapt8/chapt8_ws/install/autopartol_interfaces/share/autopartol_interfaces/package.sh'
[2.050s] INFO:colcon.colcon_core.shell:Creating package script '/home/hzh/ros2_learn/chapt8/chapt8_ws/install/autopartol_interfaces/share/autopartol_interfaces/package.bash'
[2.051s] INFO:colcon.colcon_core.shell:Creating package script '/home/hzh/ros2_learn/chapt8/chapt8_ws/install/autopartol_interfaces/share/autopartol_interfaces/package.zsh'
[2.052s] Level 1:colcon.colcon_core.environment:create_file_with_runtime_dependencies(/home/hzh/ros2_learn/chapt8/chapt8_ws/install/autopartol_interfaces/share/colcon-core/packages/autopartol_interfaces)
[2.054s] INFO:colcon.colcon_ros.task.ament_cmake.build:Building ROS package in '/home/hzh/ros2_learn/chapt8/chapt8_ws/src/nav2_custom_planner' with build type 'ament_cmake'
[2.055s] INFO:colcon.colcon_cmake.task.cmake.build:Building CMake package in '/home/hzh/ros2_learn/chapt8/chapt8_ws/src/nav2_custom_planner'
[2.056s] INFO:colcon.colcon_core.shell:Skip shell extension 'powershell' for command environment: Not usable outside of PowerShell
[2.056s] DEBUG:colcon.colcon_core.shell:Skip shell extension 'dsv' for command environment
[2.083s] DEBUG:colcon.colcon_core.event_handler.log_command:Invoking command in '/home/hzh/ros2_learn/chapt8/chapt8_ws/build/nav2_custom_planner': CMAKE_PREFIX_PATH=/opt/ros/humble /usr/bin/cmake --build /home/hzh/ros2_learn/chapt8/chapt8_ws/build/nav2_custom_planner -- -j4 -l4
[2.149s] DEBUG:colcon.colcon_core.event_handler.log_command:Invoked command in '/home/hzh/ros2_learn/chapt8/chapt8_ws/build/fishbot_navigation2' returned '0': CMAKE_PREFIX_PATH=/opt/ros/humble /usr/bin/cmake --build /home/hzh/ros2_learn/chapt8/chapt8_ws/build/fishbot_navigation2 -- -j4 -l4
[2.156s] DEBUG:colcon.colcon_core.event_handler.log_command:Invoking command in '/home/hzh/ros2_learn/chapt8/chapt8_ws/build/fishbot_navigation2': CMAKE_PREFIX_PATH=/opt/ros/humble /usr/bin/cmake --install /home/hzh/ros2_learn/chapt8/chapt8_ws/build/fishbot_navigation2
[2.214s] Level 1:colcon.colcon_core.environment:create_environment_scripts_only(fishbot_navigation2)
[2.215s] Level 1:colcon.colcon_core.environment:checking '/home/hzh/ros2_learn/chapt8/chapt8_ws/install/fishbot_navigation2' for CMake module files
[2.216s] DEBUG:colcon.colcon_core.event_handler.log_command:Invoked command in '/home/hzh/ros2_learn/chapt8/chapt8_ws/build/fishbot_navigation2' returned '0': CMAKE_PREFIX_PATH=/opt/ros/humble /usr/bin/cmake --install /home/hzh/ros2_learn/chapt8/chapt8_ws/build/fishbot_navigation2
[2.221s] Level 1:colcon.colcon_core.environment:checking '/home/hzh/ros2_learn/chapt8/chapt8_ws/install/fishbot_navigation2' for CMake config files
[2.230s] Level 1:colcon.colcon_core.shell:create_environment_hook('fishbot_navigation2', 'cmake_prefix_path')
[2.230s] INFO:colcon.colcon_core.shell:Creating environment hook '/home/hzh/ros2_learn/chapt8/chapt8_ws/install/fishbot_navigation2/share/fishbot_navigation2/hook/cmake_prefix_path.ps1'
[2.236s] INFO:colcon.colcon_core.shell:Creating environment descriptor '/home/hzh/ros2_learn/chapt8/chapt8_ws/install/fishbot_navigation2/share/fishbot_navigation2/hook/cmake_prefix_path.dsv'
[2.240s] INFO:colcon.colcon_core.shell:Creating environment hook '/home/hzh/ros2_learn/chapt8/chapt8_ws/install/fishbot_navigation2/share/fishbot_navigation2/hook/cmake_prefix_path.sh'
[2.242s] Level 1:colcon.colcon_core.environment:checking '/home/hzh/ros2_learn/chapt8/chapt8_ws/install/fishbot_navigation2/bin'
[2.242s] Level 1:colcon.colcon_core.environment:checking '/home/hzh/ros2_learn/chapt8/chapt8_ws/install/fishbot_navigation2/lib/pkgconfig/fishbot_navigation2.pc'
[2.242s] Level 1:colcon.colcon_core.environment:checking '/home/hzh/ros2_learn/chapt8/chapt8_ws/install/fishbot_navigation2/lib/python3.10/site-packages'
[2.243s] Level 1:colcon.colcon_core.environment:checking '/home/hzh/ros2_learn/chapt8/chapt8_ws/install/fishbot_navigation2/bin'
[2.243s] INFO:colcon.colcon_core.shell:Creating package script '/home/hzh/ros2_learn/chapt8/chapt8_ws/install/fishbot_navigation2/share/fishbot_navigation2/package.ps1'
[2.247s] INFO:colcon.colcon_core.shell:Creating package descriptor '/home/hzh/ros2_learn/chapt8/chapt8_ws/install/fishbot_navigation2/share/fishbot_navigation2/package.dsv'
[2.249s] INFO:colcon.colcon_core.shell:Creating package script '/home/hzh/ros2_learn/chapt8/chapt8_ws/install/fishbot_navigation2/share/fishbot_navigation2/package.sh'
[2.250s] INFO:colcon.colcon_core.shell:Creating package script '/home/hzh/ros2_learn/chapt8/chapt8_ws/install/fishbot_navigation2/share/fishbot_navigation2/package.bash'
[2.252s] INFO:colcon.colcon_core.shell:Creating package script '/home/hzh/ros2_learn/chapt8/chapt8_ws/install/fishbot_navigation2/share/fishbot_navigation2/package.zsh'
[2.253s] Level 1:colcon.colcon_core.environment:create_file_with_runtime_dependencies(/home/hzh/ros2_learn/chapt8/chapt8_ws/install/fishbot_navigation2/share/colcon-core/packages/fishbot_navigation2)
[2.254s] Level 1:colcon.colcon_core.environment:create_environment_scripts_only(fishbot_navigation2)
[2.255s] Level 1:colcon.colcon_core.environment:checking '/home/hzh/ros2_learn/chapt8/chapt8_ws/install/fishbot_navigation2' for CMake module files
[2.256s] Level 1:colcon.colcon_core.environment:checking '/home/hzh/ros2_learn/chapt8/chapt8_ws/install/fishbot_navigation2' for CMake config files
[2.256s] Level 1:colcon.colcon_core.shell:create_environment_hook('fishbot_navigation2', 'cmake_prefix_path')
[2.257s] INFO:colcon.colcon_core.shell:Creating environment hook '/home/hzh/ros2_learn/chapt8/chapt8_ws/install/fishbot_navigation2/share/fishbot_navigation2/hook/cmake_prefix_path.ps1'
[2.258s] INFO:colcon.colcon_core.shell:Creating environment descriptor '/home/hzh/ros2_learn/chapt8/chapt8_ws/install/fishbot_navigation2/share/fishbot_navigation2/hook/cmake_prefix_path.dsv'
[2.259s] INFO:colcon.colcon_core.shell:Creating environment hook '/home/hzh/ros2_learn/chapt8/chapt8_ws/install/fishbot_navigation2/share/fishbot_navigation2/hook/cmake_prefix_path.sh'
[2.260s] Level 1:colcon.colcon_core.environment:checking '/home/hzh/ros2_learn/chapt8/chapt8_ws/install/fishbot_navigation2/bin'
[2.260s] Level 1:colcon.colcon_core.environment:checking '/home/hzh/ros2_learn/chapt8/chapt8_ws/install/fishbot_navigation2/lib/pkgconfig/fishbot_navigation2.pc'
[2.260s] Level 1:colcon.colcon_core.environment:checking '/home/hzh/ros2_learn/chapt8/chapt8_ws/install/fishbot_navigation2/lib/python3.10/site-packages'
[2.261s] Level 1:colcon.colcon_core.environment:checking '/home/hzh/ros2_learn/chapt8/chapt8_ws/install/fishbot_navigation2/bin'
[2.261s] INFO:colcon.colcon_core.shell:Creating package script '/home/hzh/ros2_learn/chapt8/chapt8_ws/install/fishbot_navigation2/share/fishbot_navigation2/package.ps1'
[2.263s] INFO:colcon.colcon_core.shell:Creating package descriptor '/home/hzh/ros2_learn/chapt8/chapt8_ws/install/fishbot_navigation2/share/fishbot_navigation2/package.dsv'
[2.264s] INFO:colcon.colcon_core.shell:Creating package script '/home/hzh/ros2_learn/chapt8/chapt8_ws/install/fishbot_navigation2/share/fishbot_navigation2/package.sh'
[2.265s] INFO:colcon.colcon_core.shell:Creating package script '/home/hzh/ros2_learn/chapt8/chapt8_ws/install/fishbot_navigation2/share/fishbot_navigation2/package.bash'
[2.267s] INFO:colcon.colcon_core.shell:Creating package script '/home/hzh/ros2_learn/chapt8/chapt8_ws/install/fishbot_navigation2/share/fishbot_navigation2/package.zsh'
[2.271s] Level 1:colcon.colcon_core.environment:create_file_with_runtime_dependencies(/home/hzh/ros2_learn/chapt8/chapt8_ws/install/fishbot_navigation2/share/colcon-core/packages/fishbot_navigation2)
[2.293s] DEBUG:colcon.colcon_core.event_handler.log_command:Invoked command in '/home/hzh/ros2_learn/chapt8/chapt8_ws/build/nav2_custom_planner' returned '0': CMAKE_PREFIX_PATH=/opt/ros/humble /usr/bin/cmake --build /home/hzh/ros2_learn/chapt8/chapt8_ws/build/nav2_custom_planner -- -j4 -l4
[2.301s] DEBUG:colcon.colcon_core.event_handler.log_command:Invoking command in '/home/hzh/ros2_learn/chapt8/chapt8_ws/build/nav2_custom_planner': CMAKE_PREFIX_PATH=/opt/ros/humble /usr/bin/cmake --install /home/hzh/ros2_learn/chapt8/chapt8_ws/build/nav2_custom_planner
[2.327s] Level 1:colcon.colcon_core.environment:create_environment_scripts_only(nav2_custom_planner)
[2.327s] Level 1:colcon.colcon_core.environment:checking '/home/hzh/ros2_learn/chapt8/chapt8_ws/install/nav2_custom_planner' for CMake module files
[2.328s] Level 1:colcon.colcon_core.environment:checking '/home/hzh/ros2_learn/chapt8/chapt8_ws/install/nav2_custom_planner' for CMake config files
[2.331s] Level 1:colcon.colcon_core.shell:create_environment_hook('nav2_custom_planner', 'cmake_prefix_path')
[2.331s] INFO:colcon.colcon_core.shell:Creating environment hook '/home/hzh/ros2_learn/chapt8/chapt8_ws/install/nav2_custom_planner/share/nav2_custom_planner/hook/cmake_prefix_path.ps1'
[2.333s] DEBUG:colcon.colcon_core.event_handler.log_command:Invoked command in '/home/hzh/ros2_learn/chapt8/chapt8_ws/build/nav2_custom_planner' returned '0': CMAKE_PREFIX_PATH=/opt/ros/humble /usr/bin/cmake --install /home/hzh/ros2_learn/chapt8/chapt8_ws/build/nav2_custom_planner
[2.335s] INFO:colcon.colcon_core.shell:Creating environment descriptor '/home/hzh/ros2_learn/chapt8/chapt8_ws/install/nav2_custom_planner/share/nav2_custom_planner/hook/cmake_prefix_path.dsv'
[2.336s] INFO:colcon.colcon_core.shell:Creating environment hook '/home/hzh/ros2_learn/chapt8/chapt8_ws/install/nav2_custom_planner/share/nav2_custom_planner/hook/cmake_prefix_path.sh'
[2.338s] Level 1:colcon.colcon_core.environment:checking '/home/hzh/ros2_learn/chapt8/chapt8_ws/install/nav2_custom_planner/lib'
[2.338s] Level 1:colcon.colcon_core.shell:create_environment_hook('nav2_custom_planner', 'ld_library_path_lib')
[2.338s] INFO:colcon.colcon_core.shell:Creating environment hook '/home/hzh/ros2_learn/chapt8/chapt8_ws/install/nav2_custom_planner/share/nav2_custom_planner/hook/ld_library_path_lib.ps1'
[2.340s] INFO:colcon.colcon_core.shell:Creating environment descriptor '/home/hzh/ros2_learn/chapt8/chapt8_ws/install/nav2_custom_planner/share/nav2_custom_planner/hook/ld_library_path_lib.dsv'
[2.341s] INFO:colcon.colcon_core.shell:Creating environment hook '/home/hzh/ros2_learn/chapt8/chapt8_ws/install/nav2_custom_planner/share/nav2_custom_planner/hook/ld_library_path_lib.sh'
[2.342s] Level 1:colcon.colcon_core.environment:checking '/home/hzh/ros2_learn/chapt8/chapt8_ws/install/nav2_custom_planner/bin'
[2.342s] Level 1:colcon.colcon_core.environment:checking '/home/hzh/ros2_learn/chapt8/chapt8_ws/install/nav2_custom_planner/lib/pkgconfig/nav2_custom_planner.pc'
[2.343s] Level 1:colcon.colcon_core.environment:checking '/home/hzh/ros2_learn/chapt8/chapt8_ws/install/nav2_custom_planner/lib/python3.10/site-packages'
[2.343s] Level 1:colcon.colcon_core.environment:checking '/home/hzh/ros2_learn/chapt8/chapt8_ws/install/nav2_custom_planner/bin'
[2.344s] INFO:colcon.colcon_core.shell:Creating package script '/home/hzh/ros2_learn/chapt8/chapt8_ws/install/nav2_custom_planner/share/nav2_custom_planner/package.ps1'
[2.345s] INFO:colcon.colcon_core.shell:Creating package descriptor '/home/hzh/ros2_learn/chapt8/chapt8_ws/install/nav2_custom_planner/share/nav2_custom_planner/package.dsv'
[2.347s] INFO:colcon.colcon_core.shell:Creating package script '/home/hzh/ros2_learn/chapt8/chapt8_ws/install/nav2_custom_planner/share/nav2_custom_planner/package.sh'
[2.349s] INFO:colcon.colcon_core.shell:Creating package script '/home/hzh/ros2_learn/chapt8/chapt8_ws/install/nav2_custom_planner/share/nav2_custom_planner/package.bash'
[2.350s] INFO:colcon.colcon_core.shell:Creating package script '/home/hzh/ros2_learn/chapt8/chapt8_ws/install/nav2_custom_planner/share/nav2_custom_planner/package.zsh'
[2.352s] Level 1:colcon.colcon_core.environment:create_file_with_runtime_dependencies(/home/hzh/ros2_learn/chapt8/chapt8_ws/install/nav2_custom_planner/share/colcon-core/packages/nav2_custom_planner)
[2.354s] Level 1:colcon.colcon_core.environment:create_environment_scripts_only(nav2_custom_planner)
[2.355s] Level 1:colcon.colcon_core.environment:checking '/home/hzh/ros2_learn/chapt8/chapt8_ws/install/nav2_custom_planner' for CMake module files
[2.355s] Level 1:colcon.colcon_core.environment:checking '/home/hzh/ros2_learn/chapt8/chapt8_ws/install/nav2_custom_planner' for CMake config files
[2.356s] Level 1:colcon.colcon_core.shell:create_environment_hook('nav2_custom_planner', 'cmake_prefix_path')
[2.356s] INFO:colcon.colcon_core.shell:Creating environment hook '/home/hzh/ros2_learn/chapt8/chapt8_ws/install/nav2_custom_planner/share/nav2_custom_planner/hook/cmake_prefix_path.ps1'
[2.357s] INFO:colcon.colcon_core.shell:Creating environment descriptor '/home/hzh/ros2_learn/chapt8/chapt8_ws/install/nav2_custom_planner/share/nav2_custom_planner/hook/cmake_prefix_path.dsv'
[2.358s] INFO:colcon.colcon_core.shell:Creating environment hook '/home/hzh/ros2_learn/chapt8/chapt8_ws/install/nav2_custom_planner/share/nav2_custom_planner/hook/cmake_prefix_path.sh'
[2.360s] Level 1:colcon.colcon_core.environment:checking '/home/hzh/ros2_learn/chapt8/chapt8_ws/install/nav2_custom_planner/lib'
[2.361s] Level 1:colcon.colcon_core.shell:create_environment_hook('nav2_custom_planner', 'ld_library_path_lib')
[2.361s] INFO:colcon.colcon_core.shell:Creating environment hook '/home/hzh/ros2_learn/chapt8/chapt8_ws/install/nav2_custom_planner/share/nav2_custom_planner/hook/ld_library_path_lib.ps1'
[2.362s] INFO:colcon.colcon_core.shell:Creating environment descriptor '/home/hzh/ros2_learn/chapt8/chapt8_ws/install/nav2_custom_planner/share/nav2_custom_planner/hook/ld_library_path_lib.dsv'
[2.364s] INFO:colcon.colcon_core.shell:Creating environment hook '/home/hzh/ros2_learn/chapt8/chapt8_ws/install/nav2_custom_planner/share/nav2_custom_planner/hook/ld_library_path_lib.sh'
[2.366s] Level 1:colcon.colcon_core.environment:checking '/home/hzh/ros2_learn/chapt8/chapt8_ws/install/nav2_custom_planner/bin'
[2.367s] Level 1:colcon.colcon_core.environment:checking '/home/hzh/ros2_learn/chapt8/chapt8_ws/install/nav2_custom_planner/lib/pkgconfig/nav2_custom_planner.pc'
[2.367s] Level 1:colcon.colcon_core.environment:checking '/home/hzh/ros2_learn/chapt8/chapt8_ws/install/nav2_custom_planner/lib/python3.10/site-packages'
[2.368s] Level 1:colcon.colcon_core.environment:checking '/home/hzh/ros2_learn/chapt8/chapt8_ws/install/nav2_custom_planner/bin'
[2.368s] INFO:colcon.colcon_core.shell:Creating package script '/home/hzh/ros2_learn/chapt8/chapt8_ws/install/nav2_custom_planner/share/nav2_custom_planner/package.ps1'
[2.371s] INFO:colcon.colcon_core.shell:Creating package descriptor '/home/hzh/ros2_learn/chapt8/chapt8_ws/install/nav2_custom_planner/share/nav2_custom_planner/package.dsv'
[2.373s] INFO:colcon.colcon_core.shell:Creating package script '/home/hzh/ros2_learn/chapt8/chapt8_ws/install/nav2_custom_planner/share/nav2_custom_planner/package.sh'
[2.375s] INFO:colcon.colcon_core.shell:Creating package script '/home/hzh/ros2_learn/chapt8/chapt8_ws/install/nav2_custom_planner/share/nav2_custom_planner/package.bash'
[2.377s] INFO:colcon.colcon_core.shell:Creating package script '/home/hzh/ros2_learn/chapt8/chapt8_ws/install/nav2_custom_planner/share/nav2_custom_planner/package.zsh'
[2.378s] Level 1:colcon.colcon_core.environment:create_file_with_runtime_dependencies(/home/hzh/ros2_learn/chapt8/chapt8_ws/install/nav2_custom_planner/share/colcon-core/packages/nav2_custom_planner)
[2.559s] DEBUG:colcon.colcon_core.event_handler.log_command:Invoking command in '/home/hzh/ros2_learn/chapt8/chapt8_ws/src/fishbot_application': PYTHONPATH=/home/hzh/ros2_learn/chapt8/chapt8_ws/build/fishbot_application/prefix_override:/usr/lib/python3/dist-packages/colcon_core/task/python/colcon_distutils_commands:/home/hzh/ros2_learn/chapt8/chapt8_ws/install/fishbot_application/lib/python3.10/site-packages:${PYTHONPATH} /usr/bin/python3 -W ignore:setup.py install is deprecated -W ignore:easy_install command is deprecated setup.py egg_info --egg-base ../../build/fishbot_application build --build-base /home/hzh/ros2_learn/chapt8/chapt8_ws/build/fishbot_application/build install --record /home/hzh/ros2_learn/chapt8/chapt8_ws/build/fishbot_application/install.log --single-version-externally-managed install_data
[2.658s] DEBUG:colcon.colcon_core.event_handler.log_command:Invoking command in '/home/hzh/ros2_learn/chapt8/chapt8_ws/src/autopartol_robot': PYTHONPATH=/home/hzh/ros2_learn/chapt8/chapt8_ws/build/autopartol_robot/prefix_override:/usr/lib/python3/dist-packages/colcon_core/task/python/colcon_distutils_commands:/home/hzh/ros2_learn/chapt8/chapt8_ws/install/autopartol_robot/lib/python3.10/site-packages:${PYTHONPATH} /usr/bin/python3 -W ignore:setup.py install is deprecated -W ignore:easy_install command is deprecated setup.py egg_info --egg-base ../../build/autopartol_robot build --build-base /home/hzh/ros2_learn/chapt8/chapt8_ws/build/autopartol_robot/build install --record /home/hzh/ros2_learn/chapt8/chapt8_ws/build/autopartol_robot/install.log --single-version-externally-managed install_data
[2.997s] Level 1:colcon.colcon_core.environment:checking '/home/hzh/ros2_learn/chapt8/chapt8_ws/install/fishbot_application' for CMake module files
[2.998s] Level 1:colcon.colcon_core.environment:checking '/home/hzh/ros2_learn/chapt8/chapt8_ws/install/fishbot_application' for CMake config files
[3.000s] DEBUG:colcon.colcon_core.event_handler.log_command:Invoked command in '/home/hzh/ros2_learn/chapt8/chapt8_ws/src/fishbot_application' returned '0': PYTHONPATH=/home/hzh/ros2_learn/chapt8/chapt8_ws/build/fishbot_application/prefix_override:/usr/lib/python3/dist-packages/colcon_core/task/python/colcon_distutils_commands:/home/hzh/ros2_learn/chapt8/chapt8_ws/install/fishbot_application/lib/python3.10/site-packages:${PYTHONPATH} /usr/bin/python3 -W ignore:setup.py install is deprecated -W ignore:easy_install command is deprecated setup.py egg_info --egg-base ../../build/fishbot_application build --build-base /home/hzh/ros2_learn/chapt8/chapt8_ws/build/fishbot_application/build install --record /home/hzh/ros2_learn/chapt8/chapt8_ws/build/fishbot_application/install.log --single-version-externally-managed install_data
[3.001s] Level 1:colcon.colcon_core.environment:checking '/home/hzh/ros2_learn/chapt8/chapt8_ws/install/fishbot_application/lib'
[3.001s] Level 1:colcon.colcon_core.environment:checking '/home/hzh/ros2_learn/chapt8/chapt8_ws/install/fishbot_application/bin'
[3.001s] Level 1:colcon.colcon_core.environment:checking '/home/hzh/ros2_learn/chapt8/chapt8_ws/install/fishbot_application/lib/pkgconfig/fishbot_application.pc'
[3.001s] Level 1:colcon.colcon_core.environment:checking '/home/hzh/ros2_learn/chapt8/chapt8_ws/install/fishbot_application/lib/python3.10/site-packages'
[3.002s] Level 1:colcon.colcon_core.shell:create_environment_hook('fishbot_application', 'pythonpath')
[3.002s] INFO:colcon.colcon_core.shell:Creating environment hook '/home/hzh/ros2_learn/chapt8/chapt8_ws/install/fishbot_application/share/fishbot_application/hook/pythonpath.ps1'
[3.003s] INFO:colcon.colcon_core.shell:Creating environment descriptor '/home/hzh/ros2_learn/chapt8/chapt8_ws/install/fishbot_application/share/fishbot_application/hook/pythonpath.dsv'
[3.004s] INFO:colcon.colcon_core.shell:Creating environment hook '/home/hzh/ros2_learn/chapt8/chapt8_ws/install/fishbot_application/share/fishbot_application/hook/pythonpath.sh'
[3.006s] Level 1:colcon.colcon_core.environment:checking '/home/hzh/ros2_learn/chapt8/chapt8_ws/install/fishbot_application/bin'
[3.007s] Level 1:colcon.colcon_core.environment:create_environment_scripts_only(fishbot_application)
[3.008s] INFO:colcon.colcon_core.shell:Creating package script '/home/hzh/ros2_learn/chapt8/chapt8_ws/install/fishbot_application/share/fishbot_application/package.ps1'
[3.010s] INFO:colcon.colcon_core.shell:Creating package descriptor '/home/hzh/ros2_learn/chapt8/chapt8_ws/install/fishbot_application/share/fishbot_application/package.dsv'
[3.012s] INFO:colcon.colcon_core.shell:Creating package script '/home/hzh/ros2_learn/chapt8/chapt8_ws/install/fishbot_application/share/fishbot_application/package.sh'
[3.013s] INFO:colcon.colcon_core.shell:Creating package script '/home/hzh/ros2_learn/chapt8/chapt8_ws/install/fishbot_application/share/fishbot_application/package.bash'
[3.014s] INFO:colcon.colcon_core.shell:Creating package script '/home/hzh/ros2_learn/chapt8/chapt8_ws/install/fishbot_application/share/fishbot_application/package.zsh'
[3.016s] Level 1:colcon.colcon_core.environment:create_file_with_runtime_dependencies(/home/hzh/ros2_learn/chapt8/chapt8_ws/install/fishbot_application/share/colcon-core/packages/fishbot_application)
[3.121s] Level 1:colcon.colcon_core.environment:checking '/home/hzh/ros2_learn/chapt8/chapt8_ws/install/autopartol_robot' for CMake module files
[3.122s] DEBUG:colcon.colcon_core.event_handler.log_command:Invoked command in '/home/hzh/ros2_learn/chapt8/chapt8_ws/src/autopartol_robot' returned '0': PYTHONPATH=/home/hzh/ros2_learn/chapt8/chapt8_ws/build/autopartol_robot/prefix_override:/usr/lib/python3/dist-packages/colcon_core/task/python/colcon_distutils_commands:/home/hzh/ros2_learn/chapt8/chapt8_ws/install/autopartol_robot/lib/python3.10/site-packages:${PYTHONPATH} /usr/bin/python3 -W ignore:setup.py install is deprecated -W ignore:easy_install command is deprecated setup.py egg_info --egg-base ../../build/autopartol_robot build --build-base /home/hzh/ros2_learn/chapt8/chapt8_ws/build/autopartol_robot/build install --record /home/hzh/ros2_learn/chapt8/chapt8_ws/build/autopartol_robot/install.log --single-version-externally-managed install_data
[3.122s] Level 1:colcon.colcon_core.environment:checking '/home/hzh/ros2_learn/chapt8/chapt8_ws/install/autopartol_robot' for CMake config files
[3.124s] Level 1:colcon.colcon_core.environment:checking '/home/hzh/ros2_learn/chapt8/chapt8_ws/install/autopartol_robot/lib'
[3.124s] Level 1:colcon.colcon_core.environment:checking '/home/hzh/ros2_learn/chapt8/chapt8_ws/install/autopartol_robot/bin'
[3.125s] Level 1:colcon.colcon_core.environment:checking '/home/hzh/ros2_learn/chapt8/chapt8_ws/install/autopartol_robot/lib/pkgconfig/autopartol_robot.pc'
[3.125s] Level 1:colcon.colcon_core.environment:checking '/home/hzh/ros2_learn/chapt8/chapt8_ws/install/autopartol_robot/lib/python3.10/site-packages'
[3.125s] Level 1:colcon.colcon_core.shell:create_environment_hook('autopartol_robot', 'pythonpath')
[3.126s] INFO:colcon.colcon_core.shell:Creating environment hook '/home/hzh/ros2_learn/chapt8/chapt8_ws/install/autopartol_robot/share/autopartol_robot/hook/pythonpath.ps1'
[3.127s] INFO:colcon.colcon_core.shell:Creating environment descriptor '/home/hzh/ros2_learn/chapt8/chapt8_ws/install/autopartol_robot/share/autopartol_robot/hook/pythonpath.dsv'
[3.128s] INFO:colcon.colcon_core.shell:Creating environment hook '/home/hzh/ros2_learn/chapt8/chapt8_ws/install/autopartol_robot/share/autopartol_robot/hook/pythonpath.sh'
[3.130s] Level 1:colcon.colcon_core.environment:checking '/home/hzh/ros2_learn/chapt8/chapt8_ws/install/autopartol_robot/bin'
[3.130s] Level 1:colcon.colcon_core.environment:create_environment_scripts_only(autopartol_robot)
[3.131s] INFO:colcon.colcon_core.shell:Creating package script '/home/hzh/ros2_learn/chapt8/chapt8_ws/install/autopartol_robot/share/autopartol_robot/package.ps1'
[3.132s] INFO:colcon.colcon_core.shell:Creating package descriptor '/home/hzh/ros2_learn/chapt8/chapt8_ws/install/autopartol_robot/share/autopartol_robot/package.dsv'
[3.134s] INFO:colcon.colcon_core.shell:Creating package script '/home/hzh/ros2_learn/chapt8/chapt8_ws/install/autopartol_robot/share/autopartol_robot/package.sh'
[3.136s] INFO:colcon.colcon_core.shell:Creating package script '/home/hzh/ros2_learn/chapt8/chapt8_ws/install/autopartol_robot/share/autopartol_robot/package.bash'
[3.137s] INFO:colcon.colcon_core.shell:Creating package script '/home/hzh/ros2_learn/chapt8/chapt8_ws/install/autopartol_robot/share/autopartol_robot/package.zsh'
[3.138s] Level 1:colcon.colcon_core.environment:create_file_with_runtime_dependencies(/home/hzh/ros2_learn/chapt8/chapt8_ws/install/autopartol_robot/share/colcon-core/packages/autopartol_robot)
[3.139s] DEBUG:colcon.colcon_parallel_executor.executor.parallel:closing loop
[3.140s] DEBUG:colcon.colcon_parallel_executor.executor.parallel:loop closed
[3.141s] DEBUG:colcon.colcon_parallel_executor.executor.parallel:run_until_complete finished with '0'
[3.141s] DEBUG:colcon.colcon_core.event_reactor:joining thread
[3.154s] INFO:colcon.colcon_core.plugin_system:Skipping extension 'colcon_notification.desktop_notification.terminal_notifier': Not used on non-Darwin systems
[3.154s] INFO:colcon.colcon_core.plugin_system:Skipping extension 'colcon_notification.desktop_notification.win32': Not used on non-Windows systems
[3.154s] INFO:colcon.colcon_notification.desktop_notification:Sending desktop notification using 'notify2'
[3.188s] DEBUG:colcon.colcon_core.event_reactor:joined thread
[3.188s] INFO:colcon.colcon_core.shell:Creating prefix script '/home/hzh/ros2_learn/chapt8/chapt8_ws/install/local_setup.ps1'
[3.191s] INFO:colcon.colcon_core.shell:Creating prefix util module '/home/hzh/ros2_learn/chapt8/chapt8_ws/install/_local_setup_util_ps1.py'
[3.194s] INFO:colcon.colcon_core.shell:Creating prefix chain script '/home/hzh/ros2_learn/chapt8/chapt8_ws/install/setup.ps1'
[3.198s] INFO:colcon.colcon_core.shell:Creating prefix script '/home/hzh/ros2_learn/chapt8/chapt8_ws/install/local_setup.sh'
[3.200s] INFO:colcon.colcon_core.shell:Creating prefix util module '/home/hzh/ros2_learn/chapt8/chapt8_ws/install/_local_setup_util_sh.py'
[3.202s] INFO:colcon.colcon_core.shell:Creating prefix chain script '/home/hzh/ros2_learn/chapt8/chapt8_ws/install/setup.sh'
[3.204s] INFO:colcon.colcon_core.shell:Creating prefix script '/home/hzh/ros2_learn/chapt8/chapt8_ws/install/local_setup.bash'
[3.205s] INFO:colcon.colcon_core.shell:Creating prefix chain script '/home/hzh/ros2_learn/chapt8/chapt8_ws/install/setup.bash'
[3.207s] INFO:colcon.colcon_core.shell:Creating prefix script '/home/hzh/ros2_learn/chapt8/chapt8_ws/install/local_setup.zsh'
[3.210s] INFO:colcon.colcon_core.shell:Creating prefix chain script '/home/hzh/ros2_learn/chapt8/chapt8_ws/install/setup.zsh'
