[0.051s] Invoking command in '/home/hzh/ros2_learn/chapt10/chapt10_ws/build/learn_qos_cpp': CMAKE_PREFIX_PATH=${CMAKE_PREFIX_PATH}:/home/hzh/ros2_learn/chapt10/chapt10_ws/install/learn_message_filter:/home/hzh/ros2_learn/chapt10/chapt10_ws/install/learn_lifecyclenode_py:/home/hzh/ros2_learn/chapt10/chapt10_ws/install/learn_executor_py:/home/hzh/ros2_learn/chapt10/chapt10_ws/install/learn_qos_py:/opt/ros/humble /usr/bin/cmake --build /home/hzh/ros2_learn/chapt10/chapt10_ws/build/learn_qos_cpp -- -j4 -l4
[0.236s] [100%] Built target reliability_test
[0.287s] Invoked command in '/home/hzh/ros2_learn/chapt10/chapt10_ws/build/learn_qos_cpp' returned '0': CMAKE_PREFIX_PATH=${CMAKE_PREFIX_PATH}:/home/hzh/ros2_learn/chapt10/chapt10_ws/install/learn_message_filter:/home/hzh/ros2_learn/chapt10/chapt10_ws/install/learn_lifecyclenode_py:/home/hzh/ros2_learn/chapt10/chapt10_ws/install/learn_executor_py:/home/hzh/ros2_learn/chapt10/chapt10_ws/install/learn_qos_py:/opt/ros/humble /usr/bin/cmake --build /home/hzh/ros2_learn/chapt10/chapt10_ws/build/learn_qos_cpp -- -j4 -l4
[0.288s] Invoking command in '/home/hzh/ros2_learn/chapt10/chapt10_ws/build/learn_qos_cpp': CMAKE_PREFIX_PATH=${CMAKE_PREFIX_PATH}:/home/hzh/ros2_learn/chapt10/chapt10_ws/install/learn_message_filter:/home/hzh/ros2_learn/chapt10/chapt10_ws/install/learn_lifecyclenode_py:/home/hzh/ros2_learn/chapt10/chapt10_ws/install/learn_executor_py:/home/hzh/ros2_learn/chapt10/chapt10_ws/install/learn_qos_py:/opt/ros/humble /usr/bin/cmake --install /home/hzh/ros2_learn/chapt10/chapt10_ws/build/learn_qos_cpp
[0.309s] -- Install configuration: ""
[0.310s] -- Up-to-date: /home/hzh/ros2_learn/chapt10/chapt10_ws/install/learn_qos_cpp/lib/learn_qos_cpp/reliability_test
[0.310s] -- Up-to-date: /home/hzh/ros2_learn/chapt10/chapt10_ws/install/learn_qos_cpp/share/ament_index/resource_index/package_run_dependencies/learn_qos_cpp
[0.314s] -- Up-to-date: /home/hzh/ros2_learn/chapt10/chapt10_ws/install/learn_qos_cpp/share/ament_index/resource_index/parent_prefix_path/learn_qos_cpp
[0.314s] -- Up-to-date: /home/hzh/ros2_learn/chapt10/chapt10_ws/install/learn_qos_cpp/share/learn_qos_cpp/environment/ament_prefix_path.sh
[0.314s] -- Up-to-date: /home/hzh/ros2_learn/chapt10/chapt10_ws/install/learn_qos_cpp/share/learn_qos_cpp/environment/ament_prefix_path.dsv
[0.316s] -- Up-to-date: /home/hzh/ros2_learn/chapt10/chapt10_ws/install/learn_qos_cpp/share/learn_qos_cpp/environment/path.sh
[0.318s] -- Up-to-date: /home/hzh/ros2_learn/chapt10/chapt10_ws/install/learn_qos_cpp/share/learn_qos_cpp/environment/path.dsv
[0.318s] -- Up-to-date: /home/hzh/ros2_learn/chapt10/chapt10_ws/install/learn_qos_cpp/share/learn_qos_cpp/local_setup.bash
[0.318s] -- Up-to-date: /home/hzh/ros2_learn/chapt10/chapt10_ws/install/learn_qos_cpp/share/learn_qos_cpp/local_setup.sh
[0.321s] -- Up-to-date: /home/hzh/ros2_learn/chapt10/chapt10_ws/install/learn_qos_cpp/share/learn_qos_cpp/local_setup.zsh
[0.323s] -- Up-to-date: /home/hzh/ros2_learn/chapt10/chapt10_ws/install/learn_qos_cpp/share/learn_qos_cpp/local_setup.dsv
[0.324s] -- Installing: /home/hzh/ros2_learn/chapt10/chapt10_ws/install/learn_qos_cpp/share/learn_qos_cpp/package.dsv
[0.325s] -- Up-to-date: /home/hzh/ros2_learn/chapt10/chapt10_ws/install/learn_qos_cpp/share/ament_index/resource_index/packages/learn_qos_cpp
[0.326s] -- Up-to-date: /home/hzh/ros2_learn/chapt10/chapt10_ws/install/learn_qos_cpp/share/learn_qos_cpp/cmake/learn_qos_cppConfig.cmake
[0.326s] -- Up-to-date: /home/hzh/ros2_learn/chapt10/chapt10_ws/install/learn_qos_cpp/share/learn_qos_cpp/cmake/learn_qos_cppConfig-version.cmake
[0.330s] -- Up-to-date: /home/hzh/ros2_learn/chapt10/chapt10_ws/install/learn_qos_cpp/share/learn_qos_cpp/package.xml
[0.342s] Invoked command in '/home/hzh/ros2_learn/chapt10/chapt10_ws/build/learn_qos_cpp' returned '0': CMAKE_PREFIX_PATH=${CMAKE_PREFIX_PATH}:/home/hzh/ros2_learn/chapt10/chapt10_ws/install/learn_message_filter:/home/hzh/ros2_learn/chapt10/chapt10_ws/install/learn_lifecyclenode_py:/home/hzh/ros2_learn/chapt10/chapt10_ws/install/learn_executor_py:/home/hzh/ros2_learn/chapt10/chapt10_ws/install/learn_qos_py:/opt/ros/humble /usr/bin/cmake --install /home/hzh/ros2_learn/chapt10/chapt10_ws/build/learn_qos_cpp
