[0.375s] DEBUG:colcon:Command line arguments: ['/usr/bin/colcon', 'build']
[0.376s] DEBUG:colcon:Parsed command line arguments: Namespace(log_base=None, log_level=None, verb_name='build', build_base='build', install_base='install', merge_install=False, symlink_install=False, test_result_base=None, continue_on_error=False, executor='parallel', parallel_workers=4, event_handlers=None, ignore_user_meta=False, metas=['./colcon.meta'], base_paths=['.'], packages_ignore=None, packages_ignore_regex=None, paths=None, packages_up_to=None, packages_up_to_regex=None, packages_above=None, packages_above_and_dependencies=None, packages_above_depth=None, packages_select_by_dep=None, packages_skip_by_dep=None, packages_skip_up_to=None, packages_select_build_failed=False, packages_skip_build_finished=False, packages_select_test_failures=False, packages_skip_test_passed=False, packages_select=None, packages_skip=None, packages_select_regex=None, packages_skip_regex=None, packages_start=None, packages_end=None, allow_overriding=[], cmake_args=None, cmake_target=None, cmake_target_skip_unavailable=False, cmake_clean_cache=False, cmake_clean_first=False, cmake_force_configure=False, ament_cmake_args=None, catkin_cmake_args=None, catkin_skip_building_tests=False, verb_parser=<colcon_defaults.argument_parser.defaults.DefaultArgumentsDecorator object at 0x7522c1435090>, verb_extension=<colcon_core.verb.build.BuildVerb object at 0x7522c1434a90>, main=<bound method BuildVerb.main of <colcon_core.verb.build.BuildVerb object at 0x7522c1434a90>>)
[1.227s] Level 1:colcon.colcon_core.package_discovery:discover_packages(colcon_meta) check parameters
[1.227s] Level 1:colcon.colcon_core.package_discovery:discover_packages(recursive) check parameters
[1.227s] Level 1:colcon.colcon_core.package_discovery:discover_packages(ignore) check parameters
[1.227s] Level 1:colcon.colcon_core.package_discovery:discover_packages(path) check parameters
[1.227s] Level 1:colcon.colcon_core.package_discovery:discover_packages(colcon_meta) discover
[1.227s] Level 1:colcon.colcon_core.package_discovery:discover_packages(recursive) discover
[1.227s] INFO:colcon.colcon_core.package_discovery:Crawling recursively for packages in '/home/hzh/ros2_learn/chapt8/chapt8_ws'
[1.228s] Level 1:colcon.colcon_core.package_identification:_identify(.) by extensions ['ignore', 'ignore_ament_install']
[1.228s] Level 1:colcon.colcon_core.package_identification:_identify(.) by extension 'ignore'
[1.228s] Level 1:colcon.colcon_core.package_identification:_identify(.) by extension 'ignore_ament_install'
[1.228s] Level 1:colcon.colcon_core.package_identification:_identify(.) by extensions ['colcon_pkg']
[1.228s] Level 1:colcon.colcon_core.package_identification:_identify(.) by extension 'colcon_pkg'
[1.228s] Level 1:colcon.colcon_core.package_identification:_identify(.) by extensions ['colcon_meta']
[1.228s] Level 1:colcon.colcon_core.package_identification:_identify(.) by extension 'colcon_meta'
[1.228s] Level 1:colcon.colcon_core.package_identification:_identify(.) by extensions ['ros']
[1.228s] Level 1:colcon.colcon_core.package_identification:_identify(.) by extension 'ros'
[1.263s] Level 1:colcon.colcon_core.package_identification:_identify(.) by extensions ['cmake', 'python']
[1.263s] Level 1:colcon.colcon_core.package_identification:_identify(.) by extension 'cmake'
[1.264s] Level 1:colcon.colcon_core.package_identification:_identify(.) by extension 'python'
[1.265s] Level 1:colcon.colcon_core.package_identification:_identify(.) by extensions ['python_setup_py']
[1.265s] Level 1:colcon.colcon_core.package_identification:_identify(.) by extension 'python_setup_py'
[1.267s] Level 1:colcon.colcon_core.package_identification:_identify(build) by extensions ['ignore', 'ignore_ament_install']
[1.268s] Level 1:colcon.colcon_core.package_identification:_identify(build) by extension 'ignore'
[1.268s] Level 1:colcon.colcon_core.package_identification:_identify(build) ignored
[1.269s] Level 1:colcon.colcon_core.package_identification:_identify(install) by extensions ['ignore', 'ignore_ament_install']
[1.269s] Level 1:colcon.colcon_core.package_identification:_identify(install) by extension 'ignore'
[1.269s] Level 1:colcon.colcon_core.package_identification:_identify(install) ignored
[1.270s] Level 1:colcon.colcon_core.package_identification:_identify(log) by extensions ['ignore', 'ignore_ament_install']
[1.270s] Level 1:colcon.colcon_core.package_identification:_identify(log) by extension 'ignore'
[1.270s] Level 1:colcon.colcon_core.package_identification:_identify(log) ignored
[1.270s] Level 1:colcon.colcon_core.package_identification:_identify(src) by extensions ['ignore', 'ignore_ament_install']
[1.270s] Level 1:colcon.colcon_core.package_identification:_identify(src) by extension 'ignore'
[1.270s] Level 1:colcon.colcon_core.package_identification:_identify(src) by extension 'ignore_ament_install'
[1.270s] Level 1:colcon.colcon_core.package_identification:_identify(src) by extensions ['colcon_pkg']
[1.270s] Level 1:colcon.colcon_core.package_identification:_identify(src) by extension 'colcon_pkg'
[1.271s] Level 1:colcon.colcon_core.package_identification:_identify(src) by extensions ['colcon_meta']
[1.271s] Level 1:colcon.colcon_core.package_identification:_identify(src) by extension 'colcon_meta'
[1.271s] Level 1:colcon.colcon_core.package_identification:_identify(src) by extensions ['ros']
[1.271s] Level 1:colcon.colcon_core.package_identification:_identify(src) by extension 'ros'
[1.271s] Level 1:colcon.colcon_core.package_identification:_identify(src) by extensions ['cmake', 'python']
[1.271s] Level 1:colcon.colcon_core.package_identification:_identify(src) by extension 'cmake'
[1.271s] Level 1:colcon.colcon_core.package_identification:_identify(src) by extension 'python'
[1.271s] Level 1:colcon.colcon_core.package_identification:_identify(src) by extensions ['python_setup_py']
[1.271s] Level 1:colcon.colcon_core.package_identification:_identify(src) by extension 'python_setup_py'
[1.272s] Level 1:colcon.colcon_core.package_identification:_identify(src/autopartol_interfaces) by extensions ['ignore', 'ignore_ament_install']
[1.275s] Level 1:colcon.colcon_core.package_identification:_identify(src/autopartol_interfaces) by extension 'ignore'
[1.276s] Level 1:colcon.colcon_core.package_identification:_identify(src/autopartol_interfaces) by extension 'ignore_ament_install'
[1.276s] Level 1:colcon.colcon_core.package_identification:_identify(src/autopartol_interfaces) by extensions ['colcon_pkg']
[1.276s] Level 1:colcon.colcon_core.package_identification:_identify(src/autopartol_interfaces) by extension 'colcon_pkg'
[1.276s] Level 1:colcon.colcon_core.package_identification:_identify(src/autopartol_interfaces) by extensions ['colcon_meta']
[1.276s] Level 1:colcon.colcon_core.package_identification:_identify(src/autopartol_interfaces) by extension 'colcon_meta'
[1.276s] Level 1:colcon.colcon_core.package_identification:_identify(src/autopartol_interfaces) by extensions ['ros']
[1.276s] Level 1:colcon.colcon_core.package_identification:_identify(src/autopartol_interfaces) by extension 'ros'
[1.284s] DEBUG:colcon.colcon_core.package_identification:Package 'src/autopartol_interfaces' with type 'ros.ament_cmake' and name 'autopartol_interfaces'
[1.285s] Level 1:colcon.colcon_core.package_identification:_identify(src/autopartol_robot) by extensions ['ignore', 'ignore_ament_install']
[1.285s] Level 1:colcon.colcon_core.package_identification:_identify(src/autopartol_robot) by extension 'ignore'
[1.286s] Level 1:colcon.colcon_core.package_identification:_identify(src/autopartol_robot) by extension 'ignore_ament_install'
[1.287s] Level 1:colcon.colcon_core.package_identification:_identify(src/autopartol_robot) by extensions ['colcon_pkg']
[1.287s] Level 1:colcon.colcon_core.package_identification:_identify(src/autopartol_robot) by extension 'colcon_pkg'
[1.287s] Level 1:colcon.colcon_core.package_identification:_identify(src/autopartol_robot) by extensions ['colcon_meta']
[1.287s] Level 1:colcon.colcon_core.package_identification:_identify(src/autopartol_robot) by extension 'colcon_meta'
[1.287s] Level 1:colcon.colcon_core.package_identification:_identify(src/autopartol_robot) by extensions ['ros']
[1.287s] Level 1:colcon.colcon_core.package_identification:_identify(src/autopartol_robot) by extension 'ros'
[1.296s] DEBUG:colcon.colcon_core.package_identification:Package 'src/autopartol_robot' with type 'ros.ament_python' and name 'autopartol_robot'
[1.296s] Level 1:colcon.colcon_core.package_identification:_identify(src/fishbot_application) by extensions ['ignore', 'ignore_ament_install']
[1.297s] Level 1:colcon.colcon_core.package_identification:_identify(src/fishbot_application) by extension 'ignore'
[1.297s] Level 1:colcon.colcon_core.package_identification:_identify(src/fishbot_application) by extension 'ignore_ament_install'
[1.297s] Level 1:colcon.colcon_core.package_identification:_identify(src/fishbot_application) by extensions ['colcon_pkg']
[1.297s] Level 1:colcon.colcon_core.package_identification:_identify(src/fishbot_application) by extension 'colcon_pkg'
[1.297s] Level 1:colcon.colcon_core.package_identification:_identify(src/fishbot_application) by extensions ['colcon_meta']
[1.297s] Level 1:colcon.colcon_core.package_identification:_identify(src/fishbot_application) by extension 'colcon_meta'
[1.298s] Level 1:colcon.colcon_core.package_identification:_identify(src/fishbot_application) by extensions ['ros']
[1.298s] Level 1:colcon.colcon_core.package_identification:_identify(src/fishbot_application) by extension 'ros'
[1.299s] DEBUG:colcon.colcon_core.package_identification:Package 'src/fishbot_application' with type 'ros.ament_python' and name 'fishbot_application'
[1.299s] Level 1:colcon.colcon_core.package_identification:_identify(src/fishbot_description) by extensions ['ignore', 'ignore_ament_install']
[1.300s] Level 1:colcon.colcon_core.package_identification:_identify(src/fishbot_description) by extension 'ignore'
[1.300s] Level 1:colcon.colcon_core.package_identification:_identify(src/fishbot_description) by extension 'ignore_ament_install'
[1.300s] Level 1:colcon.colcon_core.package_identification:_identify(src/fishbot_description) by extensions ['colcon_pkg']
[1.300s] Level 1:colcon.colcon_core.package_identification:_identify(src/fishbot_description) by extension 'colcon_pkg'
[1.300s] Level 1:colcon.colcon_core.package_identification:_identify(src/fishbot_description) by extensions ['colcon_meta']
[1.301s] Level 1:colcon.colcon_core.package_identification:_identify(src/fishbot_description) by extension 'colcon_meta'
[1.301s] Level 1:colcon.colcon_core.package_identification:_identify(src/fishbot_description) by extensions ['ros']
[1.301s] Level 1:colcon.colcon_core.package_identification:_identify(src/fishbot_description) by extension 'ros'
[1.308s] DEBUG:colcon.colcon_core.package_identification:Package 'src/fishbot_description' with type 'ros.ament_cmake' and name 'fishbot_description'
[1.308s] Level 1:colcon.colcon_core.package_identification:_identify(src/fishbot_navigation2) by extensions ['ignore', 'ignore_ament_install']
[1.308s] Level 1:colcon.colcon_core.package_identification:_identify(src/fishbot_navigation2) by extension 'ignore'
[1.309s] Level 1:colcon.colcon_core.package_identification:_identify(src/fishbot_navigation2) by extension 'ignore_ament_install'
[1.309s] Level 1:colcon.colcon_core.package_identification:_identify(src/fishbot_navigation2) by extensions ['colcon_pkg']
[1.309s] Level 1:colcon.colcon_core.package_identification:_identify(src/fishbot_navigation2) by extension 'colcon_pkg'
[1.309s] Level 1:colcon.colcon_core.package_identification:_identify(src/fishbot_navigation2) by extensions ['colcon_meta']
[1.309s] Level 1:colcon.colcon_core.package_identification:_identify(src/fishbot_navigation2) by extension 'colcon_meta'
[1.309s] Level 1:colcon.colcon_core.package_identification:_identify(src/fishbot_navigation2) by extensions ['ros']
[1.309s] Level 1:colcon.colcon_core.package_identification:_identify(src/fishbot_navigation2) by extension 'ros'
[1.310s] DEBUG:colcon.colcon_core.package_identification:Package 'src/fishbot_navigation2' with type 'ros.ament_cmake' and name 'fishbot_navigation2'
[1.311s] Level 1:colcon.colcon_core.package_identification:_identify(src/nav2_custom_controller) by extensions ['ignore', 'ignore_ament_install']
[1.311s] Level 1:colcon.colcon_core.package_identification:_identify(src/nav2_custom_controller) by extension 'ignore'
[1.311s] Level 1:colcon.colcon_core.package_identification:_identify(src/nav2_custom_controller) by extension 'ignore_ament_install'
[1.311s] Level 1:colcon.colcon_core.package_identification:_identify(src/nav2_custom_controller) by extensions ['colcon_pkg']
[1.311s] Level 1:colcon.colcon_core.package_identification:_identify(src/nav2_custom_controller) by extension 'colcon_pkg'
[1.311s] Level 1:colcon.colcon_core.package_identification:_identify(src/nav2_custom_controller) by extensions ['colcon_meta']
[1.311s] Level 1:colcon.colcon_core.package_identification:_identify(src/nav2_custom_controller) by extension 'colcon_meta'
[1.311s] Level 1:colcon.colcon_core.package_identification:_identify(src/nav2_custom_controller) by extensions ['ros']
[1.312s] Level 1:colcon.colcon_core.package_identification:_identify(src/nav2_custom_controller) by extension 'ros'
[1.313s] DEBUG:colcon.colcon_core.package_identification:Package 'src/nav2_custom_controller' with type 'ros.ament_cmake' and name 'nav2_custom_controller'
[1.313s] Level 1:colcon.colcon_core.package_identification:_identify(src/nav2_custom_planner) by extensions ['ignore', 'ignore_ament_install']
[1.313s] Level 1:colcon.colcon_core.package_identification:_identify(src/nav2_custom_planner) by extension 'ignore'
[1.314s] Level 1:colcon.colcon_core.package_identification:_identify(src/nav2_custom_planner) by extension 'ignore_ament_install'
[1.314s] Level 1:colcon.colcon_core.package_identification:_identify(src/nav2_custom_planner) by extensions ['colcon_pkg']
[1.314s] Level 1:colcon.colcon_core.package_identification:_identify(src/nav2_custom_planner) by extension 'colcon_pkg'
[1.314s] Level 1:colcon.colcon_core.package_identification:_identify(src/nav2_custom_planner) by extensions ['colcon_meta']
[1.314s] Level 1:colcon.colcon_core.package_identification:_identify(src/nav2_custom_planner) by extension 'colcon_meta'
[1.315s] Level 1:colcon.colcon_core.package_identification:_identify(src/nav2_custom_planner) by extensions ['ros']
[1.315s] Level 1:colcon.colcon_core.package_identification:_identify(src/nav2_custom_planner) by extension 'ros'
[1.316s] DEBUG:colcon.colcon_core.package_identification:Package 'src/nav2_custom_planner' with type 'ros.ament_cmake' and name 'nav2_custom_planner'
[1.318s] Level 1:colcon.colcon_core.package_discovery:discover_packages(recursive) using defaults
[1.319s] Level 1:colcon.colcon_core.package_discovery:discover_packages(ignore) discover
[1.319s] Level 1:colcon.colcon_core.package_discovery:discover_packages(ignore) using defaults
[1.319s] Level 1:colcon.colcon_core.package_discovery:discover_packages(path) discover
[1.319s] Level 1:colcon.colcon_core.package_discovery:discover_packages(path) using defaults
[1.463s] Level 1:colcon.colcon_core.package_discovery:discover_packages(prefix_path) check parameters
[1.464s] Level 1:colcon.colcon_core.package_discovery:discover_packages(prefix_path) discover
[1.479s] DEBUG:colcon.colcon_installed_package_information.package_discovery:Found 6 installed packages in /home/hzh/ros2_learn/chapt8/chapt8_ws/install
[1.483s] DEBUG:colcon.colcon_installed_package_information.package_discovery:Found 372 installed packages in /opt/ros/humble
[1.485s] Level 1:colcon.colcon_core.package_discovery:discover_packages(prefix_path) using defaults
[1.570s] Level 5:colcon.colcon_core.verb:set package 'autopartol_interfaces' build argument 'cmake_args' from command line to 'None'
[1.571s] Level 5:colcon.colcon_core.verb:set package 'autopartol_interfaces' build argument 'cmake_target' from command line to 'None'
[1.571s] Level 5:colcon.colcon_core.verb:set package 'autopartol_interfaces' build argument 'cmake_target_skip_unavailable' from command line to 'False'
[1.571s] Level 5:colcon.colcon_core.verb:set package 'autopartol_interfaces' build argument 'cmake_clean_cache' from command line to 'False'
[1.571s] Level 5:colcon.colcon_core.verb:set package 'autopartol_interfaces' build argument 'cmake_clean_first' from command line to 'False'
[1.571s] Level 5:colcon.colcon_core.verb:set package 'autopartol_interfaces' build argument 'cmake_force_configure' from command line to 'False'
[1.571s] Level 5:colcon.colcon_core.verb:set package 'autopartol_interfaces' build argument 'ament_cmake_args' from command line to 'None'
[1.571s] Level 5:colcon.colcon_core.verb:set package 'autopartol_interfaces' build argument 'catkin_cmake_args' from command line to 'None'
[1.571s] Level 5:colcon.colcon_core.verb:set package 'autopartol_interfaces' build argument 'catkin_skip_building_tests' from command line to 'False'
[1.571s] DEBUG:colcon.colcon_core.verb:Building package 'autopartol_interfaces' with the following arguments: {'ament_cmake_args': None, 'build_base': '/home/hzh/ros2_learn/chapt8/chapt8_ws/build/autopartol_interfaces', 'catkin_cmake_args': None, 'catkin_skip_building_tests': False, 'cmake_args': None, 'cmake_clean_cache': False, 'cmake_clean_first': False, 'cmake_force_configure': False, 'cmake_target': None, 'cmake_target_skip_unavailable': False, 'install_base': '/home/hzh/ros2_learn/chapt8/chapt8_ws/install/autopartol_interfaces', 'merge_install': False, 'path': '/home/hzh/ros2_learn/chapt8/chapt8_ws/src/autopartol_interfaces', 'symlink_install': False, 'test_result_base': None}
[1.572s] Level 5:colcon.colcon_core.verb:set package 'autopartol_robot' build argument 'cmake_args' from command line to 'None'
[1.572s] Level 5:colcon.colcon_core.verb:set package 'autopartol_robot' build argument 'cmake_target' from command line to 'None'
[1.572s] Level 5:colcon.colcon_core.verb:set package 'autopartol_robot' build argument 'cmake_target_skip_unavailable' from command line to 'False'
[1.572s] Level 5:colcon.colcon_core.verb:set package 'autopartol_robot' build argument 'cmake_clean_cache' from command line to 'False'
[1.572s] Level 5:colcon.colcon_core.verb:set package 'autopartol_robot' build argument 'cmake_clean_first' from command line to 'False'
[1.572s] Level 5:colcon.colcon_core.verb:set package 'autopartol_robot' build argument 'cmake_force_configure' from command line to 'False'
[1.572s] Level 5:colcon.colcon_core.verb:set package 'autopartol_robot' build argument 'ament_cmake_args' from command line to 'None'
[1.572s] Level 5:colcon.colcon_core.verb:set package 'autopartol_robot' build argument 'catkin_cmake_args' from command line to 'None'
[1.572s] Level 5:colcon.colcon_core.verb:set package 'autopartol_robot' build argument 'catkin_skip_building_tests' from command line to 'False'
[1.572s] DEBUG:colcon.colcon_core.verb:Building package 'autopartol_robot' with the following arguments: {'ament_cmake_args': None, 'build_base': '/home/hzh/ros2_learn/chapt8/chapt8_ws/build/autopartol_robot', 'catkin_cmake_args': None, 'catkin_skip_building_tests': False, 'cmake_args': None, 'cmake_clean_cache': False, 'cmake_clean_first': False, 'cmake_force_configure': False, 'cmake_target': None, 'cmake_target_skip_unavailable': False, 'install_base': '/home/hzh/ros2_learn/chapt8/chapt8_ws/install/autopartol_robot', 'merge_install': False, 'path': '/home/hzh/ros2_learn/chapt8/chapt8_ws/src/autopartol_robot', 'symlink_install': False, 'test_result_base': None}
[1.573s] Level 5:colcon.colcon_core.verb:set package 'fishbot_application' build argument 'cmake_args' from command line to 'None'
[1.573s] Level 5:colcon.colcon_core.verb:set package 'fishbot_application' build argument 'cmake_target' from command line to 'None'
[1.573s] Level 5:colcon.colcon_core.verb:set package 'fishbot_application' build argument 'cmake_target_skip_unavailable' from command line to 'False'
[1.573s] Level 5:colcon.colcon_core.verb:set package 'fishbot_application' build argument 'cmake_clean_cache' from command line to 'False'
[1.573s] Level 5:colcon.colcon_core.verb:set package 'fishbot_application' build argument 'cmake_clean_first' from command line to 'False'
[1.573s] Level 5:colcon.colcon_core.verb:set package 'fishbot_application' build argument 'cmake_force_configure' from command line to 'False'
[1.573s] Level 5:colcon.colcon_core.verb:set package 'fishbot_application' build argument 'ament_cmake_args' from command line to 'None'
[1.573s] Level 5:colcon.colcon_core.verb:set package 'fishbot_application' build argument 'catkin_cmake_args' from command line to 'None'
[1.573s] Level 5:colcon.colcon_core.verb:set package 'fishbot_application' build argument 'catkin_skip_building_tests' from command line to 'False'
[1.573s] DEBUG:colcon.colcon_core.verb:Building package 'fishbot_application' with the following arguments: {'ament_cmake_args': None, 'build_base': '/home/hzh/ros2_learn/chapt8/chapt8_ws/build/fishbot_application', 'catkin_cmake_args': None, 'catkin_skip_building_tests': False, 'cmake_args': None, 'cmake_clean_cache': False, 'cmake_clean_first': False, 'cmake_force_configure': False, 'cmake_target': None, 'cmake_target_skip_unavailable': False, 'install_base': '/home/hzh/ros2_learn/chapt8/chapt8_ws/install/fishbot_application', 'merge_install': False, 'path': '/home/hzh/ros2_learn/chapt8/chapt8_ws/src/fishbot_application', 'symlink_install': False, 'test_result_base': None}
[1.574s] Level 5:colcon.colcon_core.verb:set package 'fishbot_description' build argument 'cmake_args' from command line to 'None'
[1.574s] Level 5:colcon.colcon_core.verb:set package 'fishbot_description' build argument 'cmake_target' from command line to 'None'
[1.574s] Level 5:colcon.colcon_core.verb:set package 'fishbot_description' build argument 'cmake_target_skip_unavailable' from command line to 'False'
[1.574s] Level 5:colcon.colcon_core.verb:set package 'fishbot_description' build argument 'cmake_clean_cache' from command line to 'False'
[1.574s] Level 5:colcon.colcon_core.verb:set package 'fishbot_description' build argument 'cmake_clean_first' from command line to 'False'
[1.574s] Level 5:colcon.colcon_core.verb:set package 'fishbot_description' build argument 'cmake_force_configure' from command line to 'False'
[1.574s] Level 5:colcon.colcon_core.verb:set package 'fishbot_description' build argument 'ament_cmake_args' from command line to 'None'
[1.574s] Level 5:colcon.colcon_core.verb:set package 'fishbot_description' build argument 'catkin_cmake_args' from command line to 'None'
[1.574s] Level 5:colcon.colcon_core.verb:set package 'fishbot_description' build argument 'catkin_skip_building_tests' from command line to 'False'
[1.574s] DEBUG:colcon.colcon_core.verb:Building package 'fishbot_description' with the following arguments: {'ament_cmake_args': None, 'build_base': '/home/hzh/ros2_learn/chapt8/chapt8_ws/build/fishbot_description', 'catkin_cmake_args': None, 'catkin_skip_building_tests': False, 'cmake_args': None, 'cmake_clean_cache': False, 'cmake_clean_first': False, 'cmake_force_configure': False, 'cmake_target': None, 'cmake_target_skip_unavailable': False, 'install_base': '/home/hzh/ros2_learn/chapt8/chapt8_ws/install/fishbot_description', 'merge_install': False, 'path': '/home/hzh/ros2_learn/chapt8/chapt8_ws/src/fishbot_description', 'symlink_install': False, 'test_result_base': None}
[1.575s] Level 5:colcon.colcon_core.verb:set package 'fishbot_navigation2' build argument 'cmake_args' from command line to 'None'
[1.575s] Level 5:colcon.colcon_core.verb:set package 'fishbot_navigation2' build argument 'cmake_target' from command line to 'None'
[1.575s] Level 5:colcon.colcon_core.verb:set package 'fishbot_navigation2' build argument 'cmake_target_skip_unavailable' from command line to 'False'
[1.575s] Level 5:colcon.colcon_core.verb:set package 'fishbot_navigation2' build argument 'cmake_clean_cache' from command line to 'False'
[1.575s] Level 5:colcon.colcon_core.verb:set package 'fishbot_navigation2' build argument 'cmake_clean_first' from command line to 'False'
[1.575s] Level 5:colcon.colcon_core.verb:set package 'fishbot_navigation2' build argument 'cmake_force_configure' from command line to 'False'
[1.575s] Level 5:colcon.colcon_core.verb:set package 'fishbot_navigation2' build argument 'ament_cmake_args' from command line to 'None'
[1.575s] Level 5:colcon.colcon_core.verb:set package 'fishbot_navigation2' build argument 'catkin_cmake_args' from command line to 'None'
[1.575s] Level 5:colcon.colcon_core.verb:set package 'fishbot_navigation2' build argument 'catkin_skip_building_tests' from command line to 'False'
[1.575s] DEBUG:colcon.colcon_core.verb:Building package 'fishbot_navigation2' with the following arguments: {'ament_cmake_args': None, 'build_base': '/home/hzh/ros2_learn/chapt8/chapt8_ws/build/fishbot_navigation2', 'catkin_cmake_args': None, 'catkin_skip_building_tests': False, 'cmake_args': None, 'cmake_clean_cache': False, 'cmake_clean_first': False, 'cmake_force_configure': False, 'cmake_target': None, 'cmake_target_skip_unavailable': False, 'install_base': '/home/hzh/ros2_learn/chapt8/chapt8_ws/install/fishbot_navigation2', 'merge_install': False, 'path': '/home/hzh/ros2_learn/chapt8/chapt8_ws/src/fishbot_navigation2', 'symlink_install': False, 'test_result_base': None}
[1.576s] Level 5:colcon.colcon_core.verb:set package 'nav2_custom_controller' build argument 'cmake_args' from command line to 'None'
[1.576s] Level 5:colcon.colcon_core.verb:set package 'nav2_custom_controller' build argument 'cmake_target' from command line to 'None'
[1.576s] Level 5:colcon.colcon_core.verb:set package 'nav2_custom_controller' build argument 'cmake_target_skip_unavailable' from command line to 'False'
[1.576s] Level 5:colcon.colcon_core.verb:set package 'nav2_custom_controller' build argument 'cmake_clean_cache' from command line to 'False'
[1.576s] Level 5:colcon.colcon_core.verb:set package 'nav2_custom_controller' build argument 'cmake_clean_first' from command line to 'False'
[1.576s] Level 5:colcon.colcon_core.verb:set package 'nav2_custom_controller' build argument 'cmake_force_configure' from command line to 'False'
[1.576s] Level 5:colcon.colcon_core.verb:set package 'nav2_custom_controller' build argument 'ament_cmake_args' from command line to 'None'
[1.576s] Level 5:colcon.colcon_core.verb:set package 'nav2_custom_controller' build argument 'catkin_cmake_args' from command line to 'None'
[1.576s] Level 5:colcon.colcon_core.verb:set package 'nav2_custom_controller' build argument 'catkin_skip_building_tests' from command line to 'False'
[1.576s] DEBUG:colcon.colcon_core.verb:Building package 'nav2_custom_controller' with the following arguments: {'ament_cmake_args': None, 'build_base': '/home/hzh/ros2_learn/chapt8/chapt8_ws/build/nav2_custom_controller', 'catkin_cmake_args': None, 'catkin_skip_building_tests': False, 'cmake_args': None, 'cmake_clean_cache': False, 'cmake_clean_first': False, 'cmake_force_configure': False, 'cmake_target': None, 'cmake_target_skip_unavailable': False, 'install_base': '/home/hzh/ros2_learn/chapt8/chapt8_ws/install/nav2_custom_controller', 'merge_install': False, 'path': '/home/hzh/ros2_learn/chapt8/chapt8_ws/src/nav2_custom_controller', 'symlink_install': False, 'test_result_base': None}
[1.577s] Level 5:colcon.colcon_core.verb:set package 'nav2_custom_planner' build argument 'cmake_args' from command line to 'None'
[1.577s] Level 5:colcon.colcon_core.verb:set package 'nav2_custom_planner' build argument 'cmake_target' from command line to 'None'
[1.577s] Level 5:colcon.colcon_core.verb:set package 'nav2_custom_planner' build argument 'cmake_target_skip_unavailable' from command line to 'False'
[1.577s] Level 5:colcon.colcon_core.verb:set package 'nav2_custom_planner' build argument 'cmake_clean_cache' from command line to 'False'
[1.577s] Level 5:colcon.colcon_core.verb:set package 'nav2_custom_planner' build argument 'cmake_clean_first' from command line to 'False'
[1.577s] Level 5:colcon.colcon_core.verb:set package 'nav2_custom_planner' build argument 'cmake_force_configure' from command line to 'False'
[1.577s] Level 5:colcon.colcon_core.verb:set package 'nav2_custom_planner' build argument 'ament_cmake_args' from command line to 'None'
[1.577s] Level 5:colcon.colcon_core.verb:set package 'nav2_custom_planner' build argument 'catkin_cmake_args' from command line to 'None'
[1.577s] Level 5:colcon.colcon_core.verb:set package 'nav2_custom_planner' build argument 'catkin_skip_building_tests' from command line to 'False'
[1.577s] DEBUG:colcon.colcon_core.verb:Building package 'nav2_custom_planner' with the following arguments: {'ament_cmake_args': None, 'build_base': '/home/hzh/ros2_learn/chapt8/chapt8_ws/build/nav2_custom_planner', 'catkin_cmake_args': None, 'catkin_skip_building_tests': False, 'cmake_args': None, 'cmake_clean_cache': False, 'cmake_clean_first': False, 'cmake_force_configure': False, 'cmake_target': None, 'cmake_target_skip_unavailable': False, 'install_base': '/home/hzh/ros2_learn/chapt8/chapt8_ws/install/nav2_custom_planner', 'merge_install': False, 'path': '/home/hzh/ros2_learn/chapt8/chapt8_ws/src/nav2_custom_planner', 'symlink_install': False, 'test_result_base': None}
[1.578s] INFO:colcon.colcon_core.executor:Executing jobs using 'parallel' executor
[1.580s] DEBUG:colcon.colcon_parallel_executor.executor.parallel:run_until_complete
[1.580s] INFO:colcon.colcon_ros.task.ament_cmake.build:Building ROS package in '/home/hzh/ros2_learn/chapt8/chapt8_ws/src/autopartol_interfaces' with build type 'ament_cmake'
[1.581s] INFO:colcon.colcon_cmake.task.cmake.build:Building CMake package in '/home/hzh/ros2_learn/chapt8/chapt8_ws/src/autopartol_interfaces'
[1.598s] INFO:colcon.colcon_core.plugin_system:Skipping extension 'colcon_core.shell.bat': Not used on non-Windows systems
[1.599s] INFO:colcon.colcon_core.shell:Skip shell extension 'powershell' for command environment: Not usable outside of PowerShell
[1.599s] DEBUG:colcon.colcon_core.shell:Skip shell extension 'dsv' for command environment
[1.607s] INFO:colcon.colcon_ros.task.ament_python.build:Building ROS package in '/home/hzh/ros2_learn/chapt8/chapt8_ws/src/autopartol_robot' with build type 'ament_python'
[1.608s] Level 1:colcon.colcon_core.shell:create_environment_hook('autopartol_robot', 'ament_prefix_path')
[1.608s] INFO:colcon.colcon_core.shell:Creating environment hook '/home/hzh/ros2_learn/chapt8/chapt8_ws/install/autopartol_robot/share/autopartol_robot/hook/ament_prefix_path.ps1'
[1.612s] INFO:colcon.colcon_core.shell:Creating environment descriptor '/home/hzh/ros2_learn/chapt8/chapt8_ws/install/autopartol_robot/share/autopartol_robot/hook/ament_prefix_path.dsv'
[1.614s] INFO:colcon.colcon_core.shell:Creating environment hook '/home/hzh/ros2_learn/chapt8/chapt8_ws/install/autopartol_robot/share/autopartol_robot/hook/ament_prefix_path.sh'
[1.617s] INFO:colcon.colcon_core.shell:Skip shell extension 'powershell' for command environment: Not usable outside of PowerShell
[1.618s] DEBUG:colcon.colcon_core.shell:Skip shell extension 'dsv' for command environment
[1.627s] INFO:colcon.colcon_ros.task.ament_python.build:Building ROS package in '/home/hzh/ros2_learn/chapt8/chapt8_ws/src/fishbot_application' with build type 'ament_python'
[1.628s] Level 1:colcon.colcon_core.shell:create_environment_hook('fishbot_application', 'ament_prefix_path')
[1.629s] INFO:colcon.colcon_core.shell:Creating environment hook '/home/hzh/ros2_learn/chapt8/chapt8_ws/install/fishbot_application/share/fishbot_application/hook/ament_prefix_path.ps1'
[1.630s] INFO:colcon.colcon_core.shell:Creating environment descriptor '/home/hzh/ros2_learn/chapt8/chapt8_ws/install/fishbot_application/share/fishbot_application/hook/ament_prefix_path.dsv'
[1.631s] INFO:colcon.colcon_core.shell:Creating environment hook '/home/hzh/ros2_learn/chapt8/chapt8_ws/install/fishbot_application/share/fishbot_application/hook/ament_prefix_path.sh'
[1.633s] INFO:colcon.colcon_core.shell:Skip shell extension 'powershell' for command environment: Not usable outside of PowerShell
[1.634s] DEBUG:colcon.colcon_core.shell:Skip shell extension 'dsv' for command environment
[1.640s] INFO:colcon.colcon_ros.task.ament_cmake.build:Building ROS package in '/home/hzh/ros2_learn/chapt8/chapt8_ws/src/fishbot_description' with build type 'ament_cmake'
[1.640s] INFO:colcon.colcon_cmake.task.cmake.build:Building CMake package in '/home/hzh/ros2_learn/chapt8/chapt8_ws/src/fishbot_description'
[1.640s] INFO:colcon.colcon_core.shell:Skip shell extension 'powershell' for command environment: Not usable outside of PowerShell
[1.641s] DEBUG:colcon.colcon_core.shell:Skip shell extension 'dsv' for command environment
[1.673s] DEBUG:colcon.colcon_core.event_handler.log_command:Invoking command in '/home/hzh/ros2_learn/chapt8/chapt8_ws/build/autopartol_interfaces': CMAKE_PREFIX_PATH=${CMAKE_PREFIX_PATH}:/home/hzh/ros2_learn/chapt8/chapt8_ws/install/fishbot_application:/home/hzh/ros2_learn/chapt8/chapt8_ws/install/autopartol_robot:/opt/ros/humble /usr/bin/cmake --build /home/hzh/ros2_learn/chapt8/chapt8_ws/build/autopartol_interfaces -- -j4 -l4
[2.514s] INFO:colcon.colcon_core.task.python.build:Building Python package in '/home/hzh/ros2_learn/chapt8/chapt8_ws/src/autopartol_robot'
[2.515s] INFO:colcon.colcon_core.shell:Skip shell extension 'powershell' for command environment: Not usable outside of PowerShell
[2.515s] DEBUG:colcon.colcon_core.shell:Skip shell extension 'dsv' for command environment
[2.969s] INFO:colcon.colcon_core.task.python.build:Building Python package in '/home/hzh/ros2_learn/chapt8/chapt8_ws/src/fishbot_application'
[2.971s] INFO:colcon.colcon_core.shell:Skip shell extension 'powershell' for command environment: Not usable outside of PowerShell
[2.971s] DEBUG:colcon.colcon_core.shell:Skip shell extension 'dsv' for command environment
[3.004s] DEBUG:colcon.colcon_core.event_handler.log_command:Invoking command in '/home/hzh/ros2_learn/chapt8/chapt8_ws/build/fishbot_description': CMAKE_PREFIX_PATH=${CMAKE_PREFIX_PATH}:/home/hzh/ros2_learn/chapt8/chapt8_ws/install/fishbot_application:/home/hzh/ros2_learn/chapt8/chapt8_ws/install/autopartol_robot:/opt/ros/humble /usr/bin/cmake --build /home/hzh/ros2_learn/chapt8/chapt8_ws/build/fishbot_description -- -j4 -l4
[3.016s] DEBUG:colcon.colcon_core.event_handler.log_command:Invoked command in '/home/hzh/ros2_learn/chapt8/chapt8_ws/build/autopartol_interfaces' returned '0': CMAKE_PREFIX_PATH=${CMAKE_PREFIX_PATH}:/home/hzh/ros2_learn/chapt8/chapt8_ws/install/fishbot_application:/home/hzh/ros2_learn/chapt8/chapt8_ws/install/autopartol_robot:/opt/ros/humble /usr/bin/cmake --build /home/hzh/ros2_learn/chapt8/chapt8_ws/build/autopartol_interfaces -- -j4 -l4
[3.037s] DEBUG:colcon.colcon_core.event_handler.log_command:Invoking command in '/home/hzh/ros2_learn/chapt8/chapt8_ws/build/autopartol_interfaces': CMAKE_PREFIX_PATH=${CMAKE_PREFIX_PATH}:/home/hzh/ros2_learn/chapt8/chapt8_ws/install/fishbot_application:/home/hzh/ros2_learn/chapt8/chapt8_ws/install/autopartol_robot:/opt/ros/humble /usr/bin/cmake --install /home/hzh/ros2_learn/chapt8/chapt8_ws/build/autopartol_interfaces
[3.119s] DEBUG:colcon.colcon_core.event_handler.log_command:Invoked command in '/home/hzh/ros2_learn/chapt8/chapt8_ws/build/fishbot_description' returned '0': CMAKE_PREFIX_PATH=${CMAKE_PREFIX_PATH}:/home/hzh/ros2_learn/chapt8/chapt8_ws/install/fishbot_application:/home/hzh/ros2_learn/chapt8/chapt8_ws/install/autopartol_robot:/opt/ros/humble /usr/bin/cmake --build /home/hzh/ros2_learn/chapt8/chapt8_ws/build/fishbot_description -- -j4 -l4
[3.121s] DEBUG:colcon.colcon_core.event_handler.log_command:Invoking command in '/home/hzh/ros2_learn/chapt8/chapt8_ws/build/fishbot_description': CMAKE_PREFIX_PATH=${CMAKE_PREFIX_PATH}:/home/hzh/ros2_learn/chapt8/chapt8_ws/install/fishbot_application:/home/hzh/ros2_learn/chapt8/chapt8_ws/install/autopartol_robot:/opt/ros/humble /usr/bin/cmake --install /home/hzh/ros2_learn/chapt8/chapt8_ws/build/fishbot_description
[3.164s] Level 1:colcon.colcon_core.environment:create_environment_scripts_only(autopartol_interfaces)
[3.191s] DEBUG:colcon.colcon_core.event_handler.log_command:Invoked command in '/home/hzh/ros2_learn/chapt8/chapt8_ws/build/autopartol_interfaces' returned '0': CMAKE_PREFIX_PATH=${CMAKE_PREFIX_PATH}:/home/hzh/ros2_learn/chapt8/chapt8_ws/install/fishbot_application:/home/hzh/ros2_learn/chapt8/chapt8_ws/install/autopartol_robot:/opt/ros/humble /usr/bin/cmake --install /home/hzh/ros2_learn/chapt8/chapt8_ws/build/autopartol_interfaces
[3.196s] Level 1:colcon.colcon_core.environment:checking '/home/hzh/ros2_learn/chapt8/chapt8_ws/install/autopartol_interfaces' for CMake module files
[3.198s] Level 1:colcon.colcon_core.environment:checking '/home/hzh/ros2_learn/chapt8/chapt8_ws/install/autopartol_interfaces' for CMake config files
[3.199s] Level 1:colcon.colcon_core.shell:create_environment_hook('autopartol_interfaces', 'cmake_prefix_path')
[3.200s] INFO:colcon.colcon_core.shell:Creating environment hook '/home/hzh/ros2_learn/chapt8/chapt8_ws/install/autopartol_interfaces/share/autopartol_interfaces/hook/cmake_prefix_path.ps1'
[3.201s] INFO:colcon.colcon_core.shell:Creating environment descriptor '/home/hzh/ros2_learn/chapt8/chapt8_ws/install/autopartol_interfaces/share/autopartol_interfaces/hook/cmake_prefix_path.dsv'
[3.203s] INFO:colcon.colcon_core.shell:Creating environment hook '/home/hzh/ros2_learn/chapt8/chapt8_ws/install/autopartol_interfaces/share/autopartol_interfaces/hook/cmake_prefix_path.sh'
[3.205s] Level 1:colcon.colcon_core.environment:checking '/home/hzh/ros2_learn/chapt8/chapt8_ws/install/autopartol_interfaces/lib'
[3.205s] Level 1:colcon.colcon_core.shell:create_environment_hook('autopartol_interfaces', 'ld_library_path_lib')
[3.206s] INFO:colcon.colcon_core.shell:Creating environment hook '/home/hzh/ros2_learn/chapt8/chapt8_ws/install/autopartol_interfaces/share/autopartol_interfaces/hook/ld_library_path_lib.ps1'
[3.207s] INFO:colcon.colcon_core.shell:Creating environment descriptor '/home/hzh/ros2_learn/chapt8/chapt8_ws/install/autopartol_interfaces/share/autopartol_interfaces/hook/ld_library_path_lib.dsv'
[3.207s] INFO:colcon.colcon_core.shell:Creating environment hook '/home/hzh/ros2_learn/chapt8/chapt8_ws/install/autopartol_interfaces/share/autopartol_interfaces/hook/ld_library_path_lib.sh'
[3.209s] Level 1:colcon.colcon_core.environment:checking '/home/hzh/ros2_learn/chapt8/chapt8_ws/install/autopartol_interfaces/bin'
[3.209s] Level 1:colcon.colcon_core.environment:checking '/home/hzh/ros2_learn/chapt8/chapt8_ws/install/autopartol_interfaces/lib/pkgconfig/autopartol_interfaces.pc'
[3.210s] Level 1:colcon.colcon_core.environment:checking '/home/hzh/ros2_learn/chapt8/chapt8_ws/install/autopartol_interfaces/lib/python3.10/site-packages'
[3.212s] Level 1:colcon.colcon_core.environment:checking '/home/hzh/ros2_learn/chapt8/chapt8_ws/install/autopartol_interfaces/bin'
[3.213s] INFO:colcon.colcon_core.shell:Creating package script '/home/hzh/ros2_learn/chapt8/chapt8_ws/install/autopartol_interfaces/share/autopartol_interfaces/package.ps1'
[3.216s] INFO:colcon.colcon_core.shell:Creating package descriptor '/home/hzh/ros2_learn/chapt8/chapt8_ws/install/autopartol_interfaces/share/autopartol_interfaces/package.dsv'
[3.219s] INFO:colcon.colcon_core.shell:Creating package script '/home/hzh/ros2_learn/chapt8/chapt8_ws/install/autopartol_interfaces/share/autopartol_interfaces/package.sh'
[3.222s] INFO:colcon.colcon_core.shell:Creating package script '/home/hzh/ros2_learn/chapt8/chapt8_ws/install/autopartol_interfaces/share/autopartol_interfaces/package.bash'
[3.227s] INFO:colcon.colcon_core.shell:Creating package script '/home/hzh/ros2_learn/chapt8/chapt8_ws/install/autopartol_interfaces/share/autopartol_interfaces/package.zsh'
[3.229s] Level 1:colcon.colcon_core.environment:create_file_with_runtime_dependencies(/home/hzh/ros2_learn/chapt8/chapt8_ws/install/autopartol_interfaces/share/colcon-core/packages/autopartol_interfaces)
[3.233s] Level 1:colcon.colcon_core.environment:create_environment_scripts_only(autopartol_interfaces)
[3.234s] Level 1:colcon.colcon_core.environment:checking '/home/hzh/ros2_learn/chapt8/chapt8_ws/install/autopartol_interfaces' for CMake module files
[3.235s] Level 1:colcon.colcon_core.environment:checking '/home/hzh/ros2_learn/chapt8/chapt8_ws/install/autopartol_interfaces' for CMake config files
[3.237s] Level 1:colcon.colcon_core.shell:create_environment_hook('autopartol_interfaces', 'cmake_prefix_path')
[3.237s] INFO:colcon.colcon_core.shell:Creating environment hook '/home/hzh/ros2_learn/chapt8/chapt8_ws/install/autopartol_interfaces/share/autopartol_interfaces/hook/cmake_prefix_path.ps1'
[3.240s] INFO:colcon.colcon_core.shell:Creating environment descriptor '/home/hzh/ros2_learn/chapt8/chapt8_ws/install/autopartol_interfaces/share/autopartol_interfaces/hook/cmake_prefix_path.dsv'
[3.241s] INFO:colcon.colcon_core.shell:Creating environment hook '/home/hzh/ros2_learn/chapt8/chapt8_ws/install/autopartol_interfaces/share/autopartol_interfaces/hook/cmake_prefix_path.sh'
[3.244s] Level 1:colcon.colcon_core.environment:checking '/home/hzh/ros2_learn/chapt8/chapt8_ws/install/autopartol_interfaces/lib'
[3.245s] Level 1:colcon.colcon_core.shell:create_environment_hook('autopartol_interfaces', 'ld_library_path_lib')
[3.246s] INFO:colcon.colcon_core.shell:Creating environment hook '/home/hzh/ros2_learn/chapt8/chapt8_ws/install/autopartol_interfaces/share/autopartol_interfaces/hook/ld_library_path_lib.ps1'
[3.247s] INFO:colcon.colcon_core.shell:Creating environment descriptor '/home/hzh/ros2_learn/chapt8/chapt8_ws/install/autopartol_interfaces/share/autopartol_interfaces/hook/ld_library_path_lib.dsv'
[3.248s] INFO:colcon.colcon_core.shell:Creating environment hook '/home/hzh/ros2_learn/chapt8/chapt8_ws/install/autopartol_interfaces/share/autopartol_interfaces/hook/ld_library_path_lib.sh'
[3.252s] Level 1:colcon.colcon_core.environment:checking '/home/hzh/ros2_learn/chapt8/chapt8_ws/install/autopartol_interfaces/bin'
[3.253s] Level 1:colcon.colcon_core.environment:checking '/home/hzh/ros2_learn/chapt8/chapt8_ws/install/autopartol_interfaces/lib/pkgconfig/autopartol_interfaces.pc'
[3.254s] Level 1:colcon.colcon_core.environment:checking '/home/hzh/ros2_learn/chapt8/chapt8_ws/install/autopartol_interfaces/lib/python3.10/site-packages'
[3.255s] Level 1:colcon.colcon_core.environment:checking '/home/hzh/ros2_learn/chapt8/chapt8_ws/install/autopartol_interfaces/bin'
[3.256s] INFO:colcon.colcon_core.shell:Creating package script '/home/hzh/ros2_learn/chapt8/chapt8_ws/install/autopartol_interfaces/share/autopartol_interfaces/package.ps1'
[3.257s] INFO:colcon.colcon_core.shell:Creating package descriptor '/home/hzh/ros2_learn/chapt8/chapt8_ws/install/autopartol_interfaces/share/autopartol_interfaces/package.dsv'
[3.259s] INFO:colcon.colcon_core.shell:Creating package script '/home/hzh/ros2_learn/chapt8/chapt8_ws/install/autopartol_interfaces/share/autopartol_interfaces/package.sh'
[3.261s] INFO:colcon.colcon_core.shell:Creating package script '/home/hzh/ros2_learn/chapt8/chapt8_ws/install/autopartol_interfaces/share/autopartol_interfaces/package.bash'
[3.262s] INFO:colcon.colcon_core.shell:Creating package script '/home/hzh/ros2_learn/chapt8/chapt8_ws/install/autopartol_interfaces/share/autopartol_interfaces/package.zsh'
[3.264s] Level 1:colcon.colcon_core.environment:create_file_with_runtime_dependencies(/home/hzh/ros2_learn/chapt8/chapt8_ws/install/autopartol_interfaces/share/colcon-core/packages/autopartol_interfaces)
[3.265s] Level 1:colcon.colcon_core.environment:create_environment_scripts_only(fishbot_description)
[3.265s] Level 1:colcon.colcon_core.environment:checking '/home/hzh/ros2_learn/chapt8/chapt8_ws/install/fishbot_description' for CMake module files
[3.268s] Level 1:colcon.colcon_core.environment:checking '/home/hzh/ros2_learn/chapt8/chapt8_ws/install/fishbot_description' for CMake config files
[3.274s] Level 1:colcon.colcon_core.shell:create_environment_hook('fishbot_description', 'cmake_prefix_path')
[3.276s] INFO:colcon.colcon_core.shell:Creating environment hook '/home/hzh/ros2_learn/chapt8/chapt8_ws/install/fishbot_description/share/fishbot_description/hook/cmake_prefix_path.ps1'
[3.277s] INFO:colcon.colcon_core.shell:Creating environment descriptor '/home/hzh/ros2_learn/chapt8/chapt8_ws/install/fishbot_description/share/fishbot_description/hook/cmake_prefix_path.dsv'
[3.278s] INFO:colcon.colcon_core.shell:Creating environment hook '/home/hzh/ros2_learn/chapt8/chapt8_ws/install/fishbot_description/share/fishbot_description/hook/cmake_prefix_path.sh'
[3.279s] DEBUG:colcon.colcon_core.event_handler.log_command:Invoked command in '/home/hzh/ros2_learn/chapt8/chapt8_ws/build/fishbot_description' returned '0': CMAKE_PREFIX_PATH=${CMAKE_PREFIX_PATH}:/home/hzh/ros2_learn/chapt8/chapt8_ws/install/fishbot_application:/home/hzh/ros2_learn/chapt8/chapt8_ws/install/autopartol_robot:/opt/ros/humble /usr/bin/cmake --install /home/hzh/ros2_learn/chapt8/chapt8_ws/build/fishbot_description
[3.282s] Level 1:colcon.colcon_core.environment:checking '/home/hzh/ros2_learn/chapt8/chapt8_ws/install/fishbot_description/bin'
[3.283s] Level 1:colcon.colcon_core.environment:checking '/home/hzh/ros2_learn/chapt8/chapt8_ws/install/fishbot_description/lib/pkgconfig/fishbot_description.pc'
[3.283s] Level 1:colcon.colcon_core.environment:checking '/home/hzh/ros2_learn/chapt8/chapt8_ws/install/fishbot_description/lib/python3.10/site-packages'
[3.283s] Level 1:colcon.colcon_core.environment:checking '/home/hzh/ros2_learn/chapt8/chapt8_ws/install/fishbot_description/bin'
[3.284s] INFO:colcon.colcon_core.shell:Creating package script '/home/hzh/ros2_learn/chapt8/chapt8_ws/install/fishbot_description/share/fishbot_description/package.ps1'
[3.286s] INFO:colcon.colcon_core.shell:Creating package descriptor '/home/hzh/ros2_learn/chapt8/chapt8_ws/install/fishbot_description/share/fishbot_description/package.dsv'
[3.288s] INFO:colcon.colcon_core.shell:Creating package script '/home/hzh/ros2_learn/chapt8/chapt8_ws/install/fishbot_description/share/fishbot_description/package.sh'
[3.289s] INFO:colcon.colcon_core.shell:Creating package script '/home/hzh/ros2_learn/chapt8/chapt8_ws/install/fishbot_description/share/fishbot_description/package.bash'
[3.290s] INFO:colcon.colcon_core.shell:Creating package script '/home/hzh/ros2_learn/chapt8/chapt8_ws/install/fishbot_description/share/fishbot_description/package.zsh'
[3.291s] Level 1:colcon.colcon_core.environment:create_file_with_runtime_dependencies(/home/hzh/ros2_learn/chapt8/chapt8_ws/install/fishbot_description/share/colcon-core/packages/fishbot_description)
[3.293s] Level 1:colcon.colcon_core.environment:create_environment_scripts_only(fishbot_description)
[3.294s] Level 1:colcon.colcon_core.environment:checking '/home/hzh/ros2_learn/chapt8/chapt8_ws/install/fishbot_description' for CMake module files
[3.295s] Level 1:colcon.colcon_core.environment:checking '/home/hzh/ros2_learn/chapt8/chapt8_ws/install/fishbot_description' for CMake config files
[3.295s] Level 1:colcon.colcon_core.shell:create_environment_hook('fishbot_description', 'cmake_prefix_path')
[3.296s] INFO:colcon.colcon_core.shell:Creating environment hook '/home/hzh/ros2_learn/chapt8/chapt8_ws/install/fishbot_description/share/fishbot_description/hook/cmake_prefix_path.ps1'
[3.297s] INFO:colcon.colcon_core.shell:Creating environment descriptor '/home/hzh/ros2_learn/chapt8/chapt8_ws/install/fishbot_description/share/fishbot_description/hook/cmake_prefix_path.dsv'
[3.298s] INFO:colcon.colcon_core.shell:Creating environment hook '/home/hzh/ros2_learn/chapt8/chapt8_ws/install/fishbot_description/share/fishbot_description/hook/cmake_prefix_path.sh'
[3.300s] Level 1:colcon.colcon_core.environment:checking '/home/hzh/ros2_learn/chapt8/chapt8_ws/install/fishbot_description/bin'
[3.301s] Level 1:colcon.colcon_core.environment:checking '/home/hzh/ros2_learn/chapt8/chapt8_ws/install/fishbot_description/lib/pkgconfig/fishbot_description.pc'
[3.302s] Level 1:colcon.colcon_core.environment:checking '/home/hzh/ros2_learn/chapt8/chapt8_ws/install/fishbot_description/lib/python3.10/site-packages'
[3.303s] Level 1:colcon.colcon_core.environment:checking '/home/hzh/ros2_learn/chapt8/chapt8_ws/install/fishbot_description/bin'
[3.304s] INFO:colcon.colcon_core.shell:Creating package script '/home/hzh/ros2_learn/chapt8/chapt8_ws/install/fishbot_description/share/fishbot_description/package.ps1'
[3.306s] INFO:colcon.colcon_core.shell:Creating package descriptor '/home/hzh/ros2_learn/chapt8/chapt8_ws/install/fishbot_description/share/fishbot_description/package.dsv'
[3.309s] INFO:colcon.colcon_core.shell:Creating package script '/home/hzh/ros2_learn/chapt8/chapt8_ws/install/fishbot_description/share/fishbot_description/package.sh'
[3.310s] INFO:colcon.colcon_core.shell:Creating package script '/home/hzh/ros2_learn/chapt8/chapt8_ws/install/fishbot_description/share/fishbot_description/package.bash'
[3.312s] INFO:colcon.colcon_core.shell:Creating package script '/home/hzh/ros2_learn/chapt8/chapt8_ws/install/fishbot_description/share/fishbot_description/package.zsh'
[3.313s] Level 1:colcon.colcon_core.environment:create_file_with_runtime_dependencies(/home/hzh/ros2_learn/chapt8/chapt8_ws/install/fishbot_description/share/colcon-core/packages/fishbot_description)
[3.315s] INFO:colcon.colcon_ros.task.ament_cmake.build:Building ROS package in '/home/hzh/ros2_learn/chapt8/chapt8_ws/src/fishbot_navigation2' with build type 'ament_cmake'
[3.315s] INFO:colcon.colcon_cmake.task.cmake.build:Building CMake package in '/home/hzh/ros2_learn/chapt8/chapt8_ws/src/fishbot_navigation2'
[3.316s] INFO:colcon.colcon_core.shell:Skip shell extension 'powershell' for command environment: Not usable outside of PowerShell
[3.316s] DEBUG:colcon.colcon_core.shell:Skip shell extension 'dsv' for command environment
[3.329s] INFO:colcon.colcon_ros.task.ament_cmake.build:Building ROS package in '/home/hzh/ros2_learn/chapt8/chapt8_ws/src/nav2_custom_controller' with build type 'ament_cmake'
[3.331s] INFO:colcon.colcon_cmake.task.cmake.build:Building CMake package in '/home/hzh/ros2_learn/chapt8/chapt8_ws/src/nav2_custom_controller'
[3.332s] INFO:colcon.colcon_core.shell:Skip shell extension 'powershell' for command environment: Not usable outside of PowerShell
[3.332s] DEBUG:colcon.colcon_core.shell:Skip shell extension 'dsv' for command environment
[3.362s] DEBUG:colcon.colcon_core.event_handler.log_command:Invoking command in '/home/hzh/ros2_learn/chapt8/chapt8_ws/build/fishbot_navigation2': CMAKE_PREFIX_PATH=${CMAKE_PREFIX_PATH}:/home/hzh/ros2_learn/chapt8/chapt8_ws/install/fishbot_application:/home/hzh/ros2_learn/chapt8/chapt8_ws/install/autopartol_robot:/opt/ros/humble /usr/bin/cmake --build /home/hzh/ros2_learn/chapt8/chapt8_ws/build/fishbot_navigation2 -- -j4 -l4
[3.376s] DEBUG:colcon.colcon_core.event_handler.log_command:Invoking command in '/home/hzh/ros2_learn/chapt8/chapt8_ws/build/nav2_custom_controller': CMAKE_PREFIX_PATH=${CMAKE_PREFIX_PATH}:/home/hzh/ros2_learn/chapt8/chapt8_ws/install/fishbot_application:/home/hzh/ros2_learn/chapt8/chapt8_ws/install/autopartol_robot:/opt/ros/humble /usr/bin/cmake /home/hzh/ros2_learn/chapt8/chapt8_ws/src/nav2_custom_controller -DCMAKE_INSTALL_PREFIX=/home/hzh/ros2_learn/chapt8/chapt8_ws/install/nav2_custom_controller
[3.497s] DEBUG:colcon.colcon_core.event_handler.log_command:Invoked command in '/home/hzh/ros2_learn/chapt8/chapt8_ws/build/fishbot_navigation2' returned '0': CMAKE_PREFIX_PATH=${CMAKE_PREFIX_PATH}:/home/hzh/ros2_learn/chapt8/chapt8_ws/install/fishbot_application:/home/hzh/ros2_learn/chapt8/chapt8_ws/install/autopartol_robot:/opt/ros/humble /usr/bin/cmake --build /home/hzh/ros2_learn/chapt8/chapt8_ws/build/fishbot_navigation2 -- -j4 -l4
[3.497s] DEBUG:colcon.colcon_core.event_handler.log_command:Invoking command in '/home/hzh/ros2_learn/chapt8/chapt8_ws/build/fishbot_navigation2': CMAKE_PREFIX_PATH=${CMAKE_PREFIX_PATH}:/home/hzh/ros2_learn/chapt8/chapt8_ws/install/fishbot_application:/home/hzh/ros2_learn/chapt8/chapt8_ws/install/autopartol_robot:/opt/ros/humble /usr/bin/cmake --install /home/hzh/ros2_learn/chapt8/chapt8_ws/build/fishbot_navigation2
[3.533s] Level 1:colcon.colcon_core.environment:create_environment_scripts_only(fishbot_navigation2)
[3.534s] Level 1:colcon.colcon_core.environment:checking '/home/hzh/ros2_learn/chapt8/chapt8_ws/install/fishbot_navigation2' for CMake module files
[3.538s] DEBUG:colcon.colcon_core.event_handler.log_command:Invoked command in '/home/hzh/ros2_learn/chapt8/chapt8_ws/build/fishbot_navigation2' returned '0': CMAKE_PREFIX_PATH=${CMAKE_PREFIX_PATH}:/home/hzh/ros2_learn/chapt8/chapt8_ws/install/fishbot_application:/home/hzh/ros2_learn/chapt8/chapt8_ws/install/autopartol_robot:/opt/ros/humble /usr/bin/cmake --install /home/hzh/ros2_learn/chapt8/chapt8_ws/build/fishbot_navigation2
[3.539s] Level 1:colcon.colcon_core.environment:checking '/home/hzh/ros2_learn/chapt8/chapt8_ws/install/fishbot_navigation2' for CMake config files
[3.540s] Level 1:colcon.colcon_core.shell:create_environment_hook('fishbot_navigation2', 'cmake_prefix_path')
[3.541s] INFO:colcon.colcon_core.shell:Creating environment hook '/home/hzh/ros2_learn/chapt8/chapt8_ws/install/fishbot_navigation2/share/fishbot_navigation2/hook/cmake_prefix_path.ps1'
[3.542s] INFO:colcon.colcon_core.shell:Creating environment descriptor '/home/hzh/ros2_learn/chapt8/chapt8_ws/install/fishbot_navigation2/share/fishbot_navigation2/hook/cmake_prefix_path.dsv'
[3.544s] INFO:colcon.colcon_core.shell:Creating environment hook '/home/hzh/ros2_learn/chapt8/chapt8_ws/install/fishbot_navigation2/share/fishbot_navigation2/hook/cmake_prefix_path.sh'
[3.546s] Level 1:colcon.colcon_core.environment:checking '/home/hzh/ros2_learn/chapt8/chapt8_ws/install/fishbot_navigation2/bin'
[3.546s] Level 1:colcon.colcon_core.environment:checking '/home/hzh/ros2_learn/chapt8/chapt8_ws/install/fishbot_navigation2/lib/pkgconfig/fishbot_navigation2.pc'
[3.546s] Level 1:colcon.colcon_core.environment:checking '/home/hzh/ros2_learn/chapt8/chapt8_ws/install/fishbot_navigation2/lib/python3.10/site-packages'
[3.547s] Level 1:colcon.colcon_core.environment:checking '/home/hzh/ros2_learn/chapt8/chapt8_ws/install/fishbot_navigation2/bin'
[3.547s] INFO:colcon.colcon_core.shell:Creating package script '/home/hzh/ros2_learn/chapt8/chapt8_ws/install/fishbot_navigation2/share/fishbot_navigation2/package.ps1'
[3.550s] INFO:colcon.colcon_core.shell:Creating package descriptor '/home/hzh/ros2_learn/chapt8/chapt8_ws/install/fishbot_navigation2/share/fishbot_navigation2/package.dsv'
[3.552s] INFO:colcon.colcon_core.shell:Creating package script '/home/hzh/ros2_learn/chapt8/chapt8_ws/install/fishbot_navigation2/share/fishbot_navigation2/package.sh'
[3.555s] INFO:colcon.colcon_core.shell:Creating package script '/home/hzh/ros2_learn/chapt8/chapt8_ws/install/fishbot_navigation2/share/fishbot_navigation2/package.bash'
[3.557s] INFO:colcon.colcon_core.shell:Creating package script '/home/hzh/ros2_learn/chapt8/chapt8_ws/install/fishbot_navigation2/share/fishbot_navigation2/package.zsh'
[3.558s] Level 1:colcon.colcon_core.environment:create_file_with_runtime_dependencies(/home/hzh/ros2_learn/chapt8/chapt8_ws/install/fishbot_navigation2/share/colcon-core/packages/fishbot_navigation2)
[3.560s] Level 1:colcon.colcon_core.environment:create_environment_scripts_only(fishbot_navigation2)
[3.560s] Level 1:colcon.colcon_core.environment:checking '/home/hzh/ros2_learn/chapt8/chapt8_ws/install/fishbot_navigation2' for CMake module files
[3.561s] Level 1:colcon.colcon_core.environment:checking '/home/hzh/ros2_learn/chapt8/chapt8_ws/install/fishbot_navigation2' for CMake config files
[3.561s] Level 1:colcon.colcon_core.shell:create_environment_hook('fishbot_navigation2', 'cmake_prefix_path')
[3.562s] INFO:colcon.colcon_core.shell:Creating environment hook '/home/hzh/ros2_learn/chapt8/chapt8_ws/install/fishbot_navigation2/share/fishbot_navigation2/hook/cmake_prefix_path.ps1'
[3.564s] INFO:colcon.colcon_core.shell:Creating environment descriptor '/home/hzh/ros2_learn/chapt8/chapt8_ws/install/fishbot_navigation2/share/fishbot_navigation2/hook/cmake_prefix_path.dsv'
[3.570s] INFO:colcon.colcon_core.shell:Creating environment hook '/home/hzh/ros2_learn/chapt8/chapt8_ws/install/fishbot_navigation2/share/fishbot_navigation2/hook/cmake_prefix_path.sh'
[3.573s] Level 1:colcon.colcon_core.environment:checking '/home/hzh/ros2_learn/chapt8/chapt8_ws/install/fishbot_navigation2/bin'
[3.573s] Level 1:colcon.colcon_core.environment:checking '/home/hzh/ros2_learn/chapt8/chapt8_ws/install/fishbot_navigation2/lib/pkgconfig/fishbot_navigation2.pc'
[3.575s] Level 1:colcon.colcon_core.environment:checking '/home/hzh/ros2_learn/chapt8/chapt8_ws/install/fishbot_navigation2/lib/python3.10/site-packages'
[3.578s] Level 1:colcon.colcon_core.environment:checking '/home/hzh/ros2_learn/chapt8/chapt8_ws/install/fishbot_navigation2/bin'
[3.579s] INFO:colcon.colcon_core.shell:Creating package script '/home/hzh/ros2_learn/chapt8/chapt8_ws/install/fishbot_navigation2/share/fishbot_navigation2/package.ps1'
[3.582s] INFO:colcon.colcon_core.shell:Creating package descriptor '/home/hzh/ros2_learn/chapt8/chapt8_ws/install/fishbot_navigation2/share/fishbot_navigation2/package.dsv'
[3.583s] INFO:colcon.colcon_core.shell:Creating package script '/home/hzh/ros2_learn/chapt8/chapt8_ws/install/fishbot_navigation2/share/fishbot_navigation2/package.sh'
[3.587s] INFO:colcon.colcon_core.shell:Creating package script '/home/hzh/ros2_learn/chapt8/chapt8_ws/install/fishbot_navigation2/share/fishbot_navigation2/package.bash'
[3.592s] INFO:colcon.colcon_core.shell:Creating package script '/home/hzh/ros2_learn/chapt8/chapt8_ws/install/fishbot_navigation2/share/fishbot_navigation2/package.zsh'
[3.595s] Level 1:colcon.colcon_core.environment:create_file_with_runtime_dependencies(/home/hzh/ros2_learn/chapt8/chapt8_ws/install/fishbot_navigation2/share/colcon-core/packages/fishbot_navigation2)
[3.597s] INFO:colcon.colcon_ros.task.ament_cmake.build:Building ROS package in '/home/hzh/ros2_learn/chapt8/chapt8_ws/src/nav2_custom_planner' with build type 'ament_cmake'
[3.597s] INFO:colcon.colcon_cmake.task.cmake.build:Building CMake package in '/home/hzh/ros2_learn/chapt8/chapt8_ws/src/nav2_custom_planner'
[3.599s] INFO:colcon.colcon_core.shell:Skip shell extension 'powershell' for command environment: Not usable outside of PowerShell
[3.601s] DEBUG:colcon.colcon_core.shell:Skip shell extension 'dsv' for command environment
[3.623s] DEBUG:colcon.colcon_core.event_handler.log_command:Invoking command in '/home/hzh/ros2_learn/chapt8/chapt8_ws/build/nav2_custom_planner': CMAKE_PREFIX_PATH=${CMAKE_PREFIX_PATH}:/home/hzh/ros2_learn/chapt8/chapt8_ws/install/fishbot_application:/home/hzh/ros2_learn/chapt8/chapt8_ws/install/autopartol_robot:/opt/ros/humble /usr/bin/cmake --build /home/hzh/ros2_learn/chapt8/chapt8_ws/build/nav2_custom_planner -- -j4 -l4
[3.880s] DEBUG:colcon.colcon_core.event_handler.log_command:Invoked command in '/home/hzh/ros2_learn/chapt8/chapt8_ws/build/nav2_custom_planner' returned '0': CMAKE_PREFIX_PATH=${CMAKE_PREFIX_PATH}:/home/hzh/ros2_learn/chapt8/chapt8_ws/install/fishbot_application:/home/hzh/ros2_learn/chapt8/chapt8_ws/install/autopartol_robot:/opt/ros/humble /usr/bin/cmake --build /home/hzh/ros2_learn/chapt8/chapt8_ws/build/nav2_custom_planner -- -j4 -l4
[3.890s] DEBUG:colcon.colcon_core.event_handler.log_command:Invoking command in '/home/hzh/ros2_learn/chapt8/chapt8_ws/build/nav2_custom_planner': CMAKE_PREFIX_PATH=${CMAKE_PREFIX_PATH}:/home/hzh/ros2_learn/chapt8/chapt8_ws/install/fishbot_application:/home/hzh/ros2_learn/chapt8/chapt8_ws/install/autopartol_robot:/opt/ros/humble /usr/bin/cmake --install /home/hzh/ros2_learn/chapt8/chapt8_ws/build/nav2_custom_planner
[3.926s] Level 1:colcon.colcon_core.environment:create_environment_scripts_only(nav2_custom_planner)
[3.927s] Level 1:colcon.colcon_core.environment:checking '/home/hzh/ros2_learn/chapt8/chapt8_ws/install/nav2_custom_planner' for CMake module files
[3.928s] Level 1:colcon.colcon_core.environment:checking '/home/hzh/ros2_learn/chapt8/chapt8_ws/install/nav2_custom_planner' for CMake config files
[3.928s] Level 1:colcon.colcon_core.shell:create_environment_hook('nav2_custom_planner', 'cmake_prefix_path')
[3.929s] INFO:colcon.colcon_core.shell:Creating environment hook '/home/hzh/ros2_learn/chapt8/chapt8_ws/install/nav2_custom_planner/share/nav2_custom_planner/hook/cmake_prefix_path.ps1'
[3.931s] DEBUG:colcon.colcon_core.event_handler.log_command:Invoked command in '/home/hzh/ros2_learn/chapt8/chapt8_ws/build/nav2_custom_planner' returned '0': CMAKE_PREFIX_PATH=${CMAKE_PREFIX_PATH}:/home/hzh/ros2_learn/chapt8/chapt8_ws/install/fishbot_application:/home/hzh/ros2_learn/chapt8/chapt8_ws/install/autopartol_robot:/opt/ros/humble /usr/bin/cmake --install /home/hzh/ros2_learn/chapt8/chapt8_ws/build/nav2_custom_planner
[3.933s] INFO:colcon.colcon_core.shell:Creating environment descriptor '/home/hzh/ros2_learn/chapt8/chapt8_ws/install/nav2_custom_planner/share/nav2_custom_planner/hook/cmake_prefix_path.dsv'
[3.935s] INFO:colcon.colcon_core.shell:Creating environment hook '/home/hzh/ros2_learn/chapt8/chapt8_ws/install/nav2_custom_planner/share/nav2_custom_planner/hook/cmake_prefix_path.sh'
[3.938s] Level 1:colcon.colcon_core.environment:checking '/home/hzh/ros2_learn/chapt8/chapt8_ws/install/nav2_custom_planner/lib'
[3.939s] Level 1:colcon.colcon_core.shell:create_environment_hook('nav2_custom_planner', 'ld_library_path_lib')
[3.940s] INFO:colcon.colcon_core.shell:Creating environment hook '/home/hzh/ros2_learn/chapt8/chapt8_ws/install/nav2_custom_planner/share/nav2_custom_planner/hook/ld_library_path_lib.ps1'
[3.943s] INFO:colcon.colcon_core.shell:Creating environment descriptor '/home/hzh/ros2_learn/chapt8/chapt8_ws/install/nav2_custom_planner/share/nav2_custom_planner/hook/ld_library_path_lib.dsv'
[3.944s] INFO:colcon.colcon_core.shell:Creating environment hook '/home/hzh/ros2_learn/chapt8/chapt8_ws/install/nav2_custom_planner/share/nav2_custom_planner/hook/ld_library_path_lib.sh'
[3.946s] Level 1:colcon.colcon_core.environment:checking '/home/hzh/ros2_learn/chapt8/chapt8_ws/install/nav2_custom_planner/bin'
[3.946s] Level 1:colcon.colcon_core.environment:checking '/home/hzh/ros2_learn/chapt8/chapt8_ws/install/nav2_custom_planner/lib/pkgconfig/nav2_custom_planner.pc'
[3.947s] Level 1:colcon.colcon_core.environment:checking '/home/hzh/ros2_learn/chapt8/chapt8_ws/install/nav2_custom_planner/lib/python3.10/site-packages'
[3.948s] Level 1:colcon.colcon_core.environment:checking '/home/hzh/ros2_learn/chapt8/chapt8_ws/install/nav2_custom_planner/bin'
[3.948s] INFO:colcon.colcon_core.shell:Creating package script '/home/hzh/ros2_learn/chapt8/chapt8_ws/install/nav2_custom_planner/share/nav2_custom_planner/package.ps1'
[3.950s] INFO:colcon.colcon_core.shell:Creating package descriptor '/home/hzh/ros2_learn/chapt8/chapt8_ws/install/nav2_custom_planner/share/nav2_custom_planner/package.dsv'
[3.956s] INFO:colcon.colcon_core.shell:Creating package script '/home/hzh/ros2_learn/chapt8/chapt8_ws/install/nav2_custom_planner/share/nav2_custom_planner/package.sh'
[3.959s] INFO:colcon.colcon_core.shell:Creating package script '/home/hzh/ros2_learn/chapt8/chapt8_ws/install/nav2_custom_planner/share/nav2_custom_planner/package.bash'
[3.961s] INFO:colcon.colcon_core.shell:Creating package script '/home/hzh/ros2_learn/chapt8/chapt8_ws/install/nav2_custom_planner/share/nav2_custom_planner/package.zsh'
[3.962s] Level 1:colcon.colcon_core.environment:create_file_with_runtime_dependencies(/home/hzh/ros2_learn/chapt8/chapt8_ws/install/nav2_custom_planner/share/colcon-core/packages/nav2_custom_planner)
[3.965s] Level 1:colcon.colcon_core.environment:create_environment_scripts_only(nav2_custom_planner)
[3.969s] Level 1:colcon.colcon_core.environment:checking '/home/hzh/ros2_learn/chapt8/chapt8_ws/install/nav2_custom_planner' for CMake module files
[3.970s] Level 1:colcon.colcon_core.environment:checking '/home/hzh/ros2_learn/chapt8/chapt8_ws/install/nav2_custom_planner' for CMake config files
[3.970s] Level 1:colcon.colcon_core.shell:create_environment_hook('nav2_custom_planner', 'cmake_prefix_path')
[3.971s] INFO:colcon.colcon_core.shell:Creating environment hook '/home/hzh/ros2_learn/chapt8/chapt8_ws/install/nav2_custom_planner/share/nav2_custom_planner/hook/cmake_prefix_path.ps1'
[3.977s] INFO:colcon.colcon_core.shell:Creating environment descriptor '/home/hzh/ros2_learn/chapt8/chapt8_ws/install/nav2_custom_planner/share/nav2_custom_planner/hook/cmake_prefix_path.dsv'
[3.981s] INFO:colcon.colcon_core.shell:Creating environment hook '/home/hzh/ros2_learn/chapt8/chapt8_ws/install/nav2_custom_planner/share/nav2_custom_planner/hook/cmake_prefix_path.sh'
[3.983s] Level 1:colcon.colcon_core.environment:checking '/home/hzh/ros2_learn/chapt8/chapt8_ws/install/nav2_custom_planner/lib'
[3.983s] Level 1:colcon.colcon_core.shell:create_environment_hook('nav2_custom_planner', 'ld_library_path_lib')
[3.987s] INFO:colcon.colcon_core.shell:Creating environment hook '/home/hzh/ros2_learn/chapt8/chapt8_ws/install/nav2_custom_planner/share/nav2_custom_planner/hook/ld_library_path_lib.ps1'
[3.989s] INFO:colcon.colcon_core.shell:Creating environment descriptor '/home/hzh/ros2_learn/chapt8/chapt8_ws/install/nav2_custom_planner/share/nav2_custom_planner/hook/ld_library_path_lib.dsv'
[3.991s] INFO:colcon.colcon_core.shell:Creating environment hook '/home/hzh/ros2_learn/chapt8/chapt8_ws/install/nav2_custom_planner/share/nav2_custom_planner/hook/ld_library_path_lib.sh'
[3.993s] Level 1:colcon.colcon_core.environment:checking '/home/hzh/ros2_learn/chapt8/chapt8_ws/install/nav2_custom_planner/bin'
[3.994s] Level 1:colcon.colcon_core.environment:checking '/home/hzh/ros2_learn/chapt8/chapt8_ws/install/nav2_custom_planner/lib/pkgconfig/nav2_custom_planner.pc'
[3.995s] Level 1:colcon.colcon_core.environment:checking '/home/hzh/ros2_learn/chapt8/chapt8_ws/install/nav2_custom_planner/lib/python3.10/site-packages'
[3.996s] Level 1:colcon.colcon_core.environment:checking '/home/hzh/ros2_learn/chapt8/chapt8_ws/install/nav2_custom_planner/bin'
[3.997s] INFO:colcon.colcon_core.shell:Creating package script '/home/hzh/ros2_learn/chapt8/chapt8_ws/install/nav2_custom_planner/share/nav2_custom_planner/package.ps1'
[3.999s] INFO:colcon.colcon_core.shell:Creating package descriptor '/home/hzh/ros2_learn/chapt8/chapt8_ws/install/nav2_custom_planner/share/nav2_custom_planner/package.dsv'
[4.001s] INFO:colcon.colcon_core.shell:Creating package script '/home/hzh/ros2_learn/chapt8/chapt8_ws/install/nav2_custom_planner/share/nav2_custom_planner/package.sh'
[4.003s] INFO:colcon.colcon_core.shell:Creating package script '/home/hzh/ros2_learn/chapt8/chapt8_ws/install/nav2_custom_planner/share/nav2_custom_planner/package.bash'
[4.005s] INFO:colcon.colcon_core.shell:Creating package script '/home/hzh/ros2_learn/chapt8/chapt8_ws/install/nav2_custom_planner/share/nav2_custom_planner/package.zsh'
[4.007s] Level 1:colcon.colcon_core.environment:create_file_with_runtime_dependencies(/home/hzh/ros2_learn/chapt8/chapt8_ws/install/nav2_custom_planner/share/colcon-core/packages/nav2_custom_planner)
[4.148s] DEBUG:colcon.colcon_core.event_handler.log_command:Invoking command in '/home/hzh/ros2_learn/chapt8/chapt8_ws/src/autopartol_robot': PYTHONPATH=/home/hzh/ros2_learn/chapt8/chapt8_ws/build/autopartol_robot/prefix_override:/usr/lib/python3/dist-packages/colcon_core/task/python/colcon_distutils_commands:/home/hzh/ros2_learn/chapt8/chapt8_ws/install/autopartol_robot/lib/python3.10/site-packages:${PYTHONPATH} /usr/bin/python3 -W ignore:setup.py install is deprecated -W ignore:easy_install command is deprecated setup.py egg_info --egg-base ../../build/autopartol_robot build --build-base /home/hzh/ros2_learn/chapt8/chapt8_ws/build/autopartol_robot/build install --record /home/hzh/ros2_learn/chapt8/chapt8_ws/build/autopartol_robot/install.log --single-version-externally-managed install_data
[4.270s] DEBUG:colcon.colcon_core.event_handler.log_command:Invoking command in '/home/hzh/ros2_learn/chapt8/chapt8_ws/src/fishbot_application': PYTHONPATH=/home/hzh/ros2_learn/chapt8/chapt8_ws/build/fishbot_application/prefix_override:/usr/lib/python3/dist-packages/colcon_core/task/python/colcon_distutils_commands:/home/hzh/ros2_learn/chapt8/chapt8_ws/install/fishbot_application/lib/python3.10/site-packages:${PYTHONPATH} /usr/bin/python3 -W ignore:setup.py install is deprecated -W ignore:easy_install command is deprecated setup.py egg_info --egg-base ../../build/fishbot_application build --build-base /home/hzh/ros2_learn/chapt8/chapt8_ws/build/fishbot_application/build install --record /home/hzh/ros2_learn/chapt8/chapt8_ws/build/fishbot_application/install.log --single-version-externally-managed install_data
[4.989s] Level 1:colcon.colcon_core.environment:checking '/home/hzh/ros2_learn/chapt8/chapt8_ws/install/autopartol_robot' for CMake module files
[4.992s] Level 1:colcon.colcon_core.environment:checking '/home/hzh/ros2_learn/chapt8/chapt8_ws/install/autopartol_robot' for CMake config files
[4.993s] Level 1:colcon.colcon_core.environment:checking '/home/hzh/ros2_learn/chapt8/chapt8_ws/install/autopartol_robot/lib'
[4.993s] Level 1:colcon.colcon_core.environment:checking '/home/hzh/ros2_learn/chapt8/chapt8_ws/install/autopartol_robot/bin'
[4.993s] Level 1:colcon.colcon_core.environment:checking '/home/hzh/ros2_learn/chapt8/chapt8_ws/install/autopartol_robot/lib/pkgconfig/autopartol_robot.pc'
[4.990s] DEBUG:colcon.colcon_core.event_handler.log_command:Invoked command in '/home/hzh/ros2_learn/chapt8/chapt8_ws/src/autopartol_robot' returned '0': PYTHONPATH=/home/hzh/ros2_learn/chapt8/chapt8_ws/build/autopartol_robot/prefix_override:/usr/lib/python3/dist-packages/colcon_core/task/python/colcon_distutils_commands:/home/hzh/ros2_learn/chapt8/chapt8_ws/install/autopartol_robot/lib/python3.10/site-packages:${PYTHONPATH} /usr/bin/python3 -W ignore:setup.py install is deprecated -W ignore:easy_install command is deprecated setup.py egg_info --egg-base ../../build/autopartol_robot build --build-base /home/hzh/ros2_learn/chapt8/chapt8_ws/build/autopartol_robot/build install --record /home/hzh/ros2_learn/chapt8/chapt8_ws/build/autopartol_robot/install.log --single-version-externally-managed install_data
[4.998s] Level 1:colcon.colcon_core.environment:checking '/home/hzh/ros2_learn/chapt8/chapt8_ws/install/autopartol_robot/lib/python3.10/site-packages'
[5.000s] Level 1:colcon.colcon_core.shell:create_environment_hook('autopartol_robot', 'pythonpath')
[5.003s] INFO:colcon.colcon_core.shell:Creating environment hook '/home/hzh/ros2_learn/chapt8/chapt8_ws/install/autopartol_robot/share/autopartol_robot/hook/pythonpath.ps1'
[5.011s] INFO:colcon.colcon_core.shell:Creating environment descriptor '/home/hzh/ros2_learn/chapt8/chapt8_ws/install/autopartol_robot/share/autopartol_robot/hook/pythonpath.dsv'
[5.012s] INFO:colcon.colcon_core.shell:Creating environment hook '/home/hzh/ros2_learn/chapt8/chapt8_ws/install/autopartol_robot/share/autopartol_robot/hook/pythonpath.sh'
[5.016s] Level 1:colcon.colcon_core.environment:checking '/home/hzh/ros2_learn/chapt8/chapt8_ws/install/autopartol_robot/bin'
[5.017s] Level 1:colcon.colcon_core.environment:create_environment_scripts_only(autopartol_robot)
[5.018s] INFO:colcon.colcon_core.shell:Creating package script '/home/hzh/ros2_learn/chapt8/chapt8_ws/install/autopartol_robot/share/autopartol_robot/package.ps1'
[5.021s] INFO:colcon.colcon_core.shell:Creating package descriptor '/home/hzh/ros2_learn/chapt8/chapt8_ws/install/autopartol_robot/share/autopartol_robot/package.dsv'
[5.023s] INFO:colcon.colcon_core.shell:Creating package script '/home/hzh/ros2_learn/chapt8/chapt8_ws/install/autopartol_robot/share/autopartol_robot/package.sh'
[5.026s] INFO:colcon.colcon_core.shell:Creating package script '/home/hzh/ros2_learn/chapt8/chapt8_ws/install/autopartol_robot/share/autopartol_robot/package.bash'
[5.028s] INFO:colcon.colcon_core.shell:Creating package script '/home/hzh/ros2_learn/chapt8/chapt8_ws/install/autopartol_robot/share/autopartol_robot/package.zsh'
[5.029s] Level 1:colcon.colcon_core.environment:create_file_with_runtime_dependencies(/home/hzh/ros2_learn/chapt8/chapt8_ws/install/autopartol_robot/share/colcon-core/packages/autopartol_robot)
[5.154s] Level 1:colcon.colcon_core.environment:checking '/home/hzh/ros2_learn/chapt8/chapt8_ws/install/fishbot_application' for CMake module files
[5.157s] DEBUG:colcon.colcon_core.event_handler.log_command:Invoked command in '/home/hzh/ros2_learn/chapt8/chapt8_ws/src/fishbot_application' returned '0': PYTHONPATH=/home/hzh/ros2_learn/chapt8/chapt8_ws/build/fishbot_application/prefix_override:/usr/lib/python3/dist-packages/colcon_core/task/python/colcon_distutils_commands:/home/hzh/ros2_learn/chapt8/chapt8_ws/install/fishbot_application/lib/python3.10/site-packages:${PYTHONPATH} /usr/bin/python3 -W ignore:setup.py install is deprecated -W ignore:easy_install command is deprecated setup.py egg_info --egg-base ../../build/fishbot_application build --build-base /home/hzh/ros2_learn/chapt8/chapt8_ws/build/fishbot_application/build install --record /home/hzh/ros2_learn/chapt8/chapt8_ws/build/fishbot_application/install.log --single-version-externally-managed install_data
[5.157s] Level 1:colcon.colcon_core.environment:checking '/home/hzh/ros2_learn/chapt8/chapt8_ws/install/fishbot_application' for CMake config files
[5.158s] Level 1:colcon.colcon_core.environment:checking '/home/hzh/ros2_learn/chapt8/chapt8_ws/install/fishbot_application/lib'
[5.158s] Level 1:colcon.colcon_core.environment:checking '/home/hzh/ros2_learn/chapt8/chapt8_ws/install/fishbot_application/bin'
[5.158s] Level 1:colcon.colcon_core.environment:checking '/home/hzh/ros2_learn/chapt8/chapt8_ws/install/fishbot_application/lib/pkgconfig/fishbot_application.pc'
[5.158s] Level 1:colcon.colcon_core.environment:checking '/home/hzh/ros2_learn/chapt8/chapt8_ws/install/fishbot_application/lib/python3.10/site-packages'
[5.158s] Level 1:colcon.colcon_core.shell:create_environment_hook('fishbot_application', 'pythonpath')
[5.159s] INFO:colcon.colcon_core.shell:Creating environment hook '/home/hzh/ros2_learn/chapt8/chapt8_ws/install/fishbot_application/share/fishbot_application/hook/pythonpath.ps1'
[5.166s] INFO:colcon.colcon_core.shell:Creating environment descriptor '/home/hzh/ros2_learn/chapt8/chapt8_ws/install/fishbot_application/share/fishbot_application/hook/pythonpath.dsv'
[5.170s] INFO:colcon.colcon_core.shell:Creating environment hook '/home/hzh/ros2_learn/chapt8/chapt8_ws/install/fishbot_application/share/fishbot_application/hook/pythonpath.sh'
[5.173s] Level 1:colcon.colcon_core.environment:checking '/home/hzh/ros2_learn/chapt8/chapt8_ws/install/fishbot_application/bin'
[5.174s] Level 1:colcon.colcon_core.environment:create_environment_scripts_only(fishbot_application)
[5.174s] INFO:colcon.colcon_core.shell:Creating package script '/home/hzh/ros2_learn/chapt8/chapt8_ws/install/fishbot_application/share/fishbot_application/package.ps1'
[5.178s] INFO:colcon.colcon_core.shell:Creating package descriptor '/home/hzh/ros2_learn/chapt8/chapt8_ws/install/fishbot_application/share/fishbot_application/package.dsv'
[5.185s] INFO:colcon.colcon_core.shell:Creating package script '/home/hzh/ros2_learn/chapt8/chapt8_ws/install/fishbot_application/share/fishbot_application/package.sh'
[5.186s] INFO:colcon.colcon_core.shell:Creating package script '/home/hzh/ros2_learn/chapt8/chapt8_ws/install/fishbot_application/share/fishbot_application/package.bash'
[5.187s] INFO:colcon.colcon_core.shell:Creating package script '/home/hzh/ros2_learn/chapt8/chapt8_ws/install/fishbot_application/share/fishbot_application/package.zsh'
[5.188s] Level 1:colcon.colcon_core.environment:create_file_with_runtime_dependencies(/home/hzh/ros2_learn/chapt8/chapt8_ws/install/fishbot_application/share/colcon-core/packages/fishbot_application)
[7.967s] DEBUG:colcon.colcon_core.event_handler.log_command:Invoked command in '/home/hzh/ros2_learn/chapt8/chapt8_ws/build/nav2_custom_controller' returned '0': CMAKE_PREFIX_PATH=${CMAKE_PREFIX_PATH}:/home/hzh/ros2_learn/chapt8/chapt8_ws/install/fishbot_application:/home/hzh/ros2_learn/chapt8/chapt8_ws/install/autopartol_robot:/opt/ros/humble /usr/bin/cmake /home/hzh/ros2_learn/chapt8/chapt8_ws/src/nav2_custom_controller -DCMAKE_INSTALL_PREFIX=/home/hzh/ros2_learn/chapt8/chapt8_ws/install/nav2_custom_controller
[7.971s] DEBUG:colcon.colcon_core.event_handler.log_command:Invoking command in '/home/hzh/ros2_learn/chapt8/chapt8_ws/build/nav2_custom_controller': CMAKE_PREFIX_PATH=${CMAKE_PREFIX_PATH}:/home/hzh/ros2_learn/chapt8/chapt8_ws/install/fishbot_application:/home/hzh/ros2_learn/chapt8/chapt8_ws/install/autopartol_robot:/opt/ros/humble /usr/bin/cmake --build /home/hzh/ros2_learn/chapt8/chapt8_ws/build/nav2_custom_controller -- -j4 -l4
[16.504s] DEBUG:colcon.colcon_core.event_handler.log_command:Invoked command in '/home/hzh/ros2_learn/chapt8/chapt8_ws/build/nav2_custom_controller' returned '0': CMAKE_PREFIX_PATH=${CMAKE_PREFIX_PATH}:/home/hzh/ros2_learn/chapt8/chapt8_ws/install/fishbot_application:/home/hzh/ros2_learn/chapt8/chapt8_ws/install/autopartol_robot:/opt/ros/humble /usr/bin/cmake --build /home/hzh/ros2_learn/chapt8/chapt8_ws/build/nav2_custom_controller -- -j4 -l4
[16.510s] DEBUG:colcon.colcon_core.event_handler.log_command:Invoking command in '/home/hzh/ros2_learn/chapt8/chapt8_ws/build/nav2_custom_controller': CMAKE_PREFIX_PATH=${CMAKE_PREFIX_PATH}:/home/hzh/ros2_learn/chapt8/chapt8_ws/install/fishbot_application:/home/hzh/ros2_learn/chapt8/chapt8_ws/install/autopartol_robot:/opt/ros/humble /usr/bin/cmake --install /home/hzh/ros2_learn/chapt8/chapt8_ws/build/nav2_custom_controller
[16.533s] Level 1:colcon.colcon_core.environment:create_environment_scripts_only(nav2_custom_controller)
[16.533s] Level 1:colcon.colcon_core.environment:checking '/home/hzh/ros2_learn/chapt8/chapt8_ws/install/nav2_custom_controller' for CMake module files
[16.534s] DEBUG:colcon.colcon_core.event_handler.log_command:Invoked command in '/home/hzh/ros2_learn/chapt8/chapt8_ws/build/nav2_custom_controller' returned '0': CMAKE_PREFIX_PATH=${CMAKE_PREFIX_PATH}:/home/hzh/ros2_learn/chapt8/chapt8_ws/install/fishbot_application:/home/hzh/ros2_learn/chapt8/chapt8_ws/install/autopartol_robot:/opt/ros/humble /usr/bin/cmake --install /home/hzh/ros2_learn/chapt8/chapt8_ws/build/nav2_custom_controller
[16.535s] Level 1:colcon.colcon_core.environment:checking '/home/hzh/ros2_learn/chapt8/chapt8_ws/install/nav2_custom_controller' for CMake config files
[16.535s] Level 1:colcon.colcon_core.shell:create_environment_hook('nav2_custom_controller', 'cmake_prefix_path')
[16.535s] INFO:colcon.colcon_core.shell:Creating environment hook '/home/hzh/ros2_learn/chapt8/chapt8_ws/install/nav2_custom_controller/share/nav2_custom_controller/hook/cmake_prefix_path.ps1'
[16.537s] INFO:colcon.colcon_core.shell:Creating environment descriptor '/home/hzh/ros2_learn/chapt8/chapt8_ws/install/nav2_custom_controller/share/nav2_custom_controller/hook/cmake_prefix_path.dsv'
[16.538s] INFO:colcon.colcon_core.shell:Creating environment hook '/home/hzh/ros2_learn/chapt8/chapt8_ws/install/nav2_custom_controller/share/nav2_custom_controller/hook/cmake_prefix_path.sh'
[16.541s] Level 1:colcon.colcon_core.environment:checking '/home/hzh/ros2_learn/chapt8/chapt8_ws/install/nav2_custom_controller/lib'
[16.541s] Level 1:colcon.colcon_core.shell:create_environment_hook('nav2_custom_controller', 'ld_library_path_lib')
[16.542s] INFO:colcon.colcon_core.shell:Creating environment hook '/home/hzh/ros2_learn/chapt8/chapt8_ws/install/nav2_custom_controller/share/nav2_custom_controller/hook/ld_library_path_lib.ps1'
[16.543s] INFO:colcon.colcon_core.shell:Creating environment descriptor '/home/hzh/ros2_learn/chapt8/chapt8_ws/install/nav2_custom_controller/share/nav2_custom_controller/hook/ld_library_path_lib.dsv'
[16.544s] INFO:colcon.colcon_core.shell:Creating environment hook '/home/hzh/ros2_learn/chapt8/chapt8_ws/install/nav2_custom_controller/share/nav2_custom_controller/hook/ld_library_path_lib.sh'
[16.546s] Level 1:colcon.colcon_core.environment:checking '/home/hzh/ros2_learn/chapt8/chapt8_ws/install/nav2_custom_controller/bin'
[16.546s] Level 1:colcon.colcon_core.environment:checking '/home/hzh/ros2_learn/chapt8/chapt8_ws/install/nav2_custom_controller/lib/pkgconfig/nav2_custom_controller.pc'
[16.547s] Level 1:colcon.colcon_core.environment:checking '/home/hzh/ros2_learn/chapt8/chapt8_ws/install/nav2_custom_controller/lib/python3.10/site-packages'
[16.547s] Level 1:colcon.colcon_core.environment:checking '/home/hzh/ros2_learn/chapt8/chapt8_ws/install/nav2_custom_controller/bin'
[16.548s] INFO:colcon.colcon_core.shell:Creating package script '/home/hzh/ros2_learn/chapt8/chapt8_ws/install/nav2_custom_controller/share/nav2_custom_controller/package.ps1'
[16.549s] INFO:colcon.colcon_core.shell:Creating package descriptor '/home/hzh/ros2_learn/chapt8/chapt8_ws/install/nav2_custom_controller/share/nav2_custom_controller/package.dsv'
[16.550s] INFO:colcon.colcon_core.shell:Creating package script '/home/hzh/ros2_learn/chapt8/chapt8_ws/install/nav2_custom_controller/share/nav2_custom_controller/package.sh'
[16.550s] INFO:colcon.colcon_core.shell:Creating package script '/home/hzh/ros2_learn/chapt8/chapt8_ws/install/nav2_custom_controller/share/nav2_custom_controller/package.bash'
[16.553s] INFO:colcon.colcon_core.shell:Creating package script '/home/hzh/ros2_learn/chapt8/chapt8_ws/install/nav2_custom_controller/share/nav2_custom_controller/package.zsh'
[16.553s] Level 1:colcon.colcon_core.environment:create_file_with_runtime_dependencies(/home/hzh/ros2_learn/chapt8/chapt8_ws/install/nav2_custom_controller/share/colcon-core/packages/nav2_custom_controller)
[16.554s] Level 1:colcon.colcon_core.environment:create_environment_scripts_only(nav2_custom_controller)
[16.554s] Level 1:colcon.colcon_core.environment:checking '/home/hzh/ros2_learn/chapt8/chapt8_ws/install/nav2_custom_controller' for CMake module files
[16.555s] Level 1:colcon.colcon_core.environment:checking '/home/hzh/ros2_learn/chapt8/chapt8_ws/install/nav2_custom_controller' for CMake config files
[16.555s] Level 1:colcon.colcon_core.shell:create_environment_hook('nav2_custom_controller', 'cmake_prefix_path')
[16.556s] INFO:colcon.colcon_core.shell:Creating environment hook '/home/hzh/ros2_learn/chapt8/chapt8_ws/install/nav2_custom_controller/share/nav2_custom_controller/hook/cmake_prefix_path.ps1'
[16.558s] INFO:colcon.colcon_core.shell:Creating environment descriptor '/home/hzh/ros2_learn/chapt8/chapt8_ws/install/nav2_custom_controller/share/nav2_custom_controller/hook/cmake_prefix_path.dsv'
[16.559s] INFO:colcon.colcon_core.shell:Creating environment hook '/home/hzh/ros2_learn/chapt8/chapt8_ws/install/nav2_custom_controller/share/nav2_custom_controller/hook/cmake_prefix_path.sh'
[16.561s] Level 1:colcon.colcon_core.environment:checking '/home/hzh/ros2_learn/chapt8/chapt8_ws/install/nav2_custom_controller/lib'
[16.561s] Level 1:colcon.colcon_core.shell:create_environment_hook('nav2_custom_controller', 'ld_library_path_lib')
[16.561s] INFO:colcon.colcon_core.shell:Creating environment hook '/home/hzh/ros2_learn/chapt8/chapt8_ws/install/nav2_custom_controller/share/nav2_custom_controller/hook/ld_library_path_lib.ps1'
[16.562s] INFO:colcon.colcon_core.shell:Creating environment descriptor '/home/hzh/ros2_learn/chapt8/chapt8_ws/install/nav2_custom_controller/share/nav2_custom_controller/hook/ld_library_path_lib.dsv'
[16.563s] INFO:colcon.colcon_core.shell:Creating environment hook '/home/hzh/ros2_learn/chapt8/chapt8_ws/install/nav2_custom_controller/share/nav2_custom_controller/hook/ld_library_path_lib.sh'
[16.564s] Level 1:colcon.colcon_core.environment:checking '/home/hzh/ros2_learn/chapt8/chapt8_ws/install/nav2_custom_controller/bin'
[16.564s] Level 1:colcon.colcon_core.environment:checking '/home/hzh/ros2_learn/chapt8/chapt8_ws/install/nav2_custom_controller/lib/pkgconfig/nav2_custom_controller.pc'
[16.564s] Level 1:colcon.colcon_core.environment:checking '/home/hzh/ros2_learn/chapt8/chapt8_ws/install/nav2_custom_controller/lib/python3.10/site-packages'
[16.564s] Level 1:colcon.colcon_core.environment:checking '/home/hzh/ros2_learn/chapt8/chapt8_ws/install/nav2_custom_controller/bin'
[16.565s] INFO:colcon.colcon_core.shell:Creating package script '/home/hzh/ros2_learn/chapt8/chapt8_ws/install/nav2_custom_controller/share/nav2_custom_controller/package.ps1'
[16.567s] INFO:colcon.colcon_core.shell:Creating package descriptor '/home/hzh/ros2_learn/chapt8/chapt8_ws/install/nav2_custom_controller/share/nav2_custom_controller/package.dsv'
[16.568s] INFO:colcon.colcon_core.shell:Creating package script '/home/hzh/ros2_learn/chapt8/chapt8_ws/install/nav2_custom_controller/share/nav2_custom_controller/package.sh'
[16.569s] INFO:colcon.colcon_core.shell:Creating package script '/home/hzh/ros2_learn/chapt8/chapt8_ws/install/nav2_custom_controller/share/nav2_custom_controller/package.bash'
[16.570s] INFO:colcon.colcon_core.shell:Creating package script '/home/hzh/ros2_learn/chapt8/chapt8_ws/install/nav2_custom_controller/share/nav2_custom_controller/package.zsh'
[16.572s] Level 1:colcon.colcon_core.environment:create_file_with_runtime_dependencies(/home/hzh/ros2_learn/chapt8/chapt8_ws/install/nav2_custom_controller/share/colcon-core/packages/nav2_custom_controller)
[16.573s] DEBUG:colcon.colcon_parallel_executor.executor.parallel:closing loop
[16.574s] DEBUG:colcon.colcon_parallel_executor.executor.parallel:loop closed
[16.574s] DEBUG:colcon.colcon_parallel_executor.executor.parallel:run_until_complete finished with '0'
[16.574s] DEBUG:colcon.colcon_core.event_reactor:joining thread
[16.593s] INFO:colcon.colcon_core.plugin_system:Skipping extension 'colcon_notification.desktop_notification.terminal_notifier': Not used on non-Darwin systems
[16.594s] INFO:colcon.colcon_core.plugin_system:Skipping extension 'colcon_notification.desktop_notification.win32': Not used on non-Windows systems
[16.594s] INFO:colcon.colcon_notification.desktop_notification:Sending desktop notification using 'notify2'
[16.632s] DEBUG:colcon.colcon_core.event_reactor:joined thread
[16.632s] INFO:colcon.colcon_core.shell:Creating prefix script '/home/hzh/ros2_learn/chapt8/chapt8_ws/install/local_setup.ps1'
[16.636s] INFO:colcon.colcon_core.shell:Creating prefix util module '/home/hzh/ros2_learn/chapt8/chapt8_ws/install/_local_setup_util_ps1.py'
[16.641s] INFO:colcon.colcon_core.shell:Creating prefix chain script '/home/hzh/ros2_learn/chapt8/chapt8_ws/install/setup.ps1'
[16.646s] INFO:colcon.colcon_core.shell:Creating prefix script '/home/hzh/ros2_learn/chapt8/chapt8_ws/install/local_setup.sh'
[16.648s] INFO:colcon.colcon_core.shell:Creating prefix util module '/home/hzh/ros2_learn/chapt8/chapt8_ws/install/_local_setup_util_sh.py'
[16.651s] INFO:colcon.colcon_core.shell:Creating prefix chain script '/home/hzh/ros2_learn/chapt8/chapt8_ws/install/setup.sh'
[16.657s] INFO:colcon.colcon_core.shell:Creating prefix script '/home/hzh/ros2_learn/chapt8/chapt8_ws/install/local_setup.bash'
[16.660s] INFO:colcon.colcon_core.shell:Creating prefix chain script '/home/hzh/ros2_learn/chapt8/chapt8_ws/install/setup.bash'
[16.665s] INFO:colcon.colcon_core.shell:Creating prefix script '/home/hzh/ros2_learn/chapt8/chapt8_ws/install/local_setup.zsh'
[16.668s] INFO:colcon.colcon_core.shell:Creating prefix chain script '/home/hzh/ros2_learn/chapt8/chapt8_ws/install/setup.zsh'
