[0.037s] Invoking command in '/home/hzh/ros2_learn/chapt6/chapt6_ws/build/fishbot_description': CMAKE_PREFIX_PATH=${CMAKE_PREFIX_PATH}:/opt/ros/humble /usr/bin/cmake --build /home/hzh/ros2_learn/chapt6/chapt6_ws/build/fishbot_description -- -j4 -l4
[0.338s] Invoked command in '/home/hzh/ros2_learn/chapt6/chapt6_ws/build/fishbot_description' returned '0': CMAKE_PREFIX_PATH=${CMAKE_PREFIX_PATH}:/opt/ros/humble /usr/bin/cmake --build /home/hzh/ros2_learn/chapt6/chapt6_ws/build/fishbot_description -- -j4 -l4
[0.374s] Invoking command in '/home/hzh/ros2_learn/chapt6/chapt6_ws/build/fishbot_description': CMAKE_PREFIX_PATH=${CMAKE_PREFIX_PATH}:/opt/ros/humble /usr/bin/cmake --install /home/hzh/ros2_learn/chapt6/chapt6_ws/build/fishbot_description
[0.401s] -- Install configuration: ""
[0.403s] -- Up-to-date: /home/hzh/ros2_learn/chapt6/chapt6_ws/install/fishbot_description/share/fishbot_description/launch
[0.404s] -- Up-to-date: /home/hzh/ros2_learn/chapt6/chapt6_ws/install/fishbot_description/share/fishbot_description/launch/display_robot.launch.py
[0.404s] -- Installing: /home/hzh/ros2_learn/chapt6/chapt6_ws/install/fishbot_description/share/fishbot_description/launch/gazebo_sim.launch.py
[0.404s] -- Up-to-date: /home/hzh/ros2_learn/chapt6/chapt6_ws/install/fishbot_description/share/fishbot_description/launch/__pycache__
[0.406s] -- Installing: /home/hzh/ros2_learn/chapt6/chapt6_ws/install/fishbot_description/share/fishbot_description/launch/__pycache__/display_robot.launch.cpython-310.pyc
[0.407s] -- Up-to-date: /home/hzh/ros2_learn/chapt6/chapt6_ws/install/fishbot_description/share/fishbot_description/urdf
[0.409s] -- Up-to-date: /home/hzh/ros2_learn/chapt6/chapt6_ws/install/fishbot_description/share/fishbot_description/urdf/first_robot.urdf
[0.411s] -- Up-to-date: /home/hzh/ros2_learn/chapt6/chapt6_ws/install/fishbot_description/share/fishbot_description/urdf/first_robot.pdf
[0.412s] -- Up-to-date: /home/hzh/ros2_learn/chapt6/chapt6_ws/install/fishbot_description/share/fishbot_description/urdf/first_robot.gv
[0.412s] -- Up-to-date: /home/hzh/ros2_learn/chapt6/chapt6_ws/install/fishbot_description/share/fishbot_description/urdf/first_robot.xacro
[0.413s] -- Up-to-date: /home/hzh/ros2_learn/chapt6/chapt6_ws/install/fishbot_description/share/fishbot_description/urdf/fishbot
[0.413s] -- Up-to-date: /home/hzh/ros2_learn/chapt6/chapt6_ws/install/fishbot_description/share/fishbot_description/urdf/fishbot/actuator
[0.414s] -- Up-to-date: /home/hzh/ros2_learn/chapt6/chapt6_ws/install/fishbot_description/share/fishbot_description/urdf/fishbot/actuator/caster.urdf.xacro
[0.414s] -- Up-to-date: /home/hzh/ros2_learn/chapt6/chapt6_ws/install/fishbot_description/share/fishbot_description/urdf/fishbot/actuator/wheel.urdf.xacro
[0.415s] -- Up-to-date: /home/hzh/ros2_learn/chapt6/chapt6_ws/install/fishbot_description/share/fishbot_description/urdf/fishbot/common_inertia.xacro
[0.416s] -- Up-to-date: /home/hzh/ros2_learn/chapt6/chapt6_ws/install/fishbot_description/share/fishbot_description/urdf/fishbot/sensor
[0.417s] -- Up-to-date: /home/hzh/ros2_learn/chapt6/chapt6_ws/install/fishbot_description/share/fishbot_description/urdf/fishbot/sensor/laser.urdf.xacro
[0.418s] -- Up-to-date: /home/hzh/ros2_learn/chapt6/chapt6_ws/install/fishbot_description/share/fishbot_description/urdf/fishbot/sensor/imu.urdf.xacro
[0.418s] -- Up-to-date: /home/hzh/ros2_learn/chapt6/chapt6_ws/install/fishbot_description/share/fishbot_description/urdf/fishbot/sensor/camera.urdf.xacro
[0.419s] -- Up-to-date: /home/hzh/ros2_learn/chapt6/chapt6_ws/install/fishbot_description/share/fishbot_description/urdf/fishbot/base.urdf.xacro
[0.419s] -- Up-to-date: /home/hzh/ros2_learn/chapt6/chapt6_ws/install/fishbot_description/share/fishbot_description/urdf/fishbot/fishbot.urdf.xacro
[0.419s] -- Up-to-date: /home/hzh/ros2_learn/chapt6/chapt6_ws/install/fishbot_description/share/fishbot_description/config
[0.419s] -- Up-to-date: /home/hzh/ros2_learn/chapt6/chapt6_ws/install/fishbot_description/share/fishbot_description/config/display_robot_model.rviz
[0.420s] -- Up-to-date: /home/hzh/ros2_learn/chapt6/chapt6_ws/install/fishbot_description/share/ament_index/resource_index/package_run_dependencies/fishbot_description
[0.421s] -- Up-to-date: /home/hzh/ros2_learn/chapt6/chapt6_ws/install/fishbot_description/share/ament_index/resource_index/parent_prefix_path/fishbot_description
[0.422s] -- Up-to-date: /home/hzh/ros2_learn/chapt6/chapt6_ws/install/fishbot_description/share/fishbot_description/environment/ament_prefix_path.sh
[0.423s] -- Up-to-date: /home/hzh/ros2_learn/chapt6/chapt6_ws/install/fishbot_description/share/fishbot_description/environment/ament_prefix_path.dsv
[0.424s] -- Up-to-date: /home/hzh/ros2_learn/chapt6/chapt6_ws/install/fishbot_description/share/fishbot_description/environment/path.sh
[0.425s] -- Up-to-date: /home/hzh/ros2_learn/chapt6/chapt6_ws/install/fishbot_description/share/fishbot_description/environment/path.dsv
[0.425s] -- Up-to-date: /home/hzh/ros2_learn/chapt6/chapt6_ws/install/fishbot_description/share/fishbot_description/local_setup.bash
[0.426s] -- Up-to-date: /home/hzh/ros2_learn/chapt6/chapt6_ws/install/fishbot_description/share/fishbot_description/local_setup.sh
[0.427s] -- Up-to-date: /home/hzh/ros2_learn/chapt6/chapt6_ws/install/fishbot_description/share/fishbot_description/local_setup.zsh
[0.427s] -- Up-to-date: /home/hzh/ros2_learn/chapt6/chapt6_ws/install/fishbot_description/share/fishbot_description/local_setup.dsv
[0.427s] -- Installing: /home/hzh/ros2_learn/chapt6/chapt6_ws/install/fishbot_description/share/fishbot_description/package.dsv
[0.428s] -- Up-to-date: /home/hzh/ros2_learn/chapt6/chapt6_ws/install/fishbot_description/share/ament_index/resource_index/packages/fishbot_description
[0.428s] -- Up-to-date: /home/hzh/ros2_learn/chapt6/chapt6_ws/install/fishbot_description/share/fishbot_description/cmake/fishbot_descriptionConfig.cmake
[0.429s] -- Up-to-date: /home/hzh/ros2_learn/chapt6/chapt6_ws/install/fishbot_description/share/fishbot_description/cmake/fishbot_descriptionConfig-version.cmake
[0.430s] -- Up-to-date: /home/hzh/ros2_learn/chapt6/chapt6_ws/install/fishbot_description/share/fishbot_description/package.xml
[0.431s] Invoked command in '/home/hzh/ros2_learn/chapt6/chapt6_ws/build/fishbot_description' returned '0': CMAKE_PREFIX_PATH=${CMAKE_PREFIX_PATH}:/opt/ros/humble /usr/bin/cmake --install /home/hzh/ros2_learn/chapt6/chapt6_ws/build/fishbot_description
