[1.870s] Invoking command in '/home/hzh/ros2_learn/chapt7/chapt7_ws/src/fishbot_application': PYTHONPATH=/home/hzh/ros2_learn/chapt7/chapt7_ws/build/fishbot_application/prefix_override:/usr/lib/python3/dist-packages/colcon_core/task/python/colcon_distutils_commands:/home/hzh/ros2_learn/chapt7/chapt7_ws/install/fishbot_application/lib/python3.10/site-packages:${PYTHONPATH} /usr/bin/python3 -W ignore:setup.py install is deprecated -W ignore:easy_install command is deprecated setup.py egg_info --egg-base ../../build/fishbot_application build --build-base /home/hzh/ros2_learn/chapt7/chapt7_ws/build/fishbot_application/build install --record /home/hzh/ros2_learn/chapt7/chapt7_ws/build/fishbot_application/install.log --single-version-externally-managed install_data
[2.307s] running egg_info
[2.308s] writing ../../build/fishbot_application/fishbot_application.egg-info/PKG-INFO
[2.309s] writing dependency_links to ../../build/fishbot_application/fishbot_application.egg-info/dependency_links.txt
[2.309s] writing entry points to ../../build/fishbot_application/fishbot_application.egg-info/entry_points.txt
[2.310s] writing requirements to ../../build/fishbot_application/fishbot_application.egg-info/requires.txt
[2.311s] writing top-level names to ../../build/fishbot_application/fishbot_application.egg-info/top_level.txt
[2.317s] reading manifest file '../../build/fishbot_application/fishbot_application.egg-info/SOURCES.txt'
[2.318s] adding license file 'LICENSE'
[2.318s] writing manifest file '../../build/fishbot_application/fishbot_application.egg-info/SOURCES.txt'
[2.318s] running build
[2.320s] running build_py
[2.320s] running install
[2.320s] running install_lib
[2.322s] running install_data
[2.322s] running install_egg_info
[2.325s] removing '/home/hzh/ros2_learn/chapt7/chapt7_ws/install/fishbot_application/lib/python3.10/site-packages/fishbot_application-0.0.0-py3.10.egg-info' (and everything under it)
[2.325s] Copying ../../build/fishbot_application/fishbot_application.egg-info to /home/hzh/ros2_learn/chapt7/chapt7_ws/install/fishbot_application/lib/python3.10/site-packages/fishbot_application-0.0.0-py3.10.egg-info
[2.328s] running install_scripts
[2.369s] Installing get_robot_pose script to /home/hzh/ros2_learn/chapt7/chapt7_ws/install/fishbot_application/lib/fishbot_application
[2.371s] Installing init_robot_pose script to /home/hzh/ros2_learn/chapt7/chapt7_ws/install/fishbot_application/lib/fishbot_application
[2.371s] Installing nav_to_pose script to /home/hzh/ros2_learn/chapt7/chapt7_ws/install/fishbot_application/lib/fishbot_application
[2.372s] Installing waypoint_follower script to /home/hzh/ros2_learn/chapt7/chapt7_ws/install/fishbot_application/lib/fishbot_application
[2.373s] writing list of installed files to '/home/hzh/ros2_learn/chapt7/chapt7_ws/build/fishbot_application/install.log'
[2.438s] Invoked command in '/home/hzh/ros2_learn/chapt7/chapt7_ws/src/fishbot_application' returned '0': PYTHONPATH=/home/hzh/ros2_learn/chapt7/chapt7_ws/build/fishbot_application/prefix_override:/usr/lib/python3/dist-packages/colcon_core/task/python/colcon_distutils_commands:/home/hzh/ros2_learn/chapt7/chapt7_ws/install/fishbot_application/lib/python3.10/site-packages:${PYTHONPATH} /usr/bin/python3 -W ignore:setup.py install is deprecated -W ignore:easy_install command is deprecated setup.py egg_info --egg-base ../../build/fishbot_application build --build-base /home/hzh/ros2_learn/chapt7/chapt7_ws/build/fishbot_application/build install --record /home/hzh/ros2_learn/chapt7/chapt7_ws/build/fishbot_application/install.log --single-version-externally-managed install_data
