[0.020s] Invoking command in '/home/hzh/chapt2/chapt2_ws/build/demo_cpp_pkg': CMAKE_PREFIX_PATH=/opt/ros/humble /usr/bin/cmake --build /home/hzh/chapt2/chapt2_ws/build/demo_cpp_pkg -- -j4 -l4
[0.072s] -- Found ament_cmake: 1.3.14 (/opt/ros/humble/share/ament_cmake/cmake)
[0.297s] -- Found rclcpp: 16.0.19 (/opt/ros/humble/share/rclcpp/cmake)
[0.337s] -- Found rosidl_generator_c: 3.1.8 (/opt/ros/humble/share/rosidl_generator_c/cmake)
[0.343s] -- Found rosidl_adapter: 3.1.8 (/opt/ros/humble/share/rosidl_adapter/cmake)
[0.350s] -- Found rosidl_generator_cpp: 3.1.8 (/opt/ros/humble/share/rosidl_generator_cpp/cmake)
[0.364s] -- Using all available rosidl_typesupport_c: rosidl_typesupport_fastrtps_c;rosidl_typesupport_introspection_c
[0.380s] -- Using all available rosidl_typesupport_cpp: rosidl_typesupport_fastrtps_cpp;rosidl_typesupport_introspection_cpp
[0.420s] -- Found rmw_implementation_cmake: 6.1.2 (/opt/ros/humble/share/rmw_implementation_cmake/cmake)
[0.421s] -- Found rmw_fastrtps_cpp: 6.2.10 (/opt/ros/humble/share/rmw_fastrtps_cpp/cmake)
[0.573s] -- Using RMW implementation 'rmw_fastrtps_cpp' as default
[0.640s] -- Found ament_lint_auto: 0.12.15 (/opt/ros/humble/share/ament_lint_auto/cmake)
[0.767s] -- Added test 'cppcheck' to perform static code analysis on C / C++ code
[0.768s] -- Configured cppcheck include dirs: /home/hzh/chapt2/chapt2_ws/src/demo_cpp_pkg/include
[0.769s] -- Configured cppcheck exclude dirs and/or files: 
[0.773s] -- Added test 'flake8' to check Python code syntax and style conventions
[0.782s] -- Added test 'lint_cmake' to check CMake code style
[0.786s] -- Added test 'pep257' to check Python code against some of the docstring style conventions in PEP 257
[0.813s] -- Added test 'uncrustify' to check C / C++ code style
[0.813s] -- Configured uncrustify additional arguments: 
[0.817s] -- Added test 'xmllint' to check XML markup files
[0.819s] -- Configuring done
[0.874s] -- Generating done
[0.892s] -- Build files have been written to: /home/hzh/chapt2/chapt2_ws/build/demo_cpp_pkg
[0.941s] [35m[1mConsolidate compiler generated dependencies of target cpp_node[0m
[0.944s] [35m[1mConsolidate compiler generated dependencies of target learn_auto[0m
[0.958s] [35m[1mConsolidate compiler generated dependencies of target person_node[0m
[0.962s] [35m[1mConsolidate compiler generated dependencies of target learn_shared_ptr[0m
[0.975s] [  7%] [32mBuilding CXX object CMakeFiles/learn_auto.dir/src/learn_auto.cpp.o[0m
[0.991s] [ 14%] [32mBuilding CXX object CMakeFiles/cpp_node.dir/src/cpp_node.cpp.o[0m
[0.997s] [ 21%] [32mBuilding CXX object CMakeFiles/learn_shared_ptr.dir/src/learn_shared_ptr.cpp.o[0m
[1.002s] [ 28%] [32mBuilding CXX object CMakeFiles/person_node.dir/src/person_node.cpp.o[0m
[1.560s] [ 35%] [32m[1mLinking CXX executable learn_auto[0m
[1.810s] [ 42%] [32m[1mLinking CXX executable learn_shared_ptr[0m
[1.940s] [ 42%] Built target learn_auto
[1.975s] [35m[1mConsolidate compiler generated dependencies of target learn_lambda[0m
[2.032s] [ 50%] [32mBuilding CXX object CMakeFiles/learn_lambda.dir/src/learn_lambda.cpp.o[0m
[2.129s] [ 50%] Built target learn_shared_ptr
[2.180s] [35m[1mConsolidate compiler generated dependencies of target learn_functional[0m
[2.237s] [ 57%] [32mBuilding CXX object CMakeFiles/learn_functional.dir/src/learn_functional.cpp.o[0m
[2.916s] [ 64%] [32m[1mLinking CXX executable learn_lambda[0m
[3.120s] [ 64%] Built target learn_lambda
[3.169s] [ 71%] [32mBuilding CXX object CMakeFiles/learn_thread.dir/src/learn_thread.cpp.o[0m
[3.287s] [ 78%] [32m[1mLinking CXX executable learn_functional[0m
[3.572s] [ 78%] Built target learn_functional
[7.267s] [ 85%] [32m[1mLinking CXX executable person_node[0m
[7.527s] [ 92%] [32m[1mLinking CXX executable cpp_node[0m
[7.618s] [ 92%] Built target person_node
[7.902s] [ 92%] Built target cpp_node
[11.469s] [100%] [32m[1mLinking CXX executable learn_thread[0m
[11.789s] [100%] Built target learn_thread
[11.813s] Invoked command in '/home/hzh/chapt2/chapt2_ws/build/demo_cpp_pkg' returned '0': CMAKE_PREFIX_PATH=/opt/ros/humble /usr/bin/cmake --build /home/hzh/chapt2/chapt2_ws/build/demo_cpp_pkg -- -j4 -l4
[11.833s] Invoking command in '/home/hzh/chapt2/chapt2_ws/build/demo_cpp_pkg': CMAKE_PREFIX_PATH=/opt/ros/humble /usr/bin/cmake --install /home/hzh/chapt2/chapt2_ws/build/demo_cpp_pkg
[11.858s] -- Install configuration: ""
[11.860s] -- Installing: /home/hzh/chapt2/chapt2_ws/install/demo_cpp_pkg/lib/demo_cpp_pkg/cpp_node
[11.860s] -- Set runtime path of "/home/hzh/chapt2/chapt2_ws/install/demo_cpp_pkg/lib/demo_cpp_pkg/cpp_node" to ""
[11.862s] -- Installing: /home/hzh/chapt2/chapt2_ws/install/demo_cpp_pkg/lib/demo_cpp_pkg/person_node
[11.863s] -- Set runtime path of "/home/hzh/chapt2/chapt2_ws/install/demo_cpp_pkg/lib/demo_cpp_pkg/person_node" to ""
[11.865s] -- Installing: /home/hzh/chapt2/chapt2_ws/install/demo_cpp_pkg/lib/demo_cpp_pkg/learn_auto
[11.867s] -- Set runtime path of "/home/hzh/chapt2/chapt2_ws/install/demo_cpp_pkg/lib/demo_cpp_pkg/learn_auto" to ""
[11.867s] -- Installing: /home/hzh/chapt2/chapt2_ws/install/demo_cpp_pkg/lib/demo_cpp_pkg/learn_shared_ptr
[11.867s] -- Set runtime path of "/home/hzh/chapt2/chapt2_ws/install/demo_cpp_pkg/lib/demo_cpp_pkg/learn_shared_ptr" to ""
[11.867s] -- Installing: /home/hzh/chapt2/chapt2_ws/install/demo_cpp_pkg/lib/demo_cpp_pkg/learn_lambda
[11.870s] -- Set runtime path of "/home/hzh/chapt2/chapt2_ws/install/demo_cpp_pkg/lib/demo_cpp_pkg/learn_lambda" to ""
[11.870s] -- Installing: /home/hzh/chapt2/chapt2_ws/install/demo_cpp_pkg/lib/demo_cpp_pkg/learn_functional
[11.871s] -- Set runtime path of "/home/hzh/chapt2/chapt2_ws/install/demo_cpp_pkg/lib/demo_cpp_pkg/learn_functional" to ""
[11.871s] -- Installing: /home/hzh/chapt2/chapt2_ws/install/demo_cpp_pkg/lib/demo_cpp_pkg/learn_thread
[11.884s] -- Set runtime path of "/home/hzh/chapt2/chapt2_ws/install/demo_cpp_pkg/lib/demo_cpp_pkg/learn_thread" to ""
[11.884s] -- Up-to-date: /home/hzh/chapt2/chapt2_ws/install/demo_cpp_pkg/share/ament_index/resource_index/package_run_dependencies/demo_cpp_pkg
[11.884s] -- Installing: /home/hzh/chapt2/chapt2_ws/install/demo_cpp_pkg/share/ament_index/resource_index/parent_prefix_path/demo_cpp_pkg
[11.886s] -- Up-to-date: /home/hzh/chapt2/chapt2_ws/install/demo_cpp_pkg/share/demo_cpp_pkg/environment/ament_prefix_path.sh
[11.886s] -- Installing: /home/hzh/chapt2/chapt2_ws/install/demo_cpp_pkg/share/demo_cpp_pkg/environment/ament_prefix_path.dsv
[11.887s] -- Up-to-date: /home/hzh/chapt2/chapt2_ws/install/demo_cpp_pkg/share/demo_cpp_pkg/environment/path.sh
[11.887s] -- Installing: /home/hzh/chapt2/chapt2_ws/install/demo_cpp_pkg/share/demo_cpp_pkg/environment/path.dsv
[11.887s] -- Up-to-date: /home/hzh/chapt2/chapt2_ws/install/demo_cpp_pkg/share/demo_cpp_pkg/local_setup.bash
[11.888s] -- Up-to-date: /home/hzh/chapt2/chapt2_ws/install/demo_cpp_pkg/share/demo_cpp_pkg/local_setup.sh
[11.888s] -- Up-to-date: /home/hzh/chapt2/chapt2_ws/install/demo_cpp_pkg/share/demo_cpp_pkg/local_setup.zsh
[11.888s] -- Installing: /home/hzh/chapt2/chapt2_ws/install/demo_cpp_pkg/share/demo_cpp_pkg/local_setup.dsv
[11.889s] -- Installing: /home/hzh/chapt2/chapt2_ws/install/demo_cpp_pkg/share/demo_cpp_pkg/package.dsv
[11.892s] -- Up-to-date: /home/hzh/chapt2/chapt2_ws/install/demo_cpp_pkg/share/ament_index/resource_index/packages/demo_cpp_pkg
[11.892s] -- Up-to-date: /home/hzh/chapt2/chapt2_ws/install/demo_cpp_pkg/share/demo_cpp_pkg/cmake/demo_cpp_pkgConfig.cmake
[11.892s] -- Up-to-date: /home/hzh/chapt2/chapt2_ws/install/demo_cpp_pkg/share/demo_cpp_pkg/cmake/demo_cpp_pkgConfig-version.cmake
[11.892s] -- Up-to-date: /home/hzh/chapt2/chapt2_ws/install/demo_cpp_pkg/share/demo_cpp_pkg/package.xml
[11.895s] Invoked command in '/home/hzh/chapt2/chapt2_ws/build/demo_cpp_pkg' returned '0': CMAKE_PREFIX_PATH=/opt/ros/humble /usr/bin/cmake --install /home/hzh/chapt2/chapt2_ws/build/demo_cpp_pkg
