[0.049s] Invoking command in '/home/hzh/ros2_learn/chapt10/chapt10_ws/build/learn_qos_cpp': CMAKE_PREFIX_PATH=${CMAKE_PREFIX_PATH}:/home/hzh/ros2_learn/chapt10/chapt10_ws/install/learn_lifecyclenode_py:/home/hzh/ros2_learn/chapt10/chapt10_ws/install/learn_executor_py:/home/hzh/ros2_learn/chapt10/chapt10_ws/install/learn_qos_py:/opt/ros/humble /usr/bin/cmake --build /home/hzh/ros2_learn/chapt10/chapt10_ws/build/learn_qos_cpp -- -j4 -l4
[0.290s] [100%] Built target reliability_test
[0.348s] Invoked command in '/home/hzh/ros2_learn/chapt10/chapt10_ws/build/learn_qos_cpp' returned '0': CMAKE_PREFIX_PATH=${CMAKE_PREFIX_PATH}:/home/hzh/ros2_learn/chapt10/chapt10_ws/install/learn_lifecyclenode_py:/home/hzh/ros2_learn/chapt10/chapt10_ws/install/learn_executor_py:/home/hzh/ros2_learn/chapt10/chapt10_ws/install/learn_qos_py:/opt/ros/humble /usr/bin/cmake --build /home/hzh/ros2_learn/chapt10/chapt10_ws/build/learn_qos_cpp -- -j4 -l4
[0.349s] Invoking command in '/home/hzh/ros2_learn/chapt10/chapt10_ws/build/learn_qos_cpp': CMAKE_PREFIX_PATH=${CMAKE_PREFIX_PATH}:/home/hzh/ros2_learn/chapt10/chapt10_ws/install/learn_lifecyclenode_py:/home/hzh/ros2_learn/chapt10/chapt10_ws/install/learn_executor_py:/home/hzh/ros2_learn/chapt10/chapt10_ws/install/learn_qos_py:/opt/ros/humble /usr/bin/cmake --install /home/hzh/ros2_learn/chapt10/chapt10_ws/build/learn_qos_cpp
[0.369s] -- Install configuration: ""
[0.384s] -- Up-to-date: /home/hzh/ros2_learn/chapt10/chapt10_ws/install/learn_qos_cpp/lib/learn_qos_cpp/reliability_test
[0.385s] -- Up-to-date: /home/hzh/ros2_learn/chapt10/chapt10_ws/install/learn_qos_cpp/share/ament_index/resource_index/package_run_dependencies/learn_qos_cpp
[0.386s] -- Up-to-date: /home/hzh/ros2_learn/chapt10/chapt10_ws/install/learn_qos_cpp/share/ament_index/resource_index/parent_prefix_path/learn_qos_cpp
[0.386s] -- Up-to-date: /home/hzh/ros2_learn/chapt10/chapt10_ws/install/learn_qos_cpp/share/learn_qos_cpp/environment/ament_prefix_path.sh
[0.386s] -- Up-to-date: /home/hzh/ros2_learn/chapt10/chapt10_ws/install/learn_qos_cpp/share/learn_qos_cpp/environment/ament_prefix_path.dsv
[0.386s] -- Up-to-date: /home/hzh/ros2_learn/chapt10/chapt10_ws/install/learn_qos_cpp/share/learn_qos_cpp/environment/path.sh
[0.386s] -- Up-to-date: /home/hzh/ros2_learn/chapt10/chapt10_ws/install/learn_qos_cpp/share/learn_qos_cpp/environment/path.dsv
[0.389s] -- Up-to-date: /home/hzh/ros2_learn/chapt10/chapt10_ws/install/learn_qos_cpp/share/learn_qos_cpp/local_setup.bash
[0.391s] -- Up-to-date: /home/hzh/ros2_learn/chapt10/chapt10_ws/install/learn_qos_cpp/share/learn_qos_cpp/local_setup.sh
[0.391s] -- Up-to-date: /home/hzh/ros2_learn/chapt10/chapt10_ws/install/learn_qos_cpp/share/learn_qos_cpp/local_setup.zsh
[0.391s] -- Up-to-date: /home/hzh/ros2_learn/chapt10/chapt10_ws/install/learn_qos_cpp/share/learn_qos_cpp/local_setup.dsv
[0.391s] -- Installing: /home/hzh/ros2_learn/chapt10/chapt10_ws/install/learn_qos_cpp/share/learn_qos_cpp/package.dsv
[0.391s] -- Up-to-date: /home/hzh/ros2_learn/chapt10/chapt10_ws/install/learn_qos_cpp/share/ament_index/resource_index/packages/learn_qos_cpp
[0.391s] -- Up-to-date: /home/hzh/ros2_learn/chapt10/chapt10_ws/install/learn_qos_cpp/share/learn_qos_cpp/cmake/learn_qos_cppConfig.cmake
[0.391s] -- Up-to-date: /home/hzh/ros2_learn/chapt10/chapt10_ws/install/learn_qos_cpp/share/learn_qos_cpp/cmake/learn_qos_cppConfig-version.cmake
[0.391s] -- Up-to-date: /home/hzh/ros2_learn/chapt10/chapt10_ws/install/learn_qos_cpp/share/learn_qos_cpp/package.xml
