[5.420s] Invoking command in '/home/hzh/ros2_learn/chapt7/chapt7_ws/src/fishbot_application': PYTHONPATH=/home/hzh/ros2_learn/chapt7/chapt7_ws/build/fishbot_application/prefix_override:/usr/lib/python3/dist-packages/colcon_core/task/python/colcon_distutils_commands:/home/hzh/ros2_learn/chapt7/chapt7_ws/install/fishbot_application/lib/python3.10/site-packages:${PYTHONPATH} /usr/bin/python3 -W ignore:setup.py install is deprecated -W ignore:easy_install command is deprecated setup.py egg_info --egg-base ../../build/fishbot_application build --build-base /home/hzh/ros2_learn/chapt7/chapt7_ws/build/fishbot_application/build install --record /home/hzh/ros2_learn/chapt7/chapt7_ws/build/fishbot_application/install.log --single-version-externally-managed install_data
[6.845s] running egg_info
[6.845s] writing ../../build/fishbot_application/fishbot_application.egg-info/PKG-INFO
[6.845s] writing dependency_links to ../../build/fishbot_application/fishbot_application.egg-info/dependency_links.txt
[6.846s] writing entry points to ../../build/fishbot_application/fishbot_application.egg-info/entry_points.txt
[6.846s] writing requirements to ../../build/fishbot_application/fishbot_application.egg-info/requires.txt
[6.846s] writing top-level names to ../../build/fishbot_application/fishbot_application.egg-info/top_level.txt
[6.850s] reading manifest file '../../build/fishbot_application/fishbot_application.egg-info/SOURCES.txt'
[6.850s] adding license file 'LICENSE'
[6.850s] writing manifest file '../../build/fishbot_application/fishbot_application.egg-info/SOURCES.txt'
[6.850s] running build
[6.850s] running build_py
[6.855s] running install
[6.856s] running install_lib
[6.866s] running install_data
[6.867s] running install_egg_info
[6.880s] removing '/home/hzh/ros2_learn/chapt7/chapt7_ws/install/fishbot_application/lib/python3.10/site-packages/fishbot_application-0.0.0-py3.10.egg-info' (and everything under it)
[6.884s] Copying ../../build/fishbot_application/fishbot_application.egg-info to /home/hzh/ros2_learn/chapt7/chapt7_ws/install/fishbot_application/lib/python3.10/site-packages/fishbot_application-0.0.0-py3.10.egg-info
[6.889s] running install_scripts
[6.996s] Installing get_robot_pose script to /home/hzh/ros2_learn/chapt7/chapt7_ws/install/fishbot_application/lib/fishbot_application
[6.996s] Installing init_robot_pose script to /home/hzh/ros2_learn/chapt7/chapt7_ws/install/fishbot_application/lib/fishbot_application
[7.003s] Installing nav_to_pose script to /home/hzh/ros2_learn/chapt7/chapt7_ws/install/fishbot_application/lib/fishbot_application
[7.004s] Installing waypoint_follower script to /home/hzh/ros2_learn/chapt7/chapt7_ws/install/fishbot_application/lib/fishbot_application
[7.021s] writing list of installed files to '/home/hzh/ros2_learn/chapt7/chapt7_ws/build/fishbot_application/install.log'
[7.254s] Invoked command in '/home/hzh/ros2_learn/chapt7/chapt7_ws/src/fishbot_application' returned '0': PYTHONPATH=/home/hzh/ros2_learn/chapt7/chapt7_ws/build/fishbot_application/prefix_override:/usr/lib/python3/dist-packages/colcon_core/task/python/colcon_distutils_commands:/home/hzh/ros2_learn/chapt7/chapt7_ws/install/fishbot_application/lib/python3.10/site-packages:${PYTHONPATH} /usr/bin/python3 -W ignore:setup.py install is deprecated -W ignore:easy_install command is deprecated setup.py egg_info --egg-base ../../build/fishbot_application build --build-base /home/hzh/ros2_learn/chapt7/chapt7_ws/build/fishbot_application/build install --record /home/hzh/ros2_learn/chapt7/chapt7_ws/build/fishbot_application/install.log --single-version-externally-managed install_data
