[3.200s] Invoking command in '/home/hzh/ros2_learn/chapt10/chapt10_ws/src/learn_lifecyclenode_py': PYTHONPATH=/home/hzh/ros2_learn/chapt10/chapt10_ws/build/learn_lifecyclenode_py/prefix_override:/usr/lib/python3/dist-packages/colcon_core/task/python/colcon_distutils_commands:/home/hzh/ros2_learn/chapt10/chapt10_ws/install/learn_lifecyclenode_py/lib/python3.10/site-packages:${PYTHONPATH} /usr/bin/python3 -W ignore:setup.py install is deprecated -W ignore:easy_install command is deprecated setup.py egg_info --egg-base ../../build/learn_lifecyclenode_py build --build-base /home/hzh/ros2_learn/chapt10/chapt10_ws/build/learn_lifecyclenode_py/build install --record /home/hzh/ros2_learn/chapt10/chapt10_ws/build/learn_lifecyclenode_py/install.log --install-scripts $base/lib/learn_lifecyclenode_py --single-version-externally-managed install_data
[4.348s] running egg_info
[4.349s] writing ../../build/learn_lifecyclenode_py/learn_lifecyclenode_py.egg-info/PKG-INFO
[4.352s] writing dependency_links to ../../build/learn_lifecyclenode_py/learn_lifecyclenode_py.egg-info/dependency_links.txt
[4.353s] writing entry points to ../../build/learn_lifecyclenode_py/learn_lifecyclenode_py.egg-info/entry_points.txt
[4.356s] writing requirements to ../../build/learn_lifecyclenode_py/learn_lifecyclenode_py.egg-info/requires.txt
[4.357s] writing top-level names to ../../build/learn_lifecyclenode_py/learn_lifecyclenode_py.egg-info/top_level.txt
[4.368s] reading manifest file '../../build/learn_lifecyclenode_py/learn_lifecyclenode_py.egg-info/SOURCES.txt'
[4.372s] writing manifest file '../../build/learn_lifecyclenode_py/learn_lifecyclenode_py.egg-info/SOURCES.txt'
[4.372s] running build
[4.372s] running build_py
[4.375s] running install
[4.375s] running install_lib
[4.383s] running install_data
[4.383s] running install_egg_info
[4.395s] removing '/home/hzh/ros2_learn/chapt10/chapt10_ws/install/learn_lifecyclenode_py/lib/python3.10/site-packages/learn_lifecyclenode_py-0.0.0-py3.10.egg-info' (and everything under it)
[4.397s] Copying ../../build/learn_lifecyclenode_py/learn_lifecyclenode_py.egg-info to /home/hzh/ros2_learn/chapt10/chapt10_ws/install/learn_lifecyclenode_py/lib/python3.10/site-packages/learn_lifecyclenode_py-0.0.0-py3.10.egg-info
[4.401s] running install_scripts
[4.490s] Installing learn_lifecyclenode script to /home/hzh/ros2_learn/chapt10/chapt10_ws/install/learn_lifecyclenode_py/lib/learn_lifecyclenode_py
[4.490s] writing list of installed files to '/home/hzh/ros2_learn/chapt10/chapt10_ws/build/learn_lifecyclenode_py/install.log'
[4.651s] Invoked command in '/home/hzh/ros2_learn/chapt10/chapt10_ws/src/learn_lifecyclenode_py' returned '0': PYTHONPATH=/home/hzh/ros2_learn/chapt10/chapt10_ws/build/learn_lifecyclenode_py/prefix_override:/usr/lib/python3/dist-packages/colcon_core/task/python/colcon_distutils_commands:/home/hzh/ros2_learn/chapt10/chapt10_ws/install/learn_lifecyclenode_py/lib/python3.10/site-packages:${PYTHONPATH} /usr/bin/python3 -W ignore:setup.py install is deprecated -W ignore:easy_install command is deprecated setup.py egg_info --egg-base ../../build/learn_lifecyclenode_py build --build-base /home/hzh/ros2_learn/chapt10/chapt10_ws/build/learn_lifecyclenode_py/build install --record /home/hzh/ros2_learn/chapt10/chapt10_ws/build/learn_lifecyclenode_py/install.log --install-scripts $base/lib/learn_lifecyclenode_py --single-version-externally-managed install_data
