[0.727s] Invoking command in '/home/hzh/ros2_learn/chapt10/chapt10_ws/build/learn_lifecyclenode_cpp': CMAKE_PREFIX_PATH=${CMAKE_PREFIX_PATH}:/home/hzh/ros2_learn/chapt10/chapt10_ws/install/learn_lifecyclenode_py:/home/hzh/ros2_learn/chapt10/chapt10_ws/install/learn_executor_py:/home/hzh/ros2_learn/chapt10/chapt10_ws/install/learn_qos_py:/opt/ros/humble /usr/bin/cmake --build /home/hzh/ros2_learn/chapt10/chapt10_ws/build/learn_lifecyclenode_cpp -- -j4 -l4
[0.889s] [100%] Built target learn_lifecyclenode
[1.473s] Invoked command in '/home/hzh/ros2_learn/chapt10/chapt10_ws/build/learn_lifecyclenode_cpp' returned '0': CMAKE_PREFIX_PATH=${CMAKE_PREFIX_PATH}:/home/hzh/ros2_learn/chapt10/chapt10_ws/install/learn_lifecyclenode_py:/home/hzh/ros2_learn/chapt10/chapt10_ws/install/learn_executor_py:/home/hzh/ros2_learn/chapt10/chapt10_ws/install/learn_qos_py:/opt/ros/humble /usr/bin/cmake --build /home/hzh/ros2_learn/chapt10/chapt10_ws/build/learn_lifecyclenode_cpp -- -j4 -l4
[1.474s] Invoking command in '/home/hzh/ros2_learn/chapt10/chapt10_ws/build/learn_lifecyclenode_cpp': CMAKE_PREFIX_PATH=${CMAKE_PREFIX_PATH}:/home/hzh/ros2_learn/chapt10/chapt10_ws/install/learn_lifecyclenode_py:/home/hzh/ros2_learn/chapt10/chapt10_ws/install/learn_executor_py:/home/hzh/ros2_learn/chapt10/chapt10_ws/install/learn_qos_py:/opt/ros/humble /usr/bin/cmake --install /home/hzh/ros2_learn/chapt10/chapt10_ws/build/learn_lifecyclenode_cpp
[1.507s] -- Install configuration: ""
[1.512s] -- Up-to-date: /home/hzh/ros2_learn/chapt10/chapt10_ws/install/learn_lifecyclenode_cpp/lib/learn_lifecyclenode_cpp/learn_lifecyclenode
[1.513s] -- Up-to-date: /home/hzh/ros2_learn/chapt10/chapt10_ws/install/learn_lifecyclenode_cpp/share/ament_index/resource_index/package_run_dependencies/learn_lifecyclenode_cpp
[1.517s] -- Up-to-date: /home/hzh/ros2_learn/chapt10/chapt10_ws/install/learn_lifecyclenode_cpp/share/ament_index/resource_index/parent_prefix_path/learn_lifecyclenode_cpp
[1.517s] -- Up-to-date: /home/hzh/ros2_learn/chapt10/chapt10_ws/install/learn_lifecyclenode_cpp/share/learn_lifecyclenode_cpp/environment/ament_prefix_path.sh
[1.522s] -- Up-to-date: /home/hzh/ros2_learn/chapt10/chapt10_ws/install/learn_lifecyclenode_cpp/share/learn_lifecyclenode_cpp/environment/ament_prefix_path.dsv
[1.522s] -- Up-to-date: /home/hzh/ros2_learn/chapt10/chapt10_ws/install/learn_lifecyclenode_cpp/share/learn_lifecyclenode_cpp/environment/path.sh
[1.522s] -- Up-to-date: /home/hzh/ros2_learn/chapt10/chapt10_ws/install/learn_lifecyclenode_cpp/share/learn_lifecyclenode_cpp/environment/path.dsv
[1.522s] -- Up-to-date: /home/hzh/ros2_learn/chapt10/chapt10_ws/install/learn_lifecyclenode_cpp/share/learn_lifecyclenode_cpp/local_setup.bash
[1.522s] -- Up-to-date: /home/hzh/ros2_learn/chapt10/chapt10_ws/install/learn_lifecyclenode_cpp/share/learn_lifecyclenode_cpp/local_setup.sh
[1.522s] -- Up-to-date: /home/hzh/ros2_learn/chapt10/chapt10_ws/install/learn_lifecyclenode_cpp/share/learn_lifecyclenode_cpp/local_setup.zsh
[1.522s] -- Up-to-date: /home/hzh/ros2_learn/chapt10/chapt10_ws/install/learn_lifecyclenode_cpp/share/learn_lifecyclenode_cpp/local_setup.dsv
[1.522s] -- Installing: /home/hzh/ros2_learn/chapt10/chapt10_ws/install/learn_lifecyclenode_cpp/share/learn_lifecyclenode_cpp/package.dsv
[1.522s] -- Up-to-date: /home/hzh/ros2_learn/chapt10/chapt10_ws/install/learn_lifecyclenode_cpp/share/ament_index/resource_index/packages/learn_lifecyclenode_cpp
[1.522s] -- Up-to-date: /home/hzh/ros2_learn/chapt10/chapt10_ws/install/learn_lifecyclenode_cpp/share/learn_lifecyclenode_cpp/cmake/learn_lifecyclenode_cppConfig.cmake
[1.522s] -- Up-to-date: /home/hzh/ros2_learn/chapt10/chapt10_ws/install/learn_lifecyclenode_cpp/share/learn_lifecyclenode_cpp/cmake/learn_lifecyclenode_cppConfig-version.cmake
[1.527s] -- Up-to-date: /home/hzh/ros2_learn/chapt10/chapt10_ws/install/learn_lifecyclenode_cpp/share/learn_lifecyclenode_cpp/package.xml
[1.534s] Invoked command in '/home/hzh/ros2_learn/chapt10/chapt10_ws/build/learn_lifecyclenode_cpp' returned '0': CMAKE_PREFIX_PATH=${CMAKE_PREFIX_PATH}:/home/hzh/ros2_learn/chapt10/chapt10_ws/install/learn_lifecyclenode_py:/home/hzh/ros2_learn/chapt10/chapt10_ws/install/learn_executor_py:/home/hzh/ros2_learn/chapt10/chapt10_ws/install/learn_qos_py:/opt/ros/humble /usr/bin/cmake --install /home/hzh/ros2_learn/chapt10/chapt10_ws/build/learn_lifecyclenode_cpp
