[0.218s] Invoking command in '/home/hzh/ros2_learn/chapt8/chapt8_ws/build/fishbot_navigation2': CMAKE_PREFIX_PATH=/opt/ros/humble /usr/bin/cmake --build /home/hzh/ros2_learn/chapt8/chapt8_ws/build/fishbot_navigation2 -- -j4 -l4
[0.445s] Invoked command in '/home/hzh/ros2_learn/chapt8/chapt8_ws/build/fishbot_navigation2' returned '0': CMAKE_PREFIX_PATH=/opt/ros/humble /usr/bin/cmake --build /home/hzh/ros2_learn/chapt8/chapt8_ws/build/fishbot_navigation2 -- -j4 -l4
[0.447s] Invoking command in '/home/hzh/ros2_learn/chapt8/chapt8_ws/build/fishbot_navigation2': CMAKE_PREFIX_PATH=/opt/ros/humble /usr/bin/cmake --install /home/hzh/ros2_learn/chapt8/chapt8_ws/build/fishbot_navigation2
[0.493s] -- Install configuration: ""
[0.495s] -- Up-to-date: /home/hzh/ros2_learn/chapt8/chapt8_ws/install/fishbot_navigation2/share/fishbot_navigation2/launch
[0.495s] -- Up-to-date: /home/hzh/ros2_learn/chapt8/chapt8_ws/install/fishbot_navigation2/share/fishbot_navigation2/launch/navigation2.launch.py
[0.497s] -- Up-to-date: /home/hzh/ros2_learn/chapt8/chapt8_ws/install/fishbot_navigation2/share/fishbot_navigation2/config
[0.497s] -- Up-to-date: /home/hzh/ros2_learn/chapt8/chapt8_ws/install/fishbot_navigation2/share/fishbot_navigation2/config/nav2_params.yaml
[0.498s] -- Up-to-date: /home/hzh/ros2_learn/chapt8/chapt8_ws/install/fishbot_navigation2/share/fishbot_navigation2/maps
[0.498s] -- Up-to-date: /home/hzh/ros2_learn/chapt8/chapt8_ws/install/fishbot_navigation2/share/fishbot_navigation2/maps/room.pgm
[0.499s] -- Up-to-date: /home/hzh/ros2_learn/chapt8/chapt8_ws/install/fishbot_navigation2/share/fishbot_navigation2/maps/room.yaml
[0.499s] -- Up-to-date: /home/hzh/ros2_learn/chapt8/chapt8_ws/install/fishbot_navigation2/share/ament_index/resource_index/package_run_dependencies/fishbot_navigation2
[0.499s] -- Up-to-date: /home/hzh/ros2_learn/chapt8/chapt8_ws/install/fishbot_navigation2/share/ament_index/resource_index/parent_prefix_path/fishbot_navigation2
[0.499s] -- Up-to-date: /home/hzh/ros2_learn/chapt8/chapt8_ws/install/fishbot_navigation2/share/fishbot_navigation2/environment/ament_prefix_path.sh
[0.501s] -- Up-to-date: /home/hzh/ros2_learn/chapt8/chapt8_ws/install/fishbot_navigation2/share/fishbot_navigation2/environment/ament_prefix_path.dsv
[0.505s] -- Up-to-date: /home/hzh/ros2_learn/chapt8/chapt8_ws/install/fishbot_navigation2/share/fishbot_navigation2/environment/path.sh
[0.506s] -- Up-to-date: /home/hzh/ros2_learn/chapt8/chapt8_ws/install/fishbot_navigation2/share/fishbot_navigation2/environment/path.dsv
[0.506s] -- Up-to-date: /home/hzh/ros2_learn/chapt8/chapt8_ws/install/fishbot_navigation2/share/fishbot_navigation2/local_setup.bash
[0.510s] -- Up-to-date: /home/hzh/ros2_learn/chapt8/chapt8_ws/install/fishbot_navigation2/share/fishbot_navigation2/local_setup.sh
[0.512s] -- Up-to-date: /home/hzh/ros2_learn/chapt8/chapt8_ws/install/fishbot_navigation2/share/fishbot_navigation2/local_setup.zsh
[0.519s] -- Up-to-date: /home/hzh/ros2_learn/chapt8/chapt8_ws/install/fishbot_navigation2/share/fishbot_navigation2/local_setup.dsv
[0.519s] -- Up-to-date: /home/hzh/ros2_learn/chapt8/chapt8_ws/install/fishbot_navigation2/share/fishbot_navigation2/package.dsv
[0.519s] -- Up-to-date: /home/hzh/ros2_learn/chapt8/chapt8_ws/install/fishbot_navigation2/share/ament_index/resource_index/packages/fishbot_navigation2
[0.519s] -- Up-to-date: /home/hzh/ros2_learn/chapt8/chapt8_ws/install/fishbot_navigation2/share/fishbot_navigation2/cmake/fishbot_navigation2Config.cmake
[0.519s] -- Up-to-date: /home/hzh/ros2_learn/chapt8/chapt8_ws/install/fishbot_navigation2/share/fishbot_navigation2/cmake/fishbot_navigation2Config-version.cmake
[0.520s] -- Up-to-date: /home/hzh/ros2_learn/chapt8/chapt8_ws/install/fishbot_navigation2/share/fishbot_navigation2/package.xml
[0.520s] Invoked command in '/home/hzh/ros2_learn/chapt8/chapt8_ws/build/fishbot_navigation2' returned '0': CMAKE_PREFIX_PATH=/opt/ros/humble /usr/bin/cmake --install /home/hzh/ros2_learn/chapt8/chapt8_ws/build/fishbot_navigation2
