[0.017s] Invoking command in '/home/hzh/ros2_learn/chapt4/chapt4_ws/build/chapt4_interfaces': CMAKE_PREFIX_PATH=/opt/ros/humble /usr/bin/cmake /home/hzh/ros2_learn/chapt4/chapt4_ws/src/chapt4_interfaces -DCMAKE_INSTALL_PREFIX=/home/hzh/ros2_learn/chapt4/chapt4_ws/install/chapt4_interfaces
[0.034s] -- Found ament_cmake: 1.3.14 (/opt/ros/humble/share/ament_cmake/cmake)
[0.193s] -- Found sensor_msgs: 4.9.1 (/opt/ros/humble/share/sensor_msgs/cmake)
[0.220s] -- Found rosidl_generator_c: 3.1.8 (/opt/ros/humble/share/rosidl_generator_c/cmake)
[0.222s] -- Found rosidl_adapter: 3.1.8 (/opt/ros/humble/share/rosidl_adapter/cmake)
[0.229s] -- Found rosidl_generator_cpp: 3.1.8 (/opt/ros/humble/share/rosidl_generator_cpp/cmake)
[0.240s] -- Using all available rosidl_typesupport_c: rosidl_typesupport_fastrtps_c;rosidl_typesupport_introspection_c
[0.254s] -- Using all available rosidl_typesupport_cpp: rosidl_typesupport_fastrtps_cpp;rosidl_typesupport_introspection_cpp
[0.321s] [31mCMake Error at CMakeLists.txt:11 (find_package):
[0.321s]   By not providing "Findrosidl__default_generators.cmake" in
[0.321s]   CMAKE_MODULE_PATH this project has asked CMake to find a package
[0.321s]   configuration file provided by "rosidl__default_generators", but CMake did
[0.321s]   not find one.
[0.321s] 
[0.321s]   Could not find a package configuration file provided by
[0.321s]   "rosidl__default_generators" with any of the following names:
[0.321s] 
[0.321s]     rosidl__default_generatorsConfig.cmake
[0.322s]     rosidl__default_generators-config.cmake
[0.322s] 
[0.322s]   Add the installation prefix of "rosidl__default_generators" to
[0.322s]   CMAKE_PREFIX_PATH or set "rosidl__default_generators_DIR" to a directory
[0.322s]   containing one of the above files.  If "rosidl__default_generators"
[0.322s]   provides a separate development package or SDK, be sure it has been
[0.322s]   installed.
[0.322s] 
[0.322s] [0m
[0.322s] -- Configuring incomplete, errors occurred!
[0.322s] See also "/home/hzh/ros2_learn/chapt4/chapt4_ws/build/chapt4_interfaces/CMakeFiles/CMakeOutput.log".
[0.327s] Invoked command in '/home/hzh/ros2_learn/chapt4/chapt4_ws/build/chapt4_interfaces' returned '1': CMAKE_PREFIX_PATH=/opt/ros/humble /usr/bin/cmake /home/hzh/ros2_learn/chapt4/chapt4_ws/src/chapt4_interfaces -DCMAKE_INSTALL_PREFIX=/home/hzh/ros2_learn/chapt4/chapt4_ws/install/chapt4_interfaces
