[0.021s] Invoking command in '/home/hzh/ros2_learn/chapt3/topic_practice_ws/build/status_interfaces': CMAKE_PREFIX_PATH=/opt/ros/humble /usr/bin/cmake --build /home/hzh/ros2_learn/chapt3/topic_practice_ws/build/status_interfaces -- -j4 -l4
[0.134s] [  3%] Built target status_interfaces__rs
[0.149s] [  6%] Built target status_interfaces__cpp
[0.167s] [ 15%] Built target status_interfaces__rosidl_generator_c
[0.205s] [ 15%] Built target ament_cmake_python_copy_status_interfaces
[0.212s] [ 25%] Built target status_interfaces__rosidl_typesupport_fastrtps_cpp
[0.219s] [ 34%] Built target status_interfaces__rosidl_typesupport_introspection_cpp
[0.230s] [ 43%] Built target status_interfaces__rosidl_typesupport_cpp
[0.289s] [ 53%] Built target status_interfaces__rosidl_typesupport_fastrtps_c
[0.290s] [ 62%] Built target status_interfaces__rosidl_typesupport_introspection_c
[0.291s] [ 71%] Built target status_interfaces__rosidl_typesupport_c
[0.343s] [ 71%] Built target status_interfaces
[0.410s] [ 75%] Built target status_interfaces__py
[0.468s] [ 81%] Built target status_interfaces__rosidl_generator_py
[0.529s] [ 87%] Built target status_interfaces__rosidl_typesupport_introspection_c__pyext
[0.547s] [ 96%] Built target status_interfaces__rosidl_typesupport_fastrtps_c__pyext
[0.551s] [100%] Built target status_interfaces__rosidl_typesupport_c__pyext
[0.691s] running egg_info
[0.694s] writing status_interfaces.egg-info/PKG-INFO
[0.694s] writing dependency_links to status_interfaces.egg-info/dependency_links.txt
[0.694s] writing top-level names to status_interfaces.egg-info/top_level.txt
[0.699s] reading manifest file 'status_interfaces.egg-info/SOURCES.txt'
[0.700s] writing manifest file 'status_interfaces.egg-info/SOURCES.txt'
[0.756s] [100%] Built target ament_cmake_python_build_status_interfaces_egg
[0.780s] Invoked command in '/home/hzh/ros2_learn/chapt3/topic_practice_ws/build/status_interfaces' returned '0': CMAKE_PREFIX_PATH=/opt/ros/humble /usr/bin/cmake --build /home/hzh/ros2_learn/chapt3/topic_practice_ws/build/status_interfaces -- -j4 -l4
[0.800s] Invoking command in '/home/hzh/ros2_learn/chapt3/topic_practice_ws/build/status_interfaces': CMAKE_PREFIX_PATH=/opt/ros/humble /usr/bin/cmake --install /home/hzh/ros2_learn/chapt3/topic_practice_ws/build/status_interfaces
[0.811s] -- Install configuration: ""
[0.812s] -- Up-to-date: /home/hzh/ros2_learn/chapt3/topic_practice_ws/install/status_interfaces/share/ament_index/resource_index/rosidl_interfaces/status_interfaces
[0.813s] -- Up-to-date: /home/hzh/ros2_learn/chapt3/topic_practice_ws/install/status_interfaces/include/status_interfaces/status_interfaces
[0.814s] -- Up-to-date: /home/hzh/ros2_learn/chapt3/topic_practice_ws/install/status_interfaces/include/status_interfaces/status_interfaces/msg
[0.814s] -- Up-to-date: /home/hzh/ros2_learn/chapt3/topic_practice_ws/install/status_interfaces/include/status_interfaces/status_interfaces/msg/rosidl_generator_c__visibility_control.h
[0.814s] -- Up-to-date: /home/hzh/ros2_learn/chapt3/topic_practice_ws/install/status_interfaces/include/status_interfaces/status_interfaces/msg/system_status.h
[0.814s] -- Up-to-date: /home/hzh/ros2_learn/chapt3/topic_practice_ws/install/status_interfaces/include/status_interfaces/status_interfaces/msg/detail
[0.814s] -- Up-to-date: /home/hzh/ros2_learn/chapt3/topic_practice_ws/install/status_interfaces/include/status_interfaces/status_interfaces/msg/detail/system_status__type_support.h
[0.814s] -- Up-to-date: /home/hzh/ros2_learn/chapt3/topic_practice_ws/install/status_interfaces/include/status_interfaces/status_interfaces/msg/detail/system_status__functions.h
[0.814s] -- Up-to-date: /home/hzh/ros2_learn/chapt3/topic_practice_ws/install/status_interfaces/include/status_interfaces/status_interfaces/msg/detail/system_status__functions.c
[0.815s] -- Up-to-date: /home/hzh/ros2_learn/chapt3/topic_practice_ws/install/status_interfaces/include/status_interfaces/status_interfaces/msg/detail/system_status__struct.h
[0.815s] -- Up-to-date: /home/hzh/ros2_learn/chapt3/topic_practice_ws/install/status_interfaces/share/status_interfaces/environment/library_path.sh
[0.815s] -- Up-to-date: /home/hzh/ros2_learn/chapt3/topic_practice_ws/install/status_interfaces/share/status_interfaces/environment/library_path.dsv
[0.815s] -- Up-to-date: /home/hzh/ros2_learn/chapt3/topic_practice_ws/install/status_interfaces/lib/libstatus_interfaces__rosidl_generator_c.so
[0.816s] -- Up-to-date: /home/hzh/ros2_learn/chapt3/topic_practice_ws/install/status_interfaces/include/status_interfaces/status_interfaces
[0.816s] -- Up-to-date: /home/hzh/ros2_learn/chapt3/topic_practice_ws/install/status_interfaces/include/status_interfaces/status_interfaces/msg
[0.816s] -- Up-to-date: /home/hzh/ros2_learn/chapt3/topic_practice_ws/install/status_interfaces/include/status_interfaces/status_interfaces/msg/rosidl_typesupport_fastrtps_c__visibility_control.h
[0.816s] -- Up-to-date: /home/hzh/ros2_learn/chapt3/topic_practice_ws/install/status_interfaces/include/status_interfaces/status_interfaces/msg/detail
[0.816s] -- Up-to-date: /home/hzh/ros2_learn/chapt3/topic_practice_ws/install/status_interfaces/include/status_interfaces/status_interfaces/msg/detail/system_status__rosidl_typesupport_fastrtps_c.h
[0.816s] -- Up-to-date: /home/hzh/ros2_learn/chapt3/topic_practice_ws/install/status_interfaces/lib/libstatus_interfaces__rosidl_typesupport_fastrtps_c.so
[0.817s] -- Up-to-date: /home/hzh/ros2_learn/chapt3/topic_practice_ws/install/status_interfaces/include/status_interfaces/status_interfaces
[0.817s] -- Up-to-date: /home/hzh/ros2_learn/chapt3/topic_practice_ws/install/status_interfaces/include/status_interfaces/status_interfaces/msg
[0.817s] -- Up-to-date: /home/hzh/ros2_learn/chapt3/topic_practice_ws/install/status_interfaces/include/status_interfaces/status_interfaces/msg/detail
[0.817s] -- Up-to-date: /home/hzh/ros2_learn/chapt3/topic_practice_ws/install/status_interfaces/include/status_interfaces/status_interfaces/msg/detail/system_status__traits.hpp
[0.818s] -- Up-to-date: /home/hzh/ros2_learn/chapt3/topic_practice_ws/install/status_interfaces/include/status_interfaces/status_interfaces/msg/detail/system_status__builder.hpp
[0.818s] -- Up-to-date: /home/hzh/ros2_learn/chapt3/topic_practice_ws/install/status_interfaces/include/status_interfaces/status_interfaces/msg/detail/system_status__struct.hpp
[0.818s] -- Up-to-date: /home/hzh/ros2_learn/chapt3/topic_practice_ws/install/status_interfaces/include/status_interfaces/status_interfaces/msg/detail/system_status__type_support.hpp
[0.818s] -- Up-to-date: /home/hzh/ros2_learn/chapt3/topic_practice_ws/install/status_interfaces/include/status_interfaces/status_interfaces/msg/rosidl_generator_cpp__visibility_control.hpp
[0.818s] -- Up-to-date: /home/hzh/ros2_learn/chapt3/topic_practice_ws/install/status_interfaces/include/status_interfaces/status_interfaces/msg/system_status.hpp
[0.819s] -- Up-to-date: /home/hzh/ros2_learn/chapt3/topic_practice_ws/install/status_interfaces/include/status_interfaces/status_interfaces
[0.819s] -- Up-to-date: /home/hzh/ros2_learn/chapt3/topic_practice_ws/install/status_interfaces/include/status_interfaces/status_interfaces/msg
[0.819s] -- Up-to-date: /home/hzh/ros2_learn/chapt3/topic_practice_ws/install/status_interfaces/include/status_interfaces/status_interfaces/msg/rosidl_typesupport_fastrtps_cpp__visibility_control.h
[0.819s] -- Up-to-date: /home/hzh/ros2_learn/chapt3/topic_practice_ws/install/status_interfaces/include/status_interfaces/status_interfaces/msg/detail
[0.819s] -- Up-to-date: /home/hzh/ros2_learn/chapt3/topic_practice_ws/install/status_interfaces/include/status_interfaces/status_interfaces/msg/detail/dds_fastrtps
[0.819s] -- Up-to-date: /home/hzh/ros2_learn/chapt3/topic_practice_ws/install/status_interfaces/include/status_interfaces/status_interfaces/msg/detail/system_status__rosidl_typesupport_fastrtps_cpp.hpp
[0.819s] -- Up-to-date: /home/hzh/ros2_learn/chapt3/topic_practice_ws/install/status_interfaces/lib/libstatus_interfaces__rosidl_typesupport_fastrtps_cpp.so
[0.821s] -- Up-to-date: /home/hzh/ros2_learn/chapt3/topic_practice_ws/install/status_interfaces/include/status_interfaces/status_interfaces
[0.821s] -- Up-to-date: /home/hzh/ros2_learn/chapt3/topic_practice_ws/install/status_interfaces/include/status_interfaces/status_interfaces/msg
[0.822s] -- Up-to-date: /home/hzh/ros2_learn/chapt3/topic_practice_ws/install/status_interfaces/include/status_interfaces/status_interfaces/msg/rosidl_typesupport_introspection_c__visibility_control.h
[0.822s] -- Up-to-date: /home/hzh/ros2_learn/chapt3/topic_practice_ws/install/status_interfaces/include/status_interfaces/status_interfaces/msg/detail
[0.822s] -- Up-to-date: /home/hzh/ros2_learn/chapt3/topic_practice_ws/install/status_interfaces/include/status_interfaces/status_interfaces/msg/detail/system_status__type_support.c
[0.822s] -- Up-to-date: /home/hzh/ros2_learn/chapt3/topic_practice_ws/install/status_interfaces/include/status_interfaces/status_interfaces/msg/detail/system_status__rosidl_typesupport_introspection_c.h
[0.822s] -- Up-to-date: /home/hzh/ros2_learn/chapt3/topic_practice_ws/install/status_interfaces/lib/libstatus_interfaces__rosidl_typesupport_introspection_c.so
[0.822s] -- Up-to-date: /home/hzh/ros2_learn/chapt3/topic_practice_ws/install/status_interfaces/lib/libstatus_interfaces__rosidl_typesupport_c.so
[0.822s] -- Up-to-date: /home/hzh/ros2_learn/chapt3/topic_practice_ws/install/status_interfaces/include/status_interfaces/status_interfaces
[0.822s] -- Up-to-date: /home/hzh/ros2_learn/chapt3/topic_practice_ws/install/status_interfaces/include/status_interfaces/status_interfaces/msg
[0.822s] -- Up-to-date: /home/hzh/ros2_learn/chapt3/topic_practice_ws/install/status_interfaces/include/status_interfaces/status_interfaces/msg/detail
[0.822s] -- Up-to-date: /home/hzh/ros2_learn/chapt3/topic_practice_ws/install/status_interfaces/include/status_interfaces/status_interfaces/msg/detail/system_status__type_support.cpp
[0.822s] -- Up-to-date: /home/hzh/ros2_learn/chapt3/topic_practice_ws/install/status_interfaces/include/status_interfaces/status_interfaces/msg/detail/system_status__rosidl_typesupport_introspection_cpp.hpp
[0.822s] -- Up-to-date: /home/hzh/ros2_learn/chapt3/topic_practice_ws/install/status_interfaces/lib/libstatus_interfaces__rosidl_typesupport_introspection_cpp.so
[0.823s] -- Up-to-date: /home/hzh/ros2_learn/chapt3/topic_practice_ws/install/status_interfaces/lib/libstatus_interfaces__rosidl_typesupport_cpp.so
[0.823s] -- Up-to-date: /home/hzh/ros2_learn/chapt3/topic_practice_ws/install/status_interfaces/share/status_interfaces/environment/pythonpath.sh
[0.823s] -- Up-to-date: /home/hzh/ros2_learn/chapt3/topic_practice_ws/install/status_interfaces/share/status_interfaces/environment/pythonpath.dsv
[0.823s] -- Up-to-date: /home/hzh/ros2_learn/chapt3/topic_practice_ws/install/status_interfaces/local/lib/python3.10/dist-packages/status_interfaces-0.0.0-py3.10.egg-info
[0.823s] -- Installing: /home/hzh/ros2_learn/chapt3/topic_practice_ws/install/status_interfaces/local/lib/python3.10/dist-packages/status_interfaces-0.0.0-py3.10.egg-info/dependency_links.txt
[0.823s] -- Installing: /home/hzh/ros2_learn/chapt3/topic_practice_ws/install/status_interfaces/local/lib/python3.10/dist-packages/status_interfaces-0.0.0-py3.10.egg-info/SOURCES.txt
[0.823s] -- Installing: /home/hzh/ros2_learn/chapt3/topic_practice_ws/install/status_interfaces/local/lib/python3.10/dist-packages/status_interfaces-0.0.0-py3.10.egg-info/top_level.txt
[0.823s] -- Installing: /home/hzh/ros2_learn/chapt3/topic_practice_ws/install/status_interfaces/local/lib/python3.10/dist-packages/status_interfaces-0.0.0-py3.10.egg-info/PKG-INFO
[0.823s] -- Up-to-date: /home/hzh/ros2_learn/chapt3/topic_practice_ws/install/status_interfaces/local/lib/python3.10/dist-packages/status_interfaces
[0.823s] -- Up-to-date: /home/hzh/ros2_learn/chapt3/topic_practice_ws/install/status_interfaces/local/lib/python3.10/dist-packages/status_interfaces/_status_interfaces_s.ep.rosidl_typesupport_fastrtps_c.c
[0.823s] -- Up-to-date: /home/hzh/ros2_learn/chapt3/topic_practice_ws/install/status_interfaces/local/lib/python3.10/dist-packages/status_interfaces/status_interfaces_s__rosidl_typesupport_c.cpython-310-x86_64-linux-gnu.so
[0.824s] -- Up-to-date: /home/hzh/ros2_learn/chapt3/topic_practice_ws/install/status_interfaces/local/lib/python3.10/dist-packages/status_interfaces/status_interfaces_s__rosidl_typesupport_fastrtps_c.cpython-310-x86_64-linux-gnu.so
[0.824s] -- Up-to-date: /home/hzh/ros2_learn/chapt3/topic_practice_ws/install/status_interfaces/local/lib/python3.10/dist-packages/status_interfaces/__init__.py
[0.824s] -- Up-to-date: /home/hzh/ros2_learn/chapt3/topic_practice_ws/install/status_interfaces/local/lib/python3.10/dist-packages/status_interfaces/libstatus_interfaces__rosidl_generator_py.so
[0.824s] -- Up-to-date: /home/hzh/ros2_learn/chapt3/topic_practice_ws/install/status_interfaces/local/lib/python3.10/dist-packages/status_interfaces/_status_interfaces_s.ep.rosidl_typesupport_c.c
[0.824s] -- Up-to-date: /home/hzh/ros2_learn/chapt3/topic_practice_ws/install/status_interfaces/local/lib/python3.10/dist-packages/status_interfaces/_status_interfaces_s.ep.rosidl_typesupport_introspection_c.c
[0.824s] -- Up-to-date: /home/hzh/ros2_learn/chapt3/topic_practice_ws/install/status_interfaces/local/lib/python3.10/dist-packages/status_interfaces/msg
[0.824s] -- Up-to-date: /home/hzh/ros2_learn/chapt3/topic_practice_ws/install/status_interfaces/local/lib/python3.10/dist-packages/status_interfaces/msg/__init__.py
[0.824s] -- Up-to-date: /home/hzh/ros2_learn/chapt3/topic_practice_ws/install/status_interfaces/local/lib/python3.10/dist-packages/status_interfaces/msg/_system_status_s.c
[0.827s] -- Up-to-date: /home/hzh/ros2_learn/chapt3/topic_practice_ws/install/status_interfaces/local/lib/python3.10/dist-packages/status_interfaces/msg/_system_status.py
[0.827s] -- Up-to-date: /home/hzh/ros2_learn/chapt3/topic_practice_ws/install/status_interfaces/local/lib/python3.10/dist-packages/status_interfaces/status_interfaces_s__rosidl_typesupport_introspection_c.cpython-310-x86_64-linux-gnu.so
[0.872s] Listing '/home/hzh/ros2_learn/chapt3/topic_practice_ws/install/status_interfaces/local/lib/python3.10/dist-packages/status_interfaces'...
[0.872s] Listing '/home/hzh/ros2_learn/chapt3/topic_practice_ws/install/status_interfaces/local/lib/python3.10/dist-packages/status_interfaces/msg'...
[0.881s] -- Up-to-date: /home/hzh/ros2_learn/chapt3/topic_practice_ws/install/status_interfaces/local/lib/python3.10/dist-packages/status_interfaces/status_interfaces_s__rosidl_typesupport_fastrtps_c.cpython-310-x86_64-linux-gnu.so
[0.881s] -- Up-to-date: /home/hzh/ros2_learn/chapt3/topic_practice_ws/install/status_interfaces/local/lib/python3.10/dist-packages/status_interfaces/status_interfaces_s__rosidl_typesupport_introspection_c.cpython-310-x86_64-linux-gnu.so
[0.882s] -- Up-to-date: /home/hzh/ros2_learn/chapt3/topic_practice_ws/install/status_interfaces/local/lib/python3.10/dist-packages/status_interfaces/status_interfaces_s__rosidl_typesupport_c.cpython-310-x86_64-linux-gnu.so
[0.884s] -- Up-to-date: /home/hzh/ros2_learn/chapt3/topic_practice_ws/install/status_interfaces/lib/libstatus_interfaces__rosidl_generator_py.so
[0.885s] -- Up-to-date: /home/hzh/ros2_learn/chapt3/topic_practice_ws/install/status_interfaces/share/ament_index/resource_index/rust_packages/status_interfaces
[0.886s] -- Up-to-date: /home/hzh/ros2_learn/chapt3/topic_practice_ws/install/status_interfaces/share/status_interfaces/rust
[0.886s] -- Up-to-date: /home/hzh/ros2_learn/chapt3/topic_practice_ws/install/status_interfaces/share/status_interfaces/rust/Cargo.toml
[0.886s] -- Up-to-date: /home/hzh/ros2_learn/chapt3/topic_practice_ws/install/status_interfaces/share/status_interfaces/rust/build.rs
[0.887s] -- Up-to-date: /home/hzh/ros2_learn/chapt3/topic_practice_ws/install/status_interfaces/share/status_interfaces/rust/src
[0.888s] -- Up-to-date: /home/hzh/ros2_learn/chapt3/topic_practice_ws/install/status_interfaces/share/status_interfaces/rust/src/lib.rs
[0.888s] -- Up-to-date: /home/hzh/ros2_learn/chapt3/topic_practice_ws/install/status_interfaces/share/status_interfaces/rust/src/msg.rs
[0.888s] -- Up-to-date: /home/hzh/ros2_learn/chapt3/topic_practice_ws/install/status_interfaces/share/status_interfaces/rust/src/msg
[0.888s] -- Up-to-date: /home/hzh/ros2_learn/chapt3/topic_practice_ws/install/status_interfaces/share/status_interfaces/rust/src/msg/rmw.rs
[0.888s] -- Up-to-date: /home/hzh/ros2_learn/chapt3/topic_practice_ws/install/status_interfaces/share/status_interfaces/msg/SystemStatus.idl
[0.889s] -- Up-to-date: /home/hzh/ros2_learn/chapt3/topic_practice_ws/install/status_interfaces/share/status_interfaces/msg/SystemStatus.msg
[0.889s] -- Up-to-date: /home/hzh/ros2_learn/chapt3/topic_practice_ws/install/status_interfaces/share/ament_index/resource_index/package_run_dependencies/status_interfaces
[0.889s] -- Up-to-date: /home/hzh/ros2_learn/chapt3/topic_practice_ws/install/status_interfaces/share/ament_index/resource_index/parent_prefix_path/status_interfaces
[0.889s] -- Up-to-date: /home/hzh/ros2_learn/chapt3/topic_practice_ws/install/status_interfaces/share/status_interfaces/environment/ament_prefix_path.sh
[0.890s] -- Up-to-date: /home/hzh/ros2_learn/chapt3/topic_practice_ws/install/status_interfaces/share/status_interfaces/environment/ament_prefix_path.dsv
[0.891s] -- Up-to-date: /home/hzh/ros2_learn/chapt3/topic_practice_ws/install/status_interfaces/share/status_interfaces/environment/path.sh
[0.891s] -- Up-to-date: /home/hzh/ros2_learn/chapt3/topic_practice_ws/install/status_interfaces/share/status_interfaces/environment/path.dsv
[0.891s] -- Up-to-date: /home/hzh/ros2_learn/chapt3/topic_practice_ws/install/status_interfaces/share/status_interfaces/local_setup.bash
[0.891s] -- Up-to-date: /home/hzh/ros2_learn/chapt3/topic_practice_ws/install/status_interfaces/share/status_interfaces/local_setup.sh
[0.891s] -- Up-to-date: /home/hzh/ros2_learn/chapt3/topic_practice_ws/install/status_interfaces/share/status_interfaces/local_setup.zsh
[0.891s] -- Up-to-date: /home/hzh/ros2_learn/chapt3/topic_practice_ws/install/status_interfaces/share/status_interfaces/local_setup.dsv
[0.891s] -- Installing: /home/hzh/ros2_learn/chapt3/topic_practice_ws/install/status_interfaces/share/status_interfaces/package.dsv
[0.891s] -- Up-to-date: /home/hzh/ros2_learn/chapt3/topic_practice_ws/install/status_interfaces/share/ament_index/resource_index/packages/status_interfaces
[0.891s] -- Up-to-date: /home/hzh/ros2_learn/chapt3/topic_practice_ws/install/status_interfaces/share/status_interfaces/cmake/export_status_interfaces__rosidl_generator_cExport.cmake
[0.891s] -- Up-to-date: /home/hzh/ros2_learn/chapt3/topic_practice_ws/install/status_interfaces/share/status_interfaces/cmake/export_status_interfaces__rosidl_generator_cExport-noconfig.cmake
[0.891s] -- Up-to-date: /home/hzh/ros2_learn/chapt3/topic_practice_ws/install/status_interfaces/share/status_interfaces/cmake/export_status_interfaces__rosidl_typesupport_fastrtps_cExport.cmake
[0.891s] -- Up-to-date: /home/hzh/ros2_learn/chapt3/topic_practice_ws/install/status_interfaces/share/status_interfaces/cmake/export_status_interfaces__rosidl_typesupport_fastrtps_cExport-noconfig.cmake
[0.891s] -- Up-to-date: /home/hzh/ros2_learn/chapt3/topic_practice_ws/install/status_interfaces/share/status_interfaces/cmake/export_status_interfaces__rosidl_generator_cppExport.cmake
[0.892s] -- Up-to-date: /home/hzh/ros2_learn/chapt3/topic_practice_ws/install/status_interfaces/share/status_interfaces/cmake/export_status_interfaces__rosidl_typesupport_fastrtps_cppExport.cmake
[0.892s] -- Up-to-date: /home/hzh/ros2_learn/chapt3/topic_practice_ws/install/status_interfaces/share/status_interfaces/cmake/export_status_interfaces__rosidl_typesupport_fastrtps_cppExport-noconfig.cmake
[0.892s] -- Up-to-date: /home/hzh/ros2_learn/chapt3/topic_practice_ws/install/status_interfaces/share/status_interfaces/cmake/status_interfaces__rosidl_typesupport_introspection_cExport.cmake
[0.892s] -- Up-to-date: /home/hzh/ros2_learn/chapt3/topic_practice_ws/install/status_interfaces/share/status_interfaces/cmake/status_interfaces__rosidl_typesupport_introspection_cExport-noconfig.cmake
[0.892s] -- Up-to-date: /home/hzh/ros2_learn/chapt3/topic_practice_ws/install/status_interfaces/share/status_interfaces/cmake/status_interfaces__rosidl_typesupport_cExport.cmake
[0.893s] -- Up-to-date: /home/hzh/ros2_learn/chapt3/topic_practice_ws/install/status_interfaces/share/status_interfaces/cmake/status_interfaces__rosidl_typesupport_cExport-noconfig.cmake
[0.893s] -- Up-to-date: /home/hzh/ros2_learn/chapt3/topic_practice_ws/install/status_interfaces/share/status_interfaces/cmake/status_interfaces__rosidl_typesupport_introspection_cppExport.cmake
[0.894s] -- Up-to-date: /home/hzh/ros2_learn/chapt3/topic_practice_ws/install/status_interfaces/share/status_interfaces/cmake/status_interfaces__rosidl_typesupport_introspection_cppExport-noconfig.cmake
[0.895s] -- Up-to-date: /home/hzh/ros2_learn/chapt3/topic_practice_ws/install/status_interfaces/share/status_interfaces/cmake/status_interfaces__rosidl_typesupport_cppExport.cmake
[0.895s] -- Up-to-date: /home/hzh/ros2_learn/chapt3/topic_practice_ws/install/status_interfaces/share/status_interfaces/cmake/status_interfaces__rosidl_typesupport_cppExport-noconfig.cmake
[0.896s] -- Up-to-date: /home/hzh/ros2_learn/chapt3/topic_practice_ws/install/status_interfaces/share/status_interfaces/cmake/export_status_interfaces__rosidl_generator_pyExport.cmake
[0.896s] -- Up-to-date: /home/hzh/ros2_learn/chapt3/topic_practice_ws/install/status_interfaces/share/status_interfaces/cmake/export_status_interfaces__rosidl_generator_pyExport-noconfig.cmake
[0.897s] -- Up-to-date: /home/hzh/ros2_learn/chapt3/topic_practice_ws/install/status_interfaces/share/status_interfaces/cmake/rosidl_cmake-extras.cmake
[0.898s] -- Up-to-date: /home/hzh/ros2_learn/chapt3/topic_practice_ws/install/status_interfaces/share/status_interfaces/cmake/ament_cmake_export_dependencies-extras.cmake
[0.898s] -- Up-to-date: /home/hzh/ros2_learn/chapt3/topic_practice_ws/install/status_interfaces/share/status_interfaces/cmake/ament_cmake_export_include_directories-extras.cmake
[0.899s] -- Up-to-date: /home/hzh/ros2_learn/chapt3/topic_practice_ws/install/status_interfaces/share/status_interfaces/cmake/ament_cmake_export_libraries-extras.cmake
[0.899s] -- Up-to-date: /home/hzh/ros2_learn/chapt3/topic_practice_ws/install/status_interfaces/share/status_interfaces/cmake/ament_cmake_export_targets-extras.cmake
[0.899s] -- Up-to-date: /home/hzh/ros2_learn/chapt3/topic_practice_ws/install/status_interfaces/share/status_interfaces/cmake/rosidl_cmake_export_typesupport_targets-extras.cmake
[0.900s] -- Up-to-date: /home/hzh/ros2_learn/chapt3/topic_practice_ws/install/status_interfaces/share/status_interfaces/cmake/rosidl_cmake_export_typesupport_libraries-extras.cmake
[0.900s] -- Up-to-date: /home/hzh/ros2_learn/chapt3/topic_practice_ws/install/status_interfaces/share/status_interfaces/cmake/status_interfacesConfig.cmake
[0.900s] -- Up-to-date: /home/hzh/ros2_learn/chapt3/topic_practice_ws/install/status_interfaces/share/status_interfaces/cmake/status_interfacesConfig-version.cmake
[0.901s] -- Up-to-date: /home/hzh/ros2_learn/chapt3/topic_practice_ws/install/status_interfaces/share/status_interfaces/package.xml
[0.903s] Invoked command in '/home/hzh/ros2_learn/chapt3/topic_practice_ws/build/status_interfaces' returned '0': CMAKE_PREFIX_PATH=/opt/ros/humble /usr/bin/cmake --install /home/hzh/ros2_learn/chapt3/topic_practice_ws/build/status_interfaces
