[1.904s] Invoking command in '/home/hzh/ros2_learn/chapt7/chapt7_ws/src/fishbot_application': PYTHONPATH=/home/hzh/ros2_learn/chapt7/chapt7_ws/build/fishbot_application/prefix_override:/usr/lib/python3/dist-packages/colcon_core/task/python/colcon_distutils_commands:/home/hzh/ros2_learn/chapt7/chapt7_ws/install/fishbot_application/lib/python3.10/site-packages:${PYTHONPATH} /usr/bin/python3 -W ignore:setup.py install is deprecated -W ignore:easy_install command is deprecated setup.py egg_info --egg-base ../../build/fishbot_application build --build-base /home/hzh/ros2_learn/chapt7/chapt7_ws/build/fishbot_application/build install --record /home/hzh/ros2_learn/chapt7/chapt7_ws/build/fishbot_application/install.log --single-version-externally-managed install_data
[2.370s] running egg_info
[2.370s] writing ../../build/fishbot_application/fishbot_application.egg-info/PKG-INFO
[2.372s] writing dependency_links to ../../build/fishbot_application/fishbot_application.egg-info/dependency_links.txt
[2.372s] writing entry points to ../../build/fishbot_application/fishbot_application.egg-info/entry_points.txt
[2.373s] writing requirements to ../../build/fishbot_application/fishbot_application.egg-info/requires.txt
[2.376s] writing top-level names to ../../build/fishbot_application/fishbot_application.egg-info/top_level.txt
[2.378s] reading manifest file '../../build/fishbot_application/fishbot_application.egg-info/SOURCES.txt'
[2.379s] adding license file 'LICENSE'
[2.382s] writing manifest file '../../build/fishbot_application/fishbot_application.egg-info/SOURCES.txt'
[2.383s] running build
[2.383s] running build_py
[2.384s] running install
[2.385s] running install_lib
[2.386s] running install_data
[2.386s] running install_egg_info
[2.393s] removing '/home/hzh/ros2_learn/chapt7/chapt7_ws/install/fishbot_application/lib/python3.10/site-packages/fishbot_application-0.0.0-py3.10.egg-info' (and everything under it)
[2.397s] Copying ../../build/fishbot_application/fishbot_application.egg-info to /home/hzh/ros2_learn/chapt7/chapt7_ws/install/fishbot_application/lib/python3.10/site-packages/fishbot_application-0.0.0-py3.10.egg-info
[2.399s] running install_scripts
[2.445s] Installing get_robot_pose script to /home/hzh/ros2_learn/chapt7/chapt7_ws/install/fishbot_application/lib/fishbot_application
[2.446s] Installing init_robot_pose script to /home/hzh/ros2_learn/chapt7/chapt7_ws/install/fishbot_application/lib/fishbot_application
[2.447s] Installing nav_to_pose script to /home/hzh/ros2_learn/chapt7/chapt7_ws/install/fishbot_application/lib/fishbot_application
[2.448s] Installing waypoint_follower script to /home/hzh/ros2_learn/chapt7/chapt7_ws/install/fishbot_application/lib/fishbot_application
[2.450s] writing list of installed files to '/home/hzh/ros2_learn/chapt7/chapt7_ws/build/fishbot_application/install.log'
[2.545s] Invoked command in '/home/hzh/ros2_learn/chapt7/chapt7_ws/src/fishbot_application' returned '0': PYTHONPATH=/home/hzh/ros2_learn/chapt7/chapt7_ws/build/fishbot_application/prefix_override:/usr/lib/python3/dist-packages/colcon_core/task/python/colcon_distutils_commands:/home/hzh/ros2_learn/chapt7/chapt7_ws/install/fishbot_application/lib/python3.10/site-packages:${PYTHONPATH} /usr/bin/python3 -W ignore:setup.py install is deprecated -W ignore:easy_install command is deprecated setup.py egg_info --egg-base ../../build/fishbot_application build --build-base /home/hzh/ros2_learn/chapt7/chapt7_ws/build/fishbot_application/build install --record /home/hzh/ros2_learn/chapt7/chapt7_ws/build/fishbot_application/install.log --single-version-externally-managed install_data
