[0.027s] Invoking command in '/home/hzh/ros2_learn/chapt8/learn_pluginlib/build/motion_control_system': CMAKE_PREFIX_PATH=/opt/ros/humble /usr/bin/cmake /home/hzh/ros2_learn/chapt8/learn_pluginlib/src/motion_control_system -DCMAKE_INSTALL_PREFIX=/home/hzh/ros2_learn/chapt8/learn_pluginlib/install/motion_control_system
[0.045s] -- Found ament_cmake: 1.3.14 (/opt/ros/humble/share/ament_cmake/cmake)
[0.276s] -- Found pluginlib: 5.1.4 (/opt/ros/humble/share/pluginlib/cmake)
[0.312s] -- Found ament_lint_auto: 0.12.15 (/opt/ros/humble/share/ament_lint_auto/cmake)
[0.423s] -- Added test 'cppcheck' to perform static code analysis on C / C++ code
[0.424s] -- Configured cppcheck include dirs: /home/hzh/ros2_learn/chapt8/learn_pluginlib/src/motion_control_system/include
[0.424s] -- Configured cppcheck exclude dirs and/or files: 
[0.427s] -- Added test 'lint_cmake' to check CMake code style
[0.432s] -- Added test 'uncrustify' to check C / C++ code style
[0.432s] -- Configured uncrustify additional arguments: 
[0.433s] -- Added test 'xmllint' to check XML markup files
[0.439s] -- Configuring done
[0.453s] -- Generating done
[0.460s] -- Build files have been written to: /home/hzh/ros2_learn/chapt8/learn_pluginlib/build/motion_control_system
[0.467s] Invoked command in '/home/hzh/ros2_learn/chapt8/learn_pluginlib/build/motion_control_system' returned '0': CMAKE_PREFIX_PATH=/opt/ros/humble /usr/bin/cmake /home/hzh/ros2_learn/chapt8/learn_pluginlib/src/motion_control_system -DCMAKE_INSTALL_PREFIX=/home/hzh/ros2_learn/chapt8/learn_pluginlib/install/motion_control_system
[0.470s] Invoking command in '/home/hzh/ros2_learn/chapt8/learn_pluginlib/build/motion_control_system': CMAKE_PREFIX_PATH=/opt/ros/humble /usr/bin/cmake --build /home/hzh/ros2_learn/chapt8/learn_pluginlib/build/motion_control_system -- -j4 -l4
[0.560s] [ 50%] [32mBuilding CXX object CMakeFiles/spin_motion_controller.dir/src/spin_motion_controller.cpp.o[0m
[2.329s] [100%] [32m[1mLinking CXX shared library libspin_motion_controller.so[0m
[2.512s] [100%] Built target spin_motion_controller
[2.537s] Invoked command in '/home/hzh/ros2_learn/chapt8/learn_pluginlib/build/motion_control_system' returned '0': CMAKE_PREFIX_PATH=/opt/ros/humble /usr/bin/cmake --build /home/hzh/ros2_learn/chapt8/learn_pluginlib/build/motion_control_system -- -j4 -l4
[2.552s] Invoking command in '/home/hzh/ros2_learn/chapt8/learn_pluginlib/build/motion_control_system': CMAKE_PREFIX_PATH=/opt/ros/humble /usr/bin/cmake --install /home/hzh/ros2_learn/chapt8/learn_pluginlib/build/motion_control_system
[2.565s] -- Install configuration: ""
[2.565s] -- Installing: /home/hzh/ros2_learn/chapt8/learn_pluginlib/install/motion_control_system/lib/libspin_motion_controller.so
[2.567s] -- Set runtime path of "/home/hzh/ros2_learn/chapt8/learn_pluginlib/install/motion_control_system/lib/libspin_motion_controller.so" to ""
[2.568s] -- Installing: /home/hzh/ros2_learn/chapt8/learn_pluginlib/install/motion_control_system/include/
[2.568s] -- Installing: /home/hzh/ros2_learn/chapt8/learn_pluginlib/install/motion_control_system/include//motion_control_system
[2.568s] -- Installing: /home/hzh/ros2_learn/chapt8/learn_pluginlib/install/motion_control_system/include//motion_control_system/spin_motion_controller.hpp
[2.568s] -- Installing: /home/hzh/ros2_learn/chapt8/learn_pluginlib/install/motion_control_system/include//motion_control_system/motion_control_interface.hpp
[2.568s] -- Installing: /home/hzh/ros2_learn/chapt8/learn_pluginlib/install/motion_control_system/share/motion_control_system/spin_motion_plugins.xml
[2.570s] -- Installing: /home/hzh/ros2_learn/chapt8/learn_pluginlib/install/motion_control_system/share/ament_index/resource_index/package_run_dependencies/motion_control_system
[2.571s] -- Installing: /home/hzh/ros2_learn/chapt8/learn_pluginlib/install/motion_control_system/share/ament_index/resource_index/parent_prefix_path/motion_control_system
[2.571s] -- Installing: /home/hzh/ros2_learn/chapt8/learn_pluginlib/install/motion_control_system/share/motion_control_system/environment/ament_prefix_path.sh
[2.572s] -- Installing: /home/hzh/ros2_learn/chapt8/learn_pluginlib/install/motion_control_system/share/motion_control_system/environment/ament_prefix_path.dsv
[2.573s] -- Installing: /home/hzh/ros2_learn/chapt8/learn_pluginlib/install/motion_control_system/share/motion_control_system/environment/path.sh
[2.574s] -- Installing: /home/hzh/ros2_learn/chapt8/learn_pluginlib/install/motion_control_system/share/motion_control_system/environment/path.dsv
[2.575s] -- Installing: /home/hzh/ros2_learn/chapt8/learn_pluginlib/install/motion_control_system/share/motion_control_system/local_setup.bash
[2.576s] -- Installing: /home/hzh/ros2_learn/chapt8/learn_pluginlib/install/motion_control_system/share/motion_control_system/local_setup.sh
[2.577s] -- Installing: /home/hzh/ros2_learn/chapt8/learn_pluginlib/install/motion_control_system/share/motion_control_system/local_setup.zsh
[2.577s] -- Installing: /home/hzh/ros2_learn/chapt8/learn_pluginlib/install/motion_control_system/share/motion_control_system/local_setup.dsv
[2.578s] -- Installing: /home/hzh/ros2_learn/chapt8/learn_pluginlib/install/motion_control_system/share/motion_control_system/package.dsv
[2.578s] -- Installing: /home/hzh/ros2_learn/chapt8/learn_pluginlib/install/motion_control_system/share/ament_index/resource_index/packages/motion_control_system
[2.578s] -- Installing: /home/hzh/ros2_learn/chapt8/learn_pluginlib/install/motion_control_system/share/ament_index/resource_index/motion_control_system__pluginlib__plugin/motion_control_system
[2.579s] -- Installing: /home/hzh/ros2_learn/chapt8/learn_pluginlib/install/motion_control_system/share/motion_control_system/cmake/motion_control_systemConfig.cmake
[2.579s] -- Installing: /home/hzh/ros2_learn/chapt8/learn_pluginlib/install/motion_control_system/share/motion_control_system/cmake/motion_control_systemConfig-version.cmake
[2.579s] -- Installing: /home/hzh/ros2_learn/chapt8/learn_pluginlib/install/motion_control_system/share/motion_control_system/package.xml
[2.587s] Invoked command in '/home/hzh/ros2_learn/chapt8/learn_pluginlib/build/motion_control_system' returned '0': CMAKE_PREFIX_PATH=/opt/ros/humble /usr/bin/cmake --install /home/hzh/ros2_learn/chapt8/learn_pluginlib/build/motion_control_system
