[0.022s] Invoking command in '/home/hzh/ros2_learn/chapt4/chapt4_ws/build/chapt4_interfaces': CMAKE_PREFIX_PATH=/opt/ros/humble /usr/bin/cmake --build /home/hzh/ros2_learn/chapt4/chapt4_ws/build/chapt4_interfaces -- -j4 -l4
[0.119s] [35m[1mConsolidate compiler generated dependencies of target chapt4_interfaces__rosidl_generator_c[0m
[0.136s] [  2%] Built target chapt4_interfaces__cpp
[0.144s] [  5%] Built target chapt4_interfaces__rs
[0.169s] [ 15%] Built target chapt4_interfaces__rosidl_generator_c
[0.185s] [35m[1mConsolidate compiler generated dependencies of target chapt4_interfaces__rosidl_typesupport_introspection_cpp[0m
[0.199s] [35m[1mConsolidate compiler generated dependencies of target chapt4_interfaces__rosidl_typesupport_fastrtps_cpp[0m
[0.213s] [35m[1mConsolidate compiler generated dependencies of target chapt4_interfaces__rosidl_typesupport_cpp[0m
[0.220s] [ 15%] Built target ament_cmake_python_copy_chapt4_interfaces
[0.247s] [ 25%] Built target chapt4_interfaces__rosidl_typesupport_introspection_cpp
[0.264s] [ 35%] Built target chapt4_interfaces__rosidl_typesupport_cpp
[0.276s] [ 45%] Built target chapt4_interfaces__rosidl_typesupport_fastrtps_cpp
[0.278s] [35m[1mConsolidate compiler generated dependencies of target chapt4_interfaces__rosidl_typesupport_fastrtps_c[0m
[0.305s] [35m[1mConsolidate compiler generated dependencies of target chapt4_interfaces__rosidl_typesupport_introspection_c[0m
[0.347s] [ 55%] Built target chapt4_interfaces__rosidl_typesupport_introspection_c
[0.358s] [35m[1mConsolidate compiler generated dependencies of target chapt4_interfaces__rosidl_typesupport_c[0m
[0.358s] [ 65%] Built target chapt4_interfaces__rosidl_typesupport_fastrtps_c
[0.394s] [ 75%] Built target chapt4_interfaces__rosidl_typesupport_c
[0.445s] [ 75%] Built target chapt4_interfaces
[0.493s] [ 77%] Built target chapt4_interfaces__py
[0.529s] [35m[1mConsolidate compiler generated dependencies of target chapt4_interfaces__rosidl_generator_py[0m
[0.562s] [ 85%] Built target chapt4_interfaces__rosidl_generator_py
[0.595s] [35m[1mConsolidate compiler generated dependencies of target chapt4_interfaces__rosidl_typesupport_fastrtps_c__pyext[0m
[0.604s] [35m[1mConsolidate compiler generated dependencies of target chapt4_interfaces__rosidl_typesupport_c__pyext[0m
[0.609s] [35m[1mConsolidate compiler generated dependencies of target chapt4_interfaces__rosidl_typesupport_introspection_c__pyext[0m
[0.644s] [ 90%] Built target chapt4_interfaces__rosidl_typesupport_introspection_c__pyext
[0.644s] [ 95%] Built target chapt4_interfaces__rosidl_typesupport_fastrtps_c__pyext
[0.655s] [100%] Built target chapt4_interfaces__rosidl_typesupport_c__pyext
[0.735s] running egg_info
[0.736s] writing chapt4_interfaces.egg-info/PKG-INFO
[0.738s] writing dependency_links to chapt4_interfaces.egg-info/dependency_links.txt
[0.738s] writing top-level names to chapt4_interfaces.egg-info/top_level.txt
[0.743s] reading manifest file 'chapt4_interfaces.egg-info/SOURCES.txt'
[0.746s] writing manifest file 'chapt4_interfaces.egg-info/SOURCES.txt'
[0.809s] [100%] Built target ament_cmake_python_build_chapt4_interfaces_egg
[0.833s] Invoked command in '/home/hzh/ros2_learn/chapt4/chapt4_ws/build/chapt4_interfaces' returned '0': CMAKE_PREFIX_PATH=/opt/ros/humble /usr/bin/cmake --build /home/hzh/ros2_learn/chapt4/chapt4_ws/build/chapt4_interfaces -- -j4 -l4
[0.855s] Invoking command in '/home/hzh/ros2_learn/chapt4/chapt4_ws/build/chapt4_interfaces': CMAKE_PREFIX_PATH=/opt/ros/humble /usr/bin/cmake --install /home/hzh/ros2_learn/chapt4/chapt4_ws/build/chapt4_interfaces
[0.868s] -- Install configuration: ""
[0.868s] -- Up-to-date: /home/hzh/ros2_learn/chapt4/chapt4_ws/install/chapt4_interfaces/share/ament_index/resource_index/rosidl_interfaces/chapt4_interfaces
[0.868s] -- Up-to-date: /home/hzh/ros2_learn/chapt4/chapt4_ws/install/chapt4_interfaces/include/chapt4_interfaces/chapt4_interfaces
[0.868s] -- Up-to-date: /home/hzh/ros2_learn/chapt4/chapt4_ws/install/chapt4_interfaces/include/chapt4_interfaces/chapt4_interfaces/srv
[0.868s] -- Up-to-date: /home/hzh/ros2_learn/chapt4/chapt4_ws/install/chapt4_interfaces/include/chapt4_interfaces/chapt4_interfaces/srv/face_detector.h
[0.869s] -- Up-to-date: /home/hzh/ros2_learn/chapt4/chapt4_ws/install/chapt4_interfaces/include/chapt4_interfaces/chapt4_interfaces/srv/partol.h
[0.869s] -- Up-to-date: /home/hzh/ros2_learn/chapt4/chapt4_ws/install/chapt4_interfaces/include/chapt4_interfaces/chapt4_interfaces/srv/detail
[0.869s] -- Up-to-date: /home/hzh/ros2_learn/chapt4/chapt4_ws/install/chapt4_interfaces/include/chapt4_interfaces/chapt4_interfaces/srv/detail/partol__type_support.h
[0.869s] -- Up-to-date: /home/hzh/ros2_learn/chapt4/chapt4_ws/install/chapt4_interfaces/include/chapt4_interfaces/chapt4_interfaces/srv/detail/face_detector__functions.h
[0.869s] -- Up-to-date: /home/hzh/ros2_learn/chapt4/chapt4_ws/install/chapt4_interfaces/include/chapt4_interfaces/chapt4_interfaces/srv/detail/partol__functions.h
[0.870s] -- Up-to-date: /home/hzh/ros2_learn/chapt4/chapt4_ws/install/chapt4_interfaces/include/chapt4_interfaces/chapt4_interfaces/srv/detail/partol__functions.c
[0.870s] -- Up-to-date: /home/hzh/ros2_learn/chapt4/chapt4_ws/install/chapt4_interfaces/include/chapt4_interfaces/chapt4_interfaces/srv/detail/face_detector__type_support.h
[0.870s] -- Up-to-date: /home/hzh/ros2_learn/chapt4/chapt4_ws/install/chapt4_interfaces/include/chapt4_interfaces/chapt4_interfaces/srv/detail/partol__struct.h
[0.870s] -- Up-to-date: /home/hzh/ros2_learn/chapt4/chapt4_ws/install/chapt4_interfaces/include/chapt4_interfaces/chapt4_interfaces/srv/detail/face_detector__functions.c
[0.870s] -- Up-to-date: /home/hzh/ros2_learn/chapt4/chapt4_ws/install/chapt4_interfaces/include/chapt4_interfaces/chapt4_interfaces/srv/detail/face_detector__struct.h
[0.870s] -- Up-to-date: /home/hzh/ros2_learn/chapt4/chapt4_ws/install/chapt4_interfaces/include/chapt4_interfaces/chapt4_interfaces/msg
[0.870s] -- Up-to-date: /home/hzh/ros2_learn/chapt4/chapt4_ws/install/chapt4_interfaces/include/chapt4_interfaces/chapt4_interfaces/msg/rosidl_generator_c__visibility_control.h
[0.871s] -- Up-to-date: /home/hzh/ros2_learn/chapt4/chapt4_ws/install/chapt4_interfaces/share/chapt4_interfaces/environment/library_path.sh
[0.872s] -- Up-to-date: /home/hzh/ros2_learn/chapt4/chapt4_ws/install/chapt4_interfaces/share/chapt4_interfaces/environment/library_path.dsv
[0.872s] -- Up-to-date: /home/hzh/ros2_learn/chapt4/chapt4_ws/install/chapt4_interfaces/lib/libchapt4_interfaces__rosidl_generator_c.so
[0.873s] -- Up-to-date: /home/hzh/ros2_learn/chapt4/chapt4_ws/install/chapt4_interfaces/include/chapt4_interfaces/chapt4_interfaces
[0.874s] -- Up-to-date: /home/hzh/ros2_learn/chapt4/chapt4_ws/install/chapt4_interfaces/include/chapt4_interfaces/chapt4_interfaces/srv
[0.875s] -- Up-to-date: /home/hzh/ros2_learn/chapt4/chapt4_ws/install/chapt4_interfaces/include/chapt4_interfaces/chapt4_interfaces/srv/detail
[0.875s] -- Up-to-date: /home/hzh/ros2_learn/chapt4/chapt4_ws/install/chapt4_interfaces/include/chapt4_interfaces/chapt4_interfaces/srv/detail/partol__rosidl_typesupport_fastrtps_c.h
[0.875s] -- Up-to-date: /home/hzh/ros2_learn/chapt4/chapt4_ws/install/chapt4_interfaces/include/chapt4_interfaces/chapt4_interfaces/srv/detail/face_detector__rosidl_typesupport_fastrtps_c.h
[0.875s] -- Up-to-date: /home/hzh/ros2_learn/chapt4/chapt4_ws/install/chapt4_interfaces/include/chapt4_interfaces/chapt4_interfaces/msg
[0.875s] -- Up-to-date: /home/hzh/ros2_learn/chapt4/chapt4_ws/install/chapt4_interfaces/include/chapt4_interfaces/chapt4_interfaces/msg/rosidl_typesupport_fastrtps_c__visibility_control.h
[0.876s] -- Up-to-date: /home/hzh/ros2_learn/chapt4/chapt4_ws/install/chapt4_interfaces/lib/libchapt4_interfaces__rosidl_typesupport_fastrtps_c.so
[0.877s] -- Up-to-date: /home/hzh/ros2_learn/chapt4/chapt4_ws/install/chapt4_interfaces/include/chapt4_interfaces/chapt4_interfaces
[0.878s] -- Up-to-date: /home/hzh/ros2_learn/chapt4/chapt4_ws/install/chapt4_interfaces/include/chapt4_interfaces/chapt4_interfaces/srv
[0.878s] -- Up-to-date: /home/hzh/ros2_learn/chapt4/chapt4_ws/install/chapt4_interfaces/include/chapt4_interfaces/chapt4_interfaces/srv/partol.hpp
[0.878s] -- Up-to-date: /home/hzh/ros2_learn/chapt4/chapt4_ws/install/chapt4_interfaces/include/chapt4_interfaces/chapt4_interfaces/srv/face_detector.hpp
[0.878s] -- Up-to-date: /home/hzh/ros2_learn/chapt4/chapt4_ws/install/chapt4_interfaces/include/chapt4_interfaces/chapt4_interfaces/srv/detail
[0.878s] -- Up-to-date: /home/hzh/ros2_learn/chapt4/chapt4_ws/install/chapt4_interfaces/include/chapt4_interfaces/chapt4_interfaces/srv/detail/face_detector__traits.hpp
[0.878s] -- Up-to-date: /home/hzh/ros2_learn/chapt4/chapt4_ws/install/chapt4_interfaces/include/chapt4_interfaces/chapt4_interfaces/srv/detail/face_detector__struct.hpp
[0.878s] -- Up-to-date: /home/hzh/ros2_learn/chapt4/chapt4_ws/install/chapt4_interfaces/include/chapt4_interfaces/chapt4_interfaces/srv/detail/face_detector__builder.hpp
[0.878s] -- Up-to-date: /home/hzh/ros2_learn/chapt4/chapt4_ws/install/chapt4_interfaces/include/chapt4_interfaces/chapt4_interfaces/srv/detail/face_detector__type_support.hpp
[0.879s] -- Up-to-date: /home/hzh/ros2_learn/chapt4/chapt4_ws/install/chapt4_interfaces/include/chapt4_interfaces/chapt4_interfaces/srv/detail/partol__type_support.hpp
[0.879s] -- Up-to-date: /home/hzh/ros2_learn/chapt4/chapt4_ws/install/chapt4_interfaces/include/chapt4_interfaces/chapt4_interfaces/srv/detail/partol__struct.hpp
[0.879s] -- Up-to-date: /home/hzh/ros2_learn/chapt4/chapt4_ws/install/chapt4_interfaces/include/chapt4_interfaces/chapt4_interfaces/srv/detail/partol__traits.hpp
[0.879s] -- Up-to-date: /home/hzh/ros2_learn/chapt4/chapt4_ws/install/chapt4_interfaces/include/chapt4_interfaces/chapt4_interfaces/srv/detail/partol__builder.hpp
[0.879s] -- Up-to-date: /home/hzh/ros2_learn/chapt4/chapt4_ws/install/chapt4_interfaces/include/chapt4_interfaces/chapt4_interfaces/msg
[0.879s] -- Up-to-date: /home/hzh/ros2_learn/chapt4/chapt4_ws/install/chapt4_interfaces/include/chapt4_interfaces/chapt4_interfaces/msg/rosidl_generator_cpp__visibility_control.hpp
[0.879s] -- Up-to-date: /home/hzh/ros2_learn/chapt4/chapt4_ws/install/chapt4_interfaces/include/chapt4_interfaces/chapt4_interfaces
[0.880s] -- Up-to-date: /home/hzh/ros2_learn/chapt4/chapt4_ws/install/chapt4_interfaces/include/chapt4_interfaces/chapt4_interfaces/srv
[0.880s] -- Up-to-date: /home/hzh/ros2_learn/chapt4/chapt4_ws/install/chapt4_interfaces/include/chapt4_interfaces/chapt4_interfaces/srv/detail
[0.880s] -- Up-to-date: /home/hzh/ros2_learn/chapt4/chapt4_ws/install/chapt4_interfaces/include/chapt4_interfaces/chapt4_interfaces/srv/detail/dds_fastrtps
[0.880s] -- Up-to-date: /home/hzh/ros2_learn/chapt4/chapt4_ws/install/chapt4_interfaces/include/chapt4_interfaces/chapt4_interfaces/srv/detail/face_detector__rosidl_typesupport_fastrtps_cpp.hpp
[0.880s] -- Up-to-date: /home/hzh/ros2_learn/chapt4/chapt4_ws/install/chapt4_interfaces/include/chapt4_interfaces/chapt4_interfaces/srv/detail/partol__rosidl_typesupport_fastrtps_cpp.hpp
[0.880s] -- Up-to-date: /home/hzh/ros2_learn/chapt4/chapt4_ws/install/chapt4_interfaces/include/chapt4_interfaces/chapt4_interfaces/msg
[0.880s] -- Up-to-date: /home/hzh/ros2_learn/chapt4/chapt4_ws/install/chapt4_interfaces/include/chapt4_interfaces/chapt4_interfaces/msg/rosidl_typesupport_fastrtps_cpp__visibility_control.h
[0.881s] -- Up-to-date: /home/hzh/ros2_learn/chapt4/chapt4_ws/install/chapt4_interfaces/lib/libchapt4_interfaces__rosidl_typesupport_fastrtps_cpp.so
[0.881s] -- Up-to-date: /home/hzh/ros2_learn/chapt4/chapt4_ws/install/chapt4_interfaces/include/chapt4_interfaces/chapt4_interfaces
[0.881s] -- Up-to-date: /home/hzh/ros2_learn/chapt4/chapt4_ws/install/chapt4_interfaces/include/chapt4_interfaces/chapt4_interfaces/srv
[0.882s] -- Up-to-date: /home/hzh/ros2_learn/chapt4/chapt4_ws/install/chapt4_interfaces/include/chapt4_interfaces/chapt4_interfaces/srv/detail
[0.882s] -- Up-to-date: /home/hzh/ros2_learn/chapt4/chapt4_ws/install/chapt4_interfaces/include/chapt4_interfaces/chapt4_interfaces/srv/detail/face_detector__type_support.c
[0.882s] -- Up-to-date: /home/hzh/ros2_learn/chapt4/chapt4_ws/install/chapt4_interfaces/include/chapt4_interfaces/chapt4_interfaces/srv/detail/partol__rosidl_typesupport_introspection_c.h
[0.882s] -- Up-to-date: /home/hzh/ros2_learn/chapt4/chapt4_ws/install/chapt4_interfaces/include/chapt4_interfaces/chapt4_interfaces/srv/detail/face_detector__rosidl_typesupport_introspection_c.h
[0.882s] -- Up-to-date: /home/hzh/ros2_learn/chapt4/chapt4_ws/install/chapt4_interfaces/include/chapt4_interfaces/chapt4_interfaces/srv/detail/partol__type_support.c
[0.882s] -- Up-to-date: /home/hzh/ros2_learn/chapt4/chapt4_ws/install/chapt4_interfaces/include/chapt4_interfaces/chapt4_interfaces/msg
[0.883s] -- Up-to-date: /home/hzh/ros2_learn/chapt4/chapt4_ws/install/chapt4_interfaces/include/chapt4_interfaces/chapt4_interfaces/msg/rosidl_typesupport_introspection_c__visibility_control.h
[0.884s] -- Up-to-date: /home/hzh/ros2_learn/chapt4/chapt4_ws/install/chapt4_interfaces/lib/libchapt4_interfaces__rosidl_typesupport_introspection_c.so
[0.886s] -- Up-to-date: /home/hzh/ros2_learn/chapt4/chapt4_ws/install/chapt4_interfaces/lib/libchapt4_interfaces__rosidl_typesupport_c.so
[0.886s] -- Up-to-date: /home/hzh/ros2_learn/chapt4/chapt4_ws/install/chapt4_interfaces/include/chapt4_interfaces/chapt4_interfaces
[0.887s] -- Up-to-date: /home/hzh/ros2_learn/chapt4/chapt4_ws/install/chapt4_interfaces/include/chapt4_interfaces/chapt4_interfaces/srv
[0.887s] -- Up-to-date: /home/hzh/ros2_learn/chapt4/chapt4_ws/install/chapt4_interfaces/include/chapt4_interfaces/chapt4_interfaces/srv/detail
[0.887s] -- Up-to-date: /home/hzh/ros2_learn/chapt4/chapt4_ws/install/chapt4_interfaces/include/chapt4_interfaces/chapt4_interfaces/srv/detail/face_detector__rosidl_typesupport_introspection_cpp.hpp
[0.888s] -- Up-to-date: /home/hzh/ros2_learn/chapt4/chapt4_ws/install/chapt4_interfaces/include/chapt4_interfaces/chapt4_interfaces/srv/detail/face_detector__type_support.cpp
[0.888s] -- Up-to-date: /home/hzh/ros2_learn/chapt4/chapt4_ws/install/chapt4_interfaces/include/chapt4_interfaces/chapt4_interfaces/srv/detail/partol__rosidl_typesupport_introspection_cpp.hpp
[0.888s] -- Up-to-date: /home/hzh/ros2_learn/chapt4/chapt4_ws/install/chapt4_interfaces/include/chapt4_interfaces/chapt4_interfaces/srv/detail/partol__type_support.cpp
[0.890s] -- Up-to-date: /home/hzh/ros2_learn/chapt4/chapt4_ws/install/chapt4_interfaces/lib/libchapt4_interfaces__rosidl_typesupport_introspection_cpp.so
[0.892s] -- Up-to-date: /home/hzh/ros2_learn/chapt4/chapt4_ws/install/chapt4_interfaces/lib/libchapt4_interfaces__rosidl_typesupport_cpp.so
[0.893s] -- Up-to-date: /home/hzh/ros2_learn/chapt4/chapt4_ws/install/chapt4_interfaces/share/chapt4_interfaces/environment/pythonpath.sh
[0.893s] -- Up-to-date: /home/hzh/ros2_learn/chapt4/chapt4_ws/install/chapt4_interfaces/share/chapt4_interfaces/environment/pythonpath.dsv
[0.893s] -- Up-to-date: /home/hzh/ros2_learn/chapt4/chapt4_ws/install/chapt4_interfaces/local/lib/python3.10/dist-packages/chapt4_interfaces-0.0.0-py3.10.egg-info
[0.893s] -- Installing: /home/hzh/ros2_learn/chapt4/chapt4_ws/install/chapt4_interfaces/local/lib/python3.10/dist-packages/chapt4_interfaces-0.0.0-py3.10.egg-info/dependency_links.txt
[0.893s] -- Installing: /home/hzh/ros2_learn/chapt4/chapt4_ws/install/chapt4_interfaces/local/lib/python3.10/dist-packages/chapt4_interfaces-0.0.0-py3.10.egg-info/SOURCES.txt
[0.893s] -- Installing: /home/hzh/ros2_learn/chapt4/chapt4_ws/install/chapt4_interfaces/local/lib/python3.10/dist-packages/chapt4_interfaces-0.0.0-py3.10.egg-info/top_level.txt
[0.893s] -- Installing: /home/hzh/ros2_learn/chapt4/chapt4_ws/install/chapt4_interfaces/local/lib/python3.10/dist-packages/chapt4_interfaces-0.0.0-py3.10.egg-info/PKG-INFO
[0.894s] -- Up-to-date: /home/hzh/ros2_learn/chapt4/chapt4_ws/install/chapt4_interfaces/local/lib/python3.10/dist-packages/chapt4_interfaces
[0.894s] -- Up-to-date: /home/hzh/ros2_learn/chapt4/chapt4_ws/install/chapt4_interfaces/local/lib/python3.10/dist-packages/chapt4_interfaces/chapt4_interfaces_s__rosidl_typesupport_introspection_c.cpython-310-x86_64-linux-gnu.so
[0.894s] -- Up-to-date: /home/hzh/ros2_learn/chapt4/chapt4_ws/install/chapt4_interfaces/local/lib/python3.10/dist-packages/chapt4_interfaces/libchapt4_interfaces__rosidl_generator_py.so
[0.894s] -- Up-to-date: /home/hzh/ros2_learn/chapt4/chapt4_ws/install/chapt4_interfaces/local/lib/python3.10/dist-packages/chapt4_interfaces/__init__.py
[0.894s] -- Up-to-date: /home/hzh/ros2_learn/chapt4/chapt4_ws/install/chapt4_interfaces/local/lib/python3.10/dist-packages/chapt4_interfaces/_chapt4_interfaces_s.ep.rosidl_typesupport_fastrtps_c.c
[0.894s] -- Up-to-date: /home/hzh/ros2_learn/chapt4/chapt4_ws/install/chapt4_interfaces/local/lib/python3.10/dist-packages/chapt4_interfaces/chapt4_interfaces_s__rosidl_typesupport_fastrtps_c.cpython-310-x86_64-linux-gnu.so
[0.895s] -- Up-to-date: /home/hzh/ros2_learn/chapt4/chapt4_ws/install/chapt4_interfaces/local/lib/python3.10/dist-packages/chapt4_interfaces/_chapt4_interfaces_s.ep.rosidl_typesupport_introspection_c.c
[0.895s] -- Up-to-date: /home/hzh/ros2_learn/chapt4/chapt4_ws/install/chapt4_interfaces/local/lib/python3.10/dist-packages/chapt4_interfaces/srv
[0.895s] -- Up-to-date: /home/hzh/ros2_learn/chapt4/chapt4_ws/install/chapt4_interfaces/local/lib/python3.10/dist-packages/chapt4_interfaces/srv/_partol.py
[0.895s] -- Up-to-date: /home/hzh/ros2_learn/chapt4/chapt4_ws/install/chapt4_interfaces/local/lib/python3.10/dist-packages/chapt4_interfaces/srv/__init__.py
[0.895s] -- Up-to-date: /home/hzh/ros2_learn/chapt4/chapt4_ws/install/chapt4_interfaces/local/lib/python3.10/dist-packages/chapt4_interfaces/srv/_partol_s.c
[0.895s] -- Up-to-date: /home/hzh/ros2_learn/chapt4/chapt4_ws/install/chapt4_interfaces/local/lib/python3.10/dist-packages/chapt4_interfaces/srv/_face_detector_s.c
[0.895s] -- Up-to-date: /home/hzh/ros2_learn/chapt4/chapt4_ws/install/chapt4_interfaces/local/lib/python3.10/dist-packages/chapt4_interfaces/srv/_face_detector.py
[0.895s] -- Up-to-date: /home/hzh/ros2_learn/chapt4/chapt4_ws/install/chapt4_interfaces/local/lib/python3.10/dist-packages/chapt4_interfaces/_chapt4_interfaces_s.ep.rosidl_typesupport_c.c
[0.895s] -- Up-to-date: /home/hzh/ros2_learn/chapt4/chapt4_ws/install/chapt4_interfaces/local/lib/python3.10/dist-packages/chapt4_interfaces/chapt4_interfaces_s__rosidl_typesupport_c.cpython-310-x86_64-linux-gnu.so
[0.951s] Listing '/home/hzh/ros2_learn/chapt4/chapt4_ws/install/chapt4_interfaces/local/lib/python3.10/dist-packages/chapt4_interfaces'...
[0.951s] Listing '/home/hzh/ros2_learn/chapt4/chapt4_ws/install/chapt4_interfaces/local/lib/python3.10/dist-packages/chapt4_interfaces/srv'...
[0.963s] -- Up-to-date: /home/hzh/ros2_learn/chapt4/chapt4_ws/install/chapt4_interfaces/local/lib/python3.10/dist-packages/chapt4_interfaces/chapt4_interfaces_s__rosidl_typesupport_fastrtps_c.cpython-310-x86_64-linux-gnu.so
[0.968s] -- Up-to-date: /home/hzh/ros2_learn/chapt4/chapt4_ws/install/chapt4_interfaces/local/lib/python3.10/dist-packages/chapt4_interfaces/chapt4_interfaces_s__rosidl_typesupport_introspection_c.cpython-310-x86_64-linux-gnu.so
[0.970s] -- Up-to-date: /home/hzh/ros2_learn/chapt4/chapt4_ws/install/chapt4_interfaces/local/lib/python3.10/dist-packages/chapt4_interfaces/chapt4_interfaces_s__rosidl_typesupport_c.cpython-310-x86_64-linux-gnu.so
[0.976s] -- Up-to-date: /home/hzh/ros2_learn/chapt4/chapt4_ws/install/chapt4_interfaces/lib/libchapt4_interfaces__rosidl_generator_py.so
[0.977s] -- Up-to-date: /home/hzh/ros2_learn/chapt4/chapt4_ws/install/chapt4_interfaces/share/ament_index/resource_index/rust_packages/chapt4_interfaces
[0.977s] -- Up-to-date: /home/hzh/ros2_learn/chapt4/chapt4_ws/install/chapt4_interfaces/share/chapt4_interfaces/rust
[0.977s] -- Up-to-date: /home/hzh/ros2_learn/chapt4/chapt4_ws/install/chapt4_interfaces/share/chapt4_interfaces/rust/Cargo.toml
[0.977s] -- Up-to-date: /home/hzh/ros2_learn/chapt4/chapt4_ws/install/chapt4_interfaces/share/chapt4_interfaces/rust/build.rs
[0.977s] -- Up-to-date: /home/hzh/ros2_learn/chapt4/chapt4_ws/install/chapt4_interfaces/share/chapt4_interfaces/rust/src
[0.978s] -- Up-to-date: /home/hzh/ros2_learn/chapt4/chapt4_ws/install/chapt4_interfaces/share/chapt4_interfaces/rust/src/lib.rs
[0.978s] -- Up-to-date: /home/hzh/ros2_learn/chapt4/chapt4_ws/install/chapt4_interfaces/share/chapt4_interfaces/rust/src/srv.rs
[0.978s] -- Up-to-date: /home/hzh/ros2_learn/chapt4/chapt4_ws/install/chapt4_interfaces/share/chapt4_interfaces/rust/src/srv
[0.978s] -- Up-to-date: /home/hzh/ros2_learn/chapt4/chapt4_ws/install/chapt4_interfaces/share/chapt4_interfaces/rust/src/srv/rmw.rs
[0.979s] -- Up-to-date: /home/hzh/ros2_learn/chapt4/chapt4_ws/install/chapt4_interfaces/share/chapt4_interfaces/srv/FaceDetector.idl
[0.980s] -- Up-to-date: /home/hzh/ros2_learn/chapt4/chapt4_ws/install/chapt4_interfaces/share/chapt4_interfaces/srv/Partol.idl
[0.980s] -- Up-to-date: /home/hzh/ros2_learn/chapt4/chapt4_ws/install/chapt4_interfaces/share/chapt4_interfaces/srv/FaceDetector.srv
[0.980s] -- Up-to-date: /home/hzh/ros2_learn/chapt4/chapt4_ws/install/chapt4_interfaces/share/chapt4_interfaces/srv/FaceDetector_Request.msg
[0.982s] -- Up-to-date: /home/hzh/ros2_learn/chapt4/chapt4_ws/install/chapt4_interfaces/share/chapt4_interfaces/srv/FaceDetector_Response.msg
[0.983s] -- Up-to-date: /home/hzh/ros2_learn/chapt4/chapt4_ws/install/chapt4_interfaces/share/chapt4_interfaces/srv/Partol.srv
[0.983s] -- Up-to-date: /home/hzh/ros2_learn/chapt4/chapt4_ws/install/chapt4_interfaces/share/chapt4_interfaces/srv/Partol_Request.msg
[0.983s] -- Up-to-date: /home/hzh/ros2_learn/chapt4/chapt4_ws/install/chapt4_interfaces/share/chapt4_interfaces/srv/Partol_Response.msg
[0.983s] -- Up-to-date: /home/hzh/ros2_learn/chapt4/chapt4_ws/install/chapt4_interfaces/share/ament_index/resource_index/package_run_dependencies/chapt4_interfaces
[0.983s] -- Up-to-date: /home/hzh/ros2_learn/chapt4/chapt4_ws/install/chapt4_interfaces/share/ament_index/resource_index/parent_prefix_path/chapt4_interfaces
[0.983s] -- Up-to-date: /home/hzh/ros2_learn/chapt4/chapt4_ws/install/chapt4_interfaces/share/chapt4_interfaces/environment/ament_prefix_path.sh
[0.984s] -- Up-to-date: /home/hzh/ros2_learn/chapt4/chapt4_ws/install/chapt4_interfaces/share/chapt4_interfaces/environment/ament_prefix_path.dsv
[0.984s] -- Up-to-date: /home/hzh/ros2_learn/chapt4/chapt4_ws/install/chapt4_interfaces/share/chapt4_interfaces/environment/path.sh
[0.985s] -- Up-to-date: /home/hzh/ros2_learn/chapt4/chapt4_ws/install/chapt4_interfaces/share/chapt4_interfaces/environment/path.dsv
[0.985s] -- Up-to-date: /home/hzh/ros2_learn/chapt4/chapt4_ws/install/chapt4_interfaces/share/chapt4_interfaces/local_setup.bash
[0.985s] -- Up-to-date: /home/hzh/ros2_learn/chapt4/chapt4_ws/install/chapt4_interfaces/share/chapt4_interfaces/local_setup.sh
[0.985s] -- Up-to-date: /home/hzh/ros2_learn/chapt4/chapt4_ws/install/chapt4_interfaces/share/chapt4_interfaces/local_setup.zsh
[0.985s] -- Up-to-date: /home/hzh/ros2_learn/chapt4/chapt4_ws/install/chapt4_interfaces/share/chapt4_interfaces/local_setup.dsv
[0.985s] -- Installing: /home/hzh/ros2_learn/chapt4/chapt4_ws/install/chapt4_interfaces/share/chapt4_interfaces/package.dsv
[0.986s] -- Up-to-date: /home/hzh/ros2_learn/chapt4/chapt4_ws/install/chapt4_interfaces/share/ament_index/resource_index/packages/chapt4_interfaces
[0.986s] -- Up-to-date: /home/hzh/ros2_learn/chapt4/chapt4_ws/install/chapt4_interfaces/share/chapt4_interfaces/cmake/export_chapt4_interfaces__rosidl_generator_cExport.cmake
[0.986s] -- Up-to-date: /home/hzh/ros2_learn/chapt4/chapt4_ws/install/chapt4_interfaces/share/chapt4_interfaces/cmake/export_chapt4_interfaces__rosidl_generator_cExport-noconfig.cmake
[0.986s] -- Up-to-date: /home/hzh/ros2_learn/chapt4/chapt4_ws/install/chapt4_interfaces/share/chapt4_interfaces/cmake/export_chapt4_interfaces__rosidl_typesupport_fastrtps_cExport.cmake
[0.986s] -- Up-to-date: /home/hzh/ros2_learn/chapt4/chapt4_ws/install/chapt4_interfaces/share/chapt4_interfaces/cmake/export_chapt4_interfaces__rosidl_typesupport_fastrtps_cExport-noconfig.cmake
[0.987s] -- Up-to-date: /home/hzh/ros2_learn/chapt4/chapt4_ws/install/chapt4_interfaces/share/chapt4_interfaces/cmake/export_chapt4_interfaces__rosidl_generator_cppExport.cmake
[0.989s] -- Up-to-date: /home/hzh/ros2_learn/chapt4/chapt4_ws/install/chapt4_interfaces/share/chapt4_interfaces/cmake/export_chapt4_interfaces__rosidl_typesupport_fastrtps_cppExport.cmake
[0.989s] -- Up-to-date: /home/hzh/ros2_learn/chapt4/chapt4_ws/install/chapt4_interfaces/share/chapt4_interfaces/cmake/export_chapt4_interfaces__rosidl_typesupport_fastrtps_cppExport-noconfig.cmake
[0.991s] -- Up-to-date: /home/hzh/ros2_learn/chapt4/chapt4_ws/install/chapt4_interfaces/share/chapt4_interfaces/cmake/chapt4_interfaces__rosidl_typesupport_introspection_cExport.cmake
[0.992s] -- Up-to-date: /home/hzh/ros2_learn/chapt4/chapt4_ws/install/chapt4_interfaces/share/chapt4_interfaces/cmake/chapt4_interfaces__rosidl_typesupport_introspection_cExport-noconfig.cmake
[0.993s] -- Up-to-date: /home/hzh/ros2_learn/chapt4/chapt4_ws/install/chapt4_interfaces/share/chapt4_interfaces/cmake/chapt4_interfaces__rosidl_typesupport_cExport.cmake
[0.993s] -- Up-to-date: /home/hzh/ros2_learn/chapt4/chapt4_ws/install/chapt4_interfaces/share/chapt4_interfaces/cmake/chapt4_interfaces__rosidl_typesupport_cExport-noconfig.cmake
[0.995s] -- Up-to-date: /home/hzh/ros2_learn/chapt4/chapt4_ws/install/chapt4_interfaces/share/chapt4_interfaces/cmake/chapt4_interfaces__rosidl_typesupport_introspection_cppExport.cmake
[0.996s] -- Up-to-date: /home/hzh/ros2_learn/chapt4/chapt4_ws/install/chapt4_interfaces/share/chapt4_interfaces/cmake/chapt4_interfaces__rosidl_typesupport_introspection_cppExport-noconfig.cmake
[0.998s] -- Up-to-date: /home/hzh/ros2_learn/chapt4/chapt4_ws/install/chapt4_interfaces/share/chapt4_interfaces/cmake/chapt4_interfaces__rosidl_typesupport_cppExport.cmake
[0.999s] -- Up-to-date: /home/hzh/ros2_learn/chapt4/chapt4_ws/install/chapt4_interfaces/share/chapt4_interfaces/cmake/chapt4_interfaces__rosidl_typesupport_cppExport-noconfig.cmake
[1.001s] -- Up-to-date: /home/hzh/ros2_learn/chapt4/chapt4_ws/install/chapt4_interfaces/share/chapt4_interfaces/cmake/export_chapt4_interfaces__rosidl_generator_pyExport.cmake
[1.001s] -- Up-to-date: /home/hzh/ros2_learn/chapt4/chapt4_ws/install/chapt4_interfaces/share/chapt4_interfaces/cmake/export_chapt4_interfaces__rosidl_generator_pyExport-noconfig.cmake
[1.002s] -- Up-to-date: /home/hzh/ros2_learn/chapt4/chapt4_ws/install/chapt4_interfaces/share/chapt4_interfaces/cmake/rosidl_cmake-extras.cmake
[1.002s] -- Up-to-date: /home/hzh/ros2_learn/chapt4/chapt4_ws/install/chapt4_interfaces/share/chapt4_interfaces/cmake/ament_cmake_export_dependencies-extras.cmake
[1.003s] -- Up-to-date: /home/hzh/ros2_learn/chapt4/chapt4_ws/install/chapt4_interfaces/share/chapt4_interfaces/cmake/ament_cmake_export_include_directories-extras.cmake
[1.003s] -- Up-to-date: /home/hzh/ros2_learn/chapt4/chapt4_ws/install/chapt4_interfaces/share/chapt4_interfaces/cmake/ament_cmake_export_libraries-extras.cmake
[1.004s] -- Up-to-date: /home/hzh/ros2_learn/chapt4/chapt4_ws/install/chapt4_interfaces/share/chapt4_interfaces/cmake/ament_cmake_export_targets-extras.cmake
[1.004s] -- Up-to-date: /home/hzh/ros2_learn/chapt4/chapt4_ws/install/chapt4_interfaces/share/chapt4_interfaces/cmake/rosidl_cmake_export_typesupport_targets-extras.cmake
[1.004s] -- Up-to-date: /home/hzh/ros2_learn/chapt4/chapt4_ws/install/chapt4_interfaces/share/chapt4_interfaces/cmake/rosidl_cmake_export_typesupport_libraries-extras.cmake
[1.005s] -- Up-to-date: /home/hzh/ros2_learn/chapt4/chapt4_ws/install/chapt4_interfaces/share/chapt4_interfaces/cmake/chapt4_interfacesConfig.cmake
[1.005s] -- Up-to-date: /home/hzh/ros2_learn/chapt4/chapt4_ws/install/chapt4_interfaces/share/chapt4_interfaces/cmake/chapt4_interfacesConfig-version.cmake
[1.005s] -- Up-to-date: /home/hzh/ros2_learn/chapt4/chapt4_ws/install/chapt4_interfaces/share/chapt4_interfaces/package.xml
[1.008s] Invoked command in '/home/hzh/ros2_learn/chapt4/chapt4_ws/build/chapt4_interfaces' returned '0': CMAKE_PREFIX_PATH=/opt/ros/humble /usr/bin/cmake --install /home/hzh/ros2_learn/chapt4/chapt4_ws/build/chapt4_interfaces
