[0.049s] Invoking command in '/home/hzh/ros2_learn/chapt8/chapt8_ws/build/autopartol_interfaces': CMAKE_PREFIX_PATH=/opt/ros/humble /usr/bin/cmake --build /home/hzh/ros2_learn/chapt8/chapt8_ws/build/autopartol_interfaces -- -j4 -l4
[1.221s] [  3%] Built target autopartol_interfaces__rs
[1.221s] [ 12%] Built target autopartol_interfaces__rosidl_generator_c
[1.222s] [ 12%] Built target ament_cmake_python_copy_autopartol_interfaces
[1.223s] [ 15%] Built target autopartol_interfaces__cpp
[1.223s] [ 25%] Built target autopartol_interfaces__rosidl_typesupport_fastrtps_c
[1.223s] [ 34%] Built target autopartol_interfaces__rosidl_typesupport_introspection_c
[1.223s] [ 43%] Built target autopartol_interfaces__rosidl_typesupport_c
[1.225s] [ 53%] Built target autopartol_interfaces__rosidl_typesupport_cpp
[1.228s] [ 62%] Built target autopartol_interfaces__rosidl_typesupport_introspection_cpp
[1.232s] [ 71%] Built target autopartol_interfaces__rosidl_typesupport_fastrtps_cpp
[1.232s] [ 71%] Built target autopartol_interfaces
[1.233s] [ 75%] Built target autopartol_interfaces__py
[1.233s] [ 81%] Built target autopartol_interfaces__rosidl_generator_py
[1.233s] [ 87%] Built target autopartol_interfaces__rosidl_typesupport_fastrtps_c__pyext
[1.233s] [ 93%] Built target autopartol_interfaces__rosidl_typesupport_introspection_c__pyext
[1.233s] [100%] Built target autopartol_interfaces__rosidl_typesupport_c__pyext
[1.234s] running egg_info
[1.234s] writing autopartol_interfaces.egg-info/PKG-INFO
[1.234s] writing dependency_links to autopartol_interfaces.egg-info/dependency_links.txt
[1.234s] writing top-level names to autopartol_interfaces.egg-info/top_level.txt
[1.234s] reading manifest file 'autopartol_interfaces.egg-info/SOURCES.txt'
[1.234s] writing manifest file 'autopartol_interfaces.egg-info/SOURCES.txt'
[1.234s] [100%] Built target ament_cmake_python_build_autopartol_interfaces_egg
[1.253s] Invoked command in '/home/hzh/ros2_learn/chapt8/chapt8_ws/build/autopartol_interfaces' returned '0': CMAKE_PREFIX_PATH=/opt/ros/humble /usr/bin/cmake --build /home/hzh/ros2_learn/chapt8/chapt8_ws/build/autopartol_interfaces -- -j4 -l4
[1.266s] Invoking command in '/home/hzh/ros2_learn/chapt8/chapt8_ws/build/autopartol_interfaces': CMAKE_PREFIX_PATH=/opt/ros/humble /usr/bin/cmake --install /home/hzh/ros2_learn/chapt8/chapt8_ws/build/autopartol_interfaces
[1.290s] -- Install configuration: ""
[1.291s] -- Up-to-date: /home/hzh/ros2_learn/chapt8/chapt8_ws/install/autopartol_interfaces/share/ament_index/resource_index/rosidl_interfaces/autopartol_interfaces
[1.292s] -- Up-to-date: /home/hzh/ros2_learn/chapt8/chapt8_ws/install/autopartol_interfaces/include/autopartol_interfaces/autopartol_interfaces
[1.292s] -- Up-to-date: /home/hzh/ros2_learn/chapt8/chapt8_ws/install/autopartol_interfaces/include/autopartol_interfaces/autopartol_interfaces/srv
[1.294s] -- Up-to-date: /home/hzh/ros2_learn/chapt8/chapt8_ws/install/autopartol_interfaces/include/autopartol_interfaces/autopartol_interfaces/srv/speech_text.h
[1.294s] -- Up-to-date: /home/hzh/ros2_learn/chapt8/chapt8_ws/install/autopartol_interfaces/include/autopartol_interfaces/autopartol_interfaces/srv/detail
[1.294s] -- Up-to-date: /home/hzh/ros2_learn/chapt8/chapt8_ws/install/autopartol_interfaces/include/autopartol_interfaces/autopartol_interfaces/srv/detail/speech_text__functions.c
[1.294s] -- Up-to-date: /home/hzh/ros2_learn/chapt8/chapt8_ws/install/autopartol_interfaces/include/autopartol_interfaces/autopartol_interfaces/srv/detail/speech_text__functions.h
[1.295s] -- Up-to-date: /home/hzh/ros2_learn/chapt8/chapt8_ws/install/autopartol_interfaces/include/autopartol_interfaces/autopartol_interfaces/srv/detail/speech_text__type_support.h
[1.295s] -- Up-to-date: /home/hzh/ros2_learn/chapt8/chapt8_ws/install/autopartol_interfaces/include/autopartol_interfaces/autopartol_interfaces/srv/detail/speech_text__struct.h
[1.295s] -- Up-to-date: /home/hzh/ros2_learn/chapt8/chapt8_ws/install/autopartol_interfaces/include/autopartol_interfaces/autopartol_interfaces/msg
[1.295s] -- Up-to-date: /home/hzh/ros2_learn/chapt8/chapt8_ws/install/autopartol_interfaces/include/autopartol_interfaces/autopartol_interfaces/msg/rosidl_generator_c__visibility_control.h
[1.295s] -- Up-to-date: /home/hzh/ros2_learn/chapt8/chapt8_ws/install/autopartol_interfaces/share/autopartol_interfaces/environment/library_path.sh
[1.295s] -- Up-to-date: /home/hzh/ros2_learn/chapt8/chapt8_ws/install/autopartol_interfaces/share/autopartol_interfaces/environment/library_path.dsv
[1.295s] -- Up-to-date: /home/hzh/ros2_learn/chapt8/chapt8_ws/install/autopartol_interfaces/lib/libautopartol_interfaces__rosidl_generator_c.so
[1.298s] -- Up-to-date: /home/hzh/ros2_learn/chapt8/chapt8_ws/install/autopartol_interfaces/include/autopartol_interfaces/autopartol_interfaces
[1.298s] -- Up-to-date: /home/hzh/ros2_learn/chapt8/chapt8_ws/install/autopartol_interfaces/include/autopartol_interfaces/autopartol_interfaces/srv
[1.298s] -- Up-to-date: /home/hzh/ros2_learn/chapt8/chapt8_ws/install/autopartol_interfaces/include/autopartol_interfaces/autopartol_interfaces/srv/detail
[1.299s] -- Up-to-date: /home/hzh/ros2_learn/chapt8/chapt8_ws/install/autopartol_interfaces/include/autopartol_interfaces/autopartol_interfaces/srv/detail/speech_text__rosidl_typesupport_fastrtps_c.h
[1.299s] -- Up-to-date: /home/hzh/ros2_learn/chapt8/chapt8_ws/install/autopartol_interfaces/include/autopartol_interfaces/autopartol_interfaces/msg
[1.299s] -- Up-to-date: /home/hzh/ros2_learn/chapt8/chapt8_ws/install/autopartol_interfaces/include/autopartol_interfaces/autopartol_interfaces/msg/rosidl_typesupport_fastrtps_c__visibility_control.h
[1.299s] -- Up-to-date: /home/hzh/ros2_learn/chapt8/chapt8_ws/install/autopartol_interfaces/lib/libautopartol_interfaces__rosidl_typesupport_fastrtps_c.so
[1.299s] -- Up-to-date: /home/hzh/ros2_learn/chapt8/chapt8_ws/install/autopartol_interfaces/include/autopartol_interfaces/autopartol_interfaces
[1.299s] -- Up-to-date: /home/hzh/ros2_learn/chapt8/chapt8_ws/install/autopartol_interfaces/include/autopartol_interfaces/autopartol_interfaces/srv
[1.299s] -- Up-to-date: /home/hzh/ros2_learn/chapt8/chapt8_ws/install/autopartol_interfaces/include/autopartol_interfaces/autopartol_interfaces/srv/detail
[1.299s] -- Up-to-date: /home/hzh/ros2_learn/chapt8/chapt8_ws/install/autopartol_interfaces/include/autopartol_interfaces/autopartol_interfaces/srv/detail/speech_text__type_support.c
[1.303s] -- Up-to-date: /home/hzh/ros2_learn/chapt8/chapt8_ws/install/autopartol_interfaces/include/autopartol_interfaces/autopartol_interfaces/srv/detail/speech_text__rosidl_typesupport_introspection_c.h
[1.303s] -- Up-to-date: /home/hzh/ros2_learn/chapt8/chapt8_ws/install/autopartol_interfaces/include/autopartol_interfaces/autopartol_interfaces/msg
[1.303s] -- Up-to-date: /home/hzh/ros2_learn/chapt8/chapt8_ws/install/autopartol_interfaces/include/autopartol_interfaces/autopartol_interfaces/msg/rosidl_typesupport_introspection_c__visibility_control.h
[1.303s] -- Up-to-date: /home/hzh/ros2_learn/chapt8/chapt8_ws/install/autopartol_interfaces/lib/libautopartol_interfaces__rosidl_typesupport_introspection_c.so
[1.303s] -- Up-to-date: /home/hzh/ros2_learn/chapt8/chapt8_ws/install/autopartol_interfaces/lib/libautopartol_interfaces__rosidl_typesupport_c.so
[1.303s] -- Up-to-date: /home/hzh/ros2_learn/chapt8/chapt8_ws/install/autopartol_interfaces/include/autopartol_interfaces/autopartol_interfaces
[1.303s] -- Up-to-date: /home/hzh/ros2_learn/chapt8/chapt8_ws/install/autopartol_interfaces/include/autopartol_interfaces/autopartol_interfaces/srv
[1.304s] -- Up-to-date: /home/hzh/ros2_learn/chapt8/chapt8_ws/install/autopartol_interfaces/include/autopartol_interfaces/autopartol_interfaces/srv/detail
[1.304s] -- Up-to-date: /home/hzh/ros2_learn/chapt8/chapt8_ws/install/autopartol_interfaces/include/autopartol_interfaces/autopartol_interfaces/srv/detail/speech_text__type_support.hpp
[1.304s] -- Up-to-date: /home/hzh/ros2_learn/chapt8/chapt8_ws/install/autopartol_interfaces/include/autopartol_interfaces/autopartol_interfaces/srv/detail/speech_text__traits.hpp
[1.304s] -- Up-to-date: /home/hzh/ros2_learn/chapt8/chapt8_ws/install/autopartol_interfaces/include/autopartol_interfaces/autopartol_interfaces/srv/detail/speech_text__builder.hpp
[1.304s] -- Up-to-date: /home/hzh/ros2_learn/chapt8/chapt8_ws/install/autopartol_interfaces/include/autopartol_interfaces/autopartol_interfaces/srv/detail/speech_text__struct.hpp
[1.304s] -- Up-to-date: /home/hzh/ros2_learn/chapt8/chapt8_ws/install/autopartol_interfaces/include/autopartol_interfaces/autopartol_interfaces/srv/speech_text.hpp
[1.304s] -- Up-to-date: /home/hzh/ros2_learn/chapt8/chapt8_ws/install/autopartol_interfaces/include/autopartol_interfaces/autopartol_interfaces/msg
[1.304s] -- Up-to-date: /home/hzh/ros2_learn/chapt8/chapt8_ws/install/autopartol_interfaces/include/autopartol_interfaces/autopartol_interfaces/msg/rosidl_generator_cpp__visibility_control.hpp
[1.304s] -- Up-to-date: /home/hzh/ros2_learn/chapt8/chapt8_ws/install/autopartol_interfaces/include/autopartol_interfaces/autopartol_interfaces
[1.304s] -- Up-to-date: /home/hzh/ros2_learn/chapt8/chapt8_ws/install/autopartol_interfaces/include/autopartol_interfaces/autopartol_interfaces/srv
[1.304s] -- Up-to-date: /home/hzh/ros2_learn/chapt8/chapt8_ws/install/autopartol_interfaces/include/autopartol_interfaces/autopartol_interfaces/srv/detail
[1.304s] -- Up-to-date: /home/hzh/ros2_learn/chapt8/chapt8_ws/install/autopartol_interfaces/include/autopartol_interfaces/autopartol_interfaces/srv/detail/dds_fastrtps
[1.304s] -- Up-to-date: /home/hzh/ros2_learn/chapt8/chapt8_ws/install/autopartol_interfaces/include/autopartol_interfaces/autopartol_interfaces/srv/detail/speech_text__rosidl_typesupport_fastrtps_cpp.hpp
[1.304s] -- Up-to-date: /home/hzh/ros2_learn/chapt8/chapt8_ws/install/autopartol_interfaces/include/autopartol_interfaces/autopartol_interfaces/msg
[1.304s] -- Up-to-date: /home/hzh/ros2_learn/chapt8/chapt8_ws/install/autopartol_interfaces/include/autopartol_interfaces/autopartol_interfaces/msg/rosidl_typesupport_fastrtps_cpp__visibility_control.h
[1.304s] -- Up-to-date: /home/hzh/ros2_learn/chapt8/chapt8_ws/install/autopartol_interfaces/lib/libautopartol_interfaces__rosidl_typesupport_fastrtps_cpp.so
[1.305s] -- Up-to-date: /home/hzh/ros2_learn/chapt8/chapt8_ws/install/autopartol_interfaces/include/autopartol_interfaces/autopartol_interfaces
[1.305s] -- Up-to-date: /home/hzh/ros2_learn/chapt8/chapt8_ws/install/autopartol_interfaces/include/autopartol_interfaces/autopartol_interfaces/srv
[1.305s] -- Up-to-date: /home/hzh/ros2_learn/chapt8/chapt8_ws/install/autopartol_interfaces/include/autopartol_interfaces/autopartol_interfaces/srv/detail
[1.305s] -- Up-to-date: /home/hzh/ros2_learn/chapt8/chapt8_ws/install/autopartol_interfaces/include/autopartol_interfaces/autopartol_interfaces/srv/detail/speech_text__type_support.cpp
[1.305s] -- Up-to-date: /home/hzh/ros2_learn/chapt8/chapt8_ws/install/autopartol_interfaces/include/autopartol_interfaces/autopartol_interfaces/srv/detail/speech_text__rosidl_typesupport_introspection_cpp.hpp
[1.305s] -- Up-to-date: /home/hzh/ros2_learn/chapt8/chapt8_ws/install/autopartol_interfaces/lib/libautopartol_interfaces__rosidl_typesupport_introspection_cpp.so
[1.305s] -- Up-to-date: /home/hzh/ros2_learn/chapt8/chapt8_ws/install/autopartol_interfaces/lib/libautopartol_interfaces__rosidl_typesupport_cpp.so
[1.305s] -- Up-to-date: /home/hzh/ros2_learn/chapt8/chapt8_ws/install/autopartol_interfaces/share/autopartol_interfaces/environment/pythonpath.sh
[1.305s] -- Up-to-date: /home/hzh/ros2_learn/chapt8/chapt8_ws/install/autopartol_interfaces/share/autopartol_interfaces/environment/pythonpath.dsv
[1.305s] -- Up-to-date: /home/hzh/ros2_learn/chapt8/chapt8_ws/install/autopartol_interfaces/local/lib/python3.10/dist-packages/autopartol_interfaces-0.0.0-py3.10.egg-info
[1.305s] -- Installing: /home/hzh/ros2_learn/chapt8/chapt8_ws/install/autopartol_interfaces/local/lib/python3.10/dist-packages/autopartol_interfaces-0.0.0-py3.10.egg-info/dependency_links.txt
[1.305s] -- Installing: /home/hzh/ros2_learn/chapt8/chapt8_ws/install/autopartol_interfaces/local/lib/python3.10/dist-packages/autopartol_interfaces-0.0.0-py3.10.egg-info/SOURCES.txt
[1.305s] -- Installing: /home/hzh/ros2_learn/chapt8/chapt8_ws/install/autopartol_interfaces/local/lib/python3.10/dist-packages/autopartol_interfaces-0.0.0-py3.10.egg-info/top_level.txt
[1.306s] -- Installing: /home/hzh/ros2_learn/chapt8/chapt8_ws/install/autopartol_interfaces/local/lib/python3.10/dist-packages/autopartol_interfaces-0.0.0-py3.10.egg-info/PKG-INFO
[1.306s] -- Up-to-date: /home/hzh/ros2_learn/chapt8/chapt8_ws/install/autopartol_interfaces/local/lib/python3.10/dist-packages/autopartol_interfaces
[1.309s] -- Up-to-date: /home/hzh/ros2_learn/chapt8/chapt8_ws/install/autopartol_interfaces/local/lib/python3.10/dist-packages/autopartol_interfaces/libautopartol_interfaces__rosidl_generator_py.so
[1.309s] -- Up-to-date: /home/hzh/ros2_learn/chapt8/chapt8_ws/install/autopartol_interfaces/local/lib/python3.10/dist-packages/autopartol_interfaces/_autopartol_interfaces_s.ep.rosidl_typesupport_introspection_c.c
[1.309s] -- Up-to-date: /home/hzh/ros2_learn/chapt8/chapt8_ws/install/autopartol_interfaces/local/lib/python3.10/dist-packages/autopartol_interfaces/_autopartol_interfaces_s.ep.rosidl_typesupport_fastrtps_c.c
[1.309s] -- Up-to-date: /home/hzh/ros2_learn/chapt8/chapt8_ws/install/autopartol_interfaces/local/lib/python3.10/dist-packages/autopartol_interfaces/__init__.py
[1.310s] -- Up-to-date: /home/hzh/ros2_learn/chapt8/chapt8_ws/install/autopartol_interfaces/local/lib/python3.10/dist-packages/autopartol_interfaces/autopartol_interfaces_s__rosidl_typesupport_fastrtps_c.cpython-310-x86_64-linux-gnu.so
[1.310s] -- Up-to-date: /home/hzh/ros2_learn/chapt8/chapt8_ws/install/autopartol_interfaces/local/lib/python3.10/dist-packages/autopartol_interfaces/autopartol_interfaces_s__rosidl_typesupport_c.cpython-310-x86_64-linux-gnu.so
[1.310s] -- Up-to-date: /home/hzh/ros2_learn/chapt8/chapt8_ws/install/autopartol_interfaces/local/lib/python3.10/dist-packages/autopartol_interfaces/_autopartol_interfaces_s.ep.rosidl_typesupport_c.c
[1.310s] -- Up-to-date: /home/hzh/ros2_learn/chapt8/chapt8_ws/install/autopartol_interfaces/local/lib/python3.10/dist-packages/autopartol_interfaces/autopartol_interfaces_s__rosidl_typesupport_introspection_c.cpython-310-x86_64-linux-gnu.so
[1.310s] -- Up-to-date: /home/hzh/ros2_learn/chapt8/chapt8_ws/install/autopartol_interfaces/local/lib/python3.10/dist-packages/autopartol_interfaces/srv
[1.310s] -- Up-to-date: /home/hzh/ros2_learn/chapt8/chapt8_ws/install/autopartol_interfaces/local/lib/python3.10/dist-packages/autopartol_interfaces/srv/_speech_text_s.c
[1.310s] -- Up-to-date: /home/hzh/ros2_learn/chapt8/chapt8_ws/install/autopartol_interfaces/local/lib/python3.10/dist-packages/autopartol_interfaces/srv/__init__.py
[1.310s] -- Up-to-date: /home/hzh/ros2_learn/chapt8/chapt8_ws/install/autopartol_interfaces/local/lib/python3.10/dist-packages/autopartol_interfaces/srv/_speech_text.py
[1.349s] Listing '/home/hzh/ros2_learn/chapt8/chapt8_ws/install/autopartol_interfaces/local/lib/python3.10/dist-packages/autopartol_interfaces'...
[1.349s] Listing '/home/hzh/ros2_learn/chapt8/chapt8_ws/install/autopartol_interfaces/local/lib/python3.10/dist-packages/autopartol_interfaces/srv'...
[1.364s] -- Up-to-date: /home/hzh/ros2_learn/chapt8/chapt8_ws/install/autopartol_interfaces/local/lib/python3.10/dist-packages/autopartol_interfaces/autopartol_interfaces_s__rosidl_typesupport_fastrtps_c.cpython-310-x86_64-linux-gnu.so
[1.364s] -- Up-to-date: /home/hzh/ros2_learn/chapt8/chapt8_ws/install/autopartol_interfaces/local/lib/python3.10/dist-packages/autopartol_interfaces/autopartol_interfaces_s__rosidl_typesupport_introspection_c.cpython-310-x86_64-linux-gnu.so
[1.364s] -- Up-to-date: /home/hzh/ros2_learn/chapt8/chapt8_ws/install/autopartol_interfaces/local/lib/python3.10/dist-packages/autopartol_interfaces/autopartol_interfaces_s__rosidl_typesupport_c.cpython-310-x86_64-linux-gnu.so
[1.364s] -- Up-to-date: /home/hzh/ros2_learn/chapt8/chapt8_ws/install/autopartol_interfaces/lib/libautopartol_interfaces__rosidl_generator_py.so
[1.364s] -- Up-to-date: /home/hzh/ros2_learn/chapt8/chapt8_ws/install/autopartol_interfaces/share/ament_index/resource_index/rust_packages/autopartol_interfaces
[1.364s] -- Up-to-date: /home/hzh/ros2_learn/chapt8/chapt8_ws/install/autopartol_interfaces/share/autopartol_interfaces/rust
[1.364s] -- Up-to-date: /home/hzh/ros2_learn/chapt8/chapt8_ws/install/autopartol_interfaces/share/autopartol_interfaces/rust/Cargo.toml
[1.364s] -- Up-to-date: /home/hzh/ros2_learn/chapt8/chapt8_ws/install/autopartol_interfaces/share/autopartol_interfaces/rust/build.rs
[1.365s] -- Up-to-date: /home/hzh/ros2_learn/chapt8/chapt8_ws/install/autopartol_interfaces/share/autopartol_interfaces/rust/src
[1.365s] -- Up-to-date: /home/hzh/ros2_learn/chapt8/chapt8_ws/install/autopartol_interfaces/share/autopartol_interfaces/rust/src/lib.rs
[1.371s] -- Up-to-date: /home/hzh/ros2_learn/chapt8/chapt8_ws/install/autopartol_interfaces/share/autopartol_interfaces/rust/src/srv.rs
[1.371s] -- Up-to-date: /home/hzh/ros2_learn/chapt8/chapt8_ws/install/autopartol_interfaces/share/autopartol_interfaces/rust/src/srv
[1.372s] -- Up-to-date: /home/hzh/ros2_learn/chapt8/chapt8_ws/install/autopartol_interfaces/share/autopartol_interfaces/rust/src/srv/rmw.rs
[1.372s] -- Up-to-date: /home/hzh/ros2_learn/chapt8/chapt8_ws/install/autopartol_interfaces/share/autopartol_interfaces/srv/SpeechText.idl
[1.372s] -- Up-to-date: /home/hzh/ros2_learn/chapt8/chapt8_ws/install/autopartol_interfaces/share/autopartol_interfaces/srv/SpeechText.srv
[1.372s] -- Up-to-date: /home/hzh/ros2_learn/chapt8/chapt8_ws/install/autopartol_interfaces/share/autopartol_interfaces/srv/SpeechText_Request.msg
[1.372s] -- Up-to-date: /home/hzh/ros2_learn/chapt8/chapt8_ws/install/autopartol_interfaces/share/autopartol_interfaces/srv/SpeechText_Response.msg
[1.373s] -- Up-to-date: /home/hzh/ros2_learn/chapt8/chapt8_ws/install/autopartol_interfaces/share/ament_index/resource_index/package_run_dependencies/autopartol_interfaces
[1.373s] -- Up-to-date: /home/hzh/ros2_learn/chapt8/chapt8_ws/install/autopartol_interfaces/share/ament_index/resource_index/parent_prefix_path/autopartol_interfaces
[1.373s] -- Up-to-date: /home/hzh/ros2_learn/chapt8/chapt8_ws/install/autopartol_interfaces/share/autopartol_interfaces/environment/ament_prefix_path.sh
[1.373s] -- Up-to-date: /home/hzh/ros2_learn/chapt8/chapt8_ws/install/autopartol_interfaces/share/autopartol_interfaces/environment/ament_prefix_path.dsv
[1.373s] -- Up-to-date: /home/hzh/ros2_learn/chapt8/chapt8_ws/install/autopartol_interfaces/share/autopartol_interfaces/environment/path.sh
[1.373s] -- Up-to-date: /home/hzh/ros2_learn/chapt8/chapt8_ws/install/autopartol_interfaces/share/autopartol_interfaces/environment/path.dsv
[1.373s] -- Up-to-date: /home/hzh/ros2_learn/chapt8/chapt8_ws/install/autopartol_interfaces/share/autopartol_interfaces/local_setup.bash
[1.373s] -- Up-to-date: /home/hzh/ros2_learn/chapt8/chapt8_ws/install/autopartol_interfaces/share/autopartol_interfaces/local_setup.sh
[1.373s] -- Up-to-date: /home/hzh/ros2_learn/chapt8/chapt8_ws/install/autopartol_interfaces/share/autopartol_interfaces/local_setup.zsh
[1.373s] -- Up-to-date: /home/hzh/ros2_learn/chapt8/chapt8_ws/install/autopartol_interfaces/share/autopartol_interfaces/local_setup.dsv
[1.373s] -- Installing: /home/hzh/ros2_learn/chapt8/chapt8_ws/install/autopartol_interfaces/share/autopartol_interfaces/package.dsv
[1.373s] -- Up-to-date: /home/hzh/ros2_learn/chapt8/chapt8_ws/install/autopartol_interfaces/share/ament_index/resource_index/packages/autopartol_interfaces
[1.373s] -- Up-to-date: /home/hzh/ros2_learn/chapt8/chapt8_ws/install/autopartol_interfaces/share/autopartol_interfaces/cmake/export_autopartol_interfaces__rosidl_generator_cExport.cmake
[1.373s] -- Up-to-date: /home/hzh/ros2_learn/chapt8/chapt8_ws/install/autopartol_interfaces/share/autopartol_interfaces/cmake/export_autopartol_interfaces__rosidl_generator_cExport-noconfig.cmake
[1.378s] -- Up-to-date: /home/hzh/ros2_learn/chapt8/chapt8_ws/install/autopartol_interfaces/share/autopartol_interfaces/cmake/export_autopartol_interfaces__rosidl_typesupport_fastrtps_cExport.cmake
[1.378s] -- Up-to-date: /home/hzh/ros2_learn/chapt8/chapt8_ws/install/autopartol_interfaces/share/autopartol_interfaces/cmake/export_autopartol_interfaces__rosidl_typesupport_fastrtps_cExport-noconfig.cmake
[1.378s] -- Up-to-date: /home/hzh/ros2_learn/chapt8/chapt8_ws/install/autopartol_interfaces/share/autopartol_interfaces/cmake/autopartol_interfaces__rosidl_typesupport_introspection_cExport.cmake
[1.379s] -- Up-to-date: /home/hzh/ros2_learn/chapt8/chapt8_ws/install/autopartol_interfaces/share/autopartol_interfaces/cmake/autopartol_interfaces__rosidl_typesupport_introspection_cExport-noconfig.cmake
[1.379s] -- Up-to-date: /home/hzh/ros2_learn/chapt8/chapt8_ws/install/autopartol_interfaces/share/autopartol_interfaces/cmake/autopartol_interfaces__rosidl_typesupport_cExport.cmake
[1.379s] -- Up-to-date: /home/hzh/ros2_learn/chapt8/chapt8_ws/install/autopartol_interfaces/share/autopartol_interfaces/cmake/autopartol_interfaces__rosidl_typesupport_cExport-noconfig.cmake
[1.379s] -- Up-to-date: /home/hzh/ros2_learn/chapt8/chapt8_ws/install/autopartol_interfaces/share/autopartol_interfaces/cmake/export_autopartol_interfaces__rosidl_generator_cppExport.cmake
[1.379s] -- Up-to-date: /home/hzh/ros2_learn/chapt8/chapt8_ws/install/autopartol_interfaces/share/autopartol_interfaces/cmake/export_autopartol_interfaces__rosidl_typesupport_fastrtps_cppExport.cmake
[1.380s] -- Up-to-date: /home/hzh/ros2_learn/chapt8/chapt8_ws/install/autopartol_interfaces/share/autopartol_interfaces/cmake/export_autopartol_interfaces__rosidl_typesupport_fastrtps_cppExport-noconfig.cmake
[1.380s] -- Up-to-date: /home/hzh/ros2_learn/chapt8/chapt8_ws/install/autopartol_interfaces/share/autopartol_interfaces/cmake/autopartol_interfaces__rosidl_typesupport_introspection_cppExport.cmake
[1.380s] -- Up-to-date: /home/hzh/ros2_learn/chapt8/chapt8_ws/install/autopartol_interfaces/share/autopartol_interfaces/cmake/autopartol_interfaces__rosidl_typesupport_introspection_cppExport-noconfig.cmake
[1.380s] -- Up-to-date: /home/hzh/ros2_learn/chapt8/chapt8_ws/install/autopartol_interfaces/share/autopartol_interfaces/cmake/autopartol_interfaces__rosidl_typesupport_cppExport.cmake
[1.383s] -- Up-to-date: /home/hzh/ros2_learn/chapt8/chapt8_ws/install/autopartol_interfaces/share/autopartol_interfaces/cmake/autopartol_interfaces__rosidl_typesupport_cppExport-noconfig.cmake
[1.383s] -- Up-to-date: /home/hzh/ros2_learn/chapt8/chapt8_ws/install/autopartol_interfaces/share/autopartol_interfaces/cmake/export_autopartol_interfaces__rosidl_generator_pyExport.cmake
[1.383s] -- Up-to-date: /home/hzh/ros2_learn/chapt8/chapt8_ws/install/autopartol_interfaces/share/autopartol_interfaces/cmake/export_autopartol_interfaces__rosidl_generator_pyExport-noconfig.cmake
[1.383s] -- Up-to-date: /home/hzh/ros2_learn/chapt8/chapt8_ws/install/autopartol_interfaces/share/autopartol_interfaces/cmake/rosidl_cmake-extras.cmake
[1.383s] -- Up-to-date: /home/hzh/ros2_learn/chapt8/chapt8_ws/install/autopartol_interfaces/share/autopartol_interfaces/cmake/ament_cmake_export_include_directories-extras.cmake
[1.383s] -- Up-to-date: /home/hzh/ros2_learn/chapt8/chapt8_ws/install/autopartol_interfaces/share/autopartol_interfaces/cmake/ament_cmake_export_libraries-extras.cmake
[1.383s] -- Up-to-date: /home/hzh/ros2_learn/chapt8/chapt8_ws/install/autopartol_interfaces/share/autopartol_interfaces/cmake/ament_cmake_export_targets-extras.cmake
[1.383s] -- Up-to-date: /home/hzh/ros2_learn/chapt8/chapt8_ws/install/autopartol_interfaces/share/autopartol_interfaces/cmake/rosidl_cmake_export_typesupport_targets-extras.cmake
[1.383s] -- Up-to-date: /home/hzh/ros2_learn/chapt8/chapt8_ws/install/autopartol_interfaces/share/autopartol_interfaces/cmake/ament_cmake_export_dependencies-extras.cmake
[1.383s] -- Up-to-date: /home/hzh/ros2_learn/chapt8/chapt8_ws/install/autopartol_interfaces/share/autopartol_interfaces/cmake/rosidl_cmake_export_typesupport_libraries-extras.cmake
[1.383s] -- Up-to-date: /home/hzh/ros2_learn/chapt8/chapt8_ws/install/autopartol_interfaces/share/autopartol_interfaces/cmake/autopartol_interfacesConfig.cmake
[1.384s] -- Up-to-date: /home/hzh/ros2_learn/chapt8/chapt8_ws/install/autopartol_interfaces/share/autopartol_interfaces/cmake/autopartol_interfacesConfig-version.cmake
[1.387s] -- Up-to-date: /home/hzh/ros2_learn/chapt8/chapt8_ws/install/autopartol_interfaces/share/autopartol_interfaces/package.xml
[1.462s] Invoked command in '/home/hzh/ros2_learn/chapt8/chapt8_ws/build/autopartol_interfaces' returned '0': CMAKE_PREFIX_PATH=/opt/ros/humble /usr/bin/cmake --install /home/hzh/ros2_learn/chapt8/chapt8_ws/build/autopartol_interfaces
