[0.052s] Invoking command in '/home/hzh/ros2_learn/chapt8/chapt8_ws/build/autopartol_interfaces': CMAKE_PREFIX_PATH=/opt/ros/humble /usr/bin/cmake /home/hzh/ros2_learn/chapt8/chapt8_ws/src/autopartol_interfaces -DCMAKE_INSTALL_PREFIX=/home/hzh/ros2_learn/chapt8/chapt8_ws/install/autopartol_interfaces
[0.988s] -- The C compiler identification is GNU 11.4.0
[0.988s] -- The CXX compiler identification is GNU 11.4.0
[0.989s] -- Detecting C compiler ABI info
[0.989s] -- Detecting C compiler ABI info - done
[0.989s] -- Check for working C compiler: /usr/bin/cc - skipped
[0.990s] -- Detecting C compile features
[0.993s] -- Detecting C compile features - done
[0.994s] -- Detecting CXX compiler ABI info
[0.994s] -- Detecting CXX compiler ABI info - done
[0.994s] -- Check for working CXX compiler: /usr/bin/c++ - skipped
[0.994s] -- Detecting CXX compile features
[0.994s] -- Detecting CXX compile features - done
[0.994s] -- Found ament_cmake: 1.3.14 (/opt/ros/humble/share/ament_cmake/cmake)
[1.194s] -- Found Python3: /usr/bin/python3 (found version "3.10.12") found components: Interpreter 
[1.466s] -- Found rosidl_default_generators: 1.2.1 (/opt/ros/humble/share/rosidl_default_generators/cmake)
[1.490s] -- Using all available rosidl_typesupport_c: rosidl_typesupport_fastrtps_c;rosidl_typesupport_introspection_c
[1.535s] -- Found rosidl_adapter: 3.1.8 (/opt/ros/humble/share/rosidl_adapter/cmake)
[1.736s] -- Using all available rosidl_typesupport_cpp: rosidl_typesupport_fastrtps_cpp;rosidl_typesupport_introspection_cpp
[2.668s] -- Found ament_cmake_ros: 0.10.0 (/opt/ros/humble/share/ament_cmake_ros/cmake)
[3.326s] -- Using all available rosidl_typesupport_c: rosidl_typesupport_fastrtps_c;rosidl_typesupport_introspection_c
[3.852s] -- Using all available rosidl_typesupport_cpp: rosidl_typesupport_fastrtps_cpp;rosidl_typesupport_introspection_cpp
[3.935s] -- Found PythonInterp: /usr/bin/python3 (found suitable version "3.10.12", minimum required is "3.6") 
[3.945s] -- Found python_cmake_module: 0.10.0 (/opt/ros/humble/share/python_cmake_module/cmake)
[4.057s] -- Found PythonLibs: /usr/lib/x86_64-linux-gnu/libpython3.10.so (found suitable version "3.10.12", minimum required is "3.5") 
[4.057s] -- Using PYTHON_EXECUTABLE: /usr/bin/python3
[4.057s] -- Using PYTHON_INCLUDE_DIRS: /usr/include/python3.10
[4.057s] -- Using PYTHON_LIBRARIES: /usr/lib/x86_64-linux-gnu/libpython3.10.so
[4.118s] -- Found PythonExtra: .so  
[4.402s] -- Found ament_lint_auto: 0.12.15 (/opt/ros/humble/share/ament_lint_auto/cmake)
[4.473s] -- Added test 'lint_cmake' to check CMake code style
[4.476s] -- Added test 'xmllint' to check XML markup files
[4.481s] -- Configuring done
[4.597s] -- Generating done
[4.630s] -- Build files have been written to: /home/hzh/ros2_learn/chapt8/chapt8_ws/build/autopartol_interfaces
[4.657s] Invoked command in '/home/hzh/ros2_learn/chapt8/chapt8_ws/build/autopartol_interfaces' returned '0': CMAKE_PREFIX_PATH=/opt/ros/humble /usr/bin/cmake /home/hzh/ros2_learn/chapt8/chapt8_ws/src/autopartol_interfaces -DCMAKE_INSTALL_PREFIX=/home/hzh/ros2_learn/chapt8/chapt8_ws/install/autopartol_interfaces
[4.668s] Invoking command in '/home/hzh/ros2_learn/chapt8/chapt8_ws/build/autopartol_interfaces': CMAKE_PREFIX_PATH=/opt/ros/humble /usr/bin/cmake --build /home/hzh/ros2_learn/chapt8/chapt8_ws/build/autopartol_interfaces -- -j4 -l4
[4.844s] [  3%] [34m[1mGenerating C code for ROS interfaces[0m
[4.886s] [  6%] [34m[1mGenerating C++ code for ROS interfaces[0m
[4.897s] [  9%] [34m[1mGenerating Rust code for ROS interfaces[0m
[4.995s] [  9%] Built target ament_cmake_python_copy_autopartol_interfaces
[5.710s] running egg_info
[5.711s] creating autopartol_interfaces.egg-info
[5.717s] writing autopartol_interfaces.egg-info/PKG-INFO
[5.719s] writing dependency_links to autopartol_interfaces.egg-info/dependency_links.txt
[5.719s] writing top-level names to autopartol_interfaces.egg-info/top_level.txt
[5.719s] writing manifest file 'autopartol_interfaces.egg-info/SOURCES.txt'
[5.751s] reading manifest file 'autopartol_interfaces.egg-info/SOURCES.txt'
[5.753s] writing manifest file 'autopartol_interfaces.egg-info/SOURCES.txt'
[5.842s] [  9%] Built target autopartol_interfaces__rs
[5.958s] [  9%] Built target autopartol_interfaces__cpp
[6.000s] [ 12%] [32mBuilding C object CMakeFiles/autopartol_interfaces__rosidl_generator_c.dir/rosidl_generator_c/autopartol_interfaces/srv/detail/speech_text__functions.c.o[0m
[6.009s] [ 12%] Built target ament_cmake_python_build_autopartol_interfaces_egg
[6.017s] [ 15%] [34m[1mGenerating C++ type support dispatch for ROS interfaces[0m
[6.049s] [ 18%] [34m[1mGenerating C++ introspection for ROS interfaces[0m
[6.062s] [ 21%] [34m[1mGenerating C++ type support for eProsima Fast-RTPS[0m
[6.315s] [ 25%] [32m[1mLinking C shared library libautopartol_interfaces__rosidl_generator_c.so[0m
[6.662s] [ 25%] Built target autopartol_interfaces__rosidl_generator_c
[6.704s] [ 28%] [34m[1mGenerating C type support for eProsima Fast-RTPS[0m
[6.825s] [ 31%] [32mBuilding CXX object CMakeFiles/autopartol_interfaces__rosidl_typesupport_cpp.dir/rosidl_typesupport_cpp/autopartol_interfaces/srv/speech_text__type_support.cpp.o[0m
[7.361s] [ 34%] [32mBuilding CXX object CMakeFiles/autopartol_interfaces__rosidl_typesupport_introspection_cpp.dir/rosidl_typesupport_introspection_cpp/autopartol_interfaces/srv/detail/speech_text__type_support.cpp.o[0m
[7.383s] [ 37%] [32mBuilding CXX object CMakeFiles/autopartol_interfaces__rosidl_typesupport_fastrtps_cpp.dir/rosidl_typesupport_fastrtps_cpp/autopartol_interfaces/srv/detail/dds_fastrtps/speech_text__type_support.cpp.o[0m
[7.512s] [ 40%] [32mBuilding CXX object CMakeFiles/autopartol_interfaces__rosidl_typesupport_fastrtps_c.dir/rosidl_typesupport_fastrtps_c/autopartol_interfaces/srv/detail/speech_text__type_support_c.cpp.o[0m
[7.630s] [ 43%] [32m[1mLinking CXX shared library libautopartol_interfaces__rosidl_typesupport_cpp.so[0m
[7.792s] [ 43%] Built target autopartol_interfaces__rosidl_typesupport_cpp
[7.841s] [ 46%] [34m[1mGenerating C introspection for ROS interfaces[0m
[8.598s] [ 50%] [32m[1mLinking CXX shared library libautopartol_interfaces__rosidl_typesupport_fastrtps_cpp.so[0m
[8.644s] [ 53%] [32m[1mLinking CXX shared library libautopartol_interfaces__rosidl_typesupport_introspection_cpp.so[0m
[8.652s] [ 56%] [32m[1mLinking CXX shared library libautopartol_interfaces__rosidl_typesupport_fastrtps_c.so[0m
[8.714s] [ 59%] [32mBuilding C object CMakeFiles/autopartol_interfaces__rosidl_typesupport_introspection_c.dir/rosidl_typesupport_introspection_c/autopartol_interfaces/srv/detail/speech_text__type_support.c.o[0m
[8.866s] [ 62%] [32m[1mLinking C shared library libautopartol_interfaces__rosidl_typesupport_introspection_c.so[0m
[8.922s] [ 62%] Built target autopartol_interfaces__rosidl_typesupport_fastrtps_c
[8.959s] [ 62%] Built target autopartol_interfaces__rosidl_typesupport_introspection_cpp
[8.968s] [ 65%] [34m[1mGenerating C type support dispatch for ROS interfaces[0m
[8.968s] [ 65%] Built target autopartol_interfaces__rosidl_typesupport_fastrtps_cpp
[8.990s] [ 65%] Built target autopartol_interfaces__rosidl_typesupport_introspection_c
[9.333s] [ 68%] [32mBuilding CXX object CMakeFiles/autopartol_interfaces__rosidl_typesupport_c.dir/rosidl_typesupport_c/autopartol_interfaces/srv/speech_text__type_support.cpp.o[0m
[9.407s] [ 71%] [32m[1mLinking CXX shared library libautopartol_interfaces__rosidl_typesupport_c.so[0m
[9.500s] [ 71%] Built target autopartol_interfaces__rosidl_typesupport_c
[9.550s] [ 71%] Built target autopartol_interfaces
[9.598s] [ 75%] [34m[1mGenerating Python code for ROS interfaces[0m
[10.191s] [ 75%] Built target autopartol_interfaces__py
[10.245s] [ 78%] [32mBuilding C object CMakeFiles/autopartol_interfaces__rosidl_generator_py.dir/rosidl_generator_py/autopartol_interfaces/srv/_speech_text_s.c.o[0m
[10.520s] [ 81%] [32m[1mLinking C shared library rosidl_generator_py/autopartol_interfaces/libautopartol_interfaces__rosidl_generator_py.so[0m
[10.616s] [ 81%] Built target autopartol_interfaces__rosidl_generator_py
[10.675s] [ 84%] [32mBuilding C object CMakeFiles/autopartol_interfaces__rosidl_typesupport_fastrtps_c__pyext.dir/rosidl_generator_py/autopartol_interfaces/_autopartol_interfaces_s.ep.rosidl_typesupport_fastrtps_c.c.o[0m
[10.691s] [ 87%] [32mBuilding C object CMakeFiles/autopartol_interfaces__rosidl_typesupport_introspection_c__pyext.dir/rosidl_generator_py/autopartol_interfaces/_autopartol_interfaces_s.ep.rosidl_typesupport_introspection_c.c.o[0m
[10.693s] [ 90%] [32mBuilding C object CMakeFiles/autopartol_interfaces__rosidl_typesupport_c__pyext.dir/rosidl_generator_py/autopartol_interfaces/_autopartol_interfaces_s.ep.rosidl_typesupport_c.c.o[0m
[10.877s] [ 93%] [32m[1mLinking C shared library rosidl_generator_py/autopartol_interfaces/autopartol_interfaces_s__rosidl_typesupport_c.cpython-310-x86_64-linux-gnu.so[0m
[10.972s] [ 96%] [32m[1mLinking C shared library rosidl_generator_py/autopartol_interfaces/autopartol_interfaces_s__rosidl_typesupport_fastrtps_c.cpython-310-x86_64-linux-gnu.so[0m
[10.976s] [100%] [32m[1mLinking C shared library rosidl_generator_py/autopartol_interfaces/autopartol_interfaces_s__rosidl_typesupport_introspection_c.cpython-310-x86_64-linux-gnu.so[0m
[11.023s] [100%] Built target autopartol_interfaces__rosidl_typesupport_c__pyext
[11.065s] [100%] Built target autopartol_interfaces__rosidl_typesupport_introspection_c__pyext
[11.101s] [100%] Built target autopartol_interfaces__rosidl_typesupport_fastrtps_c__pyext
[11.133s] Invoked command in '/home/hzh/ros2_learn/chapt8/chapt8_ws/build/autopartol_interfaces' returned '0': CMAKE_PREFIX_PATH=/opt/ros/humble /usr/bin/cmake --build /home/hzh/ros2_learn/chapt8/chapt8_ws/build/autopartol_interfaces -- -j4 -l4
[11.139s] Invoking command in '/home/hzh/ros2_learn/chapt8/chapt8_ws/build/autopartol_interfaces': CMAKE_PREFIX_PATH=/opt/ros/humble /usr/bin/cmake --install /home/hzh/ros2_learn/chapt8/chapt8_ws/build/autopartol_interfaces
[11.156s] -- Install configuration: ""
[11.158s] -- Installing: /home/hzh/ros2_learn/chapt8/chapt8_ws/install/autopartol_interfaces/share/ament_index/resource_index/rosidl_interfaces/autopartol_interfaces
[11.158s] -- Installing: /home/hzh/ros2_learn/chapt8/chapt8_ws/install/autopartol_interfaces/include/autopartol_interfaces/autopartol_interfaces
[11.158s] -- Installing: /home/hzh/ros2_learn/chapt8/chapt8_ws/install/autopartol_interfaces/include/autopartol_interfaces/autopartol_interfaces/srv
[11.158s] -- Installing: /home/hzh/ros2_learn/chapt8/chapt8_ws/install/autopartol_interfaces/include/autopartol_interfaces/autopartol_interfaces/srv/speech_text.h
[11.160s] -- Installing: /home/hzh/ros2_learn/chapt8/chapt8_ws/install/autopartol_interfaces/include/autopartol_interfaces/autopartol_interfaces/srv/detail
[11.160s] -- Installing: /home/hzh/ros2_learn/chapt8/chapt8_ws/install/autopartol_interfaces/include/autopartol_interfaces/autopartol_interfaces/srv/detail/speech_text__functions.c
[11.160s] -- Installing: /home/hzh/ros2_learn/chapt8/chapt8_ws/install/autopartol_interfaces/include/autopartol_interfaces/autopartol_interfaces/srv/detail/speech_text__functions.h
[11.160s] -- Installing: /home/hzh/ros2_learn/chapt8/chapt8_ws/install/autopartol_interfaces/include/autopartol_interfaces/autopartol_interfaces/srv/detail/speech_text__type_support.h
[11.160s] -- Installing: /home/hzh/ros2_learn/chapt8/chapt8_ws/install/autopartol_interfaces/include/autopartol_interfaces/autopartol_interfaces/srv/detail/speech_text__struct.h
[11.160s] -- Installing: /home/hzh/ros2_learn/chapt8/chapt8_ws/install/autopartol_interfaces/include/autopartol_interfaces/autopartol_interfaces/msg
[11.160s] -- Installing: /home/hzh/ros2_learn/chapt8/chapt8_ws/install/autopartol_interfaces/include/autopartol_interfaces/autopartol_interfaces/msg/rosidl_generator_c__visibility_control.h
[11.161s] -- Installing: /home/hzh/ros2_learn/chapt8/chapt8_ws/install/autopartol_interfaces/share/autopartol_interfaces/environment/library_path.sh
[11.162s] -- Installing: /home/hzh/ros2_learn/chapt8/chapt8_ws/install/autopartol_interfaces/share/autopartol_interfaces/environment/library_path.dsv
[11.163s] -- Installing: /home/hzh/ros2_learn/chapt8/chapt8_ws/install/autopartol_interfaces/lib/libautopartol_interfaces__rosidl_generator_c.so
[11.166s] -- Set runtime path of "/home/hzh/ros2_learn/chapt8/chapt8_ws/install/autopartol_interfaces/lib/libautopartol_interfaces__rosidl_generator_c.so" to ""
[11.166s] -- Up-to-date: /home/hzh/ros2_learn/chapt8/chapt8_ws/install/autopartol_interfaces/include/autopartol_interfaces/autopartol_interfaces
[11.166s] -- Up-to-date: /home/hzh/ros2_learn/chapt8/chapt8_ws/install/autopartol_interfaces/include/autopartol_interfaces/autopartol_interfaces/srv
[11.166s] -- Up-to-date: /home/hzh/ros2_learn/chapt8/chapt8_ws/install/autopartol_interfaces/include/autopartol_interfaces/autopartol_interfaces/srv/detail
[11.167s] -- Installing: /home/hzh/ros2_learn/chapt8/chapt8_ws/install/autopartol_interfaces/include/autopartol_interfaces/autopartol_interfaces/srv/detail/speech_text__rosidl_typesupport_fastrtps_c.h
[11.168s] -- Up-to-date: /home/hzh/ros2_learn/chapt8/chapt8_ws/install/autopartol_interfaces/include/autopartol_interfaces/autopartol_interfaces/msg
[11.168s] -- Installing: /home/hzh/ros2_learn/chapt8/chapt8_ws/install/autopartol_interfaces/include/autopartol_interfaces/autopartol_interfaces/msg/rosidl_typesupport_fastrtps_c__visibility_control.h
[11.168s] -- Installing: /home/hzh/ros2_learn/chapt8/chapt8_ws/install/autopartol_interfaces/lib/libautopartol_interfaces__rosidl_typesupport_fastrtps_c.so
[11.169s] -- Set runtime path of "/home/hzh/ros2_learn/chapt8/chapt8_ws/install/autopartol_interfaces/lib/libautopartol_interfaces__rosidl_typesupport_fastrtps_c.so" to ""
[11.172s] -- Up-to-date: /home/hzh/ros2_learn/chapt8/chapt8_ws/install/autopartol_interfaces/include/autopartol_interfaces/autopartol_interfaces
[11.172s] -- Up-to-date: /home/hzh/ros2_learn/chapt8/chapt8_ws/install/autopartol_interfaces/include/autopartol_interfaces/autopartol_interfaces/srv
[11.172s] -- Up-to-date: /home/hzh/ros2_learn/chapt8/chapt8_ws/install/autopartol_interfaces/include/autopartol_interfaces/autopartol_interfaces/srv/detail
[11.172s] -- Installing: /home/hzh/ros2_learn/chapt8/chapt8_ws/install/autopartol_interfaces/include/autopartol_interfaces/autopartol_interfaces/srv/detail/speech_text__type_support.c
[11.174s] -- Installing: /home/hzh/ros2_learn/chapt8/chapt8_ws/install/autopartol_interfaces/include/autopartol_interfaces/autopartol_interfaces/srv/detail/speech_text__rosidl_typesupport_introspection_c.h
[11.174s] -- Up-to-date: /home/hzh/ros2_learn/chapt8/chapt8_ws/install/autopartol_interfaces/include/autopartol_interfaces/autopartol_interfaces/msg
[11.174s] -- Installing: /home/hzh/ros2_learn/chapt8/chapt8_ws/install/autopartol_interfaces/include/autopartol_interfaces/autopartol_interfaces/msg/rosidl_typesupport_introspection_c__visibility_control.h
[11.174s] -- Installing: /home/hzh/ros2_learn/chapt8/chapt8_ws/install/autopartol_interfaces/lib/libautopartol_interfaces__rosidl_typesupport_introspection_c.so
[11.176s] -- Set runtime path of "/home/hzh/ros2_learn/chapt8/chapt8_ws/install/autopartol_interfaces/lib/libautopartol_interfaces__rosidl_typesupport_introspection_c.so" to ""
[11.176s] -- Installing: /home/hzh/ros2_learn/chapt8/chapt8_ws/install/autopartol_interfaces/lib/libautopartol_interfaces__rosidl_typesupport_c.so
[11.176s] -- Set runtime path of "/home/hzh/ros2_learn/chapt8/chapt8_ws/install/autopartol_interfaces/lib/libautopartol_interfaces__rosidl_typesupport_c.so" to ""
[11.178s] -- Up-to-date: /home/hzh/ros2_learn/chapt8/chapt8_ws/install/autopartol_interfaces/include/autopartol_interfaces/autopartol_interfaces
[11.178s] -- Up-to-date: /home/hzh/ros2_learn/chapt8/chapt8_ws/install/autopartol_interfaces/include/autopartol_interfaces/autopartol_interfaces/srv
[11.178s] -- Up-to-date: /home/hzh/ros2_learn/chapt8/chapt8_ws/install/autopartol_interfaces/include/autopartol_interfaces/autopartol_interfaces/srv/detail
[11.178s] -- Installing: /home/hzh/ros2_learn/chapt8/chapt8_ws/install/autopartol_interfaces/include/autopartol_interfaces/autopartol_interfaces/srv/detail/speech_text__type_support.hpp
[11.179s] -- Installing: /home/hzh/ros2_learn/chapt8/chapt8_ws/install/autopartol_interfaces/include/autopartol_interfaces/autopartol_interfaces/srv/detail/speech_text__traits.hpp
[11.179s] -- Installing: /home/hzh/ros2_learn/chapt8/chapt8_ws/install/autopartol_interfaces/include/autopartol_interfaces/autopartol_interfaces/srv/detail/speech_text__builder.hpp
[11.179s] -- Installing: /home/hzh/ros2_learn/chapt8/chapt8_ws/install/autopartol_interfaces/include/autopartol_interfaces/autopartol_interfaces/srv/detail/speech_text__struct.hpp
[11.181s] -- Installing: /home/hzh/ros2_learn/chapt8/chapt8_ws/install/autopartol_interfaces/include/autopartol_interfaces/autopartol_interfaces/srv/speech_text.hpp
[11.183s] -- Up-to-date: /home/hzh/ros2_learn/chapt8/chapt8_ws/install/autopartol_interfaces/include/autopartol_interfaces/autopartol_interfaces/msg
[11.183s] -- Installing: /home/hzh/ros2_learn/chapt8/chapt8_ws/install/autopartol_interfaces/include/autopartol_interfaces/autopartol_interfaces/msg/rosidl_generator_cpp__visibility_control.hpp
[11.183s] -- Up-to-date: /home/hzh/ros2_learn/chapt8/chapt8_ws/install/autopartol_interfaces/include/autopartol_interfaces/autopartol_interfaces
[11.183s] -- Up-to-date: /home/hzh/ros2_learn/chapt8/chapt8_ws/install/autopartol_interfaces/include/autopartol_interfaces/autopartol_interfaces/srv
[11.183s] -- Up-to-date: /home/hzh/ros2_learn/chapt8/chapt8_ws/install/autopartol_interfaces/include/autopartol_interfaces/autopartol_interfaces/srv/detail
[11.184s] -- Installing: /home/hzh/ros2_learn/chapt8/chapt8_ws/install/autopartol_interfaces/include/autopartol_interfaces/autopartol_interfaces/srv/detail/dds_fastrtps
[11.184s] -- Installing: /home/hzh/ros2_learn/chapt8/chapt8_ws/install/autopartol_interfaces/include/autopartol_interfaces/autopartol_interfaces/srv/detail/speech_text__rosidl_typesupport_fastrtps_cpp.hpp
[11.184s] -- Up-to-date: /home/hzh/ros2_learn/chapt8/chapt8_ws/install/autopartol_interfaces/include/autopartol_interfaces/autopartol_interfaces/msg
[11.184s] -- Installing: /home/hzh/ros2_learn/chapt8/chapt8_ws/install/autopartol_interfaces/include/autopartol_interfaces/autopartol_interfaces/msg/rosidl_typesupport_fastrtps_cpp__visibility_control.h
[11.187s] -- Installing: /home/hzh/ros2_learn/chapt8/chapt8_ws/install/autopartol_interfaces/lib/libautopartol_interfaces__rosidl_typesupport_fastrtps_cpp.so
[11.188s] -- Set runtime path of "/home/hzh/ros2_learn/chapt8/chapt8_ws/install/autopartol_interfaces/lib/libautopartol_interfaces__rosidl_typesupport_fastrtps_cpp.so" to ""
[11.188s] -- Up-to-date: /home/hzh/ros2_learn/chapt8/chapt8_ws/install/autopartol_interfaces/include/autopartol_interfaces/autopartol_interfaces
[11.190s] -- Up-to-date: /home/hzh/ros2_learn/chapt8/chapt8_ws/install/autopartol_interfaces/include/autopartol_interfaces/autopartol_interfaces/srv
[11.190s] -- Up-to-date: /home/hzh/ros2_learn/chapt8/chapt8_ws/install/autopartol_interfaces/include/autopartol_interfaces/autopartol_interfaces/srv/detail
[11.190s] -- Installing: /home/hzh/ros2_learn/chapt8/chapt8_ws/install/autopartol_interfaces/include/autopartol_interfaces/autopartol_interfaces/srv/detail/speech_text__type_support.cpp
[11.190s] -- Installing: /home/hzh/ros2_learn/chapt8/chapt8_ws/install/autopartol_interfaces/include/autopartol_interfaces/autopartol_interfaces/srv/detail/speech_text__rosidl_typesupport_introspection_cpp.hpp
[11.192s] -- Installing: /home/hzh/ros2_learn/chapt8/chapt8_ws/install/autopartol_interfaces/lib/libautopartol_interfaces__rosidl_typesupport_introspection_cpp.so
[11.193s] -- Set runtime path of "/home/hzh/ros2_learn/chapt8/chapt8_ws/install/autopartol_interfaces/lib/libautopartol_interfaces__rosidl_typesupport_introspection_cpp.so" to ""
[11.193s] -- Installing: /home/hzh/ros2_learn/chapt8/chapt8_ws/install/autopartol_interfaces/lib/libautopartol_interfaces__rosidl_typesupport_cpp.so
[11.193s] -- Set runtime path of "/home/hzh/ros2_learn/chapt8/chapt8_ws/install/autopartol_interfaces/lib/libautopartol_interfaces__rosidl_typesupport_cpp.so" to ""
[11.193s] -- Installing: /home/hzh/ros2_learn/chapt8/chapt8_ws/install/autopartol_interfaces/share/autopartol_interfaces/environment/pythonpath.sh
[11.193s] -- Installing: /home/hzh/ros2_learn/chapt8/chapt8_ws/install/autopartol_interfaces/share/autopartol_interfaces/environment/pythonpath.dsv
[11.194s] -- Installing: /home/hzh/ros2_learn/chapt8/chapt8_ws/install/autopartol_interfaces/local/lib/python3.10/dist-packages/autopartol_interfaces-0.0.0-py3.10.egg-info
[11.194s] -- Installing: /home/hzh/ros2_learn/chapt8/chapt8_ws/install/autopartol_interfaces/local/lib/python3.10/dist-packages/autopartol_interfaces-0.0.0-py3.10.egg-info/dependency_links.txt
[11.197s] -- Installing: /home/hzh/ros2_learn/chapt8/chapt8_ws/install/autopartol_interfaces/local/lib/python3.10/dist-packages/autopartol_interfaces-0.0.0-py3.10.egg-info/SOURCES.txt
[11.198s] -- Installing: /home/hzh/ros2_learn/chapt8/chapt8_ws/install/autopartol_interfaces/local/lib/python3.10/dist-packages/autopartol_interfaces-0.0.0-py3.10.egg-info/top_level.txt
[11.198s] -- Installing: /home/hzh/ros2_learn/chapt8/chapt8_ws/install/autopartol_interfaces/local/lib/python3.10/dist-packages/autopartol_interfaces-0.0.0-py3.10.egg-info/PKG-INFO
[11.200s] -- Installing: /home/hzh/ros2_learn/chapt8/chapt8_ws/install/autopartol_interfaces/local/lib/python3.10/dist-packages/autopartol_interfaces
[11.200s] -- Installing: /home/hzh/ros2_learn/chapt8/chapt8_ws/install/autopartol_interfaces/local/lib/python3.10/dist-packages/autopartol_interfaces/libautopartol_interfaces__rosidl_generator_py.so
[11.200s] -- Installing: /home/hzh/ros2_learn/chapt8/chapt8_ws/install/autopartol_interfaces/local/lib/python3.10/dist-packages/autopartol_interfaces/_autopartol_interfaces_s.ep.rosidl_typesupport_introspection_c.c
[11.200s] -- Installing: /home/hzh/ros2_learn/chapt8/chapt8_ws/install/autopartol_interfaces/local/lib/python3.10/dist-packages/autopartol_interfaces/_autopartol_interfaces_s.ep.rosidl_typesupport_fastrtps_c.c
[11.200s] -- Installing: /home/hzh/ros2_learn/chapt8/chapt8_ws/install/autopartol_interfaces/local/lib/python3.10/dist-packages/autopartol_interfaces/__init__.py
[11.202s] -- Installing: /home/hzh/ros2_learn/chapt8/chapt8_ws/install/autopartol_interfaces/local/lib/python3.10/dist-packages/autopartol_interfaces/autopartol_interfaces_s__rosidl_typesupport_fastrtps_c.cpython-310-x86_64-linux-gnu.so
[11.203s] -- Installing: /home/hzh/ros2_learn/chapt8/chapt8_ws/install/autopartol_interfaces/local/lib/python3.10/dist-packages/autopartol_interfaces/autopartol_interfaces_s__rosidl_typesupport_c.cpython-310-x86_64-linux-gnu.so
[11.203s] -- Installing: /home/hzh/ros2_learn/chapt8/chapt8_ws/install/autopartol_interfaces/local/lib/python3.10/dist-packages/autopartol_interfaces/_autopartol_interfaces_s.ep.rosidl_typesupport_c.c
[11.203s] -- Installing: /home/hzh/ros2_learn/chapt8/chapt8_ws/install/autopartol_interfaces/local/lib/python3.10/dist-packages/autopartol_interfaces/autopartol_interfaces_s__rosidl_typesupport_introspection_c.cpython-310-x86_64-linux-gnu.so
[11.203s] -- Installing: /home/hzh/ros2_learn/chapt8/chapt8_ws/install/autopartol_interfaces/local/lib/python3.10/dist-packages/autopartol_interfaces/srv
[11.205s] -- Installing: /home/hzh/ros2_learn/chapt8/chapt8_ws/install/autopartol_interfaces/local/lib/python3.10/dist-packages/autopartol_interfaces/srv/_speech_text_s.c
[11.205s] -- Installing: /home/hzh/ros2_learn/chapt8/chapt8_ws/install/autopartol_interfaces/local/lib/python3.10/dist-packages/autopartol_interfaces/srv/__init__.py
[11.206s] -- Installing: /home/hzh/ros2_learn/chapt8/chapt8_ws/install/autopartol_interfaces/local/lib/python3.10/dist-packages/autopartol_interfaces/srv/_speech_text.py
[11.279s] Listing '/home/hzh/ros2_learn/chapt8/chapt8_ws/install/autopartol_interfaces/local/lib/python3.10/dist-packages/autopartol_interfaces'...
[11.279s] Compiling '/home/hzh/ros2_learn/chapt8/chapt8_ws/install/autopartol_interfaces/local/lib/python3.10/dist-packages/autopartol_interfaces/__init__.py'...
[11.279s] Listing '/home/hzh/ros2_learn/chapt8/chapt8_ws/install/autopartol_interfaces/local/lib/python3.10/dist-packages/autopartol_interfaces/srv'...
[11.279s] Compiling '/home/hzh/ros2_learn/chapt8/chapt8_ws/install/autopartol_interfaces/local/lib/python3.10/dist-packages/autopartol_interfaces/srv/__init__.py'...
[11.279s] Compiling '/home/hzh/ros2_learn/chapt8/chapt8_ws/install/autopartol_interfaces/local/lib/python3.10/dist-packages/autopartol_interfaces/srv/_speech_text.py'...
[11.294s] -- Installing: /home/hzh/ros2_learn/chapt8/chapt8_ws/install/autopartol_interfaces/local/lib/python3.10/dist-packages/autopartol_interfaces/autopartol_interfaces_s__rosidl_typesupport_fastrtps_c.cpython-310-x86_64-linux-gnu.so
[11.296s] -- Set runtime path of "/home/hzh/ros2_learn/chapt8/chapt8_ws/install/autopartol_interfaces/local/lib/python3.10/dist-packages/autopartol_interfaces/autopartol_interfaces_s__rosidl_typesupport_fastrtps_c.cpython-310-x86_64-linux-gnu.so" to ""
[11.296s] -- Installing: /home/hzh/ros2_learn/chapt8/chapt8_ws/install/autopartol_interfaces/local/lib/python3.10/dist-packages/autopartol_interfaces/autopartol_interfaces_s__rosidl_typesupport_introspection_c.cpython-310-x86_64-linux-gnu.so
[11.298s] -- Set runtime path of "/home/hzh/ros2_learn/chapt8/chapt8_ws/install/autopartol_interfaces/local/lib/python3.10/dist-packages/autopartol_interfaces/autopartol_interfaces_s__rosidl_typesupport_introspection_c.cpython-310-x86_64-linux-gnu.so" to ""
[11.298s] -- Installing: /home/hzh/ros2_learn/chapt8/chapt8_ws/install/autopartol_interfaces/local/lib/python3.10/dist-packages/autopartol_interfaces/autopartol_interfaces_s__rosidl_typesupport_c.cpython-310-x86_64-linux-gnu.so
[11.299s] -- Set runtime path of "/home/hzh/ros2_learn/chapt8/chapt8_ws/install/autopartol_interfaces/local/lib/python3.10/dist-packages/autopartol_interfaces/autopartol_interfaces_s__rosidl_typesupport_c.cpython-310-x86_64-linux-gnu.so" to ""
[11.301s] -- Installing: /home/hzh/ros2_learn/chapt8/chapt8_ws/install/autopartol_interfaces/lib/libautopartol_interfaces__rosidl_generator_py.so
[11.301s] -- Set runtime path of "/home/hzh/ros2_learn/chapt8/chapt8_ws/install/autopartol_interfaces/lib/libautopartol_interfaces__rosidl_generator_py.so" to ""
[11.303s] -- Installing: /home/hzh/ros2_learn/chapt8/chapt8_ws/install/autopartol_interfaces/share/ament_index/resource_index/rust_packages/autopartol_interfaces
[11.304s] -- Installing: /home/hzh/ros2_learn/chapt8/chapt8_ws/install/autopartol_interfaces/share/autopartol_interfaces/rust
[11.307s] -- Installing: /home/hzh/ros2_learn/chapt8/chapt8_ws/install/autopartol_interfaces/share/autopartol_interfaces/rust/Cargo.toml
[11.307s] -- Installing: /home/hzh/ros2_learn/chapt8/chapt8_ws/install/autopartol_interfaces/share/autopartol_interfaces/rust/build.rs
[11.308s] -- Installing: /home/hzh/ros2_learn/chapt8/chapt8_ws/install/autopartol_interfaces/share/autopartol_interfaces/rust/src
[11.308s] -- Installing: /home/hzh/ros2_learn/chapt8/chapt8_ws/install/autopartol_interfaces/share/autopartol_interfaces/rust/src/lib.rs
[11.310s] -- Installing: /home/hzh/ros2_learn/chapt8/chapt8_ws/install/autopartol_interfaces/share/autopartol_interfaces/rust/src/srv.rs
[11.311s] -- Installing: /home/hzh/ros2_learn/chapt8/chapt8_ws/install/autopartol_interfaces/share/autopartol_interfaces/rust/src/srv
[11.312s] -- Installing: /home/hzh/ros2_learn/chapt8/chapt8_ws/install/autopartol_interfaces/share/autopartol_interfaces/rust/src/srv/rmw.rs
[11.312s] -- Installing: /home/hzh/ros2_learn/chapt8/chapt8_ws/install/autopartol_interfaces/share/autopartol_interfaces/srv/SpeechText.idl
[11.312s] -- Installing: /home/hzh/ros2_learn/chapt8/chapt8_ws/install/autopartol_interfaces/share/autopartol_interfaces/srv/SpeechText.srv
[11.312s] -- Installing: /home/hzh/ros2_learn/chapt8/chapt8_ws/install/autopartol_interfaces/share/autopartol_interfaces/srv/SpeechText_Request.msg
[11.314s] -- Installing: /home/hzh/ros2_learn/chapt8/chapt8_ws/install/autopartol_interfaces/share/autopartol_interfaces/srv/SpeechText_Response.msg
[11.314s] -- Installing: /home/hzh/ros2_learn/chapt8/chapt8_ws/install/autopartol_interfaces/share/ament_index/resource_index/package_run_dependencies/autopartol_interfaces
[11.314s] -- Installing: /home/hzh/ros2_learn/chapt8/chapt8_ws/install/autopartol_interfaces/share/ament_index/resource_index/parent_prefix_path/autopartol_interfaces
[11.316s] -- Installing: /home/hzh/ros2_learn/chapt8/chapt8_ws/install/autopartol_interfaces/share/autopartol_interfaces/environment/ament_prefix_path.sh
[11.317s] -- Installing: /home/hzh/ros2_learn/chapt8/chapt8_ws/install/autopartol_interfaces/share/autopartol_interfaces/environment/ament_prefix_path.dsv
[11.318s] -- Installing: /home/hzh/ros2_learn/chapt8/chapt8_ws/install/autopartol_interfaces/share/autopartol_interfaces/environment/path.sh
[11.322s] -- Installing: /home/hzh/ros2_learn/chapt8/chapt8_ws/install/autopartol_interfaces/share/autopartol_interfaces/environment/path.dsv
[11.322s] -- Installing: /home/hzh/ros2_learn/chapt8/chapt8_ws/install/autopartol_interfaces/share/autopartol_interfaces/local_setup.bash
[11.323s] -- Installing: /home/hzh/ros2_learn/chapt8/chapt8_ws/install/autopartol_interfaces/share/autopartol_interfaces/local_setup.sh
[11.323s] -- Installing: /home/hzh/ros2_learn/chapt8/chapt8_ws/install/autopartol_interfaces/share/autopartol_interfaces/local_setup.zsh
[11.323s] -- Installing: /home/hzh/ros2_learn/chapt8/chapt8_ws/install/autopartol_interfaces/share/autopartol_interfaces/local_setup.dsv
[11.323s] -- Installing: /home/hzh/ros2_learn/chapt8/chapt8_ws/install/autopartol_interfaces/share/autopartol_interfaces/package.dsv
[11.323s] -- Installing: /home/hzh/ros2_learn/chapt8/chapt8_ws/install/autopartol_interfaces/share/ament_index/resource_index/packages/autopartol_interfaces
[11.325s] -- Installing: /home/hzh/ros2_learn/chapt8/chapt8_ws/install/autopartol_interfaces/share/autopartol_interfaces/cmake/export_autopartol_interfaces__rosidl_generator_cExport.cmake
[11.325s] -- Installing: /home/hzh/ros2_learn/chapt8/chapt8_ws/install/autopartol_interfaces/share/autopartol_interfaces/cmake/export_autopartol_interfaces__rosidl_generator_cExport-noconfig.cmake
[11.326s] -- Installing: /home/hzh/ros2_learn/chapt8/chapt8_ws/install/autopartol_interfaces/share/autopartol_interfaces/cmake/export_autopartol_interfaces__rosidl_typesupport_fastrtps_cExport.cmake
[11.327s] -- Installing: /home/hzh/ros2_learn/chapt8/chapt8_ws/install/autopartol_interfaces/share/autopartol_interfaces/cmake/export_autopartol_interfaces__rosidl_typesupport_fastrtps_cExport-noconfig.cmake
[11.327s] -- Installing: /home/hzh/ros2_learn/chapt8/chapt8_ws/install/autopartol_interfaces/share/autopartol_interfaces/cmake/autopartol_interfaces__rosidl_typesupport_introspection_cExport.cmake
[11.329s] -- Installing: /home/hzh/ros2_learn/chapt8/chapt8_ws/install/autopartol_interfaces/share/autopartol_interfaces/cmake/autopartol_interfaces__rosidl_typesupport_introspection_cExport-noconfig.cmake
[11.329s] -- Installing: /home/hzh/ros2_learn/chapt8/chapt8_ws/install/autopartol_interfaces/share/autopartol_interfaces/cmake/autopartol_interfaces__rosidl_typesupport_cExport.cmake
[11.330s] -- Installing: /home/hzh/ros2_learn/chapt8/chapt8_ws/install/autopartol_interfaces/share/autopartol_interfaces/cmake/autopartol_interfaces__rosidl_typesupport_cExport-noconfig.cmake
[11.332s] -- Installing: /home/hzh/ros2_learn/chapt8/chapt8_ws/install/autopartol_interfaces/share/autopartol_interfaces/cmake/export_autopartol_interfaces__rosidl_generator_cppExport.cmake
[11.333s] -- Installing: /home/hzh/ros2_learn/chapt8/chapt8_ws/install/autopartol_interfaces/share/autopartol_interfaces/cmake/export_autopartol_interfaces__rosidl_typesupport_fastrtps_cppExport.cmake
[11.334s] -- Installing: /home/hzh/ros2_learn/chapt8/chapt8_ws/install/autopartol_interfaces/share/autopartol_interfaces/cmake/export_autopartol_interfaces__rosidl_typesupport_fastrtps_cppExport-noconfig.cmake
[11.334s] -- Installing: /home/hzh/ros2_learn/chapt8/chapt8_ws/install/autopartol_interfaces/share/autopartol_interfaces/cmake/autopartol_interfaces__rosidl_typesupport_introspection_cppExport.cmake
[11.337s] -- Installing: /home/hzh/ros2_learn/chapt8/chapt8_ws/install/autopartol_interfaces/share/autopartol_interfaces/cmake/autopartol_interfaces__rosidl_typesupport_introspection_cppExport-noconfig.cmake
[11.337s] -- Installing: /home/hzh/ros2_learn/chapt8/chapt8_ws/install/autopartol_interfaces/share/autopartol_interfaces/cmake/autopartol_interfaces__rosidl_typesupport_cppExport.cmake
[11.337s] -- Installing: /home/hzh/ros2_learn/chapt8/chapt8_ws/install/autopartol_interfaces/share/autopartol_interfaces/cmake/autopartol_interfaces__rosidl_typesupport_cppExport-noconfig.cmake
[11.337s] -- Installing: /home/hzh/ros2_learn/chapt8/chapt8_ws/install/autopartol_interfaces/share/autopartol_interfaces/cmake/export_autopartol_interfaces__rosidl_generator_pyExport.cmake
[11.341s] -- Installing: /home/hzh/ros2_learn/chapt8/chapt8_ws/install/autopartol_interfaces/share/autopartol_interfaces/cmake/export_autopartol_interfaces__rosidl_generator_pyExport-noconfig.cmake
[11.341s] -- Installing: /home/hzh/ros2_learn/chapt8/chapt8_ws/install/autopartol_interfaces/share/autopartol_interfaces/cmake/rosidl_cmake-extras.cmake
[11.341s] -- Installing: /home/hzh/ros2_learn/chapt8/chapt8_ws/install/autopartol_interfaces/share/autopartol_interfaces/cmake/ament_cmake_export_include_directories-extras.cmake
[11.343s] -- Installing: /home/hzh/ros2_learn/chapt8/chapt8_ws/install/autopartol_interfaces/share/autopartol_interfaces/cmake/ament_cmake_export_libraries-extras.cmake
[11.343s] -- Installing: /home/hzh/ros2_learn/chapt8/chapt8_ws/install/autopartol_interfaces/share/autopartol_interfaces/cmake/ament_cmake_export_targets-extras.cmake
[11.343s] -- Installing: /home/hzh/ros2_learn/chapt8/chapt8_ws/install/autopartol_interfaces/share/autopartol_interfaces/cmake/rosidl_cmake_export_typesupport_targets-extras.cmake
[11.343s] -- Installing: /home/hzh/ros2_learn/chapt8/chapt8_ws/install/autopartol_interfaces/share/autopartol_interfaces/cmake/ament_cmake_export_dependencies-extras.cmake
[11.343s] -- Installing: /home/hzh/ros2_learn/chapt8/chapt8_ws/install/autopartol_interfaces/share/autopartol_interfaces/cmake/rosidl_cmake_export_typesupport_libraries-extras.cmake
[11.345s] -- Installing: /home/hzh/ros2_learn/chapt8/chapt8_ws/install/autopartol_interfaces/share/autopartol_interfaces/cmake/autopartol_interfacesConfig.cmake
[11.345s] -- Installing: /home/hzh/ros2_learn/chapt8/chapt8_ws/install/autopartol_interfaces/share/autopartol_interfaces/cmake/autopartol_interfacesConfig-version.cmake
[11.346s] -- Installing: /home/hzh/ros2_learn/chapt8/chapt8_ws/install/autopartol_interfaces/share/autopartol_interfaces/package.xml
[11.360s] Invoked command in '/home/hzh/ros2_learn/chapt8/chapt8_ws/build/autopartol_interfaces' returned '0': CMAKE_PREFIX_PATH=/opt/ros/humble /usr/bin/cmake --install /home/hzh/ros2_learn/chapt8/chapt8_ws/build/autopartol_interfaces
