[1.237s] Invoking command in '/home/hzh/ros2_learn/chapt5/chapt5_ws/src/demo_python_tf': PYTHONPATH=/home/hzh/ros2_learn/chapt5/chapt5_ws/build/demo_python_tf/prefix_override:/usr/lib/python3/dist-packages/colcon_core/task/python/colcon_distutils_commands:/home/hzh/ros2_learn/chapt5/chapt5_ws/install/demo_python_tf/lib/python3.10/site-packages:${PYTHONPATH} /usr/bin/python3 -W ignore:setup.py install is deprecated -W ignore:easy_install command is deprecated setup.py egg_info --egg-base ../../build/demo_python_tf build --build-base /home/hzh/ros2_learn/chapt5/chapt5_ws/build/demo_python_tf/build install --record /home/hzh/ros2_learn/chapt5/chapt5_ws/build/demo_python_tf/install.log --single-version-externally-managed install_data
[1.735s] running egg_info
[1.738s] writing ../../build/demo_python_tf/demo_python_tf.egg-info/PKG-INFO
[1.738s] writing dependency_links to ../../build/demo_python_tf/demo_python_tf.egg-info/dependency_links.txt
[1.740s] writing entry points to ../../build/demo_python_tf/demo_python_tf.egg-info/entry_points.txt
[1.742s] writing requirements to ../../build/demo_python_tf/demo_python_tf.egg-info/requires.txt
[1.742s] writing top-level names to ../../build/demo_python_tf/demo_python_tf.egg-info/top_level.txt
[1.745s] reading manifest file '../../build/demo_python_tf/demo_python_tf.egg-info/SOURCES.txt'
[1.746s] adding license file 'LICENSE'
[1.747s] writing manifest file '../../build/demo_python_tf/demo_python_tf.egg-info/SOURCES.txt'
[1.748s] running build
[1.748s] running build_py
[1.748s] running install
[1.748s] running install_lib
[1.750s] running install_data
[1.750s] running install_egg_info
[1.753s] removing '/home/hzh/ros2_learn/chapt5/chapt5_ws/install/demo_python_tf/lib/python3.10/site-packages/demo_python_tf-0.0.0-py3.10.egg-info' (and everything under it)
[1.753s] Copying ../../build/demo_python_tf/demo_python_tf.egg-info to /home/hzh/ros2_learn/chapt5/chapt5_ws/install/demo_python_tf/lib/python3.10/site-packages/demo_python_tf-0.0.0-py3.10.egg-info
[1.755s] running install_scripts
[1.791s] Installing dynamic_tf_broadcaster script to /home/hzh/ros2_learn/chapt5/chapt5_ws/install/demo_python_tf/lib/demo_python_tf
[1.792s] Installing static_tf_broadcaster script to /home/hzh/ros2_learn/chapt5/chapt5_ws/install/demo_python_tf/lib/demo_python_tf
[1.792s] Installing tf_listener script to /home/hzh/ros2_learn/chapt5/chapt5_ws/install/demo_python_tf/lib/demo_python_tf
[1.796s] writing list of installed files to '/home/hzh/ros2_learn/chapt5/chapt5_ws/build/demo_python_tf/install.log'
[1.860s] Invoked command in '/home/hzh/ros2_learn/chapt5/chapt5_ws/src/demo_python_tf' returned '0': PYTHONPATH=/home/hzh/ros2_learn/chapt5/chapt5_ws/build/demo_python_tf/prefix_override:/usr/lib/python3/dist-packages/colcon_core/task/python/colcon_distutils_commands:/home/hzh/ros2_learn/chapt5/chapt5_ws/install/demo_python_tf/lib/python3.10/site-packages:${PYTHONPATH} /usr/bin/python3 -W ignore:setup.py install is deprecated -W ignore:easy_install command is deprecated setup.py egg_info --egg-base ../../build/demo_python_tf build --build-base /home/hzh/ros2_learn/chapt5/chapt5_ws/build/demo_python_tf/build install --record /home/hzh/ros2_learn/chapt5/chapt5_ws/build/demo_python_tf/install.log --single-version-externally-managed install_data
