[0.043s] Invoking command in '/home/hzh/ros2_learn/chapt3/topic_ws/build/demo_cpp_topic': CMAKE_PREFIX_PATH=/opt/ros/humble /usr/bin/cmake /home/hzh/ros2_learn/chapt3/topic_ws/src/demo_cpp_topic -DCMAKE_INSTALL_PREFIX=/home/hzh/ros2_learn/chapt3/topic_ws/install/demo_cpp_topic
[0.371s] -- The C compiler identification is GNU 11.4.0
[0.592s] -- The CXX compiler identification is GNU 11.4.0
[0.626s] -- Detecting C compiler ABI info
[0.792s] -- Detecting C compiler ABI info - done
[0.804s] -- Check for working C compiler: /usr/bin/cc - skipped
[0.805s] -- Detecting C compile features
[0.807s] -- Detecting C compile features - done
[0.815s] -- Detecting CXX compiler ABI info
[0.979s] -- Detecting CXX compiler ABI info - done
[0.987s] -- Check for working CXX compiler: /usr/bin/c++ - skipped
[0.988s] -- Detecting CXX compile features
[0.989s] -- Detecting CXX compile features - done
[1.020s] -- Found ament_cmake: 1.3.14 (/opt/ros/humble/share/ament_cmake/cmake)
[1.299s] -- Found Python3: /usr/bin/python3 (found version "3.10.12") found components: Interpreter 
[1.550s] -- Found rclcpp: 16.0.19 (/opt/ros/humble/share/rclcpp/cmake)
[1.758s] -- Found rosidl_generator_c: 3.1.8 (/opt/ros/humble/share/rosidl_generator_c/cmake)
[1.783s] -- Found rosidl_adapter: 3.1.8 (/opt/ros/humble/share/rosidl_adapter/cmake)
[1.839s] -- Found rosidl_generator_cpp: 3.1.8 (/opt/ros/humble/share/rosidl_generator_cpp/cmake)
[1.902s] -- Using all available rosidl_typesupport_c: rosidl_typesupport_fastrtps_c;rosidl_typesupport_introspection_c
[1.953s] -- Using all available rosidl_typesupport_cpp: rosidl_typesupport_fastrtps_cpp;rosidl_typesupport_introspection_cpp
[2.084s] -- Found rmw_implementation_cmake: 6.1.2 (/opt/ros/humble/share/rmw_implementation_cmake/cmake)
[2.109s] -- Found rmw_fastrtps_cpp: 6.2.10 (/opt/ros/humble/share/rmw_fastrtps_cpp/cmake)
[2.405s] -- Found OpenSSL: /usr/lib/x86_64-linux-gnu/libcrypto.so (found version "3.0.2")  
[2.466s] -- Found FastRTPS: /opt/ros/humble/include  
[2.540s] -- Using RMW implementation 'rmw_fastrtps_cpp' as default
[2.571s] -- Looking for pthread.h
[2.716s] -- Looking for pthread.h - found
[2.717s] -- Performing Test CMAKE_HAVE_LIBC_PTHREAD
[2.869s] -- Performing Test CMAKE_HAVE_LIBC_PTHREAD - Success
[2.869s] -- Found Threads: TRUE  
[3.031s] -- Found geometry_msgs: 4.9.1 (/opt/ros/humble/share/geometry_msgs/cmake)
[3.080s] -- Found turtlesim: 1.4.3 (/opt/ros/humble/share/turtlesim/cmake)
[3.215s] -- Found ament_lint_auto: 0.12.15 (/opt/ros/humble/share/ament_lint_auto/cmake)
[3.347s] [31mCMake Error at CMakeLists.txt:31 (install):
[3.347s]   Syntax error in cmake code at
[3.347s] 
[3.347s]     /home/hzh/ros2_learn/chapt3/topic_ws/src/demo_cpp_topic/CMakeLists.txt:32
[3.347s] 
[3.347s]   when parsing string
[3.348s] 
[3.348s]     lib/${PROJECT_NAME
[3.348s] 
[3.348s]   There is an unterminated variable reference.
[3.348s] 
[3.348s] [0m
[3.348s] -- Configuring incomplete, errors occurred!
[3.348s] See also "/home/hzh/ros2_learn/chapt3/topic_ws/build/demo_cpp_topic/CMakeFiles/CMakeOutput.log".
[3.369s] Invoked command in '/home/hzh/ros2_learn/chapt3/topic_ws/build/demo_cpp_topic' returned '1': CMAKE_PREFIX_PATH=/opt/ros/humble /usr/bin/cmake /home/hzh/ros2_learn/chapt3/topic_ws/src/demo_cpp_topic -DCMAKE_INSTALL_PREFIX=/home/hzh/ros2_learn/chapt3/topic_ws/install/demo_cpp_topic
