[0.026s] Invoking command in '/home/hzh/ros2_learn/chapt3/topic_practice_ws/build/status_interfaces': CMAKE_PREFIX_PATH=/opt/ros/humble /usr/bin/cmake --build /home/hzh/ros2_learn/chapt3/topic_practice_ws/build/status_interfaces -- -j4 -l4
[0.202s] [35m[1mConsolidate compiler generated dependencies of target status_interfaces__rosidl_generator_c[0m
[0.221s] [  3%] Built target status_interfaces__rs
[0.234s] [  6%] Built target status_interfaces__cpp
[0.266s] [  6%] Built target ament_cmake_python_copy_status_interfaces
[0.266s] [ 15%] Built target status_interfaces__rosidl_generator_c
[0.277s] [35m[1mConsolidate compiler generated dependencies of target status_interfaces__rosidl_typesupport_introspection_cpp[0m
[0.287s] [35m[1mConsolidate compiler generated dependencies of target status_interfaces__rosidl_typesupport_fastrtps_cpp[0m
[0.307s] [35m[1mConsolidate compiler generated dependencies of target status_interfaces__rosidl_typesupport_cpp[0m
[0.340s] [ 25%] Built target status_interfaces__rosidl_typesupport_fastrtps_cpp
[0.353s] [ 34%] Built target status_interfaces__rosidl_typesupport_cpp
[0.353s] [ 43%] Built target status_interfaces__rosidl_typesupport_introspection_cpp
[0.388s] [35m[1mConsolidate compiler generated dependencies of target status_interfaces__rosidl_typesupport_fastrtps_c[0m
[0.388s] [35m[1mConsolidate compiler generated dependencies of target status_interfaces__rosidl_typesupport_introspection_c[0m
[0.395s] [35m[1mConsolidate compiler generated dependencies of target status_interfaces__rosidl_typesupport_c[0m
[0.419s] [ 53%] Built target status_interfaces__rosidl_typesupport_introspection_c
[0.441s] [ 62%] Built target status_interfaces__rosidl_typesupport_c
[0.444s] [ 71%] Built target status_interfaces__rosidl_typesupport_fastrtps_c
[0.513s] [ 71%] Built target status_interfaces
[0.602s] [ 75%] Built target status_interfaces__py
[0.649s] [35m[1mConsolidate compiler generated dependencies of target status_interfaces__rosidl_generator_py[0m
[0.700s] [ 81%] Built target status_interfaces__rosidl_generator_py
[0.746s] [35m[1mConsolidate compiler generated dependencies of target status_interfaces__rosidl_typesupport_introspection_c__pyext[0m
[0.769s] [35m[1mConsolidate compiler generated dependencies of target status_interfaces__rosidl_typesupport_fastrtps_c__pyext[0m
[0.788s] [35m[1mConsolidate compiler generated dependencies of target status_interfaces__rosidl_typesupport_c__pyext[0m
[0.811s] [ 87%] Built target status_interfaces__rosidl_typesupport_introspection_c__pyext
[0.818s] [ 93%] Built target status_interfaces__rosidl_typesupport_fastrtps_c__pyext
[0.825s] [100%] Built target status_interfaces__rosidl_typesupport_c__pyext
[0.857s] running egg_info
[0.858s] writing status_interfaces.egg-info/PKG-INFO
[0.860s] writing dependency_links to status_interfaces.egg-info/dependency_links.txt
[0.861s] writing top-level names to status_interfaces.egg-info/top_level.txt
[0.870s] reading manifest file 'status_interfaces.egg-info/SOURCES.txt'
[0.872s] writing manifest file 'status_interfaces.egg-info/SOURCES.txt'
[0.962s] [100%] Built target ament_cmake_python_build_status_interfaces_egg
[0.996s] Invoked command in '/home/hzh/ros2_learn/chapt3/topic_practice_ws/build/status_interfaces' returned '0': CMAKE_PREFIX_PATH=/opt/ros/humble /usr/bin/cmake --build /home/hzh/ros2_learn/chapt3/topic_practice_ws/build/status_interfaces -- -j4 -l4
[1.024s] Invoking command in '/home/hzh/ros2_learn/chapt3/topic_practice_ws/build/status_interfaces': CMAKE_PREFIX_PATH=/opt/ros/humble /usr/bin/cmake --install /home/hzh/ros2_learn/chapt3/topic_practice_ws/build/status_interfaces
[1.044s] -- Install configuration: ""
[1.049s] -- Up-to-date: /home/hzh/ros2_learn/chapt3/topic_practice_ws/install/status_interfaces/share/ament_index/resource_index/rosidl_interfaces/status_interfaces
[1.050s] -- Up-to-date: /home/hzh/ros2_learn/chapt3/topic_practice_ws/install/status_interfaces/include/status_interfaces/status_interfaces
[1.050s] -- Up-to-date: /home/hzh/ros2_learn/chapt3/topic_practice_ws/install/status_interfaces/include/status_interfaces/status_interfaces/msg
[1.050s] -- Up-to-date: /home/hzh/ros2_learn/chapt3/topic_practice_ws/install/status_interfaces/include/status_interfaces/status_interfaces/msg/rosidl_generator_c__visibility_control.h
[1.050s] -- Up-to-date: /home/hzh/ros2_learn/chapt3/topic_practice_ws/install/status_interfaces/include/status_interfaces/status_interfaces/msg/system_status.h
[1.050s] -- Up-to-date: /home/hzh/ros2_learn/chapt3/topic_practice_ws/install/status_interfaces/include/status_interfaces/status_interfaces/msg/detail
[1.051s] -- Up-to-date: /home/hzh/ros2_learn/chapt3/topic_practice_ws/install/status_interfaces/include/status_interfaces/status_interfaces/msg/detail/system_status__type_support.h
[1.051s] -- Up-to-date: /home/hzh/ros2_learn/chapt3/topic_practice_ws/install/status_interfaces/include/status_interfaces/status_interfaces/msg/detail/system_status__functions.h
[1.051s] -- Up-to-date: /home/hzh/ros2_learn/chapt3/topic_practice_ws/install/status_interfaces/include/status_interfaces/status_interfaces/msg/detail/system_status__functions.c
[1.051s] -- Up-to-date: /home/hzh/ros2_learn/chapt3/topic_practice_ws/install/status_interfaces/include/status_interfaces/status_interfaces/msg/detail/system_status__struct.h
[1.051s] -- Up-to-date: /home/hzh/ros2_learn/chapt3/topic_practice_ws/install/status_interfaces/share/status_interfaces/environment/library_path.sh
[1.051s] -- Up-to-date: /home/hzh/ros2_learn/chapt3/topic_practice_ws/install/status_interfaces/share/status_interfaces/environment/library_path.dsv
[1.052s] -- Up-to-date: /home/hzh/ros2_learn/chapt3/topic_practice_ws/install/status_interfaces/lib/libstatus_interfaces__rosidl_generator_c.so
[1.052s] -- Up-to-date: /home/hzh/ros2_learn/chapt3/topic_practice_ws/install/status_interfaces/include/status_interfaces/status_interfaces
[1.052s] -- Up-to-date: /home/hzh/ros2_learn/chapt3/topic_practice_ws/install/status_interfaces/include/status_interfaces/status_interfaces/msg
[1.053s] -- Up-to-date: /home/hzh/ros2_learn/chapt3/topic_practice_ws/install/status_interfaces/include/status_interfaces/status_interfaces/msg/rosidl_typesupport_fastrtps_c__visibility_control.h
[1.053s] -- Up-to-date: /home/hzh/ros2_learn/chapt3/topic_practice_ws/install/status_interfaces/include/status_interfaces/status_interfaces/msg/detail
[1.055s] -- Up-to-date: /home/hzh/ros2_learn/chapt3/topic_practice_ws/install/status_interfaces/include/status_interfaces/status_interfaces/msg/detail/system_status__rosidl_typesupport_fastrtps_c.h
[1.055s] -- Up-to-date: /home/hzh/ros2_learn/chapt3/topic_practice_ws/install/status_interfaces/lib/libstatus_interfaces__rosidl_typesupport_fastrtps_c.so
[1.056s] -- Up-to-date: /home/hzh/ros2_learn/chapt3/topic_practice_ws/install/status_interfaces/include/status_interfaces/status_interfaces
[1.056s] -- Up-to-date: /home/hzh/ros2_learn/chapt3/topic_practice_ws/install/status_interfaces/include/status_interfaces/status_interfaces/msg
[1.057s] -- Up-to-date: /home/hzh/ros2_learn/chapt3/topic_practice_ws/install/status_interfaces/include/status_interfaces/status_interfaces/msg/detail
[1.057s] -- Up-to-date: /home/hzh/ros2_learn/chapt3/topic_practice_ws/install/status_interfaces/include/status_interfaces/status_interfaces/msg/detail/system_status__traits.hpp
[1.057s] -- Up-to-date: /home/hzh/ros2_learn/chapt3/topic_practice_ws/install/status_interfaces/include/status_interfaces/status_interfaces/msg/detail/system_status__builder.hpp
[1.057s] -- Up-to-date: /home/hzh/ros2_learn/chapt3/topic_practice_ws/install/status_interfaces/include/status_interfaces/status_interfaces/msg/detail/system_status__struct.hpp
[1.057s] -- Up-to-date: /home/hzh/ros2_learn/chapt3/topic_practice_ws/install/status_interfaces/include/status_interfaces/status_interfaces/msg/detail/system_status__type_support.hpp
[1.057s] -- Up-to-date: /home/hzh/ros2_learn/chapt3/topic_practice_ws/install/status_interfaces/include/status_interfaces/status_interfaces/msg/rosidl_generator_cpp__visibility_control.hpp
[1.058s] -- Up-to-date: /home/hzh/ros2_learn/chapt3/topic_practice_ws/install/status_interfaces/include/status_interfaces/status_interfaces/msg/system_status.hpp
[1.058s] -- Up-to-date: /home/hzh/ros2_learn/chapt3/topic_practice_ws/install/status_interfaces/include/status_interfaces/status_interfaces
[1.058s] -- Up-to-date: /home/hzh/ros2_learn/chapt3/topic_practice_ws/install/status_interfaces/include/status_interfaces/status_interfaces/msg
[1.058s] -- Up-to-date: /home/hzh/ros2_learn/chapt3/topic_practice_ws/install/status_interfaces/include/status_interfaces/status_interfaces/msg/rosidl_typesupport_fastrtps_cpp__visibility_control.h
[1.058s] -- Up-to-date: /home/hzh/ros2_learn/chapt3/topic_practice_ws/install/status_interfaces/include/status_interfaces/status_interfaces/msg/detail
[1.058s] -- Up-to-date: /home/hzh/ros2_learn/chapt3/topic_practice_ws/install/status_interfaces/include/status_interfaces/status_interfaces/msg/detail/dds_fastrtps
[1.058s] -- Up-to-date: /home/hzh/ros2_learn/chapt3/topic_practice_ws/install/status_interfaces/include/status_interfaces/status_interfaces/msg/detail/system_status__rosidl_typesupport_fastrtps_cpp.hpp
[1.062s] -- Up-to-date: /home/hzh/ros2_learn/chapt3/topic_practice_ws/install/status_interfaces/lib/libstatus_interfaces__rosidl_typesupport_fastrtps_cpp.so
[1.064s] -- Up-to-date: /home/hzh/ros2_learn/chapt3/topic_practice_ws/install/status_interfaces/include/status_interfaces/status_interfaces
[1.065s] -- Up-to-date: /home/hzh/ros2_learn/chapt3/topic_practice_ws/install/status_interfaces/include/status_interfaces/status_interfaces/msg
[1.067s] -- Up-to-date: /home/hzh/ros2_learn/chapt3/topic_practice_ws/install/status_interfaces/include/status_interfaces/status_interfaces/msg/rosidl_typesupport_introspection_c__visibility_control.h
[1.068s] -- Up-to-date: /home/hzh/ros2_learn/chapt3/topic_practice_ws/install/status_interfaces/include/status_interfaces/status_interfaces/msg/detail
[1.068s] -- Up-to-date: /home/hzh/ros2_learn/chapt3/topic_practice_ws/install/status_interfaces/include/status_interfaces/status_interfaces/msg/detail/system_status__type_support.c
[1.069s] -- Up-to-date: /home/hzh/ros2_learn/chapt3/topic_practice_ws/install/status_interfaces/include/status_interfaces/status_interfaces/msg/detail/system_status__rosidl_typesupport_introspection_c.h
[1.070s] -- Up-to-date: /home/hzh/ros2_learn/chapt3/topic_practice_ws/install/status_interfaces/lib/libstatus_interfaces__rosidl_typesupport_introspection_c.so
[1.071s] -- Up-to-date: /home/hzh/ros2_learn/chapt3/topic_practice_ws/install/status_interfaces/lib/libstatus_interfaces__rosidl_typesupport_c.so
[1.072s] -- Up-to-date: /home/hzh/ros2_learn/chapt3/topic_practice_ws/install/status_interfaces/include/status_interfaces/status_interfaces
[1.073s] -- Up-to-date: /home/hzh/ros2_learn/chapt3/topic_practice_ws/install/status_interfaces/include/status_interfaces/status_interfaces/msg
[1.073s] -- Up-to-date: /home/hzh/ros2_learn/chapt3/topic_practice_ws/install/status_interfaces/include/status_interfaces/status_interfaces/msg/detail
[1.073s] -- Up-to-date: /home/hzh/ros2_learn/chapt3/topic_practice_ws/install/status_interfaces/include/status_interfaces/status_interfaces/msg/detail/system_status__type_support.cpp
[1.073s] -- Up-to-date: /home/hzh/ros2_learn/chapt3/topic_practice_ws/install/status_interfaces/include/status_interfaces/status_interfaces/msg/detail/system_status__rosidl_typesupport_introspection_cpp.hpp
[1.075s] -- Up-to-date: /home/hzh/ros2_learn/chapt3/topic_practice_ws/install/status_interfaces/lib/libstatus_interfaces__rosidl_typesupport_introspection_cpp.so
[1.079s] -- Up-to-date: /home/hzh/ros2_learn/chapt3/topic_practice_ws/install/status_interfaces/lib/libstatus_interfaces__rosidl_typesupport_cpp.so
[1.079s] -- Up-to-date: /home/hzh/ros2_learn/chapt3/topic_practice_ws/install/status_interfaces/share/status_interfaces/environment/pythonpath.sh
[1.080s] -- Up-to-date: /home/hzh/ros2_learn/chapt3/topic_practice_ws/install/status_interfaces/share/status_interfaces/environment/pythonpath.dsv
[1.080s] -- Up-to-date: /home/hzh/ros2_learn/chapt3/topic_practice_ws/install/status_interfaces/local/lib/python3.10/dist-packages/status_interfaces-0.0.0-py3.10.egg-info
[1.083s] -- Installing: /home/hzh/ros2_learn/chapt3/topic_practice_ws/install/status_interfaces/local/lib/python3.10/dist-packages/status_interfaces-0.0.0-py3.10.egg-info/dependency_links.txt
[1.083s] -- Installing: /home/hzh/ros2_learn/chapt3/topic_practice_ws/install/status_interfaces/local/lib/python3.10/dist-packages/status_interfaces-0.0.0-py3.10.egg-info/SOURCES.txt
[1.083s] -- Installing: /home/hzh/ros2_learn/chapt3/topic_practice_ws/install/status_interfaces/local/lib/python3.10/dist-packages/status_interfaces-0.0.0-py3.10.egg-info/top_level.txt
[1.083s] -- Installing: /home/hzh/ros2_learn/chapt3/topic_practice_ws/install/status_interfaces/local/lib/python3.10/dist-packages/status_interfaces-0.0.0-py3.10.egg-info/PKG-INFO
[1.083s] -- Up-to-date: /home/hzh/ros2_learn/chapt3/topic_practice_ws/install/status_interfaces/local/lib/python3.10/dist-packages/status_interfaces
[1.083s] -- Up-to-date: /home/hzh/ros2_learn/chapt3/topic_practice_ws/install/status_interfaces/local/lib/python3.10/dist-packages/status_interfaces/_status_interfaces_s.ep.rosidl_typesupport_fastrtps_c.c
[1.083s] -- Up-to-date: /home/hzh/ros2_learn/chapt3/topic_practice_ws/install/status_interfaces/local/lib/python3.10/dist-packages/status_interfaces/status_interfaces_s__rosidl_typesupport_c.cpython-310-x86_64-linux-gnu.so
[1.084s] -- Up-to-date: /home/hzh/ros2_learn/chapt3/topic_practice_ws/install/status_interfaces/local/lib/python3.10/dist-packages/status_interfaces/status_interfaces_s__rosidl_typesupport_fastrtps_c.cpython-310-x86_64-linux-gnu.so
[1.084s] -- Up-to-date: /home/hzh/ros2_learn/chapt3/topic_practice_ws/install/status_interfaces/local/lib/python3.10/dist-packages/status_interfaces/__init__.py
[1.085s] -- Up-to-date: /home/hzh/ros2_learn/chapt3/topic_practice_ws/install/status_interfaces/local/lib/python3.10/dist-packages/status_interfaces/libstatus_interfaces__rosidl_generator_py.so
[1.085s] -- Up-to-date: /home/hzh/ros2_learn/chapt3/topic_practice_ws/install/status_interfaces/local/lib/python3.10/dist-packages/status_interfaces/_status_interfaces_s.ep.rosidl_typesupport_c.c
[1.086s] -- Up-to-date: /home/hzh/ros2_learn/chapt3/topic_practice_ws/install/status_interfaces/local/lib/python3.10/dist-packages/status_interfaces/_status_interfaces_s.ep.rosidl_typesupport_introspection_c.c
[1.087s] -- Up-to-date: /home/hzh/ros2_learn/chapt3/topic_practice_ws/install/status_interfaces/local/lib/python3.10/dist-packages/status_interfaces/msg
[1.088s] -- Up-to-date: /home/hzh/ros2_learn/chapt3/topic_practice_ws/install/status_interfaces/local/lib/python3.10/dist-packages/status_interfaces/msg/__init__.py
[1.088s] -- Up-to-date: /home/hzh/ros2_learn/chapt3/topic_practice_ws/install/status_interfaces/local/lib/python3.10/dist-packages/status_interfaces/msg/_system_status_s.c
[1.088s] -- Up-to-date: /home/hzh/ros2_learn/chapt3/topic_practice_ws/install/status_interfaces/local/lib/python3.10/dist-packages/status_interfaces/msg/_system_status.py
[1.089s] -- Up-to-date: /home/hzh/ros2_learn/chapt3/topic_practice_ws/install/status_interfaces/local/lib/python3.10/dist-packages/status_interfaces/status_interfaces_s__rosidl_typesupport_introspection_c.cpython-310-x86_64-linux-gnu.so
[1.143s] Listing '/home/hzh/ros2_learn/chapt3/topic_practice_ws/install/status_interfaces/local/lib/python3.10/dist-packages/status_interfaces'...
[1.144s] Listing '/home/hzh/ros2_learn/chapt3/topic_practice_ws/install/status_interfaces/local/lib/python3.10/dist-packages/status_interfaces/msg'...
[1.156s] -- Up-to-date: /home/hzh/ros2_learn/chapt3/topic_practice_ws/install/status_interfaces/local/lib/python3.10/dist-packages/status_interfaces/status_interfaces_s__rosidl_typesupport_fastrtps_c.cpython-310-x86_64-linux-gnu.so
[1.158s] -- Up-to-date: /home/hzh/ros2_learn/chapt3/topic_practice_ws/install/status_interfaces/local/lib/python3.10/dist-packages/status_interfaces/status_interfaces_s__rosidl_typesupport_introspection_c.cpython-310-x86_64-linux-gnu.so
[1.160s] -- Up-to-date: /home/hzh/ros2_learn/chapt3/topic_practice_ws/install/status_interfaces/local/lib/python3.10/dist-packages/status_interfaces/status_interfaces_s__rosidl_typesupport_c.cpython-310-x86_64-linux-gnu.so
[1.164s] -- Up-to-date: /home/hzh/ros2_learn/chapt3/topic_practice_ws/install/status_interfaces/lib/libstatus_interfaces__rosidl_generator_py.so
[1.167s] -- Up-to-date: /home/hzh/ros2_learn/chapt3/topic_practice_ws/install/status_interfaces/share/ament_index/resource_index/rust_packages/status_interfaces
[1.167s] -- Up-to-date: /home/hzh/ros2_learn/chapt3/topic_practice_ws/install/status_interfaces/share/status_interfaces/rust
[1.170s] -- Up-to-date: /home/hzh/ros2_learn/chapt3/topic_practice_ws/install/status_interfaces/share/status_interfaces/rust/Cargo.toml
[1.171s] -- Up-to-date: /home/hzh/ros2_learn/chapt3/topic_practice_ws/install/status_interfaces/share/status_interfaces/rust/build.rs
[1.171s] -- Up-to-date: /home/hzh/ros2_learn/chapt3/topic_practice_ws/install/status_interfaces/share/status_interfaces/rust/src
[1.171s] -- Up-to-date: /home/hzh/ros2_learn/chapt3/topic_practice_ws/install/status_interfaces/share/status_interfaces/rust/src/lib.rs
[1.171s] -- Up-to-date: /home/hzh/ros2_learn/chapt3/topic_practice_ws/install/status_interfaces/share/status_interfaces/rust/src/msg.rs
[1.171s] -- Up-to-date: /home/hzh/ros2_learn/chapt3/topic_practice_ws/install/status_interfaces/share/status_interfaces/rust/src/msg
[1.171s] -- Up-to-date: /home/hzh/ros2_learn/chapt3/topic_practice_ws/install/status_interfaces/share/status_interfaces/rust/src/msg/rmw.rs
[1.171s] -- Up-to-date: /home/hzh/ros2_learn/chapt3/topic_practice_ws/install/status_interfaces/share/status_interfaces/msg/SystemStatus.idl
[1.171s] -- Up-to-date: /home/hzh/ros2_learn/chapt3/topic_practice_ws/install/status_interfaces/share/status_interfaces/msg/SystemStatus.msg
[1.171s] -- Up-to-date: /home/hzh/ros2_learn/chapt3/topic_practice_ws/install/status_interfaces/share/ament_index/resource_index/package_run_dependencies/status_interfaces
[1.171s] -- Up-to-date: /home/hzh/ros2_learn/chapt3/topic_practice_ws/install/status_interfaces/share/ament_index/resource_index/parent_prefix_path/status_interfaces
[1.171s] -- Up-to-date: /home/hzh/ros2_learn/chapt3/topic_practice_ws/install/status_interfaces/share/status_interfaces/environment/ament_prefix_path.sh
[1.171s] -- Up-to-date: /home/hzh/ros2_learn/chapt3/topic_practice_ws/install/status_interfaces/share/status_interfaces/environment/ament_prefix_path.dsv
[1.171s] -- Up-to-date: /home/hzh/ros2_learn/chapt3/topic_practice_ws/install/status_interfaces/share/status_interfaces/environment/path.sh
[1.171s] -- Up-to-date: /home/hzh/ros2_learn/chapt3/topic_practice_ws/install/status_interfaces/share/status_interfaces/environment/path.dsv
[1.171s] -- Up-to-date: /home/hzh/ros2_learn/chapt3/topic_practice_ws/install/status_interfaces/share/status_interfaces/local_setup.bash
[1.171s] -- Up-to-date: /home/hzh/ros2_learn/chapt3/topic_practice_ws/install/status_interfaces/share/status_interfaces/local_setup.sh
[1.173s] -- Up-to-date: /home/hzh/ros2_learn/chapt3/topic_practice_ws/install/status_interfaces/share/status_interfaces/local_setup.zsh
[1.175s] -- Up-to-date: /home/hzh/ros2_learn/chapt3/topic_practice_ws/install/status_interfaces/share/status_interfaces/local_setup.dsv
[1.176s] -- Installing: /home/hzh/ros2_learn/chapt3/topic_practice_ws/install/status_interfaces/share/status_interfaces/package.dsv
[1.176s] -- Up-to-date: /home/hzh/ros2_learn/chapt3/topic_practice_ws/install/status_interfaces/share/ament_index/resource_index/packages/status_interfaces
[1.176s] -- Up-to-date: /home/hzh/ros2_learn/chapt3/topic_practice_ws/install/status_interfaces/share/status_interfaces/cmake/export_status_interfaces__rosidl_generator_cExport.cmake
[1.176s] -- Up-to-date: /home/hzh/ros2_learn/chapt3/topic_practice_ws/install/status_interfaces/share/status_interfaces/cmake/export_status_interfaces__rosidl_generator_cExport-noconfig.cmake
[1.177s] -- Up-to-date: /home/hzh/ros2_learn/chapt3/topic_practice_ws/install/status_interfaces/share/status_interfaces/cmake/export_status_interfaces__rosidl_typesupport_fastrtps_cExport.cmake
[1.177s] -- Up-to-date: /home/hzh/ros2_learn/chapt3/topic_practice_ws/install/status_interfaces/share/status_interfaces/cmake/export_status_interfaces__rosidl_typesupport_fastrtps_cExport-noconfig.cmake
[1.183s] -- Up-to-date: /home/hzh/ros2_learn/chapt3/topic_practice_ws/install/status_interfaces/share/status_interfaces/cmake/export_status_interfaces__rosidl_generator_cppExport.cmake
[1.186s] -- Up-to-date: /home/hzh/ros2_learn/chapt3/topic_practice_ws/install/status_interfaces/share/status_interfaces/cmake/export_status_interfaces__rosidl_typesupport_fastrtps_cppExport.cmake
[1.187s] -- Up-to-date: /home/hzh/ros2_learn/chapt3/topic_practice_ws/install/status_interfaces/share/status_interfaces/cmake/export_status_interfaces__rosidl_typesupport_fastrtps_cppExport-noconfig.cmake
[1.189s] -- Up-to-date: /home/hzh/ros2_learn/chapt3/topic_practice_ws/install/status_interfaces/share/status_interfaces/cmake/status_interfaces__rosidl_typesupport_introspection_cExport.cmake
[1.189s] -- Up-to-date: /home/hzh/ros2_learn/chapt3/topic_practice_ws/install/status_interfaces/share/status_interfaces/cmake/status_interfaces__rosidl_typesupport_introspection_cExport-noconfig.cmake
[1.191s] -- Up-to-date: /home/hzh/ros2_learn/chapt3/topic_practice_ws/install/status_interfaces/share/status_interfaces/cmake/status_interfaces__rosidl_typesupport_cExport.cmake
[1.191s] -- Up-to-date: /home/hzh/ros2_learn/chapt3/topic_practice_ws/install/status_interfaces/share/status_interfaces/cmake/status_interfaces__rosidl_typesupport_cExport-noconfig.cmake
[1.194s] -- Up-to-date: /home/hzh/ros2_learn/chapt3/topic_practice_ws/install/status_interfaces/share/status_interfaces/cmake/status_interfaces__rosidl_typesupport_introspection_cppExport.cmake
[1.194s] -- Up-to-date: /home/hzh/ros2_learn/chapt3/topic_practice_ws/install/status_interfaces/share/status_interfaces/cmake/status_interfaces__rosidl_typesupport_introspection_cppExport-noconfig.cmake
[1.196s] -- Up-to-date: /home/hzh/ros2_learn/chapt3/topic_practice_ws/install/status_interfaces/share/status_interfaces/cmake/status_interfaces__rosidl_typesupport_cppExport.cmake
[1.197s] -- Up-to-date: /home/hzh/ros2_learn/chapt3/topic_practice_ws/install/status_interfaces/share/status_interfaces/cmake/status_interfaces__rosidl_typesupport_cppExport-noconfig.cmake
[1.199s] -- Up-to-date: /home/hzh/ros2_learn/chapt3/topic_practice_ws/install/status_interfaces/share/status_interfaces/cmake/export_status_interfaces__rosidl_generator_pyExport.cmake
[1.199s] -- Up-to-date: /home/hzh/ros2_learn/chapt3/topic_practice_ws/install/status_interfaces/share/status_interfaces/cmake/export_status_interfaces__rosidl_generator_pyExport-noconfig.cmake
[1.199s] -- Up-to-date: /home/hzh/ros2_learn/chapt3/topic_practice_ws/install/status_interfaces/share/status_interfaces/cmake/rosidl_cmake-extras.cmake
[1.200s] -- Up-to-date: /home/hzh/ros2_learn/chapt3/topic_practice_ws/install/status_interfaces/share/status_interfaces/cmake/ament_cmake_export_dependencies-extras.cmake
[1.200s] -- Up-to-date: /home/hzh/ros2_learn/chapt3/topic_practice_ws/install/status_interfaces/share/status_interfaces/cmake/ament_cmake_export_include_directories-extras.cmake
[1.200s] -- Up-to-date: /home/hzh/ros2_learn/chapt3/topic_practice_ws/install/status_interfaces/share/status_interfaces/cmake/ament_cmake_export_libraries-extras.cmake
[1.200s] -- Up-to-date: /home/hzh/ros2_learn/chapt3/topic_practice_ws/install/status_interfaces/share/status_interfaces/cmake/ament_cmake_export_targets-extras.cmake
[1.201s] -- Up-to-date: /home/hzh/ros2_learn/chapt3/topic_practice_ws/install/status_interfaces/share/status_interfaces/cmake/rosidl_cmake_export_typesupport_targets-extras.cmake
[1.203s] -- Up-to-date: /home/hzh/ros2_learn/chapt3/topic_practice_ws/install/status_interfaces/share/status_interfaces/cmake/rosidl_cmake_export_typesupport_libraries-extras.cmake
[1.203s] -- Up-to-date: /home/hzh/ros2_learn/chapt3/topic_practice_ws/install/status_interfaces/share/status_interfaces/cmake/status_interfacesConfig.cmake
[1.203s] -- Up-to-date: /home/hzh/ros2_learn/chapt3/topic_practice_ws/install/status_interfaces/share/status_interfaces/cmake/status_interfacesConfig-version.cmake
[1.203s] -- Up-to-date: /home/hzh/ros2_learn/chapt3/topic_practice_ws/install/status_interfaces/share/status_interfaces/package.xml
[1.210s] Invoked command in '/home/hzh/ros2_learn/chapt3/topic_practice_ws/build/status_interfaces' returned '0': CMAKE_PREFIX_PATH=/opt/ros/humble /usr/bin/cmake --install /home/hzh/ros2_learn/chapt3/topic_practice_ws/build/status_interfaces
