[0.062s] Invoking command in '/home/hzh/ros2_learn/chapt10/chapt10_ws/build/learn_executor_cpp': CMAKE_PREFIX_PATH=${CMAKE_PREFIX_PATH}:/home/hzh/ros2_learn/chapt10/chapt10_ws/install/learn_executor_py:/home/hzh/ros2_learn/chapt10/chapt10_ws/install/learn_qos_py:/opt/ros/humble /usr/bin/cmake --build /home/hzh/ros2_learn/chapt10/chapt10_ws/build/learn_executor_cpp -- -j4 -l4
[0.942s] [35m[1mConsolidate compiler generated dependencies of target learn_executor[0m
[0.942s] [100%] Built target learn_executor
[0.960s] Invoked command in '/home/hzh/ros2_learn/chapt10/chapt10_ws/build/learn_executor_cpp' returned '0': CMAKE_PREFIX_PATH=${CMAKE_PREFIX_PATH}:/home/hzh/ros2_learn/chapt10/chapt10_ws/install/learn_executor_py:/home/hzh/ros2_learn/chapt10/chapt10_ws/install/learn_qos_py:/opt/ros/humble /usr/bin/cmake --build /home/hzh/ros2_learn/chapt10/chapt10_ws/build/learn_executor_cpp -- -j4 -l4
[0.978s] Invoking command in '/home/hzh/ros2_learn/chapt10/chapt10_ws/build/learn_executor_cpp': CMAKE_PREFIX_PATH=${CMAKE_PREFIX_PATH}:/home/hzh/ros2_learn/chapt10/chapt10_ws/install/learn_executor_py:/home/hzh/ros2_learn/chapt10/chapt10_ws/install/learn_qos_py:/opt/ros/humble /usr/bin/cmake --install /home/hzh/ros2_learn/chapt10/chapt10_ws/build/learn_executor_cpp
[1.007s] -- Install configuration: ""
[1.008s] -- Up-to-date: /home/hzh/ros2_learn/chapt10/chapt10_ws/install/learn_executor_cpp/lib/learn_executor_cpp/learn_executor
[1.008s] -- Up-to-date: /home/hzh/ros2_learn/chapt10/chapt10_ws/install/learn_executor_cpp/share/ament_index/resource_index/package_run_dependencies/learn_executor_cpp
[1.008s] -- Up-to-date: /home/hzh/ros2_learn/chapt10/chapt10_ws/install/learn_executor_cpp/share/ament_index/resource_index/parent_prefix_path/learn_executor_cpp
[1.008s] -- Up-to-date: /home/hzh/ros2_learn/chapt10/chapt10_ws/install/learn_executor_cpp/share/learn_executor_cpp/environment/ament_prefix_path.sh
[1.008s] -- Up-to-date: /home/hzh/ros2_learn/chapt10/chapt10_ws/install/learn_executor_cpp/share/learn_executor_cpp/environment/ament_prefix_path.dsv
[1.008s] -- Up-to-date: /home/hzh/ros2_learn/chapt10/chapt10_ws/install/learn_executor_cpp/share/learn_executor_cpp/environment/path.sh
[1.009s] -- Up-to-date: /home/hzh/ros2_learn/chapt10/chapt10_ws/install/learn_executor_cpp/share/learn_executor_cpp/environment/path.dsv
[1.009s] -- Up-to-date: /home/hzh/ros2_learn/chapt10/chapt10_ws/install/learn_executor_cpp/share/learn_executor_cpp/local_setup.bash
[1.009s] -- Up-to-date: /home/hzh/ros2_learn/chapt10/chapt10_ws/install/learn_executor_cpp/share/learn_executor_cpp/local_setup.sh
[1.009s] -- Up-to-date: /home/hzh/ros2_learn/chapt10/chapt10_ws/install/learn_executor_cpp/share/learn_executor_cpp/local_setup.zsh
[1.009s] -- Up-to-date: /home/hzh/ros2_learn/chapt10/chapt10_ws/install/learn_executor_cpp/share/learn_executor_cpp/local_setup.dsv
[1.009s] -- Installing: /home/hzh/ros2_learn/chapt10/chapt10_ws/install/learn_executor_cpp/share/learn_executor_cpp/package.dsv
[1.009s] -- Up-to-date: /home/hzh/ros2_learn/chapt10/chapt10_ws/install/learn_executor_cpp/share/ament_index/resource_index/packages/learn_executor_cpp
[1.009s] -- Up-to-date: /home/hzh/ros2_learn/chapt10/chapt10_ws/install/learn_executor_cpp/share/learn_executor_cpp/cmake/learn_executor_cppConfig.cmake
[1.010s] -- Up-to-date: /home/hzh/ros2_learn/chapt10/chapt10_ws/install/learn_executor_cpp/share/learn_executor_cpp/cmake/learn_executor_cppConfig-version.cmake
[1.010s] -- Up-to-date: /home/hzh/ros2_learn/chapt10/chapt10_ws/install/learn_executor_cpp/share/learn_executor_cpp/package.xml
[1.017s] Invoked command in '/home/hzh/ros2_learn/chapt10/chapt10_ws/build/learn_executor_cpp' returned '0': CMAKE_PREFIX_PATH=${CMAKE_PREFIX_PATH}:/home/hzh/ros2_learn/chapt10/chapt10_ws/install/learn_executor_py:/home/hzh/ros2_learn/chapt10/chapt10_ws/install/learn_qos_py:/opt/ros/humble /usr/bin/cmake --install /home/hzh/ros2_learn/chapt10/chapt10_ws/build/learn_executor_cpp
