[0.030s] Invoking command in '/home/hzh/ros2_learn/chapt3/topic_ws/build/demo_cpp_topic': CMAKE_PREFIX_PATH=/opt/ros/humble /usr/bin/cmake --build /home/hzh/ros2_learn/chapt3/topic_ws/build/demo_cpp_topic -- -j4 -l4
[0.078s] -- Found ament_cmake: 1.3.14 (/opt/ros/humble/share/ament_cmake/cmake)
[0.324s] -- Found rclcpp: 16.0.19 (/opt/ros/humble/share/rclcpp/cmake)
[0.365s] -- Found rosidl_generator_c: 3.1.8 (/opt/ros/humble/share/rosidl_generator_c/cmake)
[0.368s] -- Found rosidl_adapter: 3.1.8 (/opt/ros/humble/share/rosidl_adapter/cmake)
[0.374s] -- Found rosidl_generator_cpp: 3.1.8 (/opt/ros/humble/share/rosidl_generator_cpp/cmake)
[0.387s] -- Using all available rosidl_typesupport_c: rosidl_typesupport_fastrtps_c;rosidl_typesupport_introspection_c
[0.405s] -- Using all available rosidl_typesupport_cpp: rosidl_typesupport_fastrtps_cpp;rosidl_typesupport_introspection_cpp
[0.445s] -- Found rmw_implementation_cmake: 6.1.2 (/opt/ros/humble/share/rmw_implementation_cmake/cmake)
[0.447s] -- Found rmw_fastrtps_cpp: 6.2.10 (/opt/ros/humble/share/rmw_fastrtps_cpp/cmake)
[0.592s] -- Using RMW implementation 'rmw_fastrtps_cpp' as default
[0.654s] -- Found geometry_msgs: 4.9.1 (/opt/ros/humble/share/geometry_msgs/cmake)
[0.667s] -- Found turtlesim: 1.4.3 (/opt/ros/humble/share/turtlesim/cmake)
[0.711s] -- Found ament_lint_auto: 0.12.15 (/opt/ros/humble/share/ament_lint_auto/cmake)
[0.819s] -- Added test 'cppcheck' to perform static code analysis on C / C++ code
[0.820s] -- Configured cppcheck include dirs: 
[0.820s] -- Configured cppcheck exclude dirs and/or files: 
[0.822s] -- Added test 'lint_cmake' to check CMake code style
[0.828s] -- Added test 'uncrustify' to check C / C++ code style
[0.829s] -- Configured uncrustify additional arguments: 
[0.829s] -- Added test 'xmllint' to check XML markup files
[0.830s] -- Configuring done
[0.864s] -- Generating done
[0.878s] -- Build files have been written to: /home/hzh/ros2_learn/chapt3/topic_ws/build/demo_cpp_topic
[0.921s] [35m[1mConsolidate compiler generated dependencies of target turtle_circle[0m
[0.923s] [35m[1mConsolidate compiler generated dependencies of target turtle_control[0m
[0.955s] [ 75%] Built target turtle_control
[0.955s] [ 75%] [32mBuilding CXX object CMakeFiles/turtle_circle.dir/src/turtle_circle.cpp.o[0m
[10.127s] [100%] [32m[1mLinking CXX executable turtle_circle[0m
[10.408s] [100%] Built target turtle_circle
[10.428s] Invoked command in '/home/hzh/ros2_learn/chapt3/topic_ws/build/demo_cpp_topic' returned '0': CMAKE_PREFIX_PATH=/opt/ros/humble /usr/bin/cmake --build /home/hzh/ros2_learn/chapt3/topic_ws/build/demo_cpp_topic -- -j4 -l4
[10.446s] Invoking command in '/home/hzh/ros2_learn/chapt3/topic_ws/build/demo_cpp_topic': CMAKE_PREFIX_PATH=/opt/ros/humble /usr/bin/cmake --install /home/hzh/ros2_learn/chapt3/topic_ws/build/demo_cpp_topic
[10.455s] -- Install configuration: ""
[10.455s] -- Installing: /home/hzh/ros2_learn/chapt3/topic_ws/install/demo_cpp_topic/lib/demo_cpp_topic/turtle_circle
[10.457s] -- Set runtime path of "/home/hzh/ros2_learn/chapt3/topic_ws/install/demo_cpp_topic/lib/demo_cpp_topic/turtle_circle" to ""
[10.457s] -- Up-to-date: /home/hzh/ros2_learn/chapt3/topic_ws/install/demo_cpp_topic/lib/demo_cpp_topic/turtle_control
[10.458s] -- Up-to-date: /home/hzh/ros2_learn/chapt3/topic_ws/install/demo_cpp_topic/share/ament_index/resource_index/package_run_dependencies/demo_cpp_topic
[10.458s] -- Up-to-date: /home/hzh/ros2_learn/chapt3/topic_ws/install/demo_cpp_topic/share/ament_index/resource_index/parent_prefix_path/demo_cpp_topic
[10.458s] -- Up-to-date: /home/hzh/ros2_learn/chapt3/topic_ws/install/demo_cpp_topic/share/demo_cpp_topic/environment/ament_prefix_path.sh
[10.458s] -- Installing: /home/hzh/ros2_learn/chapt3/topic_ws/install/demo_cpp_topic/share/demo_cpp_topic/environment/ament_prefix_path.dsv
[10.458s] -- Up-to-date: /home/hzh/ros2_learn/chapt3/topic_ws/install/demo_cpp_topic/share/demo_cpp_topic/environment/path.sh
[10.458s] -- Installing: /home/hzh/ros2_learn/chapt3/topic_ws/install/demo_cpp_topic/share/demo_cpp_topic/environment/path.dsv
[10.459s] -- Up-to-date: /home/hzh/ros2_learn/chapt3/topic_ws/install/demo_cpp_topic/share/demo_cpp_topic/local_setup.bash
[10.460s] -- Up-to-date: /home/hzh/ros2_learn/chapt3/topic_ws/install/demo_cpp_topic/share/demo_cpp_topic/local_setup.sh
[10.460s] -- Up-to-date: /home/hzh/ros2_learn/chapt3/topic_ws/install/demo_cpp_topic/share/demo_cpp_topic/local_setup.zsh
[10.460s] -- Installing: /home/hzh/ros2_learn/chapt3/topic_ws/install/demo_cpp_topic/share/demo_cpp_topic/local_setup.dsv
[10.460s] -- Installing: /home/hzh/ros2_learn/chapt3/topic_ws/install/demo_cpp_topic/share/demo_cpp_topic/package.dsv
[10.460s] -- Up-to-date: /home/hzh/ros2_learn/chapt3/topic_ws/install/demo_cpp_topic/share/ament_index/resource_index/packages/demo_cpp_topic
[10.460s] -- Up-to-date: /home/hzh/ros2_learn/chapt3/topic_ws/install/demo_cpp_topic/share/demo_cpp_topic/cmake/demo_cpp_topicConfig.cmake
[10.460s] -- Up-to-date: /home/hzh/ros2_learn/chapt3/topic_ws/install/demo_cpp_topic/share/demo_cpp_topic/cmake/demo_cpp_topicConfig-version.cmake
[10.460s] -- Up-to-date: /home/hzh/ros2_learn/chapt3/topic_ws/install/demo_cpp_topic/share/demo_cpp_topic/package.xml
[10.463s] Invoked command in '/home/hzh/ros2_learn/chapt3/topic_ws/build/demo_cpp_topic' returned '0': CMAKE_PREFIX_PATH=/opt/ros/humble /usr/bin/cmake --install /home/hzh/ros2_learn/chapt3/topic_ws/build/demo_cpp_topic
