[0.019s] Invoking command in '/home/hzh/ros2_learn/chapt3/topic_practice_ws/build/status_interfaces': /usr/bin/cmake /home/hzh/ros2_learn/chapt3/topic_practice_ws/src/status_interfaces -DCMAKE_INSTALL_PREFIX=/home/hzh/ros2_learn/chapt3/topic_practice_ws/install/status_interfaces
[0.268s] -- The C compiler identification is GNU 11.4.0
[0.370s] -- The CXX compiler identification is GNU 11.4.0
[0.382s] -- Detecting C compiler ABI info
[0.518s] -- Detecting C compiler ABI info - done
[0.525s] -- Check for working C compiler: /usr/bin/cc - skipped
[0.528s] -- Detecting C compile features
[0.529s] -- Detecting C compile features - done
[0.533s] -- Detecting CXX compiler ABI info
[0.703s] -- Detecting CXX compiler ABI info - done
[0.713s] -- Check for working CXX compiler: /usr/bin/c++ - skipped
[0.713s] -- Detecting CXX compile features
[0.714s] -- Detecting CXX compile features - done
[0.718s] -- Found ament_cmake: 1.3.14 (/opt/ros/humble/share/ament_cmake/cmake)
[1.000s] -- Found Python3: /usr/bin/python3 (found version "3.10.12") found components: Interpreter 
[1.153s] -- Found builtin_interfaces: 1.2.2 (/opt/ros/humble/share/builtin_interfaces/cmake)
[1.197s] -- Found rosidl_generator_c: 3.1.8 (/opt/ros/humble/share/rosidl_generator_c/cmake)
[1.203s] -- Found rosidl_adapter: 3.1.8 (/opt/ros/humble/share/rosidl_adapter/cmake)
[1.213s] -- Found rosidl_generator_cpp: 3.1.8 (/opt/ros/humble/share/rosidl_generator_cpp/cmake)
[1.230s] -- Using all available rosidl_typesupport_c: rosidl_typesupport_fastrtps_c;rosidl_typesupport_introspection_c
[1.252s] -- Using all available rosidl_typesupport_cpp: rosidl_typesupport_fastrtps_cpp;rosidl_typesupport_introspection_cpp
[1.283s] [31mCMake Error at CMakeLists.txt:11 (find_package):
[1.283s]   By not providing "Findrosidl_default_genterators.cmake" in
[1.283s]   CMAKE_MODULE_PATH this project has asked CMake to find a package
[1.283s]   configuration file provided by "rosidl_default_genterators", but CMake did
[1.283s]   not find one.
[1.283s] 
[1.283s]   Could not find a package configuration file provided by
[1.283s]   "rosidl_default_genterators" with any of the following names:
[1.283s] 
[1.283s]     rosidl_default_genteratorsConfig.cmake
[1.284s]     rosidl_default_genterators-config.cmake
[1.284s] 
[1.284s]   Add the installation prefix of "rosidl_default_genterators" to
[1.284s]   CMAKE_PREFIX_PATH or set "rosidl_default_genterators_DIR" to a directory
[1.284s]   containing one of the above files.  If "rosidl_default_genterators"
[1.284s]   provides a separate development package or SDK, be sure it has been
[1.284s]   installed.
[1.284s] 
[1.284s] [0m
[1.284s] -- Configuring incomplete, errors occurred!
[1.284s] See also "/home/hzh/ros2_learn/chapt3/topic_practice_ws/build/status_interfaces/CMakeFiles/CMakeOutput.log".
[1.293s] Invoked command in '/home/hzh/ros2_learn/chapt3/topic_practice_ws/build/status_interfaces' returned '1': /usr/bin/cmake /home/hzh/ros2_learn/chapt3/topic_practice_ws/src/status_interfaces -DCMAKE_INSTALL_PREFIX=/home/hzh/ros2_learn/chapt3/topic_practice_ws/install/status_interfaces
