[0.035s] Invoking command in '/home/hzh/ros2_learn/chapt4/chapt4_ws/build/demo_cpp_service': CMAKE_PREFIX_PATH=/home/hzh/ros2_learn/chapt4/chapt4_ws/install/chapt4_interfaces:/home/hzh/ros2_learn/chapt4/chapt4_ws/install/demo_cpp_service:/home/hzh/ros2_learn/chapt4/chapt4_ws/install/demo_python_service:/opt/ros/humble /usr/bin/cmake --build /home/hzh/ros2_learn/chapt4/chapt4_ws/build/demo_cpp_service -- -j4 -l4
[0.223s] [35m[1mConsolidate compiler generated dependencies of target turtle_control[0m
[0.246s] [ 50%] Built target partol_client
[0.321s] [ 75%] [32mBuilding CXX object CMakeFiles/turtle_control.dir/src/turtle_control.cpp.o[0m
[15.700s] [100%] [32m[1mLinking CXX executable turtle_control[0m
[16.528s] [100%] Built target turtle_control
[16.552s] Invoked command in '/home/hzh/ros2_learn/chapt4/chapt4_ws/build/demo_cpp_service' returned '0': CMAKE_PREFIX_PATH=/home/hzh/ros2_learn/chapt4/chapt4_ws/install/chapt4_interfaces:/home/hzh/ros2_learn/chapt4/chapt4_ws/install/demo_cpp_service:/home/hzh/ros2_learn/chapt4/chapt4_ws/install/demo_python_service:/opt/ros/humble /usr/bin/cmake --build /home/hzh/ros2_learn/chapt4/chapt4_ws/build/demo_cpp_service -- -j4 -l4
[16.553s] Invoking command in '/home/hzh/ros2_learn/chapt4/chapt4_ws/build/demo_cpp_service': CMAKE_PREFIX_PATH=/home/hzh/ros2_learn/chapt4/chapt4_ws/install/chapt4_interfaces:/home/hzh/ros2_learn/chapt4/chapt4_ws/install/demo_cpp_service:/home/hzh/ros2_learn/chapt4/chapt4_ws/install/demo_python_service:/opt/ros/humble /usr/bin/cmake --install /home/hzh/ros2_learn/chapt4/chapt4_ws/build/demo_cpp_service
[16.562s] -- Install configuration: ""
[16.562s] -- Installing: /home/hzh/ros2_learn/chapt4/chapt4_ws/install/demo_cpp_service/lib/demo_cpp_service/turtle_control
[16.569s] -- Set runtime path of "/home/hzh/ros2_learn/chapt4/chapt4_ws/install/demo_cpp_service/lib/demo_cpp_service/turtle_control" to ""
[16.569s] -- Up-to-date: /home/hzh/ros2_learn/chapt4/chapt4_ws/install/demo_cpp_service/lib/demo_cpp_service/partol_client
[16.569s] -- Up-to-date: /home/hzh/ros2_learn/chapt4/chapt4_ws/install/demo_cpp_service/share/ament_index/resource_index/package_run_dependencies/demo_cpp_service
[16.569s] -- Up-to-date: /home/hzh/ros2_learn/chapt4/chapt4_ws/install/demo_cpp_service/share/ament_index/resource_index/parent_prefix_path/demo_cpp_service
[16.569s] -- Up-to-date: /home/hzh/ros2_learn/chapt4/chapt4_ws/install/demo_cpp_service/share/demo_cpp_service/environment/ament_prefix_path.sh
[16.570s] -- Up-to-date: /home/hzh/ros2_learn/chapt4/chapt4_ws/install/demo_cpp_service/share/demo_cpp_service/environment/ament_prefix_path.dsv
[16.570s] -- Up-to-date: /home/hzh/ros2_learn/chapt4/chapt4_ws/install/demo_cpp_service/share/demo_cpp_service/environment/path.sh
[16.570s] -- Up-to-date: /home/hzh/ros2_learn/chapt4/chapt4_ws/install/demo_cpp_service/share/demo_cpp_service/environment/path.dsv
[16.570s] -- Up-to-date: /home/hzh/ros2_learn/chapt4/chapt4_ws/install/demo_cpp_service/share/demo_cpp_service/local_setup.bash
[16.571s] -- Up-to-date: /home/hzh/ros2_learn/chapt4/chapt4_ws/install/demo_cpp_service/share/demo_cpp_service/local_setup.sh
[16.571s] -- Up-to-date: /home/hzh/ros2_learn/chapt4/chapt4_ws/install/demo_cpp_service/share/demo_cpp_service/local_setup.zsh
[16.571s] -- Up-to-date: /home/hzh/ros2_learn/chapt4/chapt4_ws/install/demo_cpp_service/share/demo_cpp_service/local_setup.dsv
[16.571s] -- Installing: /home/hzh/ros2_learn/chapt4/chapt4_ws/install/demo_cpp_service/share/demo_cpp_service/package.dsv
[16.571s] -- Up-to-date: /home/hzh/ros2_learn/chapt4/chapt4_ws/install/demo_cpp_service/share/ament_index/resource_index/packages/demo_cpp_service
[16.571s] -- Up-to-date: /home/hzh/ros2_learn/chapt4/chapt4_ws/install/demo_cpp_service/share/demo_cpp_service/cmake/demo_cpp_serviceConfig.cmake
[16.571s] -- Up-to-date: /home/hzh/ros2_learn/chapt4/chapt4_ws/install/demo_cpp_service/share/demo_cpp_service/cmake/demo_cpp_serviceConfig-version.cmake
[16.571s] -- Up-to-date: /home/hzh/ros2_learn/chapt4/chapt4_ws/install/demo_cpp_service/share/demo_cpp_service/package.xml
[16.574s] Invoked command in '/home/hzh/ros2_learn/chapt4/chapt4_ws/build/demo_cpp_service' returned '0': CMAKE_PREFIX_PATH=/home/hzh/ros2_learn/chapt4/chapt4_ws/install/chapt4_interfaces:/home/hzh/ros2_learn/chapt4/chapt4_ws/install/demo_cpp_service:/home/hzh/ros2_learn/chapt4/chapt4_ws/install/demo_python_service:/opt/ros/humble /usr/bin/cmake --install /home/hzh/ros2_learn/chapt4/chapt4_ws/build/demo_cpp_service
