[1.064s] Invoking command in '/home/hzh/ros2_learn/chapt10/chapt10_ws/src/learn_executor_py': PYTHONPATH=/home/hzh/ros2_learn/chapt10/chapt10_ws/build/learn_executor_py/prefix_override:/usr/lib/python3/dist-packages/colcon_core/task/python/colcon_distutils_commands:/home/hzh/ros2_learn/chapt10/chapt10_ws/install/learn_executor_py/lib/python3.10/site-packages:${PYTHONPATH} /usr/bin/python3 -W ignore:setup.py install is deprecated -W ignore:easy_install command is deprecated setup.py egg_info --egg-base ../../build/learn_executor_py build --build-base /home/hzh/ros2_learn/chapt10/chapt10_ws/build/learn_executor_py/build install --record /home/hzh/ros2_learn/chapt10/chapt10_ws/build/learn_executor_py/install.log --install-scripts $base/lib/learn_executor_py --single-version-externally-managed install_data
[1.578s] running egg_info
[1.579s] writing ../../build/learn_executor_py/learn_executor_py.egg-info/PKG-INFO
[1.580s] writing dependency_links to ../../build/learn_executor_py/learn_executor_py.egg-info/dependency_links.txt
[1.582s] writing entry points to ../../build/learn_executor_py/learn_executor_py.egg-info/entry_points.txt
[1.582s] writing requirements to ../../build/learn_executor_py/learn_executor_py.egg-info/requires.txt
[1.582s] writing top-level names to ../../build/learn_executor_py/learn_executor_py.egg-info/top_level.txt
[1.586s] reading manifest file '../../build/learn_executor_py/learn_executor_py.egg-info/SOURCES.txt'
[1.589s] writing manifest file '../../build/learn_executor_py/learn_executor_py.egg-info/SOURCES.txt'
[1.590s] running build
[1.590s] running build_py
[1.590s] running install
[1.591s] running install_lib
[1.596s] running install_data
[1.596s] running install_egg_info
[1.601s] removing '/home/hzh/ros2_learn/chapt10/chapt10_ws/install/learn_executor_py/lib/python3.10/site-packages/learn_executor_py-0.0.0-py3.10.egg-info' (and everything under it)
[1.602s] Copying ../../build/learn_executor_py/learn_executor_py.egg-info to /home/hzh/ros2_learn/chapt10/chapt10_ws/install/learn_executor_py/lib/python3.10/site-packages/learn_executor_py-0.0.0-py3.10.egg-info
[1.603s] running install_scripts
[1.637s] Installing learn_executor script to /home/hzh/ros2_learn/chapt10/chapt10_ws/install/learn_executor_py/lib/learn_executor_py
[1.639s] writing list of installed files to '/home/hzh/ros2_learn/chapt10/chapt10_ws/build/learn_executor_py/install.log'
