[2.019s] Invoking command in '/home/hzh/ros2_learn/chapt8/chapt8_ws/src/fishbot_application': PYTHONPATH=/home/hzh/ros2_learn/chapt8/chapt8_ws/build/fishbot_application/prefix_override:/usr/lib/python3/dist-packages/colcon_core/task/python/colcon_distutils_commands:/home/hzh/ros2_learn/chapt8/chapt8_ws/install/fishbot_application/lib/python3.10/site-packages:${PYTHONPATH} /usr/bin/python3 -W ignore:setup.py install is deprecated -W ignore:easy_install command is deprecated setup.py egg_info --egg-base ../../build/fishbot_application build --build-base /home/hzh/ros2_learn/chapt8/chapt8_ws/build/fishbot_application/build install --record /home/hzh/ros2_learn/chapt8/chapt8_ws/build/fishbot_application/install.log --single-version-externally-managed install_data
[2.349s] running egg_info
[2.351s] writing ../../build/fishbot_application/fishbot_application.egg-info/PKG-INFO
[2.351s] writing dependency_links to ../../build/fishbot_application/fishbot_application.egg-info/dependency_links.txt
[2.353s] writing entry points to ../../build/fishbot_application/fishbot_application.egg-info/entry_points.txt
[2.353s] writing requirements to ../../build/fishbot_application/fishbot_application.egg-info/requires.txt
[2.353s] writing top-level names to ../../build/fishbot_application/fishbot_application.egg-info/top_level.txt
[2.356s] reading manifest file '../../build/fishbot_application/fishbot_application.egg-info/SOURCES.txt'
[2.359s] adding license file 'LICENSE'
[2.359s] writing manifest file '../../build/fishbot_application/fishbot_application.egg-info/SOURCES.txt'
[2.359s] running build
[2.359s] running build_py
[2.359s] running install
[2.359s] running install_lib
[2.363s] running install_data
[2.363s] running install_egg_info
[2.367s] removing '/home/hzh/ros2_learn/chapt8/chapt8_ws/install/fishbot_application/lib/python3.10/site-packages/fishbot_application-0.0.0-py3.10.egg-info' (and everything under it)
[2.370s] Copying ../../build/fishbot_application/fishbot_application.egg-info to /home/hzh/ros2_learn/chapt8/chapt8_ws/install/fishbot_application/lib/python3.10/site-packages/fishbot_application-0.0.0-py3.10.egg-info
[2.371s] running install_scripts
[2.406s] Installing get_robot_pose script to /home/hzh/ros2_learn/chapt8/chapt8_ws/install/fishbot_application/lib/fishbot_application
[2.409s] Installing init_robot_pose script to /home/hzh/ros2_learn/chapt8/chapt8_ws/install/fishbot_application/lib/fishbot_application
[2.409s] Installing nav_to_pose script to /home/hzh/ros2_learn/chapt8/chapt8_ws/install/fishbot_application/lib/fishbot_application
[2.409s] Installing waypoint_follower script to /home/hzh/ros2_learn/chapt8/chapt8_ws/install/fishbot_application/lib/fishbot_application
[2.409s] writing list of installed files to '/home/hzh/ros2_learn/chapt8/chapt8_ws/build/fishbot_application/install.log'
[2.459s] Invoked command in '/home/hzh/ros2_learn/chapt8/chapt8_ws/src/fishbot_application' returned '0': PYTHONPATH=/home/hzh/ros2_learn/chapt8/chapt8_ws/build/fishbot_application/prefix_override:/usr/lib/python3/dist-packages/colcon_core/task/python/colcon_distutils_commands:/home/hzh/ros2_learn/chapt8/chapt8_ws/install/fishbot_application/lib/python3.10/site-packages:${PYTHONPATH} /usr/bin/python3 -W ignore:setup.py install is deprecated -W ignore:easy_install command is deprecated setup.py egg_info --egg-base ../../build/fishbot_application build --build-base /home/hzh/ros2_learn/chapt8/chapt8_ws/build/fishbot_application/build install --record /home/hzh/ros2_learn/chapt8/chapt8_ws/build/fishbot_application/install.log --single-version-externally-managed install_data
