[0.028s] Invoking command in '/home/hzh/ros2_learn/chapt5/chapt5_ws/build/demo_cpp_tf': CMAKE_PREFIX_PATH=${CMAKE_PREFIX_PATH}:/home/hzh/ros2_learn/chapt5/chapt5_ws/install/demo_python_tf:/opt/ros/humble /usr/bin/cmake --build /home/hzh/ros2_learn/chapt5/chapt5_ws/build/demo_cpp_tf -- -j4 -l4
[0.142s] -- Found ament_cmake: 1.3.14 (/opt/ros/humble/share/ament_cmake/cmake)
[0.482s] -- Found rclcpp: 16.0.19 (/opt/ros/humble/share/rclcpp/cmake)
[0.579s] -- Found rosidl_generator_c: 3.1.8 (/opt/ros/humble/share/rosidl_generator_c/cmake)
[0.587s] -- Found rosidl_adapter: 3.1.8 (/opt/ros/humble/share/rosidl_adapter/cmake)
[0.606s] -- Found rosidl_generator_cpp: 3.1.8 (/opt/ros/humble/share/rosidl_generator_cpp/cmake)
[0.645s] -- Using all available rosidl_typesupport_c: rosidl_typesupport_fastrtps_c;rosidl_typesupport_introspection_c
[0.683s] -- Using all available rosidl_typesupport_cpp: rosidl_typesupport_fastrtps_cpp;rosidl_typesupport_introspection_cpp
[0.792s] -- Found rmw_implementation_cmake: 6.1.2 (/opt/ros/humble/share/rmw_implementation_cmake/cmake)
[0.800s] -- Found rmw_fastrtps_cpp: 6.2.10 (/opt/ros/humble/share/rmw_fastrtps_cpp/cmake)
[1.001s] -- Using RMW implementation 'rmw_fastrtps_cpp' as default
[1.135s] -- Found tf2_ros: 0.25.20 (/opt/ros/humble/share/tf2_ros/cmake)
[1.402s] -- Found tf2_geometry_msgs: 0.25.20 (/opt/ros/humble/share/tf2_geometry_msgs/cmake)
[1.412s] -- Found eigen3_cmake_module: 0.1.1 (/opt/ros/humble/share/eigen3_cmake_module/cmake)
[1.416s] -- Ensuring Eigen3 include directory is part of orocos-kdl CMake target
[1.423s] [31mCMake Error at /opt/ros/humble/share/ament_cmake_target_dependencies/cmake/ament_target_dependencies.cmake:77 (message):
[1.424s]   ament_target_dependencies() the passed package name 'tf2_utils' was not
[1.424s]   found before
[1.424s] Call Stack (most recent call first):
[1.424s]   CMakeLists.txt:20 (ament_target_dependencies)
[1.424s] 
[1.424s] [0m
[1.424s] -- Configuring incomplete, errors occurred!
[1.424s] See also "/home/hzh/ros2_learn/chapt5/chapt5_ws/build/demo_cpp_tf/CMakeFiles/CMakeOutput.log".
[1.435s] gmake: *** [Makefile:308：cmake_check_build_system] 错误 1
[1.441s] Invoked command in '/home/hzh/ros2_learn/chapt5/chapt5_ws/build/demo_cpp_tf' returned '2': CMAKE_PREFIX_PATH=${CMAKE_PREFIX_PATH}:/home/hzh/ros2_learn/chapt5/chapt5_ws/install/demo_python_tf:/opt/ros/humble /usr/bin/cmake --build /home/hzh/ros2_learn/chapt5/chapt5_ws/build/demo_cpp_tf -- -j4 -l4
