[1.289s] Invoking command in '/home/hzh/ros2_learn/chapt10/chapt10_ws/src/learn_qos_py': PYTHONPATH=/home/hzh/ros2_learn/chapt10/chapt10_ws/build/learn_qos_py/prefix_override:/usr/lib/python3/dist-packages/colcon_core/task/python/colcon_distutils_commands:/home/hzh/ros2_learn/chapt10/chapt10_ws/install/learn_qos_py/lib/python3.10/site-packages:${PYTHONPATH} /usr/bin/python3 -W ignore:setup.py install is deprecated -W ignore:easy_install command is deprecated setup.py egg_info --egg-base ../../build/learn_qos_py build --build-base /home/hzh/ros2_learn/chapt10/chapt10_ws/build/learn_qos_py/build install --record /home/hzh/ros2_learn/chapt10/chapt10_ws/build/learn_qos_py/install.log --install-scripts $base/lib/learn_qos_py --single-version-externally-managed install_data
[1.618s] running egg_info
[1.620s] writing ../../build/learn_qos_py/learn_qos_py.egg-info/PKG-INFO
[1.620s] writing dependency_links to ../../build/learn_qos_py/learn_qos_py.egg-info/dependency_links.txt
[1.620s] writing entry points to ../../build/learn_qos_py/learn_qos_py.egg-info/entry_points.txt
[1.620s] writing requirements to ../../build/learn_qos_py/learn_qos_py.egg-info/requires.txt
[1.621s] writing top-level names to ../../build/learn_qos_py/learn_qos_py.egg-info/top_level.txt
[1.626s] reading manifest file '../../build/learn_qos_py/learn_qos_py.egg-info/SOURCES.txt'
[1.626s] writing manifest file '../../build/learn_qos_py/learn_qos_py.egg-info/SOURCES.txt'
[1.630s] running build
[1.630s] running build_py
[1.630s] running install
[1.630s] running install_lib
[1.630s] running install_data
[1.630s] running install_egg_info
[1.634s] removing '/home/hzh/ros2_learn/chapt10/chapt10_ws/install/learn_qos_py/lib/python3.10/site-packages/learn_qos_py-0.0.0-py3.10.egg-info' (and everything under it)
[1.637s] Copying ../../build/learn_qos_py/learn_qos_py.egg-info to /home/hzh/ros2_learn/chapt10/chapt10_ws/install/learn_qos_py/lib/python3.10/site-packages/learn_qos_py-0.0.0-py3.10.egg-info
[1.637s] running install_scripts
[1.671s] Installing reliability_test script to /home/hzh/ros2_learn/chapt10/chapt10_ws/install/learn_qos_py/lib/learn_qos_py
[1.674s] writing list of installed files to '/home/hzh/ros2_learn/chapt10/chapt10_ws/build/learn_qos_py/install.log'
[1.736s] Invoked command in '/home/hzh/ros2_learn/chapt10/chapt10_ws/src/learn_qos_py' returned '0': PYTHONPATH=/home/hzh/ros2_learn/chapt10/chapt10_ws/build/learn_qos_py/prefix_override:/usr/lib/python3/dist-packages/colcon_core/task/python/colcon_distutils_commands:/home/hzh/ros2_learn/chapt10/chapt10_ws/install/learn_qos_py/lib/python3.10/site-packages:${PYTHONPATH} /usr/bin/python3 -W ignore:setup.py install is deprecated -W ignore:easy_install command is deprecated setup.py egg_info --egg-base ../../build/learn_qos_py build --build-base /home/hzh/ros2_learn/chapt10/chapt10_ws/build/learn_qos_py/build install --record /home/hzh/ros2_learn/chapt10/chapt10_ws/build/learn_qos_py/install.log --install-scripts $base/lib/learn_qos_py --single-version-externally-managed install_data
