[0.026s] Invoking command in '/home/hzh/chapt2/chapt2_ws/build/demo_cpp_pkg': CMAKE_PREFIX_PATH=${CMAKE_PREFIX_PATH}:/home/hzh/chapt2/chapt2_ws/install/demo_python_pkg:/opt/ros/humble /usr/bin/cmake --build /home/hzh/chapt2/chapt2_ws/build/demo_cpp_pkg -- -j4 -l4
[0.105s] [35m[1mConsolidate compiler generated dependencies of target learn_shared_ptr[0m
[0.143s] [ 12%] [32mBuilding CXX object CMakeFiles/learn_shared_ptr.dir/src/learn_shared_ptr.cpp.o[0m
[0.148s] [ 37%] Built target person_node
[0.153s] [ 62%] Built target learn_auto
[0.157s] [ 87%] Built target cpp_node
[0.272s] [01m[K/home/hzh/chapt2/chapt2_ws/src/demo_cpp_pkg/src/learn_shared_ptr.cpp:6:45:[m[K [01;35m[Kwarning: [m[Kcharacter constant too long for its type
[0.273s]     6 |     auto p1 = std::make_shared<std::string>([01;35m[K'This is a str.'[m[K);
[0.274s]       |                                             [01;35m[K^~~~~~~~~~~~~~~~[m[K
[0.609s] In file included from [01m[K/usr/include/x86_64-linux-gnu/c++/11/bits/c++allocator.h:33[m[K,
[0.609s]                  from [01m[K/usr/include/c++/11/bits/allocator.h:46[m[K,
[0.609s]                  from [01m[K/usr/include/c++/11/string:41[m[K,
[0.609s]                  from [01m[K/usr/include/c++/11/bits/locale_classes.h:40[m[K,
[0.609s]                  from [01m[K/usr/include/c++/11/bits/ios_base.h:41[m[K,
[0.609s]                  from [01m[K/usr/include/c++/11/ios:42[m[K,
[0.611s]                  from [01m[K/usr/include/c++/11/ostream:38[m[K,
[0.611s]                  from [01m[K/usr/include/c++/11/iostream:39[m[K,
[0.611s]                  from [01m[K/home/hzh/chapt2/chapt2_ws/src/demo_cpp_pkg/src/learn_shared_ptr.cpp:1[m[K:
[0.611s] /usr/include/c++/11/ext/new_allocator.h: In instantiation of ‘[01m[Kvoid __gnu_cxx::new_allocator<_Tp>::construct(_Up*, _Args&& ...) [with _Up = std::__cxx11::basic_string<char>; _Args = {int}; _Tp = std::__cxx11::basic_string<char>][m[K’:
[0.611s] [01m[K/usr/include/c++/11/bits/alloc_traits.h:516:17:[m[K   required from ‘[01m[Kstatic void std::allocator_traits<std::allocator<_CharT> >::construct(std::allocator_traits<std::allocator<_CharT> >::allocator_type&, _Up*, _Args&& ...) [with _Up = std::__cxx11::basic_string<char>; _Args = {int}; _Tp = std::__cxx11::basic_string<char>; std::allocator_traits<std::allocator<_CharT> >::allocator_type = std::allocator<std::__cxx11::basic_string<char> >][m[K’
[0.611s] [01m[K/usr/include/c++/11/bits/shared_ptr_base.h:519:39:[m[K   required from ‘[01m[Kstd::_Sp_counted_ptr_inplace<_Tp, _Alloc, _Lp>::_Sp_counted_ptr_inplace(_Alloc, _Args&& ...) [with _Args = {int}; _Tp = std::__cxx11::basic_string<char>; _Alloc = std::allocator<std::__cxx11::basic_string<char> >; __gnu_cxx::_Lock_policy _Lp = __gnu_cxx::_S_atomic][m[K’
[0.611s] [01m[K/usr/include/c++/11/bits/shared_ptr_base.h:650:16:[m[K   required from ‘[01m[Kstd::__shared_count<_Lp>::__shared_count(_Tp*&, std::_Sp_alloc_shared_tag<_Alloc>, _Args&& ...) [with _Tp = std::__cxx11::basic_string<char>; _Alloc = std::allocator<std::__cxx11::basic_string<char> >; _Args = {int}; __gnu_cxx::_Lock_policy _Lp = __gnu_cxx::_S_atomic][m[K’
[0.611s] [01m[K/usr/include/c++/11/bits/shared_ptr_base.h:1342:14:[m[K   required from ‘[01m[Kstd::__shared_ptr<_Tp, _Lp>::__shared_ptr(std::_Sp_alloc_shared_tag<_Tp>, _Args&& ...) [with _Alloc = std::allocator<std::__cxx11::basic_string<char> >; _Args = {int}; _Tp = std::__cxx11::basic_string<char>; __gnu_cxx::_Lock_policy _Lp = __gnu_cxx::_S_atomic][m[K’
[0.611s] [01m[K/usr/include/c++/11/bits/shared_ptr.h:409:59:[m[K   required from ‘[01m[Kstd::shared_ptr<_Tp>::shared_ptr(std::_Sp_alloc_shared_tag<_Tp>, _Args&& ...) [with _Alloc = std::allocator<std::__cxx11::basic_string<char> >; _Args = {int}; _Tp = std::__cxx11::basic_string<char>][m[K’
[0.611s] [01m[K/usr/include/c++/11/bits/shared_ptr.h:862:14:[m[K   required from ‘[01m[Kstd::shared_ptr<_Tp> std::allocate_shared(const _Alloc&, _Args&& ...) [with _Tp = std::__cxx11::basic_string<char>; _Alloc = std::allocator<std::__cxx11::basic_string<char> >; _Args = {int}][m[K’
[0.611s] [01m[K/usr/include/c++/11/bits/shared_ptr.h:878:39:[m[K   required from ‘[01m[Kstd::shared_ptr<_Tp> std::make_shared(_Args&& ...) [with _Tp = std::__cxx11::basic_string<char>; _Args = {int}][m[K’
[0.611s] [01m[K/home/hzh/chapt2/chapt2_ws/src/demo_cpp_pkg/src/learn_shared_ptr.cpp:6:44:[m[K   required from here
[0.611s] [01m[K/usr/include/c++/11/ext/new_allocator.h:162:11:[m[K [01;31m[Kerror: [m[Kno matching function for call to ‘[01m[Kstd::__cxx11::basic_string<char>::basic_string(int)[m[K’
[0.611s]   162 |         { [01;31m[K::new((void *)__p) _Up(std::forward<_Args>(__args)...)[m[K; }
[0.612s]       |           [01;31m[K^~~~~~~~~~~~~~~~~~~~~~~~~~~~~~~~~~~~~~~~~~~~~~~~~~~~~~[m[K
[0.612s] In file included from [01m[K/usr/include/c++/11/string:55[m[K,
[0.612s]                  from [01m[K/usr/include/c++/11/bits/locale_classes.h:40[m[K,
[0.612s]                  from [01m[K/usr/include/c++/11/bits/ios_base.h:41[m[K,
[0.612s]                  from [01m[K/usr/include/c++/11/ios:42[m[K,
[0.614s]                  from [01m[K/usr/include/c++/11/ostream:38[m[K,
[0.614s]                  from [01m[K/usr/include/c++/11/iostream:39[m[K,
[0.614s]                  from [01m[K/home/hzh/chapt2/chapt2_ws/src/demo_cpp_pkg/src/learn_shared_ptr.cpp:1[m[K:
[0.614s] [01m[K/usr/include/c++/11/bits/basic_string.h:664:9:[m[K [01;36m[Knote: [m[Kcandidate: ‘[01m[Ktemplate<class _Tp, class> std::__cxx11::basic_string<_CharT, _Traits, _Alloc>::basic_string(const _Tp&, const _Alloc&) [with _Tp = _Tp; <template-parameter-2-2> = <template-parameter-1-2>; _CharT = char; _Traits = std::char_traits<char>; _Alloc = std::allocator<char>][m[K’
[0.614s]   664 |         [01;36m[Kbasic_string[m[K(const _Tp& __t, const _Alloc& __a = _Alloc())
[0.614s]       |         [01;36m[K^~~~~~~~~~~~[m[K
[0.614s] [01m[K/usr/include/c++/11/bits/basic_string.h:664:9:[m[K [01;36m[Knote: [m[K  template argument deduction/substitution failed:
[0.616s] In file included from [01m[K/usr/include/c++/11/bits/move.h:57[m[K,
[0.616s]                  from [01m[K/usr/include/c++/11/bits/exception_ptr.h:43[m[K,
[0.616s]                  from [01m[K/usr/include/c++/11/exception:153[m[K,
[0.616s]                  from [01m[K/usr/include/c++/11/ios:39[m[K,
[0.616s]                  from [01m[K/usr/include/c++/11/ostream:38[m[K,
[0.616s]                  from [01m[K/usr/include/c++/11/iostream:39[m[K,
[0.617s]                  from [01m[K/home/hzh/chapt2/chapt2_ws/src/demo_cpp_pkg/src/learn_shared_ptr.cpp:1[m[K:
[0.617s] /usr/include/c++/11/type_traits: In substitution of ‘[01m[Ktemplate<bool _Cond, class _Tp> using enable_if_t = typename std::enable_if::type [with bool _Cond = false; _Tp = void][m[K’:
[0.617s] [01m[K/usr/include/c++/11/bits/basic_string.h:125:8:[m[K   required by substitution of ‘[01m[Ktemplate<class _CharT, class _Traits, class _Alloc> template<class _Tp, class _Res> using _If_sv = std::enable_if_t<std::__and_<std::is_convertible<const _Tp&, std::basic_string_view<_CharT, _Traits> >, std::__not_<std::is_convertible<const _Tp*, const std::__cxx11::basic_string<_CharT, _Traits, _Alloc>*> >, std::__not_<std::is_convertible<const _Tp&, const _CharT*> > >::value, _Res> [with _Tp = int; _Res = void; _CharT = char; _Traits = std::char_traits<char>; _Alloc = std::allocator<char>][m[K’
[0.617s] [01m[K/usr/include/c++/11/bits/basic_string.h:662:30:[m[K   required from ‘[01m[Kvoid __gnu_cxx::new_allocator<_Tp>::construct(_Up*, _Args&& ...) [with _Up = std::__cxx11::basic_string<char>; _Args = {int}; _Tp = std::__cxx11::basic_string<char>][m[K’
[0.617s] [01m[K/usr/include/c++/11/bits/alloc_traits.h:516:17:[m[K   required from ‘[01m[Kstatic void std::allocator_traits<std::allocator<_CharT> >::construct(std::allocator_traits<std::allocator<_CharT> >::allocator_type&, _Up*, _Args&& ...) [with _Up = std::__cxx11::basic_string<char>; _Args = {int}; _Tp = std::__cxx11::basic_string<char>; std::allocator_traits<std::allocator<_CharT> >::allocator_type = std::allocator<std::__cxx11::basic_string<char> >][m[K’
[0.617s] [01m[K/usr/include/c++/11/bits/shared_ptr_base.h:519:39:[m[K   required from ‘[01m[Kstd::_Sp_counted_ptr_inplace<_Tp, _Alloc, _Lp>::_Sp_counted_ptr_inplace(_Alloc, _Args&& ...) [with _Args = {int}; _Tp = std::__cxx11::basic_string<char>; _Alloc = std::allocator<std::__cxx11::basic_string<char> >; __gnu_cxx::_Lock_policy _Lp = __gnu_cxx::_S_atomic][m[K’
[0.617s] [01m[K/usr/include/c++/11/bits/shared_ptr_base.h:650:16:[m[K   required from ‘[01m[Kstd::__shared_count<_Lp>::__shared_count(_Tp*&, std::_Sp_alloc_shared_tag<_Alloc>, _Args&& ...) [with _Tp = std::__cxx11::basic_string<char>; _Alloc = std::allocator<std::__cxx11::basic_string<char> >; _Args = {int}; __gnu_cxx::_Lock_policy _Lp = __gnu_cxx::_S_atomic][m[K’
[0.617s] [01m[K/usr/include/c++/11/bits/shared_ptr_base.h:1342:14:[m[K   required from ‘[01m[Kstd::__shared_ptr<_Tp, _Lp>::__shared_ptr(std::_Sp_alloc_shared_tag<_Tp>, _Args&& ...) [with _Alloc = std::allocator<std::__cxx11::basic_string<char> >; _Args = {int}; _Tp = std::__cxx11::basic_string<char>; __gnu_cxx::_Lock_policy _Lp = __gnu_cxx::_S_atomic][m[K’
[0.617s] [01m[K/usr/include/c++/11/bits/shared_ptr.h:409:59:[m[K   required from ‘[01m[Kstd::shared_ptr<_Tp>::shared_ptr(std::_Sp_alloc_shared_tag<_Tp>, _Args&& ...) [with _Alloc = std::allocator<std::__cxx11::basic_string<char> >; _Args = {int}; _Tp = std::__cxx11::basic_string<char>][m[K’
[0.617s] [01m[K/usr/include/c++/11/bits/shared_ptr.h:862:14:[m[K   required from ‘[01m[Kstd::shared_ptr<_Tp> std::allocate_shared(const _Alloc&, _Args&& ...) [with _Tp = std::__cxx11::basic_string<char>; _Alloc = std::allocator<std::__cxx11::basic_string<char> >; _Args = {int}][m[K’
[0.617s] [01m[K/usr/include/c++/11/bits/shared_ptr.h:878:39:[m[K   required from ‘[01m[Kstd::shared_ptr<_Tp> std::make_shared(_Args&& ...) [with _Tp = std::__cxx11::basic_string<char>; _Args = {int}][m[K’
[0.617s] [01m[K/home/hzh/chapt2/chapt2_ws/src/demo_cpp_pkg/src/learn_shared_ptr.cpp:6:44:[m[K   required from here
[0.617s] [01m[K/usr/include/c++/11/type_traits:2579:11:[m[K [01;31m[Kerror: [m[Kno type named ‘[01m[Ktype[m[K’ in ‘[01m[Kstruct std::enable_if<false, void>[m[K’
[0.617s]  2579 |     using [01;31m[Kenable_if_t[m[K = typename enable_if<_Cond, _Tp>::type;
[0.617s]       |           [01;31m[K^~~~~~~~~~~[m[K
[0.618s] In file included from [01m[K/usr/include/c++/11/string:55[m[K,
[0.618s]                  from [01m[K/usr/include/c++/11/bits/locale_classes.h:40[m[K,
[0.618s]                  from [01m[K/usr/include/c++/11/bits/ios_base.h:41[m[K,
[0.618s]                  from [01m[K/usr/include/c++/11/ios:42[m[K,
[0.618s]                  from [01m[K/usr/include/c++/11/ostream:38[m[K,
[0.618s]                  from [01m[K/usr/include/c++/11/iostream:39[m[K,
[0.618s]                  from [01m[K/home/hzh/chapt2/chapt2_ws/src/demo_cpp_pkg/src/learn_shared_ptr.cpp:1[m[K:
[0.618s] /usr/include/c++/11/ext/new_allocator.h: In instantiation of ‘[01m[Kvoid __gnu_cxx::new_allocator<_Tp>::construct(_Up*, _Args&& ...) [with _Up = std::__cxx11::basic_string<char>; _Args = {int}; _Tp = std::__cxx11::basic_string<char>][m[K’:
[0.619s] [01m[K/usr/include/c++/11/bits/alloc_traits.h:516:17:[m[K   required from ‘[01m[Kstatic void std::allocator_traits<std::allocator<_CharT> >::construct(std::allocator_traits<std::allocator<_CharT> >::allocator_type&, _Up*, _Args&& ...) [with _Up = std::__cxx11::basic_string<char>; _Args = {int}; _Tp = std::__cxx11::basic_string<char>; std::allocator_traits<std::allocator<_CharT> >::allocator_type = std::allocator<std::__cxx11::basic_string<char> >][m[K’
[0.619s] [01m[K/usr/include/c++/11/bits/shared_ptr_base.h:519:39:[m[K   required from ‘[01m[Kstd::_Sp_counted_ptr_inplace<_Tp, _Alloc, _Lp>::_Sp_counted_ptr_inplace(_Alloc, _Args&& ...) [with _Args = {int}; _Tp = std::__cxx11::basic_string<char>; _Alloc = std::allocator<std::__cxx11::basic_string<char> >; __gnu_cxx::_Lock_policy _Lp = __gnu_cxx::_S_atomic][m[K’
[0.619s] [01m[K/usr/include/c++/11/bits/shared_ptr_base.h:650:16:[m[K   required from ‘[01m[Kstd::__shared_count<_Lp>::__shared_count(_Tp*&, std::_Sp_alloc_shared_tag<_Alloc>, _Args&& ...) [with _Tp = std::__cxx11::basic_string<char>; _Alloc = std::allocator<std::__cxx11::basic_string<char> >; _Args = {int}; __gnu_cxx::_Lock_policy _Lp = __gnu_cxx::_S_atomic][m[K’
[0.620s] [01m[K/usr/include/c++/11/bits/shared_ptr_base.h:1342:14:[m[K   required from ‘[01m[Kstd::__shared_ptr<_Tp, _Lp>::__shared_ptr(std::_Sp_alloc_shared_tag<_Tp>, _Args&& ...) [with _Alloc = std::allocator<std::__cxx11::basic_string<char> >; _Args = {int}; _Tp = std::__cxx11::basic_string<char>; __gnu_cxx::_Lock_policy _Lp = __gnu_cxx::_S_atomic][m[K’
[0.620s] [01m[K/usr/include/c++/11/bits/shared_ptr.h:409:59:[m[K   required from ‘[01m[Kstd::shared_ptr<_Tp>::shared_ptr(std::_Sp_alloc_shared_tag<_Tp>, _Args&& ...) [with _Alloc = std::allocator<std::__cxx11::basic_string<char> >; _Args = {int}; _Tp = std::__cxx11::basic_string<char>][m[K’
[0.620s] [01m[K/usr/include/c++/11/bits/shared_ptr.h:862:14:[m[K   required from ‘[01m[Kstd::shared_ptr<_Tp> std::allocate_shared(const _Alloc&, _Args&& ...) [with _Tp = std::__cxx11::basic_string<char>; _Alloc = std::allocator<std::__cxx11::basic_string<char> >; _Args = {int}][m[K’
[0.620s] [01m[K/usr/include/c++/11/bits/shared_ptr.h:878:39:[m[K   required from ‘[01m[Kstd::shared_ptr<_Tp> std::make_shared(_Args&& ...) [with _Tp = std::__cxx11::basic_string<char>; _Args = {int}][m[K’
[0.620s] [01m[K/home/hzh/chapt2/chapt2_ws/src/demo_cpp_pkg/src/learn_shared_ptr.cpp:6:44:[m[K   required from here
[0.622s] [01m[K/usr/include/c++/11/bits/basic_string.h:653:9:[m[K [01;36m[Knote: [m[Kcandidate: ‘[01m[Ktemplate<class _Tp, class> std::__cxx11::basic_string<_CharT, _Traits, _Alloc>::basic_string(const _Tp&, std::__cxx11::basic_string<_CharT, _Traits, _Alloc>::size_type, std::__cxx11::basic_string<_CharT, _Traits, _Alloc>::size_type, const _Alloc&) [with _Tp = _Tp; <template-parameter-2-2> = <template-parameter-1-2>; _CharT = char; _Traits = std::char_traits<char>; _Alloc = std::allocator<char>][m[K’
[0.622s]   653 |         [01;36m[Kbasic_string[m[K(const _Tp& __t, size_type __pos, size_type __n,
[0.622s]       |         [01;36m[K^~~~~~~~~~~~[m[K
[0.622s] [01m[K/usr/include/c++/11/bits/basic_string.h:653:9:[m[K [01;36m[Knote: [m[K  template argument deduction/substitution failed:
[0.623s] In file included from [01m[K/usr/include/x86_64-linux-gnu/c++/11/bits/c++allocator.h:33[m[K,
[0.623s]                  from [01m[K/usr/include/c++/11/bits/allocator.h:46[m[K,
[0.623s]                  from [01m[K/usr/include/c++/11/string:41[m[K,
[0.623s]                  from [01m[K/usr/include/c++/11/bits/locale_classes.h:40[m[K,
[0.623s]                  from [01m[K/usr/include/c++/11/bits/ios_base.h:41[m[K,
[0.623s]                  from [01m[K/usr/include/c++/11/ios:42[m[K,
[0.623s]                  from [01m[K/usr/include/c++/11/ostream:38[m[K,
[0.623s]                  from [01m[K/usr/include/c++/11/iostream:39[m[K,
[0.623s]                  from [01m[K/home/hzh/chapt2/chapt2_ws/src/demo_cpp_pkg/src/learn_shared_ptr.cpp:1[m[K:
[0.623s] [01m[K/usr/include/c++/11/ext/new_allocator.h:162:11:[m[K [01;36m[Knote: [m[K  candidate expects 4 arguments, 1 provided
[0.623s]   162 |         { [01;36m[K::new((void *)__p) _Up(std::forward<_Args>(__args)...)[m[K; }
[0.623s]       |           [01;36m[K^~~~~~~~~~~~~~~~~~~~~~~~~~~~~~~~~~~~~~~~~~~~~~~~~~~~~~[m[K
[0.623s] In file included from [01m[K/usr/include/c++/11/string:55[m[K,
[0.623s]                  from [01m[K/usr/include/c++/11/bits/locale_classes.h:40[m[K,
[0.624s]                  from [01m[K/usr/include/c++/11/bits/ios_base.h:41[m[K,
[0.624s]                  from [01m[K/usr/include/c++/11/ios:42[m[K,
[0.624s]                  from [01m[K/usr/include/c++/11/ostream:38[m[K,
[0.624s]                  from [01m[K/usr/include/c++/11/iostream:39[m[K,
[0.624s]                  from [01m[K/home/hzh/chapt2/chapt2_ws/src/demo_cpp_pkg/src/learn_shared_ptr.cpp:1[m[K:
[0.624s] [01m[K/usr/include/c++/11/bits/basic_string.h:638:9:[m[K [01;36m[Knote: [m[Kcandidate: ‘[01m[Ktemplate<class _InputIterator, class> std::__cxx11::basic_string<_CharT, _Traits, _Alloc>::basic_string(_InputIterator, _InputIterator, const _Alloc&) [with _InputIterator = _InputIterator; <template-parameter-2-2> = <template-parameter-1-2>; _CharT = char; _Traits = std::char_traits<char>; _Alloc = std::allocator<char>][m[K’
[0.624s]   638 |         [01;36m[Kbasic_string[m[K(_InputIterator __beg, _InputIterator __end,
[0.624s]       |         [01;36m[K^~~~~~~~~~~~[m[K
[0.624s] [01m[K/usr/include/c++/11/bits/basic_string.h:638:9:[m[K [01;36m[Knote: [m[K  template argument deduction/substitution failed:
[0.624s] In file included from [01m[K/usr/include/x86_64-linux-gnu/c++/11/bits/c++allocator.h:33[m[K,
[0.624s]                  from [01m[K/usr/include/c++/11/bits/allocator.h:46[m[K,
[0.624s]                  from [01m[K/usr/include/c++/11/string:41[m[K,
[0.624s]                  from [01m[K/usr/include/c++/11/bits/locale_classes.h:40[m[K,
[0.624s]                  from [01m[K/usr/include/c++/11/bits/ios_base.h:41[m[K,
[0.624s]                  from [01m[K/usr/include/c++/11/ios:42[m[K,
[0.624s]                  from [01m[K/usr/include/c++/11/ostream:38[m[K,
[0.624s]                  from [01m[K/usr/include/c++/11/iostream:39[m[K,
[0.625s]                  from [01m[K/home/hzh/chapt2/chapt2_ws/src/demo_cpp_pkg/src/learn_shared_ptr.cpp:1[m[K:
[0.625s] [01m[K/usr/include/c++/11/ext/new_allocator.h:162:11:[m[K [01;36m[Knote: [m[K  candidate expects 3 arguments, 1 provided
[0.628s]   162 |         { [01;36m[K::new((void *)__p) _Up(std::forward<_Args>(__args)...)[m[K; }
[0.628s]       |           [01;36m[K^~~~~~~~~~~~~~~~~~~~~~~~~~~~~~~~~~~~~~~~~~~~~~~~~~~~~~[m[K
[0.629s] In file included from [01m[K/usr/include/c++/11/string:55[m[K,
[0.629s]                  from [01m[K/usr/include/c++/11/bits/locale_classes.h:40[m[K,
[0.629s]                  from [01m[K/usr/include/c++/11/bits/ios_base.h:41[m[K,
[0.629s]                  from [01m[K/usr/include/c++/11/ios:42[m[K,
[0.629s]                  from [01m[K/usr/include/c++/11/ostream:38[m[K,
[0.629s]                  from [01m[K/usr/include/c++/11/iostream:39[m[K,
[0.629s]                  from [01m[K/home/hzh/chapt2/chapt2_ws/src/demo_cpp_pkg/src/learn_shared_ptr.cpp:1[m[K:
[0.629s] [01m[K/usr/include/c++/11/bits/basic_string.h:553:7:[m[K [01;36m[Knote: [m[Kcandidate: ‘[01m[Ktemplate<class> std::__cxx11::basic_string<_CharT, _Traits, _Alloc>::basic_string(std::__cxx11::basic_string<_CharT, _Traits, _Alloc>::size_type, _CharT, const _Alloc&) [with <template-parameter-2-1> = <template-parameter-1-1>; _CharT = char; _Traits = std::char_traits<char>; _Alloc = std::allocator<char>][m[K’
[0.630s]   553 |       [01;36m[Kbasic_string[m[K(size_type __n, _CharT __c, const _Alloc& __a = _Alloc())
[0.630s]       |       [01;36m[K^~~~~~~~~~~~[m[K
[0.630s] [01m[K/usr/include/c++/11/bits/basic_string.h:553:7:[m[K [01;36m[Knote: [m[K  template argument deduction/substitution failed:
[0.630s] In file included from [01m[K/usr/include/x86_64-linux-gnu/c++/11/bits/c++allocator.h:33[m[K,
[0.630s]                  from [01m[K/usr/include/c++/11/bits/allocator.h:46[m[K,
[0.630s]                  from [01m[K/usr/include/c++/11/string:41[m[K,
[0.630s]                  from [01m[K/usr/include/c++/11/bits/locale_classes.h:40[m[K,
[0.630s]                  from [01m[K/usr/include/c++/11/bits/ios_base.h:41[m[K,
[0.630s]                  from [01m[K/usr/include/c++/11/ios:42[m[K,
[0.630s]                  from [01m[K/usr/include/c++/11/ostream:38[m[K,
[0.633s]                  from [01m[K/usr/include/c++/11/iostream:39[m[K,
[0.633s]                  from [01m[K/home/hzh/chapt2/chapt2_ws/src/demo_cpp_pkg/src/learn_shared_ptr.cpp:1[m[K:
[0.633s] [01m[K/usr/include/c++/11/ext/new_allocator.h:162:11:[m[K [01;36m[Knote: [m[K  candidate expects 3 arguments, 1 provided
[0.633s]   162 |         { [01;36m[K::new((void *)__p) _Up(std::forward<_Args>(__args)...)[m[K; }
[0.633s]       |           [01;36m[K^~~~~~~~~~~~~~~~~~~~~~~~~~~~~~~~~~~~~~~~~~~~~~~~~~~~~~[m[K
[0.633s] In file included from [01m[K/usr/include/c++/11/string:55[m[K,
[0.633s]                  from [01m[K/usr/include/c++/11/bits/locale_classes.h:40[m[K,
[0.633s]                  from [01m[K/usr/include/c++/11/bits/ios_base.h:41[m[K,
[0.634s]                  from [01m[K/usr/include/c++/11/ios:42[m[K,
[0.634s]                  from [01m[K/usr/include/c++/11/ostream:38[m[K,
[0.634s]                  from [01m[K/usr/include/c++/11/iostream:39[m[K,
[0.634s]                  from [01m[K/home/hzh/chapt2/chapt2_ws/src/demo_cpp_pkg/src/learn_shared_ptr.cpp:1[m[K:
[0.634s] [01m[K/usr/include/c++/11/bits/basic_string.h:533:7:[m[K [01;36m[Knote: [m[Kcandidate: ‘[01m[Ktemplate<class> std::__cxx11::basic_string<_CharT, _Traits, _Alloc>::basic_string(const _CharT*, const _Alloc&) [with <template-parameter-2-1> = <template-parameter-1-1>; _CharT = char; _Traits = std::char_traits<char>; _Alloc = std::allocator<char>][m[K’
[0.634s]   533 |       [01;36m[Kbasic_string[m[K(const _CharT* __s, const _Alloc& __a = _Alloc())
[0.634s]       |       [01;36m[K^~~~~~~~~~~~[m[K
[0.634s] [01m[K/usr/include/c++/11/bits/basic_string.h:533:7:[m[K [01;36m[Knote: [m[K  template argument deduction/substitution failed:
[0.634s] In file included from [01m[K/usr/include/x86_64-linux-gnu/c++/11/bits/c++allocator.h:33[m[K,
[0.634s]                  from [01m[K/usr/include/c++/11/bits/allocator.h:46[m[K,
[0.634s]                  from [01m[K/usr/include/c++/11/string:41[m[K,
[0.634s]                  from [01m[K/usr/include/c++/11/bits/locale_classes.h:40[m[K,
[0.635s]                  from [01m[K/usr/include/c++/11/bits/ios_base.h:41[m[K,
[0.635s]                  from [01m[K/usr/include/c++/11/ios:42[m[K,
[0.635s]                  from [01m[K/usr/include/c++/11/ostream:38[m[K,
[0.635s]                  from [01m[K/usr/include/c++/11/iostream:39[m[K,
[0.635s]                  from [01m[K/home/hzh/chapt2/chapt2_ws/src/demo_cpp_pkg/src/learn_shared_ptr.cpp:1[m[K:
[0.635s] [01m[K/usr/include/c++/11/ext/new_allocator.h:162:11:[m[K [01;36m[Knote: [m[K  cannot convert ‘[01m[Kstd::forward<int>((* & __args#0))[m[K’ (type ‘[01m[Kint[m[K’) to type ‘[01m[Kconst char*[m[K’
[0.635s]   162 |         { [01;36m[K::new((void *)__p) _Up(std::forward<_Args>(__args)...)[m[K; }
[0.635s]       |           [01;36m[K^~~~~~~~~~~~~~~~~~~~~~~~~~~~~~~~~~~~~~~~~~~~~~~~~~~~~~[m[K
[0.635s] In file included from [01m[K/usr/include/c++/11/string:55[m[K,
[0.635s]                  from [01m[K/usr/include/c++/11/bits/locale_classes.h:40[m[K,
[0.635s]                  from [01m[K/usr/include/c++/11/bits/ios_base.h:41[m[K,
[0.635s]                  from [01m[K/usr/include/c++/11/ios:42[m[K,
[0.635s]                  from [01m[K/usr/include/c++/11/ostream:38[m[K,
[0.635s]                  from [01m[K/usr/include/c++/11/iostream:39[m[K,
[0.636s]                  from [01m[K/home/hzh/chapt2/chapt2_ws/src/demo_cpp_pkg/src/learn_shared_ptr.cpp:1[m[K:
[0.636s] [01m[K/usr/include/c++/11/bits/basic_string.h:600:7:[m[K [01;36m[Knote: [m[Kcandidate: ‘[01m[Kstd::__cxx11::basic_string<_CharT, _Traits, _Alloc>::basic_string(std::__cxx11::basic_string<_CharT, _Traits, _Alloc>&&, const _Alloc&) [with _CharT = char; _Traits = std::char_traits<char>; _Alloc = std::allocator<char>][m[K’
[0.636s]   600 |       [01;36m[Kbasic_string[m[K(basic_string&& __str, const _Alloc& __a)
[0.636s]       |       [01;36m[K^~~~~~~~~~~~[m[K
[0.636s] [01m[K/usr/include/c++/11/bits/basic_string.h:600:7:[m[K [01;36m[Knote: [m[K  candidate expects 2 arguments, 1 provided
[0.636s] [01m[K/usr/include/c++/11/bits/basic_string.h:596:7:[m[K [01;36m[Knote: [m[Kcandidate: ‘[01m[Kstd::__cxx11::basic_string<_CharT, _Traits, _Alloc>::basic_string(const std::__cxx11::basic_string<_CharT, _Traits, _Alloc>&, const _Alloc&) [with _CharT = char; _Traits = std::char_traits<char>; _Alloc = std::allocator<char>][m[K’
[0.636s]   596 |       [01;36m[Kbasic_string[m[K(const basic_string& __str, const _Alloc& __a)
[0.636s]       |       [01;36m[K^~~~~~~~~~~~[m[K
[0.636s] [01m[K/usr/include/c++/11/bits/basic_string.h:596:7:[m[K [01;36m[Knote: [m[K  candidate expects 2 arguments, 1 provided
[0.636s] [01m[K/usr/include/c++/11/bits/basic_string.h:592:7:[m[K [01;36m[Knote: [m[Kcandidate: ‘[01m[Kstd::__cxx11::basic_string<_CharT, _Traits, _Alloc>::basic_string(std::initializer_list<_Tp>, const _Alloc&) [with _CharT = char; _Traits = std::char_traits<char>; _Alloc = std::allocator<char>][m[K’
[0.636s]   592 |       [01;36m[Kbasic_string[m[K(initializer_list<_CharT> __l, const _Alloc& __a = _Alloc())
[0.636s]       |       [01;36m[K^~~~~~~~~~~~[m[K
[0.636s] [01m[K/usr/include/c++/11/bits/basic_string.h:592:45:[m[K [01;36m[Knote: [m[K  no known conversion for argument 1 from ‘[01m[Kint[m[K’ to ‘[01m[Kstd::initializer_list<char>[m[K’
[0.636s]   592 |       basic_string([01;36m[Kinitializer_list<_CharT> __l[m[K, const _Alloc& __a = _Alloc())
[0.636s]       |                    [01;36m[K~~~~~~~~~~~~~~~~~~~~~~~~~^~~[m[K
[0.637s] [01m[K/usr/include/c++/11/bits/basic_string.h:565:7:[m[K [01;36m[Knote: [m[Kcandidate: ‘[01m[Kstd::__cxx11::basic_string<_CharT, _Traits, _Alloc>::basic_string(std::__cxx11::basic_string<_CharT, _Traits, _Alloc>&&) [with _CharT = char; _Traits = std::char_traits<char>; _Alloc = std::allocator<char>][m[K’
[0.637s]   565 |       [01;36m[Kbasic_string[m[K(basic_string&& __str) noexcept
[0.637s]       |       [01;36m[K^~~~~~~~~~~~[m[K
[0.637s] [01m[K/usr/include/c++/11/bits/basic_string.h:565:35:[m[K [01;36m[Knote: [m[K  no known conversion for argument 1 from ‘[01m[Kint[m[K’ to ‘[01m[Kstd::__cxx11::basic_string<char>&&[m[K’
[0.637s]   565 |       basic_string([01;36m[Kbasic_string&& __str[m[K) noexcept
[0.637s]       |                    [01;36m[K~~~~~~~~~~~~~~~^~~~~[m[K
[0.637s] [01m[K/usr/include/c++/11/bits/basic_string.h:518:7:[m[K [01;36m[Knote: [m[Kcandidate: ‘[01m[Kstd::__cxx11::basic_string<_CharT, _Traits, _Alloc>::basic_string(const _CharT*, std::__cxx11::basic_string<_CharT, _Traits, _Alloc>::size_type, const _Alloc&) [with _CharT = char; _Traits = std::char_traits<char>; _Alloc = std::allocator<char>; std::__cxx11::basic_string<_CharT, _Traits, _Alloc>::size_type = long unsigned int][m[K’
[0.637s]   518 |       [01;36m[Kbasic_string[m[K(const _CharT* __s, size_type __n,
[0.637s]       |       [01;36m[K^~~~~~~~~~~~[m[K
[0.637s] [01m[K/usr/include/c++/11/bits/basic_string.h:518:7:[m[K [01;36m[Knote: [m[K  candidate expects 3 arguments, 1 provided
[0.637s] [01m[K/usr/include/c++/11/bits/basic_string.h:500:7:[m[K [01;36m[Knote: [m[Kcandidate: ‘[01m[Kstd::__cxx11::basic_string<_CharT, _Traits, _Alloc>::basic_string(const std::__cxx11::basic_string<_CharT, _Traits, _Alloc>&, std::__cxx11::basic_string<_CharT, _Traits, _Alloc>::size_type, std::__cxx11::basic_string<_CharT, _Traits, _Alloc>::size_type, const _Alloc&) [with _CharT = char; _Traits = std::char_traits<char>; _Alloc = std::allocator<char>; std::__cxx11::basic_string<_CharT, _Traits, _Alloc>::size_type = long unsigned int][m[K’
[0.637s]   500 |       [01;36m[Kbasic_string[m[K(const basic_string& __str, size_type __pos,
[0.638s]       |       [01;36m[K^~~~~~~~~~~~[m[K
[0.640s] [01m[K/usr/include/c++/11/bits/basic_string.h:500:7:[m[K [01;36m[Knote: [m[K  candidate expects 4 arguments, 1 provided
[0.640s] [01m[K/usr/include/c++/11/bits/basic_string.h:484:7:[m[K [01;36m[Knote: [m[Kcandidate: ‘[01m[Kstd::__cxx11::basic_string<_CharT, _Traits, _Alloc>::basic_string(const std::__cxx11::basic_string<_CharT, _Traits, _Alloc>&, std::__cxx11::basic_string<_CharT, _Traits, _Alloc>::size_type, std::__cxx11::basic_string<_CharT, _Traits, _Alloc>::size_type) [with _CharT = char; _Traits = std::char_traits<char>; _Alloc = std::allocator<char>; std::__cxx11::basic_string<_CharT, _Traits, _Alloc>::size_type = long unsigned int][m[K’
[0.641s]   484 |       [01;36m[Kbasic_string[m[K(const basic_string& __str, size_type __pos,
[0.641s]       |       [01;36m[K^~~~~~~~~~~~[m[K
[0.641s] [01m[K/usr/include/c++/11/bits/basic_string.h:484:7:[m[K [01;36m[Knote: [m[K  candidate expects 3 arguments, 1 provided
[0.643s] [01m[K/usr/include/c++/11/bits/basic_string.h:469:7:[m[K [01;36m[Knote: [m[Kcandidate: ‘[01m[Kstd::__cxx11::basic_string<_CharT, _Traits, _Alloc>::basic_string(const std::__cxx11::basic_string<_CharT, _Traits, _Alloc>&, std::__cxx11::basic_string<_CharT, _Traits, _Alloc>::size_type, const _Alloc&) [with _CharT = char; _Traits = std::char_traits<char>; _Alloc = std::allocator<char>; std::__cxx11::basic_string<_CharT, _Traits, _Alloc>::size_type = long unsigned int][m[K’
[0.644s]   469 |       [01;36m[Kbasic_string[m[K(const basic_string& __str, size_type __pos,
[0.644s]       |       [01;36m[K^~~~~~~~~~~~[m[K
[0.644s] [01m[K/usr/include/c++/11/bits/basic_string.h:469:7:[m[K [01;36m[Knote: [m[K  candidate expects 3 arguments, 1 provided
[0.644s] [01m[K/usr/include/c++/11/bits/basic_string.h:456:7:[m[K [01;36m[Knote: [m[Kcandidate: ‘[01m[Kstd::__cxx11::basic_string<_CharT, _Traits, _Alloc>::basic_string(const std::__cxx11::basic_string<_CharT, _Traits, _Alloc>&) [with _CharT = char; _Traits = std::char_traits<char>; _Alloc = std::allocator<char>][m[K’
[0.645s]   456 |       [01;36m[Kbasic_string[m[K(const basic_string& __str)
[0.647s]       |       [01;36m[K^~~~~~~~~~~~[m[K
[0.647s] [01m[K/usr/include/c++/11/bits/basic_string.h:456:40:[m[K [01;36m[Knote: [m[K  no known conversion for argument 1 from ‘[01m[Kint[m[K’ to ‘[01m[Kconst std::__cxx11::basic_string<char>&[m[K’
[0.647s]   456 |       basic_string([01;36m[Kconst basic_string& __str[m[K)
[0.647s]       |                    [01;36m[K~~~~~~~~~~~~~~~~~~~~^~~~~[m[K
[0.647s] [01m[K/usr/include/c++/11/bits/basic_string.h:448:7:[m[K [01;36m[Knote: [m[Kcandidate: ‘[01m[Kstd::__cxx11::basic_string<_CharT, _Traits, _Alloc>::basic_string(const _Alloc&) [with _CharT = char; _Traits = std::char_traits<char>; _Alloc = std::allocator<char>][m[K’
[0.647s]   448 |       [01;36m[Kbasic_string[m[K(const _Alloc& __a) _GLIBCXX_NOEXCEPT
[0.648s]       |       [01;36m[K^~~~~~~~~~~~[m[K
[0.648s] [01m[K/usr/include/c++/11/bits/basic_string.h:448:34:[m[K [01;36m[Knote: [m[K  no known conversion for argument 1 from ‘[01m[Kint[m[K’ to ‘[01m[Kconst std::allocator<char>&[m[K’
[0.648s]   448 |       basic_string([01;36m[Kconst _Alloc& __a[m[K) _GLIBCXX_NOEXCEPT
[0.648s]       |                    [01;36m[K~~~~~~~~~~~~~~^~~[m[K
[0.648s] [01m[K/usr/include/c++/11/bits/basic_string.h:439:7:[m[K [01;36m[Knote: [m[Kcandidate: ‘[01m[Kstd::__cxx11::basic_string<_CharT, _Traits, _Alloc>::basic_string() [with _CharT = char; _Traits = std::char_traits<char>; _Alloc = std::allocator<char>][m[K’
[0.650s]   439 |       [01;36m[Kbasic_string[m[K()
[0.650s]       |       [01;36m[K^~~~~~~~~~~~[m[K
[0.651s] [01m[K/usr/include/c++/11/bits/basic_string.h:439:7:[m[K [01;36m[Knote: [m[K  candidate expects 0 arguments, 1 provided
[0.651s] [01m[K/usr/include/c++/11/bits/basic_string.h:153:7:[m[K [01;36m[Knote: [m[Kcandidate: ‘[01m[Kstd::__cxx11::basic_string<_CharT, _Traits, _Alloc>::basic_string(std::__cxx11::basic_string<_CharT, _Traits, _Alloc>::__sv_wrapper, const _Alloc&) [with _CharT = char; _Traits = std::char_traits<char>; _Alloc = std::allocator<char>][m[K’
[0.653s]   153 |       [01;36m[Kbasic_string[m[K(__sv_wrapper __svw, const _Alloc& __a)
[0.653s]       |       [01;36m[K^~~~~~~~~~~~[m[K
[0.653s] [01m[K/usr/include/c++/11/bits/basic_string.h:153:7:[m[K [01;36m[Knote: [m[K  candidate expects 2 arguments, 1 provided
[0.653s] gmake[2]: *** [CMakeFiles/learn_shared_ptr.dir/build.make:76：CMakeFiles/learn_shared_ptr.dir/src/learn_shared_ptr.cpp.o] 错误 1
[0.654s] gmake[1]: *** [CMakeFiles/Makefile2:221：CMakeFiles/learn_shared_ptr.dir/all] 错误 2
[0.654s] gmake: *** [Makefile:146：all] 错误 2
[0.655s] Invoked command in '/home/hzh/chapt2/chapt2_ws/build/demo_cpp_pkg' returned '2': CMAKE_PREFIX_PATH=${CMAKE_PREFIX_PATH}:/home/hzh/chapt2/chapt2_ws/install/demo_python_pkg:/opt/ros/humble /usr/bin/cmake --build /home/hzh/chapt2/chapt2_ws/build/demo_cpp_pkg -- -j4 -l4
