[0.082s] Invoking command in '/home/hzh/ros2_learn/chapt8/chapt8_ws/build/nav2_custom_controller': CMAKE_PREFIX_PATH=${CMAKE_PREFIX_PATH}:/home/hzh/ros2_learn/chapt8/chapt8_ws/install/fishbot_application:/home/hzh/ros2_learn/chapt8/chapt8_ws/install/autopartol_robot:/opt/ros/humble /usr/bin/cmake --build /home/hzh/ros2_learn/chapt8/chapt8_ws/build/nav2_custom_controller -- -j4 -l4
[0.318s] [35m[1mConsolidate compiler generated dependencies of target nav2_custom_controller_plugin[0m
[0.426s] [100%] Built target nav2_custom_controller_plugin
[0.493s] Invoked command in '/home/hzh/ros2_learn/chapt8/chapt8_ws/build/nav2_custom_controller' returned '0': CMAKE_PREFIX_PATH=${CMAKE_PREFIX_PATH}:/home/hzh/ros2_learn/chapt8/chapt8_ws/install/fishbot_application:/home/hzh/ros2_learn/chapt8/chapt8_ws/install/autopartol_robot:/opt/ros/humble /usr/bin/cmake --build /home/hzh/ros2_learn/chapt8/chapt8_ws/build/nav2_custom_controller -- -j4 -l4
[0.498s] Invoking command in '/home/hzh/ros2_learn/chapt8/chapt8_ws/build/nav2_custom_controller': CMAKE_PREFIX_PATH=${CMAKE_PREFIX_PATH}:/home/hzh/ros2_learn/chapt8/chapt8_ws/install/fishbot_application:/home/hzh/ros2_learn/chapt8/chapt8_ws/install/autopartol_robot:/opt/ros/humble /usr/bin/cmake --install /home/hzh/ros2_learn/chapt8/chapt8_ws/build/nav2_custom_controller
[0.559s] -- Install configuration: ""
[0.560s] -- Up-to-date: /home/hzh/ros2_learn/chapt8/chapt8_ws/install/nav2_custom_controller/lib/libnav2_custom_controller_plugin.so
[0.560s] -- Up-to-date: /home/hzh/ros2_learn/chapt8/chapt8_ws/install/nav2_custom_controller/include/
[0.560s] -- Up-to-date: /home/hzh/ros2_learn/chapt8/chapt8_ws/install/nav2_custom_controller/include//nav2_custom_controller
[0.560s] -- Up-to-date: /home/hzh/ros2_learn/chapt8/chapt8_ws/install/nav2_custom_controller/include//nav2_custom_controller/custom_controller.hpp
[0.560s] -- Up-to-date: /home/hzh/ros2_learn/chapt8/chapt8_ws/install/nav2_custom_controller/share/nav2_custom_controller/nav2_custom_controller.xml
[0.560s] -- Up-to-date: /home/hzh/ros2_learn/chapt8/chapt8_ws/install/nav2_custom_controller/share/ament_index/resource_index/package_run_dependencies/nav2_custom_controller
[0.560s] -- Up-to-date: /home/hzh/ros2_learn/chapt8/chapt8_ws/install/nav2_custom_controller/share/ament_index/resource_index/parent_prefix_path/nav2_custom_controller
[0.561s] -- Up-to-date: /home/hzh/ros2_learn/chapt8/chapt8_ws/install/nav2_custom_controller/share/nav2_custom_controller/environment/ament_prefix_path.sh
[0.561s] -- Up-to-date: /home/hzh/ros2_learn/chapt8/chapt8_ws/install/nav2_custom_controller/share/nav2_custom_controller/environment/ament_prefix_path.dsv
[0.561s] -- Up-to-date: /home/hzh/ros2_learn/chapt8/chapt8_ws/install/nav2_custom_controller/share/nav2_custom_controller/environment/path.sh
[0.561s] -- Up-to-date: /home/hzh/ros2_learn/chapt8/chapt8_ws/install/nav2_custom_controller/share/nav2_custom_controller/environment/path.dsv
[0.561s] -- Up-to-date: /home/hzh/ros2_learn/chapt8/chapt8_ws/install/nav2_custom_controller/share/nav2_custom_controller/local_setup.bash
[0.561s] -- Up-to-date: /home/hzh/ros2_learn/chapt8/chapt8_ws/install/nav2_custom_controller/share/nav2_custom_controller/local_setup.sh
[0.562s] -- Up-to-date: /home/hzh/ros2_learn/chapt8/chapt8_ws/install/nav2_custom_controller/share/nav2_custom_controller/local_setup.zsh
[0.562s] -- Up-to-date: /home/hzh/ros2_learn/chapt8/chapt8_ws/install/nav2_custom_controller/share/nav2_custom_controller/local_setup.dsv
[0.562s] -- Installing: /home/hzh/ros2_learn/chapt8/chapt8_ws/install/nav2_custom_controller/share/nav2_custom_controller/package.dsv
[0.562s] -- Up-to-date: /home/hzh/ros2_learn/chapt8/chapt8_ws/install/nav2_custom_controller/share/ament_index/resource_index/packages/nav2_custom_controller
[0.562s] -- Up-to-date: /home/hzh/ros2_learn/chapt8/chapt8_ws/install/nav2_custom_controller/share/ament_index/resource_index/nav2_core__pluginlib__plugin/nav2_custom_controller
[0.562s] -- Up-to-date: /home/hzh/ros2_learn/chapt8/chapt8_ws/install/nav2_custom_controller/share/nav2_custom_controller/cmake/nav2_custom_controllerConfig.cmake
[0.562s] -- Up-to-date: /home/hzh/ros2_learn/chapt8/chapt8_ws/install/nav2_custom_controller/share/nav2_custom_controller/cmake/nav2_custom_controllerConfig-version.cmake
[0.563s] -- Up-to-date: /home/hzh/ros2_learn/chapt8/chapt8_ws/install/nav2_custom_controller/share/nav2_custom_controller/package.xml
[0.566s] Invoked command in '/home/hzh/ros2_learn/chapt8/chapt8_ws/build/nav2_custom_controller' returned '0': CMAKE_PREFIX_PATH=${CMAKE_PREFIX_PATH}:/home/hzh/ros2_learn/chapt8/chapt8_ws/install/fishbot_application:/home/hzh/ros2_learn/chapt8/chapt8_ws/install/autopartol_robot:/opt/ros/humble /usr/bin/cmake --install /home/hzh/ros2_learn/chapt8/chapt8_ws/build/nav2_custom_controller
