[0.061s] Invoking command in '/home/hzh/ros2_learn/chapt10/chapt10_ws/build/learn_qos_cpp': CMAKE_PREFIX_PATH=/opt/ros/humble /usr/bin/cmake --build /home/hzh/ros2_learn/chapt10/chapt10_ws/build/learn_qos_cpp -- -j4 -l4
[0.428s] [100%] Built target reliability_test
[1.171s] Invoked command in '/home/hzh/ros2_learn/chapt10/chapt10_ws/build/learn_qos_cpp' returned '0': CMAKE_PREFIX_PATH=/opt/ros/humble /usr/bin/cmake --build /home/hzh/ros2_learn/chapt10/chapt10_ws/build/learn_qos_cpp -- -j4 -l4
[1.177s] Invoking command in '/home/hzh/ros2_learn/chapt10/chapt10_ws/build/learn_qos_cpp': CMAKE_PREFIX_PATH=/opt/ros/humble /usr/bin/cmake --install /home/hzh/ros2_learn/chapt10/chapt10_ws/build/learn_qos_cpp
[1.228s] -- Install configuration: ""
[1.229s] -- Up-to-date: /home/hzh/ros2_learn/chapt10/chapt10_ws/install/learn_qos_cpp/lib/learn_qos_cpp/reliability_test
[1.233s] -- Up-to-date: /home/hzh/ros2_learn/chapt10/chapt10_ws/install/learn_qos_cpp/share/ament_index/resource_index/package_run_dependencies/learn_qos_cpp
[1.233s] -- Up-to-date: /home/hzh/ros2_learn/chapt10/chapt10_ws/install/learn_qos_cpp/share/ament_index/resource_index/parent_prefix_path/learn_qos_cpp
[1.233s] -- Up-to-date: /home/hzh/ros2_learn/chapt10/chapt10_ws/install/learn_qos_cpp/share/learn_qos_cpp/environment/ament_prefix_path.sh
[1.233s] -- Up-to-date: /home/hzh/ros2_learn/chapt10/chapt10_ws/install/learn_qos_cpp/share/learn_qos_cpp/environment/ament_prefix_path.dsv
[1.233s] -- Up-to-date: /home/hzh/ros2_learn/chapt10/chapt10_ws/install/learn_qos_cpp/share/learn_qos_cpp/environment/path.sh
[1.233s] -- Up-to-date: /home/hzh/ros2_learn/chapt10/chapt10_ws/install/learn_qos_cpp/share/learn_qos_cpp/environment/path.dsv
[1.233s] -- Up-to-date: /home/hzh/ros2_learn/chapt10/chapt10_ws/install/learn_qos_cpp/share/learn_qos_cpp/local_setup.bash
[1.233s] -- Up-to-date: /home/hzh/ros2_learn/chapt10/chapt10_ws/install/learn_qos_cpp/share/learn_qos_cpp/local_setup.sh
[1.233s] -- Up-to-date: /home/hzh/ros2_learn/chapt10/chapt10_ws/install/learn_qos_cpp/share/learn_qos_cpp/local_setup.zsh
[1.233s] -- Up-to-date: /home/hzh/ros2_learn/chapt10/chapt10_ws/install/learn_qos_cpp/share/learn_qos_cpp/local_setup.dsv
[1.239s] -- Installing: /home/hzh/ros2_learn/chapt10/chapt10_ws/install/learn_qos_cpp/share/learn_qos_cpp/package.dsv
[1.239s] -- Up-to-date: /home/hzh/ros2_learn/chapt10/chapt10_ws/install/learn_qos_cpp/share/ament_index/resource_index/packages/learn_qos_cpp
[1.239s] -- Up-to-date: /home/hzh/ros2_learn/chapt10/chapt10_ws/install/learn_qos_cpp/share/learn_qos_cpp/cmake/learn_qos_cppConfig.cmake
[1.240s] -- Up-to-date: /home/hzh/ros2_learn/chapt10/chapt10_ws/install/learn_qos_cpp/share/learn_qos_cpp/cmake/learn_qos_cppConfig-version.cmake
[1.241s] -- Up-to-date: /home/hzh/ros2_learn/chapt10/chapt10_ws/install/learn_qos_cpp/share/learn_qos_cpp/package.xml
[1.269s] Invoked command in '/home/hzh/ros2_learn/chapt10/chapt10_ws/build/learn_qos_cpp' returned '0': CMAKE_PREFIX_PATH=/opt/ros/humble /usr/bin/cmake --install /home/hzh/ros2_learn/chapt10/chapt10_ws/build/learn_qos_cpp
