[0.039s] Invoking command in '/home/hzh/ros2_learn/chapt10/chapt10_ws/build/learn_qos_cpp': CMAKE_PREFIX_PATH=${CMAKE_PREFIX_PATH}:/home/hzh/ros2_learn/chapt10/chapt10_ws/install/learn_qos_py:/opt/ros/humble /usr/bin/cmake --build /home/hzh/ros2_learn/chapt10/chapt10_ws/build/learn_qos_cpp -- -j4 -l4
[0.132s] [35m[1mConsolidate compiler generated dependencies of target reliability_test[0m
[0.177s] [ 50%] [32mBuilding CXX object CMakeFiles/reliability_test.dir/src/reliability_test.cpp.o[0m
[13.951s] [100%] [32m[1mLinking CXX executable reliability_test[0m
[14.614s] [100%] Built target reliability_test
[14.638s] Invoked command in '/home/hzh/ros2_learn/chapt10/chapt10_ws/build/learn_qos_cpp' returned '0': CMAKE_PREFIX_PATH=${CMAKE_PREFIX_PATH}:/home/hzh/ros2_learn/chapt10/chapt10_ws/install/learn_qos_py:/opt/ros/humble /usr/bin/cmake --build /home/hzh/ros2_learn/chapt10/chapt10_ws/build/learn_qos_cpp -- -j4 -l4
[14.657s] Invoking command in '/home/hzh/ros2_learn/chapt10/chapt10_ws/build/learn_qos_cpp': CMAKE_PREFIX_PATH=${CMAKE_PREFIX_PATH}:/home/hzh/ros2_learn/chapt10/chapt10_ws/install/learn_qos_py:/opt/ros/humble /usr/bin/cmake --install /home/hzh/ros2_learn/chapt10/chapt10_ws/build/learn_qos_cpp
[14.672s] -- Install configuration: ""
[14.672s] -- Installing: /home/hzh/ros2_learn/chapt10/chapt10_ws/install/learn_qos_cpp/lib/learn_qos_cpp/reliability_test
[14.679s] -- Set runtime path of "/home/hzh/ros2_learn/chapt10/chapt10_ws/install/learn_qos_cpp/lib/learn_qos_cpp/reliability_test" to ""
[14.679s] -- Up-to-date: /home/hzh/ros2_learn/chapt10/chapt10_ws/install/learn_qos_cpp/share/ament_index/resource_index/package_run_dependencies/learn_qos_cpp
[14.679s] -- Up-to-date: /home/hzh/ros2_learn/chapt10/chapt10_ws/install/learn_qos_cpp/share/ament_index/resource_index/parent_prefix_path/learn_qos_cpp
[14.679s] -- Up-to-date: /home/hzh/ros2_learn/chapt10/chapt10_ws/install/learn_qos_cpp/share/learn_qos_cpp/environment/ament_prefix_path.sh
[14.679s] -- Up-to-date: /home/hzh/ros2_learn/chapt10/chapt10_ws/install/learn_qos_cpp/share/learn_qos_cpp/environment/ament_prefix_path.dsv
[14.679s] -- Up-to-date: /home/hzh/ros2_learn/chapt10/chapt10_ws/install/learn_qos_cpp/share/learn_qos_cpp/environment/path.sh
[14.680s] -- Up-to-date: /home/hzh/ros2_learn/chapt10/chapt10_ws/install/learn_qos_cpp/share/learn_qos_cpp/environment/path.dsv
[14.680s] -- Up-to-date: /home/hzh/ros2_learn/chapt10/chapt10_ws/install/learn_qos_cpp/share/learn_qos_cpp/local_setup.bash
[14.680s] -- Up-to-date: /home/hzh/ros2_learn/chapt10/chapt10_ws/install/learn_qos_cpp/share/learn_qos_cpp/local_setup.sh
[14.680s] -- Up-to-date: /home/hzh/ros2_learn/chapt10/chapt10_ws/install/learn_qos_cpp/share/learn_qos_cpp/local_setup.zsh
[14.680s] -- Up-to-date: /home/hzh/ros2_learn/chapt10/chapt10_ws/install/learn_qos_cpp/share/learn_qos_cpp/local_setup.dsv
[14.680s] -- Installing: /home/hzh/ros2_learn/chapt10/chapt10_ws/install/learn_qos_cpp/share/learn_qos_cpp/package.dsv
[14.680s] -- Up-to-date: /home/hzh/ros2_learn/chapt10/chapt10_ws/install/learn_qos_cpp/share/ament_index/resource_index/packages/learn_qos_cpp
[14.680s] -- Up-to-date: /home/hzh/ros2_learn/chapt10/chapt10_ws/install/learn_qos_cpp/share/learn_qos_cpp/cmake/learn_qos_cppConfig.cmake
[14.680s] -- Up-to-date: /home/hzh/ros2_learn/chapt10/chapt10_ws/install/learn_qos_cpp/share/learn_qos_cpp/cmake/learn_qos_cppConfig-version.cmake
[14.681s] -- Up-to-date: /home/hzh/ros2_learn/chapt10/chapt10_ws/install/learn_qos_cpp/share/learn_qos_cpp/package.xml
[14.689s] Invoked command in '/home/hzh/ros2_learn/chapt10/chapt10_ws/build/learn_qos_cpp' returned '0': CMAKE_PREFIX_PATH=${CMAKE_PREFIX_PATH}:/home/hzh/ros2_learn/chapt10/chapt10_ws/install/learn_qos_py:/opt/ros/humble /usr/bin/cmake --install /home/hzh/ros2_learn/chapt10/chapt10_ws/build/learn_qos_cpp
