[0.080s] Invoking command in '/home/hzh/ros2_learn/chapt10/chapt10_ws/build/learn_compose': CMAKE_PREFIX_PATH=${CMAKE_PREFIX_PATH}:/home/hzh/ros2_learn/chapt10/chapt10_ws/install/learn_message_filter:/home/hzh/ros2_learn/chapt10/chapt10_ws/install/learn_lifecyclenode_py:/home/hzh/ros2_learn/chapt10/chapt10_ws/install/learn_executor_py:/home/hzh/ros2_learn/chapt10/chapt10_ws/install/learn_qos_py:/opt/ros/humble /usr/bin/cmake --build /home/hzh/ros2_learn/chapt10/chapt10_ws/build/learn_compose -- -j4 -l4
[0.708s] [ 50%] Built target intra_process_pubsub
[0.708s] [ 75%] Built target listener_component
[0.708s] [100%] Built target talker_component
[0.719s] Invoked command in '/home/hzh/ros2_learn/chapt10/chapt10_ws/build/learn_compose' returned '0': CMAKE_PREFIX_PATH=${CMAKE_PREFIX_PATH}:/home/hzh/ros2_learn/chapt10/chapt10_ws/install/learn_message_filter:/home/hzh/ros2_learn/chapt10/chapt10_ws/install/learn_lifecyclenode_py:/home/hzh/ros2_learn/chapt10/chapt10_ws/install/learn_executor_py:/home/hzh/ros2_learn/chapt10/chapt10_ws/install/learn_qos_py:/opt/ros/humble /usr/bin/cmake --build /home/hzh/ros2_learn/chapt10/chapt10_ws/build/learn_compose -- -j4 -l4
[0.747s] Invoking command in '/home/hzh/ros2_learn/chapt10/chapt10_ws/build/learn_compose': CMAKE_PREFIX_PATH=${CMAKE_PREFIX_PATH}:/home/hzh/ros2_learn/chapt10/chapt10_ws/install/learn_message_filter:/home/hzh/ros2_learn/chapt10/chapt10_ws/install/learn_lifecyclenode_py:/home/hzh/ros2_learn/chapt10/chapt10_ws/install/learn_executor_py:/home/hzh/ros2_learn/chapt10/chapt10_ws/install/learn_qos_py:/opt/ros/humble /usr/bin/cmake --install /home/hzh/ros2_learn/chapt10/chapt10_ws/build/learn_compose
[0.771s] -- Install configuration: ""
[0.771s] -- Up-to-date: /home/hzh/ros2_learn/chapt10/chapt10_ws/install/learn_compose/lib/learn_compose/intra_process_pubsub
[0.771s] -- Up-to-date: /home/hzh/ros2_learn/chapt10/chapt10_ws/install/learn_compose/lib/libtalker_component.so
[0.771s] -- Up-to-date: /home/hzh/ros2_learn/chapt10/chapt10_ws/install/learn_compose/lib/liblistener_component.so
[0.771s] -- Up-to-date: /home/hzh/ros2_learn/chapt10/chapt10_ws/install/learn_compose/share/ament_index/resource_index/package_run_dependencies/learn_compose
[0.771s] -- Up-to-date: /home/hzh/ros2_learn/chapt10/chapt10_ws/install/learn_compose/share/ament_index/resource_index/parent_prefix_path/learn_compose
[0.771s] -- Up-to-date: /home/hzh/ros2_learn/chapt10/chapt10_ws/install/learn_compose/share/learn_compose/environment/ament_prefix_path.sh
[0.771s] -- Up-to-date: /home/hzh/ros2_learn/chapt10/chapt10_ws/install/learn_compose/share/learn_compose/environment/ament_prefix_path.dsv
[0.771s] -- Up-to-date: /home/hzh/ros2_learn/chapt10/chapt10_ws/install/learn_compose/share/learn_compose/environment/path.sh
[0.771s] -- Up-to-date: /home/hzh/ros2_learn/chapt10/chapt10_ws/install/learn_compose/share/learn_compose/environment/path.dsv
[0.771s] -- Up-to-date: /home/hzh/ros2_learn/chapt10/chapt10_ws/install/learn_compose/share/learn_compose/local_setup.bash
[0.771s] -- Up-to-date: /home/hzh/ros2_learn/chapt10/chapt10_ws/install/learn_compose/share/learn_compose/local_setup.sh
[0.771s] -- Up-to-date: /home/hzh/ros2_learn/chapt10/chapt10_ws/install/learn_compose/share/learn_compose/local_setup.zsh
[0.771s] -- Up-to-date: /home/hzh/ros2_learn/chapt10/chapt10_ws/install/learn_compose/share/learn_compose/local_setup.dsv
[0.771s] -- Installing: /home/hzh/ros2_learn/chapt10/chapt10_ws/install/learn_compose/share/learn_compose/package.dsv
[0.772s] -- Up-to-date: /home/hzh/ros2_learn/chapt10/chapt10_ws/install/learn_compose/share/ament_index/resource_index/packages/learn_compose
[0.772s] -- Up-to-date: /home/hzh/ros2_learn/chapt10/chapt10_ws/install/learn_compose/share/ament_index/resource_index/rclcpp_components/learn_compose
[0.778s] -- Up-to-date: /home/hzh/ros2_learn/chapt10/chapt10_ws/install/learn_compose/share/learn_compose/cmake/learn_composeConfig.cmake
[0.778s] -- Up-to-date: /home/hzh/ros2_learn/chapt10/chapt10_ws/install/learn_compose/share/learn_compose/cmake/learn_composeConfig-version.cmake
[0.778s] -- Up-to-date: /home/hzh/ros2_learn/chapt10/chapt10_ws/install/learn_compose/share/learn_compose/package.xml
[0.791s] Invoked command in '/home/hzh/ros2_learn/chapt10/chapt10_ws/build/learn_compose' returned '0': CMAKE_PREFIX_PATH=${CMAKE_PREFIX_PATH}:/home/hzh/ros2_learn/chapt10/chapt10_ws/install/learn_message_filter:/home/hzh/ros2_learn/chapt10/chapt10_ws/install/learn_lifecyclenode_py:/home/hzh/ros2_learn/chapt10/chapt10_ws/install/learn_executor_py:/home/hzh/ros2_learn/chapt10/chapt10_ws/install/learn_qos_py:/opt/ros/humble /usr/bin/cmake --install /home/hzh/ros2_learn/chapt10/chapt10_ws/build/learn_compose
