[0.131s] DEBUG:colcon:Command line arguments: ['/usr/bin/colcon', 'build']
[0.131s] DEBUG:colcon:Parsed command line arguments: Namespace(log_base=None, log_level=None, verb_name='build', build_base='build', install_base='install', merge_install=False, symlink_install=False, test_result_base=None, continue_on_error=False, executor='parallel', parallel_workers=4, event_handlers=None, ignore_user_meta=False, metas=['./colcon.meta'], base_paths=['.'], packages_ignore=None, packages_ignore_regex=None, paths=None, packages_up_to=None, packages_up_to_regex=None, packages_above=None, packages_above_and_dependencies=None, packages_above_depth=None, packages_select_by_dep=None, packages_skip_by_dep=None, packages_skip_up_to=None, packages_select_build_failed=False, packages_skip_build_finished=False, packages_select_test_failures=False, packages_skip_test_passed=False, packages_select=None, packages_skip=None, packages_select_regex=None, packages_skip_regex=None, packages_start=None, packages_end=None, allow_overriding=[], cmake_args=None, cmake_target=None, cmake_target_skip_unavailable=False, cmake_clean_cache=False, cmake_clean_first=False, cmake_force_configure=False, ament_cmake_args=None, catkin_cmake_args=None, catkin_skip_building_tests=False, verb_parser=<colcon_defaults.argument_parser.defaults.DefaultArgumentsDecorator object at 0x79a82f71fb20>, verb_extension=<colcon_core.verb.build.BuildVerb object at 0x79a82f71f520>, main=<bound method BuildVerb.main of <colcon_core.verb.build.BuildVerb object at 0x79a82f71f520>>)
[0.305s] Level 1:colcon.colcon_core.package_discovery:discover_packages(colcon_meta) check parameters
[0.305s] Level 1:colcon.colcon_core.package_discovery:discover_packages(recursive) check parameters
[0.305s] Level 1:colcon.colcon_core.package_discovery:discover_packages(ignore) check parameters
[0.305s] Level 1:colcon.colcon_core.package_discovery:discover_packages(path) check parameters
[0.305s] Level 1:colcon.colcon_core.package_discovery:discover_packages(colcon_meta) discover
[0.305s] Level 1:colcon.colcon_core.package_discovery:discover_packages(recursive) discover
[0.305s] INFO:colcon.colcon_core.package_discovery:Crawling recursively for packages in '/home/hzh/ros2_learn/chapt4/chapt4_ws'
[0.305s] Level 1:colcon.colcon_core.package_identification:_identify(.) by extensions ['ignore', 'ignore_ament_install']
[0.306s] Level 1:colcon.colcon_core.package_identification:_identify(.) by extension 'ignore'
[0.306s] Level 1:colcon.colcon_core.package_identification:_identify(.) by extension 'ignore_ament_install'
[0.306s] Level 1:colcon.colcon_core.package_identification:_identify(.) by extensions ['colcon_pkg']
[0.306s] Level 1:colcon.colcon_core.package_identification:_identify(.) by extension 'colcon_pkg'
[0.306s] Level 1:colcon.colcon_core.package_identification:_identify(.) by extensions ['colcon_meta']
[0.306s] Level 1:colcon.colcon_core.package_identification:_identify(.) by extension 'colcon_meta'
[0.306s] Level 1:colcon.colcon_core.package_identification:_identify(.) by extensions ['ros']
[0.306s] Level 1:colcon.colcon_core.package_identification:_identify(.) by extension 'ros'
[0.318s] Level 1:colcon.colcon_core.package_identification:_identify(.) by extensions ['cmake', 'python']
[0.318s] Level 1:colcon.colcon_core.package_identification:_identify(.) by extension 'cmake'
[0.318s] Level 1:colcon.colcon_core.package_identification:_identify(.) by extension 'python'
[0.318s] Level 1:colcon.colcon_core.package_identification:_identify(.) by extensions ['python_setup_py']
[0.318s] Level 1:colcon.colcon_core.package_identification:_identify(.) by extension 'python_setup_py'
[0.319s] Level 1:colcon.colcon_core.package_identification:_identify(build) by extensions ['ignore', 'ignore_ament_install']
[0.319s] Level 1:colcon.colcon_core.package_identification:_identify(build) by extension 'ignore'
[0.319s] Level 1:colcon.colcon_core.package_identification:_identify(build) ignored
[0.319s] Level 1:colcon.colcon_core.package_identification:_identify(install) by extensions ['ignore', 'ignore_ament_install']
[0.319s] Level 1:colcon.colcon_core.package_identification:_identify(install) by extension 'ignore'
[0.319s] Level 1:colcon.colcon_core.package_identification:_identify(install) ignored
[0.319s] Level 1:colcon.colcon_core.package_identification:_identify(log) by extensions ['ignore', 'ignore_ament_install']
[0.319s] Level 1:colcon.colcon_core.package_identification:_identify(log) by extension 'ignore'
[0.319s] Level 1:colcon.colcon_core.package_identification:_identify(log) ignored
[0.319s] Level 1:colcon.colcon_core.package_identification:_identify(src) by extensions ['ignore', 'ignore_ament_install']
[0.320s] Level 1:colcon.colcon_core.package_identification:_identify(src) by extension 'ignore'
[0.320s] Level 1:colcon.colcon_core.package_identification:_identify(src) by extension 'ignore_ament_install'
[0.320s] Level 1:colcon.colcon_core.package_identification:_identify(src) by extensions ['colcon_pkg']
[0.320s] Level 1:colcon.colcon_core.package_identification:_identify(src) by extension 'colcon_pkg'
[0.320s] Level 1:colcon.colcon_core.package_identification:_identify(src) by extensions ['colcon_meta']
[0.320s] Level 1:colcon.colcon_core.package_identification:_identify(src) by extension 'colcon_meta'
[0.320s] Level 1:colcon.colcon_core.package_identification:_identify(src) by extensions ['ros']
[0.320s] Level 1:colcon.colcon_core.package_identification:_identify(src) by extension 'ros'
[0.320s] Level 1:colcon.colcon_core.package_identification:_identify(src) by extensions ['cmake', 'python']
[0.320s] Level 1:colcon.colcon_core.package_identification:_identify(src) by extension 'cmake'
[0.320s] Level 1:colcon.colcon_core.package_identification:_identify(src) by extension 'python'
[0.320s] Level 1:colcon.colcon_core.package_identification:_identify(src) by extensions ['python_setup_py']
[0.320s] Level 1:colcon.colcon_core.package_identification:_identify(src) by extension 'python_setup_py'
[0.320s] Level 1:colcon.colcon_core.package_identification:_identify(src/chapt4_interfaces) by extensions ['ignore', 'ignore_ament_install']
[0.321s] Level 1:colcon.colcon_core.package_identification:_identify(src/chapt4_interfaces) by extension 'ignore'
[0.321s] Level 1:colcon.colcon_core.package_identification:_identify(src/chapt4_interfaces) by extension 'ignore_ament_install'
[0.321s] Level 1:colcon.colcon_core.package_identification:_identify(src/chapt4_interfaces) by extensions ['colcon_pkg']
[0.321s] Level 1:colcon.colcon_core.package_identification:_identify(src/chapt4_interfaces) by extension 'colcon_pkg'
[0.321s] Level 1:colcon.colcon_core.package_identification:_identify(src/chapt4_interfaces) by extensions ['colcon_meta']
[0.321s] Level 1:colcon.colcon_core.package_identification:_identify(src/chapt4_interfaces) by extension 'colcon_meta'
[0.321s] Level 1:colcon.colcon_core.package_identification:_identify(src/chapt4_interfaces) by extensions ['ros']
[0.322s] Level 1:colcon.colcon_core.package_identification:_identify(src/chapt4_interfaces) by extension 'ros'
[0.325s] DEBUG:colcon.colcon_core.package_identification:Package 'src/chapt4_interfaces' with type 'ros.ament_cmake' and name 'chapt4_interfaces'
[0.325s] Level 1:colcon.colcon_core.package_identification:_identify(src/demo_cpp_service) by extensions ['ignore', 'ignore_ament_install']
[0.325s] Level 1:colcon.colcon_core.package_identification:_identify(src/demo_cpp_service) by extension 'ignore'
[0.326s] Level 1:colcon.colcon_core.package_identification:_identify(src/demo_cpp_service) by extension 'ignore_ament_install'
[0.326s] Level 1:colcon.colcon_core.package_identification:_identify(src/demo_cpp_service) by extensions ['colcon_pkg']
[0.326s] Level 1:colcon.colcon_core.package_identification:_identify(src/demo_cpp_service) by extension 'colcon_pkg'
[0.326s] Level 1:colcon.colcon_core.package_identification:_identify(src/demo_cpp_service) by extensions ['colcon_meta']
[0.326s] Level 1:colcon.colcon_core.package_identification:_identify(src/demo_cpp_service) by extension 'colcon_meta'
[0.326s] Level 1:colcon.colcon_core.package_identification:_identify(src/demo_cpp_service) by extensions ['ros']
[0.326s] Level 1:colcon.colcon_core.package_identification:_identify(src/demo_cpp_service) by extension 'ros'
[0.327s] DEBUG:colcon.colcon_core.package_identification:Package 'src/demo_cpp_service' with type 'ros.ament_cmake' and name 'demo_cpp_service'
[0.327s] Level 1:colcon.colcon_core.package_identification:_identify(src/demo_python_service) by extensions ['ignore', 'ignore_ament_install']
[0.327s] Level 1:colcon.colcon_core.package_identification:_identify(src/demo_python_service) by extension 'ignore'
[0.327s] Level 1:colcon.colcon_core.package_identification:_identify(src/demo_python_service) by extension 'ignore_ament_install'
[0.327s] Level 1:colcon.colcon_core.package_identification:_identify(src/demo_python_service) by extensions ['colcon_pkg']
[0.327s] Level 1:colcon.colcon_core.package_identification:_identify(src/demo_python_service) by extension 'colcon_pkg'
[0.327s] Level 1:colcon.colcon_core.package_identification:_identify(src/demo_python_service) by extensions ['colcon_meta']
[0.327s] Level 1:colcon.colcon_core.package_identification:_identify(src/demo_python_service) by extension 'colcon_meta'
[0.328s] Level 1:colcon.colcon_core.package_identification:_identify(src/demo_python_service) by extensions ['ros']
[0.328s] Level 1:colcon.colcon_core.package_identification:_identify(src/demo_python_service) by extension 'ros'
[0.328s] DEBUG:colcon.colcon_core.package_identification:Package 'src/demo_python_service' with type 'ros.ament_python' and name 'demo_python_service'
[0.329s] Level 1:colcon.colcon_core.package_discovery:discover_packages(recursive) using defaults
[0.329s] Level 1:colcon.colcon_core.package_discovery:discover_packages(ignore) discover
[0.329s] Level 1:colcon.colcon_core.package_discovery:discover_packages(ignore) using defaults
[0.329s] Level 1:colcon.colcon_core.package_discovery:discover_packages(path) discover
[0.329s] Level 1:colcon.colcon_core.package_discovery:discover_packages(path) using defaults
[0.350s] Level 1:colcon.colcon_core.package_discovery:discover_packages(prefix_path) check parameters
[0.350s] Level 1:colcon.colcon_core.package_discovery:discover_packages(prefix_path) discover
[0.352s] DEBUG:colcon.colcon_installed_package_information.package_discovery:Found 3 installed packages in /home/hzh/ros2_learn/chapt4/chapt4_ws/install
[0.354s] DEBUG:colcon.colcon_installed_package_information.package_discovery:Found 273 installed packages in /opt/ros/humble
[0.371s] Level 1:colcon.colcon_core.package_discovery:discover_packages(prefix_path) using defaults
[0.407s] Level 5:colcon.colcon_core.verb:set package 'chapt4_interfaces' build argument 'cmake_args' from command line to 'None'
[0.407s] Level 5:colcon.colcon_core.verb:set package 'chapt4_interfaces' build argument 'cmake_target' from command line to 'None'
[0.407s] Level 5:colcon.colcon_core.verb:set package 'chapt4_interfaces' build argument 'cmake_target_skip_unavailable' from command line to 'False'
[0.407s] Level 5:colcon.colcon_core.verb:set package 'chapt4_interfaces' build argument 'cmake_clean_cache' from command line to 'False'
[0.407s] Level 5:colcon.colcon_core.verb:set package 'chapt4_interfaces' build argument 'cmake_clean_first' from command line to 'False'
[0.407s] Level 5:colcon.colcon_core.verb:set package 'chapt4_interfaces' build argument 'cmake_force_configure' from command line to 'False'
[0.407s] Level 5:colcon.colcon_core.verb:set package 'chapt4_interfaces' build argument 'ament_cmake_args' from command line to 'None'
[0.407s] Level 5:colcon.colcon_core.verb:set package 'chapt4_interfaces' build argument 'catkin_cmake_args' from command line to 'None'
[0.407s] Level 5:colcon.colcon_core.verb:set package 'chapt4_interfaces' build argument 'catkin_skip_building_tests' from command line to 'False'
[0.408s] DEBUG:colcon.colcon_core.verb:Building package 'chapt4_interfaces' with the following arguments: {'ament_cmake_args': None, 'build_base': '/home/hzh/ros2_learn/chapt4/chapt4_ws/build/chapt4_interfaces', 'catkin_cmake_args': None, 'catkin_skip_building_tests': False, 'cmake_args': None, 'cmake_clean_cache': False, 'cmake_clean_first': False, 'cmake_force_configure': False, 'cmake_target': None, 'cmake_target_skip_unavailable': False, 'install_base': '/home/hzh/ros2_learn/chapt4/chapt4_ws/install/chapt4_interfaces', 'merge_install': False, 'path': '/home/hzh/ros2_learn/chapt4/chapt4_ws/src/chapt4_interfaces', 'symlink_install': False, 'test_result_base': None}
[0.408s] Level 5:colcon.colcon_core.verb:set package 'demo_cpp_service' build argument 'cmake_args' from command line to 'None'
[0.408s] Level 5:colcon.colcon_core.verb:set package 'demo_cpp_service' build argument 'cmake_target' from command line to 'None'
[0.408s] Level 5:colcon.colcon_core.verb:set package 'demo_cpp_service' build argument 'cmake_target_skip_unavailable' from command line to 'False'
[0.408s] Level 5:colcon.colcon_core.verb:set package 'demo_cpp_service' build argument 'cmake_clean_cache' from command line to 'False'
[0.408s] Level 5:colcon.colcon_core.verb:set package 'demo_cpp_service' build argument 'cmake_clean_first' from command line to 'False'
[0.408s] Level 5:colcon.colcon_core.verb:set package 'demo_cpp_service' build argument 'cmake_force_configure' from command line to 'False'
[0.408s] Level 5:colcon.colcon_core.verb:set package 'demo_cpp_service' build argument 'ament_cmake_args' from command line to 'None'
[0.408s] Level 5:colcon.colcon_core.verb:set package 'demo_cpp_service' build argument 'catkin_cmake_args' from command line to 'None'
[0.408s] Level 5:colcon.colcon_core.verb:set package 'demo_cpp_service' build argument 'catkin_skip_building_tests' from command line to 'False'
[0.408s] DEBUG:colcon.colcon_core.verb:Building package 'demo_cpp_service' with the following arguments: {'ament_cmake_args': None, 'build_base': '/home/hzh/ros2_learn/chapt4/chapt4_ws/build/demo_cpp_service', 'catkin_cmake_args': None, 'catkin_skip_building_tests': False, 'cmake_args': None, 'cmake_clean_cache': False, 'cmake_clean_first': False, 'cmake_force_configure': False, 'cmake_target': None, 'cmake_target_skip_unavailable': False, 'install_base': '/home/hzh/ros2_learn/chapt4/chapt4_ws/install/demo_cpp_service', 'merge_install': False, 'path': '/home/hzh/ros2_learn/chapt4/chapt4_ws/src/demo_cpp_service', 'symlink_install': False, 'test_result_base': None}
[0.409s] Level 5:colcon.colcon_core.verb:set package 'demo_python_service' build argument 'cmake_args' from command line to 'None'
[0.409s] Level 5:colcon.colcon_core.verb:set package 'demo_python_service' build argument 'cmake_target' from command line to 'None'
[0.409s] Level 5:colcon.colcon_core.verb:set package 'demo_python_service' build argument 'cmake_target_skip_unavailable' from command line to 'False'
[0.409s] Level 5:colcon.colcon_core.verb:set package 'demo_python_service' build argument 'cmake_clean_cache' from command line to 'False'
[0.409s] Level 5:colcon.colcon_core.verb:set package 'demo_python_service' build argument 'cmake_clean_first' from command line to 'False'
[0.409s] Level 5:colcon.colcon_core.verb:set package 'demo_python_service' build argument 'cmake_force_configure' from command line to 'False'
[0.409s] Level 5:colcon.colcon_core.verb:set package 'demo_python_service' build argument 'ament_cmake_args' from command line to 'None'
[0.409s] Level 5:colcon.colcon_core.verb:set package 'demo_python_service' build argument 'catkin_cmake_args' from command line to 'None'
[0.409s] Level 5:colcon.colcon_core.verb:set package 'demo_python_service' build argument 'catkin_skip_building_tests' from command line to 'False'
[0.409s] DEBUG:colcon.colcon_core.verb:Building package 'demo_python_service' with the following arguments: {'ament_cmake_args': None, 'build_base': '/home/hzh/ros2_learn/chapt4/chapt4_ws/build/demo_python_service', 'catkin_cmake_args': None, 'catkin_skip_building_tests': False, 'cmake_args': None, 'cmake_clean_cache': False, 'cmake_clean_first': False, 'cmake_force_configure': False, 'cmake_target': None, 'cmake_target_skip_unavailable': False, 'install_base': '/home/hzh/ros2_learn/chapt4/chapt4_ws/install/demo_python_service', 'merge_install': False, 'path': '/home/hzh/ros2_learn/chapt4/chapt4_ws/src/demo_python_service', 'symlink_install': False, 'test_result_base': None}
[0.409s] INFO:colcon.colcon_core.executor:Executing jobs using 'parallel' executor
[0.411s] DEBUG:colcon.colcon_parallel_executor.executor.parallel:run_until_complete
[0.412s] INFO:colcon.colcon_ros.task.ament_cmake.build:Building ROS package in '/home/hzh/ros2_learn/chapt4/chapt4_ws/src/chapt4_interfaces' with build type 'ament_cmake'
[0.412s] INFO:colcon.colcon_cmake.task.cmake.build:Building CMake package in '/home/hzh/ros2_learn/chapt4/chapt4_ws/src/chapt4_interfaces'
[0.415s] INFO:colcon.colcon_core.plugin_system:Skipping extension 'colcon_core.shell.bat': Not used on non-Windows systems
[0.415s] INFO:colcon.colcon_core.shell:Skip shell extension 'powershell' for command environment: Not usable outside of PowerShell
[0.415s] DEBUG:colcon.colcon_core.shell:Skip shell extension 'dsv' for command environment
[0.435s] DEBUG:colcon.colcon_core.event_handler.log_command:Invoking command in '/home/hzh/ros2_learn/chapt4/chapt4_ws/build/chapt4_interfaces': CMAKE_PREFIX_PATH=${CMAKE_PREFIX_PATH}:/home/hzh/ros2_learn/chapt4/chapt4_ws/install/demo_python_service:/opt/ros/humble /usr/bin/cmake --build /home/hzh/ros2_learn/chapt4/chapt4_ws/build/chapt4_interfaces -- -j4 -l4
[1.004s] DEBUG:colcon.colcon_core.event_handler.log_command:Invoked command in '/home/hzh/ros2_learn/chapt4/chapt4_ws/build/chapt4_interfaces' returned '0': CMAKE_PREFIX_PATH=${CMAKE_PREFIX_PATH}:/home/hzh/ros2_learn/chapt4/chapt4_ws/install/demo_python_service:/opt/ros/humble /usr/bin/cmake --build /home/hzh/ros2_learn/chapt4/chapt4_ws/build/chapt4_interfaces -- -j4 -l4
[1.019s] DEBUG:colcon.colcon_core.event_handler.log_command:Invoking command in '/home/hzh/ros2_learn/chapt4/chapt4_ws/build/chapt4_interfaces': CMAKE_PREFIX_PATH=${CMAKE_PREFIX_PATH}:/home/hzh/ros2_learn/chapt4/chapt4_ws/install/demo_python_service:/opt/ros/humble /usr/bin/cmake --install /home/hzh/ros2_learn/chapt4/chapt4_ws/build/chapt4_interfaces
[1.104s] Level 1:colcon.colcon_core.environment:create_environment_scripts_only(chapt4_interfaces)
[1.105s] DEBUG:colcon.colcon_core.event_handler.log_command:Invoked command in '/home/hzh/ros2_learn/chapt4/chapt4_ws/build/chapt4_interfaces' returned '0': CMAKE_PREFIX_PATH=${CMAKE_PREFIX_PATH}:/home/hzh/ros2_learn/chapt4/chapt4_ws/install/demo_python_service:/opt/ros/humble /usr/bin/cmake --install /home/hzh/ros2_learn/chapt4/chapt4_ws/build/chapt4_interfaces
[1.107s] Level 1:colcon.colcon_core.environment:checking '/home/hzh/ros2_learn/chapt4/chapt4_ws/install/chapt4_interfaces' for CMake module files
[1.108s] Level 1:colcon.colcon_core.environment:checking '/home/hzh/ros2_learn/chapt4/chapt4_ws/install/chapt4_interfaces' for CMake config files
[1.108s] Level 1:colcon.colcon_core.shell:create_environment_hook('chapt4_interfaces', 'cmake_prefix_path')
[1.109s] INFO:colcon.colcon_core.shell:Creating environment hook '/home/hzh/ros2_learn/chapt4/chapt4_ws/install/chapt4_interfaces/share/chapt4_interfaces/hook/cmake_prefix_path.ps1'
[1.110s] INFO:colcon.colcon_core.shell:Creating environment descriptor '/home/hzh/ros2_learn/chapt4/chapt4_ws/install/chapt4_interfaces/share/chapt4_interfaces/hook/cmake_prefix_path.dsv'
[1.111s] INFO:colcon.colcon_core.shell:Creating environment hook '/home/hzh/ros2_learn/chapt4/chapt4_ws/install/chapt4_interfaces/share/chapt4_interfaces/hook/cmake_prefix_path.sh'
[1.112s] Level 1:colcon.colcon_core.environment:checking '/home/hzh/ros2_learn/chapt4/chapt4_ws/install/chapt4_interfaces/lib'
[1.113s] Level 1:colcon.colcon_core.shell:create_environment_hook('chapt4_interfaces', 'ld_library_path_lib')
[1.113s] INFO:colcon.colcon_core.shell:Creating environment hook '/home/hzh/ros2_learn/chapt4/chapt4_ws/install/chapt4_interfaces/share/chapt4_interfaces/hook/ld_library_path_lib.ps1'
[1.114s] INFO:colcon.colcon_core.shell:Creating environment descriptor '/home/hzh/ros2_learn/chapt4/chapt4_ws/install/chapt4_interfaces/share/chapt4_interfaces/hook/ld_library_path_lib.dsv'
[1.116s] INFO:colcon.colcon_core.shell:Creating environment hook '/home/hzh/ros2_learn/chapt4/chapt4_ws/install/chapt4_interfaces/share/chapt4_interfaces/hook/ld_library_path_lib.sh'
[1.117s] Level 1:colcon.colcon_core.environment:checking '/home/hzh/ros2_learn/chapt4/chapt4_ws/install/chapt4_interfaces/bin'
[1.117s] Level 1:colcon.colcon_core.environment:checking '/home/hzh/ros2_learn/chapt4/chapt4_ws/install/chapt4_interfaces/lib/pkgconfig/chapt4_interfaces.pc'
[1.118s] Level 1:colcon.colcon_core.environment:checking '/home/hzh/ros2_learn/chapt4/chapt4_ws/install/chapt4_interfaces/lib/python3.10/site-packages'
[1.118s] Level 1:colcon.colcon_core.environment:checking '/home/hzh/ros2_learn/chapt4/chapt4_ws/install/chapt4_interfaces/bin'
[1.118s] INFO:colcon.colcon_core.shell:Creating package script '/home/hzh/ros2_learn/chapt4/chapt4_ws/install/chapt4_interfaces/share/chapt4_interfaces/package.ps1'
[1.120s] INFO:colcon.colcon_core.shell:Creating package descriptor '/home/hzh/ros2_learn/chapt4/chapt4_ws/install/chapt4_interfaces/share/chapt4_interfaces/package.dsv'
[1.122s] INFO:colcon.colcon_core.shell:Creating package script '/home/hzh/ros2_learn/chapt4/chapt4_ws/install/chapt4_interfaces/share/chapt4_interfaces/package.sh'
[1.124s] INFO:colcon.colcon_core.shell:Creating package script '/home/hzh/ros2_learn/chapt4/chapt4_ws/install/chapt4_interfaces/share/chapt4_interfaces/package.bash'
[1.125s] INFO:colcon.colcon_core.shell:Creating package script '/home/hzh/ros2_learn/chapt4/chapt4_ws/install/chapt4_interfaces/share/chapt4_interfaces/package.zsh'
[1.128s] Level 1:colcon.colcon_core.environment:create_file_with_runtime_dependencies(/home/hzh/ros2_learn/chapt4/chapt4_ws/install/chapt4_interfaces/share/colcon-core/packages/chapt4_interfaces)
[1.129s] Level 1:colcon.colcon_core.environment:create_environment_scripts_only(chapt4_interfaces)
[1.130s] Level 1:colcon.colcon_core.environment:checking '/home/hzh/ros2_learn/chapt4/chapt4_ws/install/chapt4_interfaces' for CMake module files
[1.131s] Level 1:colcon.colcon_core.environment:checking '/home/hzh/ros2_learn/chapt4/chapt4_ws/install/chapt4_interfaces' for CMake config files
[1.131s] Level 1:colcon.colcon_core.shell:create_environment_hook('chapt4_interfaces', 'cmake_prefix_path')
[1.132s] INFO:colcon.colcon_core.shell:Creating environment hook '/home/hzh/ros2_learn/chapt4/chapt4_ws/install/chapt4_interfaces/share/chapt4_interfaces/hook/cmake_prefix_path.ps1'
[1.134s] INFO:colcon.colcon_core.shell:Creating environment descriptor '/home/hzh/ros2_learn/chapt4/chapt4_ws/install/chapt4_interfaces/share/chapt4_interfaces/hook/cmake_prefix_path.dsv'
[1.135s] INFO:colcon.colcon_core.shell:Creating environment hook '/home/hzh/ros2_learn/chapt4/chapt4_ws/install/chapt4_interfaces/share/chapt4_interfaces/hook/cmake_prefix_path.sh'
[1.138s] Level 1:colcon.colcon_core.environment:checking '/home/hzh/ros2_learn/chapt4/chapt4_ws/install/chapt4_interfaces/lib'
[1.138s] Level 1:colcon.colcon_core.shell:create_environment_hook('chapt4_interfaces', 'ld_library_path_lib')
[1.138s] INFO:colcon.colcon_core.shell:Creating environment hook '/home/hzh/ros2_learn/chapt4/chapt4_ws/install/chapt4_interfaces/share/chapt4_interfaces/hook/ld_library_path_lib.ps1'
[1.139s] INFO:colcon.colcon_core.shell:Creating environment descriptor '/home/hzh/ros2_learn/chapt4/chapt4_ws/install/chapt4_interfaces/share/chapt4_interfaces/hook/ld_library_path_lib.dsv'
[1.140s] INFO:colcon.colcon_core.shell:Creating environment hook '/home/hzh/ros2_learn/chapt4/chapt4_ws/install/chapt4_interfaces/share/chapt4_interfaces/hook/ld_library_path_lib.sh'
[1.141s] Level 1:colcon.colcon_core.environment:checking '/home/hzh/ros2_learn/chapt4/chapt4_ws/install/chapt4_interfaces/bin'
[1.141s] Level 1:colcon.colcon_core.environment:checking '/home/hzh/ros2_learn/chapt4/chapt4_ws/install/chapt4_interfaces/lib/pkgconfig/chapt4_interfaces.pc'
[1.142s] Level 1:colcon.colcon_core.environment:checking '/home/hzh/ros2_learn/chapt4/chapt4_ws/install/chapt4_interfaces/lib/python3.10/site-packages'
[1.142s] Level 1:colcon.colcon_core.environment:checking '/home/hzh/ros2_learn/chapt4/chapt4_ws/install/chapt4_interfaces/bin'
[1.143s] INFO:colcon.colcon_core.shell:Creating package script '/home/hzh/ros2_learn/chapt4/chapt4_ws/install/chapt4_interfaces/share/chapt4_interfaces/package.ps1'
[1.144s] INFO:colcon.colcon_core.shell:Creating package descriptor '/home/hzh/ros2_learn/chapt4/chapt4_ws/install/chapt4_interfaces/share/chapt4_interfaces/package.dsv'
[1.145s] INFO:colcon.colcon_core.shell:Creating package script '/home/hzh/ros2_learn/chapt4/chapt4_ws/install/chapt4_interfaces/share/chapt4_interfaces/package.sh'
[1.147s] INFO:colcon.colcon_core.shell:Creating package script '/home/hzh/ros2_learn/chapt4/chapt4_ws/install/chapt4_interfaces/share/chapt4_interfaces/package.bash'
[1.149s] INFO:colcon.colcon_core.shell:Creating package script '/home/hzh/ros2_learn/chapt4/chapt4_ws/install/chapt4_interfaces/share/chapt4_interfaces/package.zsh'
[1.151s] Level 1:colcon.colcon_core.environment:create_file_with_runtime_dependencies(/home/hzh/ros2_learn/chapt4/chapt4_ws/install/chapt4_interfaces/share/colcon-core/packages/chapt4_interfaces)
[1.152s] INFO:colcon.colcon_ros.task.ament_cmake.build:Building ROS package in '/home/hzh/ros2_learn/chapt4/chapt4_ws/src/demo_cpp_service' with build type 'ament_cmake'
[1.153s] INFO:colcon.colcon_cmake.task.cmake.build:Building CMake package in '/home/hzh/ros2_learn/chapt4/chapt4_ws/src/demo_cpp_service'
[1.153s] INFO:colcon.colcon_core.shell:Skip shell extension 'powershell' for command environment: Not usable outside of PowerShell
[1.153s] DEBUG:colcon.colcon_core.shell:Skip shell extension 'dsv' for command environment
[1.161s] INFO:colcon.colcon_ros.task.ament_python.build:Building ROS package in '/home/hzh/ros2_learn/chapt4/chapt4_ws/src/demo_python_service' with build type 'ament_python'
[1.161s] Level 1:colcon.colcon_core.shell:create_environment_hook('demo_python_service', 'ament_prefix_path')
[1.161s] INFO:colcon.colcon_core.shell:Creating environment hook '/home/hzh/ros2_learn/chapt4/chapt4_ws/install/demo_python_service/share/demo_python_service/hook/ament_prefix_path.ps1'
[1.164s] INFO:colcon.colcon_core.shell:Creating environment descriptor '/home/hzh/ros2_learn/chapt4/chapt4_ws/install/demo_python_service/share/demo_python_service/hook/ament_prefix_path.dsv'
[1.165s] INFO:colcon.colcon_core.shell:Creating environment hook '/home/hzh/ros2_learn/chapt4/chapt4_ws/install/demo_python_service/share/demo_python_service/hook/ament_prefix_path.sh'
[1.167s] INFO:colcon.colcon_core.shell:Skip shell extension 'powershell' for command environment: Not usable outside of PowerShell
[1.167s] DEBUG:colcon.colcon_core.shell:Skip shell extension 'dsv' for command environment
[1.187s] DEBUG:colcon.colcon_core.event_handler.log_command:Invoking command in '/home/hzh/ros2_learn/chapt4/chapt4_ws/build/demo_cpp_service': CMAKE_PREFIX_PATH=/home/hzh/ros2_learn/chapt4/chapt4_ws/install/chapt4_interfaces:/home/hzh/ros2_learn/chapt4/chapt4_ws/install/demo_cpp_service:/home/hzh/ros2_learn/chapt4/chapt4_ws/install/demo_python_service:/opt/ros/humble /usr/bin/cmake --build /home/hzh/ros2_learn/chapt4/chapt4_ws/build/demo_cpp_service -- -j4 -l4
[1.500s] INFO:colcon.colcon_core.task.python.build:Building Python package in '/home/hzh/ros2_learn/chapt4/chapt4_ws/src/demo_python_service'
[1.501s] INFO:colcon.colcon_core.shell:Skip shell extension 'powershell' for command environment: Not usable outside of PowerShell
[1.501s] DEBUG:colcon.colcon_core.shell:Skip shell extension 'dsv' for command environment
[1.509s] DEBUG:colcon.colcon_core.event_handler.log_command:Invoked command in '/home/hzh/ros2_learn/chapt4/chapt4_ws/build/demo_cpp_service' returned '0': CMAKE_PREFIX_PATH=/home/hzh/ros2_learn/chapt4/chapt4_ws/install/chapt4_interfaces:/home/hzh/ros2_learn/chapt4/chapt4_ws/install/demo_cpp_service:/home/hzh/ros2_learn/chapt4/chapt4_ws/install/demo_python_service:/opt/ros/humble /usr/bin/cmake --build /home/hzh/ros2_learn/chapt4/chapt4_ws/build/demo_cpp_service -- -j4 -l4
[1.510s] DEBUG:colcon.colcon_core.event_handler.log_command:Invoking command in '/home/hzh/ros2_learn/chapt4/chapt4_ws/build/demo_cpp_service': CMAKE_PREFIX_PATH=/home/hzh/ros2_learn/chapt4/chapt4_ws/install/chapt4_interfaces:/home/hzh/ros2_learn/chapt4/chapt4_ws/install/demo_cpp_service:/home/hzh/ros2_learn/chapt4/chapt4_ws/install/demo_python_service:/opt/ros/humble /usr/bin/cmake --install /home/hzh/ros2_learn/chapt4/chapt4_ws/build/demo_cpp_service
[1.527s] Level 1:colcon.colcon_core.environment:create_environment_scripts_only(demo_cpp_service)
[1.527s] Level 1:colcon.colcon_core.environment:checking '/home/hzh/ros2_learn/chapt4/chapt4_ws/install/demo_cpp_service' for CMake module files
[1.529s] DEBUG:colcon.colcon_core.event_handler.log_command:Invoked command in '/home/hzh/ros2_learn/chapt4/chapt4_ws/build/demo_cpp_service' returned '0': CMAKE_PREFIX_PATH=/home/hzh/ros2_learn/chapt4/chapt4_ws/install/chapt4_interfaces:/home/hzh/ros2_learn/chapt4/chapt4_ws/install/demo_cpp_service:/home/hzh/ros2_learn/chapt4/chapt4_ws/install/demo_python_service:/opt/ros/humble /usr/bin/cmake --install /home/hzh/ros2_learn/chapt4/chapt4_ws/build/demo_cpp_service
[1.530s] Level 1:colcon.colcon_core.environment:checking '/home/hzh/ros2_learn/chapt4/chapt4_ws/install/demo_cpp_service' for CMake config files
[1.530s] Level 1:colcon.colcon_core.shell:create_environment_hook('demo_cpp_service', 'cmake_prefix_path')
[1.531s] INFO:colcon.colcon_core.shell:Creating environment hook '/home/hzh/ros2_learn/chapt4/chapt4_ws/install/demo_cpp_service/share/demo_cpp_service/hook/cmake_prefix_path.ps1'
[1.531s] INFO:colcon.colcon_core.shell:Creating environment descriptor '/home/hzh/ros2_learn/chapt4/chapt4_ws/install/demo_cpp_service/share/demo_cpp_service/hook/cmake_prefix_path.dsv'
[1.532s] INFO:colcon.colcon_core.shell:Creating environment hook '/home/hzh/ros2_learn/chapt4/chapt4_ws/install/demo_cpp_service/share/demo_cpp_service/hook/cmake_prefix_path.sh'
[1.533s] Level 1:colcon.colcon_core.environment:checking '/home/hzh/ros2_learn/chapt4/chapt4_ws/install/demo_cpp_service/lib'
[1.534s] Level 1:colcon.colcon_core.environment:checking '/home/hzh/ros2_learn/chapt4/chapt4_ws/install/demo_cpp_service/bin'
[1.534s] Level 1:colcon.colcon_core.environment:checking '/home/hzh/ros2_learn/chapt4/chapt4_ws/install/demo_cpp_service/lib/pkgconfig/demo_cpp_service.pc'
[1.534s] Level 1:colcon.colcon_core.environment:checking '/home/hzh/ros2_learn/chapt4/chapt4_ws/install/demo_cpp_service/lib/python3.10/site-packages'
[1.534s] Level 1:colcon.colcon_core.environment:checking '/home/hzh/ros2_learn/chapt4/chapt4_ws/install/demo_cpp_service/bin'
[1.535s] INFO:colcon.colcon_core.shell:Creating package script '/home/hzh/ros2_learn/chapt4/chapt4_ws/install/demo_cpp_service/share/demo_cpp_service/package.ps1'
[1.536s] INFO:colcon.colcon_core.shell:Creating package descriptor '/home/hzh/ros2_learn/chapt4/chapt4_ws/install/demo_cpp_service/share/demo_cpp_service/package.dsv'
[1.537s] INFO:colcon.colcon_core.shell:Creating package script '/home/hzh/ros2_learn/chapt4/chapt4_ws/install/demo_cpp_service/share/demo_cpp_service/package.sh'
[1.538s] INFO:colcon.colcon_core.shell:Creating package script '/home/hzh/ros2_learn/chapt4/chapt4_ws/install/demo_cpp_service/share/demo_cpp_service/package.bash'
[1.540s] INFO:colcon.colcon_core.shell:Creating package script '/home/hzh/ros2_learn/chapt4/chapt4_ws/install/demo_cpp_service/share/demo_cpp_service/package.zsh'
[1.541s] Level 1:colcon.colcon_core.environment:create_file_with_runtime_dependencies(/home/hzh/ros2_learn/chapt4/chapt4_ws/install/demo_cpp_service/share/colcon-core/packages/demo_cpp_service)
[1.542s] Level 1:colcon.colcon_core.environment:create_environment_scripts_only(demo_cpp_service)
[1.542s] Level 1:colcon.colcon_core.environment:checking '/home/hzh/ros2_learn/chapt4/chapt4_ws/install/demo_cpp_service' for CMake module files
[1.543s] Level 1:colcon.colcon_core.environment:checking '/home/hzh/ros2_learn/chapt4/chapt4_ws/install/demo_cpp_service' for CMake config files
[1.543s] Level 1:colcon.colcon_core.shell:create_environment_hook('demo_cpp_service', 'cmake_prefix_path')
[1.543s] INFO:colcon.colcon_core.shell:Creating environment hook '/home/hzh/ros2_learn/chapt4/chapt4_ws/install/demo_cpp_service/share/demo_cpp_service/hook/cmake_prefix_path.ps1'
[1.544s] INFO:colcon.colcon_core.shell:Creating environment descriptor '/home/hzh/ros2_learn/chapt4/chapt4_ws/install/demo_cpp_service/share/demo_cpp_service/hook/cmake_prefix_path.dsv'
[1.546s] INFO:colcon.colcon_core.shell:Creating environment hook '/home/hzh/ros2_learn/chapt4/chapt4_ws/install/demo_cpp_service/share/demo_cpp_service/hook/cmake_prefix_path.sh'
[1.547s] Level 1:colcon.colcon_core.environment:checking '/home/hzh/ros2_learn/chapt4/chapt4_ws/install/demo_cpp_service/lib'
[1.547s] Level 1:colcon.colcon_core.environment:checking '/home/hzh/ros2_learn/chapt4/chapt4_ws/install/demo_cpp_service/bin'
[1.547s] Level 1:colcon.colcon_core.environment:checking '/home/hzh/ros2_learn/chapt4/chapt4_ws/install/demo_cpp_service/lib/pkgconfig/demo_cpp_service.pc'
[1.547s] Level 1:colcon.colcon_core.environment:checking '/home/hzh/ros2_learn/chapt4/chapt4_ws/install/demo_cpp_service/lib/python3.10/site-packages'
[1.548s] Level 1:colcon.colcon_core.environment:checking '/home/hzh/ros2_learn/chapt4/chapt4_ws/install/demo_cpp_service/bin'
[1.548s] INFO:colcon.colcon_core.shell:Creating package script '/home/hzh/ros2_learn/chapt4/chapt4_ws/install/demo_cpp_service/share/demo_cpp_service/package.ps1'
[1.549s] INFO:colcon.colcon_core.shell:Creating package descriptor '/home/hzh/ros2_learn/chapt4/chapt4_ws/install/demo_cpp_service/share/demo_cpp_service/package.dsv'
[1.550s] INFO:colcon.colcon_core.shell:Creating package script '/home/hzh/ros2_learn/chapt4/chapt4_ws/install/demo_cpp_service/share/demo_cpp_service/package.sh'
[1.551s] INFO:colcon.colcon_core.shell:Creating package script '/home/hzh/ros2_learn/chapt4/chapt4_ws/install/demo_cpp_service/share/demo_cpp_service/package.bash'
[1.552s] INFO:colcon.colcon_core.shell:Creating package script '/home/hzh/ros2_learn/chapt4/chapt4_ws/install/demo_cpp_service/share/demo_cpp_service/package.zsh'
[1.554s] Level 1:colcon.colcon_core.environment:create_file_with_runtime_dependencies(/home/hzh/ros2_learn/chapt4/chapt4_ws/install/demo_cpp_service/share/colcon-core/packages/demo_cpp_service)
[1.920s] DEBUG:colcon.colcon_core.event_handler.log_command:Invoking command in '/home/hzh/ros2_learn/chapt4/chapt4_ws/src/demo_python_service': CMAKE_PREFIX_PATH=/home/hzh/ros2_learn/chapt4/chapt4_ws/install/chapt4_interfaces:/home/hzh/ros2_learn/chapt4/chapt4_ws/install/demo_cpp_service PYTHONPATH=/home/hzh/ros2_learn/chapt4/chapt4_ws/build/demo_python_service/prefix_override:/usr/lib/python3/dist-packages/colcon_core/task/python/colcon_distutils_commands:/home/hzh/ros2_learn/chapt4/chapt4_ws/install/demo_python_service/lib/python3.10/site-packages:${PYTHONPATH} /usr/bin/python3 -W ignore:setup.py install is deprecated -W ignore:easy_install command is deprecated setup.py egg_info --egg-base ../../build/demo_python_service build --build-base /home/hzh/ros2_learn/chapt4/chapt4_ws/build/demo_python_service/build install --record /home/hzh/ros2_learn/chapt4/chapt4_ws/build/demo_python_service/install.log --single-version-externally-managed install_data
[2.307s] Level 1:colcon.colcon_core.environment:checking '/home/hzh/ros2_learn/chapt4/chapt4_ws/install/demo_python_service' for CMake module files
[2.310s] Level 1:colcon.colcon_core.environment:checking '/home/hzh/ros2_learn/chapt4/chapt4_ws/install/demo_python_service' for CMake config files
[2.310s] Level 1:colcon.colcon_core.environment:checking '/home/hzh/ros2_learn/chapt4/chapt4_ws/install/demo_python_service/lib'
[2.311s] Level 1:colcon.colcon_core.environment:checking '/home/hzh/ros2_learn/chapt4/chapt4_ws/install/demo_python_service/bin'
[2.311s] Level 1:colcon.colcon_core.environment:checking '/home/hzh/ros2_learn/chapt4/chapt4_ws/install/demo_python_service/lib/pkgconfig/demo_python_service.pc'
[2.309s] DEBUG:colcon.colcon_core.event_handler.log_command:Invoked command in '/home/hzh/ros2_learn/chapt4/chapt4_ws/src/demo_python_service' returned '0': CMAKE_PREFIX_PATH=/home/hzh/ros2_learn/chapt4/chapt4_ws/install/chapt4_interfaces:/home/hzh/ros2_learn/chapt4/chapt4_ws/install/demo_cpp_service PYTHONPATH=/home/hzh/ros2_learn/chapt4/chapt4_ws/build/demo_python_service/prefix_override:/usr/lib/python3/dist-packages/colcon_core/task/python/colcon_distutils_commands:/home/hzh/ros2_learn/chapt4/chapt4_ws/install/demo_python_service/lib/python3.10/site-packages:${PYTHONPATH} /usr/bin/python3 -W ignore:setup.py install is deprecated -W ignore:easy_install command is deprecated setup.py egg_info --egg-base ../../build/demo_python_service build --build-base /home/hzh/ros2_learn/chapt4/chapt4_ws/build/demo_python_service/build install --record /home/hzh/ros2_learn/chapt4/chapt4_ws/build/demo_python_service/install.log --single-version-externally-managed install_data
[2.311s] Level 1:colcon.colcon_core.environment:checking '/home/hzh/ros2_learn/chapt4/chapt4_ws/install/demo_python_service/lib/python3.10/site-packages'
[2.311s] Level 1:colcon.colcon_core.shell:create_environment_hook('demo_python_service', 'pythonpath')
[2.311s] INFO:colcon.colcon_core.shell:Creating environment hook '/home/hzh/ros2_learn/chapt4/chapt4_ws/install/demo_python_service/share/demo_python_service/hook/pythonpath.ps1'
[2.312s] INFO:colcon.colcon_core.shell:Creating environment descriptor '/home/hzh/ros2_learn/chapt4/chapt4_ws/install/demo_python_service/share/demo_python_service/hook/pythonpath.dsv'
[2.313s] INFO:colcon.colcon_core.shell:Creating environment hook '/home/hzh/ros2_learn/chapt4/chapt4_ws/install/demo_python_service/share/demo_python_service/hook/pythonpath.sh'
[2.315s] Level 1:colcon.colcon_core.environment:checking '/home/hzh/ros2_learn/chapt4/chapt4_ws/install/demo_python_service/bin'
[2.315s] Level 1:colcon.colcon_core.environment:create_environment_scripts_only(demo_python_service)
[2.316s] INFO:colcon.colcon_core.shell:Creating package script '/home/hzh/ros2_learn/chapt4/chapt4_ws/install/demo_python_service/share/demo_python_service/package.ps1'
[2.317s] INFO:colcon.colcon_core.shell:Creating package descriptor '/home/hzh/ros2_learn/chapt4/chapt4_ws/install/demo_python_service/share/demo_python_service/package.dsv'
[2.318s] INFO:colcon.colcon_core.shell:Creating package script '/home/hzh/ros2_learn/chapt4/chapt4_ws/install/demo_python_service/share/demo_python_service/package.sh'
[2.319s] INFO:colcon.colcon_core.shell:Creating package script '/home/hzh/ros2_learn/chapt4/chapt4_ws/install/demo_python_service/share/demo_python_service/package.bash'
[2.320s] INFO:colcon.colcon_core.shell:Creating package script '/home/hzh/ros2_learn/chapt4/chapt4_ws/install/demo_python_service/share/demo_python_service/package.zsh'
[2.321s] Level 1:colcon.colcon_core.environment:create_file_with_runtime_dependencies(/home/hzh/ros2_learn/chapt4/chapt4_ws/install/demo_python_service/share/colcon-core/packages/demo_python_service)
[2.324s] DEBUG:colcon.colcon_parallel_executor.executor.parallel:closing loop
[2.324s] DEBUG:colcon.colcon_parallel_executor.executor.parallel:loop closed
[2.324s] DEBUG:colcon.colcon_parallel_executor.executor.parallel:run_until_complete finished with '0'
[2.324s] DEBUG:colcon.colcon_core.event_reactor:joining thread
[2.331s] INFO:colcon.colcon_core.plugin_system:Skipping extension 'colcon_notification.desktop_notification.terminal_notifier': Not used on non-Darwin systems
[2.332s] INFO:colcon.colcon_core.plugin_system:Skipping extension 'colcon_notification.desktop_notification.win32': Not used on non-Windows systems
[2.332s] INFO:colcon.colcon_notification.desktop_notification:Sending desktop notification using 'notify2'
[2.361s] DEBUG:colcon.colcon_core.event_reactor:joined thread
[2.362s] INFO:colcon.colcon_core.shell:Creating prefix script '/home/hzh/ros2_learn/chapt4/chapt4_ws/install/local_setup.ps1'
[2.364s] INFO:colcon.colcon_core.shell:Creating prefix util module '/home/hzh/ros2_learn/chapt4/chapt4_ws/install/_local_setup_util_ps1.py'
[2.367s] INFO:colcon.colcon_core.shell:Creating prefix chain script '/home/hzh/ros2_learn/chapt4/chapt4_ws/install/setup.ps1'
[2.370s] INFO:colcon.colcon_core.shell:Creating prefix script '/home/hzh/ros2_learn/chapt4/chapt4_ws/install/local_setup.sh'
[2.372s] INFO:colcon.colcon_core.shell:Creating prefix util module '/home/hzh/ros2_learn/chapt4/chapt4_ws/install/_local_setup_util_sh.py'
[2.373s] INFO:colcon.colcon_core.shell:Creating prefix chain script '/home/hzh/ros2_learn/chapt4/chapt4_ws/install/setup.sh'
[2.375s] INFO:colcon.colcon_core.shell:Creating prefix script '/home/hzh/ros2_learn/chapt4/chapt4_ws/install/local_setup.bash'
[2.376s] INFO:colcon.colcon_core.shell:Creating prefix chain script '/home/hzh/ros2_learn/chapt4/chapt4_ws/install/setup.bash'
[2.378s] INFO:colcon.colcon_core.shell:Creating prefix script '/home/hzh/ros2_learn/chapt4/chapt4_ws/install/local_setup.zsh'
[2.379s] INFO:colcon.colcon_core.shell:Creating prefix chain script '/home/hzh/ros2_learn/chapt4/chapt4_ws/install/setup.zsh'
