[0.022s] Invoking command in '/home/hzh/chapt2/chapt2_ws/build/demo_cpp_pkg': CMAKE_PREFIX_PATH=${CMAKE_PREFIX_PATH}:/home/hzh/chapt2/chapt2_ws/install/demo_python_pkg:/opt/ros/humble /usr/bin/cmake --build /home/hzh/chapt2/chapt2_ws/build/demo_cpp_pkg -- -j4 -l4
[0.063s] -- Found ament_cmake: 1.3.14 (/opt/ros/humble/share/ament_cmake/cmake)
[0.301s] -- Found rclcpp: 16.0.19 (/opt/ros/humble/share/rclcpp/cmake)
[0.339s] -- Found rosidl_generator_c: 3.1.8 (/opt/ros/humble/share/rosidl_generator_c/cmake)
[0.341s] -- Found rosidl_adapter: 3.1.8 (/opt/ros/humble/share/rosidl_adapter/cmake)
[0.352s] -- Found rosidl_generator_cpp: 3.1.8 (/opt/ros/humble/share/rosidl_generator_cpp/cmake)
[0.370s] -- Using all available rosidl_typesupport_c: rosidl_typesupport_fastrtps_c;rosidl_typesupport_introspection_c
[0.385s] -- Using all available rosidl_typesupport_cpp: rosidl_typesupport_fastrtps_cpp;rosidl_typesupport_introspection_cpp
[0.426s] -- Found rmw_implementation_cmake: 6.1.2 (/opt/ros/humble/share/rmw_implementation_cmake/cmake)
[0.428s] -- Found rmw_fastrtps_cpp: 6.2.10 (/opt/ros/humble/share/rmw_fastrtps_cpp/cmake)
[0.580s] -- Using RMW implementation 'rmw_fastrtps_cpp' as default
[0.642s] -- Found ament_lint_auto: 0.12.15 (/opt/ros/humble/share/ament_lint_auto/cmake)
[0.745s] -- Added test 'cppcheck' to perform static code analysis on C / C++ code
[0.745s] -- Configured cppcheck include dirs: 
[0.745s] -- Configured cppcheck exclude dirs and/or files: 
[0.747s] -- Added test 'lint_cmake' to check CMake code style
[0.756s] -- Added test 'uncrustify' to check C / C++ code style
[0.756s] -- Configured uncrustify additional arguments: 
[0.758s] -- Added test 'xmllint' to check XML markup files
[0.758s] -- Configuring done
[0.788s] -- Generating done
[0.798s] -- Build files have been written to: /home/hzh/chapt2/chapt2_ws/build/demo_cpp_pkg
[0.849s] [35m[1mConsolidate compiler generated dependencies of target cpp_node[0m
[0.881s] [ 50%] Built target cpp_node
[0.887s] [ 75%] [32mBuilding CXX object CMakeFiles/person_node.dir/src/person_node.cpp.o[0m
[4.423s] [01m[K/home/hzh/chapt2/chapt2_ws/src/demo_cpp_pkg/src/person_node.cpp:25:5:[m[K [01;31m[Kerror: [m[Kcannot declare ‘[01m[K::main[m[K’ to be a global variable
[4.424s]    25 | int [01;31m[Kmain[m[K(argc,char** argv)
[4.424s]       |     [01;31m[K^~~~[m[K
[4.428s] [01m[K/home/hzh/chapt2/chapt2_ws/src/demo_cpp_pkg/src/person_node.cpp:25:10:[m[K [01;31m[Kerror: [m[K‘[01m[Kargc[m[K’ was not declared in this scope
[4.429s]    25 | int main([01;31m[Kargc[m[K,char** argv)
[4.429s]       |          [01;31m[K^~~~[m[K
[4.430s] [01m[K/home/hzh/chapt2/chapt2_ws/src/demo_cpp_pkg/src/person_node.cpp:25:15:[m[K [01;31m[Kerror: [m[Kexpected primary-expression before ‘[01m[Kchar[m[K’
[4.430s]    25 | int main(argc,[01;31m[Kchar[m[K** argv)
[4.430s]       |               [01;31m[K^~~~[m[K
[4.430s] [01m[K/home/hzh/chapt2/chapt2_ws/src/demo_cpp_pkg/src/person_node.cpp:25:26:[m[K [01;31m[Kerror: [m[Kexpression list treated as compound expression in initializer [[01;31m[K]8;;https://gcc.gnu.org/onlinedocs/gcc/Warning-Options.html#index-fpermissive-fpermissive]8;;[m[K]
[4.431s]    25 | int main(argc,char** argv[01;31m[K)[m[K
[4.431s]       |                          [01;31m[K^[m[K
[5.067s] gmake[2]: *** [CMakeFiles/person_node.dir/build.make:76：CMakeFiles/person_node.dir/src/person_node.cpp.o] 错误 1
[5.072s] gmake[1]: *** [CMakeFiles/Makefile2:165：CMakeFiles/person_node.dir/all] 错误 2
[5.072s] gmake: *** [Makefile:146：all] 错误 2
[5.075s] Invoked command in '/home/hzh/chapt2/chapt2_ws/build/demo_cpp_pkg' returned '2': CMAKE_PREFIX_PATH=${CMAKE_PREFIX_PATH}:/home/hzh/chapt2/chapt2_ws/install/demo_python_pkg:/opt/ros/humble /usr/bin/cmake --build /home/hzh/chapt2/chapt2_ws/build/demo_cpp_pkg -- -j4 -l4
