[ 25%] Built target talker_component
[ 75%] Built target intra_process_pubsub
[100%] Built target listener_component
-- Install configuration: ""
-- Up-to-date: /home/hzh/ros2_learn/chapt10/chapt10_ws/install/learn_compose/lib/learn_compose/intra_process_pubsub
-- Up-to-date: /home/hzh/ros2_learn/chapt10/chapt10_ws/install/learn_compose/lib/libtalker_component.so
-- Up-to-date: /home/hzh/ros2_learn/chapt10/chapt10_ws/install/learn_compose/lib/liblistener_component.so
-- Up-to-date: /home/hzh/ros2_learn/chapt10/chapt10_ws/install/learn_compose/share/ament_index/resource_index/package_run_dependencies/learn_compose
-- Up-to-date: /home/hzh/ros2_learn/chapt10/chapt10_ws/install/learn_compose/share/ament_index/resource_index/parent_prefix_path/learn_compose
-- Up-to-date: /home/hzh/ros2_learn/chapt10/chapt10_ws/install/learn_compose/share/learn_compose/environment/ament_prefix_path.sh
-- Up-to-date: /home/hzh/ros2_learn/chapt10/chapt10_ws/install/learn_compose/share/learn_compose/environment/ament_prefix_path.dsv
-- Up-to-date: /home/hzh/ros2_learn/chapt10/chapt10_ws/install/learn_compose/share/learn_compose/environment/path.sh
-- Up-to-date: /home/hzh/ros2_learn/chapt10/chapt10_ws/install/learn_compose/share/learn_compose/environment/path.dsv
-- Up-to-date: /home/hzh/ros2_learn/chapt10/chapt10_ws/install/learn_compose/share/learn_compose/local_setup.bash
-- Up-to-date: /home/hzh/ros2_learn/chapt10/chapt10_ws/install/learn_compose/share/learn_compose/local_setup.sh
-- Up-to-date: /home/hzh/ros2_learn/chapt10/chapt10_ws/install/learn_compose/share/learn_compose/local_setup.zsh
-- Up-to-date: /home/hzh/ros2_learn/chapt10/chapt10_ws/install/learn_compose/share/learn_compose/local_setup.dsv
-- Installing: /home/hzh/ros2_learn/chapt10/chapt10_ws/install/learn_compose/share/learn_compose/package.dsv
-- Up-to-date: /home/hzh/ros2_learn/chapt10/chapt10_ws/install/learn_compose/share/ament_index/resource_index/packages/learn_compose
-- Up-to-date: /home/hzh/ros2_learn/chapt10/chapt10_ws/install/learn_compose/share/ament_index/resource_index/rclcpp_components/learn_compose
-- Up-to-date: /home/hzh/ros2_learn/chapt10/chapt10_ws/install/learn_compose/share/learn_compose/cmake/learn_composeConfig.cmake
-- Up-to-date: /home/hzh/ros2_learn/chapt10/chapt10_ws/install/learn_compose/share/learn_compose/cmake/learn_composeConfig-version.cmake
-- Up-to-date: /home/hzh/ros2_learn/chapt10/chapt10_ws/install/learn_compose/share/learn_compose/package.xml
