[0.056s] Invoking command in '/home/hzh/ros2_learn/chapt8/chapt8_ws/build/nav2_custom_planner': CMAKE_PREFIX_PATH=/opt/ros/humble /usr/bin/cmake --build /home/hzh/ros2_learn/chapt8/chapt8_ws/build/nav2_custom_planner -- -j4 -l4
[0.275s] [35m[1mConsolidate compiler generated dependencies of target nav2_custom_planner_plugin[0m
[0.385s] [ 50%] [32mBuilding CXX object CMakeFiles/nav2_custom_planner_plugin.dir/src/nav2_custom_planner.cpp.o[0m
[9.372s] [100%] [32m[1mLinking CXX shared library libnav2_custom_planner_plugin.so[0m
[10.157s] [100%] Built target nav2_custom_planner_plugin
[10.185s] Invoked command in '/home/hzh/ros2_learn/chapt8/chapt8_ws/build/nav2_custom_planner' returned '0': CMAKE_PREFIX_PATH=/opt/ros/humble /usr/bin/cmake --build /home/hzh/ros2_learn/chapt8/chapt8_ws/build/nav2_custom_planner -- -j4 -l4
[10.188s] Invoking command in '/home/hzh/ros2_learn/chapt8/chapt8_ws/build/nav2_custom_planner': CMAKE_PREFIX_PATH=/opt/ros/humble /usr/bin/cmake --install /home/hzh/ros2_learn/chapt8/chapt8_ws/build/nav2_custom_planner
[10.200s] -- Install configuration: ""
[10.202s] -- Installing: /home/hzh/ros2_learn/chapt8/chapt8_ws/install/nav2_custom_planner/lib/libnav2_custom_planner_plugin.so
[10.202s] -- Set runtime path of "/home/hzh/ros2_learn/chapt8/chapt8_ws/install/nav2_custom_planner/lib/libnav2_custom_planner_plugin.so" to ""
[10.203s] -- Up-to-date: /home/hzh/ros2_learn/chapt8/chapt8_ws/install/nav2_custom_planner/include/
[10.205s] -- Up-to-date: /home/hzh/ros2_learn/chapt8/chapt8_ws/install/nav2_custom_planner/include//nav2_custom_planner
[10.205s] -- Up-to-date: /home/hzh/ros2_learn/chapt8/chapt8_ws/install/nav2_custom_planner/include//nav2_custom_planner/nav2_custom_planner.hpp
[10.205s] -- Up-to-date: /home/hzh/ros2_learn/chapt8/chapt8_ws/install/nav2_custom_planner/share/nav2_custom_planner/custom_planner_plugin.xml
[10.205s] -- Up-to-date: /home/hzh/ros2_learn/chapt8/chapt8_ws/install/nav2_custom_planner/share/ament_index/resource_index/package_run_dependencies/nav2_custom_planner
[10.205s] -- Up-to-date: /home/hzh/ros2_learn/chapt8/chapt8_ws/install/nav2_custom_planner/share/ament_index/resource_index/parent_prefix_path/nav2_custom_planner
[10.205s] -- Up-to-date: /home/hzh/ros2_learn/chapt8/chapt8_ws/install/nav2_custom_planner/share/nav2_custom_planner/environment/ament_prefix_path.sh
[10.205s] -- Up-to-date: /home/hzh/ros2_learn/chapt8/chapt8_ws/install/nav2_custom_planner/share/nav2_custom_planner/environment/ament_prefix_path.dsv
[10.205s] -- Up-to-date: /home/hzh/ros2_learn/chapt8/chapt8_ws/install/nav2_custom_planner/share/nav2_custom_planner/environment/path.sh
[10.205s] -- Up-to-date: /home/hzh/ros2_learn/chapt8/chapt8_ws/install/nav2_custom_planner/share/nav2_custom_planner/environment/path.dsv
[10.206s] -- Up-to-date: /home/hzh/ros2_learn/chapt8/chapt8_ws/install/nav2_custom_planner/share/nav2_custom_planner/local_setup.bash
[10.206s] -- Up-to-date: /home/hzh/ros2_learn/chapt8/chapt8_ws/install/nav2_custom_planner/share/nav2_custom_planner/local_setup.sh
[10.206s] -- Up-to-date: /home/hzh/ros2_learn/chapt8/chapt8_ws/install/nav2_custom_planner/share/nav2_custom_planner/local_setup.zsh
[10.206s] -- Up-to-date: /home/hzh/ros2_learn/chapt8/chapt8_ws/install/nav2_custom_planner/share/nav2_custom_planner/local_setup.dsv
[10.206s] -- Installing: /home/hzh/ros2_learn/chapt8/chapt8_ws/install/nav2_custom_planner/share/nav2_custom_planner/package.dsv
[10.206s] -- Up-to-date: /home/hzh/ros2_learn/chapt8/chapt8_ws/install/nav2_custom_planner/share/ament_index/resource_index/packages/nav2_custom_planner
[10.206s] -- Up-to-date: /home/hzh/ros2_learn/chapt8/chapt8_ws/install/nav2_custom_planner/share/ament_index/resource_index/nav2_core__pluginlib__plugin/nav2_custom_planner
[10.206s] -- Up-to-date: /home/hzh/ros2_learn/chapt8/chapt8_ws/install/nav2_custom_planner/share/nav2_custom_planner/cmake/nav2_custom_plannerConfig.cmake
[10.206s] -- Up-to-date: /home/hzh/ros2_learn/chapt8/chapt8_ws/install/nav2_custom_planner/share/nav2_custom_planner/cmake/nav2_custom_plannerConfig-version.cmake
[10.206s] -- Up-to-date: /home/hzh/ros2_learn/chapt8/chapt8_ws/install/nav2_custom_planner/share/nav2_custom_planner/package.xml
[10.208s] Invoked command in '/home/hzh/ros2_learn/chapt8/chapt8_ws/build/nav2_custom_planner' returned '0': CMAKE_PREFIX_PATH=/opt/ros/humble /usr/bin/cmake --install /home/hzh/ros2_learn/chapt8/chapt8_ws/build/nav2_custom_planner
