[0.737s] Invoking command in '/home/hzh/chapt2/chapt2_ws/src/demo_python_pkg': AMENT_PREFIX_PATH=/home/hzh/chapt2/chapt2_ws/install/demo_cpp_pkg:${AMENT_PREFIX_PATH} CMAKE_PREFIX_PATH=/home/hzh/chapt2/chapt2_ws/install/demo_cpp_pkg PYTHONPATH=/home/hzh/chapt2/chapt2_ws/build/demo_python_pkg/prefix_override:/usr/lib/python3/dist-packages/colcon_core/task/python/colcon_distutils_commands:/home/hzh/chapt2/chapt2_ws/install/demo_python_pkg/lib/python3.10/site-packages:${PYTHONPATH} /usr/bin/python3 -W ignore:setup.py install is deprecated -W ignore:easy_install command is deprecated setup.py egg_info --egg-base ../../build/demo_python_pkg build --build-base /home/hzh/chapt2/chapt2_ws/build/demo_python_pkg/build install --record /home/hzh/chapt2/chapt2_ws/build/demo_python_pkg/install.log --single-version-externally-managed install_data
[0.999s] running egg_info
[0.999s] writing ../../build/demo_python_pkg/demo_python_pkg.egg-info/PKG-INFO
[0.999s] writing dependency_links to ../../build/demo_python_pkg/demo_python_pkg.egg-info/dependency_links.txt
[1.000s] writing entry points to ../../build/demo_python_pkg/demo_python_pkg.egg-info/entry_points.txt
[1.001s] writing requirements to ../../build/demo_python_pkg/demo_python_pkg.egg-info/requires.txt
[1.001s] writing top-level names to ../../build/demo_python_pkg/demo_python_pkg.egg-info/top_level.txt
[1.005s] reading manifest file '../../build/demo_python_pkg/demo_python_pkg.egg-info/SOURCES.txt'
[1.005s] adding license file 'LICENSE'
[1.005s] writing manifest file '../../build/demo_python_pkg/demo_python_pkg.egg-info/SOURCES.txt'
[1.005s] running build
[1.005s] running build_py
[1.006s] copying demo_python_pkg/person_node.py -> /home/hzh/chapt2/chapt2_ws/build/demo_python_pkg/build/lib/demo_python_pkg
[1.007s] running install
[1.007s] running install_lib
[1.008s] copying /home/hzh/chapt2/chapt2_ws/build/demo_python_pkg/build/lib/demo_python_pkg/person_node.py -> /home/hzh/chapt2/chapt2_ws/install/demo_python_pkg/lib/python3.10/site-packages/demo_python_pkg
[1.010s] byte-compiling /home/hzh/chapt2/chapt2_ws/install/demo_python_pkg/lib/python3.10/site-packages/demo_python_pkg/person_node.py to person_node.cpython-310.pyc
[1.010s] running install_data
[1.011s] copying package.xml -> /home/hzh/chapt2/chapt2_ws/install/demo_python_pkg/share/demo_python_pkg
[1.012s] running install_egg_info
[1.015s] removing '/home/hzh/chapt2/chapt2_ws/install/demo_python_pkg/lib/python3.10/site-packages/demo_python_pkg-0.0.0-py3.10.egg-info' (and everything under it)
[1.019s] Copying ../../build/demo_python_pkg/demo_python_pkg.egg-info to /home/hzh/chapt2/chapt2_ws/install/demo_python_pkg/lib/python3.10/site-packages/demo_python_pkg-0.0.0-py3.10.egg-info
[1.019s] running install_scripts
[1.044s] Installing person_node script to /home/hzh/chapt2/chapt2_ws/install/demo_python_pkg/lib/demo_python_pkg
[1.045s] Installing python_node script to /home/hzh/chapt2/chapt2_ws/install/demo_python_pkg/lib/demo_python_pkg
[1.046s] writing list of installed files to '/home/hzh/chapt2/chapt2_ws/build/demo_python_pkg/install.log'
[1.090s] Invoked command in '/home/hzh/chapt2/chapt2_ws/src/demo_python_pkg' returned '0': AMENT_PREFIX_PATH=/home/hzh/chapt2/chapt2_ws/install/demo_cpp_pkg:${AMENT_PREFIX_PATH} CMAKE_PREFIX_PATH=/home/hzh/chapt2/chapt2_ws/install/demo_cpp_pkg PYTHONPATH=/home/hzh/chapt2/chapt2_ws/build/demo_python_pkg/prefix_override:/usr/lib/python3/dist-packages/colcon_core/task/python/colcon_distutils_commands:/home/hzh/chapt2/chapt2_ws/install/demo_python_pkg/lib/python3.10/site-packages:${PYTHONPATH} /usr/bin/python3 -W ignore:setup.py install is deprecated -W ignore:easy_install command is deprecated setup.py egg_info --egg-base ../../build/demo_python_pkg build --build-base /home/hzh/chapt2/chapt2_ws/build/demo_python_pkg/build install --record /home/hzh/chapt2/chapt2_ws/build/demo_python_pkg/install.log --single-version-externally-managed install_data
