[0.144s] DEBUG:colcon:Command line arguments: ['/usr/bin/colcon', 'build']
[0.145s] DEBUG:colcon:Parsed command line arguments: Namespace(log_base=None, log_level=None, verb_name='build', build_base='build', install_base='install', merge_install=False, symlink_install=False, test_result_base=None, continue_on_error=False, executor='parallel', parallel_workers=4, event_handlers=None, ignore_user_meta=False, metas=['./colcon.meta'], base_paths=['.'], packages_ignore=None, packages_ignore_regex=None, paths=None, packages_up_to=None, packages_up_to_regex=None, packages_above=None, packages_above_and_dependencies=None, packages_above_depth=None, packages_select_by_dep=None, packages_skip_by_dep=None, packages_skip_up_to=None, packages_select_build_failed=False, packages_skip_build_finished=False, packages_select_test_failures=False, packages_skip_test_passed=False, packages_select=None, packages_skip=None, packages_select_regex=None, packages_skip_regex=None, packages_start=None, packages_end=None, allow_overriding=[], cmake_args=None, cmake_target=None, cmake_target_skip_unavailable=False, cmake_clean_cache=False, cmake_clean_first=False, cmake_force_configure=False, ament_cmake_args=None, catkin_cmake_args=None, catkin_skip_building_tests=False, verb_parser=<colcon_defaults.argument_parser.defaults.DefaultArgumentsDecorator object at 0x78f01ad58550>, verb_extension=<colcon_core.verb.build.BuildVerb object at 0x78f01ad27f40>, main=<bound method BuildVerb.main of <colcon_core.verb.build.BuildVerb object at 0x78f01ad27f40>>)
[0.374s] Level 1:colcon.colcon_core.package_discovery:discover_packages(colcon_meta) check parameters
[0.374s] Level 1:colcon.colcon_core.package_discovery:discover_packages(recursive) check parameters
[0.374s] Level 1:colcon.colcon_core.package_discovery:discover_packages(ignore) check parameters
[0.374s] Level 1:colcon.colcon_core.package_discovery:discover_packages(path) check parameters
[0.374s] Level 1:colcon.colcon_core.package_discovery:discover_packages(colcon_meta) discover
[0.375s] Level 1:colcon.colcon_core.package_discovery:discover_packages(recursive) discover
[0.375s] INFO:colcon.colcon_core.package_discovery:Crawling recursively for packages in '/home/hzh/ros2_learn/chapt7/chapt7_ws'
[0.375s] Level 1:colcon.colcon_core.package_identification:_identify(.) by extensions ['ignore', 'ignore_ament_install']
[0.375s] Level 1:colcon.colcon_core.package_identification:_identify(.) by extension 'ignore'
[0.375s] Level 1:colcon.colcon_core.package_identification:_identify(.) by extension 'ignore_ament_install'
[0.375s] Level 1:colcon.colcon_core.package_identification:_identify(.) by extensions ['colcon_pkg']
[0.375s] Level 1:colcon.colcon_core.package_identification:_identify(.) by extension 'colcon_pkg'
[0.375s] Level 1:colcon.colcon_core.package_identification:_identify(.) by extensions ['colcon_meta']
[0.375s] Level 1:colcon.colcon_core.package_identification:_identify(.) by extension 'colcon_meta'
[0.376s] Level 1:colcon.colcon_core.package_identification:_identify(.) by extensions ['ros']
[0.376s] Level 1:colcon.colcon_core.package_identification:_identify(.) by extension 'ros'
[0.392s] Level 1:colcon.colcon_core.package_identification:_identify(.) by extensions ['cmake', 'python']
[0.392s] Level 1:colcon.colcon_core.package_identification:_identify(.) by extension 'cmake'
[0.392s] Level 1:colcon.colcon_core.package_identification:_identify(.) by extension 'python'
[0.392s] Level 1:colcon.colcon_core.package_identification:_identify(.) by extensions ['python_setup_py']
[0.392s] Level 1:colcon.colcon_core.package_identification:_identify(.) by extension 'python_setup_py'
[0.393s] Level 1:colcon.colcon_core.package_identification:_identify(build) by extensions ['ignore', 'ignore_ament_install']
[0.393s] Level 1:colcon.colcon_core.package_identification:_identify(build) by extension 'ignore'
[0.393s] Level 1:colcon.colcon_core.package_identification:_identify(build) ignored
[0.393s] Level 1:colcon.colcon_core.package_identification:_identify(install) by extensions ['ignore', 'ignore_ament_install']
[0.393s] Level 1:colcon.colcon_core.package_identification:_identify(install) by extension 'ignore'
[0.393s] Level 1:colcon.colcon_core.package_identification:_identify(install) ignored
[0.393s] Level 1:colcon.colcon_core.package_identification:_identify(log) by extensions ['ignore', 'ignore_ament_install']
[0.393s] Level 1:colcon.colcon_core.package_identification:_identify(log) by extension 'ignore'
[0.393s] Level 1:colcon.colcon_core.package_identification:_identify(log) ignored
[0.394s] Level 1:colcon.colcon_core.package_identification:_identify(src) by extensions ['ignore', 'ignore_ament_install']
[0.394s] Level 1:colcon.colcon_core.package_identification:_identify(src) by extension 'ignore'
[0.394s] Level 1:colcon.colcon_core.package_identification:_identify(src) by extension 'ignore_ament_install'
[0.394s] Level 1:colcon.colcon_core.package_identification:_identify(src) by extensions ['colcon_pkg']
[0.394s] Level 1:colcon.colcon_core.package_identification:_identify(src) by extension 'colcon_pkg'
[0.394s] Level 1:colcon.colcon_core.package_identification:_identify(src) by extensions ['colcon_meta']
[0.394s] Level 1:colcon.colcon_core.package_identification:_identify(src) by extension 'colcon_meta'
[0.394s] Level 1:colcon.colcon_core.package_identification:_identify(src) by extensions ['ros']
[0.394s] Level 1:colcon.colcon_core.package_identification:_identify(src) by extension 'ros'
[0.394s] Level 1:colcon.colcon_core.package_identification:_identify(src) by extensions ['cmake', 'python']
[0.394s] Level 1:colcon.colcon_core.package_identification:_identify(src) by extension 'cmake'
[0.395s] Level 1:colcon.colcon_core.package_identification:_identify(src) by extension 'python'
[0.395s] Level 1:colcon.colcon_core.package_identification:_identify(src) by extensions ['python_setup_py']
[0.395s] Level 1:colcon.colcon_core.package_identification:_identify(src) by extension 'python_setup_py'
[0.395s] Level 1:colcon.colcon_core.package_identification:_identify(src/autopartol_robot) by extensions ['ignore', 'ignore_ament_install']
[0.395s] Level 1:colcon.colcon_core.package_identification:_identify(src/autopartol_robot) by extension 'ignore'
[0.395s] Level 1:colcon.colcon_core.package_identification:_identify(src/autopartol_robot) by extension 'ignore_ament_install'
[0.395s] Level 1:colcon.colcon_core.package_identification:_identify(src/autopartol_robot) by extensions ['colcon_pkg']
[0.395s] Level 1:colcon.colcon_core.package_identification:_identify(src/autopartol_robot) by extension 'colcon_pkg'
[0.395s] Level 1:colcon.colcon_core.package_identification:_identify(src/autopartol_robot) by extensions ['colcon_meta']
[0.395s] Level 1:colcon.colcon_core.package_identification:_identify(src/autopartol_robot) by extension 'colcon_meta'
[0.395s] Level 1:colcon.colcon_core.package_identification:_identify(src/autopartol_robot) by extensions ['ros']
[0.396s] Level 1:colcon.colcon_core.package_identification:_identify(src/autopartol_robot) by extension 'ros'
[0.399s] DEBUG:colcon.colcon_core.package_identification:Package 'src/autopartol_robot' with type 'ros.ament_python' and name 'autopartol_robot'
[0.399s] Level 1:colcon.colcon_core.package_identification:_identify(src/fishbot_application) by extensions ['ignore', 'ignore_ament_install']
[0.399s] Level 1:colcon.colcon_core.package_identification:_identify(src/fishbot_application) by extension 'ignore'
[0.399s] Level 1:colcon.colcon_core.package_identification:_identify(src/fishbot_application) by extension 'ignore_ament_install'
[0.399s] Level 1:colcon.colcon_core.package_identification:_identify(src/fishbot_application) by extensions ['colcon_pkg']
[0.399s] Level 1:colcon.colcon_core.package_identification:_identify(src/fishbot_application) by extension 'colcon_pkg'
[0.399s] Level 1:colcon.colcon_core.package_identification:_identify(src/fishbot_application) by extensions ['colcon_meta']
[0.399s] Level 1:colcon.colcon_core.package_identification:_identify(src/fishbot_application) by extension 'colcon_meta'
[0.399s] Level 1:colcon.colcon_core.package_identification:_identify(src/fishbot_application) by extensions ['ros']
[0.399s] Level 1:colcon.colcon_core.package_identification:_identify(src/fishbot_application) by extension 'ros'
[0.401s] DEBUG:colcon.colcon_core.package_identification:Package 'src/fishbot_application' with type 'ros.ament_python' and name 'fishbot_application'
[0.401s] Level 1:colcon.colcon_core.package_identification:_identify(src/fishbot_description) by extensions ['ignore', 'ignore_ament_install']
[0.401s] Level 1:colcon.colcon_core.package_identification:_identify(src/fishbot_description) by extension 'ignore'
[0.401s] Level 1:colcon.colcon_core.package_identification:_identify(src/fishbot_description) by extension 'ignore_ament_install'
[0.401s] Level 1:colcon.colcon_core.package_identification:_identify(src/fishbot_description) by extensions ['colcon_pkg']
[0.401s] Level 1:colcon.colcon_core.package_identification:_identify(src/fishbot_description) by extension 'colcon_pkg'
[0.402s] Level 1:colcon.colcon_core.package_identification:_identify(src/fishbot_description) by extensions ['colcon_meta']
[0.402s] Level 1:colcon.colcon_core.package_identification:_identify(src/fishbot_description) by extension 'colcon_meta'
[0.402s] Level 1:colcon.colcon_core.package_identification:_identify(src/fishbot_description) by extensions ['ros']
[0.402s] Level 1:colcon.colcon_core.package_identification:_identify(src/fishbot_description) by extension 'ros'
[0.402s] DEBUG:colcon.colcon_core.package_identification:Package 'src/fishbot_description' with type 'ros.ament_cmake' and name 'fishbot_description'
[0.403s] Level 1:colcon.colcon_core.package_identification:_identify(src/fishbot_navigation2) by extensions ['ignore', 'ignore_ament_install']
[0.403s] Level 1:colcon.colcon_core.package_identification:_identify(src/fishbot_navigation2) by extension 'ignore'
[0.403s] Level 1:colcon.colcon_core.package_identification:_identify(src/fishbot_navigation2) by extension 'ignore_ament_install'
[0.403s] Level 1:colcon.colcon_core.package_identification:_identify(src/fishbot_navigation2) by extensions ['colcon_pkg']
[0.403s] Level 1:colcon.colcon_core.package_identification:_identify(src/fishbot_navigation2) by extension 'colcon_pkg'
[0.403s] Level 1:colcon.colcon_core.package_identification:_identify(src/fishbot_navigation2) by extensions ['colcon_meta']
[0.403s] Level 1:colcon.colcon_core.package_identification:_identify(src/fishbot_navigation2) by extension 'colcon_meta'
[0.403s] Level 1:colcon.colcon_core.package_identification:_identify(src/fishbot_navigation2) by extensions ['ros']
[0.403s] Level 1:colcon.colcon_core.package_identification:_identify(src/fishbot_navigation2) by extension 'ros'
[0.404s] DEBUG:colcon.colcon_core.package_identification:Package 'src/fishbot_navigation2' with type 'ros.ament_cmake' and name 'fishbot_navigation2'
[0.404s] Level 1:colcon.colcon_core.package_identification:_identify(tmp) by extensions ['ignore', 'ignore_ament_install']
[0.405s] Level 1:colcon.colcon_core.package_identification:_identify(tmp) by extension 'ignore'
[0.405s] Level 1:colcon.colcon_core.package_identification:_identify(tmp) by extension 'ignore_ament_install'
[0.405s] Level 1:colcon.colcon_core.package_identification:_identify(tmp) by extensions ['colcon_pkg']
[0.405s] Level 1:colcon.colcon_core.package_identification:_identify(tmp) by extension 'colcon_pkg'
[0.405s] Level 1:colcon.colcon_core.package_identification:_identify(tmp) by extensions ['colcon_meta']
[0.405s] Level 1:colcon.colcon_core.package_identification:_identify(tmp) by extension 'colcon_meta'
[0.405s] Level 1:colcon.colcon_core.package_identification:_identify(tmp) by extensions ['ros']
[0.405s] Level 1:colcon.colcon_core.package_identification:_identify(tmp) by extension 'ros'
[0.405s] Level 1:colcon.colcon_core.package_identification:_identify(tmp) by extensions ['cmake', 'python']
[0.405s] Level 1:colcon.colcon_core.package_identification:_identify(tmp) by extension 'cmake'
[0.405s] Level 1:colcon.colcon_core.package_identification:_identify(tmp) by extension 'python'
[0.405s] Level 1:colcon.colcon_core.package_identification:_identify(tmp) by extensions ['python_setup_py']
[0.405s] Level 1:colcon.colcon_core.package_identification:_identify(tmp) by extension 'python_setup_py'
[0.406s] Level 1:colcon.colcon_core.package_identification:_identify(tmp/aha) by extensions ['ignore', 'ignore_ament_install']
[0.406s] Level 1:colcon.colcon_core.package_identification:_identify(tmp/aha) by extension 'ignore'
[0.406s] Level 1:colcon.colcon_core.package_identification:_identify(tmp/aha) by extension 'ignore_ament_install'
[0.406s] Level 1:colcon.colcon_core.package_identification:_identify(tmp/aha) by extensions ['colcon_pkg']
[0.406s] Level 1:colcon.colcon_core.package_identification:_identify(tmp/aha) by extension 'colcon_pkg'
[0.406s] Level 1:colcon.colcon_core.package_identification:_identify(tmp/aha) by extensions ['colcon_meta']
[0.406s] Level 1:colcon.colcon_core.package_identification:_identify(tmp/aha) by extension 'colcon_meta'
[0.407s] Level 1:colcon.colcon_core.package_identification:_identify(tmp/aha) by extensions ['ros']
[0.407s] Level 1:colcon.colcon_core.package_identification:_identify(tmp/aha) by extension 'ros'
[0.407s] Level 1:colcon.colcon_core.package_identification:_identify(tmp/aha) by extensions ['cmake', 'python']
[0.407s] Level 1:colcon.colcon_core.package_identification:_identify(tmp/aha) by extension 'cmake'
[0.407s] Level 1:colcon.colcon_core.package_identification:_identify(tmp/aha) by extension 'python'
[0.407s] Level 1:colcon.colcon_core.package_identification:_identify(tmp/aha) by extensions ['python_setup_py']
[0.407s] Level 1:colcon.colcon_core.package_identification:_identify(tmp/aha) by extension 'python_setup_py'
[0.408s] Level 1:colcon.colcon_core.package_identification:_identify(tmp/aha/dconf) by extensions ['ignore', 'ignore_ament_install']
[0.408s] Level 1:colcon.colcon_core.package_identification:_identify(tmp/aha/dconf) by extension 'ignore'
[0.408s] Level 1:colcon.colcon_core.package_identification:_identify(tmp/aha/dconf) by extension 'ignore_ament_install'
[0.408s] Level 1:colcon.colcon_core.package_identification:_identify(tmp/aha/dconf) by extensions ['colcon_pkg']
[0.408s] Level 1:colcon.colcon_core.package_identification:_identify(tmp/aha/dconf) by extension 'colcon_pkg'
[0.408s] Level 1:colcon.colcon_core.package_identification:_identify(tmp/aha/dconf) by extensions ['colcon_meta']
[0.408s] Level 1:colcon.colcon_core.package_identification:_identify(tmp/aha/dconf) by extension 'colcon_meta'
[0.408s] Level 1:colcon.colcon_core.package_identification:_identify(tmp/aha/dconf) by extensions ['ros']
[0.408s] Level 1:colcon.colcon_core.package_identification:_identify(tmp/aha/dconf) by extension 'ros'
[0.408s] Level 1:colcon.colcon_core.package_identification:_identify(tmp/aha/dconf) by extensions ['cmake', 'python']
[0.408s] Level 1:colcon.colcon_core.package_identification:_identify(tmp/aha/dconf) by extension 'cmake'
[0.408s] Level 1:colcon.colcon_core.package_identification:_identify(tmp/aha/dconf) by extension 'python'
[0.408s] Level 1:colcon.colcon_core.package_identification:_identify(tmp/aha/dconf) by extensions ['python_setup_py']
[0.408s] Level 1:colcon.colcon_core.package_identification:_identify(tmp/aha/dconf) by extension 'python_setup_py'
[0.408s] Level 1:colcon.colcon_core.package_discovery:discover_packages(recursive) using defaults
[0.408s] Level 1:colcon.colcon_core.package_discovery:discover_packages(ignore) discover
[0.408s] Level 1:colcon.colcon_core.package_discovery:discover_packages(ignore) using defaults
[0.408s] Level 1:colcon.colcon_core.package_discovery:discover_packages(path) discover
[0.408s] Level 1:colcon.colcon_core.package_discovery:discover_packages(path) using defaults
[0.436s] Level 1:colcon.colcon_core.package_discovery:discover_packages(prefix_path) check parameters
[0.436s] Level 1:colcon.colcon_core.package_discovery:discover_packages(prefix_path) discover
[0.438s] DEBUG:colcon.colcon_installed_package_information.package_discovery:Found 4 installed packages in /home/hzh/ros2_learn/chapt7/chapt7_ws/install
[0.441s] DEBUG:colcon.colcon_installed_package_information.package_discovery:Found 372 installed packages in /opt/ros/humble
[0.460s] Level 1:colcon.colcon_core.package_discovery:discover_packages(prefix_path) using defaults
[0.533s] Level 5:colcon.colcon_core.verb:set package 'autopartol_robot' build argument 'cmake_args' from command line to 'None'
[0.534s] Level 5:colcon.colcon_core.verb:set package 'autopartol_robot' build argument 'cmake_target' from command line to 'None'
[0.534s] Level 5:colcon.colcon_core.verb:set package 'autopartol_robot' build argument 'cmake_target_skip_unavailable' from command line to 'False'
[0.534s] Level 5:colcon.colcon_core.verb:set package 'autopartol_robot' build argument 'cmake_clean_cache' from command line to 'False'
[0.534s] Level 5:colcon.colcon_core.verb:set package 'autopartol_robot' build argument 'cmake_clean_first' from command line to 'False'
[0.534s] Level 5:colcon.colcon_core.verb:set package 'autopartol_robot' build argument 'cmake_force_configure' from command line to 'False'
[0.534s] Level 5:colcon.colcon_core.verb:set package 'autopartol_robot' build argument 'ament_cmake_args' from command line to 'None'
[0.534s] Level 5:colcon.colcon_core.verb:set package 'autopartol_robot' build argument 'catkin_cmake_args' from command line to 'None'
[0.534s] Level 5:colcon.colcon_core.verb:set package 'autopartol_robot' build argument 'catkin_skip_building_tests' from command line to 'False'
[0.534s] DEBUG:colcon.colcon_core.verb:Building package 'autopartol_robot' with the following arguments: {'ament_cmake_args': None, 'build_base': '/home/hzh/ros2_learn/chapt7/chapt7_ws/build/autopartol_robot', 'catkin_cmake_args': None, 'catkin_skip_building_tests': False, 'cmake_args': None, 'cmake_clean_cache': False, 'cmake_clean_first': False, 'cmake_force_configure': False, 'cmake_target': None, 'cmake_target_skip_unavailable': False, 'install_base': '/home/hzh/ros2_learn/chapt7/chapt7_ws/install/autopartol_robot', 'merge_install': False, 'path': '/home/hzh/ros2_learn/chapt7/chapt7_ws/src/autopartol_robot', 'symlink_install': False, 'test_result_base': None}
[0.535s] Level 5:colcon.colcon_core.verb:set package 'fishbot_application' build argument 'cmake_args' from command line to 'None'
[0.535s] Level 5:colcon.colcon_core.verb:set package 'fishbot_application' build argument 'cmake_target' from command line to 'None'
[0.535s] Level 5:colcon.colcon_core.verb:set package 'fishbot_application' build argument 'cmake_target_skip_unavailable' from command line to 'False'
[0.535s] Level 5:colcon.colcon_core.verb:set package 'fishbot_application' build argument 'cmake_clean_cache' from command line to 'False'
[0.535s] Level 5:colcon.colcon_core.verb:set package 'fishbot_application' build argument 'cmake_clean_first' from command line to 'False'
[0.535s] Level 5:colcon.colcon_core.verb:set package 'fishbot_application' build argument 'cmake_force_configure' from command line to 'False'
[0.535s] Level 5:colcon.colcon_core.verb:set package 'fishbot_application' build argument 'ament_cmake_args' from command line to 'None'
[0.535s] Level 5:colcon.colcon_core.verb:set package 'fishbot_application' build argument 'catkin_cmake_args' from command line to 'None'
[0.535s] Level 5:colcon.colcon_core.verb:set package 'fishbot_application' build argument 'catkin_skip_building_tests' from command line to 'False'
[0.535s] DEBUG:colcon.colcon_core.verb:Building package 'fishbot_application' with the following arguments: {'ament_cmake_args': None, 'build_base': '/home/hzh/ros2_learn/chapt7/chapt7_ws/build/fishbot_application', 'catkin_cmake_args': None, 'catkin_skip_building_tests': False, 'cmake_args': None, 'cmake_clean_cache': False, 'cmake_clean_first': False, 'cmake_force_configure': False, 'cmake_target': None, 'cmake_target_skip_unavailable': False, 'install_base': '/home/hzh/ros2_learn/chapt7/chapt7_ws/install/fishbot_application', 'merge_install': False, 'path': '/home/hzh/ros2_learn/chapt7/chapt7_ws/src/fishbot_application', 'symlink_install': False, 'test_result_base': None}
[0.536s] Level 5:colcon.colcon_core.verb:set package 'fishbot_description' build argument 'cmake_args' from command line to 'None'
[0.536s] Level 5:colcon.colcon_core.verb:set package 'fishbot_description' build argument 'cmake_target' from command line to 'None'
[0.536s] Level 5:colcon.colcon_core.verb:set package 'fishbot_description' build argument 'cmake_target_skip_unavailable' from command line to 'False'
[0.536s] Level 5:colcon.colcon_core.verb:set package 'fishbot_description' build argument 'cmake_clean_cache' from command line to 'False'
[0.536s] Level 5:colcon.colcon_core.verb:set package 'fishbot_description' build argument 'cmake_clean_first' from command line to 'False'
[0.536s] Level 5:colcon.colcon_core.verb:set package 'fishbot_description' build argument 'cmake_force_configure' from command line to 'False'
[0.536s] Level 5:colcon.colcon_core.verb:set package 'fishbot_description' build argument 'ament_cmake_args' from command line to 'None'
[0.536s] Level 5:colcon.colcon_core.verb:set package 'fishbot_description' build argument 'catkin_cmake_args' from command line to 'None'
[0.536s] Level 5:colcon.colcon_core.verb:set package 'fishbot_description' build argument 'catkin_skip_building_tests' from command line to 'False'
[0.536s] DEBUG:colcon.colcon_core.verb:Building package 'fishbot_description' with the following arguments: {'ament_cmake_args': None, 'build_base': '/home/hzh/ros2_learn/chapt7/chapt7_ws/build/fishbot_description', 'catkin_cmake_args': None, 'catkin_skip_building_tests': False, 'cmake_args': None, 'cmake_clean_cache': False, 'cmake_clean_first': False, 'cmake_force_configure': False, 'cmake_target': None, 'cmake_target_skip_unavailable': False, 'install_base': '/home/hzh/ros2_learn/chapt7/chapt7_ws/install/fishbot_description', 'merge_install': False, 'path': '/home/hzh/ros2_learn/chapt7/chapt7_ws/src/fishbot_description', 'symlink_install': False, 'test_result_base': None}
[0.537s] Level 5:colcon.colcon_core.verb:set package 'fishbot_navigation2' build argument 'cmake_args' from command line to 'None'
[0.537s] Level 5:colcon.colcon_core.verb:set package 'fishbot_navigation2' build argument 'cmake_target' from command line to 'None'
[0.537s] Level 5:colcon.colcon_core.verb:set package 'fishbot_navigation2' build argument 'cmake_target_skip_unavailable' from command line to 'False'
[0.537s] Level 5:colcon.colcon_core.verb:set package 'fishbot_navigation2' build argument 'cmake_clean_cache' from command line to 'False'
[0.537s] Level 5:colcon.colcon_core.verb:set package 'fishbot_navigation2' build argument 'cmake_clean_first' from command line to 'False'
[0.537s] Level 5:colcon.colcon_core.verb:set package 'fishbot_navigation2' build argument 'cmake_force_configure' from command line to 'False'
[0.537s] Level 5:colcon.colcon_core.verb:set package 'fishbot_navigation2' build argument 'ament_cmake_args' from command line to 'None'
[0.537s] Level 5:colcon.colcon_core.verb:set package 'fishbot_navigation2' build argument 'catkin_cmake_args' from command line to 'None'
[0.537s] Level 5:colcon.colcon_core.verb:set package 'fishbot_navigation2' build argument 'catkin_skip_building_tests' from command line to 'False'
[0.537s] DEBUG:colcon.colcon_core.verb:Building package 'fishbot_navigation2' with the following arguments: {'ament_cmake_args': None, 'build_base': '/home/hzh/ros2_learn/chapt7/chapt7_ws/build/fishbot_navigation2', 'catkin_cmake_args': None, 'catkin_skip_building_tests': False, 'cmake_args': None, 'cmake_clean_cache': False, 'cmake_clean_first': False, 'cmake_force_configure': False, 'cmake_target': None, 'cmake_target_skip_unavailable': False, 'install_base': '/home/hzh/ros2_learn/chapt7/chapt7_ws/install/fishbot_navigation2', 'merge_install': False, 'path': '/home/hzh/ros2_learn/chapt7/chapt7_ws/src/fishbot_navigation2', 'symlink_install': False, 'test_result_base': None}
[0.538s] INFO:colcon.colcon_core.executor:Executing jobs using 'parallel' executor
[0.541s] DEBUG:colcon.colcon_parallel_executor.executor.parallel:run_until_complete
[0.541s] INFO:colcon.colcon_ros.task.ament_python.build:Building ROS package in '/home/hzh/ros2_learn/chapt7/chapt7_ws/src/autopartol_robot' with build type 'ament_python'
[0.542s] Level 1:colcon.colcon_core.shell:create_environment_hook('autopartol_robot', 'ament_prefix_path')
[0.548s] INFO:colcon.colcon_core.plugin_system:Skipping extension 'colcon_core.shell.bat': Not used on non-Windows systems
[0.549s] INFO:colcon.colcon_core.shell:Creating environment hook '/home/hzh/ros2_learn/chapt7/chapt7_ws/install/autopartol_robot/share/autopartol_robot/hook/ament_prefix_path.ps1'
[0.552s] INFO:colcon.colcon_core.shell:Creating environment descriptor '/home/hzh/ros2_learn/chapt7/chapt7_ws/install/autopartol_robot/share/autopartol_robot/hook/ament_prefix_path.dsv'
[0.554s] INFO:colcon.colcon_core.shell:Creating environment hook '/home/hzh/ros2_learn/chapt7/chapt7_ws/install/autopartol_robot/share/autopartol_robot/hook/ament_prefix_path.sh'
[0.557s] INFO:colcon.colcon_core.shell:Skip shell extension 'powershell' for command environment: Not usable outside of PowerShell
[0.557s] DEBUG:colcon.colcon_core.shell:Skip shell extension 'dsv' for command environment
[0.569s] INFO:colcon.colcon_ros.task.ament_python.build:Building ROS package in '/home/hzh/ros2_learn/chapt7/chapt7_ws/src/fishbot_application' with build type 'ament_python'
[0.569s] Level 1:colcon.colcon_core.shell:create_environment_hook('fishbot_application', 'ament_prefix_path')
[0.570s] INFO:colcon.colcon_core.shell:Creating environment hook '/home/hzh/ros2_learn/chapt7/chapt7_ws/install/fishbot_application/share/fishbot_application/hook/ament_prefix_path.ps1'
[0.573s] INFO:colcon.colcon_core.shell:Creating environment descriptor '/home/hzh/ros2_learn/chapt7/chapt7_ws/install/fishbot_application/share/fishbot_application/hook/ament_prefix_path.dsv'
[0.575s] INFO:colcon.colcon_core.shell:Creating environment hook '/home/hzh/ros2_learn/chapt7/chapt7_ws/install/fishbot_application/share/fishbot_application/hook/ament_prefix_path.sh'
[0.578s] INFO:colcon.colcon_core.shell:Skip shell extension 'powershell' for command environment: Not usable outside of PowerShell
[0.578s] DEBUG:colcon.colcon_core.shell:Skip shell extension 'dsv' for command environment
[0.589s] INFO:colcon.colcon_ros.task.ament_cmake.build:Building ROS package in '/home/hzh/ros2_learn/chapt7/chapt7_ws/src/fishbot_description' with build type 'ament_cmake'
[0.590s] INFO:colcon.colcon_cmake.task.cmake.build:Building CMake package in '/home/hzh/ros2_learn/chapt7/chapt7_ws/src/fishbot_description'
[0.592s] INFO:colcon.colcon_core.shell:Skip shell extension 'powershell' for command environment: Not usable outside of PowerShell
[0.592s] DEBUG:colcon.colcon_core.shell:Skip shell extension 'dsv' for command environment
[0.604s] INFO:colcon.colcon_ros.task.ament_cmake.build:Building ROS package in '/home/hzh/ros2_learn/chapt7/chapt7_ws/src/fishbot_navigation2' with build type 'ament_cmake'
[0.606s] INFO:colcon.colcon_cmake.task.cmake.build:Building CMake package in '/home/hzh/ros2_learn/chapt7/chapt7_ws/src/fishbot_navigation2'
[0.607s] INFO:colcon.colcon_core.shell:Skip shell extension 'powershell' for command environment: Not usable outside of PowerShell
[0.607s] DEBUG:colcon.colcon_core.shell:Skip shell extension 'dsv' for command environment
[1.040s] INFO:colcon.colcon_core.task.python.build:Building Python package in '/home/hzh/ros2_learn/chapt7/chapt7_ws/src/autopartol_robot'
[1.040s] INFO:colcon.colcon_core.shell:Skip shell extension 'powershell' for command environment: Not usable outside of PowerShell
[1.041s] DEBUG:colcon.colcon_core.shell:Skip shell extension 'dsv' for command environment
[1.543s] INFO:colcon.colcon_core.task.python.build:Building Python package in '/home/hzh/ros2_learn/chapt7/chapt7_ws/src/fishbot_application'
[1.543s] INFO:colcon.colcon_core.shell:Skip shell extension 'powershell' for command environment: Not usable outside of PowerShell
[1.544s] DEBUG:colcon.colcon_core.shell:Skip shell extension 'dsv' for command environment
[1.562s] DEBUG:colcon.colcon_core.event_handler.log_command:Invoking command in '/home/hzh/ros2_learn/chapt7/chapt7_ws/build/fishbot_description': CMAKE_PREFIX_PATH=${CMAKE_PREFIX_PATH}:/home/hzh/ros2_learn/chapt7/chapt7_ws/install/fishbot_application:/opt/ros/humble /usr/bin/cmake --build /home/hzh/ros2_learn/chapt7/chapt7_ws/build/fishbot_description -- -j4 -l4
[1.581s] DEBUG:colcon.colcon_core.event_handler.log_command:Invoking command in '/home/hzh/ros2_learn/chapt7/chapt7_ws/build/fishbot_navigation2': CMAKE_PREFIX_PATH=${CMAKE_PREFIX_PATH}:/home/hzh/ros2_learn/chapt7/chapt7_ws/install/fishbot_application:/opt/ros/humble /usr/bin/cmake --build /home/hzh/ros2_learn/chapt7/chapt7_ws/build/fishbot_navigation2 -- -j4 -l4
[1.685s] DEBUG:colcon.colcon_core.event_handler.log_command:Invoked command in '/home/hzh/ros2_learn/chapt7/chapt7_ws/build/fishbot_description' returned '0': CMAKE_PREFIX_PATH=${CMAKE_PREFIX_PATH}:/home/hzh/ros2_learn/chapt7/chapt7_ws/install/fishbot_application:/opt/ros/humble /usr/bin/cmake --build /home/hzh/ros2_learn/chapt7/chapt7_ws/build/fishbot_description -- -j4 -l4
[1.728s] DEBUG:colcon.colcon_core.event_handler.log_command:Invoking command in '/home/hzh/ros2_learn/chapt7/chapt7_ws/build/fishbot_description': CMAKE_PREFIX_PATH=${CMAKE_PREFIX_PATH}:/home/hzh/ros2_learn/chapt7/chapt7_ws/install/fishbot_application:/opt/ros/humble /usr/bin/cmake --install /home/hzh/ros2_learn/chapt7/chapt7_ws/build/fishbot_description
[1.740s] DEBUG:colcon.colcon_core.event_handler.log_command:Invoked command in '/home/hzh/ros2_learn/chapt7/chapt7_ws/build/fishbot_navigation2' returned '0': CMAKE_PREFIX_PATH=${CMAKE_PREFIX_PATH}:/home/hzh/ros2_learn/chapt7/chapt7_ws/install/fishbot_application:/opt/ros/humble /usr/bin/cmake --build /home/hzh/ros2_learn/chapt7/chapt7_ws/build/fishbot_navigation2 -- -j4 -l4
[1.742s] DEBUG:colcon.colcon_core.event_handler.log_command:Invoking command in '/home/hzh/ros2_learn/chapt7/chapt7_ws/build/fishbot_navigation2': CMAKE_PREFIX_PATH=${CMAKE_PREFIX_PATH}:/home/hzh/ros2_learn/chapt7/chapt7_ws/install/fishbot_application:/opt/ros/humble /usr/bin/cmake --install /home/hzh/ros2_learn/chapt7/chapt7_ws/build/fishbot_navigation2
[1.762s] Level 1:colcon.colcon_core.environment:create_environment_scripts_only(fishbot_description)
[1.780s] Level 1:colcon.colcon_core.environment:checking '/home/hzh/ros2_learn/chapt7/chapt7_ws/install/fishbot_description' for CMake module files
[1.787s] Level 1:colcon.colcon_core.environment:checking '/home/hzh/ros2_learn/chapt7/chapt7_ws/install/fishbot_description' for CMake config files
[1.792s] Level 1:colcon.colcon_core.shell:create_environment_hook('fishbot_description', 'cmake_prefix_path')
[1.792s] INFO:colcon.colcon_core.shell:Creating environment hook '/home/hzh/ros2_learn/chapt7/chapt7_ws/install/fishbot_description/share/fishbot_description/hook/cmake_prefix_path.ps1'
[1.801s] DEBUG:colcon.colcon_core.event_handler.log_command:Invoked command in '/home/hzh/ros2_learn/chapt7/chapt7_ws/build/fishbot_description' returned '0': CMAKE_PREFIX_PATH=${CMAKE_PREFIX_PATH}:/home/hzh/ros2_learn/chapt7/chapt7_ws/install/fishbot_application:/opt/ros/humble /usr/bin/cmake --install /home/hzh/ros2_learn/chapt7/chapt7_ws/build/fishbot_description
[1.805s] INFO:colcon.colcon_core.shell:Creating environment descriptor '/home/hzh/ros2_learn/chapt7/chapt7_ws/install/fishbot_description/share/fishbot_description/hook/cmake_prefix_path.dsv'
[1.806s] INFO:colcon.colcon_core.shell:Creating environment hook '/home/hzh/ros2_learn/chapt7/chapt7_ws/install/fishbot_description/share/fishbot_description/hook/cmake_prefix_path.sh'
[1.811s] Level 1:colcon.colcon_core.environment:checking '/home/hzh/ros2_learn/chapt7/chapt7_ws/install/fishbot_description/bin'
[1.811s] Level 1:colcon.colcon_core.environment:checking '/home/hzh/ros2_learn/chapt7/chapt7_ws/install/fishbot_description/lib/pkgconfig/fishbot_description.pc'
[1.812s] Level 1:colcon.colcon_core.environment:checking '/home/hzh/ros2_learn/chapt7/chapt7_ws/install/fishbot_description/lib/python3.10/site-packages'
[1.813s] Level 1:colcon.colcon_core.environment:checking '/home/hzh/ros2_learn/chapt7/chapt7_ws/install/fishbot_description/bin'
[1.814s] INFO:colcon.colcon_core.shell:Creating package script '/home/hzh/ros2_learn/chapt7/chapt7_ws/install/fishbot_description/share/fishbot_description/package.ps1'
[1.819s] INFO:colcon.colcon_core.shell:Creating package descriptor '/home/hzh/ros2_learn/chapt7/chapt7_ws/install/fishbot_description/share/fishbot_description/package.dsv'
[1.821s] INFO:colcon.colcon_core.shell:Creating package script '/home/hzh/ros2_learn/chapt7/chapt7_ws/install/fishbot_description/share/fishbot_description/package.sh'
[1.823s] INFO:colcon.colcon_core.shell:Creating package script '/home/hzh/ros2_learn/chapt7/chapt7_ws/install/fishbot_description/share/fishbot_description/package.bash'
[1.825s] INFO:colcon.colcon_core.shell:Creating package script '/home/hzh/ros2_learn/chapt7/chapt7_ws/install/fishbot_description/share/fishbot_description/package.zsh'
[1.827s] Level 1:colcon.colcon_core.environment:create_file_with_runtime_dependencies(/home/hzh/ros2_learn/chapt7/chapt7_ws/install/fishbot_description/share/colcon-core/packages/fishbot_description)
[1.830s] Level 1:colcon.colcon_core.environment:create_environment_scripts_only(fishbot_description)
[1.831s] Level 1:colcon.colcon_core.environment:checking '/home/hzh/ros2_learn/chapt7/chapt7_ws/install/fishbot_description' for CMake module files
[1.832s] Level 1:colcon.colcon_core.environment:checking '/home/hzh/ros2_learn/chapt7/chapt7_ws/install/fishbot_description' for CMake config files
[1.833s] Level 1:colcon.colcon_core.shell:create_environment_hook('fishbot_description', 'cmake_prefix_path')
[1.833s] INFO:colcon.colcon_core.shell:Creating environment hook '/home/hzh/ros2_learn/chapt7/chapt7_ws/install/fishbot_description/share/fishbot_description/hook/cmake_prefix_path.ps1'
[1.835s] INFO:colcon.colcon_core.shell:Creating environment descriptor '/home/hzh/ros2_learn/chapt7/chapt7_ws/install/fishbot_description/share/fishbot_description/hook/cmake_prefix_path.dsv'
[1.837s] INFO:colcon.colcon_core.shell:Creating environment hook '/home/hzh/ros2_learn/chapt7/chapt7_ws/install/fishbot_description/share/fishbot_description/hook/cmake_prefix_path.sh'
[1.839s] Level 1:colcon.colcon_core.environment:checking '/home/hzh/ros2_learn/chapt7/chapt7_ws/install/fishbot_description/bin'
[1.839s] Level 1:colcon.colcon_core.environment:checking '/home/hzh/ros2_learn/chapt7/chapt7_ws/install/fishbot_description/lib/pkgconfig/fishbot_description.pc'
[1.839s] Level 1:colcon.colcon_core.environment:checking '/home/hzh/ros2_learn/chapt7/chapt7_ws/install/fishbot_description/lib/python3.10/site-packages'
[1.840s] Level 1:colcon.colcon_core.environment:checking '/home/hzh/ros2_learn/chapt7/chapt7_ws/install/fishbot_description/bin'
[1.841s] INFO:colcon.colcon_core.shell:Creating package script '/home/hzh/ros2_learn/chapt7/chapt7_ws/install/fishbot_description/share/fishbot_description/package.ps1'
[1.842s] INFO:colcon.colcon_core.shell:Creating package descriptor '/home/hzh/ros2_learn/chapt7/chapt7_ws/install/fishbot_description/share/fishbot_description/package.dsv'
[1.844s] INFO:colcon.colcon_core.shell:Creating package script '/home/hzh/ros2_learn/chapt7/chapt7_ws/install/fishbot_description/share/fishbot_description/package.sh'
[1.847s] INFO:colcon.colcon_core.shell:Creating package script '/home/hzh/ros2_learn/chapt7/chapt7_ws/install/fishbot_description/share/fishbot_description/package.bash'
[1.849s] INFO:colcon.colcon_core.shell:Creating package script '/home/hzh/ros2_learn/chapt7/chapt7_ws/install/fishbot_description/share/fishbot_description/package.zsh'
[1.852s] Level 1:colcon.colcon_core.environment:create_file_with_runtime_dependencies(/home/hzh/ros2_learn/chapt7/chapt7_ws/install/fishbot_description/share/colcon-core/packages/fishbot_description)
[1.854s] Level 1:colcon.colcon_core.environment:create_environment_scripts_only(fishbot_navigation2)
[1.855s] Level 1:colcon.colcon_core.environment:checking '/home/hzh/ros2_learn/chapt7/chapt7_ws/install/fishbot_navigation2' for CMake module files
[1.857s] Level 1:colcon.colcon_core.environment:checking '/home/hzh/ros2_learn/chapt7/chapt7_ws/install/fishbot_navigation2' for CMake config files
[1.860s] Level 1:colcon.colcon_core.shell:create_environment_hook('fishbot_navigation2', 'cmake_prefix_path')
[1.861s] INFO:colcon.colcon_core.shell:Creating environment hook '/home/hzh/ros2_learn/chapt7/chapt7_ws/install/fishbot_navigation2/share/fishbot_navigation2/hook/cmake_prefix_path.ps1'
[1.864s] DEBUG:colcon.colcon_core.event_handler.log_command:Invoked command in '/home/hzh/ros2_learn/chapt7/chapt7_ws/build/fishbot_navigation2' returned '0': CMAKE_PREFIX_PATH=${CMAKE_PREFIX_PATH}:/home/hzh/ros2_learn/chapt7/chapt7_ws/install/fishbot_application:/opt/ros/humble /usr/bin/cmake --install /home/hzh/ros2_learn/chapt7/chapt7_ws/build/fishbot_navigation2
[1.866s] INFO:colcon.colcon_core.shell:Creating environment descriptor '/home/hzh/ros2_learn/chapt7/chapt7_ws/install/fishbot_navigation2/share/fishbot_navigation2/hook/cmake_prefix_path.dsv'
[1.868s] INFO:colcon.colcon_core.shell:Creating environment hook '/home/hzh/ros2_learn/chapt7/chapt7_ws/install/fishbot_navigation2/share/fishbot_navigation2/hook/cmake_prefix_path.sh'
[1.870s] Level 1:colcon.colcon_core.environment:checking '/home/hzh/ros2_learn/chapt7/chapt7_ws/install/fishbot_navigation2/bin'
[1.870s] Level 1:colcon.colcon_core.environment:checking '/home/hzh/ros2_learn/chapt7/chapt7_ws/install/fishbot_navigation2/lib/pkgconfig/fishbot_navigation2.pc'
[1.871s] Level 1:colcon.colcon_core.environment:checking '/home/hzh/ros2_learn/chapt7/chapt7_ws/install/fishbot_navigation2/lib/python3.10/site-packages'
[1.871s] Level 1:colcon.colcon_core.environment:checking '/home/hzh/ros2_learn/chapt7/chapt7_ws/install/fishbot_navigation2/bin'
[1.873s] INFO:colcon.colcon_core.shell:Creating package script '/home/hzh/ros2_learn/chapt7/chapt7_ws/install/fishbot_navigation2/share/fishbot_navigation2/package.ps1'
[1.874s] INFO:colcon.colcon_core.shell:Creating package descriptor '/home/hzh/ros2_learn/chapt7/chapt7_ws/install/fishbot_navigation2/share/fishbot_navigation2/package.dsv'
[1.876s] INFO:colcon.colcon_core.shell:Creating package script '/home/hzh/ros2_learn/chapt7/chapt7_ws/install/fishbot_navigation2/share/fishbot_navigation2/package.sh'
[1.880s] INFO:colcon.colcon_core.shell:Creating package script '/home/hzh/ros2_learn/chapt7/chapt7_ws/install/fishbot_navigation2/share/fishbot_navigation2/package.bash'
[1.886s] INFO:colcon.colcon_core.shell:Creating package script '/home/hzh/ros2_learn/chapt7/chapt7_ws/install/fishbot_navigation2/share/fishbot_navigation2/package.zsh'
[1.888s] Level 1:colcon.colcon_core.environment:create_file_with_runtime_dependencies(/home/hzh/ros2_learn/chapt7/chapt7_ws/install/fishbot_navigation2/share/colcon-core/packages/fishbot_navigation2)
[1.889s] Level 1:colcon.colcon_core.environment:create_environment_scripts_only(fishbot_navigation2)
[1.890s] Level 1:colcon.colcon_core.environment:checking '/home/hzh/ros2_learn/chapt7/chapt7_ws/install/fishbot_navigation2' for CMake module files
[1.891s] Level 1:colcon.colcon_core.environment:checking '/home/hzh/ros2_learn/chapt7/chapt7_ws/install/fishbot_navigation2' for CMake config files
[1.892s] Level 1:colcon.colcon_core.shell:create_environment_hook('fishbot_navigation2', 'cmake_prefix_path')
[1.893s] INFO:colcon.colcon_core.shell:Creating environment hook '/home/hzh/ros2_learn/chapt7/chapt7_ws/install/fishbot_navigation2/share/fishbot_navigation2/hook/cmake_prefix_path.ps1'
[1.895s] INFO:colcon.colcon_core.shell:Creating environment descriptor '/home/hzh/ros2_learn/chapt7/chapt7_ws/install/fishbot_navigation2/share/fishbot_navigation2/hook/cmake_prefix_path.dsv'
[1.901s] INFO:colcon.colcon_core.shell:Creating environment hook '/home/hzh/ros2_learn/chapt7/chapt7_ws/install/fishbot_navigation2/share/fishbot_navigation2/hook/cmake_prefix_path.sh'
[1.903s] Level 1:colcon.colcon_core.environment:checking '/home/hzh/ros2_learn/chapt7/chapt7_ws/install/fishbot_navigation2/bin'
[1.903s] Level 1:colcon.colcon_core.environment:checking '/home/hzh/ros2_learn/chapt7/chapt7_ws/install/fishbot_navigation2/lib/pkgconfig/fishbot_navigation2.pc'
[1.903s] Level 1:colcon.colcon_core.environment:checking '/home/hzh/ros2_learn/chapt7/chapt7_ws/install/fishbot_navigation2/lib/python3.10/site-packages'
[1.904s] Level 1:colcon.colcon_core.environment:checking '/home/hzh/ros2_learn/chapt7/chapt7_ws/install/fishbot_navigation2/bin'
[1.904s] INFO:colcon.colcon_core.shell:Creating package script '/home/hzh/ros2_learn/chapt7/chapt7_ws/install/fishbot_navigation2/share/fishbot_navigation2/package.ps1'
[1.906s] INFO:colcon.colcon_core.shell:Creating package descriptor '/home/hzh/ros2_learn/chapt7/chapt7_ws/install/fishbot_navigation2/share/fishbot_navigation2/package.dsv'
[1.908s] INFO:colcon.colcon_core.shell:Creating package script '/home/hzh/ros2_learn/chapt7/chapt7_ws/install/fishbot_navigation2/share/fishbot_navigation2/package.sh'
[1.910s] INFO:colcon.colcon_core.shell:Creating package script '/home/hzh/ros2_learn/chapt7/chapt7_ws/install/fishbot_navigation2/share/fishbot_navigation2/package.bash'
[1.912s] INFO:colcon.colcon_core.shell:Creating package script '/home/hzh/ros2_learn/chapt7/chapt7_ws/install/fishbot_navigation2/share/fishbot_navigation2/package.zsh'
[1.914s] Level 1:colcon.colcon_core.environment:create_file_with_runtime_dependencies(/home/hzh/ros2_learn/chapt7/chapt7_ws/install/fishbot_navigation2/share/colcon-core/packages/fishbot_navigation2)
[2.382s] DEBUG:colcon.colcon_core.event_handler.log_command:Invoking command in '/home/hzh/ros2_learn/chapt7/chapt7_ws/src/autopartol_robot': PYTHONPATH=/home/hzh/ros2_learn/chapt7/chapt7_ws/build/autopartol_robot/prefix_override:/usr/lib/python3/dist-packages/colcon_core/task/python/colcon_distutils_commands:/home/hzh/ros2_learn/chapt7/chapt7_ws/install/autopartol_robot/lib/python3.10/site-packages:${PYTHONPATH} /usr/bin/python3 -W ignore:setup.py install is deprecated -W ignore:easy_install command is deprecated setup.py egg_info --egg-base ../../build/autopartol_robot build --build-base /home/hzh/ros2_learn/chapt7/chapt7_ws/build/autopartol_robot/build install --record /home/hzh/ros2_learn/chapt7/chapt7_ws/build/autopartol_robot/install.log --single-version-externally-managed install_data
[2.479s] DEBUG:colcon.colcon_core.event_handler.log_command:Invoking command in '/home/hzh/ros2_learn/chapt7/chapt7_ws/src/fishbot_application': PYTHONPATH=/home/hzh/ros2_learn/chapt7/chapt7_ws/build/fishbot_application/prefix_override:/usr/lib/python3/dist-packages/colcon_core/task/python/colcon_distutils_commands:/home/hzh/ros2_learn/chapt7/chapt7_ws/install/fishbot_application/lib/python3.10/site-packages:${PYTHONPATH} /usr/bin/python3 -W ignore:setup.py install is deprecated -W ignore:easy_install command is deprecated setup.py egg_info --egg-base ../../build/fishbot_application build --build-base /home/hzh/ros2_learn/chapt7/chapt7_ws/build/fishbot_application/build install --record /home/hzh/ros2_learn/chapt7/chapt7_ws/build/fishbot_application/install.log --single-version-externally-managed install_data
[2.983s] Level 1:colcon.colcon_core.environment:checking '/home/hzh/ros2_learn/chapt7/chapt7_ws/install/autopartol_robot' for CMake module files
[2.984s] Level 1:colcon.colcon_core.environment:checking '/home/hzh/ros2_learn/chapt7/chapt7_ws/install/autopartol_robot' for CMake config files
[2.987s] DEBUG:colcon.colcon_core.event_handler.log_command:Invoked command in '/home/hzh/ros2_learn/chapt7/chapt7_ws/src/autopartol_robot' returned '0': PYTHONPATH=/home/hzh/ros2_learn/chapt7/chapt7_ws/build/autopartol_robot/prefix_override:/usr/lib/python3/dist-packages/colcon_core/task/python/colcon_distutils_commands:/home/hzh/ros2_learn/chapt7/chapt7_ws/install/autopartol_robot/lib/python3.10/site-packages:${PYTHONPATH} /usr/bin/python3 -W ignore:setup.py install is deprecated -W ignore:easy_install command is deprecated setup.py egg_info --egg-base ../../build/autopartol_robot build --build-base /home/hzh/ros2_learn/chapt7/chapt7_ws/build/autopartol_robot/build install --record /home/hzh/ros2_learn/chapt7/chapt7_ws/build/autopartol_robot/install.log --single-version-externally-managed install_data
[2.988s] Level 1:colcon.colcon_core.environment:checking '/home/hzh/ros2_learn/chapt7/chapt7_ws/install/autopartol_robot/lib'
[2.990s] Level 1:colcon.colcon_core.environment:checking '/home/hzh/ros2_learn/chapt7/chapt7_ws/install/autopartol_robot/bin'
[2.990s] Level 1:colcon.colcon_core.environment:checking '/home/hzh/ros2_learn/chapt7/chapt7_ws/install/autopartol_robot/lib/pkgconfig/autopartol_robot.pc'
[2.990s] Level 1:colcon.colcon_core.environment:checking '/home/hzh/ros2_learn/chapt7/chapt7_ws/install/autopartol_robot/lib/python3.10/site-packages'
[2.990s] Level 1:colcon.colcon_core.shell:create_environment_hook('autopartol_robot', 'pythonpath')
[2.991s] INFO:colcon.colcon_core.shell:Creating environment hook '/home/hzh/ros2_learn/chapt7/chapt7_ws/install/autopartol_robot/share/autopartol_robot/hook/pythonpath.ps1'
[2.992s] INFO:colcon.colcon_core.shell:Creating environment descriptor '/home/hzh/ros2_learn/chapt7/chapt7_ws/install/autopartol_robot/share/autopartol_robot/hook/pythonpath.dsv'
[2.993s] INFO:colcon.colcon_core.shell:Creating environment hook '/home/hzh/ros2_learn/chapt7/chapt7_ws/install/autopartol_robot/share/autopartol_robot/hook/pythonpath.sh'
[2.995s] Level 1:colcon.colcon_core.environment:checking '/home/hzh/ros2_learn/chapt7/chapt7_ws/install/autopartol_robot/bin'
[2.995s] Level 1:colcon.colcon_core.environment:create_environment_scripts_only(autopartol_robot)
[2.997s] INFO:colcon.colcon_core.shell:Creating package script '/home/hzh/ros2_learn/chapt7/chapt7_ws/install/autopartol_robot/share/autopartol_robot/package.ps1'
[2.999s] INFO:colcon.colcon_core.shell:Creating package descriptor '/home/hzh/ros2_learn/chapt7/chapt7_ws/install/autopartol_robot/share/autopartol_robot/package.dsv'
[3.001s] INFO:colcon.colcon_core.shell:Creating package script '/home/hzh/ros2_learn/chapt7/chapt7_ws/install/autopartol_robot/share/autopartol_robot/package.sh'
[3.002s] INFO:colcon.colcon_core.shell:Creating package script '/home/hzh/ros2_learn/chapt7/chapt7_ws/install/autopartol_robot/share/autopartol_robot/package.bash'
[3.004s] INFO:colcon.colcon_core.shell:Creating package script '/home/hzh/ros2_learn/chapt7/chapt7_ws/install/autopartol_robot/share/autopartol_robot/package.zsh'
[3.005s] Level 1:colcon.colcon_core.environment:create_file_with_runtime_dependencies(/home/hzh/ros2_learn/chapt7/chapt7_ws/install/autopartol_robot/share/colcon-core/packages/autopartol_robot)
[3.118s] Level 1:colcon.colcon_core.environment:checking '/home/hzh/ros2_learn/chapt7/chapt7_ws/install/fishbot_application' for CMake module files
[3.119s] DEBUG:colcon.colcon_core.event_handler.log_command:Invoked command in '/home/hzh/ros2_learn/chapt7/chapt7_ws/src/fishbot_application' returned '0': PYTHONPATH=/home/hzh/ros2_learn/chapt7/chapt7_ws/build/fishbot_application/prefix_override:/usr/lib/python3/dist-packages/colcon_core/task/python/colcon_distutils_commands:/home/hzh/ros2_learn/chapt7/chapt7_ws/install/fishbot_application/lib/python3.10/site-packages:${PYTHONPATH} /usr/bin/python3 -W ignore:setup.py install is deprecated -W ignore:easy_install command is deprecated setup.py egg_info --egg-base ../../build/fishbot_application build --build-base /home/hzh/ros2_learn/chapt7/chapt7_ws/build/fishbot_application/build install --record /home/hzh/ros2_learn/chapt7/chapt7_ws/build/fishbot_application/install.log --single-version-externally-managed install_data
[3.120s] Level 1:colcon.colcon_core.environment:checking '/home/hzh/ros2_learn/chapt7/chapt7_ws/install/fishbot_application' for CMake config files
[3.121s] Level 1:colcon.colcon_core.environment:checking '/home/hzh/ros2_learn/chapt7/chapt7_ws/install/fishbot_application/lib'
[3.121s] Level 1:colcon.colcon_core.environment:checking '/home/hzh/ros2_learn/chapt7/chapt7_ws/install/fishbot_application/bin'
[3.121s] Level 1:colcon.colcon_core.environment:checking '/home/hzh/ros2_learn/chapt7/chapt7_ws/install/fishbot_application/lib/pkgconfig/fishbot_application.pc'
[3.122s] Level 1:colcon.colcon_core.environment:checking '/home/hzh/ros2_learn/chapt7/chapt7_ws/install/fishbot_application/lib/python3.10/site-packages'
[3.122s] Level 1:colcon.colcon_core.shell:create_environment_hook('fishbot_application', 'pythonpath')
[3.123s] INFO:colcon.colcon_core.shell:Creating environment hook '/home/hzh/ros2_learn/chapt7/chapt7_ws/install/fishbot_application/share/fishbot_application/hook/pythonpath.ps1'
[3.124s] INFO:colcon.colcon_core.shell:Creating environment descriptor '/home/hzh/ros2_learn/chapt7/chapt7_ws/install/fishbot_application/share/fishbot_application/hook/pythonpath.dsv'
[3.125s] INFO:colcon.colcon_core.shell:Creating environment hook '/home/hzh/ros2_learn/chapt7/chapt7_ws/install/fishbot_application/share/fishbot_application/hook/pythonpath.sh'
[3.127s] Level 1:colcon.colcon_core.environment:checking '/home/hzh/ros2_learn/chapt7/chapt7_ws/install/fishbot_application/bin'
[3.127s] Level 1:colcon.colcon_core.environment:create_environment_scripts_only(fishbot_application)
[3.128s] INFO:colcon.colcon_core.shell:Creating package script '/home/hzh/ros2_learn/chapt7/chapt7_ws/install/fishbot_application/share/fishbot_application/package.ps1'
[3.130s] INFO:colcon.colcon_core.shell:Creating package descriptor '/home/hzh/ros2_learn/chapt7/chapt7_ws/install/fishbot_application/share/fishbot_application/package.dsv'
[3.132s] INFO:colcon.colcon_core.shell:Creating package script '/home/hzh/ros2_learn/chapt7/chapt7_ws/install/fishbot_application/share/fishbot_application/package.sh'
[3.133s] INFO:colcon.colcon_core.shell:Creating package script '/home/hzh/ros2_learn/chapt7/chapt7_ws/install/fishbot_application/share/fishbot_application/package.bash'
[3.135s] INFO:colcon.colcon_core.shell:Creating package script '/home/hzh/ros2_learn/chapt7/chapt7_ws/install/fishbot_application/share/fishbot_application/package.zsh'
[3.139s] Level 1:colcon.colcon_core.environment:create_file_with_runtime_dependencies(/home/hzh/ros2_learn/chapt7/chapt7_ws/install/fishbot_application/share/colcon-core/packages/fishbot_application)
[3.141s] DEBUG:colcon.colcon_parallel_executor.executor.parallel:closing loop
[3.141s] DEBUG:colcon.colcon_parallel_executor.executor.parallel:loop closed
[3.142s] DEBUG:colcon.colcon_parallel_executor.executor.parallel:run_until_complete finished with '0'
[3.142s] DEBUG:colcon.colcon_core.event_reactor:joining thread
[3.154s] INFO:colcon.colcon_core.plugin_system:Skipping extension 'colcon_notification.desktop_notification.terminal_notifier': Not used on non-Darwin systems
[3.155s] INFO:colcon.colcon_core.plugin_system:Skipping extension 'colcon_notification.desktop_notification.win32': Not used on non-Windows systems
[3.155s] INFO:colcon.colcon_notification.desktop_notification:Sending desktop notification using 'notify2'
[3.190s] DEBUG:colcon.colcon_core.event_reactor:joined thread
[3.190s] INFO:colcon.colcon_core.shell:Creating prefix script '/home/hzh/ros2_learn/chapt7/chapt7_ws/install/local_setup.ps1'
[3.192s] INFO:colcon.colcon_core.shell:Creating prefix util module '/home/hzh/ros2_learn/chapt7/chapt7_ws/install/_local_setup_util_ps1.py'
[3.195s] INFO:colcon.colcon_core.shell:Creating prefix chain script '/home/hzh/ros2_learn/chapt7/chapt7_ws/install/setup.ps1'
[3.200s] INFO:colcon.colcon_core.shell:Creating prefix script '/home/hzh/ros2_learn/chapt7/chapt7_ws/install/local_setup.sh'
[3.201s] INFO:colcon.colcon_core.shell:Creating prefix util module '/home/hzh/ros2_learn/chapt7/chapt7_ws/install/_local_setup_util_sh.py'
[3.203s] INFO:colcon.colcon_core.shell:Creating prefix chain script '/home/hzh/ros2_learn/chapt7/chapt7_ws/install/setup.sh'
[3.205s] INFO:colcon.colcon_core.shell:Creating prefix script '/home/hzh/ros2_learn/chapt7/chapt7_ws/install/local_setup.bash'
[3.207s] INFO:colcon.colcon_core.shell:Creating prefix chain script '/home/hzh/ros2_learn/chapt7/chapt7_ws/install/setup.bash'
[3.209s] INFO:colcon.colcon_core.shell:Creating prefix script '/home/hzh/ros2_learn/chapt7/chapt7_ws/install/local_setup.zsh'
[3.211s] INFO:colcon.colcon_core.shell:Creating prefix chain script '/home/hzh/ros2_learn/chapt7/chapt7_ws/install/setup.zsh'
