[2.090s] Invoking command in '/home/hzh/ros2_learn/chapt7/chapt7_ws/src/fishbot_application': PYTHONPATH=/home/hzh/ros2_learn/chapt7/chapt7_ws/build/fishbot_application/prefix_override:/usr/lib/python3/dist-packages/colcon_core/task/python/colcon_distutils_commands:/home/hzh/ros2_learn/chapt7/chapt7_ws/install/fishbot_application/lib/python3.10/site-packages:${PYTHONPATH} /usr/bin/python3 -W ignore:setup.py install is deprecated -W ignore:easy_install command is deprecated setup.py egg_info --egg-base ../../build/fishbot_application build --build-base /home/hzh/ros2_learn/chapt7/chapt7_ws/build/fishbot_application/build install --record /home/hzh/ros2_learn/chapt7/chapt7_ws/build/fishbot_application/install.log --single-version-externally-managed install_data
[2.954s] running egg_info
[2.958s] writing ../../build/fishbot_application/fishbot_application.egg-info/PKG-INFO
[2.958s] writing dependency_links to ../../build/fishbot_application/fishbot_application.egg-info/dependency_links.txt
[2.959s] writing entry points to ../../build/fishbot_application/fishbot_application.egg-info/entry_points.txt
[2.959s] writing requirements to ../../build/fishbot_application/fishbot_application.egg-info/requires.txt
[2.960s] writing top-level names to ../../build/fishbot_application/fishbot_application.egg-info/top_level.txt
[2.965s] reading manifest file '../../build/fishbot_application/fishbot_application.egg-info/SOURCES.txt'
[2.968s] adding license file 'LICENSE'
[2.968s] writing manifest file '../../build/fishbot_application/fishbot_application.egg-info/SOURCES.txt'
[2.968s] running build
[2.971s] running build_py
[2.978s] running install
[2.978s] running install_lib
[2.979s] running install_data
[2.979s] running install_egg_info
[2.980s] removing '/home/hzh/ros2_learn/chapt7/chapt7_ws/install/fishbot_application/lib/python3.10/site-packages/fishbot_application-0.0.0-py3.10.egg-info' (and everything under it)
[2.980s] Copying ../../build/fishbot_application/fishbot_application.egg-info to /home/hzh/ros2_learn/chapt7/chapt7_ws/install/fishbot_application/lib/python3.10/site-packages/fishbot_application-0.0.0-py3.10.egg-info
[2.983s] running install_scripts
[3.034s] Installing get_robot_pose script to /home/hzh/ros2_learn/chapt7/chapt7_ws/install/fishbot_application/lib/fishbot_application
[3.035s] Installing init_robot_pose script to /home/hzh/ros2_learn/chapt7/chapt7_ws/install/fishbot_application/lib/fishbot_application
[3.037s] Installing nav_to_pose script to /home/hzh/ros2_learn/chapt7/chapt7_ws/install/fishbot_application/lib/fishbot_application
[3.038s] Installing waypoint_follower script to /home/hzh/ros2_learn/chapt7/chapt7_ws/install/fishbot_application/lib/fishbot_application
[3.041s] writing list of installed files to '/home/hzh/ros2_learn/chapt7/chapt7_ws/build/fishbot_application/install.log'
[3.117s] Invoked command in '/home/hzh/ros2_learn/chapt7/chapt7_ws/src/fishbot_application' returned '0': PYTHONPATH=/home/hzh/ros2_learn/chapt7/chapt7_ws/build/fishbot_application/prefix_override:/usr/lib/python3/dist-packages/colcon_core/task/python/colcon_distutils_commands:/home/hzh/ros2_learn/chapt7/chapt7_ws/install/fishbot_application/lib/python3.10/site-packages:${PYTHONPATH} /usr/bin/python3 -W ignore:setup.py install is deprecated -W ignore:easy_install command is deprecated setup.py egg_info --egg-base ../../build/fishbot_application build --build-base /home/hzh/ros2_learn/chapt7/chapt7_ws/build/fishbot_application/build install --record /home/hzh/ros2_learn/chapt7/chapt7_ws/build/fishbot_application/install.log --single-version-externally-managed install_data
