[0.157s] DEBUG:colcon:Command line arguments: ['/usr/bin/colcon', 'build']
[0.157s] DEBUG:colcon:Parsed command line arguments: Namespace(log_base=None, log_level=None, verb_name='build', build_base='build', install_base='install', merge_install=False, symlink_install=False, test_result_base=None, continue_on_error=False, executor='parallel', parallel_workers=4, event_handlers=None, ignore_user_meta=False, metas=['./colcon.meta'], base_paths=['.'], packages_ignore=None, packages_ignore_regex=None, paths=None, packages_up_to=None, packages_up_to_regex=None, packages_above=None, packages_above_and_dependencies=None, packages_above_depth=None, packages_select_by_dep=None, packages_skip_by_dep=None, packages_skip_up_to=None, packages_select_build_failed=False, packages_skip_build_finished=False, packages_select_test_failures=False, packages_skip_test_passed=False, packages_select=None, packages_skip=None, packages_select_regex=None, packages_skip_regex=None, packages_start=None, packages_end=None, allow_overriding=[], cmake_args=None, cmake_target=None, cmake_target_skip_unavailable=False, cmake_clean_cache=False, cmake_clean_first=False, cmake_force_configure=False, ament_cmake_args=None, catkin_cmake_args=None, catkin_skip_building_tests=False, verb_parser=<colcon_defaults.argument_parser.defaults.DefaultArgumentsDecorator object at 0x7fbc6092bf70>, verb_extension=<colcon_core.verb.build.BuildVerb object at 0x7fbc6092b970>, main=<bound method BuildVerb.main of <colcon_core.verb.build.BuildVerb object at 0x7fbc6092b970>>)
[0.377s] Level 1:colcon.colcon_core.package_discovery:discover_packages(colcon_meta) check parameters
[0.377s] Level 1:colcon.colcon_core.package_discovery:discover_packages(recursive) check parameters
[0.377s] Level 1:colcon.colcon_core.package_discovery:discover_packages(ignore) check parameters
[0.377s] Level 1:colcon.colcon_core.package_discovery:discover_packages(path) check parameters
[0.377s] Level 1:colcon.colcon_core.package_discovery:discover_packages(colcon_meta) discover
[0.378s] Level 1:colcon.colcon_core.package_discovery:discover_packages(recursive) discover
[0.378s] INFO:colcon.colcon_core.package_discovery:Crawling recursively for packages in '/home/hzh/ros2_learn/chapt6/chapt6_ws'
[0.378s] Level 1:colcon.colcon_core.package_identification:_identify(.) by extensions ['ignore', 'ignore_ament_install']
[0.378s] Level 1:colcon.colcon_core.package_identification:_identify(.) by extension 'ignore'
[0.378s] Level 1:colcon.colcon_core.package_identification:_identify(.) by extension 'ignore_ament_install'
[0.378s] Level 1:colcon.colcon_core.package_identification:_identify(.) by extensions ['colcon_pkg']
[0.378s] Level 1:colcon.colcon_core.package_identification:_identify(.) by extension 'colcon_pkg'
[0.378s] Level 1:colcon.colcon_core.package_identification:_identify(.) by extensions ['colcon_meta']
[0.378s] Level 1:colcon.colcon_core.package_identification:_identify(.) by extension 'colcon_meta'
[0.379s] Level 1:colcon.colcon_core.package_identification:_identify(.) by extensions ['ros']
[0.379s] Level 1:colcon.colcon_core.package_identification:_identify(.) by extension 'ros'
[0.395s] Level 1:colcon.colcon_core.package_identification:_identify(.) by extensions ['cmake', 'python']
[0.395s] Level 1:colcon.colcon_core.package_identification:_identify(.) by extension 'cmake'
[0.395s] Level 1:colcon.colcon_core.package_identification:_identify(.) by extension 'python'
[0.395s] Level 1:colcon.colcon_core.package_identification:_identify(.) by extensions ['python_setup_py']
[0.395s] Level 1:colcon.colcon_core.package_identification:_identify(.) by extension 'python_setup_py'
[0.396s] Level 1:colcon.colcon_core.package_identification:_identify(build) by extensions ['ignore', 'ignore_ament_install']
[0.396s] Level 1:colcon.colcon_core.package_identification:_identify(build) by extension 'ignore'
[0.396s] Level 1:colcon.colcon_core.package_identification:_identify(build) ignored
[0.396s] Level 1:colcon.colcon_core.package_identification:_identify(install) by extensions ['ignore', 'ignore_ament_install']
[0.396s] Level 1:colcon.colcon_core.package_identification:_identify(install) by extension 'ignore'
[0.396s] Level 1:colcon.colcon_core.package_identification:_identify(install) ignored
[0.396s] Level 1:colcon.colcon_core.package_identification:_identify(log) by extensions ['ignore', 'ignore_ament_install']
[0.397s] Level 1:colcon.colcon_core.package_identification:_identify(log) by extension 'ignore'
[0.397s] Level 1:colcon.colcon_core.package_identification:_identify(log) ignored
[0.397s] Level 1:colcon.colcon_core.package_identification:_identify(src) by extensions ['ignore', 'ignore_ament_install']
[0.397s] Level 1:colcon.colcon_core.package_identification:_identify(src) by extension 'ignore'
[0.397s] Level 1:colcon.colcon_core.package_identification:_identify(src) by extension 'ignore_ament_install'
[0.397s] Level 1:colcon.colcon_core.package_identification:_identify(src) by extensions ['colcon_pkg']
[0.397s] Level 1:colcon.colcon_core.package_identification:_identify(src) by extension 'colcon_pkg'
[0.397s] Level 1:colcon.colcon_core.package_identification:_identify(src) by extensions ['colcon_meta']
[0.397s] Level 1:colcon.colcon_core.package_identification:_identify(src) by extension 'colcon_meta'
[0.397s] Level 1:colcon.colcon_core.package_identification:_identify(src) by extensions ['ros']
[0.397s] Level 1:colcon.colcon_core.package_identification:_identify(src) by extension 'ros'
[0.397s] Level 1:colcon.colcon_core.package_identification:_identify(src) by extensions ['cmake', 'python']
[0.397s] Level 1:colcon.colcon_core.package_identification:_identify(src) by extension 'cmake'
[0.397s] Level 1:colcon.colcon_core.package_identification:_identify(src) by extension 'python'
[0.397s] Level 1:colcon.colcon_core.package_identification:_identify(src) by extensions ['python_setup_py']
[0.397s] Level 1:colcon.colcon_core.package_identification:_identify(src) by extension 'python_setup_py'
[0.397s] Level 1:colcon.colcon_core.package_identification:_identify(src/fishbot_description) by extensions ['ignore', 'ignore_ament_install']
[0.398s] Level 1:colcon.colcon_core.package_identification:_identify(src/fishbot_description) by extension 'ignore'
[0.398s] Level 1:colcon.colcon_core.package_identification:_identify(src/fishbot_description) by extension 'ignore_ament_install'
[0.398s] Level 1:colcon.colcon_core.package_identification:_identify(src/fishbot_description) by extensions ['colcon_pkg']
[0.398s] Level 1:colcon.colcon_core.package_identification:_identify(src/fishbot_description) by extension 'colcon_pkg'
[0.398s] Level 1:colcon.colcon_core.package_identification:_identify(src/fishbot_description) by extensions ['colcon_meta']
[0.398s] Level 1:colcon.colcon_core.package_identification:_identify(src/fishbot_description) by extension 'colcon_meta'
[0.398s] Level 1:colcon.colcon_core.package_identification:_identify(src/fishbot_description) by extensions ['ros']
[0.398s] Level 1:colcon.colcon_core.package_identification:_identify(src/fishbot_description) by extension 'ros'
[0.402s] DEBUG:colcon.colcon_core.package_identification:Package 'src/fishbot_description' with type 'ros.ament_cmake' and name 'fishbot_description'
[0.403s] Level 1:colcon.colcon_core.package_identification:_identify(tmp) by extensions ['ignore', 'ignore_ament_install']
[0.403s] Level 1:colcon.colcon_core.package_identification:_identify(tmp) by extension 'ignore'
[0.403s] Level 1:colcon.colcon_core.package_identification:_identify(tmp) by extension 'ignore_ament_install'
[0.403s] Level 1:colcon.colcon_core.package_identification:_identify(tmp) by extensions ['colcon_pkg']
[0.403s] Level 1:colcon.colcon_core.package_identification:_identify(tmp) by extension 'colcon_pkg'
[0.403s] Level 1:colcon.colcon_core.package_identification:_identify(tmp) by extensions ['colcon_meta']
[0.403s] Level 1:colcon.colcon_core.package_identification:_identify(tmp) by extension 'colcon_meta'
[0.404s] Level 1:colcon.colcon_core.package_identification:_identify(tmp) by extensions ['ros']
[0.404s] Level 1:colcon.colcon_core.package_identification:_identify(tmp) by extension 'ros'
[0.404s] Level 1:colcon.colcon_core.package_identification:_identify(tmp) by extensions ['cmake', 'python']
[0.404s] Level 1:colcon.colcon_core.package_identification:_identify(tmp) by extension 'cmake'
[0.404s] Level 1:colcon.colcon_core.package_identification:_identify(tmp) by extension 'python'
[0.404s] Level 1:colcon.colcon_core.package_identification:_identify(tmp) by extensions ['python_setup_py']
[0.404s] Level 1:colcon.colcon_core.package_identification:_identify(tmp) by extension 'python_setup_py'
[0.404s] Level 1:colcon.colcon_core.package_identification:_identify(tmp/aha) by extensions ['ignore', 'ignore_ament_install']
[0.404s] Level 1:colcon.colcon_core.package_identification:_identify(tmp/aha) by extension 'ignore'
[0.404s] Level 1:colcon.colcon_core.package_identification:_identify(tmp/aha) by extension 'ignore_ament_install'
[0.404s] Level 1:colcon.colcon_core.package_identification:_identify(tmp/aha) by extensions ['colcon_pkg']
[0.405s] Level 1:colcon.colcon_core.package_identification:_identify(tmp/aha) by extension 'colcon_pkg'
[0.405s] Level 1:colcon.colcon_core.package_identification:_identify(tmp/aha) by extensions ['colcon_meta']
[0.405s] Level 1:colcon.colcon_core.package_identification:_identify(tmp/aha) by extension 'colcon_meta'
[0.405s] Level 1:colcon.colcon_core.package_identification:_identify(tmp/aha) by extensions ['ros']
[0.405s] Level 1:colcon.colcon_core.package_identification:_identify(tmp/aha) by extension 'ros'
[0.405s] Level 1:colcon.colcon_core.package_identification:_identify(tmp/aha) by extensions ['cmake', 'python']
[0.405s] Level 1:colcon.colcon_core.package_identification:_identify(tmp/aha) by extension 'cmake'
[0.405s] Level 1:colcon.colcon_core.package_identification:_identify(tmp/aha) by extension 'python'
[0.405s] Level 1:colcon.colcon_core.package_identification:_identify(tmp/aha) by extensions ['python_setup_py']
[0.405s] Level 1:colcon.colcon_core.package_identification:_identify(tmp/aha) by extension 'python_setup_py'
[0.406s] Level 1:colcon.colcon_core.package_identification:_identify(tmp/aha/dconf) by extensions ['ignore', 'ignore_ament_install']
[0.406s] Level 1:colcon.colcon_core.package_identification:_identify(tmp/aha/dconf) by extension 'ignore'
[0.406s] Level 1:colcon.colcon_core.package_identification:_identify(tmp/aha/dconf) by extension 'ignore_ament_install'
[0.406s] Level 1:colcon.colcon_core.package_identification:_identify(tmp/aha/dconf) by extensions ['colcon_pkg']
[0.406s] Level 1:colcon.colcon_core.package_identification:_identify(tmp/aha/dconf) by extension 'colcon_pkg'
[0.406s] Level 1:colcon.colcon_core.package_identification:_identify(tmp/aha/dconf) by extensions ['colcon_meta']
[0.406s] Level 1:colcon.colcon_core.package_identification:_identify(tmp/aha/dconf) by extension 'colcon_meta'
[0.406s] Level 1:colcon.colcon_core.package_identification:_identify(tmp/aha/dconf) by extensions ['ros']
[0.406s] Level 1:colcon.colcon_core.package_identification:_identify(tmp/aha/dconf) by extension 'ros'
[0.406s] Level 1:colcon.colcon_core.package_identification:_identify(tmp/aha/dconf) by extensions ['cmake', 'python']
[0.406s] Level 1:colcon.colcon_core.package_identification:_identify(tmp/aha/dconf) by extension 'cmake'
[0.406s] Level 1:colcon.colcon_core.package_identification:_identify(tmp/aha/dconf) by extension 'python'
[0.406s] Level 1:colcon.colcon_core.package_identification:_identify(tmp/aha/dconf) by extensions ['python_setup_py']
[0.406s] Level 1:colcon.colcon_core.package_identification:_identify(tmp/aha/dconf) by extension 'python_setup_py'
[0.406s] Level 1:colcon.colcon_core.package_discovery:discover_packages(recursive) using defaults
[0.406s] Level 1:colcon.colcon_core.package_discovery:discover_packages(ignore) discover
[0.406s] Level 1:colcon.colcon_core.package_discovery:discover_packages(ignore) using defaults
[0.406s] Level 1:colcon.colcon_core.package_discovery:discover_packages(path) discover
[0.406s] Level 1:colcon.colcon_core.package_discovery:discover_packages(path) using defaults
[0.437s] Level 1:colcon.colcon_core.package_discovery:discover_packages(prefix_path) check parameters
[0.437s] Level 1:colcon.colcon_core.package_discovery:discover_packages(prefix_path) discover
[0.441s] DEBUG:colcon.colcon_installed_package_information.package_discovery:Found 1 installed packages in /home/hzh/ros2_learn/chapt6/chapt6_ws/install
[0.444s] DEBUG:colcon.colcon_installed_package_information.package_discovery:Found 327 installed packages in /opt/ros/humble
[0.468s] Level 1:colcon.colcon_core.package_discovery:discover_packages(prefix_path) using defaults
[0.524s] Level 5:colcon.colcon_core.verb:set package 'fishbot_description' build argument 'cmake_args' from command line to 'None'
[0.524s] Level 5:colcon.colcon_core.verb:set package 'fishbot_description' build argument 'cmake_target' from command line to 'None'
[0.524s] Level 5:colcon.colcon_core.verb:set package 'fishbot_description' build argument 'cmake_target_skip_unavailable' from command line to 'False'
[0.524s] Level 5:colcon.colcon_core.verb:set package 'fishbot_description' build argument 'cmake_clean_cache' from command line to 'False'
[0.524s] Level 5:colcon.colcon_core.verb:set package 'fishbot_description' build argument 'cmake_clean_first' from command line to 'False'
[0.524s] Level 5:colcon.colcon_core.verb:set package 'fishbot_description' build argument 'cmake_force_configure' from command line to 'False'
[0.524s] Level 5:colcon.colcon_core.verb:set package 'fishbot_description' build argument 'ament_cmake_args' from command line to 'None'
[0.525s] Level 5:colcon.colcon_core.verb:set package 'fishbot_description' build argument 'catkin_cmake_args' from command line to 'None'
[0.525s] Level 5:colcon.colcon_core.verb:set package 'fishbot_description' build argument 'catkin_skip_building_tests' from command line to 'False'
[0.525s] DEBUG:colcon.colcon_core.verb:Building package 'fishbot_description' with the following arguments: {'ament_cmake_args': None, 'build_base': '/home/hzh/ros2_learn/chapt6/chapt6_ws/build/fishbot_description', 'catkin_cmake_args': None, 'catkin_skip_building_tests': False, 'cmake_args': None, 'cmake_clean_cache': False, 'cmake_clean_first': False, 'cmake_force_configure': False, 'cmake_target': None, 'cmake_target_skip_unavailable': False, 'install_base': '/home/hzh/ros2_learn/chapt6/chapt6_ws/install/fishbot_description', 'merge_install': False, 'path': '/home/hzh/ros2_learn/chapt6/chapt6_ws/src/fishbot_description', 'symlink_install': False, 'test_result_base': None}
[0.525s] INFO:colcon.colcon_core.executor:Executing jobs using 'parallel' executor
[0.528s] DEBUG:colcon.colcon_parallel_executor.executor.parallel:run_until_complete
[0.528s] INFO:colcon.colcon_ros.task.ament_cmake.build:Building ROS package in '/home/hzh/ros2_learn/chapt6/chapt6_ws/src/fishbot_description' with build type 'ament_cmake'
[0.529s] INFO:colcon.colcon_cmake.task.cmake.build:Building CMake package in '/home/hzh/ros2_learn/chapt6/chapt6_ws/src/fishbot_description'
[0.536s] INFO:colcon.colcon_core.plugin_system:Skipping extension 'colcon_core.shell.bat': Not used on non-Windows systems
[0.536s] INFO:colcon.colcon_core.shell:Skip shell extension 'powershell' for command environment: Not usable outside of PowerShell
[0.536s] DEBUG:colcon.colcon_core.shell:Skip shell extension 'dsv' for command environment
[0.570s] DEBUG:colcon.colcon_core.event_handler.log_command:Invoking command in '/home/hzh/ros2_learn/chapt6/chapt6_ws/build/fishbot_description': CMAKE_PREFIX_PATH=${CMAKE_PREFIX_PATH}:/opt/ros/humble /usr/bin/cmake --build /home/hzh/ros2_learn/chapt6/chapt6_ws/build/fishbot_description -- -j4 -l4
[0.712s] DEBUG:colcon.colcon_core.event_handler.log_command:Invoked command in '/home/hzh/ros2_learn/chapt6/chapt6_ws/build/fishbot_description' returned '0': CMAKE_PREFIX_PATH=${CMAKE_PREFIX_PATH}:/opt/ros/humble /usr/bin/cmake --build /home/hzh/ros2_learn/chapt6/chapt6_ws/build/fishbot_description -- -j4 -l4
[0.765s] DEBUG:colcon.colcon_core.event_handler.log_command:Invoking command in '/home/hzh/ros2_learn/chapt6/chapt6_ws/build/fishbot_description': CMAKE_PREFIX_PATH=${CMAKE_PREFIX_PATH}:/opt/ros/humble /usr/bin/cmake --install /home/hzh/ros2_learn/chapt6/chapt6_ws/build/fishbot_description
[0.817s] Level 1:colcon.colcon_core.environment:create_environment_scripts_only(fishbot_description)
[0.819s] DEBUG:colcon.colcon_core.event_handler.log_command:Invoked command in '/home/hzh/ros2_learn/chapt6/chapt6_ws/build/fishbot_description' returned '0': CMAKE_PREFIX_PATH=${CMAKE_PREFIX_PATH}:/opt/ros/humble /usr/bin/cmake --install /home/hzh/ros2_learn/chapt6/chapt6_ws/build/fishbot_description
[0.830s] Level 1:colcon.colcon_core.environment:checking '/home/hzh/ros2_learn/chapt6/chapt6_ws/install/fishbot_description' for CMake module files
[0.834s] Level 1:colcon.colcon_core.environment:checking '/home/hzh/ros2_learn/chapt6/chapt6_ws/install/fishbot_description' for CMake config files
[0.835s] Level 1:colcon.colcon_core.shell:create_environment_hook('fishbot_description', 'cmake_prefix_path')
[0.836s] INFO:colcon.colcon_core.shell:Creating environment hook '/home/hzh/ros2_learn/chapt6/chapt6_ws/install/fishbot_description/share/fishbot_description/hook/cmake_prefix_path.ps1'
[0.841s] INFO:colcon.colcon_core.shell:Creating environment descriptor '/home/hzh/ros2_learn/chapt6/chapt6_ws/install/fishbot_description/share/fishbot_description/hook/cmake_prefix_path.dsv'
[0.843s] INFO:colcon.colcon_core.shell:Creating environment hook '/home/hzh/ros2_learn/chapt6/chapt6_ws/install/fishbot_description/share/fishbot_description/hook/cmake_prefix_path.sh'
[0.849s] Level 1:colcon.colcon_core.environment:checking '/home/hzh/ros2_learn/chapt6/chapt6_ws/install/fishbot_description/bin'
[0.850s] Level 1:colcon.colcon_core.environment:checking '/home/hzh/ros2_learn/chapt6/chapt6_ws/install/fishbot_description/lib/pkgconfig/fishbot_description.pc'
[0.850s] Level 1:colcon.colcon_core.environment:checking '/home/hzh/ros2_learn/chapt6/chapt6_ws/install/fishbot_description/lib/python3.10/site-packages'
[0.851s] Level 1:colcon.colcon_core.environment:checking '/home/hzh/ros2_learn/chapt6/chapt6_ws/install/fishbot_description/bin'
[0.852s] INFO:colcon.colcon_core.shell:Creating package script '/home/hzh/ros2_learn/chapt6/chapt6_ws/install/fishbot_description/share/fishbot_description/package.ps1'
[0.855s] INFO:colcon.colcon_core.shell:Creating package descriptor '/home/hzh/ros2_learn/chapt6/chapt6_ws/install/fishbot_description/share/fishbot_description/package.dsv'
[0.859s] INFO:colcon.colcon_core.shell:Creating package script '/home/hzh/ros2_learn/chapt6/chapt6_ws/install/fishbot_description/share/fishbot_description/package.sh'
[0.861s] INFO:colcon.colcon_core.shell:Creating package script '/home/hzh/ros2_learn/chapt6/chapt6_ws/install/fishbot_description/share/fishbot_description/package.bash'
[0.863s] INFO:colcon.colcon_core.shell:Creating package script '/home/hzh/ros2_learn/chapt6/chapt6_ws/install/fishbot_description/share/fishbot_description/package.zsh'
[0.867s] Level 1:colcon.colcon_core.environment:create_file_with_runtime_dependencies(/home/hzh/ros2_learn/chapt6/chapt6_ws/install/fishbot_description/share/colcon-core/packages/fishbot_description)
[0.869s] Level 1:colcon.colcon_core.environment:create_environment_scripts_only(fishbot_description)
[0.869s] Level 1:colcon.colcon_core.environment:checking '/home/hzh/ros2_learn/chapt6/chapt6_ws/install/fishbot_description' for CMake module files
[0.870s] Level 1:colcon.colcon_core.environment:checking '/home/hzh/ros2_learn/chapt6/chapt6_ws/install/fishbot_description' for CMake config files
[0.870s] Level 1:colcon.colcon_core.shell:create_environment_hook('fishbot_description', 'cmake_prefix_path')
[0.871s] INFO:colcon.colcon_core.shell:Creating environment hook '/home/hzh/ros2_learn/chapt6/chapt6_ws/install/fishbot_description/share/fishbot_description/hook/cmake_prefix_path.ps1'
[0.874s] INFO:colcon.colcon_core.shell:Creating environment descriptor '/home/hzh/ros2_learn/chapt6/chapt6_ws/install/fishbot_description/share/fishbot_description/hook/cmake_prefix_path.dsv'
[0.875s] INFO:colcon.colcon_core.shell:Creating environment hook '/home/hzh/ros2_learn/chapt6/chapt6_ws/install/fishbot_description/share/fishbot_description/hook/cmake_prefix_path.sh'
[0.881s] Level 1:colcon.colcon_core.environment:checking '/home/hzh/ros2_learn/chapt6/chapt6_ws/install/fishbot_description/bin'
[0.881s] Level 1:colcon.colcon_core.environment:checking '/home/hzh/ros2_learn/chapt6/chapt6_ws/install/fishbot_description/lib/pkgconfig/fishbot_description.pc'
[0.882s] Level 1:colcon.colcon_core.environment:checking '/home/hzh/ros2_learn/chapt6/chapt6_ws/install/fishbot_description/lib/python3.10/site-packages'
[0.882s] Level 1:colcon.colcon_core.environment:checking '/home/hzh/ros2_learn/chapt6/chapt6_ws/install/fishbot_description/bin'
[0.883s] INFO:colcon.colcon_core.shell:Creating package script '/home/hzh/ros2_learn/chapt6/chapt6_ws/install/fishbot_description/share/fishbot_description/package.ps1'
[0.885s] INFO:colcon.colcon_core.shell:Creating package descriptor '/home/hzh/ros2_learn/chapt6/chapt6_ws/install/fishbot_description/share/fishbot_description/package.dsv'
[0.890s] INFO:colcon.colcon_core.shell:Creating package script '/home/hzh/ros2_learn/chapt6/chapt6_ws/install/fishbot_description/share/fishbot_description/package.sh'
[0.891s] INFO:colcon.colcon_core.shell:Creating package script '/home/hzh/ros2_learn/chapt6/chapt6_ws/install/fishbot_description/share/fishbot_description/package.bash'
[0.894s] INFO:colcon.colcon_core.shell:Creating package script '/home/hzh/ros2_learn/chapt6/chapt6_ws/install/fishbot_description/share/fishbot_description/package.zsh'
[0.896s] Level 1:colcon.colcon_core.environment:create_file_with_runtime_dependencies(/home/hzh/ros2_learn/chapt6/chapt6_ws/install/fishbot_description/share/colcon-core/packages/fishbot_description)
[0.896s] DEBUG:colcon.colcon_parallel_executor.executor.parallel:closing loop
[0.896s] DEBUG:colcon.colcon_parallel_executor.executor.parallel:loop closed
[0.897s] DEBUG:colcon.colcon_parallel_executor.executor.parallel:run_until_complete finished with '0'
[0.897s] DEBUG:colcon.colcon_core.event_reactor:joining thread
[0.910s] INFO:colcon.colcon_core.plugin_system:Skipping extension 'colcon_notification.desktop_notification.terminal_notifier': Not used on non-Darwin systems
[0.910s] INFO:colcon.colcon_core.plugin_system:Skipping extension 'colcon_notification.desktop_notification.win32': Not used on non-Windows systems
[0.910s] INFO:colcon.colcon_notification.desktop_notification:Sending desktop notification using 'notify2'
[0.949s] DEBUG:colcon.colcon_core.event_reactor:joined thread
[0.950s] INFO:colcon.colcon_core.shell:Creating prefix script '/home/hzh/ros2_learn/chapt6/chapt6_ws/install/local_setup.ps1'
[0.953s] INFO:colcon.colcon_core.shell:Creating prefix util module '/home/hzh/ros2_learn/chapt6/chapt6_ws/install/_local_setup_util_ps1.py'
[0.965s] INFO:colcon.colcon_core.shell:Creating prefix chain script '/home/hzh/ros2_learn/chapt6/chapt6_ws/install/setup.ps1'
[0.967s] INFO:colcon.colcon_core.shell:Creating prefix script '/home/hzh/ros2_learn/chapt6/chapt6_ws/install/local_setup.sh'
[0.969s] INFO:colcon.colcon_core.shell:Creating prefix util module '/home/hzh/ros2_learn/chapt6/chapt6_ws/install/_local_setup_util_sh.py'
[0.973s] INFO:colcon.colcon_core.shell:Creating prefix chain script '/home/hzh/ros2_learn/chapt6/chapt6_ws/install/setup.sh'
[0.977s] INFO:colcon.colcon_core.shell:Creating prefix script '/home/hzh/ros2_learn/chapt6/chapt6_ws/install/local_setup.bash'
[0.980s] INFO:colcon.colcon_core.shell:Creating prefix chain script '/home/hzh/ros2_learn/chapt6/chapt6_ws/install/setup.bash'
[0.986s] INFO:colcon.colcon_core.shell:Creating prefix script '/home/hzh/ros2_learn/chapt6/chapt6_ws/install/local_setup.zsh'
[0.989s] INFO:colcon.colcon_core.shell:Creating prefix chain script '/home/hzh/ros2_learn/chapt6/chapt6_ws/install/setup.zsh'
