[0.100s] Invoking command in '/home/hzh/ros2_learn/chapt10/chapt10_ws/build/learn_executor_cpp': CMAKE_PREFIX_PATH=${CMAKE_PREFIX_PATH}:/home/hzh/ros2_learn/chapt10/chapt10_ws/install/learn_message_filter:/home/hzh/ros2_learn/chapt10/chapt10_ws/install/learn_lifecyclenode_py:/home/hzh/ros2_learn/chapt10/chapt10_ws/install/learn_executor_py:/home/hzh/ros2_learn/chapt10/chapt10_ws/install/learn_qos_py:/opt/ros/humble /usr/bin/cmake --build /home/hzh/ros2_learn/chapt10/chapt10_ws/build/learn_executor_cpp -- -j4 -l4
[0.948s] [100%] Built target learn_executor
[1.011s] Invoked command in '/home/hzh/ros2_learn/chapt10/chapt10_ws/build/learn_executor_cpp' returned '0': CMAKE_PREFIX_PATH=${CMAKE_PREFIX_PATH}:/home/hzh/ros2_learn/chapt10/chapt10_ws/install/learn_message_filter:/home/hzh/ros2_learn/chapt10/chapt10_ws/install/learn_lifecyclenode_py:/home/hzh/ros2_learn/chapt10/chapt10_ws/install/learn_executor_py:/home/hzh/ros2_learn/chapt10/chapt10_ws/install/learn_qos_py:/opt/ros/humble /usr/bin/cmake --build /home/hzh/ros2_learn/chapt10/chapt10_ws/build/learn_executor_cpp -- -j4 -l4
[1.018s] Invoking command in '/home/hzh/ros2_learn/chapt10/chapt10_ws/build/learn_executor_cpp': CMAKE_PREFIX_PATH=${CMAKE_PREFIX_PATH}:/home/hzh/ros2_learn/chapt10/chapt10_ws/install/learn_message_filter:/home/hzh/ros2_learn/chapt10/chapt10_ws/install/learn_lifecyclenode_py:/home/hzh/ros2_learn/chapt10/chapt10_ws/install/learn_executor_py:/home/hzh/ros2_learn/chapt10/chapt10_ws/install/learn_qos_py:/opt/ros/humble /usr/bin/cmake --install /home/hzh/ros2_learn/chapt10/chapt10_ws/build/learn_executor_cpp
[1.064s] -- Install configuration: ""
[1.064s] -- Up-to-date: /home/hzh/ros2_learn/chapt10/chapt10_ws/install/learn_executor_cpp/lib/learn_executor_cpp/learn_executor
[1.067s] -- Up-to-date: /home/hzh/ros2_learn/chapt10/chapt10_ws/install/learn_executor_cpp/share/ament_index/resource_index/package_run_dependencies/learn_executor_cpp
[1.072s] -- Up-to-date: /home/hzh/ros2_learn/chapt10/chapt10_ws/install/learn_executor_cpp/share/ament_index/resource_index/parent_prefix_path/learn_executor_cpp
[1.072s] -- Up-to-date: /home/hzh/ros2_learn/chapt10/chapt10_ws/install/learn_executor_cpp/share/learn_executor_cpp/environment/ament_prefix_path.sh
[1.076s] -- Up-to-date: /home/hzh/ros2_learn/chapt10/chapt10_ws/install/learn_executor_cpp/share/learn_executor_cpp/environment/ament_prefix_path.dsv
[1.077s] -- Up-to-date: /home/hzh/ros2_learn/chapt10/chapt10_ws/install/learn_executor_cpp/share/learn_executor_cpp/environment/path.sh
[1.077s] -- Up-to-date: /home/hzh/ros2_learn/chapt10/chapt10_ws/install/learn_executor_cpp/share/learn_executor_cpp/environment/path.dsv
[1.077s] -- Up-to-date: /home/hzh/ros2_learn/chapt10/chapt10_ws/install/learn_executor_cpp/share/learn_executor_cpp/local_setup.bash
[1.077s] -- Up-to-date: /home/hzh/ros2_learn/chapt10/chapt10_ws/install/learn_executor_cpp/share/learn_executor_cpp/local_setup.sh
[1.078s] -- Up-to-date: /home/hzh/ros2_learn/chapt10/chapt10_ws/install/learn_executor_cpp/share/learn_executor_cpp/local_setup.zsh
[1.078s] -- Up-to-date: /home/hzh/ros2_learn/chapt10/chapt10_ws/install/learn_executor_cpp/share/learn_executor_cpp/local_setup.dsv
[1.078s] -- Installing: /home/hzh/ros2_learn/chapt10/chapt10_ws/install/learn_executor_cpp/share/learn_executor_cpp/package.dsv
[1.079s] -- Up-to-date: /home/hzh/ros2_learn/chapt10/chapt10_ws/install/learn_executor_cpp/share/ament_index/resource_index/packages/learn_executor_cpp
[1.079s] -- Up-to-date: /home/hzh/ros2_learn/chapt10/chapt10_ws/install/learn_executor_cpp/share/learn_executor_cpp/cmake/learn_executor_cppConfig.cmake
[1.079s] -- Up-to-date: /home/hzh/ros2_learn/chapt10/chapt10_ws/install/learn_executor_cpp/share/learn_executor_cpp/cmake/learn_executor_cppConfig-version.cmake
[1.079s] -- Up-to-date: /home/hzh/ros2_learn/chapt10/chapt10_ws/install/learn_executor_cpp/share/learn_executor_cpp/package.xml
[1.247s] Invoked command in '/home/hzh/ros2_learn/chapt10/chapt10_ws/build/learn_executor_cpp' returned '0': CMAKE_PREFIX_PATH=${CMAKE_PREFIX_PATH}:/home/hzh/ros2_learn/chapt10/chapt10_ws/install/learn_message_filter:/home/hzh/ros2_learn/chapt10/chapt10_ws/install/learn_lifecyclenode_py:/home/hzh/ros2_learn/chapt10/chapt10_ws/install/learn_executor_py:/home/hzh/ros2_learn/chapt10/chapt10_ws/install/learn_qos_py:/opt/ros/humble /usr/bin/cmake --install /home/hzh/ros2_learn/chapt10/chapt10_ws/build/learn_executor_cpp
