[0.018s] Invoking command in '/home/hzh/ros2_learn/chapt4/chapt4_ws/build/chapt4_interfaces': CMAKE_PREFIX_PATH=${CMAKE_PREFIX_PATH}:/home/hzh/ros2_learn/chapt4/chapt4_ws/install/demo_python_service:/opt/ros/humble /usr/bin/cmake --build /home/hzh/ros2_learn/chapt4/chapt4_ws/build/chapt4_interfaces -- -j4 -l4
[0.154s] [ 10%] Built target chapt4_interfaces__rosidl_generator_c
[0.154s] [ 12%] Built target chapt4_interfaces__rs
[0.159s] [ 15%] Built target chapt4_interfaces__cpp
[0.222s] [ 15%] Built target ament_cmake_python_copy_chapt4_interfaces
[0.232s] [ 25%] Built target chapt4_interfaces__rosidl_typesupport_cpp
[0.258s] [ 35%] Built target chapt4_interfaces__rosidl_typesupport_introspection_cpp
[0.277s] [ 45%] Built target chapt4_interfaces__rosidl_typesupport_fastrtps_cpp
[0.299s] [ 55%] Built target chapt4_interfaces__rosidl_typesupport_fastrtps_c
[0.327s] [ 75%] Built target chapt4_interfaces__rosidl_typesupport_introspection_c
[0.327s] [ 75%] Built target chapt4_interfaces__rosidl_typesupport_c
[0.398s] [ 75%] Built target chapt4_interfaces
[0.484s] [ 77%] Built target chapt4_interfaces__py
[0.542s] [ 85%] Built target chapt4_interfaces__rosidl_generator_py
[0.603s] [ 90%] Built target chapt4_interfaces__rosidl_typesupport_c__pyext
[0.632s] [ 95%] Built target chapt4_interfaces__rosidl_typesupport_fastrtps_c__pyext
[0.636s] [100%] Built target chapt4_interfaces__rosidl_typesupport_introspection_c__pyext
[0.764s] running egg_info
[0.769s] writing chapt4_interfaces.egg-info/PKG-INFO
[0.769s] writing dependency_links to chapt4_interfaces.egg-info/dependency_links.txt
[0.769s] writing top-level names to chapt4_interfaces.egg-info/top_level.txt
[0.774s] reading manifest file 'chapt4_interfaces.egg-info/SOURCES.txt'
[0.778s] writing manifest file 'chapt4_interfaces.egg-info/SOURCES.txt'
[0.907s] [100%] Built target ament_cmake_python_build_chapt4_interfaces_egg
[0.945s] Invoked command in '/home/hzh/ros2_learn/chapt4/chapt4_ws/build/chapt4_interfaces' returned '0': CMAKE_PREFIX_PATH=${CMAKE_PREFIX_PATH}:/home/hzh/ros2_learn/chapt4/chapt4_ws/install/demo_python_service:/opt/ros/humble /usr/bin/cmake --build /home/hzh/ros2_learn/chapt4/chapt4_ws/build/chapt4_interfaces -- -j4 -l4
[0.961s] Invoking command in '/home/hzh/ros2_learn/chapt4/chapt4_ws/build/chapt4_interfaces': CMAKE_PREFIX_PATH=${CMAKE_PREFIX_PATH}:/home/hzh/ros2_learn/chapt4/chapt4_ws/install/demo_python_service:/opt/ros/humble /usr/bin/cmake --install /home/hzh/ros2_learn/chapt4/chapt4_ws/build/chapt4_interfaces
[0.978s] -- Install configuration: ""
[0.978s] -- Up-to-date: /home/hzh/ros2_learn/chapt4/chapt4_ws/install/chapt4_interfaces/share/ament_index/resource_index/rosidl_interfaces/chapt4_interfaces
[0.978s] -- Up-to-date: /home/hzh/ros2_learn/chapt4/chapt4_ws/install/chapt4_interfaces/include/chapt4_interfaces/chapt4_interfaces
[0.979s] -- Up-to-date: /home/hzh/ros2_learn/chapt4/chapt4_ws/install/chapt4_interfaces/include/chapt4_interfaces/chapt4_interfaces/srv
[0.979s] -- Up-to-date: /home/hzh/ros2_learn/chapt4/chapt4_ws/install/chapt4_interfaces/include/chapt4_interfaces/chapt4_interfaces/srv/face_detector.h
[0.979s] -- Up-to-date: /home/hzh/ros2_learn/chapt4/chapt4_ws/install/chapt4_interfaces/include/chapt4_interfaces/chapt4_interfaces/srv/partol.h
[0.980s] -- Up-to-date: /home/hzh/ros2_learn/chapt4/chapt4_ws/install/chapt4_interfaces/include/chapt4_interfaces/chapt4_interfaces/srv/detail
[0.981s] -- Up-to-date: /home/hzh/ros2_learn/chapt4/chapt4_ws/install/chapt4_interfaces/include/chapt4_interfaces/chapt4_interfaces/srv/detail/partol__type_support.h
[0.981s] -- Up-to-date: /home/hzh/ros2_learn/chapt4/chapt4_ws/install/chapt4_interfaces/include/chapt4_interfaces/chapt4_interfaces/srv/detail/face_detector__functions.h
[0.981s] -- Up-to-date: /home/hzh/ros2_learn/chapt4/chapt4_ws/install/chapt4_interfaces/include/chapt4_interfaces/chapt4_interfaces/srv/detail/partol__functions.h
[0.982s] -- Up-to-date: /home/hzh/ros2_learn/chapt4/chapt4_ws/install/chapt4_interfaces/include/chapt4_interfaces/chapt4_interfaces/srv/detail/partol__functions.c
[0.982s] -- Up-to-date: /home/hzh/ros2_learn/chapt4/chapt4_ws/install/chapt4_interfaces/include/chapt4_interfaces/chapt4_interfaces/srv/detail/face_detector__type_support.h
[0.982s] -- Up-to-date: /home/hzh/ros2_learn/chapt4/chapt4_ws/install/chapt4_interfaces/include/chapt4_interfaces/chapt4_interfaces/srv/detail/partol__struct.h
[0.982s] -- Up-to-date: /home/hzh/ros2_learn/chapt4/chapt4_ws/install/chapt4_interfaces/include/chapt4_interfaces/chapt4_interfaces/srv/detail/face_detector__functions.c
[0.982s] -- Up-to-date: /home/hzh/ros2_learn/chapt4/chapt4_ws/install/chapt4_interfaces/include/chapt4_interfaces/chapt4_interfaces/srv/detail/face_detector__struct.h
[0.983s] -- Up-to-date: /home/hzh/ros2_learn/chapt4/chapt4_ws/install/chapt4_interfaces/include/chapt4_interfaces/chapt4_interfaces/msg
[0.983s] -- Up-to-date: /home/hzh/ros2_learn/chapt4/chapt4_ws/install/chapt4_interfaces/include/chapt4_interfaces/chapt4_interfaces/msg/rosidl_generator_c__visibility_control.h
[0.983s] -- Up-to-date: /home/hzh/ros2_learn/chapt4/chapt4_ws/install/chapt4_interfaces/share/chapt4_interfaces/environment/library_path.sh
[0.983s] -- Up-to-date: /home/hzh/ros2_learn/chapt4/chapt4_ws/install/chapt4_interfaces/share/chapt4_interfaces/environment/library_path.dsv
[0.983s] -- Up-to-date: /home/hzh/ros2_learn/chapt4/chapt4_ws/install/chapt4_interfaces/lib/libchapt4_interfaces__rosidl_generator_c.so
[0.983s] -- Up-to-date: /home/hzh/ros2_learn/chapt4/chapt4_ws/install/chapt4_interfaces/include/chapt4_interfaces/chapt4_interfaces
[0.983s] -- Up-to-date: /home/hzh/ros2_learn/chapt4/chapt4_ws/install/chapt4_interfaces/include/chapt4_interfaces/chapt4_interfaces/srv
[0.984s] -- Up-to-date: /home/hzh/ros2_learn/chapt4/chapt4_ws/install/chapt4_interfaces/include/chapt4_interfaces/chapt4_interfaces/srv/detail
[0.984s] -- Up-to-date: /home/hzh/ros2_learn/chapt4/chapt4_ws/install/chapt4_interfaces/include/chapt4_interfaces/chapt4_interfaces/srv/detail/partol__rosidl_typesupport_fastrtps_c.h
[0.984s] -- Up-to-date: /home/hzh/ros2_learn/chapt4/chapt4_ws/install/chapt4_interfaces/include/chapt4_interfaces/chapt4_interfaces/srv/detail/face_detector__rosidl_typesupport_fastrtps_c.h
[0.984s] -- Up-to-date: /home/hzh/ros2_learn/chapt4/chapt4_ws/install/chapt4_interfaces/include/chapt4_interfaces/chapt4_interfaces/msg
[0.984s] -- Up-to-date: /home/hzh/ros2_learn/chapt4/chapt4_ws/install/chapt4_interfaces/include/chapt4_interfaces/chapt4_interfaces/msg/rosidl_typesupport_fastrtps_c__visibility_control.h
[0.986s] -- Up-to-date: /home/hzh/ros2_learn/chapt4/chapt4_ws/install/chapt4_interfaces/lib/libchapt4_interfaces__rosidl_typesupport_fastrtps_c.so
[0.986s] -- Up-to-date: /home/hzh/ros2_learn/chapt4/chapt4_ws/install/chapt4_interfaces/include/chapt4_interfaces/chapt4_interfaces
[0.987s] -- Up-to-date: /home/hzh/ros2_learn/chapt4/chapt4_ws/install/chapt4_interfaces/include/chapt4_interfaces/chapt4_interfaces/srv
[0.987s] -- Up-to-date: /home/hzh/ros2_learn/chapt4/chapt4_ws/install/chapt4_interfaces/include/chapt4_interfaces/chapt4_interfaces/srv/partol.hpp
[0.988s] -- Up-to-date: /home/hzh/ros2_learn/chapt4/chapt4_ws/install/chapt4_interfaces/include/chapt4_interfaces/chapt4_interfaces/srv/face_detector.hpp
[0.989s] -- Up-to-date: /home/hzh/ros2_learn/chapt4/chapt4_ws/install/chapt4_interfaces/include/chapt4_interfaces/chapt4_interfaces/srv/detail
[0.989s] -- Up-to-date: /home/hzh/ros2_learn/chapt4/chapt4_ws/install/chapt4_interfaces/include/chapt4_interfaces/chapt4_interfaces/srv/detail/face_detector__traits.hpp
[0.989s] -- Up-to-date: /home/hzh/ros2_learn/chapt4/chapt4_ws/install/chapt4_interfaces/include/chapt4_interfaces/chapt4_interfaces/srv/detail/face_detector__struct.hpp
[0.989s] -- Up-to-date: /home/hzh/ros2_learn/chapt4/chapt4_ws/install/chapt4_interfaces/include/chapt4_interfaces/chapt4_interfaces/srv/detail/face_detector__builder.hpp
[0.989s] -- Up-to-date: /home/hzh/ros2_learn/chapt4/chapt4_ws/install/chapt4_interfaces/include/chapt4_interfaces/chapt4_interfaces/srv/detail/face_detector__type_support.hpp
[0.989s] -- Up-to-date: /home/hzh/ros2_learn/chapt4/chapt4_ws/install/chapt4_interfaces/include/chapt4_interfaces/chapt4_interfaces/srv/detail/partol__type_support.hpp
[0.991s] -- Up-to-date: /home/hzh/ros2_learn/chapt4/chapt4_ws/install/chapt4_interfaces/include/chapt4_interfaces/chapt4_interfaces/srv/detail/partol__struct.hpp
[0.991s] -- Up-to-date: /home/hzh/ros2_learn/chapt4/chapt4_ws/install/chapt4_interfaces/include/chapt4_interfaces/chapt4_interfaces/srv/detail/partol__traits.hpp
[0.991s] -- Up-to-date: /home/hzh/ros2_learn/chapt4/chapt4_ws/install/chapt4_interfaces/include/chapt4_interfaces/chapt4_interfaces/srv/detail/partol__builder.hpp
[0.992s] -- Up-to-date: /home/hzh/ros2_learn/chapt4/chapt4_ws/install/chapt4_interfaces/include/chapt4_interfaces/chapt4_interfaces/msg
[0.992s] -- Up-to-date: /home/hzh/ros2_learn/chapt4/chapt4_ws/install/chapt4_interfaces/include/chapt4_interfaces/chapt4_interfaces/msg/rosidl_generator_cpp__visibility_control.hpp
[0.992s] -- Up-to-date: /home/hzh/ros2_learn/chapt4/chapt4_ws/install/chapt4_interfaces/include/chapt4_interfaces/chapt4_interfaces
[0.992s] -- Up-to-date: /home/hzh/ros2_learn/chapt4/chapt4_ws/install/chapt4_interfaces/include/chapt4_interfaces/chapt4_interfaces/srv
[0.993s] -- Up-to-date: /home/hzh/ros2_learn/chapt4/chapt4_ws/install/chapt4_interfaces/include/chapt4_interfaces/chapt4_interfaces/srv/detail
[0.993s] -- Up-to-date: /home/hzh/ros2_learn/chapt4/chapt4_ws/install/chapt4_interfaces/include/chapt4_interfaces/chapt4_interfaces/srv/detail/dds_fastrtps
[0.993s] -- Up-to-date: /home/hzh/ros2_learn/chapt4/chapt4_ws/install/chapt4_interfaces/include/chapt4_interfaces/chapt4_interfaces/srv/detail/face_detector__rosidl_typesupport_fastrtps_cpp.hpp
[0.993s] -- Up-to-date: /home/hzh/ros2_learn/chapt4/chapt4_ws/install/chapt4_interfaces/include/chapt4_interfaces/chapt4_interfaces/srv/detail/partol__rosidl_typesupport_fastrtps_cpp.hpp
[0.993s] -- Up-to-date: /home/hzh/ros2_learn/chapt4/chapt4_ws/install/chapt4_interfaces/include/chapt4_interfaces/chapt4_interfaces/msg
[0.993s] -- Up-to-date: /home/hzh/ros2_learn/chapt4/chapt4_ws/install/chapt4_interfaces/include/chapt4_interfaces/chapt4_interfaces/msg/rosidl_typesupport_fastrtps_cpp__visibility_control.h
[0.993s] -- Up-to-date: /home/hzh/ros2_learn/chapt4/chapt4_ws/install/chapt4_interfaces/lib/libchapt4_interfaces__rosidl_typesupport_fastrtps_cpp.so
[0.993s] -- Up-to-date: /home/hzh/ros2_learn/chapt4/chapt4_ws/install/chapt4_interfaces/include/chapt4_interfaces/chapt4_interfaces
[0.994s] -- Up-to-date: /home/hzh/ros2_learn/chapt4/chapt4_ws/install/chapt4_interfaces/include/chapt4_interfaces/chapt4_interfaces/srv
[0.994s] -- Up-to-date: /home/hzh/ros2_learn/chapt4/chapt4_ws/install/chapt4_interfaces/include/chapt4_interfaces/chapt4_interfaces/srv/detail
[0.994s] -- Up-to-date: /home/hzh/ros2_learn/chapt4/chapt4_ws/install/chapt4_interfaces/include/chapt4_interfaces/chapt4_interfaces/srv/detail/face_detector__type_support.c
[0.994s] -- Up-to-date: /home/hzh/ros2_learn/chapt4/chapt4_ws/install/chapt4_interfaces/include/chapt4_interfaces/chapt4_interfaces/srv/detail/partol__rosidl_typesupport_introspection_c.h
[0.994s] -- Up-to-date: /home/hzh/ros2_learn/chapt4/chapt4_ws/install/chapt4_interfaces/include/chapt4_interfaces/chapt4_interfaces/srv/detail/face_detector__rosidl_typesupport_introspection_c.h
[0.994s] -- Up-to-date: /home/hzh/ros2_learn/chapt4/chapt4_ws/install/chapt4_interfaces/include/chapt4_interfaces/chapt4_interfaces/srv/detail/partol__type_support.c
[0.994s] -- Up-to-date: /home/hzh/ros2_learn/chapt4/chapt4_ws/install/chapt4_interfaces/include/chapt4_interfaces/chapt4_interfaces/msg
[0.994s] -- Up-to-date: /home/hzh/ros2_learn/chapt4/chapt4_ws/install/chapt4_interfaces/include/chapt4_interfaces/chapt4_interfaces/msg/rosidl_typesupport_introspection_c__visibility_control.h
[0.995s] -- Up-to-date: /home/hzh/ros2_learn/chapt4/chapt4_ws/install/chapt4_interfaces/lib/libchapt4_interfaces__rosidl_typesupport_introspection_c.so
[0.995s] -- Up-to-date: /home/hzh/ros2_learn/chapt4/chapt4_ws/install/chapt4_interfaces/lib/libchapt4_interfaces__rosidl_typesupport_c.so
[0.995s] -- Up-to-date: /home/hzh/ros2_learn/chapt4/chapt4_ws/install/chapt4_interfaces/include/chapt4_interfaces/chapt4_interfaces
[0.995s] -- Up-to-date: /home/hzh/ros2_learn/chapt4/chapt4_ws/install/chapt4_interfaces/include/chapt4_interfaces/chapt4_interfaces/srv
[0.995s] -- Up-to-date: /home/hzh/ros2_learn/chapt4/chapt4_ws/install/chapt4_interfaces/include/chapt4_interfaces/chapt4_interfaces/srv/detail
[0.995s] -- Up-to-date: /home/hzh/ros2_learn/chapt4/chapt4_ws/install/chapt4_interfaces/include/chapt4_interfaces/chapt4_interfaces/srv/detail/face_detector__rosidl_typesupport_introspection_cpp.hpp
[0.995s] -- Up-to-date: /home/hzh/ros2_learn/chapt4/chapt4_ws/install/chapt4_interfaces/include/chapt4_interfaces/chapt4_interfaces/srv/detail/face_detector__type_support.cpp
[0.995s] -- Up-to-date: /home/hzh/ros2_learn/chapt4/chapt4_ws/install/chapt4_interfaces/include/chapt4_interfaces/chapt4_interfaces/srv/detail/partol__rosidl_typesupport_introspection_cpp.hpp
[0.996s] -- Up-to-date: /home/hzh/ros2_learn/chapt4/chapt4_ws/install/chapt4_interfaces/include/chapt4_interfaces/chapt4_interfaces/srv/detail/partol__type_support.cpp
[0.996s] -- Up-to-date: /home/hzh/ros2_learn/chapt4/chapt4_ws/install/chapt4_interfaces/lib/libchapt4_interfaces__rosidl_typesupport_introspection_cpp.so
[0.997s] -- Up-to-date: /home/hzh/ros2_learn/chapt4/chapt4_ws/install/chapt4_interfaces/lib/libchapt4_interfaces__rosidl_typesupport_cpp.so
[0.997s] -- Up-to-date: /home/hzh/ros2_learn/chapt4/chapt4_ws/install/chapt4_interfaces/share/chapt4_interfaces/environment/pythonpath.sh
[0.997s] -- Up-to-date: /home/hzh/ros2_learn/chapt4/chapt4_ws/install/chapt4_interfaces/share/chapt4_interfaces/environment/pythonpath.dsv
[0.997s] -- Up-to-date: /home/hzh/ros2_learn/chapt4/chapt4_ws/install/chapt4_interfaces/local/lib/python3.10/dist-packages/chapt4_interfaces-0.0.0-py3.10.egg-info
[0.997s] -- Installing: /home/hzh/ros2_learn/chapt4/chapt4_ws/install/chapt4_interfaces/local/lib/python3.10/dist-packages/chapt4_interfaces-0.0.0-py3.10.egg-info/dependency_links.txt
[0.997s] -- Installing: /home/hzh/ros2_learn/chapt4/chapt4_ws/install/chapt4_interfaces/local/lib/python3.10/dist-packages/chapt4_interfaces-0.0.0-py3.10.egg-info/SOURCES.txt
[0.997s] -- Installing: /home/hzh/ros2_learn/chapt4/chapt4_ws/install/chapt4_interfaces/local/lib/python3.10/dist-packages/chapt4_interfaces-0.0.0-py3.10.egg-info/top_level.txt
[0.997s] -- Installing: /home/hzh/ros2_learn/chapt4/chapt4_ws/install/chapt4_interfaces/local/lib/python3.10/dist-packages/chapt4_interfaces-0.0.0-py3.10.egg-info/PKG-INFO
[0.997s] -- Up-to-date: /home/hzh/ros2_learn/chapt4/chapt4_ws/install/chapt4_interfaces/local/lib/python3.10/dist-packages/chapt4_interfaces
[0.997s] -- Up-to-date: /home/hzh/ros2_learn/chapt4/chapt4_ws/install/chapt4_interfaces/local/lib/python3.10/dist-packages/chapt4_interfaces/chapt4_interfaces_s__rosidl_typesupport_introspection_c.cpython-310-x86_64-linux-gnu.so
[0.997s] -- Up-to-date: /home/hzh/ros2_learn/chapt4/chapt4_ws/install/chapt4_interfaces/local/lib/python3.10/dist-packages/chapt4_interfaces/libchapt4_interfaces__rosidl_generator_py.so
[0.997s] -- Up-to-date: /home/hzh/ros2_learn/chapt4/chapt4_ws/install/chapt4_interfaces/local/lib/python3.10/dist-packages/chapt4_interfaces/__init__.py
[0.998s] -- Up-to-date: /home/hzh/ros2_learn/chapt4/chapt4_ws/install/chapt4_interfaces/local/lib/python3.10/dist-packages/chapt4_interfaces/_chapt4_interfaces_s.ep.rosidl_typesupport_fastrtps_c.c
[0.998s] -- Up-to-date: /home/hzh/ros2_learn/chapt4/chapt4_ws/install/chapt4_interfaces/local/lib/python3.10/dist-packages/chapt4_interfaces/chapt4_interfaces_s__rosidl_typesupport_fastrtps_c.cpython-310-x86_64-linux-gnu.so
[0.998s] -- Up-to-date: /home/hzh/ros2_learn/chapt4/chapt4_ws/install/chapt4_interfaces/local/lib/python3.10/dist-packages/chapt4_interfaces/_chapt4_interfaces_s.ep.rosidl_typesupport_introspection_c.c
[0.998s] -- Up-to-date: /home/hzh/ros2_learn/chapt4/chapt4_ws/install/chapt4_interfaces/local/lib/python3.10/dist-packages/chapt4_interfaces/srv
[0.998s] -- Up-to-date: /home/hzh/ros2_learn/chapt4/chapt4_ws/install/chapt4_interfaces/local/lib/python3.10/dist-packages/chapt4_interfaces/srv/_partol.py
[0.998s] -- Up-to-date: /home/hzh/ros2_learn/chapt4/chapt4_ws/install/chapt4_interfaces/local/lib/python3.10/dist-packages/chapt4_interfaces/srv/__init__.py
[0.998s] -- Up-to-date: /home/hzh/ros2_learn/chapt4/chapt4_ws/install/chapt4_interfaces/local/lib/python3.10/dist-packages/chapt4_interfaces/srv/_partol_s.c
[0.998s] -- Up-to-date: /home/hzh/ros2_learn/chapt4/chapt4_ws/install/chapt4_interfaces/local/lib/python3.10/dist-packages/chapt4_interfaces/srv/_face_detector_s.c
[0.998s] -- Up-to-date: /home/hzh/ros2_learn/chapt4/chapt4_ws/install/chapt4_interfaces/local/lib/python3.10/dist-packages/chapt4_interfaces/srv/_face_detector.py
[0.998s] -- Up-to-date: /home/hzh/ros2_learn/chapt4/chapt4_ws/install/chapt4_interfaces/local/lib/python3.10/dist-packages/chapt4_interfaces/_chapt4_interfaces_s.ep.rosidl_typesupport_c.c
[0.998s] -- Up-to-date: /home/hzh/ros2_learn/chapt4/chapt4_ws/install/chapt4_interfaces/local/lib/python3.10/dist-packages/chapt4_interfaces/chapt4_interfaces_s__rosidl_typesupport_c.cpython-310-x86_64-linux-gnu.so
[1.060s] Listing '/home/hzh/ros2_learn/chapt4/chapt4_ws/install/chapt4_interfaces/local/lib/python3.10/dist-packages/chapt4_interfaces'...
[1.060s] Listing '/home/hzh/ros2_learn/chapt4/chapt4_ws/install/chapt4_interfaces/local/lib/python3.10/dist-packages/chapt4_interfaces/srv'...
[1.073s] -- Up-to-date: /home/hzh/ros2_learn/chapt4/chapt4_ws/install/chapt4_interfaces/local/lib/python3.10/dist-packages/chapt4_interfaces/chapt4_interfaces_s__rosidl_typesupport_fastrtps_c.cpython-310-x86_64-linux-gnu.so
[1.074s] -- Up-to-date: /home/hzh/ros2_learn/chapt4/chapt4_ws/install/chapt4_interfaces/local/lib/python3.10/dist-packages/chapt4_interfaces/chapt4_interfaces_s__rosidl_typesupport_introspection_c.cpython-310-x86_64-linux-gnu.so
[1.075s] -- Up-to-date: /home/hzh/ros2_learn/chapt4/chapt4_ws/install/chapt4_interfaces/local/lib/python3.10/dist-packages/chapt4_interfaces/chapt4_interfaces_s__rosidl_typesupport_c.cpython-310-x86_64-linux-gnu.so
[1.076s] -- Up-to-date: /home/hzh/ros2_learn/chapt4/chapt4_ws/install/chapt4_interfaces/lib/libchapt4_interfaces__rosidl_generator_py.so
[1.076s] -- Up-to-date: /home/hzh/ros2_learn/chapt4/chapt4_ws/install/chapt4_interfaces/share/ament_index/resource_index/rust_packages/chapt4_interfaces
[1.077s] -- Up-to-date: /home/hzh/ros2_learn/chapt4/chapt4_ws/install/chapt4_interfaces/share/chapt4_interfaces/rust
[1.077s] -- Up-to-date: /home/hzh/ros2_learn/chapt4/chapt4_ws/install/chapt4_interfaces/share/chapt4_interfaces/rust/Cargo.toml
[1.078s] -- Up-to-date: /home/hzh/ros2_learn/chapt4/chapt4_ws/install/chapt4_interfaces/share/chapt4_interfaces/rust/build.rs
[1.078s] -- Up-to-date: /home/hzh/ros2_learn/chapt4/chapt4_ws/install/chapt4_interfaces/share/chapt4_interfaces/rust/src
[1.078s] -- Up-to-date: /home/hzh/ros2_learn/chapt4/chapt4_ws/install/chapt4_interfaces/share/chapt4_interfaces/rust/src/lib.rs
[1.078s] -- Up-to-date: /home/hzh/ros2_learn/chapt4/chapt4_ws/install/chapt4_interfaces/share/chapt4_interfaces/rust/src/srv.rs
[1.078s] -- Up-to-date: /home/hzh/ros2_learn/chapt4/chapt4_ws/install/chapt4_interfaces/share/chapt4_interfaces/rust/src/srv
[1.078s] -- Up-to-date: /home/hzh/ros2_learn/chapt4/chapt4_ws/install/chapt4_interfaces/share/chapt4_interfaces/rust/src/srv/rmw.rs
[1.078s] -- Up-to-date: /home/hzh/ros2_learn/chapt4/chapt4_ws/install/chapt4_interfaces/share/chapt4_interfaces/srv/FaceDetector.idl
[1.078s] -- Up-to-date: /home/hzh/ros2_learn/chapt4/chapt4_ws/install/chapt4_interfaces/share/chapt4_interfaces/srv/Partol.idl
[1.079s] -- Up-to-date: /home/hzh/ros2_learn/chapt4/chapt4_ws/install/chapt4_interfaces/share/chapt4_interfaces/srv/FaceDetector.srv
[1.080s] -- Up-to-date: /home/hzh/ros2_learn/chapt4/chapt4_ws/install/chapt4_interfaces/share/chapt4_interfaces/srv/FaceDetector_Request.msg
[1.080s] -- Up-to-date: /home/hzh/ros2_learn/chapt4/chapt4_ws/install/chapt4_interfaces/share/chapt4_interfaces/srv/FaceDetector_Response.msg
[1.081s] -- Up-to-date: /home/hzh/ros2_learn/chapt4/chapt4_ws/install/chapt4_interfaces/share/chapt4_interfaces/srv/Partol.srv
[1.081s] -- Up-to-date: /home/hzh/ros2_learn/chapt4/chapt4_ws/install/chapt4_interfaces/share/chapt4_interfaces/srv/Partol_Request.msg
[1.082s] -- Up-to-date: /home/hzh/ros2_learn/chapt4/chapt4_ws/install/chapt4_interfaces/share/chapt4_interfaces/srv/Partol_Response.msg
[1.082s] -- Up-to-date: /home/hzh/ros2_learn/chapt4/chapt4_ws/install/chapt4_interfaces/share/ament_index/resource_index/package_run_dependencies/chapt4_interfaces
[1.082s] -- Up-to-date: /home/hzh/ros2_learn/chapt4/chapt4_ws/install/chapt4_interfaces/share/ament_index/resource_index/parent_prefix_path/chapt4_interfaces
[1.082s] -- Up-to-date: /home/hzh/ros2_learn/chapt4/chapt4_ws/install/chapt4_interfaces/share/chapt4_interfaces/environment/ament_prefix_path.sh
[1.082s] -- Up-to-date: /home/hzh/ros2_learn/chapt4/chapt4_ws/install/chapt4_interfaces/share/chapt4_interfaces/environment/ament_prefix_path.dsv
[1.082s] -- Up-to-date: /home/hzh/ros2_learn/chapt4/chapt4_ws/install/chapt4_interfaces/share/chapt4_interfaces/environment/path.sh
[1.082s] -- Up-to-date: /home/hzh/ros2_learn/chapt4/chapt4_ws/install/chapt4_interfaces/share/chapt4_interfaces/environment/path.dsv
[1.082s] -- Up-to-date: /home/hzh/ros2_learn/chapt4/chapt4_ws/install/chapt4_interfaces/share/chapt4_interfaces/local_setup.bash
[1.082s] -- Up-to-date: /home/hzh/ros2_learn/chapt4/chapt4_ws/install/chapt4_interfaces/share/chapt4_interfaces/local_setup.sh
[1.082s] -- Up-to-date: /home/hzh/ros2_learn/chapt4/chapt4_ws/install/chapt4_interfaces/share/chapt4_interfaces/local_setup.zsh
[1.082s] -- Up-to-date: /home/hzh/ros2_learn/chapt4/chapt4_ws/install/chapt4_interfaces/share/chapt4_interfaces/local_setup.dsv
[1.083s] -- Installing: /home/hzh/ros2_learn/chapt4/chapt4_ws/install/chapt4_interfaces/share/chapt4_interfaces/package.dsv
[1.083s] -- Up-to-date: /home/hzh/ros2_learn/chapt4/chapt4_ws/install/chapt4_interfaces/share/ament_index/resource_index/packages/chapt4_interfaces
[1.084s] -- Up-to-date: /home/hzh/ros2_learn/chapt4/chapt4_ws/install/chapt4_interfaces/share/chapt4_interfaces/cmake/export_chapt4_interfaces__rosidl_generator_cExport.cmake
[1.084s] -- Up-to-date: /home/hzh/ros2_learn/chapt4/chapt4_ws/install/chapt4_interfaces/share/chapt4_interfaces/cmake/export_chapt4_interfaces__rosidl_generator_cExport-noconfig.cmake
[1.084s] -- Up-to-date: /home/hzh/ros2_learn/chapt4/chapt4_ws/install/chapt4_interfaces/share/chapt4_interfaces/cmake/export_chapt4_interfaces__rosidl_typesupport_fastrtps_cExport.cmake
[1.084s] -- Up-to-date: /home/hzh/ros2_learn/chapt4/chapt4_ws/install/chapt4_interfaces/share/chapt4_interfaces/cmake/export_chapt4_interfaces__rosidl_typesupport_fastrtps_cExport-noconfig.cmake
[1.084s] -- Up-to-date: /home/hzh/ros2_learn/chapt4/chapt4_ws/install/chapt4_interfaces/share/chapt4_interfaces/cmake/export_chapt4_interfaces__rosidl_generator_cppExport.cmake
[1.084s] -- Up-to-date: /home/hzh/ros2_learn/chapt4/chapt4_ws/install/chapt4_interfaces/share/chapt4_interfaces/cmake/export_chapt4_interfaces__rosidl_typesupport_fastrtps_cppExport.cmake
[1.084s] -- Up-to-date: /home/hzh/ros2_learn/chapt4/chapt4_ws/install/chapt4_interfaces/share/chapt4_interfaces/cmake/export_chapt4_interfaces__rosidl_typesupport_fastrtps_cppExport-noconfig.cmake
[1.084s] -- Up-to-date: /home/hzh/ros2_learn/chapt4/chapt4_ws/install/chapt4_interfaces/share/chapt4_interfaces/cmake/chapt4_interfaces__rosidl_typesupport_introspection_cExport.cmake
[1.084s] -- Up-to-date: /home/hzh/ros2_learn/chapt4/chapt4_ws/install/chapt4_interfaces/share/chapt4_interfaces/cmake/chapt4_interfaces__rosidl_typesupport_introspection_cExport-noconfig.cmake
[1.084s] -- Up-to-date: /home/hzh/ros2_learn/chapt4/chapt4_ws/install/chapt4_interfaces/share/chapt4_interfaces/cmake/chapt4_interfaces__rosidl_typesupport_cExport.cmake
[1.084s] -- Up-to-date: /home/hzh/ros2_learn/chapt4/chapt4_ws/install/chapt4_interfaces/share/chapt4_interfaces/cmake/chapt4_interfaces__rosidl_typesupport_cExport-noconfig.cmake
[1.084s] -- Up-to-date: /home/hzh/ros2_learn/chapt4/chapt4_ws/install/chapt4_interfaces/share/chapt4_interfaces/cmake/chapt4_interfaces__rosidl_typesupport_introspection_cppExport.cmake
[1.084s] -- Up-to-date: /home/hzh/ros2_learn/chapt4/chapt4_ws/install/chapt4_interfaces/share/chapt4_interfaces/cmake/chapt4_interfaces__rosidl_typesupport_introspection_cppExport-noconfig.cmake
[1.085s] -- Up-to-date: /home/hzh/ros2_learn/chapt4/chapt4_ws/install/chapt4_interfaces/share/chapt4_interfaces/cmake/chapt4_interfaces__rosidl_typesupport_cppExport.cmake
[1.086s] -- Up-to-date: /home/hzh/ros2_learn/chapt4/chapt4_ws/install/chapt4_interfaces/share/chapt4_interfaces/cmake/chapt4_interfaces__rosidl_typesupport_cppExport-noconfig.cmake
[1.086s] -- Up-to-date: /home/hzh/ros2_learn/chapt4/chapt4_ws/install/chapt4_interfaces/share/chapt4_interfaces/cmake/export_chapt4_interfaces__rosidl_generator_pyExport.cmake
[1.091s] -- Up-to-date: /home/hzh/ros2_learn/chapt4/chapt4_ws/install/chapt4_interfaces/share/chapt4_interfaces/cmake/export_chapt4_interfaces__rosidl_generator_pyExport-noconfig.cmake
[1.092s] -- Up-to-date: /home/hzh/ros2_learn/chapt4/chapt4_ws/install/chapt4_interfaces/share/chapt4_interfaces/cmake/rosidl_cmake-extras.cmake
[1.097s] -- Up-to-date: /home/hzh/ros2_learn/chapt4/chapt4_ws/install/chapt4_interfaces/share/chapt4_interfaces/cmake/ament_cmake_export_dependencies-extras.cmake
[1.097s] -- Up-to-date: /home/hzh/ros2_learn/chapt4/chapt4_ws/install/chapt4_interfaces/share/chapt4_interfaces/cmake/ament_cmake_export_include_directories-extras.cmake
[1.099s] -- Up-to-date: /home/hzh/ros2_learn/chapt4/chapt4_ws/install/chapt4_interfaces/share/chapt4_interfaces/cmake/ament_cmake_export_libraries-extras.cmake
[1.099s] -- Up-to-date: /home/hzh/ros2_learn/chapt4/chapt4_ws/install/chapt4_interfaces/share/chapt4_interfaces/cmake/ament_cmake_export_targets-extras.cmake
[1.100s] -- Up-to-date: /home/hzh/ros2_learn/chapt4/chapt4_ws/install/chapt4_interfaces/share/chapt4_interfaces/cmake/rosidl_cmake_export_typesupport_targets-extras.cmake
[1.100s] -- Up-to-date: /home/hzh/ros2_learn/chapt4/chapt4_ws/install/chapt4_interfaces/share/chapt4_interfaces/cmake/rosidl_cmake_export_typesupport_libraries-extras.cmake
[1.101s] -- Up-to-date: /home/hzh/ros2_learn/chapt4/chapt4_ws/install/chapt4_interfaces/share/chapt4_interfaces/cmake/chapt4_interfacesConfig.cmake
[1.103s] -- Up-to-date: /home/hzh/ros2_learn/chapt4/chapt4_ws/install/chapt4_interfaces/share/chapt4_interfaces/cmake/chapt4_interfacesConfig-version.cmake
[1.103s] -- Up-to-date: /home/hzh/ros2_learn/chapt4/chapt4_ws/install/chapt4_interfaces/share/chapt4_interfaces/package.xml
[1.104s] Invoked command in '/home/hzh/ros2_learn/chapt4/chapt4_ws/build/chapt4_interfaces' returned '0': CMAKE_PREFIX_PATH=${CMAKE_PREFIX_PATH}:/home/hzh/ros2_learn/chapt4/chapt4_ws/install/demo_python_service:/opt/ros/humble /usr/bin/cmake --install /home/hzh/ros2_learn/chapt4/chapt4_ws/build/chapt4_interfaces
