[0.904s] Invoking command in '/home/hzh/ros2_learn/chapt5/chapt5_ws/src/demo_python_tf': PYTHONPATH=/home/hzh/ros2_learn/chapt5/chapt5_ws/build/demo_python_tf/prefix_override:/usr/lib/python3/dist-packages/colcon_core/task/python/colcon_distutils_commands:/home/hzh/ros2_learn/chapt5/chapt5_ws/install/demo_python_tf/lib/python3.10/site-packages:${PYTHONPATH} /usr/bin/python3 -W ignore:setup.py install is deprecated -W ignore:easy_install command is deprecated setup.py egg_info --egg-base ../../build/demo_python_tf build --build-base /home/hzh/ros2_learn/chapt5/chapt5_ws/build/demo_python_tf/build install --record /home/hzh/ros2_learn/chapt5/chapt5_ws/build/demo_python_tf/install.log --single-version-externally-managed install_data
[1.202s] running egg_info
[1.202s] writing ../../build/demo_python_tf/demo_python_tf.egg-info/PKG-INFO
[1.203s] writing dependency_links to ../../build/demo_python_tf/demo_python_tf.egg-info/dependency_links.txt
[1.204s] writing entry points to ../../build/demo_python_tf/demo_python_tf.egg-info/entry_points.txt
[1.205s] writing requirements to ../../build/demo_python_tf/demo_python_tf.egg-info/requires.txt
[1.208s] writing top-level names to ../../build/demo_python_tf/demo_python_tf.egg-info/top_level.txt
[1.210s] reading manifest file '../../build/demo_python_tf/demo_python_tf.egg-info/SOURCES.txt'
[1.210s] adding license file 'LICENSE'
[1.211s] writing manifest file '../../build/demo_python_tf/demo_python_tf.egg-info/SOURCES.txt'
[1.213s] running build
[1.213s] running build_py
[1.214s] copying demo_python_tf/tf_listener.py -> /home/hzh/ros2_learn/chapt5/chapt5_ws/build/demo_python_tf/build/lib/demo_python_tf
[1.214s] running install
[1.214s] running install_lib
[1.215s] copying /home/hzh/ros2_learn/chapt5/chapt5_ws/build/demo_python_tf/build/lib/demo_python_tf/tf_listener.py -> /home/hzh/ros2_learn/chapt5/chapt5_ws/install/demo_python_tf/lib/python3.10/site-packages/demo_python_tf
[1.216s] byte-compiling /home/hzh/ros2_learn/chapt5/chapt5_ws/install/demo_python_tf/lib/python3.10/site-packages/demo_python_tf/tf_listener.py to tf_listener.cpython-310.pyc
[1.218s] running install_data
[1.218s] running install_egg_info
[1.220s] removing '/home/hzh/ros2_learn/chapt5/chapt5_ws/install/demo_python_tf/lib/python3.10/site-packages/demo_python_tf-0.0.0-py3.10.egg-info' (and everything under it)
[1.220s] Copying ../../build/demo_python_tf/demo_python_tf.egg-info to /home/hzh/ros2_learn/chapt5/chapt5_ws/install/demo_python_tf/lib/python3.10/site-packages/demo_python_tf-0.0.0-py3.10.egg-info
[1.221s] running install_scripts
[1.251s] Installing dynamic_tf_broadcaster script to /home/hzh/ros2_learn/chapt5/chapt5_ws/install/demo_python_tf/lib/demo_python_tf
[1.253s] Installing static_tf_broadcaster script to /home/hzh/ros2_learn/chapt5/chapt5_ws/install/demo_python_tf/lib/demo_python_tf
[1.255s] Installing tf_listener script to /home/hzh/ros2_learn/chapt5/chapt5_ws/install/demo_python_tf/lib/demo_python_tf
[1.255s] writing list of installed files to '/home/hzh/ros2_learn/chapt5/chapt5_ws/build/demo_python_tf/install.log'
[1.302s] Invoked command in '/home/hzh/ros2_learn/chapt5/chapt5_ws/src/demo_python_tf' returned '0': PYTHONPATH=/home/hzh/ros2_learn/chapt5/chapt5_ws/build/demo_python_tf/prefix_override:/usr/lib/python3/dist-packages/colcon_core/task/python/colcon_distutils_commands:/home/hzh/ros2_learn/chapt5/chapt5_ws/install/demo_python_tf/lib/python3.10/site-packages:${PYTHONPATH} /usr/bin/python3 -W ignore:setup.py install is deprecated -W ignore:easy_install command is deprecated setup.py egg_info --egg-base ../../build/demo_python_tf build --build-base /home/hzh/ros2_learn/chapt5/chapt5_ws/build/demo_python_tf/build install --record /home/hzh/ros2_learn/chapt5/chapt5_ws/build/demo_python_tf/install.log --single-version-externally-managed install_data
