[0.166s] DEBUG:colcon:Command line arguments: ['/usr/bin/colcon', 'build']
[0.166s] DEBUG:colcon:Parsed command line arguments: Namespace(log_base=None, log_level=None, verb_name='build', build_base='build', install_base='install', merge_install=False, symlink_install=False, test_result_base=None, continue_on_error=False, executor='parallel', parallel_workers=4, event_handlers=None, ignore_user_meta=False, metas=['./colcon.meta'], base_paths=['.'], packages_ignore=None, packages_ignore_regex=None, paths=None, packages_up_to=None, packages_up_to_regex=None, packages_above=None, packages_above_and_dependencies=None, packages_above_depth=None, packages_select_by_dep=None, packages_skip_by_dep=None, packages_skip_up_to=None, packages_select_build_failed=False, packages_skip_build_finished=False, packages_select_test_failures=False, packages_skip_test_passed=False, packages_select=None, packages_skip=None, packages_select_regex=None, packages_skip_regex=None, packages_start=None, packages_end=None, allow_overriding=[], cmake_args=None, cmake_target=None, cmake_target_skip_unavailable=False, cmake_clean_cache=False, cmake_clean_first=False, cmake_force_configure=False, ament_cmake_args=None, catkin_cmake_args=None, catkin_skip_building_tests=False, verb_parser=<colcon_defaults.argument_parser.defaults.DefaultArgumentsDecorator object at 0x77c79ef61240>, verb_extension=<colcon_core.verb.build.BuildVerb object at 0x77c79f052a40>, main=<bound method BuildVerb.main of <colcon_core.verb.build.BuildVerb object at 0x77c79f052a40>>)
[0.387s] Level 1:colcon.colcon_core.package_discovery:discover_packages(colcon_meta) check parameters
[0.388s] Level 1:colcon.colcon_core.package_discovery:discover_packages(recursive) check parameters
[0.388s] Level 1:colcon.colcon_core.package_discovery:discover_packages(ignore) check parameters
[0.388s] Level 1:colcon.colcon_core.package_discovery:discover_packages(path) check parameters
[0.388s] Level 1:colcon.colcon_core.package_discovery:discover_packages(colcon_meta) discover
[0.388s] Level 1:colcon.colcon_core.package_discovery:discover_packages(recursive) discover
[0.388s] INFO:colcon.colcon_core.package_discovery:Crawling recursively for packages in '/home/hzh/ros2_learn/chapt10/chapt10_ws'
[0.388s] Level 1:colcon.colcon_core.package_identification:_identify(.) by extensions ['ignore', 'ignore_ament_install']
[0.388s] Level 1:colcon.colcon_core.package_identification:_identify(.) by extension 'ignore'
[0.389s] Level 1:colcon.colcon_core.package_identification:_identify(.) by extension 'ignore_ament_install'
[0.389s] Level 1:colcon.colcon_core.package_identification:_identify(.) by extensions ['colcon_pkg']
[0.389s] Level 1:colcon.colcon_core.package_identification:_identify(.) by extension 'colcon_pkg'
[0.389s] Level 1:colcon.colcon_core.package_identification:_identify(.) by extensions ['colcon_meta']
[0.389s] Level 1:colcon.colcon_core.package_identification:_identify(.) by extension 'colcon_meta'
[0.389s] Level 1:colcon.colcon_core.package_identification:_identify(.) by extensions ['ros']
[0.389s] Level 1:colcon.colcon_core.package_identification:_identify(.) by extension 'ros'
[0.405s] Level 1:colcon.colcon_core.package_identification:_identify(.) by extensions ['cmake', 'python']
[0.405s] Level 1:colcon.colcon_core.package_identification:_identify(.) by extension 'cmake'
[0.405s] Level 1:colcon.colcon_core.package_identification:_identify(.) by extension 'python'
[0.405s] Level 1:colcon.colcon_core.package_identification:_identify(.) by extensions ['python_setup_py']
[0.405s] Level 1:colcon.colcon_core.package_identification:_identify(.) by extension 'python_setup_py'
[0.406s] Level 1:colcon.colcon_core.package_identification:_identify(build) by extensions ['ignore', 'ignore_ament_install']
[0.406s] Level 1:colcon.colcon_core.package_identification:_identify(build) by extension 'ignore'
[0.406s] Level 1:colcon.colcon_core.package_identification:_identify(build) ignored
[0.406s] Level 1:colcon.colcon_core.package_identification:_identify(install) by extensions ['ignore', 'ignore_ament_install']
[0.406s] Level 1:colcon.colcon_core.package_identification:_identify(install) by extension 'ignore'
[0.406s] Level 1:colcon.colcon_core.package_identification:_identify(install) ignored
[0.406s] Level 1:colcon.colcon_core.package_identification:_identify(log) by extensions ['ignore', 'ignore_ament_install']
[0.407s] Level 1:colcon.colcon_core.package_identification:_identify(log) by extension 'ignore'
[0.407s] Level 1:colcon.colcon_core.package_identification:_identify(log) ignored
[0.407s] Level 1:colcon.colcon_core.package_identification:_identify(src) by extensions ['ignore', 'ignore_ament_install']
[0.407s] Level 1:colcon.colcon_core.package_identification:_identify(src) by extension 'ignore'
[0.407s] Level 1:colcon.colcon_core.package_identification:_identify(src) by extension 'ignore_ament_install'
[0.407s] Level 1:colcon.colcon_core.package_identification:_identify(src) by extensions ['colcon_pkg']
[0.407s] Level 1:colcon.colcon_core.package_identification:_identify(src) by extension 'colcon_pkg'
[0.408s] Level 1:colcon.colcon_core.package_identification:_identify(src) by extensions ['colcon_meta']
[0.408s] Level 1:colcon.colcon_core.package_identification:_identify(src) by extension 'colcon_meta'
[0.408s] Level 1:colcon.colcon_core.package_identification:_identify(src) by extensions ['ros']
[0.408s] Level 1:colcon.colcon_core.package_identification:_identify(src) by extension 'ros'
[0.408s] Level 1:colcon.colcon_core.package_identification:_identify(src) by extensions ['cmake', 'python']
[0.408s] Level 1:colcon.colcon_core.package_identification:_identify(src) by extension 'cmake'
[0.408s] Level 1:colcon.colcon_core.package_identification:_identify(src) by extension 'python'
[0.408s] Level 1:colcon.colcon_core.package_identification:_identify(src) by extensions ['python_setup_py']
[0.408s] Level 1:colcon.colcon_core.package_identification:_identify(src) by extension 'python_setup_py'
[0.409s] Level 1:colcon.colcon_core.package_identification:_identify(src/learn_compose) by extensions ['ignore', 'ignore_ament_install']
[0.409s] Level 1:colcon.colcon_core.package_identification:_identify(src/learn_compose) by extension 'ignore'
[0.409s] Level 1:colcon.colcon_core.package_identification:_identify(src/learn_compose) by extension 'ignore_ament_install'
[0.409s] Level 1:colcon.colcon_core.package_identification:_identify(src/learn_compose) by extensions ['colcon_pkg']
[0.409s] Level 1:colcon.colcon_core.package_identification:_identify(src/learn_compose) by extension 'colcon_pkg'
[0.409s] Level 1:colcon.colcon_core.package_identification:_identify(src/learn_compose) by extensions ['colcon_meta']
[0.409s] Level 1:colcon.colcon_core.package_identification:_identify(src/learn_compose) by extension 'colcon_meta'
[0.409s] Level 1:colcon.colcon_core.package_identification:_identify(src/learn_compose) by extensions ['ros']
[0.409s] Level 1:colcon.colcon_core.package_identification:_identify(src/learn_compose) by extension 'ros'
[0.412s] DEBUG:colcon.colcon_core.package_identification:Package 'src/learn_compose' with type 'ros.ament_cmake' and name 'learn_compose'
[0.413s] Level 1:colcon.colcon_core.package_identification:_identify(src/learn_executor_cpp) by extensions ['ignore', 'ignore_ament_install']
[0.413s] Level 1:colcon.colcon_core.package_identification:_identify(src/learn_executor_cpp) by extension 'ignore'
[0.413s] Level 1:colcon.colcon_core.package_identification:_identify(src/learn_executor_cpp) by extension 'ignore_ament_install'
[0.413s] Level 1:colcon.colcon_core.package_identification:_identify(src/learn_executor_cpp) by extensions ['colcon_pkg']
[0.413s] Level 1:colcon.colcon_core.package_identification:_identify(src/learn_executor_cpp) by extension 'colcon_pkg'
[0.413s] Level 1:colcon.colcon_core.package_identification:_identify(src/learn_executor_cpp) by extensions ['colcon_meta']
[0.413s] Level 1:colcon.colcon_core.package_identification:_identify(src/learn_executor_cpp) by extension 'colcon_meta'
[0.413s] Level 1:colcon.colcon_core.package_identification:_identify(src/learn_executor_cpp) by extensions ['ros']
[0.413s] Level 1:colcon.colcon_core.package_identification:_identify(src/learn_executor_cpp) by extension 'ros'
[0.415s] DEBUG:colcon.colcon_core.package_identification:Package 'src/learn_executor_cpp' with type 'ros.ament_cmake' and name 'learn_executor_cpp'
[0.415s] Level 1:colcon.colcon_core.package_identification:_identify(src/learn_executor_py) by extensions ['ignore', 'ignore_ament_install']
[0.415s] Level 1:colcon.colcon_core.package_identification:_identify(src/learn_executor_py) by extension 'ignore'
[0.415s] Level 1:colcon.colcon_core.package_identification:_identify(src/learn_executor_py) by extension 'ignore_ament_install'
[0.415s] Level 1:colcon.colcon_core.package_identification:_identify(src/learn_executor_py) by extensions ['colcon_pkg']
[0.415s] Level 1:colcon.colcon_core.package_identification:_identify(src/learn_executor_py) by extension 'colcon_pkg'
[0.415s] Level 1:colcon.colcon_core.package_identification:_identify(src/learn_executor_py) by extensions ['colcon_meta']
[0.415s] Level 1:colcon.colcon_core.package_identification:_identify(src/learn_executor_py) by extension 'colcon_meta'
[0.415s] Level 1:colcon.colcon_core.package_identification:_identify(src/learn_executor_py) by extensions ['ros']
[0.416s] Level 1:colcon.colcon_core.package_identification:_identify(src/learn_executor_py) by extension 'ros'
[0.417s] DEBUG:colcon.colcon_core.package_identification:Package 'src/learn_executor_py' with type 'ros.ament_python' and name 'learn_executor_py'
[0.417s] Level 1:colcon.colcon_core.package_identification:_identify(src/learn_lifecyclenode_cpp) by extensions ['ignore', 'ignore_ament_install']
[0.418s] Level 1:colcon.colcon_core.package_identification:_identify(src/learn_lifecyclenode_cpp) by extension 'ignore'
[0.418s] Level 1:colcon.colcon_core.package_identification:_identify(src/learn_lifecyclenode_cpp) by extension 'ignore_ament_install'
[0.418s] Level 1:colcon.colcon_core.package_identification:_identify(src/learn_lifecyclenode_cpp) by extensions ['colcon_pkg']
[0.418s] Level 1:colcon.colcon_core.package_identification:_identify(src/learn_lifecyclenode_cpp) by extension 'colcon_pkg'
[0.418s] Level 1:colcon.colcon_core.package_identification:_identify(src/learn_lifecyclenode_cpp) by extensions ['colcon_meta']
[0.418s] Level 1:colcon.colcon_core.package_identification:_identify(src/learn_lifecyclenode_cpp) by extension 'colcon_meta'
[0.418s] Level 1:colcon.colcon_core.package_identification:_identify(src/learn_lifecyclenode_cpp) by extensions ['ros']
[0.418s] Level 1:colcon.colcon_core.package_identification:_identify(src/learn_lifecyclenode_cpp) by extension 'ros'
[0.420s] DEBUG:colcon.colcon_core.package_identification:Package 'src/learn_lifecyclenode_cpp' with type 'ros.ament_cmake' and name 'learn_lifecyclenode_cpp'
[0.420s] Level 1:colcon.colcon_core.package_identification:_identify(src/learn_lifecyclenode_py) by extensions ['ignore', 'ignore_ament_install']
[0.420s] Level 1:colcon.colcon_core.package_identification:_identify(src/learn_lifecyclenode_py) by extension 'ignore'
[0.420s] Level 1:colcon.colcon_core.package_identification:_identify(src/learn_lifecyclenode_py) by extension 'ignore_ament_install'
[0.421s] Level 1:colcon.colcon_core.package_identification:_identify(src/learn_lifecyclenode_py) by extensions ['colcon_pkg']
[0.421s] Level 1:colcon.colcon_core.package_identification:_identify(src/learn_lifecyclenode_py) by extension 'colcon_pkg'
[0.421s] Level 1:colcon.colcon_core.package_identification:_identify(src/learn_lifecyclenode_py) by extensions ['colcon_meta']
[0.421s] Level 1:colcon.colcon_core.package_identification:_identify(src/learn_lifecyclenode_py) by extension 'colcon_meta'
[0.421s] Level 1:colcon.colcon_core.package_identification:_identify(src/learn_lifecyclenode_py) by extensions ['ros']
[0.421s] Level 1:colcon.colcon_core.package_identification:_identify(src/learn_lifecyclenode_py) by extension 'ros'
[0.422s] DEBUG:colcon.colcon_core.package_identification:Package 'src/learn_lifecyclenode_py' with type 'ros.ament_python' and name 'learn_lifecyclenode_py'
[0.422s] Level 1:colcon.colcon_core.package_identification:_identify(src/learn_qos_cpp) by extensions ['ignore', 'ignore_ament_install']
[0.422s] Level 1:colcon.colcon_core.package_identification:_identify(src/learn_qos_cpp) by extension 'ignore'
[0.422s] Level 1:colcon.colcon_core.package_identification:_identify(src/learn_qos_cpp) by extension 'ignore_ament_install'
[0.423s] Level 1:colcon.colcon_core.package_identification:_identify(src/learn_qos_cpp) by extensions ['colcon_pkg']
[0.423s] Level 1:colcon.colcon_core.package_identification:_identify(src/learn_qos_cpp) by extension 'colcon_pkg'
[0.423s] Level 1:colcon.colcon_core.package_identification:_identify(src/learn_qos_cpp) by extensions ['colcon_meta']
[0.423s] Level 1:colcon.colcon_core.package_identification:_identify(src/learn_qos_cpp) by extension 'colcon_meta'
[0.423s] Level 1:colcon.colcon_core.package_identification:_identify(src/learn_qos_cpp) by extensions ['ros']
[0.423s] Level 1:colcon.colcon_core.package_identification:_identify(src/learn_qos_cpp) by extension 'ros'
[0.424s] DEBUG:colcon.colcon_core.package_identification:Package 'src/learn_qos_cpp' with type 'ros.ament_cmake' and name 'learn_qos_cpp'
[0.424s] Level 1:colcon.colcon_core.package_identification:_identify(src/learn_qos_py) by extensions ['ignore', 'ignore_ament_install']
[0.424s] Level 1:colcon.colcon_core.package_identification:_identify(src/learn_qos_py) by extension 'ignore'
[0.424s] Level 1:colcon.colcon_core.package_identification:_identify(src/learn_qos_py) by extension 'ignore_ament_install'
[0.424s] Level 1:colcon.colcon_core.package_identification:_identify(src/learn_qos_py) by extensions ['colcon_pkg']
[0.424s] Level 1:colcon.colcon_core.package_identification:_identify(src/learn_qos_py) by extension 'colcon_pkg'
[0.424s] Level 1:colcon.colcon_core.package_identification:_identify(src/learn_qos_py) by extensions ['colcon_meta']
[0.424s] Level 1:colcon.colcon_core.package_identification:_identify(src/learn_qos_py) by extension 'colcon_meta'
[0.424s] Level 1:colcon.colcon_core.package_identification:_identify(src/learn_qos_py) by extensions ['ros']
[0.424s] Level 1:colcon.colcon_core.package_identification:_identify(src/learn_qos_py) by extension 'ros'
[0.425s] DEBUG:colcon.colcon_core.package_identification:Package 'src/learn_qos_py' with type 'ros.ament_python' and name 'learn_qos_py'
[0.425s] Level 1:colcon.colcon_core.package_identification:_identify(tmp) by extensions ['ignore', 'ignore_ament_install']
[0.425s] Level 1:colcon.colcon_core.package_identification:_identify(tmp) by extension 'ignore'
[0.425s] Level 1:colcon.colcon_core.package_identification:_identify(tmp) by extension 'ignore_ament_install'
[0.425s] Level 1:colcon.colcon_core.package_identification:_identify(tmp) by extensions ['colcon_pkg']
[0.425s] Level 1:colcon.colcon_core.package_identification:_identify(tmp) by extension 'colcon_pkg'
[0.425s] Level 1:colcon.colcon_core.package_identification:_identify(tmp) by extensions ['colcon_meta']
[0.426s] Level 1:colcon.colcon_core.package_identification:_identify(tmp) by extension 'colcon_meta'
[0.426s] Level 1:colcon.colcon_core.package_identification:_identify(tmp) by extensions ['ros']
[0.426s] Level 1:colcon.colcon_core.package_identification:_identify(tmp) by extension 'ros'
[0.426s] Level 1:colcon.colcon_core.package_identification:_identify(tmp) by extensions ['cmake', 'python']
[0.426s] Level 1:colcon.colcon_core.package_identification:_identify(tmp) by extension 'cmake'
[0.426s] Level 1:colcon.colcon_core.package_identification:_identify(tmp) by extension 'python'
[0.426s] Level 1:colcon.colcon_core.package_identification:_identify(tmp) by extensions ['python_setup_py']
[0.426s] Level 1:colcon.colcon_core.package_identification:_identify(tmp) by extension 'python_setup_py'
[0.426s] Level 1:colcon.colcon_core.package_identification:_identify(tmp/aha) by extensions ['ignore', 'ignore_ament_install']
[0.426s] Level 1:colcon.colcon_core.package_identification:_identify(tmp/aha) by extension 'ignore'
[0.426s] Level 1:colcon.colcon_core.package_identification:_identify(tmp/aha) by extension 'ignore_ament_install'
[0.426s] Level 1:colcon.colcon_core.package_identification:_identify(tmp/aha) by extensions ['colcon_pkg']
[0.426s] Level 1:colcon.colcon_core.package_identification:_identify(tmp/aha) by extension 'colcon_pkg'
[0.426s] Level 1:colcon.colcon_core.package_identification:_identify(tmp/aha) by extensions ['colcon_meta']
[0.426s] Level 1:colcon.colcon_core.package_identification:_identify(tmp/aha) by extension 'colcon_meta'
[0.427s] Level 1:colcon.colcon_core.package_identification:_identify(tmp/aha) by extensions ['ros']
[0.427s] Level 1:colcon.colcon_core.package_identification:_identify(tmp/aha) by extension 'ros'
[0.427s] Level 1:colcon.colcon_core.package_identification:_identify(tmp/aha) by extensions ['cmake', 'python']
[0.427s] Level 1:colcon.colcon_core.package_identification:_identify(tmp/aha) by extension 'cmake'
[0.427s] Level 1:colcon.colcon_core.package_identification:_identify(tmp/aha) by extension 'python'
[0.427s] Level 1:colcon.colcon_core.package_identification:_identify(tmp/aha) by extensions ['python_setup_py']
[0.427s] Level 1:colcon.colcon_core.package_identification:_identify(tmp/aha) by extension 'python_setup_py'
[0.427s] Level 1:colcon.colcon_core.package_identification:_identify(tmp/aha/dconf) by extensions ['ignore', 'ignore_ament_install']
[0.427s] Level 1:colcon.colcon_core.package_identification:_identify(tmp/aha/dconf) by extension 'ignore'
[0.427s] Level 1:colcon.colcon_core.package_identification:_identify(tmp/aha/dconf) by extension 'ignore_ament_install'
[0.427s] Level 1:colcon.colcon_core.package_identification:_identify(tmp/aha/dconf) by extensions ['colcon_pkg']
[0.427s] Level 1:colcon.colcon_core.package_identification:_identify(tmp/aha/dconf) by extension 'colcon_pkg'
[0.427s] Level 1:colcon.colcon_core.package_identification:_identify(tmp/aha/dconf) by extensions ['colcon_meta']
[0.427s] Level 1:colcon.colcon_core.package_identification:_identify(tmp/aha/dconf) by extension 'colcon_meta'
[0.427s] Level 1:colcon.colcon_core.package_identification:_identify(tmp/aha/dconf) by extensions ['ros']
[0.427s] Level 1:colcon.colcon_core.package_identification:_identify(tmp/aha/dconf) by extension 'ros'
[0.428s] Level 1:colcon.colcon_core.package_identification:_identify(tmp/aha/dconf) by extensions ['cmake', 'python']
[0.428s] Level 1:colcon.colcon_core.package_identification:_identify(tmp/aha/dconf) by extension 'cmake'
[0.428s] Level 1:colcon.colcon_core.package_identification:_identify(tmp/aha/dconf) by extension 'python'
[0.428s] Level 1:colcon.colcon_core.package_identification:_identify(tmp/aha/dconf) by extensions ['python_setup_py']
[0.428s] Level 1:colcon.colcon_core.package_identification:_identify(tmp/aha/dconf) by extension 'python_setup_py'
[0.428s] Level 1:colcon.colcon_core.package_discovery:discover_packages(recursive) using defaults
[0.428s] Level 1:colcon.colcon_core.package_discovery:discover_packages(ignore) discover
[0.428s] Level 1:colcon.colcon_core.package_discovery:discover_packages(ignore) using defaults
[0.428s] Level 1:colcon.colcon_core.package_discovery:discover_packages(path) discover
[0.428s] Level 1:colcon.colcon_core.package_discovery:discover_packages(path) using defaults
[0.473s] Level 1:colcon.colcon_core.package_discovery:discover_packages(prefix_path) check parameters
[0.473s] Level 1:colcon.colcon_core.package_discovery:discover_packages(prefix_path) discover
[0.475s] DEBUG:colcon.colcon_installed_package_information.package_discovery:Found 7 installed packages in /home/hzh/ros2_learn/chapt10/chapt10_ws/install
[0.478s] DEBUG:colcon.colcon_installed_package_information.package_discovery:Found 372 installed packages in /opt/ros/humble
[0.480s] Level 1:colcon.colcon_core.package_discovery:discover_packages(prefix_path) using defaults
[0.549s] Level 5:colcon.colcon_core.verb:set package 'learn_compose' build argument 'cmake_args' from command line to 'None'
[0.549s] Level 5:colcon.colcon_core.verb:set package 'learn_compose' build argument 'cmake_target' from command line to 'None'
[0.549s] Level 5:colcon.colcon_core.verb:set package 'learn_compose' build argument 'cmake_target_skip_unavailable' from command line to 'False'
[0.549s] Level 5:colcon.colcon_core.verb:set package 'learn_compose' build argument 'cmake_clean_cache' from command line to 'False'
[0.549s] Level 5:colcon.colcon_core.verb:set package 'learn_compose' build argument 'cmake_clean_first' from command line to 'False'
[0.550s] Level 5:colcon.colcon_core.verb:set package 'learn_compose' build argument 'cmake_force_configure' from command line to 'False'
[0.550s] Level 5:colcon.colcon_core.verb:set package 'learn_compose' build argument 'ament_cmake_args' from command line to 'None'
[0.550s] Level 5:colcon.colcon_core.verb:set package 'learn_compose' build argument 'catkin_cmake_args' from command line to 'None'
[0.550s] Level 5:colcon.colcon_core.verb:set package 'learn_compose' build argument 'catkin_skip_building_tests' from command line to 'False'
[0.550s] DEBUG:colcon.colcon_core.verb:Building package 'learn_compose' with the following arguments: {'ament_cmake_args': None, 'build_base': '/home/hzh/ros2_learn/chapt10/chapt10_ws/build/learn_compose', 'catkin_cmake_args': None, 'catkin_skip_building_tests': False, 'cmake_args': None, 'cmake_clean_cache': False, 'cmake_clean_first': False, 'cmake_force_configure': False, 'cmake_target': None, 'cmake_target_skip_unavailable': False, 'install_base': '/home/hzh/ros2_learn/chapt10/chapt10_ws/install/learn_compose', 'merge_install': False, 'path': '/home/hzh/ros2_learn/chapt10/chapt10_ws/src/learn_compose', 'symlink_install': False, 'test_result_base': None}
[0.550s] Level 5:colcon.colcon_core.verb:set package 'learn_executor_cpp' build argument 'cmake_args' from command line to 'None'
[0.550s] Level 5:colcon.colcon_core.verb:set package 'learn_executor_cpp' build argument 'cmake_target' from command line to 'None'
[0.550s] Level 5:colcon.colcon_core.verb:set package 'learn_executor_cpp' build argument 'cmake_target_skip_unavailable' from command line to 'False'
[0.550s] Level 5:colcon.colcon_core.verb:set package 'learn_executor_cpp' build argument 'cmake_clean_cache' from command line to 'False'
[0.550s] Level 5:colcon.colcon_core.verb:set package 'learn_executor_cpp' build argument 'cmake_clean_first' from command line to 'False'
[0.550s] Level 5:colcon.colcon_core.verb:set package 'learn_executor_cpp' build argument 'cmake_force_configure' from command line to 'False'
[0.550s] Level 5:colcon.colcon_core.verb:set package 'learn_executor_cpp' build argument 'ament_cmake_args' from command line to 'None'
[0.550s] Level 5:colcon.colcon_core.verb:set package 'learn_executor_cpp' build argument 'catkin_cmake_args' from command line to 'None'
[0.551s] Level 5:colcon.colcon_core.verb:set package 'learn_executor_cpp' build argument 'catkin_skip_building_tests' from command line to 'False'
[0.551s] DEBUG:colcon.colcon_core.verb:Building package 'learn_executor_cpp' with the following arguments: {'ament_cmake_args': None, 'build_base': '/home/hzh/ros2_learn/chapt10/chapt10_ws/build/learn_executor_cpp', 'catkin_cmake_args': None, 'catkin_skip_building_tests': False, 'cmake_args': None, 'cmake_clean_cache': False, 'cmake_clean_first': False, 'cmake_force_configure': False, 'cmake_target': None, 'cmake_target_skip_unavailable': False, 'install_base': '/home/hzh/ros2_learn/chapt10/chapt10_ws/install/learn_executor_cpp', 'merge_install': False, 'path': '/home/hzh/ros2_learn/chapt10/chapt10_ws/src/learn_executor_cpp', 'symlink_install': False, 'test_result_base': None}
[0.551s] Level 5:colcon.colcon_core.verb:set package 'learn_executor_py' build argument 'cmake_args' from command line to 'None'
[0.551s] Level 5:colcon.colcon_core.verb:set package 'learn_executor_py' build argument 'cmake_target' from command line to 'None'
[0.551s] Level 5:colcon.colcon_core.verb:set package 'learn_executor_py' build argument 'cmake_target_skip_unavailable' from command line to 'False'
[0.551s] Level 5:colcon.colcon_core.verb:set package 'learn_executor_py' build argument 'cmake_clean_cache' from command line to 'False'
[0.551s] Level 5:colcon.colcon_core.verb:set package 'learn_executor_py' build argument 'cmake_clean_first' from command line to 'False'
[0.551s] Level 5:colcon.colcon_core.verb:set package 'learn_executor_py' build argument 'cmake_force_configure' from command line to 'False'
[0.551s] Level 5:colcon.colcon_core.verb:set package 'learn_executor_py' build argument 'ament_cmake_args' from command line to 'None'
[0.551s] Level 5:colcon.colcon_core.verb:set package 'learn_executor_py' build argument 'catkin_cmake_args' from command line to 'None'
[0.551s] Level 5:colcon.colcon_core.verb:set package 'learn_executor_py' build argument 'catkin_skip_building_tests' from command line to 'False'
[0.551s] DEBUG:colcon.colcon_core.verb:Building package 'learn_executor_py' with the following arguments: {'ament_cmake_args': None, 'build_base': '/home/hzh/ros2_learn/chapt10/chapt10_ws/build/learn_executor_py', 'catkin_cmake_args': None, 'catkin_skip_building_tests': False, 'cmake_args': None, 'cmake_clean_cache': False, 'cmake_clean_first': False, 'cmake_force_configure': False, 'cmake_target': None, 'cmake_target_skip_unavailable': False, 'install_base': '/home/hzh/ros2_learn/chapt10/chapt10_ws/install/learn_executor_py', 'merge_install': False, 'path': '/home/hzh/ros2_learn/chapt10/chapt10_ws/src/learn_executor_py', 'symlink_install': False, 'test_result_base': None}
[0.553s] Level 5:colcon.colcon_core.verb:set package 'learn_lifecyclenode_cpp' build argument 'cmake_args' from command line to 'None'
[0.553s] Level 5:colcon.colcon_core.verb:set package 'learn_lifecyclenode_cpp' build argument 'cmake_target' from command line to 'None'
[0.553s] Level 5:colcon.colcon_core.verb:set package 'learn_lifecyclenode_cpp' build argument 'cmake_target_skip_unavailable' from command line to 'False'
[0.553s] Level 5:colcon.colcon_core.verb:set package 'learn_lifecyclenode_cpp' build argument 'cmake_clean_cache' from command line to 'False'
[0.553s] Level 5:colcon.colcon_core.verb:set package 'learn_lifecyclenode_cpp' build argument 'cmake_clean_first' from command line to 'False'
[0.553s] Level 5:colcon.colcon_core.verb:set package 'learn_lifecyclenode_cpp' build argument 'cmake_force_configure' from command line to 'False'
[0.553s] Level 5:colcon.colcon_core.verb:set package 'learn_lifecyclenode_cpp' build argument 'ament_cmake_args' from command line to 'None'
[0.553s] Level 5:colcon.colcon_core.verb:set package 'learn_lifecyclenode_cpp' build argument 'catkin_cmake_args' from command line to 'None'
[0.553s] Level 5:colcon.colcon_core.verb:set package 'learn_lifecyclenode_cpp' build argument 'catkin_skip_building_tests' from command line to 'False'
[0.553s] DEBUG:colcon.colcon_core.verb:Building package 'learn_lifecyclenode_cpp' with the following arguments: {'ament_cmake_args': None, 'build_base': '/home/hzh/ros2_learn/chapt10/chapt10_ws/build/learn_lifecyclenode_cpp', 'catkin_cmake_args': None, 'catkin_skip_building_tests': False, 'cmake_args': None, 'cmake_clean_cache': False, 'cmake_clean_first': False, 'cmake_force_configure': False, 'cmake_target': None, 'cmake_target_skip_unavailable': False, 'install_base': '/home/hzh/ros2_learn/chapt10/chapt10_ws/install/learn_lifecyclenode_cpp', 'merge_install': False, 'path': '/home/hzh/ros2_learn/chapt10/chapt10_ws/src/learn_lifecyclenode_cpp', 'symlink_install': False, 'test_result_base': None}
[0.554s] Level 5:colcon.colcon_core.verb:set package 'learn_lifecyclenode_py' build argument 'cmake_args' from command line to 'None'
[0.554s] Level 5:colcon.colcon_core.verb:set package 'learn_lifecyclenode_py' build argument 'cmake_target' from command line to 'None'
[0.554s] Level 5:colcon.colcon_core.verb:set package 'learn_lifecyclenode_py' build argument 'cmake_target_skip_unavailable' from command line to 'False'
[0.554s] Level 5:colcon.colcon_core.verb:set package 'learn_lifecyclenode_py' build argument 'cmake_clean_cache' from command line to 'False'
[0.554s] Level 5:colcon.colcon_core.verb:set package 'learn_lifecyclenode_py' build argument 'cmake_clean_first' from command line to 'False'
[0.554s] Level 5:colcon.colcon_core.verb:set package 'learn_lifecyclenode_py' build argument 'cmake_force_configure' from command line to 'False'
[0.554s] Level 5:colcon.colcon_core.verb:set package 'learn_lifecyclenode_py' build argument 'ament_cmake_args' from command line to 'None'
[0.554s] Level 5:colcon.colcon_core.verb:set package 'learn_lifecyclenode_py' build argument 'catkin_cmake_args' from command line to 'None'
[0.554s] Level 5:colcon.colcon_core.verb:set package 'learn_lifecyclenode_py' build argument 'catkin_skip_building_tests' from command line to 'False'
[0.554s] DEBUG:colcon.colcon_core.verb:Building package 'learn_lifecyclenode_py' with the following arguments: {'ament_cmake_args': None, 'build_base': '/home/hzh/ros2_learn/chapt10/chapt10_ws/build/learn_lifecyclenode_py', 'catkin_cmake_args': None, 'catkin_skip_building_tests': False, 'cmake_args': None, 'cmake_clean_cache': False, 'cmake_clean_first': False, 'cmake_force_configure': False, 'cmake_target': None, 'cmake_target_skip_unavailable': False, 'install_base': '/home/hzh/ros2_learn/chapt10/chapt10_ws/install/learn_lifecyclenode_py', 'merge_install': False, 'path': '/home/hzh/ros2_learn/chapt10/chapt10_ws/src/learn_lifecyclenode_py', 'symlink_install': False, 'test_result_base': None}
[0.555s] Level 5:colcon.colcon_core.verb:set package 'learn_qos_cpp' build argument 'cmake_args' from command line to 'None'
[0.555s] Level 5:colcon.colcon_core.verb:set package 'learn_qos_cpp' build argument 'cmake_target' from command line to 'None'
[0.555s] Level 5:colcon.colcon_core.verb:set package 'learn_qos_cpp' build argument 'cmake_target_skip_unavailable' from command line to 'False'
[0.555s] Level 5:colcon.colcon_core.verb:set package 'learn_qos_cpp' build argument 'cmake_clean_cache' from command line to 'False'
[0.555s] Level 5:colcon.colcon_core.verb:set package 'learn_qos_cpp' build argument 'cmake_clean_first' from command line to 'False'
[0.555s] Level 5:colcon.colcon_core.verb:set package 'learn_qos_cpp' build argument 'cmake_force_configure' from command line to 'False'
[0.555s] Level 5:colcon.colcon_core.verb:set package 'learn_qos_cpp' build argument 'ament_cmake_args' from command line to 'None'
[0.555s] Level 5:colcon.colcon_core.verb:set package 'learn_qos_cpp' build argument 'catkin_cmake_args' from command line to 'None'
[0.555s] Level 5:colcon.colcon_core.verb:set package 'learn_qos_cpp' build argument 'catkin_skip_building_tests' from command line to 'False'
[0.555s] DEBUG:colcon.colcon_core.verb:Building package 'learn_qos_cpp' with the following arguments: {'ament_cmake_args': None, 'build_base': '/home/hzh/ros2_learn/chapt10/chapt10_ws/build/learn_qos_cpp', 'catkin_cmake_args': None, 'catkin_skip_building_tests': False, 'cmake_args': None, 'cmake_clean_cache': False, 'cmake_clean_first': False, 'cmake_force_configure': False, 'cmake_target': None, 'cmake_target_skip_unavailable': False, 'install_base': '/home/hzh/ros2_learn/chapt10/chapt10_ws/install/learn_qos_cpp', 'merge_install': False, 'path': '/home/hzh/ros2_learn/chapt10/chapt10_ws/src/learn_qos_cpp', 'symlink_install': False, 'test_result_base': None}
[0.555s] Level 5:colcon.colcon_core.verb:set package 'learn_qos_py' build argument 'cmake_args' from command line to 'None'
[0.556s] Level 5:colcon.colcon_core.verb:set package 'learn_qos_py' build argument 'cmake_target' from command line to 'None'
[0.556s] Level 5:colcon.colcon_core.verb:set package 'learn_qos_py' build argument 'cmake_target_skip_unavailable' from command line to 'False'
[0.556s] Level 5:colcon.colcon_core.verb:set package 'learn_qos_py' build argument 'cmake_clean_cache' from command line to 'False'
[0.556s] Level 5:colcon.colcon_core.verb:set package 'learn_qos_py' build argument 'cmake_clean_first' from command line to 'False'
[0.556s] Level 5:colcon.colcon_core.verb:set package 'learn_qos_py' build argument 'cmake_force_configure' from command line to 'False'
[0.556s] Level 5:colcon.colcon_core.verb:set package 'learn_qos_py' build argument 'ament_cmake_args' from command line to 'None'
[0.556s] Level 5:colcon.colcon_core.verb:set package 'learn_qos_py' build argument 'catkin_cmake_args' from command line to 'None'
[0.556s] Level 5:colcon.colcon_core.verb:set package 'learn_qos_py' build argument 'catkin_skip_building_tests' from command line to 'False'
[0.556s] DEBUG:colcon.colcon_core.verb:Building package 'learn_qos_py' with the following arguments: {'ament_cmake_args': None, 'build_base': '/home/hzh/ros2_learn/chapt10/chapt10_ws/build/learn_qos_py', 'catkin_cmake_args': None, 'catkin_skip_building_tests': False, 'cmake_args': None, 'cmake_clean_cache': False, 'cmake_clean_first': False, 'cmake_force_configure': False, 'cmake_target': None, 'cmake_target_skip_unavailable': False, 'install_base': '/home/hzh/ros2_learn/chapt10/chapt10_ws/install/learn_qos_py', 'merge_install': False, 'path': '/home/hzh/ros2_learn/chapt10/chapt10_ws/src/learn_qos_py', 'symlink_install': False, 'test_result_base': None}
[0.556s] INFO:colcon.colcon_core.executor:Executing jobs using 'parallel' executor
[0.558s] DEBUG:colcon.colcon_parallel_executor.executor.parallel:run_until_complete
[0.558s] INFO:colcon.colcon_ros.task.ament_cmake.build:Building ROS package in '/home/hzh/ros2_learn/chapt10/chapt10_ws/src/learn_compose' with build type 'ament_cmake'
[0.559s] INFO:colcon.colcon_cmake.task.cmake.build:Building CMake package in '/home/hzh/ros2_learn/chapt10/chapt10_ws/src/learn_compose'
[0.563s] INFO:colcon.colcon_core.plugin_system:Skipping extension 'colcon_core.shell.bat': Not used on non-Windows systems
[0.563s] INFO:colcon.colcon_core.shell:Skip shell extension 'powershell' for command environment: Not usable outside of PowerShell
[0.563s] DEBUG:colcon.colcon_core.shell:Skip shell extension 'dsv' for command environment
[0.571s] INFO:colcon.colcon_ros.task.ament_cmake.build:Building ROS package in '/home/hzh/ros2_learn/chapt10/chapt10_ws/src/learn_executor_cpp' with build type 'ament_cmake'
[0.571s] INFO:colcon.colcon_cmake.task.cmake.build:Building CMake package in '/home/hzh/ros2_learn/chapt10/chapt10_ws/src/learn_executor_cpp'
[0.571s] INFO:colcon.colcon_core.shell:Skip shell extension 'powershell' for command environment: Not usable outside of PowerShell
[0.572s] DEBUG:colcon.colcon_core.shell:Skip shell extension 'dsv' for command environment
[0.580s] INFO:colcon.colcon_ros.task.ament_python.build:Building ROS package in '/home/hzh/ros2_learn/chapt10/chapt10_ws/src/learn_executor_py' with build type 'ament_python'
[0.580s] Level 1:colcon.colcon_core.shell:create_environment_hook('learn_executor_py', 'ament_prefix_path')
[0.580s] INFO:colcon.colcon_core.shell:Creating environment hook '/home/hzh/ros2_learn/chapt10/chapt10_ws/install/learn_executor_py/share/learn_executor_py/hook/ament_prefix_path.ps1'
[0.582s] INFO:colcon.colcon_core.shell:Creating environment descriptor '/home/hzh/ros2_learn/chapt10/chapt10_ws/install/learn_executor_py/share/learn_executor_py/hook/ament_prefix_path.dsv'
[0.584s] INFO:colcon.colcon_core.shell:Creating environment hook '/home/hzh/ros2_learn/chapt10/chapt10_ws/install/learn_executor_py/share/learn_executor_py/hook/ament_prefix_path.sh'
[0.586s] INFO:colcon.colcon_core.shell:Skip shell extension 'powershell' for command environment: Not usable outside of PowerShell
[0.587s] DEBUG:colcon.colcon_core.shell:Skip shell extension 'dsv' for command environment
[0.597s] INFO:colcon.colcon_ros.task.ament_cmake.build:Building ROS package in '/home/hzh/ros2_learn/chapt10/chapt10_ws/src/learn_lifecyclenode_cpp' with build type 'ament_cmake'
[0.597s] INFO:colcon.colcon_cmake.task.cmake.build:Building CMake package in '/home/hzh/ros2_learn/chapt10/chapt10_ws/src/learn_lifecyclenode_cpp'
[0.598s] INFO:colcon.colcon_core.shell:Skip shell extension 'powershell' for command environment: Not usable outside of PowerShell
[0.598s] DEBUG:colcon.colcon_core.shell:Skip shell extension 'dsv' for command environment
[0.610s] DEBUG:colcon.colcon_core.event_handler.log_command:Invoking command in '/home/hzh/ros2_learn/chapt10/chapt10_ws/build/learn_compose': CMAKE_PREFIX_PATH=${CMAKE_PREFIX_PATH}:/home/hzh/ros2_learn/chapt10/chapt10_ws/install/learn_lifecyclenode_py:/home/hzh/ros2_learn/chapt10/chapt10_ws/install/learn_executor_py:/home/hzh/ros2_learn/chapt10/chapt10_ws/install/learn_qos_py:/opt/ros/humble /usr/bin/cmake --build /home/hzh/ros2_learn/chapt10/chapt10_ws/build/learn_compose -- -j4 -l4
[0.624s] DEBUG:colcon.colcon_core.event_handler.log_command:Invoking command in '/home/hzh/ros2_learn/chapt10/chapt10_ws/build/learn_executor_cpp': CMAKE_PREFIX_PATH=${CMAKE_PREFIX_PATH}:/home/hzh/ros2_learn/chapt10/chapt10_ws/install/learn_lifecyclenode_py:/home/hzh/ros2_learn/chapt10/chapt10_ws/install/learn_executor_py:/home/hzh/ros2_learn/chapt10/chapt10_ws/install/learn_qos_py:/opt/ros/humble /usr/bin/cmake --build /home/hzh/ros2_learn/chapt10/chapt10_ws/build/learn_executor_cpp -- -j4 -l4
[1.184s] INFO:colcon.colcon_core.task.python.build:Building Python package in '/home/hzh/ros2_learn/chapt10/chapt10_ws/src/learn_executor_py'
[1.185s] INFO:colcon.colcon_core.shell:Skip shell extension 'powershell' for command environment: Not usable outside of PowerShell
[1.185s] DEBUG:colcon.colcon_core.shell:Skip shell extension 'dsv' for command environment
[1.206s] DEBUG:colcon.colcon_core.event_handler.log_command:Invoked command in '/home/hzh/ros2_learn/chapt10/chapt10_ws/build/learn_executor_cpp' returned '0': CMAKE_PREFIX_PATH=${CMAKE_PREFIX_PATH}:/home/hzh/ros2_learn/chapt10/chapt10_ws/install/learn_lifecyclenode_py:/home/hzh/ros2_learn/chapt10/chapt10_ws/install/learn_executor_py:/home/hzh/ros2_learn/chapt10/chapt10_ws/install/learn_qos_py:/opt/ros/humble /usr/bin/cmake --build /home/hzh/ros2_learn/chapt10/chapt10_ws/build/learn_executor_cpp -- -j4 -l4
[1.226s] DEBUG:colcon.colcon_core.event_handler.log_command:Invoking command in '/home/hzh/ros2_learn/chapt10/chapt10_ws/build/learn_executor_cpp': CMAKE_PREFIX_PATH=${CMAKE_PREFIX_PATH}:/home/hzh/ros2_learn/chapt10/chapt10_ws/install/learn_lifecyclenode_py:/home/hzh/ros2_learn/chapt10/chapt10_ws/install/learn_executor_py:/home/hzh/ros2_learn/chapt10/chapt10_ws/install/learn_qos_py:/opt/ros/humble /usr/bin/cmake --install /home/hzh/ros2_learn/chapt10/chapt10_ws/build/learn_executor_cpp
[1.229s] DEBUG:colcon.colcon_core.event_handler.log_command:Invoking command in '/home/hzh/ros2_learn/chapt10/chapt10_ws/build/learn_lifecyclenode_cpp': CMAKE_PREFIX_PATH=${CMAKE_PREFIX_PATH}:/home/hzh/ros2_learn/chapt10/chapt10_ws/install/learn_lifecyclenode_py:/home/hzh/ros2_learn/chapt10/chapt10_ws/install/learn_executor_py:/home/hzh/ros2_learn/chapt10/chapt10_ws/install/learn_qos_py:/opt/ros/humble /usr/bin/cmake --build /home/hzh/ros2_learn/chapt10/chapt10_ws/build/learn_lifecyclenode_cpp -- -j4 -l4
[1.245s] Level 1:colcon.colcon_core.environment:create_environment_scripts_only(learn_executor_cpp)
[1.248s] DEBUG:colcon.colcon_core.event_handler.log_command:Invoked command in '/home/hzh/ros2_learn/chapt10/chapt10_ws/build/learn_executor_cpp' returned '0': CMAKE_PREFIX_PATH=${CMAKE_PREFIX_PATH}:/home/hzh/ros2_learn/chapt10/chapt10_ws/install/learn_lifecyclenode_py:/home/hzh/ros2_learn/chapt10/chapt10_ws/install/learn_executor_py:/home/hzh/ros2_learn/chapt10/chapt10_ws/install/learn_qos_py:/opt/ros/humble /usr/bin/cmake --install /home/hzh/ros2_learn/chapt10/chapt10_ws/build/learn_executor_cpp
[1.248s] Level 1:colcon.colcon_core.environment:checking '/home/hzh/ros2_learn/chapt10/chapt10_ws/install/learn_executor_cpp' for CMake module files
[1.249s] Level 1:colcon.colcon_core.environment:checking '/home/hzh/ros2_learn/chapt10/chapt10_ws/install/learn_executor_cpp' for CMake config files
[1.250s] Level 1:colcon.colcon_core.shell:create_environment_hook('learn_executor_cpp', 'cmake_prefix_path')
[1.250s] INFO:colcon.colcon_core.shell:Creating environment hook '/home/hzh/ros2_learn/chapt10/chapt10_ws/install/learn_executor_cpp/share/learn_executor_cpp/hook/cmake_prefix_path.ps1'
[1.251s] INFO:colcon.colcon_core.shell:Creating environment descriptor '/home/hzh/ros2_learn/chapt10/chapt10_ws/install/learn_executor_cpp/share/learn_executor_cpp/hook/cmake_prefix_path.dsv'
[1.253s] INFO:colcon.colcon_core.shell:Creating environment hook '/home/hzh/ros2_learn/chapt10/chapt10_ws/install/learn_executor_cpp/share/learn_executor_cpp/hook/cmake_prefix_path.sh'
[1.255s] Level 1:colcon.colcon_core.environment:checking '/home/hzh/ros2_learn/chapt10/chapt10_ws/install/learn_executor_cpp/lib'
[1.256s] Level 1:colcon.colcon_core.environment:checking '/home/hzh/ros2_learn/chapt10/chapt10_ws/install/learn_executor_cpp/bin'
[1.256s] Level 1:colcon.colcon_core.environment:checking '/home/hzh/ros2_learn/chapt10/chapt10_ws/install/learn_executor_cpp/lib/pkgconfig/learn_executor_cpp.pc'
[1.256s] Level 1:colcon.colcon_core.environment:checking '/home/hzh/ros2_learn/chapt10/chapt10_ws/install/learn_executor_cpp/lib/python3.10/site-packages'
[1.257s] Level 1:colcon.colcon_core.environment:checking '/home/hzh/ros2_learn/chapt10/chapt10_ws/install/learn_executor_cpp/bin'
[1.257s] INFO:colcon.colcon_core.shell:Creating package script '/home/hzh/ros2_learn/chapt10/chapt10_ws/install/learn_executor_cpp/share/learn_executor_cpp/package.ps1'
[1.259s] INFO:colcon.colcon_core.shell:Creating package descriptor '/home/hzh/ros2_learn/chapt10/chapt10_ws/install/learn_executor_cpp/share/learn_executor_cpp/package.dsv'
[1.260s] INFO:colcon.colcon_core.shell:Creating package script '/home/hzh/ros2_learn/chapt10/chapt10_ws/install/learn_executor_cpp/share/learn_executor_cpp/package.sh'
[1.262s] INFO:colcon.colcon_core.shell:Creating package script '/home/hzh/ros2_learn/chapt10/chapt10_ws/install/learn_executor_cpp/share/learn_executor_cpp/package.bash'
[1.263s] INFO:colcon.colcon_core.shell:Creating package script '/home/hzh/ros2_learn/chapt10/chapt10_ws/install/learn_executor_cpp/share/learn_executor_cpp/package.zsh'
[1.265s] Level 1:colcon.colcon_core.environment:create_file_with_runtime_dependencies(/home/hzh/ros2_learn/chapt10/chapt10_ws/install/learn_executor_cpp/share/colcon-core/packages/learn_executor_cpp)
[1.266s] Level 1:colcon.colcon_core.environment:create_environment_scripts_only(learn_executor_cpp)
[1.266s] Level 1:colcon.colcon_core.environment:checking '/home/hzh/ros2_learn/chapt10/chapt10_ws/install/learn_executor_cpp' for CMake module files
[1.267s] Level 1:colcon.colcon_core.environment:checking '/home/hzh/ros2_learn/chapt10/chapt10_ws/install/learn_executor_cpp' for CMake config files
[1.267s] Level 1:colcon.colcon_core.shell:create_environment_hook('learn_executor_cpp', 'cmake_prefix_path')
[1.268s] INFO:colcon.colcon_core.shell:Creating environment hook '/home/hzh/ros2_learn/chapt10/chapt10_ws/install/learn_executor_cpp/share/learn_executor_cpp/hook/cmake_prefix_path.ps1'
[1.269s] INFO:colcon.colcon_core.shell:Creating environment descriptor '/home/hzh/ros2_learn/chapt10/chapt10_ws/install/learn_executor_cpp/share/learn_executor_cpp/hook/cmake_prefix_path.dsv'
[1.271s] INFO:colcon.colcon_core.shell:Creating environment hook '/home/hzh/ros2_learn/chapt10/chapt10_ws/install/learn_executor_cpp/share/learn_executor_cpp/hook/cmake_prefix_path.sh'
[1.272s] Level 1:colcon.colcon_core.environment:checking '/home/hzh/ros2_learn/chapt10/chapt10_ws/install/learn_executor_cpp/lib'
[1.272s] Level 1:colcon.colcon_core.environment:checking '/home/hzh/ros2_learn/chapt10/chapt10_ws/install/learn_executor_cpp/bin'
[1.272s] Level 1:colcon.colcon_core.environment:checking '/home/hzh/ros2_learn/chapt10/chapt10_ws/install/learn_executor_cpp/lib/pkgconfig/learn_executor_cpp.pc'
[1.272s] Level 1:colcon.colcon_core.environment:checking '/home/hzh/ros2_learn/chapt10/chapt10_ws/install/learn_executor_cpp/lib/python3.10/site-packages'
[1.274s] Level 1:colcon.colcon_core.environment:checking '/home/hzh/ros2_learn/chapt10/chapt10_ws/install/learn_executor_cpp/bin'
[1.274s] INFO:colcon.colcon_core.shell:Creating package script '/home/hzh/ros2_learn/chapt10/chapt10_ws/install/learn_executor_cpp/share/learn_executor_cpp/package.ps1'
[1.275s] INFO:colcon.colcon_core.shell:Creating package descriptor '/home/hzh/ros2_learn/chapt10/chapt10_ws/install/learn_executor_cpp/share/learn_executor_cpp/package.dsv'
[1.276s] INFO:colcon.colcon_core.shell:Creating package script '/home/hzh/ros2_learn/chapt10/chapt10_ws/install/learn_executor_cpp/share/learn_executor_cpp/package.sh'
[1.277s] INFO:colcon.colcon_core.shell:Creating package script '/home/hzh/ros2_learn/chapt10/chapt10_ws/install/learn_executor_cpp/share/learn_executor_cpp/package.bash'
[1.279s] INFO:colcon.colcon_core.shell:Creating package script '/home/hzh/ros2_learn/chapt10/chapt10_ws/install/learn_executor_cpp/share/learn_executor_cpp/package.zsh'
[1.281s] Level 1:colcon.colcon_core.environment:create_file_with_runtime_dependencies(/home/hzh/ros2_learn/chapt10/chapt10_ws/install/learn_executor_cpp/share/colcon-core/packages/learn_executor_cpp)
[1.285s] INFO:colcon.colcon_ros.task.ament_python.build:Building ROS package in '/home/hzh/ros2_learn/chapt10/chapt10_ws/src/learn_lifecyclenode_py' with build type 'ament_python'
[1.286s] Level 1:colcon.colcon_core.shell:create_environment_hook('learn_lifecyclenode_py', 'ament_prefix_path')
[1.286s] INFO:colcon.colcon_core.shell:Creating environment hook '/home/hzh/ros2_learn/chapt10/chapt10_ws/install/learn_lifecyclenode_py/share/learn_lifecyclenode_py/hook/ament_prefix_path.ps1'
[1.288s] INFO:colcon.colcon_core.shell:Creating environment descriptor '/home/hzh/ros2_learn/chapt10/chapt10_ws/install/learn_lifecyclenode_py/share/learn_lifecyclenode_py/hook/ament_prefix_path.dsv'
[1.289s] INFO:colcon.colcon_core.shell:Creating environment hook '/home/hzh/ros2_learn/chapt10/chapt10_ws/install/learn_lifecyclenode_py/share/learn_lifecyclenode_py/hook/ament_prefix_path.sh'
[1.290s] INFO:colcon.colcon_core.shell:Skip shell extension 'powershell' for command environment: Not usable outside of PowerShell
[1.291s] DEBUG:colcon.colcon_core.shell:Skip shell extension 'dsv' for command environment
[1.771s] INFO:colcon.colcon_core.task.python.build:Building Python package in '/home/hzh/ros2_learn/chapt10/chapt10_ws/src/learn_lifecyclenode_py'
[1.772s] INFO:colcon.colcon_core.shell:Skip shell extension 'powershell' for command environment: Not usable outside of PowerShell
[1.772s] DEBUG:colcon.colcon_core.shell:Skip shell extension 'dsv' for command environment
[1.783s] DEBUG:colcon.colcon_core.event_handler.log_command:Invoked command in '/home/hzh/ros2_learn/chapt10/chapt10_ws/build/learn_lifecyclenode_cpp' returned '0': CMAKE_PREFIX_PATH=${CMAKE_PREFIX_PATH}:/home/hzh/ros2_learn/chapt10/chapt10_ws/install/learn_lifecyclenode_py:/home/hzh/ros2_learn/chapt10/chapt10_ws/install/learn_executor_py:/home/hzh/ros2_learn/chapt10/chapt10_ws/install/learn_qos_py:/opt/ros/humble /usr/bin/cmake --build /home/hzh/ros2_learn/chapt10/chapt10_ws/build/learn_lifecyclenode_cpp -- -j4 -l4
[1.784s] DEBUG:colcon.colcon_core.event_handler.log_command:Invoking command in '/home/hzh/ros2_learn/chapt10/chapt10_ws/build/learn_lifecyclenode_cpp': CMAKE_PREFIX_PATH=${CMAKE_PREFIX_PATH}:/home/hzh/ros2_learn/chapt10/chapt10_ws/install/learn_lifecyclenode_py:/home/hzh/ros2_learn/chapt10/chapt10_ws/install/learn_executor_py:/home/hzh/ros2_learn/chapt10/chapt10_ws/install/learn_qos_py:/opt/ros/humble /usr/bin/cmake --install /home/hzh/ros2_learn/chapt10/chapt10_ws/build/learn_lifecyclenode_cpp
[1.795s] DEBUG:colcon.colcon_core.task.python.build:Available setuptools commands: setopt, bdist_wheel, build_ext, bdist, test, register, check, alias, install_lib, build, install_egg_info, update_catalog, bdist_rpm, build_scripts, install_headers, easy_install, compile_catalog, install, saveopts, sdist, build_clib, symlink_data, extract_messages, bdist_egg, rotate, upload_docs, egg_info, develop, init_catalog, bdist_dumb, install_scripts, clean, build_py, upload, install_data, dist_info
[1.800s] DEBUG:colcon.colcon_core.event_handler.log_command:Invoking command in '/home/hzh/ros2_learn/chapt10/chapt10_ws/src/learn_executor_py': PYTHONPATH=/home/hzh/ros2_learn/chapt10/chapt10_ws/build/learn_executor_py/prefix_override:/usr/lib/python3/dist-packages/colcon_core/task/python/colcon_distutils_commands:/home/hzh/ros2_learn/chapt10/chapt10_ws/install/learn_executor_py/lib/python3.10/site-packages:${PYTHONPATH} /usr/bin/python3 -W ignore:setup.py install is deprecated -W ignore:easy_install command is deprecated setup.py egg_info --egg-base ../../build/learn_executor_py build --build-base /home/hzh/ros2_learn/chapt10/chapt10_ws/build/learn_executor_py/build install --record /home/hzh/ros2_learn/chapt10/chapt10_ws/build/learn_executor_py/install.log --install-scripts $base/lib/learn_executor_py --single-version-externally-managed install_data
[1.820s] Level 1:colcon.colcon_core.environment:create_environment_scripts_only(learn_lifecyclenode_cpp)
[1.820s] Level 1:colcon.colcon_core.environment:checking '/home/hzh/ros2_learn/chapt10/chapt10_ws/install/learn_lifecyclenode_cpp' for CMake module files
[1.821s] DEBUG:colcon.colcon_core.event_handler.log_command:Invoked command in '/home/hzh/ros2_learn/chapt10/chapt10_ws/build/learn_lifecyclenode_cpp' returned '0': CMAKE_PREFIX_PATH=${CMAKE_PREFIX_PATH}:/home/hzh/ros2_learn/chapt10/chapt10_ws/install/learn_lifecyclenode_py:/home/hzh/ros2_learn/chapt10/chapt10_ws/install/learn_executor_py:/home/hzh/ros2_learn/chapt10/chapt10_ws/install/learn_qos_py:/opt/ros/humble /usr/bin/cmake --install /home/hzh/ros2_learn/chapt10/chapt10_ws/build/learn_lifecyclenode_cpp
[1.822s] Level 1:colcon.colcon_core.environment:checking '/home/hzh/ros2_learn/chapt10/chapt10_ws/install/learn_lifecyclenode_cpp' for CMake config files
[1.825s] Level 1:colcon.colcon_core.shell:create_environment_hook('learn_lifecyclenode_cpp', 'cmake_prefix_path')
[1.826s] INFO:colcon.colcon_core.shell:Creating environment hook '/home/hzh/ros2_learn/chapt10/chapt10_ws/install/learn_lifecyclenode_cpp/share/learn_lifecyclenode_cpp/hook/cmake_prefix_path.ps1'
[1.829s] INFO:colcon.colcon_core.shell:Creating environment descriptor '/home/hzh/ros2_learn/chapt10/chapt10_ws/install/learn_lifecyclenode_cpp/share/learn_lifecyclenode_cpp/hook/cmake_prefix_path.dsv'
[1.831s] INFO:colcon.colcon_core.shell:Creating environment hook '/home/hzh/ros2_learn/chapt10/chapt10_ws/install/learn_lifecyclenode_cpp/share/learn_lifecyclenode_cpp/hook/cmake_prefix_path.sh'
[1.832s] Level 1:colcon.colcon_core.environment:checking '/home/hzh/ros2_learn/chapt10/chapt10_ws/install/learn_lifecyclenode_cpp/lib'
[1.833s] Level 1:colcon.colcon_core.environment:checking '/home/hzh/ros2_learn/chapt10/chapt10_ws/install/learn_lifecyclenode_cpp/bin'
[1.833s] Level 1:colcon.colcon_core.environment:checking '/home/hzh/ros2_learn/chapt10/chapt10_ws/install/learn_lifecyclenode_cpp/lib/pkgconfig/learn_lifecyclenode_cpp.pc'
[1.834s] Level 1:colcon.colcon_core.environment:checking '/home/hzh/ros2_learn/chapt10/chapt10_ws/install/learn_lifecyclenode_cpp/lib/python3.10/site-packages'
[1.834s] Level 1:colcon.colcon_core.environment:checking '/home/hzh/ros2_learn/chapt10/chapt10_ws/install/learn_lifecyclenode_cpp/bin'
[1.835s] INFO:colcon.colcon_core.shell:Creating package script '/home/hzh/ros2_learn/chapt10/chapt10_ws/install/learn_lifecyclenode_cpp/share/learn_lifecyclenode_cpp/package.ps1'
[1.838s] INFO:colcon.colcon_core.shell:Creating package descriptor '/home/hzh/ros2_learn/chapt10/chapt10_ws/install/learn_lifecyclenode_cpp/share/learn_lifecyclenode_cpp/package.dsv'
[1.841s] INFO:colcon.colcon_core.shell:Creating package script '/home/hzh/ros2_learn/chapt10/chapt10_ws/install/learn_lifecyclenode_cpp/share/learn_lifecyclenode_cpp/package.sh'
[1.842s] INFO:colcon.colcon_core.shell:Creating package script '/home/hzh/ros2_learn/chapt10/chapt10_ws/install/learn_lifecyclenode_cpp/share/learn_lifecyclenode_cpp/package.bash'
[1.844s] INFO:colcon.colcon_core.shell:Creating package script '/home/hzh/ros2_learn/chapt10/chapt10_ws/install/learn_lifecyclenode_cpp/share/learn_lifecyclenode_cpp/package.zsh'
[1.845s] Level 1:colcon.colcon_core.environment:create_file_with_runtime_dependencies(/home/hzh/ros2_learn/chapt10/chapt10_ws/install/learn_lifecyclenode_cpp/share/colcon-core/packages/learn_lifecyclenode_cpp)
[1.847s] Level 1:colcon.colcon_core.environment:create_environment_scripts_only(learn_lifecyclenode_cpp)
[1.848s] Level 1:colcon.colcon_core.environment:checking '/home/hzh/ros2_learn/chapt10/chapt10_ws/install/learn_lifecyclenode_cpp' for CMake module files
[1.848s] Level 1:colcon.colcon_core.environment:checking '/home/hzh/ros2_learn/chapt10/chapt10_ws/install/learn_lifecyclenode_cpp' for CMake config files
[1.849s] Level 1:colcon.colcon_core.shell:create_environment_hook('learn_lifecyclenode_cpp', 'cmake_prefix_path')
[1.849s] INFO:colcon.colcon_core.shell:Creating environment hook '/home/hzh/ros2_learn/chapt10/chapt10_ws/install/learn_lifecyclenode_cpp/share/learn_lifecyclenode_cpp/hook/cmake_prefix_path.ps1'
[1.851s] INFO:colcon.colcon_core.shell:Creating environment descriptor '/home/hzh/ros2_learn/chapt10/chapt10_ws/install/learn_lifecyclenode_cpp/share/learn_lifecyclenode_cpp/hook/cmake_prefix_path.dsv'
[1.852s] INFO:colcon.colcon_core.shell:Creating environment hook '/home/hzh/ros2_learn/chapt10/chapt10_ws/install/learn_lifecyclenode_cpp/share/learn_lifecyclenode_cpp/hook/cmake_prefix_path.sh'
[1.854s] Level 1:colcon.colcon_core.environment:checking '/home/hzh/ros2_learn/chapt10/chapt10_ws/install/learn_lifecyclenode_cpp/lib'
[1.854s] Level 1:colcon.colcon_core.environment:checking '/home/hzh/ros2_learn/chapt10/chapt10_ws/install/learn_lifecyclenode_cpp/bin'
[1.855s] Level 1:colcon.colcon_core.environment:checking '/home/hzh/ros2_learn/chapt10/chapt10_ws/install/learn_lifecyclenode_cpp/lib/pkgconfig/learn_lifecyclenode_cpp.pc'
[1.855s] Level 1:colcon.colcon_core.environment:checking '/home/hzh/ros2_learn/chapt10/chapt10_ws/install/learn_lifecyclenode_cpp/lib/python3.10/site-packages'
[1.855s] Level 1:colcon.colcon_core.environment:checking '/home/hzh/ros2_learn/chapt10/chapt10_ws/install/learn_lifecyclenode_cpp/bin'
[1.856s] INFO:colcon.colcon_core.shell:Creating package script '/home/hzh/ros2_learn/chapt10/chapt10_ws/install/learn_lifecyclenode_cpp/share/learn_lifecyclenode_cpp/package.ps1'
[1.858s] INFO:colcon.colcon_core.shell:Creating package descriptor '/home/hzh/ros2_learn/chapt10/chapt10_ws/install/learn_lifecyclenode_cpp/share/learn_lifecyclenode_cpp/package.dsv'
[1.861s] INFO:colcon.colcon_core.shell:Creating package script '/home/hzh/ros2_learn/chapt10/chapt10_ws/install/learn_lifecyclenode_cpp/share/learn_lifecyclenode_cpp/package.sh'
[1.862s] INFO:colcon.colcon_core.shell:Creating package script '/home/hzh/ros2_learn/chapt10/chapt10_ws/install/learn_lifecyclenode_cpp/share/learn_lifecyclenode_cpp/package.bash'
[1.864s] INFO:colcon.colcon_core.shell:Creating package script '/home/hzh/ros2_learn/chapt10/chapt10_ws/install/learn_lifecyclenode_cpp/share/learn_lifecyclenode_cpp/package.zsh'
[1.865s] Level 1:colcon.colcon_core.environment:create_file_with_runtime_dependencies(/home/hzh/ros2_learn/chapt10/chapt10_ws/install/learn_lifecyclenode_cpp/share/colcon-core/packages/learn_lifecyclenode_cpp)
[1.866s] INFO:colcon.colcon_ros.task.ament_cmake.build:Building ROS package in '/home/hzh/ros2_learn/chapt10/chapt10_ws/src/learn_qos_cpp' with build type 'ament_cmake'
[1.866s] INFO:colcon.colcon_cmake.task.cmake.build:Building CMake package in '/home/hzh/ros2_learn/chapt10/chapt10_ws/src/learn_qos_cpp'
[1.867s] INFO:colcon.colcon_core.shell:Skip shell extension 'powershell' for command environment: Not usable outside of PowerShell
[1.867s] DEBUG:colcon.colcon_core.shell:Skip shell extension 'dsv' for command environment
[1.924s] DEBUG:colcon.colcon_core.event_handler.log_command:Invoking command in '/home/hzh/ros2_learn/chapt10/chapt10_ws/build/learn_qos_cpp': CMAKE_PREFIX_PATH=${CMAKE_PREFIX_PATH}:/home/hzh/ros2_learn/chapt10/chapt10_ws/install/learn_lifecyclenode_py:/home/hzh/ros2_learn/chapt10/chapt10_ws/install/learn_executor_py:/home/hzh/ros2_learn/chapt10/chapt10_ws/install/learn_qos_py:/opt/ros/humble /usr/bin/cmake --build /home/hzh/ros2_learn/chapt10/chapt10_ws/build/learn_qos_cpp -- -j4 -l4
[2.223s] DEBUG:colcon.colcon_core.event_handler.log_command:Invoked command in '/home/hzh/ros2_learn/chapt10/chapt10_ws/build/learn_qos_cpp' returned '0': CMAKE_PREFIX_PATH=${CMAKE_PREFIX_PATH}:/home/hzh/ros2_learn/chapt10/chapt10_ws/install/learn_lifecyclenode_py:/home/hzh/ros2_learn/chapt10/chapt10_ws/install/learn_executor_py:/home/hzh/ros2_learn/chapt10/chapt10_ws/install/learn_qos_py:/opt/ros/humble /usr/bin/cmake --build /home/hzh/ros2_learn/chapt10/chapt10_ws/build/learn_qos_cpp -- -j4 -l4
[2.224s] DEBUG:colcon.colcon_core.event_handler.log_command:Invoking command in '/home/hzh/ros2_learn/chapt10/chapt10_ws/build/learn_qos_cpp': CMAKE_PREFIX_PATH=${CMAKE_PREFIX_PATH}:/home/hzh/ros2_learn/chapt10/chapt10_ws/install/learn_lifecyclenode_py:/home/hzh/ros2_learn/chapt10/chapt10_ws/install/learn_executor_py:/home/hzh/ros2_learn/chapt10/chapt10_ws/install/learn_qos_py:/opt/ros/humble /usr/bin/cmake --install /home/hzh/ros2_learn/chapt10/chapt10_ws/build/learn_qos_cpp
[2.250s] Level 1:colcon.colcon_core.environment:create_environment_scripts_only(learn_compose)
[2.251s] Level 1:colcon.colcon_core.environment:checking '/home/hzh/ros2_learn/chapt10/chapt10_ws/install/learn_compose' for CMake module files
[2.252s] Level 1:colcon.colcon_core.environment:checking '/home/hzh/ros2_learn/chapt10/chapt10_ws/install/learn_compose' for CMake config files
[2.250s] DEBUG:colcon.colcon_core.event_handler.log_command:Invoked command in '/home/hzh/ros2_learn/chapt10/chapt10_ws/build/learn_compose' returned '2': CMAKE_PREFIX_PATH=${CMAKE_PREFIX_PATH}:/home/hzh/ros2_learn/chapt10/chapt10_ws/install/learn_lifecyclenode_py:/home/hzh/ros2_learn/chapt10/chapt10_ws/install/learn_executor_py:/home/hzh/ros2_learn/chapt10/chapt10_ws/install/learn_qos_py:/opt/ros/humble /usr/bin/cmake --build /home/hzh/ros2_learn/chapt10/chapt10_ws/build/learn_compose -- -j4 -l4
[2.253s] Level 1:colcon.colcon_core.environment:checking '/home/hzh/ros2_learn/chapt10/chapt10_ws/install/learn_compose/bin'
[2.261s] Level 1:colcon.colcon_core.environment:checking '/home/hzh/ros2_learn/chapt10/chapt10_ws/install/learn_compose/lib/pkgconfig/learn_compose.pc'
[2.265s] Level 1:colcon.colcon_core.environment:checking '/home/hzh/ros2_learn/chapt10/chapt10_ws/install/learn_compose/lib/python3.10/site-packages'
[2.265s] Level 1:colcon.colcon_core.environment:checking '/home/hzh/ros2_learn/chapt10/chapt10_ws/install/learn_compose/bin'
[2.266s] INFO:colcon.colcon_core.shell:Creating package script '/home/hzh/ros2_learn/chapt10/chapt10_ws/install/learn_compose/share/learn_compose/package.ps1'
[2.269s] INFO:colcon.colcon_core.shell:Creating package descriptor '/home/hzh/ros2_learn/chapt10/chapt10_ws/install/learn_compose/share/learn_compose/package.dsv'
[2.274s] INFO:colcon.colcon_core.shell:Creating package script '/home/hzh/ros2_learn/chapt10/chapt10_ws/install/learn_compose/share/learn_compose/package.sh'
[2.275s] INFO:colcon.colcon_core.shell:Creating package script '/home/hzh/ros2_learn/chapt10/chapt10_ws/install/learn_compose/share/learn_compose/package.bash'
[2.277s] INFO:colcon.colcon_core.shell:Creating package script '/home/hzh/ros2_learn/chapt10/chapt10_ws/install/learn_compose/share/learn_compose/package.zsh'
[2.282s] Level 1:colcon.colcon_core.environment:create_file_with_runtime_dependencies(/home/hzh/ros2_learn/chapt10/chapt10_ws/install/learn_compose/share/colcon-core/packages/learn_compose)
[2.506s] DEBUG:colcon.colcon_parallel_executor.executor.parallel:closing loop
[2.507s] DEBUG:colcon.colcon_parallel_executor.executor.parallel:loop closed
[2.507s] DEBUG:colcon.colcon_parallel_executor.executor.parallel:run_until_complete finished with '2'
[2.507s] DEBUG:colcon.colcon_core.event_reactor:joining thread
[2.522s] INFO:colcon.colcon_core.plugin_system:Skipping extension 'colcon_notification.desktop_notification.terminal_notifier': Not used on non-Darwin systems
[2.523s] INFO:colcon.colcon_core.plugin_system:Skipping extension 'colcon_notification.desktop_notification.win32': Not used on non-Windows systems
[2.523s] INFO:colcon.colcon_notification.desktop_notification:Sending desktop notification using 'notify2'
[2.553s] DEBUG:colcon.colcon_core.event_reactor:joined thread
[2.555s] INFO:colcon.colcon_core.shell:Creating prefix script '/home/hzh/ros2_learn/chapt10/chapt10_ws/install/local_setup.ps1'
[2.558s] INFO:colcon.colcon_core.shell:Creating prefix util module '/home/hzh/ros2_learn/chapt10/chapt10_ws/install/_local_setup_util_ps1.py'
[2.562s] INFO:colcon.colcon_core.shell:Creating prefix chain script '/home/hzh/ros2_learn/chapt10/chapt10_ws/install/setup.ps1'
[2.565s] INFO:colcon.colcon_core.shell:Creating prefix script '/home/hzh/ros2_learn/chapt10/chapt10_ws/install/local_setup.sh'
[2.567s] INFO:colcon.colcon_core.shell:Creating prefix util module '/home/hzh/ros2_learn/chapt10/chapt10_ws/install/_local_setup_util_sh.py'
[2.569s] INFO:colcon.colcon_core.shell:Creating prefix chain script '/home/hzh/ros2_learn/chapt10/chapt10_ws/install/setup.sh'
[2.577s] INFO:colcon.colcon_core.shell:Creating prefix script '/home/hzh/ros2_learn/chapt10/chapt10_ws/install/local_setup.bash'
[2.578s] INFO:colcon.colcon_core.shell:Creating prefix chain script '/home/hzh/ros2_learn/chapt10/chapt10_ws/install/setup.bash'
[2.582s] INFO:colcon.colcon_core.shell:Creating prefix script '/home/hzh/ros2_learn/chapt10/chapt10_ws/install/local_setup.zsh'
[2.586s] INFO:colcon.colcon_core.shell:Creating prefix chain script '/home/hzh/ros2_learn/chapt10/chapt10_ws/install/setup.zsh'
