-- The CXX compiler identification is GNU 11.4.0
-- Detecting CXX compiler ABI info
-- Detecting CXX compiler ABI info - done
-- Check for working CXX compiler: /usr/bin/c++ - skipped
-- Detecting CXX compile features
-- Detecting CXX compile features - done
-- Looking for C++ include pthread.h
-- Looking for C++ include pthread.h - found
-- Performing Test CMAKE_HAVE_LIBC_PTHREAD
-- Performing Test CMAKE_HAVE_LIBC_PTHREAD - Success
-- Found Threads: TRUE  
-- Configuring done
-- Generating done
-- Build files have been written to: /home/hzh/chapt2/chapt2_ws/src/demo_cpp_pkg/include/build/httplib
-- Install configuration: ""
-- Installing: /home/hzh/chapt2/chapt2_ws/src/demo_cpp_pkg/include/install/httplib/include/httplib.h
-- Installing: /home/hzh/chapt2/chapt2_ws/src/demo_cpp_pkg/include/install/httplib/lib/cmake/httplib/httplibConfig.cmake
-- Installing: /home/hzh/chapt2/chapt2_ws/src/demo_cpp_pkg/include/install/httplib/lib/cmake/httplib/httplibConfigVersion.cmake
-- Installing: /home/hzh/chapt2/chapt2_ws/src/demo_cpp_pkg/include/install/httplib/lib/cmake/httplib/FindBrotli.cmake
-- Installing: /home/hzh/chapt2/chapt2_ws/src/demo_cpp_pkg/include/install/httplib/lib/cmake/httplib/httplibTargets.cmake
