[0.030s] Invoking command in '/home/hzh/ros2_learn/chapt7/chapt7_ws/build/fishbot_navigation2': CMAKE_PREFIX_PATH=${CMAKE_PREFIX_PATH}:/opt/ros/humble /usr/bin/cmake --build /home/hzh/ros2_learn/chapt7/chapt7_ws/build/fishbot_navigation2 -- -j4 -l4
[0.169s] Invoked command in '/home/hzh/ros2_learn/chapt7/chapt7_ws/build/fishbot_navigation2' returned '0': CMAKE_PREFIX_PATH=${CMAKE_PREFIX_PATH}:/opt/ros/humble /usr/bin/cmake --build /home/hzh/ros2_learn/chapt7/chapt7_ws/build/fishbot_navigation2 -- -j4 -l4
[0.178s] Invoking command in '/home/hzh/ros2_learn/chapt7/chapt7_ws/build/fishbot_navigation2': CMAKE_PREFIX_PATH=${CMAKE_PREFIX_PATH}:/opt/ros/humble /usr/bin/cmake --install /home/hzh/ros2_learn/chapt7/chapt7_ws/build/fishbot_navigation2
[0.194s] -- Install configuration: ""
[0.195s] -- Up-to-date: /home/hzh/ros2_learn/chapt7/chapt7_ws/install/fishbot_navigation2/share/fishbot_navigation2/launch
[0.197s] -- Up-to-date: /home/hzh/ros2_learn/chapt7/chapt7_ws/install/fishbot_navigation2/share/fishbot_navigation2/launch/navigation2.launch.py
[0.197s] -- Up-to-date: /home/hzh/ros2_learn/chapt7/chapt7_ws/install/fishbot_navigation2/share/fishbot_navigation2/config
[0.198s] -- Up-to-date: /home/hzh/ros2_learn/chapt7/chapt7_ws/install/fishbot_navigation2/share/fishbot_navigation2/config/nav2_params.yaml
[0.198s] -- Up-to-date: /home/hzh/ros2_learn/chapt7/chapt7_ws/install/fishbot_navigation2/share/fishbot_navigation2/maps
[0.200s] -- Up-to-date: /home/hzh/ros2_learn/chapt7/chapt7_ws/install/fishbot_navigation2/share/fishbot_navigation2/maps/room.pgm
[0.202s] -- Up-to-date: /home/hzh/ros2_learn/chapt7/chapt7_ws/install/fishbot_navigation2/share/fishbot_navigation2/maps/room.yaml
[0.202s] -- Up-to-date: /home/hzh/ros2_learn/chapt7/chapt7_ws/install/fishbot_navigation2/share/ament_index/resource_index/package_run_dependencies/fishbot_navigation2
[0.203s] -- Up-to-date: /home/hzh/ros2_learn/chapt7/chapt7_ws/install/fishbot_navigation2/share/ament_index/resource_index/parent_prefix_path/fishbot_navigation2
[0.206s] -- Up-to-date: /home/hzh/ros2_learn/chapt7/chapt7_ws/install/fishbot_navigation2/share/fishbot_navigation2/environment/ament_prefix_path.sh
[0.208s] -- Up-to-date: /home/hzh/ros2_learn/chapt7/chapt7_ws/install/fishbot_navigation2/share/fishbot_navigation2/environment/ament_prefix_path.dsv
[0.209s] -- Up-to-date: /home/hzh/ros2_learn/chapt7/chapt7_ws/install/fishbot_navigation2/share/fishbot_navigation2/environment/path.sh
[0.210s] -- Up-to-date: /home/hzh/ros2_learn/chapt7/chapt7_ws/install/fishbot_navigation2/share/fishbot_navigation2/environment/path.dsv
[0.210s] -- Up-to-date: /home/hzh/ros2_learn/chapt7/chapt7_ws/install/fishbot_navigation2/share/fishbot_navigation2/local_setup.bash
[0.210s] -- Up-to-date: /home/hzh/ros2_learn/chapt7/chapt7_ws/install/fishbot_navigation2/share/fishbot_navigation2/local_setup.sh
[0.211s] -- Up-to-date: /home/hzh/ros2_learn/chapt7/chapt7_ws/install/fishbot_navigation2/share/fishbot_navigation2/local_setup.zsh
[0.213s] -- Up-to-date: /home/hzh/ros2_learn/chapt7/chapt7_ws/install/fishbot_navigation2/share/fishbot_navigation2/local_setup.dsv
[0.215s] -- Installing: /home/hzh/ros2_learn/chapt7/chapt7_ws/install/fishbot_navigation2/share/fishbot_navigation2/package.dsv
[0.218s] -- Up-to-date: /home/hzh/ros2_learn/chapt7/chapt7_ws/install/fishbot_navigation2/share/ament_index/resource_index/packages/fishbot_navigation2
[0.219s] -- Up-to-date: /home/hzh/ros2_learn/chapt7/chapt7_ws/install/fishbot_navigation2/share/fishbot_navigation2/cmake/fishbot_navigation2Config.cmake
[0.220s] -- Up-to-date: /home/hzh/ros2_learn/chapt7/chapt7_ws/install/fishbot_navigation2/share/fishbot_navigation2/cmake/fishbot_navigation2Config-version.cmake
[0.222s] -- Up-to-date: /home/hzh/ros2_learn/chapt7/chapt7_ws/install/fishbot_navigation2/share/fishbot_navigation2/package.xml
[0.225s] Invoked command in '/home/hzh/ros2_learn/chapt7/chapt7_ws/build/fishbot_navigation2' returned '0': CMAKE_PREFIX_PATH=${CMAKE_PREFIX_PATH}:/opt/ros/humble /usr/bin/cmake --install /home/hzh/ros2_learn/chapt7/chapt7_ws/build/fishbot_navigation2
