-- Found ament_cmake: 1.3.14 (/opt/ros/humble/share/ament_cmake/cmake)
-- Found rclcpp: 16.0.19 (/opt/ros/humble/share/rclcpp/cmake)
-- Found rosidl_generator_c: 3.1.8 (/opt/ros/humble/share/rosidl_generator_c/cmake)
-- Found rosidl_adapter: 3.1.8 (/opt/ros/humble/share/rosidl_adapter/cmake)
-- Found rosidl_generator_cpp: 3.1.8 (/opt/ros/humble/share/rosidl_generator_cpp/cmake)
-- Using all available rosidl_typesupport_c: rosidl_typesupport_fastrtps_c;rosidl_typesupport_introspection_c
-- Using all available rosidl_typesupport_cpp: rosidl_typesupport_fastrtps_cpp;rosidl_typesupport_introspection_cpp
-- Found rmw_implementation_cmake: 6.1.2 (/opt/ros/humble/share/rmw_implementation_cmake/cmake)
-- Found rmw_fastrtps_cpp: 6.2.10 (/opt/ros/humble/share/rmw_fastrtps_cpp/cmake)
-- Using RMW implementation 'rmw_fastrtps_cpp' as default
-- Found rclcpp_components: 16.0.19 (/opt/ros/humble/share/rclcpp_components/cmake)
-- Found ament_lint_auto: 0.12.15 (/opt/ros/humble/share/ament_lint_auto/cmake)
-- Added test 'cppcheck' to perform static code analysis on C / C++ code
-- Configured cppcheck include dirs: /home/hzh/ros2_learn/chapt10/chapt10_ws/src/learn_compose/include
-- Configured cppcheck exclude dirs and/or files: 
-- Added test 'lint_cmake' to check CMake code style
-- Added test 'uncrustify' to check C / C++ code style
-- Configured uncrustify additional arguments: 
-- Added test 'xmllint' to check XML markup files
-- Configuring done
-- Generating done
-- Build files have been written to: /home/hzh/ros2_learn/chapt10/chapt10_ws/build/learn_compose
[35m[1mConsolidate compiler generated dependencies of target intra_process_pubsub[0m
[ 25%] [32mBuilding CXX object CMakeFiles/talker_component.dir/src/talker.cpp.o[0m
[ 25%] [32mBuilding CXX object CMakeFiles/listener_component.dir/src/listener.cpp.o[0m
[ 37%] [32mBuilding CXX object CMakeFiles/intra_process_pubsub.dir/src/intra_process_pubsub.cpp.o[0m
[ 50%] [32mBuilding CXX object CMakeFiles/intra_process_pubsub.dir/src/talker.cpp.o[0m
[ 62%] [32mBuilding CXX object CMakeFiles/intra_process_pubsub.dir/src/listener.cpp.o[0m
[ 75%] [32m[1mLinking CXX shared library libtalker_component.so[0m
[ 75%] Built target talker_component
[ 87%] [32m[1mLinking CXX shared library liblistener_component.so[0m
[ 87%] Built target listener_component
[100%] [32m[1mLinking CXX executable intra_process_pubsub[0m
[100%] Built target intra_process_pubsub
-- Install configuration: ""
-- Installing: /home/hzh/ros2_learn/chapt10/chapt10_ws/install/learn_compose/lib/learn_compose/intra_process_pubsub
-- Set runtime path of "/home/hzh/ros2_learn/chapt10/chapt10_ws/install/learn_compose/lib/learn_compose/intra_process_pubsub" to ""
-- Installing: /home/hzh/ros2_learn/chapt10/chapt10_ws/install/learn_compose/lib/libtalker_component.so
-- Set runtime path of "/home/hzh/ros2_learn/chapt10/chapt10_ws/install/learn_compose/lib/libtalker_component.so" to ""
-- Installing: /home/hzh/ros2_learn/chapt10/chapt10_ws/install/learn_compose/lib/liblistener_component.so
-- Set runtime path of "/home/hzh/ros2_learn/chapt10/chapt10_ws/install/learn_compose/lib/liblistener_component.so" to ""
-- Up-to-date: /home/hzh/ros2_learn/chapt10/chapt10_ws/install/learn_compose/share/ament_index/resource_index/package_run_dependencies/learn_compose
-- Installing: /home/hzh/ros2_learn/chapt10/chapt10_ws/install/learn_compose/share/ament_index/resource_index/parent_prefix_path/learn_compose
-- Up-to-date: /home/hzh/ros2_learn/chapt10/chapt10_ws/install/learn_compose/share/learn_compose/environment/ament_prefix_path.sh
-- Installing: /home/hzh/ros2_learn/chapt10/chapt10_ws/install/learn_compose/share/learn_compose/environment/ament_prefix_path.dsv
-- Up-to-date: /home/hzh/ros2_learn/chapt10/chapt10_ws/install/learn_compose/share/learn_compose/environment/path.sh
-- Installing: /home/hzh/ros2_learn/chapt10/chapt10_ws/install/learn_compose/share/learn_compose/environment/path.dsv
-- Up-to-date: /home/hzh/ros2_learn/chapt10/chapt10_ws/install/learn_compose/share/learn_compose/local_setup.bash
-- Up-to-date: /home/hzh/ros2_learn/chapt10/chapt10_ws/install/learn_compose/share/learn_compose/local_setup.sh
-- Up-to-date: /home/hzh/ros2_learn/chapt10/chapt10_ws/install/learn_compose/share/learn_compose/local_setup.zsh
-- Installing: /home/hzh/ros2_learn/chapt10/chapt10_ws/install/learn_compose/share/learn_compose/local_setup.dsv
-- Installing: /home/hzh/ros2_learn/chapt10/chapt10_ws/install/learn_compose/share/learn_compose/package.dsv
-- Up-to-date: /home/hzh/ros2_learn/chapt10/chapt10_ws/install/learn_compose/share/ament_index/resource_index/packages/learn_compose
-- Installing: /home/hzh/ros2_learn/chapt10/chapt10_ws/install/learn_compose/share/ament_index/resource_index/rclcpp_components/learn_compose
-- Up-to-date: /home/hzh/ros2_learn/chapt10/chapt10_ws/install/learn_compose/share/learn_compose/cmake/learn_composeConfig.cmake
-- Up-to-date: /home/hzh/ros2_learn/chapt10/chapt10_ws/install/learn_compose/share/learn_compose/cmake/learn_composeConfig-version.cmake
-- Up-to-date: /home/hzh/ros2_learn/chapt10/chapt10_ws/install/learn_compose/share/learn_compose/package.xml
