[0.061s] Invoking command in '/home/hzh/ros2_learn/chapt8/chapt8_ws/build/autopartol_interfaces': CMAKE_PREFIX_PATH=/opt/ros/humble /usr/bin/cmake --build /home/hzh/ros2_learn/chapt8/chapt8_ws/build/autopartol_interfaces -- -j4 -l4
[1.279s] [35m[1mConsolidate compiler generated dependencies of target autopartol_interfaces__rosidl_generator_c[0m
[1.283s] [  3%] Built target autopartol_interfaces__cpp
[1.283s] [  6%] Built target autopartol_interfaces__rs
[1.288s] [35m[1mConsolidate compiler generated dependencies of target autopartol_interfaces__rosidl_typesupport_introspection_cpp[0m
[1.288s] [ 15%] Built target autopartol_interfaces__rosidl_generator_c
[1.288s] [35m[1mConsolidate compiler generated dependencies of target autopartol_interfaces__rosidl_typesupport_cpp[0m
[1.288s] [ 15%] Built target ament_cmake_python_copy_autopartol_interfaces
[1.289s] [ 25%] Built target autopartol_interfaces__rosidl_typesupport_introspection_cpp
[1.289s] [35m[1mConsolidate compiler generated dependencies of target autopartol_interfaces__rosidl_typesupport_fastrtps_cpp[0m
[1.289s] [35m[1mConsolidate compiler generated dependencies of target autopartol_interfaces__rosidl_typesupport_introspection_c[0m
[1.291s] [35m[1mConsolidate compiler generated dependencies of target autopartol_interfaces__rosidl_typesupport_fastrtps_c[0m
[1.292s] [ 43%] Built target autopartol_interfaces__rosidl_typesupport_fastrtps_cpp
[1.292s] [ 43%] Built target autopartol_interfaces__rosidl_typesupport_cpp
[1.293s] [ 53%] Built target autopartol_interfaces__rosidl_typesupport_introspection_c
[1.301s] [35m[1mConsolidate compiler generated dependencies of target autopartol_interfaces__rosidl_typesupport_c[0m
[1.301s] [ 62%] Built target autopartol_interfaces__rosidl_typesupport_fastrtps_c
[1.302s] [ 71%] Built target autopartol_interfaces__rosidl_typesupport_c
[1.302s] [ 71%] Built target autopartol_interfaces
[1.302s] [ 75%] Built target autopartol_interfaces__py
[1.303s] [35m[1mConsolidate compiler generated dependencies of target autopartol_interfaces__rosidl_generator_py[0m
[1.303s] [ 81%] Built target autopartol_interfaces__rosidl_generator_py
[1.303s] [35m[1mConsolidate compiler generated dependencies of target autopartol_interfaces__rosidl_typesupport_introspection_c__pyext[0m
[1.303s] [35m[1mConsolidate compiler generated dependencies of target autopartol_interfaces__rosidl_typesupport_fastrtps_c__pyext[0m
[1.303s] [35m[1mConsolidate compiler generated dependencies of target autopartol_interfaces__rosidl_typesupport_c__pyext[0m
[1.303s] [ 87%] Built target autopartol_interfaces__rosidl_typesupport_c__pyext
[1.303s] [ 93%] Built target autopartol_interfaces__rosidl_typesupport_introspection_c__pyext
[1.305s] [100%] Built target autopartol_interfaces__rosidl_typesupport_fastrtps_c__pyext
[1.310s] running egg_info
[1.310s] writing autopartol_interfaces.egg-info/PKG-INFO
[1.310s] writing dependency_links to autopartol_interfaces.egg-info/dependency_links.txt
[1.310s] writing top-level names to autopartol_interfaces.egg-info/top_level.txt
[1.310s] reading manifest file 'autopartol_interfaces.egg-info/SOURCES.txt'
[1.310s] writing manifest file 'autopartol_interfaces.egg-info/SOURCES.txt'
[1.310s] [100%] Built target ament_cmake_python_build_autopartol_interfaces_egg
[1.326s] Invoked command in '/home/hzh/ros2_learn/chapt8/chapt8_ws/build/autopartol_interfaces' returned '0': CMAKE_PREFIX_PATH=/opt/ros/humble /usr/bin/cmake --build /home/hzh/ros2_learn/chapt8/chapt8_ws/build/autopartol_interfaces -- -j4 -l4
[1.406s] Invoking command in '/home/hzh/ros2_learn/chapt8/chapt8_ws/build/autopartol_interfaces': CMAKE_PREFIX_PATH=/opt/ros/humble /usr/bin/cmake --install /home/hzh/ros2_learn/chapt8/chapt8_ws/build/autopartol_interfaces
[1.443s] -- Install configuration: ""
[1.445s] -- Up-to-date: /home/hzh/ros2_learn/chapt8/chapt8_ws/install/autopartol_interfaces/share/ament_index/resource_index/rosidl_interfaces/autopartol_interfaces
[1.445s] -- Up-to-date: /home/hzh/ros2_learn/chapt8/chapt8_ws/install/autopartol_interfaces/include/autopartol_interfaces/autopartol_interfaces
[1.445s] -- Up-to-date: /home/hzh/ros2_learn/chapt8/chapt8_ws/install/autopartol_interfaces/include/autopartol_interfaces/autopartol_interfaces/srv
[1.445s] -- Up-to-date: /home/hzh/ros2_learn/chapt8/chapt8_ws/install/autopartol_interfaces/include/autopartol_interfaces/autopartol_interfaces/srv/speech_text.h
[1.446s] -- Up-to-date: /home/hzh/ros2_learn/chapt8/chapt8_ws/install/autopartol_interfaces/include/autopartol_interfaces/autopartol_interfaces/srv/detail
[1.446s] -- Up-to-date: /home/hzh/ros2_learn/chapt8/chapt8_ws/install/autopartol_interfaces/include/autopartol_interfaces/autopartol_interfaces/srv/detail/speech_text__functions.c
[1.455s] -- Up-to-date: /home/hzh/ros2_learn/chapt8/chapt8_ws/install/autopartol_interfaces/include/autopartol_interfaces/autopartol_interfaces/srv/detail/speech_text__functions.h
[1.455s] -- Up-to-date: /home/hzh/ros2_learn/chapt8/chapt8_ws/install/autopartol_interfaces/include/autopartol_interfaces/autopartol_interfaces/srv/detail/speech_text__type_support.h
[1.457s] -- Up-to-date: /home/hzh/ros2_learn/chapt8/chapt8_ws/install/autopartol_interfaces/include/autopartol_interfaces/autopartol_interfaces/srv/detail/speech_text__struct.h
[1.457s] -- Up-to-date: /home/hzh/ros2_learn/chapt8/chapt8_ws/install/autopartol_interfaces/include/autopartol_interfaces/autopartol_interfaces/msg
[1.457s] -- Up-to-date: /home/hzh/ros2_learn/chapt8/chapt8_ws/install/autopartol_interfaces/include/autopartol_interfaces/autopartol_interfaces/msg/rosidl_generator_c__visibility_control.h
[1.457s] -- Up-to-date: /home/hzh/ros2_learn/chapt8/chapt8_ws/install/autopartol_interfaces/share/autopartol_interfaces/environment/library_path.sh
[1.457s] -- Up-to-date: /home/hzh/ros2_learn/chapt8/chapt8_ws/install/autopartol_interfaces/share/autopartol_interfaces/environment/library_path.dsv
[1.457s] -- Up-to-date: /home/hzh/ros2_learn/chapt8/chapt8_ws/install/autopartol_interfaces/lib/libautopartol_interfaces__rosidl_generator_c.so
[1.457s] -- Up-to-date: /home/hzh/ros2_learn/chapt8/chapt8_ws/install/autopartol_interfaces/include/autopartol_interfaces/autopartol_interfaces
[1.457s] -- Up-to-date: /home/hzh/ros2_learn/chapt8/chapt8_ws/install/autopartol_interfaces/include/autopartol_interfaces/autopartol_interfaces/srv
[1.458s] -- Up-to-date: /home/hzh/ros2_learn/chapt8/chapt8_ws/install/autopartol_interfaces/include/autopartol_interfaces/autopartol_interfaces/srv/detail
[1.458s] -- Up-to-date: /home/hzh/ros2_learn/chapt8/chapt8_ws/install/autopartol_interfaces/include/autopartol_interfaces/autopartol_interfaces/srv/detail/speech_text__rosidl_typesupport_fastrtps_c.h
[1.458s] -- Up-to-date: /home/hzh/ros2_learn/chapt8/chapt8_ws/install/autopartol_interfaces/include/autopartol_interfaces/autopartol_interfaces/msg
[1.467s] -- Up-to-date: /home/hzh/ros2_learn/chapt8/chapt8_ws/install/autopartol_interfaces/include/autopartol_interfaces/autopartol_interfaces/msg/rosidl_typesupport_fastrtps_c__visibility_control.h
[1.469s] -- Up-to-date: /home/hzh/ros2_learn/chapt8/chapt8_ws/install/autopartol_interfaces/lib/libautopartol_interfaces__rosidl_typesupport_fastrtps_c.so
[1.475s] -- Up-to-date: /home/hzh/ros2_learn/chapt8/chapt8_ws/install/autopartol_interfaces/include/autopartol_interfaces/autopartol_interfaces
[1.475s] -- Up-to-date: /home/hzh/ros2_learn/chapt8/chapt8_ws/install/autopartol_interfaces/include/autopartol_interfaces/autopartol_interfaces/srv
[1.475s] -- Up-to-date: /home/hzh/ros2_learn/chapt8/chapt8_ws/install/autopartol_interfaces/include/autopartol_interfaces/autopartol_interfaces/srv/detail
[1.475s] -- Up-to-date: /home/hzh/ros2_learn/chapt8/chapt8_ws/install/autopartol_interfaces/include/autopartol_interfaces/autopartol_interfaces/srv/detail/speech_text__type_support.c
[1.475s] -- Up-to-date: /home/hzh/ros2_learn/chapt8/chapt8_ws/install/autopartol_interfaces/include/autopartol_interfaces/autopartol_interfaces/srv/detail/speech_text__rosidl_typesupport_introspection_c.h
[1.476s] -- Up-to-date: /home/hzh/ros2_learn/chapt8/chapt8_ws/install/autopartol_interfaces/include/autopartol_interfaces/autopartol_interfaces/msg
[1.479s] -- Up-to-date: /home/hzh/ros2_learn/chapt8/chapt8_ws/install/autopartol_interfaces/include/autopartol_interfaces/autopartol_interfaces/msg/rosidl_typesupport_introspection_c__visibility_control.h
[1.480s] -- Up-to-date: /home/hzh/ros2_learn/chapt8/chapt8_ws/install/autopartol_interfaces/lib/libautopartol_interfaces__rosidl_typesupport_introspection_c.so
[1.480s] -- Up-to-date: /home/hzh/ros2_learn/chapt8/chapt8_ws/install/autopartol_interfaces/lib/libautopartol_interfaces__rosidl_typesupport_c.so
[1.480s] -- Up-to-date: /home/hzh/ros2_learn/chapt8/chapt8_ws/install/autopartol_interfaces/include/autopartol_interfaces/autopartol_interfaces
[1.480s] -- Up-to-date: /home/hzh/ros2_learn/chapt8/chapt8_ws/install/autopartol_interfaces/include/autopartol_interfaces/autopartol_interfaces/srv
[1.480s] -- Up-to-date: /home/hzh/ros2_learn/chapt8/chapt8_ws/install/autopartol_interfaces/include/autopartol_interfaces/autopartol_interfaces/srv/detail
[1.480s] -- Up-to-date: /home/hzh/ros2_learn/chapt8/chapt8_ws/install/autopartol_interfaces/include/autopartol_interfaces/autopartol_interfaces/srv/detail/speech_text__type_support.hpp
[1.480s] -- Up-to-date: /home/hzh/ros2_learn/chapt8/chapt8_ws/install/autopartol_interfaces/include/autopartol_interfaces/autopartol_interfaces/srv/detail/speech_text__traits.hpp
[1.480s] -- Up-to-date: /home/hzh/ros2_learn/chapt8/chapt8_ws/install/autopartol_interfaces/include/autopartol_interfaces/autopartol_interfaces/srv/detail/speech_text__builder.hpp
[1.480s] -- Up-to-date: /home/hzh/ros2_learn/chapt8/chapt8_ws/install/autopartol_interfaces/include/autopartol_interfaces/autopartol_interfaces/srv/detail/speech_text__struct.hpp
[1.481s] -- Up-to-date: /home/hzh/ros2_learn/chapt8/chapt8_ws/install/autopartol_interfaces/include/autopartol_interfaces/autopartol_interfaces/srv/speech_text.hpp
[1.481s] -- Up-to-date: /home/hzh/ros2_learn/chapt8/chapt8_ws/install/autopartol_interfaces/include/autopartol_interfaces/autopartol_interfaces/msg
[1.481s] -- Up-to-date: /home/hzh/ros2_learn/chapt8/chapt8_ws/install/autopartol_interfaces/include/autopartol_interfaces/autopartol_interfaces/msg/rosidl_generator_cpp__visibility_control.hpp
[1.481s] -- Up-to-date: /home/hzh/ros2_learn/chapt8/chapt8_ws/install/autopartol_interfaces/include/autopartol_interfaces/autopartol_interfaces
[1.486s] -- Up-to-date: /home/hzh/ros2_learn/chapt8/chapt8_ws/install/autopartol_interfaces/include/autopartol_interfaces/autopartol_interfaces/srv
[1.486s] -- Up-to-date: /home/hzh/ros2_learn/chapt8/chapt8_ws/install/autopartol_interfaces/include/autopartol_interfaces/autopartol_interfaces/srv/detail
[1.486s] -- Up-to-date: /home/hzh/ros2_learn/chapt8/chapt8_ws/install/autopartol_interfaces/include/autopartol_interfaces/autopartol_interfaces/srv/detail/dds_fastrtps
[1.486s] -- Up-to-date: /home/hzh/ros2_learn/chapt8/chapt8_ws/install/autopartol_interfaces/include/autopartol_interfaces/autopartol_interfaces/srv/detail/speech_text__rosidl_typesupport_fastrtps_cpp.hpp
[1.486s] -- Up-to-date: /home/hzh/ros2_learn/chapt8/chapt8_ws/install/autopartol_interfaces/include/autopartol_interfaces/autopartol_interfaces/msg
[1.486s] -- Up-to-date: /home/hzh/ros2_learn/chapt8/chapt8_ws/install/autopartol_interfaces/include/autopartol_interfaces/autopartol_interfaces/msg/rosidl_typesupport_fastrtps_cpp__visibility_control.h
[1.486s] -- Up-to-date: /home/hzh/ros2_learn/chapt8/chapt8_ws/install/autopartol_interfaces/lib/libautopartol_interfaces__rosidl_typesupport_fastrtps_cpp.so
[1.486s] -- Up-to-date: /home/hzh/ros2_learn/chapt8/chapt8_ws/install/autopartol_interfaces/include/autopartol_interfaces/autopartol_interfaces
[1.486s] -- Up-to-date: /home/hzh/ros2_learn/chapt8/chapt8_ws/install/autopartol_interfaces/include/autopartol_interfaces/autopartol_interfaces/srv
[1.486s] -- Up-to-date: /home/hzh/ros2_learn/chapt8/chapt8_ws/install/autopartol_interfaces/include/autopartol_interfaces/autopartol_interfaces/srv/detail
[1.486s] -- Up-to-date: /home/hzh/ros2_learn/chapt8/chapt8_ws/install/autopartol_interfaces/include/autopartol_interfaces/autopartol_interfaces/srv/detail/speech_text__type_support.cpp
[1.486s] -- Up-to-date: /home/hzh/ros2_learn/chapt8/chapt8_ws/install/autopartol_interfaces/include/autopartol_interfaces/autopartol_interfaces/srv/detail/speech_text__rosidl_typesupport_introspection_cpp.hpp
[1.486s] -- Up-to-date: /home/hzh/ros2_learn/chapt8/chapt8_ws/install/autopartol_interfaces/lib/libautopartol_interfaces__rosidl_typesupport_introspection_cpp.so
[1.486s] -- Up-to-date: /home/hzh/ros2_learn/chapt8/chapt8_ws/install/autopartol_interfaces/lib/libautopartol_interfaces__rosidl_typesupport_cpp.so
[1.486s] -- Up-to-date: /home/hzh/ros2_learn/chapt8/chapt8_ws/install/autopartol_interfaces/share/autopartol_interfaces/environment/pythonpath.sh
[1.489s] -- Up-to-date: /home/hzh/ros2_learn/chapt8/chapt8_ws/install/autopartol_interfaces/share/autopartol_interfaces/environment/pythonpath.dsv
[1.489s] -- Up-to-date: /home/hzh/ros2_learn/chapt8/chapt8_ws/install/autopartol_interfaces/local/lib/python3.10/dist-packages/autopartol_interfaces-0.0.0-py3.10.egg-info
[1.489s] -- Installing: /home/hzh/ros2_learn/chapt8/chapt8_ws/install/autopartol_interfaces/local/lib/python3.10/dist-packages/autopartol_interfaces-0.0.0-py3.10.egg-info/dependency_links.txt
[1.489s] -- Installing: /home/hzh/ros2_learn/chapt8/chapt8_ws/install/autopartol_interfaces/local/lib/python3.10/dist-packages/autopartol_interfaces-0.0.0-py3.10.egg-info/SOURCES.txt
[1.490s] -- Installing: /home/hzh/ros2_learn/chapt8/chapt8_ws/install/autopartol_interfaces/local/lib/python3.10/dist-packages/autopartol_interfaces-0.0.0-py3.10.egg-info/top_level.txt
[1.490s] -- Installing: /home/hzh/ros2_learn/chapt8/chapt8_ws/install/autopartol_interfaces/local/lib/python3.10/dist-packages/autopartol_interfaces-0.0.0-py3.10.egg-info/PKG-INFO
[1.490s] -- Up-to-date: /home/hzh/ros2_learn/chapt8/chapt8_ws/install/autopartol_interfaces/local/lib/python3.10/dist-packages/autopartol_interfaces
[1.490s] -- Up-to-date: /home/hzh/ros2_learn/chapt8/chapt8_ws/install/autopartol_interfaces/local/lib/python3.10/dist-packages/autopartol_interfaces/libautopartol_interfaces__rosidl_generator_py.so
[1.490s] -- Up-to-date: /home/hzh/ros2_learn/chapt8/chapt8_ws/install/autopartol_interfaces/local/lib/python3.10/dist-packages/autopartol_interfaces/_autopartol_interfaces_s.ep.rosidl_typesupport_introspection_c.c
[1.490s] -- Up-to-date: /home/hzh/ros2_learn/chapt8/chapt8_ws/install/autopartol_interfaces/local/lib/python3.10/dist-packages/autopartol_interfaces/_autopartol_interfaces_s.ep.rosidl_typesupport_fastrtps_c.c
[1.490s] -- Up-to-date: /home/hzh/ros2_learn/chapt8/chapt8_ws/install/autopartol_interfaces/local/lib/python3.10/dist-packages/autopartol_interfaces/__init__.py
[1.490s] -- Up-to-date: /home/hzh/ros2_learn/chapt8/chapt8_ws/install/autopartol_interfaces/local/lib/python3.10/dist-packages/autopartol_interfaces/autopartol_interfaces_s__rosidl_typesupport_fastrtps_c.cpython-310-x86_64-linux-gnu.so
[1.490s] -- Up-to-date: /home/hzh/ros2_learn/chapt8/chapt8_ws/install/autopartol_interfaces/local/lib/python3.10/dist-packages/autopartol_interfaces/autopartol_interfaces_s__rosidl_typesupport_c.cpython-310-x86_64-linux-gnu.so
[1.490s] -- Up-to-date: /home/hzh/ros2_learn/chapt8/chapt8_ws/install/autopartol_interfaces/local/lib/python3.10/dist-packages/autopartol_interfaces/_autopartol_interfaces_s.ep.rosidl_typesupport_c.c
[1.490s] -- Up-to-date: /home/hzh/ros2_learn/chapt8/chapt8_ws/install/autopartol_interfaces/local/lib/python3.10/dist-packages/autopartol_interfaces/autopartol_interfaces_s__rosidl_typesupport_introspection_c.cpython-310-x86_64-linux-gnu.so
[1.490s] -- Up-to-date: /home/hzh/ros2_learn/chapt8/chapt8_ws/install/autopartol_interfaces/local/lib/python3.10/dist-packages/autopartol_interfaces/srv
[1.490s] -- Up-to-date: /home/hzh/ros2_learn/chapt8/chapt8_ws/install/autopartol_interfaces/local/lib/python3.10/dist-packages/autopartol_interfaces/srv/_speech_text_s.c
[1.491s] -- Up-to-date: /home/hzh/ros2_learn/chapt8/chapt8_ws/install/autopartol_interfaces/local/lib/python3.10/dist-packages/autopartol_interfaces/srv/__init__.py
[1.491s] -- Up-to-date: /home/hzh/ros2_learn/chapt8/chapt8_ws/install/autopartol_interfaces/local/lib/python3.10/dist-packages/autopartol_interfaces/srv/_speech_text.py
[1.636s] Listing '/home/hzh/ros2_learn/chapt8/chapt8_ws/install/autopartol_interfaces/local/lib/python3.10/dist-packages/autopartol_interfaces'...
[1.648s] Listing '/home/hzh/ros2_learn/chapt8/chapt8_ws/install/autopartol_interfaces/local/lib/python3.10/dist-packages/autopartol_interfaces/srv'...
[1.671s] -- Up-to-date: /home/hzh/ros2_learn/chapt8/chapt8_ws/install/autopartol_interfaces/local/lib/python3.10/dist-packages/autopartol_interfaces/autopartol_interfaces_s__rosidl_typesupport_fastrtps_c.cpython-310-x86_64-linux-gnu.so
[1.671s] -- Up-to-date: /home/hzh/ros2_learn/chapt8/chapt8_ws/install/autopartol_interfaces/local/lib/python3.10/dist-packages/autopartol_interfaces/autopartol_interfaces_s__rosidl_typesupport_introspection_c.cpython-310-x86_64-linux-gnu.so
[1.671s] -- Up-to-date: /home/hzh/ros2_learn/chapt8/chapt8_ws/install/autopartol_interfaces/local/lib/python3.10/dist-packages/autopartol_interfaces/autopartol_interfaces_s__rosidl_typesupport_c.cpython-310-x86_64-linux-gnu.so
[1.671s] -- Up-to-date: /home/hzh/ros2_learn/chapt8/chapt8_ws/install/autopartol_interfaces/lib/libautopartol_interfaces__rosidl_generator_py.so
[1.672s] -- Up-to-date: /home/hzh/ros2_learn/chapt8/chapt8_ws/install/autopartol_interfaces/share/ament_index/resource_index/rust_packages/autopartol_interfaces
[1.672s] -- Up-to-date: /home/hzh/ros2_learn/chapt8/chapt8_ws/install/autopartol_interfaces/share/autopartol_interfaces/rust
[1.672s] -- Up-to-date: /home/hzh/ros2_learn/chapt8/chapt8_ws/install/autopartol_interfaces/share/autopartol_interfaces/rust/Cargo.toml
[1.672s] -- Up-to-date: /home/hzh/ros2_learn/chapt8/chapt8_ws/install/autopartol_interfaces/share/autopartol_interfaces/rust/build.rs
[1.677s] -- Up-to-date: /home/hzh/ros2_learn/chapt8/chapt8_ws/install/autopartol_interfaces/share/autopartol_interfaces/rust/src
[1.677s] -- Up-to-date: /home/hzh/ros2_learn/chapt8/chapt8_ws/install/autopartol_interfaces/share/autopartol_interfaces/rust/src/lib.rs
[1.677s] -- Up-to-date: /home/hzh/ros2_learn/chapt8/chapt8_ws/install/autopartol_interfaces/share/autopartol_interfaces/rust/src/srv.rs
[1.678s] -- Up-to-date: /home/hzh/ros2_learn/chapt8/chapt8_ws/install/autopartol_interfaces/share/autopartol_interfaces/rust/src/srv
[1.680s] -- Up-to-date: /home/hzh/ros2_learn/chapt8/chapt8_ws/install/autopartol_interfaces/share/autopartol_interfaces/rust/src/srv/rmw.rs
[1.681s] -- Up-to-date: /home/hzh/ros2_learn/chapt8/chapt8_ws/install/autopartol_interfaces/share/autopartol_interfaces/srv/SpeechText.idl
[1.683s] -- Up-to-date: /home/hzh/ros2_learn/chapt8/chapt8_ws/install/autopartol_interfaces/share/autopartol_interfaces/srv/SpeechText.srv
[1.683s] -- Up-to-date: /home/hzh/ros2_learn/chapt8/chapt8_ws/install/autopartol_interfaces/share/autopartol_interfaces/srv/SpeechText_Request.msg
[1.685s] -- Up-to-date: /home/hzh/ros2_learn/chapt8/chapt8_ws/install/autopartol_interfaces/share/autopartol_interfaces/srv/SpeechText_Response.msg
[1.690s] -- Up-to-date: /home/hzh/ros2_learn/chapt8/chapt8_ws/install/autopartol_interfaces/share/ament_index/resource_index/package_run_dependencies/autopartol_interfaces
[1.690s] -- Up-to-date: /home/hzh/ros2_learn/chapt8/chapt8_ws/install/autopartol_interfaces/share/ament_index/resource_index/parent_prefix_path/autopartol_interfaces
[1.690s] -- Up-to-date: /home/hzh/ros2_learn/chapt8/chapt8_ws/install/autopartol_interfaces/share/autopartol_interfaces/environment/ament_prefix_path.sh
[1.692s] -- Up-to-date: /home/hzh/ros2_learn/chapt8/chapt8_ws/install/autopartol_interfaces/share/autopartol_interfaces/environment/ament_prefix_path.dsv
[1.692s] -- Up-to-date: /home/hzh/ros2_learn/chapt8/chapt8_ws/install/autopartol_interfaces/share/autopartol_interfaces/environment/path.sh
[1.692s] -- Up-to-date: /home/hzh/ros2_learn/chapt8/chapt8_ws/install/autopartol_interfaces/share/autopartol_interfaces/environment/path.dsv
[1.695s] -- Up-to-date: /home/hzh/ros2_learn/chapt8/chapt8_ws/install/autopartol_interfaces/share/autopartol_interfaces/local_setup.bash
[1.696s] -- Up-to-date: /home/hzh/ros2_learn/chapt8/chapt8_ws/install/autopartol_interfaces/share/autopartol_interfaces/local_setup.sh
[1.696s] -- Up-to-date: /home/hzh/ros2_learn/chapt8/chapt8_ws/install/autopartol_interfaces/share/autopartol_interfaces/local_setup.zsh
[1.696s] -- Up-to-date: /home/hzh/ros2_learn/chapt8/chapt8_ws/install/autopartol_interfaces/share/autopartol_interfaces/local_setup.dsv
[1.696s] -- Installing: /home/hzh/ros2_learn/chapt8/chapt8_ws/install/autopartol_interfaces/share/autopartol_interfaces/package.dsv
[1.696s] -- Up-to-date: /home/hzh/ros2_learn/chapt8/chapt8_ws/install/autopartol_interfaces/share/ament_index/resource_index/packages/autopartol_interfaces
[1.696s] -- Up-to-date: /home/hzh/ros2_learn/chapt8/chapt8_ws/install/autopartol_interfaces/share/autopartol_interfaces/cmake/export_autopartol_interfaces__rosidl_generator_cExport.cmake
[1.696s] -- Up-to-date: /home/hzh/ros2_learn/chapt8/chapt8_ws/install/autopartol_interfaces/share/autopartol_interfaces/cmake/export_autopartol_interfaces__rosidl_generator_cExport-noconfig.cmake
[1.696s] -- Up-to-date: /home/hzh/ros2_learn/chapt8/chapt8_ws/install/autopartol_interfaces/share/autopartol_interfaces/cmake/export_autopartol_interfaces__rosidl_typesupport_fastrtps_cExport.cmake
[1.696s] -- Up-to-date: /home/hzh/ros2_learn/chapt8/chapt8_ws/install/autopartol_interfaces/share/autopartol_interfaces/cmake/export_autopartol_interfaces__rosidl_typesupport_fastrtps_cExport-noconfig.cmake
[1.696s] -- Up-to-date: /home/hzh/ros2_learn/chapt8/chapt8_ws/install/autopartol_interfaces/share/autopartol_interfaces/cmake/autopartol_interfaces__rosidl_typesupport_introspection_cExport.cmake
[1.697s] -- Up-to-date: /home/hzh/ros2_learn/chapt8/chapt8_ws/install/autopartol_interfaces/share/autopartol_interfaces/cmake/autopartol_interfaces__rosidl_typesupport_introspection_cExport-noconfig.cmake
[1.697s] -- Up-to-date: /home/hzh/ros2_learn/chapt8/chapt8_ws/install/autopartol_interfaces/share/autopartol_interfaces/cmake/autopartol_interfaces__rosidl_typesupport_cExport.cmake
[1.697s] -- Up-to-date: /home/hzh/ros2_learn/chapt8/chapt8_ws/install/autopartol_interfaces/share/autopartol_interfaces/cmake/autopartol_interfaces__rosidl_typesupport_cExport-noconfig.cmake
[1.697s] -- Up-to-date: /home/hzh/ros2_learn/chapt8/chapt8_ws/install/autopartol_interfaces/share/autopartol_interfaces/cmake/export_autopartol_interfaces__rosidl_generator_cppExport.cmake
[1.704s] -- Up-to-date: /home/hzh/ros2_learn/chapt8/chapt8_ws/install/autopartol_interfaces/share/autopartol_interfaces/cmake/export_autopartol_interfaces__rosidl_typesupport_fastrtps_cppExport.cmake
[1.709s] -- Up-to-date: /home/hzh/ros2_learn/chapt8/chapt8_ws/install/autopartol_interfaces/share/autopartol_interfaces/cmake/export_autopartol_interfaces__rosidl_typesupport_fastrtps_cppExport-noconfig.cmake
[1.709s] -- Up-to-date: /home/hzh/ros2_learn/chapt8/chapt8_ws/install/autopartol_interfaces/share/autopartol_interfaces/cmake/autopartol_interfaces__rosidl_typesupport_introspection_cppExport.cmake
[1.710s] -- Up-to-date: /home/hzh/ros2_learn/chapt8/chapt8_ws/install/autopartol_interfaces/share/autopartol_interfaces/cmake/autopartol_interfaces__rosidl_typesupport_introspection_cppExport-noconfig.cmake
[1.710s] -- Up-to-date: /home/hzh/ros2_learn/chapt8/chapt8_ws/install/autopartol_interfaces/share/autopartol_interfaces/cmake/autopartol_interfaces__rosidl_typesupport_cppExport.cmake
[1.710s] -- Up-to-date: /home/hzh/ros2_learn/chapt8/chapt8_ws/install/autopartol_interfaces/share/autopartol_interfaces/cmake/autopartol_interfaces__rosidl_typesupport_cppExport-noconfig.cmake
[1.710s] -- Up-to-date: /home/hzh/ros2_learn/chapt8/chapt8_ws/install/autopartol_interfaces/share/autopartol_interfaces/cmake/export_autopartol_interfaces__rosidl_generator_pyExport.cmake
[1.711s] -- Up-to-date: /home/hzh/ros2_learn/chapt8/chapt8_ws/install/autopartol_interfaces/share/autopartol_interfaces/cmake/export_autopartol_interfaces__rosidl_generator_pyExport-noconfig.cmake
[1.711s] -- Up-to-date: /home/hzh/ros2_learn/chapt8/chapt8_ws/install/autopartol_interfaces/share/autopartol_interfaces/cmake/rosidl_cmake-extras.cmake
[1.717s] -- Up-to-date: /home/hzh/ros2_learn/chapt8/chapt8_ws/install/autopartol_interfaces/share/autopartol_interfaces/cmake/ament_cmake_export_include_directories-extras.cmake
[1.717s] -- Up-to-date: /home/hzh/ros2_learn/chapt8/chapt8_ws/install/autopartol_interfaces/share/autopartol_interfaces/cmake/ament_cmake_export_libraries-extras.cmake
[1.717s] -- Up-to-date: /home/hzh/ros2_learn/chapt8/chapt8_ws/install/autopartol_interfaces/share/autopartol_interfaces/cmake/ament_cmake_export_targets-extras.cmake
[1.717s] -- Up-to-date: /home/hzh/ros2_learn/chapt8/chapt8_ws/install/autopartol_interfaces/share/autopartol_interfaces/cmake/rosidl_cmake_export_typesupport_targets-extras.cmake
[1.717s] -- Up-to-date: /home/hzh/ros2_learn/chapt8/chapt8_ws/install/autopartol_interfaces/share/autopartol_interfaces/cmake/ament_cmake_export_dependencies-extras.cmake
[1.717s] -- Up-to-date: /home/hzh/ros2_learn/chapt8/chapt8_ws/install/autopartol_interfaces/share/autopartol_interfaces/cmake/rosidl_cmake_export_typesupport_libraries-extras.cmake
[1.719s] -- Up-to-date: /home/hzh/ros2_learn/chapt8/chapt8_ws/install/autopartol_interfaces/share/autopartol_interfaces/cmake/autopartol_interfacesConfig.cmake
[1.719s] -- Up-to-date: /home/hzh/ros2_learn/chapt8/chapt8_ws/install/autopartol_interfaces/share/autopartol_interfaces/cmake/autopartol_interfacesConfig-version.cmake
[1.719s] -- Up-to-date: /home/hzh/ros2_learn/chapt8/chapt8_ws/install/autopartol_interfaces/share/autopartol_interfaces/package.xml
[1.764s] Invoked command in '/home/hzh/ros2_learn/chapt8/chapt8_ws/build/autopartol_interfaces' returned '0': CMAKE_PREFIX_PATH=/opt/ros/humble /usr/bin/cmake --install /home/hzh/ros2_learn/chapt8/chapt8_ws/build/autopartol_interfaces
