[0.155s] DEBUG:colcon:Command line arguments: ['/usr/bin/colcon', 'build']
[0.155s] DEBUG:colcon:Parsed command line arguments: Namespace(log_base=None, log_level=None, verb_name='build', build_base='build', install_base='install', merge_install=False, symlink_install=False, test_result_base=None, continue_on_error=False, executor='parallel', parallel_workers=4, event_handlers=None, ignore_user_meta=False, metas=['./colcon.meta'], base_paths=['.'], packages_ignore=None, packages_ignore_regex=None, paths=None, packages_up_to=None, packages_up_to_regex=None, packages_above=None, packages_above_and_dependencies=None, packages_above_depth=None, packages_select_by_dep=None, packages_skip_by_dep=None, packages_skip_up_to=None, packages_select_build_failed=False, packages_skip_build_finished=False, packages_select_test_failures=False, packages_skip_test_passed=False, packages_select=None, packages_skip=None, packages_select_regex=None, packages_skip_regex=None, packages_start=None, packages_end=None, allow_overriding=[], cmake_args=None, cmake_target=None, cmake_target_skip_unavailable=False, cmake_clean_cache=False, cmake_clean_first=False, cmake_force_configure=False, ament_cmake_args=None, catkin_cmake_args=None, catkin_skip_building_tests=False, verb_parser=<colcon_defaults.argument_parser.defaults.DefaultArgumentsDecorator object at 0x7167c7aef5b0>, verb_extension=<colcon_core.verb.build.BuildVerb object at 0x7167c7aeefb0>, main=<bound method BuildVerb.main of <colcon_core.verb.build.BuildVerb object at 0x7167c7aeefb0>>)
[0.342s] Level 1:colcon.colcon_core.package_discovery:discover_packages(colcon_meta) check parameters
[0.342s] Level 1:colcon.colcon_core.package_discovery:discover_packages(recursive) check parameters
[0.342s] Level 1:colcon.colcon_core.package_discovery:discover_packages(ignore) check parameters
[0.342s] Level 1:colcon.colcon_core.package_discovery:discover_packages(path) check parameters
[0.342s] Level 1:colcon.colcon_core.package_discovery:discover_packages(colcon_meta) discover
[0.342s] Level 1:colcon.colcon_core.package_discovery:discover_packages(recursive) discover
[0.342s] INFO:colcon.colcon_core.package_discovery:Crawling recursively for packages in '/home/hzh/ros2_learn/chapt5/chapt5_ws'
[0.343s] Level 1:colcon.colcon_core.package_identification:_identify(.) by extensions ['ignore', 'ignore_ament_install']
[0.343s] Level 1:colcon.colcon_core.package_identification:_identify(.) by extension 'ignore'
[0.343s] Level 1:colcon.colcon_core.package_identification:_identify(.) by extension 'ignore_ament_install'
[0.343s] Level 1:colcon.colcon_core.package_identification:_identify(.) by extensions ['colcon_pkg']
[0.343s] Level 1:colcon.colcon_core.package_identification:_identify(.) by extension 'colcon_pkg'
[0.343s] Level 1:colcon.colcon_core.package_identification:_identify(.) by extensions ['colcon_meta']
[0.343s] Level 1:colcon.colcon_core.package_identification:_identify(.) by extension 'colcon_meta'
[0.343s] Level 1:colcon.colcon_core.package_identification:_identify(.) by extensions ['ros']
[0.343s] Level 1:colcon.colcon_core.package_identification:_identify(.) by extension 'ros'
[0.356s] Level 1:colcon.colcon_core.package_identification:_identify(.) by extensions ['cmake', 'python']
[0.356s] Level 1:colcon.colcon_core.package_identification:_identify(.) by extension 'cmake'
[0.356s] Level 1:colcon.colcon_core.package_identification:_identify(.) by extension 'python'
[0.356s] Level 1:colcon.colcon_core.package_identification:_identify(.) by extensions ['python_setup_py']
[0.356s] Level 1:colcon.colcon_core.package_identification:_identify(.) by extension 'python_setup_py'
[0.356s] Level 1:colcon.colcon_core.package_identification:_identify(build) by extensions ['ignore', 'ignore_ament_install']
[0.357s] Level 1:colcon.colcon_core.package_identification:_identify(build) by extension 'ignore'
[0.357s] Level 1:colcon.colcon_core.package_identification:_identify(build) ignored
[0.357s] Level 1:colcon.colcon_core.package_identification:_identify(install) by extensions ['ignore', 'ignore_ament_install']
[0.357s] Level 1:colcon.colcon_core.package_identification:_identify(install) by extension 'ignore'
[0.357s] Level 1:colcon.colcon_core.package_identification:_identify(install) ignored
[0.357s] Level 1:colcon.colcon_core.package_identification:_identify(log) by extensions ['ignore', 'ignore_ament_install']
[0.357s] Level 1:colcon.colcon_core.package_identification:_identify(log) by extension 'ignore'
[0.357s] Level 1:colcon.colcon_core.package_identification:_identify(log) ignored
[0.357s] Level 1:colcon.colcon_core.package_identification:_identify(src) by extensions ['ignore', 'ignore_ament_install']
[0.357s] Level 1:colcon.colcon_core.package_identification:_identify(src) by extension 'ignore'
[0.358s] Level 1:colcon.colcon_core.package_identification:_identify(src) by extension 'ignore_ament_install'
[0.358s] Level 1:colcon.colcon_core.package_identification:_identify(src) by extensions ['colcon_pkg']
[0.358s] Level 1:colcon.colcon_core.package_identification:_identify(src) by extension 'colcon_pkg'
[0.358s] Level 1:colcon.colcon_core.package_identification:_identify(src) by extensions ['colcon_meta']
[0.358s] Level 1:colcon.colcon_core.package_identification:_identify(src) by extension 'colcon_meta'
[0.358s] Level 1:colcon.colcon_core.package_identification:_identify(src) by extensions ['ros']
[0.358s] Level 1:colcon.colcon_core.package_identification:_identify(src) by extension 'ros'
[0.358s] Level 1:colcon.colcon_core.package_identification:_identify(src) by extensions ['cmake', 'python']
[0.358s] Level 1:colcon.colcon_core.package_identification:_identify(src) by extension 'cmake'
[0.358s] Level 1:colcon.colcon_core.package_identification:_identify(src) by extension 'python'
[0.358s] Level 1:colcon.colcon_core.package_identification:_identify(src) by extensions ['python_setup_py']
[0.358s] Level 1:colcon.colcon_core.package_identification:_identify(src) by extension 'python_setup_py'
[0.358s] Level 1:colcon.colcon_core.package_identification:_identify(src/demo_cpp_tf) by extensions ['ignore', 'ignore_ament_install']
[0.358s] Level 1:colcon.colcon_core.package_identification:_identify(src/demo_cpp_tf) by extension 'ignore'
[0.358s] Level 1:colcon.colcon_core.package_identification:_identify(src/demo_cpp_tf) by extension 'ignore_ament_install'
[0.358s] Level 1:colcon.colcon_core.package_identification:_identify(src/demo_cpp_tf) by extensions ['colcon_pkg']
[0.358s] Level 1:colcon.colcon_core.package_identification:_identify(src/demo_cpp_tf) by extension 'colcon_pkg'
[0.358s] Level 1:colcon.colcon_core.package_identification:_identify(src/demo_cpp_tf) by extensions ['colcon_meta']
[0.358s] Level 1:colcon.colcon_core.package_identification:_identify(src/demo_cpp_tf) by extension 'colcon_meta'
[0.358s] Level 1:colcon.colcon_core.package_identification:_identify(src/demo_cpp_tf) by extensions ['ros']
[0.358s] Level 1:colcon.colcon_core.package_identification:_identify(src/demo_cpp_tf) by extension 'ros'
[0.362s] DEBUG:colcon.colcon_core.package_identification:Package 'src/demo_cpp_tf' with type 'ros.ament_cmake' and name 'demo_cpp_tf'
[0.363s] Level 1:colcon.colcon_core.package_identification:_identify(src/demo_python_tf) by extensions ['ignore', 'ignore_ament_install']
[0.363s] Level 1:colcon.colcon_core.package_identification:_identify(src/demo_python_tf) by extension 'ignore'
[0.363s] Level 1:colcon.colcon_core.package_identification:_identify(src/demo_python_tf) by extension 'ignore_ament_install'
[0.363s] Level 1:colcon.colcon_core.package_identification:_identify(src/demo_python_tf) by extensions ['colcon_pkg']
[0.363s] Level 1:colcon.colcon_core.package_identification:_identify(src/demo_python_tf) by extension 'colcon_pkg'
[0.363s] Level 1:colcon.colcon_core.package_identification:_identify(src/demo_python_tf) by extensions ['colcon_meta']
[0.363s] Level 1:colcon.colcon_core.package_identification:_identify(src/demo_python_tf) by extension 'colcon_meta'
[0.363s] Level 1:colcon.colcon_core.package_identification:_identify(src/demo_python_tf) by extensions ['ros']
[0.363s] Level 1:colcon.colcon_core.package_identification:_identify(src/demo_python_tf) by extension 'ros'
[0.364s] DEBUG:colcon.colcon_core.package_identification:Package 'src/demo_python_tf' with type 'ros.ament_python' and name 'demo_python_tf'
[0.365s] Level 1:colcon.colcon_core.package_identification:_identify(tmp) by extensions ['ignore', 'ignore_ament_install']
[0.365s] Level 1:colcon.colcon_core.package_identification:_identify(tmp) by extension 'ignore'
[0.365s] Level 1:colcon.colcon_core.package_identification:_identify(tmp) by extension 'ignore_ament_install'
[0.365s] Level 1:colcon.colcon_core.package_identification:_identify(tmp) by extensions ['colcon_pkg']
[0.365s] Level 1:colcon.colcon_core.package_identification:_identify(tmp) by extension 'colcon_pkg'
[0.365s] Level 1:colcon.colcon_core.package_identification:_identify(tmp) by extensions ['colcon_meta']
[0.365s] Level 1:colcon.colcon_core.package_identification:_identify(tmp) by extension 'colcon_meta'
[0.365s] Level 1:colcon.colcon_core.package_identification:_identify(tmp) by extensions ['ros']
[0.365s] Level 1:colcon.colcon_core.package_identification:_identify(tmp) by extension 'ros'
[0.365s] Level 1:colcon.colcon_core.package_identification:_identify(tmp) by extensions ['cmake', 'python']
[0.365s] Level 1:colcon.colcon_core.package_identification:_identify(tmp) by extension 'cmake'
[0.365s] Level 1:colcon.colcon_core.package_identification:_identify(tmp) by extension 'python'
[0.365s] Level 1:colcon.colcon_core.package_identification:_identify(tmp) by extensions ['python_setup_py']
[0.365s] Level 1:colcon.colcon_core.package_identification:_identify(tmp) by extension 'python_setup_py'
[0.366s] Level 1:colcon.colcon_core.package_identification:_identify(tmp/aha) by extensions ['ignore', 'ignore_ament_install']
[0.366s] Level 1:colcon.colcon_core.package_identification:_identify(tmp/aha) by extension 'ignore'
[0.366s] Level 1:colcon.colcon_core.package_identification:_identify(tmp/aha) by extension 'ignore_ament_install'
[0.366s] Level 1:colcon.colcon_core.package_identification:_identify(tmp/aha) by extensions ['colcon_pkg']
[0.366s] Level 1:colcon.colcon_core.package_identification:_identify(tmp/aha) by extension 'colcon_pkg'
[0.366s] Level 1:colcon.colcon_core.package_identification:_identify(tmp/aha) by extensions ['colcon_meta']
[0.366s] Level 1:colcon.colcon_core.package_identification:_identify(tmp/aha) by extension 'colcon_meta'
[0.366s] Level 1:colcon.colcon_core.package_identification:_identify(tmp/aha) by extensions ['ros']
[0.366s] Level 1:colcon.colcon_core.package_identification:_identify(tmp/aha) by extension 'ros'
[0.366s] Level 1:colcon.colcon_core.package_identification:_identify(tmp/aha) by extensions ['cmake', 'python']
[0.366s] Level 1:colcon.colcon_core.package_identification:_identify(tmp/aha) by extension 'cmake'
[0.366s] Level 1:colcon.colcon_core.package_identification:_identify(tmp/aha) by extension 'python'
[0.366s] Level 1:colcon.colcon_core.package_identification:_identify(tmp/aha) by extensions ['python_setup_py']
[0.366s] Level 1:colcon.colcon_core.package_identification:_identify(tmp/aha) by extension 'python_setup_py'
[0.367s] Level 1:colcon.colcon_core.package_identification:_identify(tmp/aha/dconf) by extensions ['ignore', 'ignore_ament_install']
[0.367s] Level 1:colcon.colcon_core.package_identification:_identify(tmp/aha/dconf) by extension 'ignore'
[0.367s] Level 1:colcon.colcon_core.package_identification:_identify(tmp/aha/dconf) by extension 'ignore_ament_install'
[0.367s] Level 1:colcon.colcon_core.package_identification:_identify(tmp/aha/dconf) by extensions ['colcon_pkg']
[0.367s] Level 1:colcon.colcon_core.package_identification:_identify(tmp/aha/dconf) by extension 'colcon_pkg'
[0.367s] Level 1:colcon.colcon_core.package_identification:_identify(tmp/aha/dconf) by extensions ['colcon_meta']
[0.367s] Level 1:colcon.colcon_core.package_identification:_identify(tmp/aha/dconf) by extension 'colcon_meta'
[0.367s] Level 1:colcon.colcon_core.package_identification:_identify(tmp/aha/dconf) by extensions ['ros']
[0.367s] Level 1:colcon.colcon_core.package_identification:_identify(tmp/aha/dconf) by extension 'ros'
[0.367s] Level 1:colcon.colcon_core.package_identification:_identify(tmp/aha/dconf) by extensions ['cmake', 'python']
[0.367s] Level 1:colcon.colcon_core.package_identification:_identify(tmp/aha/dconf) by extension 'cmake'
[0.367s] Level 1:colcon.colcon_core.package_identification:_identify(tmp/aha/dconf) by extension 'python'
[0.367s] Level 1:colcon.colcon_core.package_identification:_identify(tmp/aha/dconf) by extensions ['python_setup_py']
[0.368s] Level 1:colcon.colcon_core.package_identification:_identify(tmp/aha/dconf) by extension 'python_setup_py'
[0.368s] Level 1:colcon.colcon_core.package_discovery:discover_packages(recursive) using defaults
[0.368s] Level 1:colcon.colcon_core.package_discovery:discover_packages(ignore) discover
[0.368s] Level 1:colcon.colcon_core.package_discovery:discover_packages(ignore) using defaults
[0.368s] Level 1:colcon.colcon_core.package_discovery:discover_packages(path) discover
[0.368s] Level 1:colcon.colcon_core.package_discovery:discover_packages(path) using defaults
[0.394s] Level 1:colcon.colcon_core.package_discovery:discover_packages(prefix_path) check parameters
[0.394s] Level 1:colcon.colcon_core.package_discovery:discover_packages(prefix_path) discover
[0.398s] DEBUG:colcon.colcon_installed_package_information.package_discovery:Found 274 installed packages in /opt/ros/humble
[0.415s] Level 1:colcon.colcon_core.package_discovery:discover_packages(prefix_path) using defaults
[0.460s] Level 5:colcon.colcon_core.verb:set package 'demo_cpp_tf' build argument 'cmake_args' from command line to 'None'
[0.460s] Level 5:colcon.colcon_core.verb:set package 'demo_cpp_tf' build argument 'cmake_target' from command line to 'None'
[0.460s] Level 5:colcon.colcon_core.verb:set package 'demo_cpp_tf' build argument 'cmake_target_skip_unavailable' from command line to 'False'
[0.461s] Level 5:colcon.colcon_core.verb:set package 'demo_cpp_tf' build argument 'cmake_clean_cache' from command line to 'False'
[0.461s] Level 5:colcon.colcon_core.verb:set package 'demo_cpp_tf' build argument 'cmake_clean_first' from command line to 'False'
[0.461s] Level 5:colcon.colcon_core.verb:set package 'demo_cpp_tf' build argument 'cmake_force_configure' from command line to 'False'
[0.461s] Level 5:colcon.colcon_core.verb:set package 'demo_cpp_tf' build argument 'ament_cmake_args' from command line to 'None'
[0.461s] Level 5:colcon.colcon_core.verb:set package 'demo_cpp_tf' build argument 'catkin_cmake_args' from command line to 'None'
[0.461s] Level 5:colcon.colcon_core.verb:set package 'demo_cpp_tf' build argument 'catkin_skip_building_tests' from command line to 'False'
[0.461s] DEBUG:colcon.colcon_core.verb:Building package 'demo_cpp_tf' with the following arguments: {'ament_cmake_args': None, 'build_base': '/home/hzh/ros2_learn/chapt5/chapt5_ws/build/demo_cpp_tf', 'catkin_cmake_args': None, 'catkin_skip_building_tests': False, 'cmake_args': None, 'cmake_clean_cache': False, 'cmake_clean_first': False, 'cmake_force_configure': False, 'cmake_target': None, 'cmake_target_skip_unavailable': False, 'install_base': '/home/hzh/ros2_learn/chapt5/chapt5_ws/install/demo_cpp_tf', 'merge_install': False, 'path': '/home/hzh/ros2_learn/chapt5/chapt5_ws/src/demo_cpp_tf', 'symlink_install': False, 'test_result_base': None}
[0.461s] Level 5:colcon.colcon_core.verb:set package 'demo_python_tf' build argument 'cmake_args' from command line to 'None'
[0.461s] Level 5:colcon.colcon_core.verb:set package 'demo_python_tf' build argument 'cmake_target' from command line to 'None'
[0.461s] Level 5:colcon.colcon_core.verb:set package 'demo_python_tf' build argument 'cmake_target_skip_unavailable' from command line to 'False'
[0.461s] Level 5:colcon.colcon_core.verb:set package 'demo_python_tf' build argument 'cmake_clean_cache' from command line to 'False'
[0.461s] Level 5:colcon.colcon_core.verb:set package 'demo_python_tf' build argument 'cmake_clean_first' from command line to 'False'
[0.461s] Level 5:colcon.colcon_core.verb:set package 'demo_python_tf' build argument 'cmake_force_configure' from command line to 'False'
[0.461s] Level 5:colcon.colcon_core.verb:set package 'demo_python_tf' build argument 'ament_cmake_args' from command line to 'None'
[0.461s] Level 5:colcon.colcon_core.verb:set package 'demo_python_tf' build argument 'catkin_cmake_args' from command line to 'None'
[0.461s] Level 5:colcon.colcon_core.verb:set package 'demo_python_tf' build argument 'catkin_skip_building_tests' from command line to 'False'
[0.461s] DEBUG:colcon.colcon_core.verb:Building package 'demo_python_tf' with the following arguments: {'ament_cmake_args': None, 'build_base': '/home/hzh/ros2_learn/chapt5/chapt5_ws/build/demo_python_tf', 'catkin_cmake_args': None, 'catkin_skip_building_tests': False, 'cmake_args': None, 'cmake_clean_cache': False, 'cmake_clean_first': False, 'cmake_force_configure': False, 'cmake_target': None, 'cmake_target_skip_unavailable': False, 'install_base': '/home/hzh/ros2_learn/chapt5/chapt5_ws/install/demo_python_tf', 'merge_install': False, 'path': '/home/hzh/ros2_learn/chapt5/chapt5_ws/src/demo_python_tf', 'symlink_install': False, 'test_result_base': None}
[0.462s] INFO:colcon.colcon_core.executor:Executing jobs using 'parallel' executor
[0.463s] DEBUG:colcon.colcon_parallel_executor.executor.parallel:run_until_complete
[0.464s] INFO:colcon.colcon_ros.task.ament_cmake.build:Building ROS package in '/home/hzh/ros2_learn/chapt5/chapt5_ws/src/demo_cpp_tf' with build type 'ament_cmake'
[0.464s] INFO:colcon.colcon_cmake.task.cmake.build:Building CMake package in '/home/hzh/ros2_learn/chapt5/chapt5_ws/src/demo_cpp_tf'
[0.468s] INFO:colcon.colcon_core.plugin_system:Skipping extension 'colcon_core.shell.bat': Not used on non-Windows systems
[0.468s] INFO:colcon.colcon_core.shell:Skip shell extension 'powershell' for command environment: Not usable outside of PowerShell
[0.469s] DEBUG:colcon.colcon_core.shell:Skip shell extension 'dsv' for command environment
[0.474s] INFO:colcon.colcon_ros.task.ament_python.build:Building ROS package in '/home/hzh/ros2_learn/chapt5/chapt5_ws/src/demo_python_tf' with build type 'ament_python'
[0.475s] Level 1:colcon.colcon_core.shell:create_environment_hook('demo_python_tf', 'ament_prefix_path')
[0.475s] INFO:colcon.colcon_core.shell:Creating environment hook '/home/hzh/ros2_learn/chapt5/chapt5_ws/install/demo_python_tf/share/demo_python_tf/hook/ament_prefix_path.ps1'
[0.476s] INFO:colcon.colcon_core.shell:Creating environment descriptor '/home/hzh/ros2_learn/chapt5/chapt5_ws/install/demo_python_tf/share/demo_python_tf/hook/ament_prefix_path.dsv'
[0.478s] INFO:colcon.colcon_core.shell:Creating environment hook '/home/hzh/ros2_learn/chapt5/chapt5_ws/install/demo_python_tf/share/demo_python_tf/hook/ament_prefix_path.sh'
[0.480s] INFO:colcon.colcon_core.shell:Skip shell extension 'powershell' for command environment: Not usable outside of PowerShell
[0.481s] DEBUG:colcon.colcon_core.shell:Skip shell extension 'dsv' for command environment
[0.497s] DEBUG:colcon.colcon_core.event_handler.log_command:Invoking command in '/home/hzh/ros2_learn/chapt5/chapt5_ws/build/demo_cpp_tf': CMAKE_PREFIX_PATH=/opt/ros/humble /usr/bin/cmake /home/hzh/ros2_learn/chapt5/chapt5_ws/src/demo_cpp_tf -DCMAKE_INSTALL_PREFIX=/home/hzh/ros2_learn/chapt5/chapt5_ws/install/demo_cpp_tf
[1.078s] INFO:colcon.colcon_core.task.python.build:Building Python package in '/home/hzh/ros2_learn/chapt5/chapt5_ws/src/demo_python_tf'
[1.079s] INFO:colcon.colcon_core.shell:Skip shell extension 'powershell' for command environment: Not usable outside of PowerShell
[1.079s] DEBUG:colcon.colcon_core.shell:Skip shell extension 'dsv' for command environment
[1.726s] DEBUG:colcon.colcon_core.event_handler.log_command:Invoking command in '/home/hzh/ros2_learn/chapt5/chapt5_ws/src/demo_python_tf': PYTHONPATH=/home/hzh/ros2_learn/chapt5/chapt5_ws/build/demo_python_tf/prefix_override:/usr/lib/python3/dist-packages/colcon_core/task/python/colcon_distutils_commands:/home/hzh/ros2_learn/chapt5/chapt5_ws/install/demo_python_tf/lib/python3.10/site-packages:${PYTHONPATH} /usr/bin/python3 -W ignore:setup.py install is deprecated -W ignore:easy_install command is deprecated setup.py egg_info --egg-base ../../build/demo_python_tf build --build-base /home/hzh/ros2_learn/chapt5/chapt5_ws/build/demo_python_tf/build install --record /home/hzh/ros2_learn/chapt5/chapt5_ws/build/demo_python_tf/install.log --single-version-externally-managed install_data
[2.311s] DEBUG:colcon.colcon_core.event_handler.log_command:Invoked command in '/home/hzh/ros2_learn/chapt5/chapt5_ws/src/demo_python_tf' returned '0': PYTHONPATH=/home/hzh/ros2_learn/chapt5/chapt5_ws/build/demo_python_tf/prefix_override:/usr/lib/python3/dist-packages/colcon_core/task/python/colcon_distutils_commands:/home/hzh/ros2_learn/chapt5/chapt5_ws/install/demo_python_tf/lib/python3.10/site-packages:${PYTHONPATH} /usr/bin/python3 -W ignore:setup.py install is deprecated -W ignore:easy_install command is deprecated setup.py egg_info --egg-base ../../build/demo_python_tf build --build-base /home/hzh/ros2_learn/chapt5/chapt5_ws/build/demo_python_tf/build install --record /home/hzh/ros2_learn/chapt5/chapt5_ws/build/demo_python_tf/install.log --single-version-externally-managed install_data
[2.316s] Level 1:colcon.colcon_core.environment:checking '/home/hzh/ros2_learn/chapt5/chapt5_ws/install/demo_python_tf' for CMake module files
[2.318s] Level 1:colcon.colcon_core.environment:checking '/home/hzh/ros2_learn/chapt5/chapt5_ws/install/demo_python_tf' for CMake config files
[2.320s] Level 1:colcon.colcon_core.environment:checking '/home/hzh/ros2_learn/chapt5/chapt5_ws/install/demo_python_tf/lib'
[2.321s] Level 1:colcon.colcon_core.environment:checking '/home/hzh/ros2_learn/chapt5/chapt5_ws/install/demo_python_tf/bin'
[2.322s] Level 1:colcon.colcon_core.environment:checking '/home/hzh/ros2_learn/chapt5/chapt5_ws/install/demo_python_tf/lib/pkgconfig/demo_python_tf.pc'
[2.322s] Level 1:colcon.colcon_core.environment:checking '/home/hzh/ros2_learn/chapt5/chapt5_ws/install/demo_python_tf/lib/python3.10/site-packages'
[2.322s] Level 1:colcon.colcon_core.shell:create_environment_hook('demo_python_tf', 'pythonpath')
[2.322s] INFO:colcon.colcon_core.shell:Creating environment hook '/home/hzh/ros2_learn/chapt5/chapt5_ws/install/demo_python_tf/share/demo_python_tf/hook/pythonpath.ps1'
[2.324s] INFO:colcon.colcon_core.shell:Creating environment descriptor '/home/hzh/ros2_learn/chapt5/chapt5_ws/install/demo_python_tf/share/demo_python_tf/hook/pythonpath.dsv'
[2.325s] INFO:colcon.colcon_core.shell:Creating environment hook '/home/hzh/ros2_learn/chapt5/chapt5_ws/install/demo_python_tf/share/demo_python_tf/hook/pythonpath.sh'
[2.330s] Level 1:colcon.colcon_core.environment:checking '/home/hzh/ros2_learn/chapt5/chapt5_ws/install/demo_python_tf/bin'
[2.330s] Level 1:colcon.colcon_core.environment:create_environment_scripts_only(demo_python_tf)
[2.331s] INFO:colcon.colcon_core.shell:Creating package script '/home/hzh/ros2_learn/chapt5/chapt5_ws/install/demo_python_tf/share/demo_python_tf/package.ps1'
[2.335s] INFO:colcon.colcon_core.shell:Creating package descriptor '/home/hzh/ros2_learn/chapt5/chapt5_ws/install/demo_python_tf/share/demo_python_tf/package.dsv'
[2.337s] INFO:colcon.colcon_core.shell:Creating package script '/home/hzh/ros2_learn/chapt5/chapt5_ws/install/demo_python_tf/share/demo_python_tf/package.sh'
[2.339s] INFO:colcon.colcon_core.shell:Creating package script '/home/hzh/ros2_learn/chapt5/chapt5_ws/install/demo_python_tf/share/demo_python_tf/package.bash'
[2.341s] INFO:colcon.colcon_core.shell:Creating package script '/home/hzh/ros2_learn/chapt5/chapt5_ws/install/demo_python_tf/share/demo_python_tf/package.zsh'
[2.343s] Level 1:colcon.colcon_core.environment:create_file_with_runtime_dependencies(/home/hzh/ros2_learn/chapt5/chapt5_ws/install/demo_python_tf/share/colcon-core/packages/demo_python_tf)
[4.523s] DEBUG:colcon.colcon_core.event_handler.log_command:Invoked command in '/home/hzh/ros2_learn/chapt5/chapt5_ws/build/demo_cpp_tf' returned '0': CMAKE_PREFIX_PATH=/opt/ros/humble /usr/bin/cmake /home/hzh/ros2_learn/chapt5/chapt5_ws/src/demo_cpp_tf -DCMAKE_INSTALL_PREFIX=/home/hzh/ros2_learn/chapt5/chapt5_ws/install/demo_cpp_tf
[4.524s] DEBUG:colcon.colcon_core.event_handler.log_command:Invoking command in '/home/hzh/ros2_learn/chapt5/chapt5_ws/build/demo_cpp_tf': CMAKE_PREFIX_PATH=/opt/ros/humble /usr/bin/cmake --build /home/hzh/ros2_learn/chapt5/chapt5_ws/build/demo_cpp_tf -- -j4 -l4
[12.204s] DEBUG:colcon.colcon_core.event_handler.log_command:Invoked command in '/home/hzh/ros2_learn/chapt5/chapt5_ws/build/demo_cpp_tf' returned '0': CMAKE_PREFIX_PATH=/opt/ros/humble /usr/bin/cmake --build /home/hzh/ros2_learn/chapt5/chapt5_ws/build/demo_cpp_tf -- -j4 -l4
[12.224s] DEBUG:colcon.colcon_core.event_handler.log_command:Invoking command in '/home/hzh/ros2_learn/chapt5/chapt5_ws/build/demo_cpp_tf': CMAKE_PREFIX_PATH=/opt/ros/humble /usr/bin/cmake --install /home/hzh/ros2_learn/chapt5/chapt5_ws/build/demo_cpp_tf
[12.247s] Level 1:colcon.colcon_core.environment:create_environment_scripts_only(demo_cpp_tf)
[12.248s] DEBUG:colcon.colcon_core.event_handler.log_command:Invoked command in '/home/hzh/ros2_learn/chapt5/chapt5_ws/build/demo_cpp_tf' returned '0': CMAKE_PREFIX_PATH=/opt/ros/humble /usr/bin/cmake --install /home/hzh/ros2_learn/chapt5/chapt5_ws/build/demo_cpp_tf
[12.248s] Level 1:colcon.colcon_core.environment:checking '/home/hzh/ros2_learn/chapt5/chapt5_ws/install/demo_cpp_tf' for CMake module files
[12.249s] Level 1:colcon.colcon_core.environment:checking '/home/hzh/ros2_learn/chapt5/chapt5_ws/install/demo_cpp_tf' for CMake config files
[12.250s] Level 1:colcon.colcon_core.shell:create_environment_hook('demo_cpp_tf', 'cmake_prefix_path')
[12.250s] INFO:colcon.colcon_core.shell:Creating environment hook '/home/hzh/ros2_learn/chapt5/chapt5_ws/install/demo_cpp_tf/share/demo_cpp_tf/hook/cmake_prefix_path.ps1'
[12.251s] INFO:colcon.colcon_core.shell:Creating environment descriptor '/home/hzh/ros2_learn/chapt5/chapt5_ws/install/demo_cpp_tf/share/demo_cpp_tf/hook/cmake_prefix_path.dsv'
[12.253s] INFO:colcon.colcon_core.shell:Creating environment hook '/home/hzh/ros2_learn/chapt5/chapt5_ws/install/demo_cpp_tf/share/demo_cpp_tf/hook/cmake_prefix_path.sh'
[12.255s] Level 1:colcon.colcon_core.environment:checking '/home/hzh/ros2_learn/chapt5/chapt5_ws/install/demo_cpp_tf/lib'
[12.256s] Level 1:colcon.colcon_core.environment:checking '/home/hzh/ros2_learn/chapt5/chapt5_ws/install/demo_cpp_tf/bin'
[12.257s] Level 1:colcon.colcon_core.environment:checking '/home/hzh/ros2_learn/chapt5/chapt5_ws/install/demo_cpp_tf/lib/pkgconfig/demo_cpp_tf.pc'
[12.258s] Level 1:colcon.colcon_core.environment:checking '/home/hzh/ros2_learn/chapt5/chapt5_ws/install/demo_cpp_tf/lib/python3.10/site-packages'
[12.259s] Level 1:colcon.colcon_core.environment:checking '/home/hzh/ros2_learn/chapt5/chapt5_ws/install/demo_cpp_tf/bin'
[12.260s] INFO:colcon.colcon_core.shell:Creating package script '/home/hzh/ros2_learn/chapt5/chapt5_ws/install/demo_cpp_tf/share/demo_cpp_tf/package.ps1'
[12.261s] INFO:colcon.colcon_core.shell:Creating package descriptor '/home/hzh/ros2_learn/chapt5/chapt5_ws/install/demo_cpp_tf/share/demo_cpp_tf/package.dsv'
[12.262s] INFO:colcon.colcon_core.shell:Creating package script '/home/hzh/ros2_learn/chapt5/chapt5_ws/install/demo_cpp_tf/share/demo_cpp_tf/package.sh'
[12.263s] INFO:colcon.colcon_core.shell:Creating package script '/home/hzh/ros2_learn/chapt5/chapt5_ws/install/demo_cpp_tf/share/demo_cpp_tf/package.bash'
[12.264s] INFO:colcon.colcon_core.shell:Creating package script '/home/hzh/ros2_learn/chapt5/chapt5_ws/install/demo_cpp_tf/share/demo_cpp_tf/package.zsh'
[12.265s] Level 1:colcon.colcon_core.environment:create_file_with_runtime_dependencies(/home/hzh/ros2_learn/chapt5/chapt5_ws/install/demo_cpp_tf/share/colcon-core/packages/demo_cpp_tf)
[12.267s] Level 1:colcon.colcon_core.environment:create_environment_scripts_only(demo_cpp_tf)
[12.267s] Level 1:colcon.colcon_core.environment:checking '/home/hzh/ros2_learn/chapt5/chapt5_ws/install/demo_cpp_tf' for CMake module files
[12.268s] Level 1:colcon.colcon_core.environment:checking '/home/hzh/ros2_learn/chapt5/chapt5_ws/install/demo_cpp_tf' for CMake config files
[12.268s] Level 1:colcon.colcon_core.shell:create_environment_hook('demo_cpp_tf', 'cmake_prefix_path')
[12.269s] INFO:colcon.colcon_core.shell:Creating environment hook '/home/hzh/ros2_learn/chapt5/chapt5_ws/install/demo_cpp_tf/share/demo_cpp_tf/hook/cmake_prefix_path.ps1'
[12.269s] INFO:colcon.colcon_core.shell:Creating environment descriptor '/home/hzh/ros2_learn/chapt5/chapt5_ws/install/demo_cpp_tf/share/demo_cpp_tf/hook/cmake_prefix_path.dsv'
[12.271s] INFO:colcon.colcon_core.shell:Creating environment hook '/home/hzh/ros2_learn/chapt5/chapt5_ws/install/demo_cpp_tf/share/demo_cpp_tf/hook/cmake_prefix_path.sh'
[12.273s] Level 1:colcon.colcon_core.environment:checking '/home/hzh/ros2_learn/chapt5/chapt5_ws/install/demo_cpp_tf/lib'
[12.274s] Level 1:colcon.colcon_core.environment:checking '/home/hzh/ros2_learn/chapt5/chapt5_ws/install/demo_cpp_tf/bin'
[12.274s] Level 1:colcon.colcon_core.environment:checking '/home/hzh/ros2_learn/chapt5/chapt5_ws/install/demo_cpp_tf/lib/pkgconfig/demo_cpp_tf.pc'
[12.274s] Level 1:colcon.colcon_core.environment:checking '/home/hzh/ros2_learn/chapt5/chapt5_ws/install/demo_cpp_tf/lib/python3.10/site-packages'
[12.275s] Level 1:colcon.colcon_core.environment:checking '/home/hzh/ros2_learn/chapt5/chapt5_ws/install/demo_cpp_tf/bin'
[12.275s] INFO:colcon.colcon_core.shell:Creating package script '/home/hzh/ros2_learn/chapt5/chapt5_ws/install/demo_cpp_tf/share/demo_cpp_tf/package.ps1'
[12.277s] INFO:colcon.colcon_core.shell:Creating package descriptor '/home/hzh/ros2_learn/chapt5/chapt5_ws/install/demo_cpp_tf/share/demo_cpp_tf/package.dsv'
[12.278s] INFO:colcon.colcon_core.shell:Creating package script '/home/hzh/ros2_learn/chapt5/chapt5_ws/install/demo_cpp_tf/share/demo_cpp_tf/package.sh'
[12.280s] INFO:colcon.colcon_core.shell:Creating package script '/home/hzh/ros2_learn/chapt5/chapt5_ws/install/demo_cpp_tf/share/demo_cpp_tf/package.bash'
[12.281s] INFO:colcon.colcon_core.shell:Creating package script '/home/hzh/ros2_learn/chapt5/chapt5_ws/install/demo_cpp_tf/share/demo_cpp_tf/package.zsh'
[12.283s] Level 1:colcon.colcon_core.environment:create_file_with_runtime_dependencies(/home/hzh/ros2_learn/chapt5/chapt5_ws/install/demo_cpp_tf/share/colcon-core/packages/demo_cpp_tf)
[12.283s] DEBUG:colcon.colcon_parallel_executor.executor.parallel:closing loop
[12.284s] DEBUG:colcon.colcon_parallel_executor.executor.parallel:loop closed
[12.284s] DEBUG:colcon.colcon_parallel_executor.executor.parallel:run_until_complete finished with '0'
[12.284s] DEBUG:colcon.colcon_core.event_reactor:joining thread
[12.296s] INFO:colcon.colcon_core.plugin_system:Skipping extension 'colcon_notification.desktop_notification.terminal_notifier': Not used on non-Darwin systems
[12.296s] INFO:colcon.colcon_core.plugin_system:Skipping extension 'colcon_notification.desktop_notification.win32': Not used on non-Windows systems
[12.296s] INFO:colcon.colcon_notification.desktop_notification:Sending desktop notification using 'notify2'
[12.327s] DEBUG:colcon.colcon_core.event_reactor:joined thread
[12.327s] INFO:colcon.colcon_core.shell:Creating prefix script '/home/hzh/ros2_learn/chapt5/chapt5_ws/install/local_setup.ps1'
[12.330s] INFO:colcon.colcon_core.shell:Creating prefix util module '/home/hzh/ros2_learn/chapt5/chapt5_ws/install/_local_setup_util_ps1.py'
[12.335s] INFO:colcon.colcon_core.shell:Creating prefix chain script '/home/hzh/ros2_learn/chapt5/chapt5_ws/install/setup.ps1'
[12.341s] INFO:colcon.colcon_core.shell:Creating prefix script '/home/hzh/ros2_learn/chapt5/chapt5_ws/install/local_setup.sh'
[12.344s] INFO:colcon.colcon_core.shell:Creating prefix util module '/home/hzh/ros2_learn/chapt5/chapt5_ws/install/_local_setup_util_sh.py'
[12.346s] INFO:colcon.colcon_core.shell:Creating prefix chain script '/home/hzh/ros2_learn/chapt5/chapt5_ws/install/setup.sh'
[12.349s] INFO:colcon.colcon_core.shell:Creating prefix script '/home/hzh/ros2_learn/chapt5/chapt5_ws/install/local_setup.bash'
[12.351s] INFO:colcon.colcon_core.shell:Creating prefix chain script '/home/hzh/ros2_learn/chapt5/chapt5_ws/install/setup.bash'
[12.353s] INFO:colcon.colcon_core.shell:Creating prefix script '/home/hzh/ros2_learn/chapt5/chapt5_ws/install/local_setup.zsh'
[12.355s] INFO:colcon.colcon_core.shell:Creating prefix chain script '/home/hzh/ros2_learn/chapt5/chapt5_ws/install/setup.zsh'
