[0.157s] DEBUG:colcon:Command line arguments: ['/usr/bin/colcon', 'build']
[0.157s] DEBUG:colcon:Parsed command line arguments: Namespace(log_base=None, log_level=None, verb_name='build', build_base='build', install_base='install', merge_install=False, symlink_install=False, test_result_base=None, continue_on_error=False, executor='parallel', parallel_workers=4, event_handlers=None, ignore_user_meta=False, metas=['./colcon.meta'], base_paths=['.'], packages_ignore=None, packages_ignore_regex=None, paths=None, packages_up_to=None, packages_up_to_regex=None, packages_above=None, packages_above_and_dependencies=None, packages_above_depth=None, packages_select_by_dep=None, packages_skip_by_dep=None, packages_skip_up_to=None, packages_select_build_failed=False, packages_skip_build_finished=False, packages_select_test_failures=False, packages_skip_test_passed=False, packages_select=None, packages_skip=None, packages_select_regex=None, packages_skip_regex=None, packages_start=None, packages_end=None, allow_overriding=[], cmake_args=None, cmake_target=None, cmake_target_skip_unavailable=False, cmake_clean_cache=False, cmake_clean_first=False, cmake_force_configure=False, ament_cmake_args=None, catkin_cmake_args=None, catkin_skip_building_tests=False, verb_parser=<colcon_defaults.argument_parser.defaults.DefaultArgumentsDecorator object at 0x79beb98334f0>, verb_extension=<colcon_core.verb.build.BuildVerb object at 0x79beb9832ef0>, main=<bound method BuildVerb.main of <colcon_core.verb.build.BuildVerb object at 0x79beb9832ef0>>)
[0.349s] Level 1:colcon.colcon_core.package_discovery:discover_packages(colcon_meta) check parameters
[0.350s] Level 1:colcon.colcon_core.package_discovery:discover_packages(recursive) check parameters
[0.350s] Level 1:colcon.colcon_core.package_discovery:discover_packages(ignore) check parameters
[0.350s] Level 1:colcon.colcon_core.package_discovery:discover_packages(path) check parameters
[0.350s] Level 1:colcon.colcon_core.package_discovery:discover_packages(colcon_meta) discover
[0.350s] Level 1:colcon.colcon_core.package_discovery:discover_packages(recursive) discover
[0.350s] INFO:colcon.colcon_core.package_discovery:Crawling recursively for packages in '/home/hzh/ros2_learn/chapt3/topic_ws'
[0.350s] Level 1:colcon.colcon_core.package_identification:_identify(.) by extensions ['ignore', 'ignore_ament_install']
[0.350s] Level 1:colcon.colcon_core.package_identification:_identify(.) by extension 'ignore'
[0.350s] Level 1:colcon.colcon_core.package_identification:_identify(.) by extension 'ignore_ament_install'
[0.350s] Level 1:colcon.colcon_core.package_identification:_identify(.) by extensions ['colcon_pkg']
[0.350s] Level 1:colcon.colcon_core.package_identification:_identify(.) by extension 'colcon_pkg'
[0.350s] Level 1:colcon.colcon_core.package_identification:_identify(.) by extensions ['colcon_meta']
[0.350s] Level 1:colcon.colcon_core.package_identification:_identify(.) by extension 'colcon_meta'
[0.350s] Level 1:colcon.colcon_core.package_identification:_identify(.) by extensions ['ros']
[0.351s] Level 1:colcon.colcon_core.package_identification:_identify(.) by extension 'ros'
[0.364s] Level 1:colcon.colcon_core.package_identification:_identify(.) by extensions ['cmake', 'python']
[0.364s] Level 1:colcon.colcon_core.package_identification:_identify(.) by extension 'cmake'
[0.364s] Level 1:colcon.colcon_core.package_identification:_identify(.) by extension 'python'
[0.364s] Level 1:colcon.colcon_core.package_identification:_identify(.) by extensions ['python_setup_py']
[0.364s] Level 1:colcon.colcon_core.package_identification:_identify(.) by extension 'python_setup_py'
[0.364s] Level 1:colcon.colcon_core.package_identification:_identify(build) by extensions ['ignore', 'ignore_ament_install']
[0.364s] Level 1:colcon.colcon_core.package_identification:_identify(build) by extension 'ignore'
[0.364s] Level 1:colcon.colcon_core.package_identification:_identify(build) ignored
[0.365s] Level 1:colcon.colcon_core.package_identification:_identify(install) by extensions ['ignore', 'ignore_ament_install']
[0.365s] Level 1:colcon.colcon_core.package_identification:_identify(install) by extension 'ignore'
[0.365s] Level 1:colcon.colcon_core.package_identification:_identify(install) ignored
[0.365s] Level 1:colcon.colcon_core.package_identification:_identify(log) by extensions ['ignore', 'ignore_ament_install']
[0.365s] Level 1:colcon.colcon_core.package_identification:_identify(log) by extension 'ignore'
[0.365s] Level 1:colcon.colcon_core.package_identification:_identify(log) ignored
[0.366s] Level 1:colcon.colcon_core.package_identification:_identify(src) by extensions ['ignore', 'ignore_ament_install']
[0.366s] Level 1:colcon.colcon_core.package_identification:_identify(src) by extension 'ignore'
[0.366s] Level 1:colcon.colcon_core.package_identification:_identify(src) by extension 'ignore_ament_install'
[0.366s] Level 1:colcon.colcon_core.package_identification:_identify(src) by extensions ['colcon_pkg']
[0.366s] Level 1:colcon.colcon_core.package_identification:_identify(src) by extension 'colcon_pkg'
[0.366s] Level 1:colcon.colcon_core.package_identification:_identify(src) by extensions ['colcon_meta']
[0.366s] Level 1:colcon.colcon_core.package_identification:_identify(src) by extension 'colcon_meta'
[0.366s] Level 1:colcon.colcon_core.package_identification:_identify(src) by extensions ['ros']
[0.366s] Level 1:colcon.colcon_core.package_identification:_identify(src) by extension 'ros'
[0.366s] Level 1:colcon.colcon_core.package_identification:_identify(src) by extensions ['cmake', 'python']
[0.367s] Level 1:colcon.colcon_core.package_identification:_identify(src) by extension 'cmake'
[0.367s] Level 1:colcon.colcon_core.package_identification:_identify(src) by extension 'python'
[0.367s] Level 1:colcon.colcon_core.package_identification:_identify(src) by extensions ['python_setup_py']
[0.367s] Level 1:colcon.colcon_core.package_identification:_identify(src) by extension 'python_setup_py'
[0.367s] Level 1:colcon.colcon_core.package_identification:_identify(src/demo_cpp_topic) by extensions ['ignore', 'ignore_ament_install']
[0.367s] Level 1:colcon.colcon_core.package_identification:_identify(src/demo_cpp_topic) by extension 'ignore'
[0.367s] Level 1:colcon.colcon_core.package_identification:_identify(src/demo_cpp_topic) by extension 'ignore_ament_install'
[0.367s] Level 1:colcon.colcon_core.package_identification:_identify(src/demo_cpp_topic) by extensions ['colcon_pkg']
[0.367s] Level 1:colcon.colcon_core.package_identification:_identify(src/demo_cpp_topic) by extension 'colcon_pkg'
[0.367s] Level 1:colcon.colcon_core.package_identification:_identify(src/demo_cpp_topic) by extensions ['colcon_meta']
[0.367s] Level 1:colcon.colcon_core.package_identification:_identify(src/demo_cpp_topic) by extension 'colcon_meta'
[0.367s] Level 1:colcon.colcon_core.package_identification:_identify(src/demo_cpp_topic) by extensions ['ros']
[0.367s] Level 1:colcon.colcon_core.package_identification:_identify(src/demo_cpp_topic) by extension 'ros'
[0.370s] DEBUG:colcon.colcon_core.package_identification:Package 'src/demo_cpp_topic' with type 'ros.ament_cmake' and name 'demo_cpp_topic'
[0.370s] Level 1:colcon.colcon_core.package_identification:_identify(src/demo_python_topic) by extensions ['ignore', 'ignore_ament_install']
[0.371s] Level 1:colcon.colcon_core.package_identification:_identify(src/demo_python_topic) by extension 'ignore'
[0.371s] Level 1:colcon.colcon_core.package_identification:_identify(src/demo_python_topic) by extension 'ignore_ament_install'
[0.371s] Level 1:colcon.colcon_core.package_identification:_identify(src/demo_python_topic) by extensions ['colcon_pkg']
[0.371s] Level 1:colcon.colcon_core.package_identification:_identify(src/demo_python_topic) by extension 'colcon_pkg'
[0.371s] Level 1:colcon.colcon_core.package_identification:_identify(src/demo_python_topic) by extensions ['colcon_meta']
[0.371s] Level 1:colcon.colcon_core.package_identification:_identify(src/demo_python_topic) by extension 'colcon_meta'
[0.371s] Level 1:colcon.colcon_core.package_identification:_identify(src/demo_python_topic) by extensions ['ros']
[0.371s] Level 1:colcon.colcon_core.package_identification:_identify(src/demo_python_topic) by extension 'ros'
[0.372s] DEBUG:colcon.colcon_core.package_identification:Package 'src/demo_python_topic' with type 'ros.ament_python' and name 'demo_python_topic'
[0.372s] Level 1:colcon.colcon_core.package_discovery:discover_packages(recursive) using defaults
[0.373s] Level 1:colcon.colcon_core.package_discovery:discover_packages(ignore) discover
[0.373s] Level 1:colcon.colcon_core.package_discovery:discover_packages(ignore) using defaults
[0.373s] Level 1:colcon.colcon_core.package_discovery:discover_packages(path) discover
[0.373s] Level 1:colcon.colcon_core.package_discovery:discover_packages(path) using defaults
[0.396s] Level 1:colcon.colcon_core.package_discovery:discover_packages(prefix_path) check parameters
[0.396s] Level 1:colcon.colcon_core.package_discovery:discover_packages(prefix_path) discover
[0.398s] DEBUG:colcon.colcon_installed_package_information.package_discovery:Found 273 installed packages in /opt/ros/humble
[0.401s] Level 1:colcon.colcon_core.package_discovery:discover_packages(prefix_path) using defaults
[0.456s] Level 5:colcon.colcon_core.verb:set package 'demo_cpp_topic' build argument 'cmake_args' from command line to 'None'
[0.457s] Level 5:colcon.colcon_core.verb:set package 'demo_cpp_topic' build argument 'cmake_target' from command line to 'None'
[0.457s] Level 5:colcon.colcon_core.verb:set package 'demo_cpp_topic' build argument 'cmake_target_skip_unavailable' from command line to 'False'
[0.457s] Level 5:colcon.colcon_core.verb:set package 'demo_cpp_topic' build argument 'cmake_clean_cache' from command line to 'False'
[0.457s] Level 5:colcon.colcon_core.verb:set package 'demo_cpp_topic' build argument 'cmake_clean_first' from command line to 'False'
[0.457s] Level 5:colcon.colcon_core.verb:set package 'demo_cpp_topic' build argument 'cmake_force_configure' from command line to 'False'
[0.457s] Level 5:colcon.colcon_core.verb:set package 'demo_cpp_topic' build argument 'ament_cmake_args' from command line to 'None'
[0.457s] Level 5:colcon.colcon_core.verb:set package 'demo_cpp_topic' build argument 'catkin_cmake_args' from command line to 'None'
[0.457s] Level 5:colcon.colcon_core.verb:set package 'demo_cpp_topic' build argument 'catkin_skip_building_tests' from command line to 'False'
[0.457s] DEBUG:colcon.colcon_core.verb:Building package 'demo_cpp_topic' with the following arguments: {'ament_cmake_args': None, 'build_base': '/home/hzh/ros2_learn/chapt3/topic_ws/build/demo_cpp_topic', 'catkin_cmake_args': None, 'catkin_skip_building_tests': False, 'cmake_args': None, 'cmake_clean_cache': False, 'cmake_clean_first': False, 'cmake_force_configure': False, 'cmake_target': None, 'cmake_target_skip_unavailable': False, 'install_base': '/home/hzh/ros2_learn/chapt3/topic_ws/install/demo_cpp_topic', 'merge_install': False, 'path': '/home/hzh/ros2_learn/chapt3/topic_ws/src/demo_cpp_topic', 'symlink_install': False, 'test_result_base': None}
[0.457s] Level 5:colcon.colcon_core.verb:set package 'demo_python_topic' build argument 'cmake_args' from command line to 'None'
[0.457s] Level 5:colcon.colcon_core.verb:set package 'demo_python_topic' build argument 'cmake_target' from command line to 'None'
[0.458s] Level 5:colcon.colcon_core.verb:set package 'demo_python_topic' build argument 'cmake_target_skip_unavailable' from command line to 'False'
[0.458s] Level 5:colcon.colcon_core.verb:set package 'demo_python_topic' build argument 'cmake_clean_cache' from command line to 'False'
[0.458s] Level 5:colcon.colcon_core.verb:set package 'demo_python_topic' build argument 'cmake_clean_first' from command line to 'False'
[0.458s] Level 5:colcon.colcon_core.verb:set package 'demo_python_topic' build argument 'cmake_force_configure' from command line to 'False'
[0.458s] Level 5:colcon.colcon_core.verb:set package 'demo_python_topic' build argument 'ament_cmake_args' from command line to 'None'
[0.458s] Level 5:colcon.colcon_core.verb:set package 'demo_python_topic' build argument 'catkin_cmake_args' from command line to 'None'
[0.458s] Level 5:colcon.colcon_core.verb:set package 'demo_python_topic' build argument 'catkin_skip_building_tests' from command line to 'False'
[0.458s] DEBUG:colcon.colcon_core.verb:Building package 'demo_python_topic' with the following arguments: {'ament_cmake_args': None, 'build_base': '/home/hzh/ros2_learn/chapt3/topic_ws/build/demo_python_topic', 'catkin_cmake_args': None, 'catkin_skip_building_tests': False, 'cmake_args': None, 'cmake_clean_cache': False, 'cmake_clean_first': False, 'cmake_force_configure': False, 'cmake_target': None, 'cmake_target_skip_unavailable': False, 'install_base': '/home/hzh/ros2_learn/chapt3/topic_ws/install/demo_python_topic', 'merge_install': False, 'path': '/home/hzh/ros2_learn/chapt3/topic_ws/src/demo_python_topic', 'symlink_install': False, 'test_result_base': None}
[0.458s] INFO:colcon.colcon_core.executor:Executing jobs using 'parallel' executor
[0.459s] DEBUG:colcon.colcon_parallel_executor.executor.parallel:run_until_complete
[0.460s] INFO:colcon.colcon_ros.task.ament_cmake.build:Building ROS package in '/home/hzh/ros2_learn/chapt3/topic_ws/src/demo_cpp_topic' with build type 'ament_cmake'
[0.460s] INFO:colcon.colcon_cmake.task.cmake.build:Building CMake package in '/home/hzh/ros2_learn/chapt3/topic_ws/src/demo_cpp_topic'
[0.464s] INFO:colcon.colcon_core.plugin_system:Skipping extension 'colcon_core.shell.bat': Not used on non-Windows systems
[0.465s] INFO:colcon.colcon_core.shell:Skip shell extension 'powershell' for command environment: Not usable outside of PowerShell
[0.465s] DEBUG:colcon.colcon_core.shell:Skip shell extension 'dsv' for command environment
[0.470s] INFO:colcon.colcon_ros.task.ament_python.build:Building ROS package in '/home/hzh/ros2_learn/chapt3/topic_ws/src/demo_python_topic' with build type 'ament_python'
[0.471s] Level 1:colcon.colcon_core.shell:create_environment_hook('demo_python_topic', 'ament_prefix_path')
[0.471s] INFO:colcon.colcon_core.shell:Creating environment hook '/home/hzh/ros2_learn/chapt3/topic_ws/install/demo_python_topic/share/demo_python_topic/hook/ament_prefix_path.ps1'
[0.473s] INFO:colcon.colcon_core.shell:Creating environment descriptor '/home/hzh/ros2_learn/chapt3/topic_ws/install/demo_python_topic/share/demo_python_topic/hook/ament_prefix_path.dsv'
[0.473s] INFO:colcon.colcon_core.shell:Creating environment hook '/home/hzh/ros2_learn/chapt3/topic_ws/install/demo_python_topic/share/demo_python_topic/hook/ament_prefix_path.sh'
[0.477s] INFO:colcon.colcon_core.shell:Skip shell extension 'powershell' for command environment: Not usable outside of PowerShell
[0.477s] DEBUG:colcon.colcon_core.shell:Skip shell extension 'dsv' for command environment
[0.493s] DEBUG:colcon.colcon_core.event_handler.log_command:Invoking command in '/home/hzh/ros2_learn/chapt3/topic_ws/build/demo_cpp_topic': CMAKE_PREFIX_PATH=/opt/ros/humble /usr/bin/cmake --build /home/hzh/ros2_learn/chapt3/topic_ws/build/demo_cpp_topic -- -j4 -l4
[0.854s] INFO:colcon.colcon_core.task.python.build:Building Python package in '/home/hzh/ros2_learn/chapt3/topic_ws/src/demo_python_topic'
[0.854s] INFO:colcon.colcon_core.shell:Skip shell extension 'powershell' for command environment: Not usable outside of PowerShell
[0.854s] DEBUG:colcon.colcon_core.shell:Skip shell extension 'dsv' for command environment
[1.289s] DEBUG:colcon.colcon_core.event_handler.log_command:Invoking command in '/home/hzh/ros2_learn/chapt3/topic_ws/src/demo_python_topic': PYTHONPATH=/home/hzh/ros2_learn/chapt3/topic_ws/build/demo_python_topic/prefix_override:/usr/lib/python3/dist-packages/colcon_core/task/python/colcon_distutils_commands:/home/hzh/ros2_learn/chapt3/topic_ws/install/demo_python_topic/lib/python3.10/site-packages:${PYTHONPATH} /usr/bin/python3 -W ignore:setup.py install is deprecated -W ignore:easy_install command is deprecated setup.py egg_info --egg-base ../../build/demo_python_topic build --build-base /home/hzh/ros2_learn/chapt3/topic_ws/build/demo_python_topic/build install --record /home/hzh/ros2_learn/chapt3/topic_ws/build/demo_python_topic/install.log --single-version-externally-managed install_data
[1.845s] DEBUG:colcon.colcon_core.event_handler.log_command:Invoked command in '/home/hzh/ros2_learn/chapt3/topic_ws/src/demo_python_topic' returned '0': PYTHONPATH=/home/hzh/ros2_learn/chapt3/topic_ws/build/demo_python_topic/prefix_override:/usr/lib/python3/dist-packages/colcon_core/task/python/colcon_distutils_commands:/home/hzh/ros2_learn/chapt3/topic_ws/install/demo_python_topic/lib/python3.10/site-packages:${PYTHONPATH} /usr/bin/python3 -W ignore:setup.py install is deprecated -W ignore:easy_install command is deprecated setup.py egg_info --egg-base ../../build/demo_python_topic build --build-base /home/hzh/ros2_learn/chapt3/topic_ws/build/demo_python_topic/build install --record /home/hzh/ros2_learn/chapt3/topic_ws/build/demo_python_topic/install.log --single-version-externally-managed install_data
[1.849s] Level 1:colcon.colcon_core.environment:checking '/home/hzh/ros2_learn/chapt3/topic_ws/install/demo_python_topic' for CMake module files
[1.850s] Level 1:colcon.colcon_core.environment:checking '/home/hzh/ros2_learn/chapt3/topic_ws/install/demo_python_topic' for CMake config files
[1.852s] Level 1:colcon.colcon_core.environment:checking '/home/hzh/ros2_learn/chapt3/topic_ws/install/demo_python_topic/lib'
[1.853s] Level 1:colcon.colcon_core.environment:checking '/home/hzh/ros2_learn/chapt3/topic_ws/install/demo_python_topic/bin'
[1.853s] Level 1:colcon.colcon_core.environment:checking '/home/hzh/ros2_learn/chapt3/topic_ws/install/demo_python_topic/lib/pkgconfig/demo_python_topic.pc'
[1.854s] Level 1:colcon.colcon_core.environment:checking '/home/hzh/ros2_learn/chapt3/topic_ws/install/demo_python_topic/lib/python3.10/site-packages'
[1.855s] Level 1:colcon.colcon_core.shell:create_environment_hook('demo_python_topic', 'pythonpath')
[1.855s] INFO:colcon.colcon_core.shell:Creating environment hook '/home/hzh/ros2_learn/chapt3/topic_ws/install/demo_python_topic/share/demo_python_topic/hook/pythonpath.ps1'
[1.860s] INFO:colcon.colcon_core.shell:Creating environment descriptor '/home/hzh/ros2_learn/chapt3/topic_ws/install/demo_python_topic/share/demo_python_topic/hook/pythonpath.dsv'
[1.862s] INFO:colcon.colcon_core.shell:Creating environment hook '/home/hzh/ros2_learn/chapt3/topic_ws/install/demo_python_topic/share/demo_python_topic/hook/pythonpath.sh'
[1.865s] Level 1:colcon.colcon_core.environment:checking '/home/hzh/ros2_learn/chapt3/topic_ws/install/demo_python_topic/bin'
[1.866s] Level 1:colcon.colcon_core.environment:create_environment_scripts_only(demo_python_topic)
[1.867s] INFO:colcon.colcon_core.shell:Creating package script '/home/hzh/ros2_learn/chapt3/topic_ws/install/demo_python_topic/share/demo_python_topic/package.ps1'
[1.870s] INFO:colcon.colcon_core.shell:Creating package descriptor '/home/hzh/ros2_learn/chapt3/topic_ws/install/demo_python_topic/share/demo_python_topic/package.dsv'
[1.872s] INFO:colcon.colcon_core.shell:Creating package script '/home/hzh/ros2_learn/chapt3/topic_ws/install/demo_python_topic/share/demo_python_topic/package.sh'
[1.876s] INFO:colcon.colcon_core.shell:Creating package script '/home/hzh/ros2_learn/chapt3/topic_ws/install/demo_python_topic/share/demo_python_topic/package.bash'
[1.882s] INFO:colcon.colcon_core.shell:Creating package script '/home/hzh/ros2_learn/chapt3/topic_ws/install/demo_python_topic/share/demo_python_topic/package.zsh'
[1.885s] Level 1:colcon.colcon_core.environment:create_file_with_runtime_dependencies(/home/hzh/ros2_learn/chapt3/topic_ws/install/demo_python_topic/share/colcon-core/packages/demo_python_topic)
[10.890s] DEBUG:colcon.colcon_core.event_handler.log_command:Invoked command in '/home/hzh/ros2_learn/chapt3/topic_ws/build/demo_cpp_topic' returned '0': CMAKE_PREFIX_PATH=/opt/ros/humble /usr/bin/cmake --build /home/hzh/ros2_learn/chapt3/topic_ws/build/demo_cpp_topic -- -j4 -l4
[10.908s] DEBUG:colcon.colcon_core.event_handler.log_command:Invoking command in '/home/hzh/ros2_learn/chapt3/topic_ws/build/demo_cpp_topic': CMAKE_PREFIX_PATH=/opt/ros/humble /usr/bin/cmake --install /home/hzh/ros2_learn/chapt3/topic_ws/build/demo_cpp_topic
[10.924s] Level 1:colcon.colcon_core.environment:create_environment_scripts_only(demo_cpp_topic)
[10.925s] DEBUG:colcon.colcon_core.event_handler.log_command:Invoked command in '/home/hzh/ros2_learn/chapt3/topic_ws/build/demo_cpp_topic' returned '0': CMAKE_PREFIX_PATH=/opt/ros/humble /usr/bin/cmake --install /home/hzh/ros2_learn/chapt3/topic_ws/build/demo_cpp_topic
[10.925s] Level 1:colcon.colcon_core.environment:checking '/home/hzh/ros2_learn/chapt3/topic_ws/install/demo_cpp_topic' for CMake module files
[10.926s] Level 1:colcon.colcon_core.environment:checking '/home/hzh/ros2_learn/chapt3/topic_ws/install/demo_cpp_topic' for CMake config files
[10.927s] Level 1:colcon.colcon_core.shell:create_environment_hook('demo_cpp_topic', 'cmake_prefix_path')
[10.928s] INFO:colcon.colcon_core.shell:Creating environment hook '/home/hzh/ros2_learn/chapt3/topic_ws/install/demo_cpp_topic/share/demo_cpp_topic/hook/cmake_prefix_path.ps1'
[10.930s] INFO:colcon.colcon_core.shell:Creating environment descriptor '/home/hzh/ros2_learn/chapt3/topic_ws/install/demo_cpp_topic/share/demo_cpp_topic/hook/cmake_prefix_path.dsv'
[10.930s] INFO:colcon.colcon_core.shell:Creating environment hook '/home/hzh/ros2_learn/chapt3/topic_ws/install/demo_cpp_topic/share/demo_cpp_topic/hook/cmake_prefix_path.sh'
[10.932s] Level 1:colcon.colcon_core.environment:checking '/home/hzh/ros2_learn/chapt3/topic_ws/install/demo_cpp_topic/lib'
[10.932s] Level 1:colcon.colcon_core.environment:checking '/home/hzh/ros2_learn/chapt3/topic_ws/install/demo_cpp_topic/bin'
[10.932s] Level 1:colcon.colcon_core.environment:checking '/home/hzh/ros2_learn/chapt3/topic_ws/install/demo_cpp_topic/lib/pkgconfig/demo_cpp_topic.pc'
[10.932s] Level 1:colcon.colcon_core.environment:checking '/home/hzh/ros2_learn/chapt3/topic_ws/install/demo_cpp_topic/lib/python3.10/site-packages'
[10.932s] Level 1:colcon.colcon_core.environment:checking '/home/hzh/ros2_learn/chapt3/topic_ws/install/demo_cpp_topic/bin'
[10.933s] INFO:colcon.colcon_core.shell:Creating package script '/home/hzh/ros2_learn/chapt3/topic_ws/install/demo_cpp_topic/share/demo_cpp_topic/package.ps1'
[10.934s] INFO:colcon.colcon_core.shell:Creating package descriptor '/home/hzh/ros2_learn/chapt3/topic_ws/install/demo_cpp_topic/share/demo_cpp_topic/package.dsv'
[10.935s] INFO:colcon.colcon_core.shell:Creating package script '/home/hzh/ros2_learn/chapt3/topic_ws/install/demo_cpp_topic/share/demo_cpp_topic/package.sh'
[10.936s] INFO:colcon.colcon_core.shell:Creating package script '/home/hzh/ros2_learn/chapt3/topic_ws/install/demo_cpp_topic/share/demo_cpp_topic/package.bash'
[10.937s] INFO:colcon.colcon_core.shell:Creating package script '/home/hzh/ros2_learn/chapt3/topic_ws/install/demo_cpp_topic/share/demo_cpp_topic/package.zsh'
[10.938s] Level 1:colcon.colcon_core.environment:create_file_with_runtime_dependencies(/home/hzh/ros2_learn/chapt3/topic_ws/install/demo_cpp_topic/share/colcon-core/packages/demo_cpp_topic)
[10.939s] Level 1:colcon.colcon_core.environment:create_environment_scripts_only(demo_cpp_topic)
[10.939s] Level 1:colcon.colcon_core.environment:checking '/home/hzh/ros2_learn/chapt3/topic_ws/install/demo_cpp_topic' for CMake module files
[10.940s] Level 1:colcon.colcon_core.environment:checking '/home/hzh/ros2_learn/chapt3/topic_ws/install/demo_cpp_topic' for CMake config files
[10.941s] Level 1:colcon.colcon_core.shell:create_environment_hook('demo_cpp_topic', 'cmake_prefix_path')
[10.941s] INFO:colcon.colcon_core.shell:Creating environment hook '/home/hzh/ros2_learn/chapt3/topic_ws/install/demo_cpp_topic/share/demo_cpp_topic/hook/cmake_prefix_path.ps1'
[10.943s] INFO:colcon.colcon_core.shell:Creating environment descriptor '/home/hzh/ros2_learn/chapt3/topic_ws/install/demo_cpp_topic/share/demo_cpp_topic/hook/cmake_prefix_path.dsv'
[10.944s] INFO:colcon.colcon_core.shell:Creating environment hook '/home/hzh/ros2_learn/chapt3/topic_ws/install/demo_cpp_topic/share/demo_cpp_topic/hook/cmake_prefix_path.sh'
[10.946s] Level 1:colcon.colcon_core.environment:checking '/home/hzh/ros2_learn/chapt3/topic_ws/install/demo_cpp_topic/lib'
[10.946s] Level 1:colcon.colcon_core.environment:checking '/home/hzh/ros2_learn/chapt3/topic_ws/install/demo_cpp_topic/bin'
[10.946s] Level 1:colcon.colcon_core.environment:checking '/home/hzh/ros2_learn/chapt3/topic_ws/install/demo_cpp_topic/lib/pkgconfig/demo_cpp_topic.pc'
[10.946s] Level 1:colcon.colcon_core.environment:checking '/home/hzh/ros2_learn/chapt3/topic_ws/install/demo_cpp_topic/lib/python3.10/site-packages'
[10.947s] Level 1:colcon.colcon_core.environment:checking '/home/hzh/ros2_learn/chapt3/topic_ws/install/demo_cpp_topic/bin'
[10.947s] INFO:colcon.colcon_core.shell:Creating package script '/home/hzh/ros2_learn/chapt3/topic_ws/install/demo_cpp_topic/share/demo_cpp_topic/package.ps1'
[10.949s] INFO:colcon.colcon_core.shell:Creating package descriptor '/home/hzh/ros2_learn/chapt3/topic_ws/install/demo_cpp_topic/share/demo_cpp_topic/package.dsv'
[10.950s] INFO:colcon.colcon_core.shell:Creating package script '/home/hzh/ros2_learn/chapt3/topic_ws/install/demo_cpp_topic/share/demo_cpp_topic/package.sh'
[10.951s] INFO:colcon.colcon_core.shell:Creating package script '/home/hzh/ros2_learn/chapt3/topic_ws/install/demo_cpp_topic/share/demo_cpp_topic/package.bash'
[10.952s] INFO:colcon.colcon_core.shell:Creating package script '/home/hzh/ros2_learn/chapt3/topic_ws/install/demo_cpp_topic/share/demo_cpp_topic/package.zsh'
[10.953s] Level 1:colcon.colcon_core.environment:create_file_with_runtime_dependencies(/home/hzh/ros2_learn/chapt3/topic_ws/install/demo_cpp_topic/share/colcon-core/packages/demo_cpp_topic)
[10.954s] DEBUG:colcon.colcon_parallel_executor.executor.parallel:closing loop
[10.954s] DEBUG:colcon.colcon_parallel_executor.executor.parallel:loop closed
[10.955s] DEBUG:colcon.colcon_parallel_executor.executor.parallel:run_until_complete finished with '0'
[10.955s] DEBUG:colcon.colcon_core.event_reactor:joining thread
[10.962s] INFO:colcon.colcon_core.plugin_system:Skipping extension 'colcon_notification.desktop_notification.terminal_notifier': Not used on non-Darwin systems
[10.962s] INFO:colcon.colcon_core.plugin_system:Skipping extension 'colcon_notification.desktop_notification.win32': Not used on non-Windows systems
[10.962s] INFO:colcon.colcon_notification.desktop_notification:Sending desktop notification using 'notify2'
[10.991s] DEBUG:colcon.colcon_core.event_reactor:joined thread
[10.992s] INFO:colcon.colcon_core.shell:Creating prefix script '/home/hzh/ros2_learn/chapt3/topic_ws/install/local_setup.ps1'
[10.994s] INFO:colcon.colcon_core.shell:Creating prefix util module '/home/hzh/ros2_learn/chapt3/topic_ws/install/_local_setup_util_ps1.py'
[10.996s] INFO:colcon.colcon_core.shell:Creating prefix chain script '/home/hzh/ros2_learn/chapt3/topic_ws/install/setup.ps1'
[10.999s] INFO:colcon.colcon_core.shell:Creating prefix script '/home/hzh/ros2_learn/chapt3/topic_ws/install/local_setup.sh'
[11.000s] INFO:colcon.colcon_core.shell:Creating prefix util module '/home/hzh/ros2_learn/chapt3/topic_ws/install/_local_setup_util_sh.py'
[11.001s] INFO:colcon.colcon_core.shell:Creating prefix chain script '/home/hzh/ros2_learn/chapt3/topic_ws/install/setup.sh'
[11.003s] INFO:colcon.colcon_core.shell:Creating prefix script '/home/hzh/ros2_learn/chapt3/topic_ws/install/local_setup.bash'
[11.005s] INFO:colcon.colcon_core.shell:Creating prefix chain script '/home/hzh/ros2_learn/chapt3/topic_ws/install/setup.bash'
[11.006s] INFO:colcon.colcon_core.shell:Creating prefix script '/home/hzh/ros2_learn/chapt3/topic_ws/install/local_setup.zsh'
[11.007s] INFO:colcon.colcon_core.shell:Creating prefix chain script '/home/hzh/ros2_learn/chapt3/topic_ws/install/setup.zsh'
