[1.381s] Invoking command in '/home/hzh/ros2_learn/chapt7/chapt7_ws/src/fishbot_application': PYTHONPATH=/home/hzh/ros2_learn/chapt7/chapt7_ws/build/fishbot_application/prefix_override:/usr/lib/python3/dist-packages/colcon_core/task/python/colcon_distutils_commands:/home/hzh/ros2_learn/chapt7/chapt7_ws/install/fishbot_application/lib/python3.10/site-packages:${PYTHONPATH} /usr/bin/python3 -W ignore:setup.py install is deprecated -W ignore:easy_install command is deprecated setup.py egg_info --egg-base ../../build/fishbot_application build --build-base /home/hzh/ros2_learn/chapt7/chapt7_ws/build/fishbot_application/build install --record /home/hzh/ros2_learn/chapt7/chapt7_ws/build/fishbot_application/install.log --single-version-externally-managed install_data
[1.743s] running egg_info
[1.746s] writing ../../build/fishbot_application/fishbot_application.egg-info/PKG-INFO
[1.746s] writing dependency_links to ../../build/fishbot_application/fishbot_application.egg-info/dependency_links.txt
[1.747s] writing entry points to ../../build/fishbot_application/fishbot_application.egg-info/entry_points.txt
[1.747s] writing requirements to ../../build/fishbot_application/fishbot_application.egg-info/requires.txt
[1.749s] writing top-level names to ../../build/fishbot_application/fishbot_application.egg-info/top_level.txt
[1.753s] reading manifest file '../../build/fishbot_application/fishbot_application.egg-info/SOURCES.txt'
[1.754s] adding license file 'LICENSE'
[1.755s] writing manifest file '../../build/fishbot_application/fishbot_application.egg-info/SOURCES.txt'
[1.756s] running build
[1.759s] running build_py
[1.759s] running install
[1.759s] running install_lib
[1.763s] running install_data
[1.763s] running install_egg_info
[1.767s] removing '/home/hzh/ros2_learn/chapt7/chapt7_ws/install/fishbot_application/lib/python3.10/site-packages/fishbot_application-0.0.0-py3.10.egg-info' (and everything under it)
[1.767s] Copying ../../build/fishbot_application/fishbot_application.egg-info to /home/hzh/ros2_learn/chapt7/chapt7_ws/install/fishbot_application/lib/python3.10/site-packages/fishbot_application-0.0.0-py3.10.egg-info
[1.770s] running install_scripts
[1.798s] Installing get_robot_pose script to /home/hzh/ros2_learn/chapt7/chapt7_ws/install/fishbot_application/lib/fishbot_application
[1.803s] Installing init_robot_pose script to /home/hzh/ros2_learn/chapt7/chapt7_ws/install/fishbot_application/lib/fishbot_application
[1.803s] Installing nav_to_pose script to /home/hzh/ros2_learn/chapt7/chapt7_ws/install/fishbot_application/lib/fishbot_application
[1.803s] Installing waypoint_follower script to /home/hzh/ros2_learn/chapt7/chapt7_ws/install/fishbot_application/lib/fishbot_application
[1.804s] writing list of installed files to '/home/hzh/ros2_learn/chapt7/chapt7_ws/build/fishbot_application/install.log'
[1.863s] Invoked command in '/home/hzh/ros2_learn/chapt7/chapt7_ws/src/fishbot_application' returned '0': PYTHONPATH=/home/hzh/ros2_learn/chapt7/chapt7_ws/build/fishbot_application/prefix_override:/usr/lib/python3/dist-packages/colcon_core/task/python/colcon_distutils_commands:/home/hzh/ros2_learn/chapt7/chapt7_ws/install/fishbot_application/lib/python3.10/site-packages:${PYTHONPATH} /usr/bin/python3 -W ignore:setup.py install is deprecated -W ignore:easy_install command is deprecated setup.py egg_info --egg-base ../../build/fishbot_application build --build-base /home/hzh/ros2_learn/chapt7/chapt7_ws/build/fishbot_application/build install --record /home/hzh/ros2_learn/chapt7/chapt7_ws/build/fishbot_application/install.log --single-version-externally-managed install_data
