[1.211s] Invoking command in '/home/hzh/ros2_learn/chapt10/chapt10_ws/src/learn_executor_py': PYTHONPATH=/home/hzh/ros2_learn/chapt10/chapt10_ws/build/learn_executor_py/prefix_override:/usr/lib/python3/dist-packages/colcon_core/task/python/colcon_distutils_commands:/home/hzh/ros2_learn/chapt10/chapt10_ws/install/learn_executor_py/lib/python3.10/site-packages:${PYTHONPATH} /usr/bin/python3 -W ignore:setup.py install is deprecated -W ignore:easy_install command is deprecated setup.py egg_info --egg-base ../../build/learn_executor_py build --build-base /home/hzh/ros2_learn/chapt10/chapt10_ws/build/learn_executor_py/build install --record /home/hzh/ros2_learn/chapt10/chapt10_ws/build/learn_executor_py/install.log --single-version-externally-managed install_data
[1.504s] running egg_info
[1.506s] writing ../../build/learn_executor_py/learn_executor_py.egg-info/PKG-INFO
[1.506s] writing dependency_links to ../../build/learn_executor_py/learn_executor_py.egg-info/dependency_links.txt
[1.506s] writing entry points to ../../build/learn_executor_py/learn_executor_py.egg-info/entry_points.txt
[1.507s] writing requirements to ../../build/learn_executor_py/learn_executor_py.egg-info/requires.txt
[1.507s] writing top-level names to ../../build/learn_executor_py/learn_executor_py.egg-info/top_level.txt
[1.510s] reading manifest file '../../build/learn_executor_py/learn_executor_py.egg-info/SOURCES.txt'
[1.512s] writing manifest file '../../build/learn_executor_py/learn_executor_py.egg-info/SOURCES.txt'
[1.512s] running build
[1.513s] running build_py
[1.513s] copying learn_executor_py/learn_executor.py -> /home/hzh/ros2_learn/chapt10/chapt10_ws/build/learn_executor_py/build/lib/learn_executor_py
[1.513s] running install
[1.513s] running install_lib
[1.514s] copying /home/hzh/ros2_learn/chapt10/chapt10_ws/build/learn_executor_py/build/lib/learn_executor_py/learn_executor.py -> /home/hzh/ros2_learn/chapt10/chapt10_ws/install/learn_executor_py/lib/python3.10/site-packages/learn_executor_py
[1.518s] byte-compiling /home/hzh/ros2_learn/chapt10/chapt10_ws/install/learn_executor_py/lib/python3.10/site-packages/learn_executor_py/learn_executor.py to learn_executor.cpython-310.pyc
[1.519s] running install_data
[1.519s] running install_egg_info
[1.524s] removing '/home/hzh/ros2_learn/chapt10/chapt10_ws/install/learn_executor_py/lib/python3.10/site-packages/learn_executor_py-0.0.0-py3.10.egg-info' (and everything under it)
[1.526s] Copying ../../build/learn_executor_py/learn_executor_py.egg-info to /home/hzh/ros2_learn/chapt10/chapt10_ws/install/learn_executor_py/lib/python3.10/site-packages/learn_executor_py-0.0.0-py3.10.egg-info
[1.527s] running install_scripts
[1.557s] Installing learn_executor script to /home/hzh/ros2_learn/chapt10/chapt10_ws/install/learn_executor_py/lib/learn_executor_py
[1.557s] writing list of installed files to '/home/hzh/ros2_learn/chapt10/chapt10_ws/build/learn_executor_py/install.log'
[1.622s] Invoked command in '/home/hzh/ros2_learn/chapt10/chapt10_ws/src/learn_executor_py' returned '0': PYTHONPATH=/home/hzh/ros2_learn/chapt10/chapt10_ws/build/learn_executor_py/prefix_override:/usr/lib/python3/dist-packages/colcon_core/task/python/colcon_distutils_commands:/home/hzh/ros2_learn/chapt10/chapt10_ws/install/learn_executor_py/lib/python3.10/site-packages:${PYTHONPATH} /usr/bin/python3 -W ignore:setup.py install is deprecated -W ignore:easy_install command is deprecated setup.py egg_info --egg-base ../../build/learn_executor_py build --build-base /home/hzh/ros2_learn/chapt10/chapt10_ws/build/learn_executor_py/build install --record /home/hzh/ros2_learn/chapt10/chapt10_ws/build/learn_executor_py/install.log --single-version-externally-managed install_data
