[0.145s] DEBUG:colcon:Command line arguments: ['/usr/bin/colcon', 'build']
[0.145s] DEBUG:colcon:Parsed command line arguments: Namespace(log_base=None, log_level=None, verb_name='build', build_base='build', install_base='install', merge_install=False, symlink_install=False, test_result_base=None, continue_on_error=False, executor='parallel', parallel_workers=4, event_handlers=None, ignore_user_meta=False, metas=['./colcon.meta'], base_paths=['.'], packages_ignore=None, packages_ignore_regex=None, paths=None, packages_up_to=None, packages_up_to_regex=None, packages_above=None, packages_above_and_dependencies=None, packages_above_depth=None, packages_select_by_dep=None, packages_skip_by_dep=None, packages_skip_up_to=None, packages_select_build_failed=False, packages_skip_build_finished=False, packages_select_test_failures=False, packages_skip_test_passed=False, packages_select=None, packages_skip=None, packages_select_regex=None, packages_skip_regex=None, packages_start=None, packages_end=None, allow_overriding=[], cmake_args=None, cmake_target=None, cmake_target_skip_unavailable=False, cmake_clean_cache=False, cmake_clean_first=False, cmake_force_configure=False, ament_cmake_args=None, catkin_cmake_args=None, catkin_skip_building_tests=False, verb_parser=<colcon_defaults.argument_parser.defaults.DefaultArgumentsDecorator object at 0x79ee413d01c0>, verb_extension=<colcon_core.verb.build.BuildVerb object at 0x79ee4139bb80>, main=<bound method BuildVerb.main of <colcon_core.verb.build.BuildVerb object at 0x79ee4139bb80>>)
[0.357s] Level 1:colcon.colcon_core.package_discovery:discover_packages(colcon_meta) check parameters
[0.358s] Level 1:colcon.colcon_core.package_discovery:discover_packages(recursive) check parameters
[0.358s] Level 1:colcon.colcon_core.package_discovery:discover_packages(ignore) check parameters
[0.358s] Level 1:colcon.colcon_core.package_discovery:discover_packages(path) check parameters
[0.358s] Level 1:colcon.colcon_core.package_discovery:discover_packages(colcon_meta) discover
[0.358s] Level 1:colcon.colcon_core.package_discovery:discover_packages(recursive) discover
[0.358s] INFO:colcon.colcon_core.package_discovery:Crawling recursively for packages in '/home/hzh/ros2_learn/chapt8/learn_pluginlib'
[0.359s] Level 1:colcon.colcon_core.package_identification:_identify(.) by extensions ['ignore', 'ignore_ament_install']
[0.359s] Level 1:colcon.colcon_core.package_identification:_identify(.) by extension 'ignore'
[0.359s] Level 1:colcon.colcon_core.package_identification:_identify(.) by extension 'ignore_ament_install'
[0.359s] Level 1:colcon.colcon_core.package_identification:_identify(.) by extensions ['colcon_pkg']
[0.360s] Level 1:colcon.colcon_core.package_identification:_identify(.) by extension 'colcon_pkg'
[0.360s] Level 1:colcon.colcon_core.package_identification:_identify(.) by extensions ['colcon_meta']
[0.360s] Level 1:colcon.colcon_core.package_identification:_identify(.) by extension 'colcon_meta'
[0.360s] Level 1:colcon.colcon_core.package_identification:_identify(.) by extensions ['ros']
[0.360s] Level 1:colcon.colcon_core.package_identification:_identify(.) by extension 'ros'
[0.373s] Level 1:colcon.colcon_core.package_identification:_identify(.) by extensions ['cmake', 'python']
[0.373s] Level 1:colcon.colcon_core.package_identification:_identify(.) by extension 'cmake'
[0.373s] Level 1:colcon.colcon_core.package_identification:_identify(.) by extension 'python'
[0.374s] Level 1:colcon.colcon_core.package_identification:_identify(.) by extensions ['python_setup_py']
[0.374s] Level 1:colcon.colcon_core.package_identification:_identify(.) by extension 'python_setup_py'
[0.374s] Level 1:colcon.colcon_core.package_identification:_identify(build) by extensions ['ignore', 'ignore_ament_install']
[0.374s] Level 1:colcon.colcon_core.package_identification:_identify(build) by extension 'ignore'
[0.374s] Level 1:colcon.colcon_core.package_identification:_identify(build) ignored
[0.374s] Level 1:colcon.colcon_core.package_identification:_identify(install) by extensions ['ignore', 'ignore_ament_install']
[0.374s] Level 1:colcon.colcon_core.package_identification:_identify(install) by extension 'ignore'
[0.374s] Level 1:colcon.colcon_core.package_identification:_identify(install) ignored
[0.374s] Level 1:colcon.colcon_core.package_identification:_identify(log) by extensions ['ignore', 'ignore_ament_install']
[0.374s] Level 1:colcon.colcon_core.package_identification:_identify(log) by extension 'ignore'
[0.374s] Level 1:colcon.colcon_core.package_identification:_identify(log) ignored
[0.375s] Level 1:colcon.colcon_core.package_identification:_identify(src) by extensions ['ignore', 'ignore_ament_install']
[0.375s] Level 1:colcon.colcon_core.package_identification:_identify(src) by extension 'ignore'
[0.375s] Level 1:colcon.colcon_core.package_identification:_identify(src) by extension 'ignore_ament_install'
[0.375s] Level 1:colcon.colcon_core.package_identification:_identify(src) by extensions ['colcon_pkg']
[0.375s] Level 1:colcon.colcon_core.package_identification:_identify(src) by extension 'colcon_pkg'
[0.375s] Level 1:colcon.colcon_core.package_identification:_identify(src) by extensions ['colcon_meta']
[0.375s] Level 1:colcon.colcon_core.package_identification:_identify(src) by extension 'colcon_meta'
[0.375s] Level 1:colcon.colcon_core.package_identification:_identify(src) by extensions ['ros']
[0.375s] Level 1:colcon.colcon_core.package_identification:_identify(src) by extension 'ros'
[0.375s] Level 1:colcon.colcon_core.package_identification:_identify(src) by extensions ['cmake', 'python']
[0.375s] Level 1:colcon.colcon_core.package_identification:_identify(src) by extension 'cmake'
[0.376s] Level 1:colcon.colcon_core.package_identification:_identify(src) by extension 'python'
[0.376s] Level 1:colcon.colcon_core.package_identification:_identify(src) by extensions ['python_setup_py']
[0.376s] Level 1:colcon.colcon_core.package_identification:_identify(src) by extension 'python_setup_py'
[0.376s] Level 1:colcon.colcon_core.package_identification:_identify(src/motion_control_system) by extensions ['ignore', 'ignore_ament_install']
[0.376s] Level 1:colcon.colcon_core.package_identification:_identify(src/motion_control_system) by extension 'ignore'
[0.376s] Level 1:colcon.colcon_core.package_identification:_identify(src/motion_control_system) by extension 'ignore_ament_install'
[0.376s] Level 1:colcon.colcon_core.package_identification:_identify(src/motion_control_system) by extensions ['colcon_pkg']
[0.376s] Level 1:colcon.colcon_core.package_identification:_identify(src/motion_control_system) by extension 'colcon_pkg'
[0.376s] Level 1:colcon.colcon_core.package_identification:_identify(src/motion_control_system) by extensions ['colcon_meta']
[0.376s] Level 1:colcon.colcon_core.package_identification:_identify(src/motion_control_system) by extension 'colcon_meta'
[0.376s] Level 1:colcon.colcon_core.package_identification:_identify(src/motion_control_system) by extensions ['ros']
[0.376s] Level 1:colcon.colcon_core.package_identification:_identify(src/motion_control_system) by extension 'ros'
[0.380s] DEBUG:colcon.colcon_core.package_identification:Package 'src/motion_control_system' with type 'ros.ament_cmake' and name 'motion_control_system'
[0.380s] Level 1:colcon.colcon_core.package_discovery:discover_packages(recursive) using defaults
[0.380s] Level 1:colcon.colcon_core.package_discovery:discover_packages(ignore) discover
[0.380s] Level 1:colcon.colcon_core.package_discovery:discover_packages(ignore) using defaults
[0.380s] Level 1:colcon.colcon_core.package_discovery:discover_packages(path) discover
[0.380s] Level 1:colcon.colcon_core.package_discovery:discover_packages(path) using defaults
[0.404s] Level 1:colcon.colcon_core.package_discovery:discover_packages(prefix_path) check parameters
[0.404s] Level 1:colcon.colcon_core.package_discovery:discover_packages(prefix_path) discover
[0.406s] DEBUG:colcon.colcon_installed_package_information.package_discovery:Found 1 installed packages in /home/hzh/ros2_learn/chapt8/learn_pluginlib/install
[0.408s] DEBUG:colcon.colcon_installed_package_information.package_discovery:Found 372 installed packages in /opt/ros/humble
[0.425s] Level 1:colcon.colcon_core.package_discovery:discover_packages(prefix_path) using defaults
[0.474s] Level 5:colcon.colcon_core.verb:set package 'motion_control_system' build argument 'cmake_args' from command line to 'None'
[0.474s] Level 5:colcon.colcon_core.verb:set package 'motion_control_system' build argument 'cmake_target' from command line to 'None'
[0.474s] Level 5:colcon.colcon_core.verb:set package 'motion_control_system' build argument 'cmake_target_skip_unavailable' from command line to 'False'
[0.474s] Level 5:colcon.colcon_core.verb:set package 'motion_control_system' build argument 'cmake_clean_cache' from command line to 'False'
[0.474s] Level 5:colcon.colcon_core.verb:set package 'motion_control_system' build argument 'cmake_clean_first' from command line to 'False'
[0.474s] Level 5:colcon.colcon_core.verb:set package 'motion_control_system' build argument 'cmake_force_configure' from command line to 'False'
[0.474s] Level 5:colcon.colcon_core.verb:set package 'motion_control_system' build argument 'ament_cmake_args' from command line to 'None'
[0.474s] Level 5:colcon.colcon_core.verb:set package 'motion_control_system' build argument 'catkin_cmake_args' from command line to 'None'
[0.474s] Level 5:colcon.colcon_core.verb:set package 'motion_control_system' build argument 'catkin_skip_building_tests' from command line to 'False'
[0.474s] DEBUG:colcon.colcon_core.verb:Building package 'motion_control_system' with the following arguments: {'ament_cmake_args': None, 'build_base': '/home/hzh/ros2_learn/chapt8/learn_pluginlib/build/motion_control_system', 'catkin_cmake_args': None, 'catkin_skip_building_tests': False, 'cmake_args': None, 'cmake_clean_cache': False, 'cmake_clean_first': False, 'cmake_force_configure': False, 'cmake_target': None, 'cmake_target_skip_unavailable': False, 'install_base': '/home/hzh/ros2_learn/chapt8/learn_pluginlib/install/motion_control_system', 'merge_install': False, 'path': '/home/hzh/ros2_learn/chapt8/learn_pluginlib/src/motion_control_system', 'symlink_install': False, 'test_result_base': None}
[0.475s] INFO:colcon.colcon_core.executor:Executing jobs using 'parallel' executor
[0.476s] DEBUG:colcon.colcon_parallel_executor.executor.parallel:run_until_complete
[0.476s] INFO:colcon.colcon_ros.task.ament_cmake.build:Building ROS package in '/home/hzh/ros2_learn/chapt8/learn_pluginlib/src/motion_control_system' with build type 'ament_cmake'
[0.477s] INFO:colcon.colcon_cmake.task.cmake.build:Building CMake package in '/home/hzh/ros2_learn/chapt8/learn_pluginlib/src/motion_control_system'
[0.480s] INFO:colcon.colcon_core.plugin_system:Skipping extension 'colcon_core.shell.bat': Not used on non-Windows systems
[0.481s] INFO:colcon.colcon_core.shell:Skip shell extension 'powershell' for command environment: Not usable outside of PowerShell
[0.481s] DEBUG:colcon.colcon_core.shell:Skip shell extension 'dsv' for command environment
[0.499s] DEBUG:colcon.colcon_core.event_handler.log_command:Invoking command in '/home/hzh/ros2_learn/chapt8/learn_pluginlib/build/motion_control_system': CMAKE_PREFIX_PATH=${CMAKE_PREFIX_PATH}:/opt/ros/humble /usr/bin/cmake --build /home/hzh/ros2_learn/chapt8/learn_pluginlib/build/motion_control_system -- -j4 -l4
[0.955s] DEBUG:colcon.colcon_core.event_handler.log_command:Invoked command in '/home/hzh/ros2_learn/chapt8/learn_pluginlib/build/motion_control_system' returned '0': CMAKE_PREFIX_PATH=${CMAKE_PREFIX_PATH}:/opt/ros/humble /usr/bin/cmake --build /home/hzh/ros2_learn/chapt8/learn_pluginlib/build/motion_control_system -- -j4 -l4
[0.973s] DEBUG:colcon.colcon_core.event_handler.log_command:Invoking command in '/home/hzh/ros2_learn/chapt8/learn_pluginlib/build/motion_control_system': CMAKE_PREFIX_PATH=${CMAKE_PREFIX_PATH}:/opt/ros/humble /usr/bin/cmake --install /home/hzh/ros2_learn/chapt8/learn_pluginlib/build/motion_control_system
[0.992s] Level 1:colcon.colcon_core.environment:create_environment_scripts_only(motion_control_system)
[0.995s] DEBUG:colcon.colcon_core.event_handler.log_command:Invoked command in '/home/hzh/ros2_learn/chapt8/learn_pluginlib/build/motion_control_system' returned '0': CMAKE_PREFIX_PATH=${CMAKE_PREFIX_PATH}:/opt/ros/humble /usr/bin/cmake --install /home/hzh/ros2_learn/chapt8/learn_pluginlib/build/motion_control_system
[0.996s] Level 1:colcon.colcon_core.environment:checking '/home/hzh/ros2_learn/chapt8/learn_pluginlib/install/motion_control_system' for CMake module files
[0.997s] Level 1:colcon.colcon_core.environment:checking '/home/hzh/ros2_learn/chapt8/learn_pluginlib/install/motion_control_system' for CMake config files
[0.998s] Level 1:colcon.colcon_core.shell:create_environment_hook('motion_control_system', 'cmake_prefix_path')
[0.998s] INFO:colcon.colcon_core.shell:Creating environment hook '/home/hzh/ros2_learn/chapt8/learn_pluginlib/install/motion_control_system/share/motion_control_system/hook/cmake_prefix_path.ps1'
[0.999s] INFO:colcon.colcon_core.shell:Creating environment descriptor '/home/hzh/ros2_learn/chapt8/learn_pluginlib/install/motion_control_system/share/motion_control_system/hook/cmake_prefix_path.dsv'
[1.001s] INFO:colcon.colcon_core.shell:Creating environment hook '/home/hzh/ros2_learn/chapt8/learn_pluginlib/install/motion_control_system/share/motion_control_system/hook/cmake_prefix_path.sh'
[1.003s] Level 1:colcon.colcon_core.environment:checking '/home/hzh/ros2_learn/chapt8/learn_pluginlib/install/motion_control_system/lib'
[1.003s] Level 1:colcon.colcon_core.shell:create_environment_hook('motion_control_system', 'ld_library_path_lib')
[1.004s] INFO:colcon.colcon_core.shell:Creating environment hook '/home/hzh/ros2_learn/chapt8/learn_pluginlib/install/motion_control_system/share/motion_control_system/hook/ld_library_path_lib.ps1'
[1.004s] INFO:colcon.colcon_core.shell:Creating environment descriptor '/home/hzh/ros2_learn/chapt8/learn_pluginlib/install/motion_control_system/share/motion_control_system/hook/ld_library_path_lib.dsv'
[1.005s] INFO:colcon.colcon_core.shell:Creating environment hook '/home/hzh/ros2_learn/chapt8/learn_pluginlib/install/motion_control_system/share/motion_control_system/hook/ld_library_path_lib.sh'
[1.006s] Level 1:colcon.colcon_core.environment:checking '/home/hzh/ros2_learn/chapt8/learn_pluginlib/install/motion_control_system/bin'
[1.007s] Level 1:colcon.colcon_core.environment:checking '/home/hzh/ros2_learn/chapt8/learn_pluginlib/install/motion_control_system/lib/pkgconfig/motion_control_system.pc'
[1.007s] Level 1:colcon.colcon_core.environment:checking '/home/hzh/ros2_learn/chapt8/learn_pluginlib/install/motion_control_system/lib/python3.10/site-packages'
[1.007s] Level 1:colcon.colcon_core.environment:checking '/home/hzh/ros2_learn/chapt8/learn_pluginlib/install/motion_control_system/bin'
[1.008s] INFO:colcon.colcon_core.shell:Creating package script '/home/hzh/ros2_learn/chapt8/learn_pluginlib/install/motion_control_system/share/motion_control_system/package.ps1'
[1.010s] INFO:colcon.colcon_core.shell:Creating package descriptor '/home/hzh/ros2_learn/chapt8/learn_pluginlib/install/motion_control_system/share/motion_control_system/package.dsv'
[1.013s] INFO:colcon.colcon_core.shell:Creating package script '/home/hzh/ros2_learn/chapt8/learn_pluginlib/install/motion_control_system/share/motion_control_system/package.sh'
[1.014s] INFO:colcon.colcon_core.shell:Creating package script '/home/hzh/ros2_learn/chapt8/learn_pluginlib/install/motion_control_system/share/motion_control_system/package.bash'
[1.016s] INFO:colcon.colcon_core.shell:Creating package script '/home/hzh/ros2_learn/chapt8/learn_pluginlib/install/motion_control_system/share/motion_control_system/package.zsh'
[1.017s] Level 1:colcon.colcon_core.environment:create_file_with_runtime_dependencies(/home/hzh/ros2_learn/chapt8/learn_pluginlib/install/motion_control_system/share/colcon-core/packages/motion_control_system)
[1.019s] Level 1:colcon.colcon_core.environment:create_environment_scripts_only(motion_control_system)
[1.019s] Level 1:colcon.colcon_core.environment:checking '/home/hzh/ros2_learn/chapt8/learn_pluginlib/install/motion_control_system' for CMake module files
[1.019s] Level 1:colcon.colcon_core.environment:checking '/home/hzh/ros2_learn/chapt8/learn_pluginlib/install/motion_control_system' for CMake config files
[1.020s] Level 1:colcon.colcon_core.shell:create_environment_hook('motion_control_system', 'cmake_prefix_path')
[1.020s] INFO:colcon.colcon_core.shell:Creating environment hook '/home/hzh/ros2_learn/chapt8/learn_pluginlib/install/motion_control_system/share/motion_control_system/hook/cmake_prefix_path.ps1'
[1.021s] INFO:colcon.colcon_core.shell:Creating environment descriptor '/home/hzh/ros2_learn/chapt8/learn_pluginlib/install/motion_control_system/share/motion_control_system/hook/cmake_prefix_path.dsv'
[1.022s] INFO:colcon.colcon_core.shell:Creating environment hook '/home/hzh/ros2_learn/chapt8/learn_pluginlib/install/motion_control_system/share/motion_control_system/hook/cmake_prefix_path.sh'
[1.023s] Level 1:colcon.colcon_core.environment:checking '/home/hzh/ros2_learn/chapt8/learn_pluginlib/install/motion_control_system/lib'
[1.023s] Level 1:colcon.colcon_core.shell:create_environment_hook('motion_control_system', 'ld_library_path_lib')
[1.024s] INFO:colcon.colcon_core.shell:Creating environment hook '/home/hzh/ros2_learn/chapt8/learn_pluginlib/install/motion_control_system/share/motion_control_system/hook/ld_library_path_lib.ps1'
[1.025s] INFO:colcon.colcon_core.shell:Creating environment descriptor '/home/hzh/ros2_learn/chapt8/learn_pluginlib/install/motion_control_system/share/motion_control_system/hook/ld_library_path_lib.dsv'
[1.025s] INFO:colcon.colcon_core.shell:Creating environment hook '/home/hzh/ros2_learn/chapt8/learn_pluginlib/install/motion_control_system/share/motion_control_system/hook/ld_library_path_lib.sh'
[1.027s] Level 1:colcon.colcon_core.environment:checking '/home/hzh/ros2_learn/chapt8/learn_pluginlib/install/motion_control_system/bin'
[1.027s] Level 1:colcon.colcon_core.environment:checking '/home/hzh/ros2_learn/chapt8/learn_pluginlib/install/motion_control_system/lib/pkgconfig/motion_control_system.pc'
[1.027s] Level 1:colcon.colcon_core.environment:checking '/home/hzh/ros2_learn/chapt8/learn_pluginlib/install/motion_control_system/lib/python3.10/site-packages'
[1.028s] Level 1:colcon.colcon_core.environment:checking '/home/hzh/ros2_learn/chapt8/learn_pluginlib/install/motion_control_system/bin'
[1.028s] INFO:colcon.colcon_core.shell:Creating package script '/home/hzh/ros2_learn/chapt8/learn_pluginlib/install/motion_control_system/share/motion_control_system/package.ps1'
[1.030s] INFO:colcon.colcon_core.shell:Creating package descriptor '/home/hzh/ros2_learn/chapt8/learn_pluginlib/install/motion_control_system/share/motion_control_system/package.dsv'
[1.031s] INFO:colcon.colcon_core.shell:Creating package script '/home/hzh/ros2_learn/chapt8/learn_pluginlib/install/motion_control_system/share/motion_control_system/package.sh'
[1.031s] INFO:colcon.colcon_core.shell:Creating package script '/home/hzh/ros2_learn/chapt8/learn_pluginlib/install/motion_control_system/share/motion_control_system/package.bash'
[1.033s] INFO:colcon.colcon_core.shell:Creating package script '/home/hzh/ros2_learn/chapt8/learn_pluginlib/install/motion_control_system/share/motion_control_system/package.zsh'
[1.034s] Level 1:colcon.colcon_core.environment:create_file_with_runtime_dependencies(/home/hzh/ros2_learn/chapt8/learn_pluginlib/install/motion_control_system/share/colcon-core/packages/motion_control_system)
[1.036s] DEBUG:colcon.colcon_parallel_executor.executor.parallel:closing loop
[1.036s] DEBUG:colcon.colcon_parallel_executor.executor.parallel:loop closed
[1.036s] DEBUG:colcon.colcon_parallel_executor.executor.parallel:run_until_complete finished with '0'
[1.036s] DEBUG:colcon.colcon_core.event_reactor:joining thread
[1.044s] INFO:colcon.colcon_core.plugin_system:Skipping extension 'colcon_notification.desktop_notification.terminal_notifier': Not used on non-Darwin systems
[1.044s] INFO:colcon.colcon_core.plugin_system:Skipping extension 'colcon_notification.desktop_notification.win32': Not used on non-Windows systems
[1.044s] INFO:colcon.colcon_notification.desktop_notification:Sending desktop notification using 'notify2'
[1.065s] DEBUG:colcon.colcon_core.event_reactor:joined thread
[1.066s] INFO:colcon.colcon_core.shell:Creating prefix script '/home/hzh/ros2_learn/chapt8/learn_pluginlib/install/local_setup.ps1'
[1.068s] INFO:colcon.colcon_core.shell:Creating prefix util module '/home/hzh/ros2_learn/chapt8/learn_pluginlib/install/_local_setup_util_ps1.py'
[1.070s] INFO:colcon.colcon_core.shell:Creating prefix chain script '/home/hzh/ros2_learn/chapt8/learn_pluginlib/install/setup.ps1'
[1.072s] INFO:colcon.colcon_core.shell:Creating prefix script '/home/hzh/ros2_learn/chapt8/learn_pluginlib/install/local_setup.sh'
[1.073s] INFO:colcon.colcon_core.shell:Creating prefix util module '/home/hzh/ros2_learn/chapt8/learn_pluginlib/install/_local_setup_util_sh.py'
[1.074s] INFO:colcon.colcon_core.shell:Creating prefix chain script '/home/hzh/ros2_learn/chapt8/learn_pluginlib/install/setup.sh'
[1.076s] INFO:colcon.colcon_core.shell:Creating prefix script '/home/hzh/ros2_learn/chapt8/learn_pluginlib/install/local_setup.bash'
[1.078s] INFO:colcon.colcon_core.shell:Creating prefix chain script '/home/hzh/ros2_learn/chapt8/learn_pluginlib/install/setup.bash'
[1.080s] INFO:colcon.colcon_core.shell:Creating prefix script '/home/hzh/ros2_learn/chapt8/learn_pluginlib/install/local_setup.zsh'
[1.081s] INFO:colcon.colcon_core.shell:Creating prefix chain script '/home/hzh/ros2_learn/chapt8/learn_pluginlib/install/setup.zsh'
