[0.058s] Invoking command in '/home/hzh/ros2_learn/chapt8/chapt8_ws/build/nav2_custom_planner': CMAKE_PREFIX_PATH=${CMAKE_PREFIX_PATH}:/home/hzh/ros2_learn/chapt8/chapt8_ws/install/fishbot_application:/home/hzh/ros2_learn/chapt8/chapt8_ws/install/autopartol_robot:/opt/ros/humble /usr/bin/cmake --build /home/hzh/ros2_learn/chapt8/chapt8_ws/build/nav2_custom_planner -- -j4 -l4
[0.453s] [100%] Built target nav2_custom_planner_plugin
[0.508s] Invoked command in '/home/hzh/ros2_learn/chapt8/chapt8_ws/build/nav2_custom_planner' returned '0': CMAKE_PREFIX_PATH=${CMAKE_PREFIX_PATH}:/home/hzh/ros2_learn/chapt8/chapt8_ws/install/fishbot_application:/home/hzh/ros2_learn/chapt8/chapt8_ws/install/autopartol_robot:/opt/ros/humble /usr/bin/cmake --build /home/hzh/ros2_learn/chapt8/chapt8_ws/build/nav2_custom_planner -- -j4 -l4
[0.517s] Invoking command in '/home/hzh/ros2_learn/chapt8/chapt8_ws/build/nav2_custom_planner': CMAKE_PREFIX_PATH=${CMAKE_PREFIX_PATH}:/home/hzh/ros2_learn/chapt8/chapt8_ws/install/fishbot_application:/home/hzh/ros2_learn/chapt8/chapt8_ws/install/autopartol_robot:/opt/ros/humble /usr/bin/cmake --install /home/hzh/ros2_learn/chapt8/chapt8_ws/build/nav2_custom_planner
[0.536s] -- Install configuration: ""
[0.537s] -- Up-to-date: /home/hzh/ros2_learn/chapt8/chapt8_ws/install/nav2_custom_planner/lib/libnav2_custom_planner_plugin.so
[0.540s] -- Up-to-date: /home/hzh/ros2_learn/chapt8/chapt8_ws/install/nav2_custom_planner/include/
[0.540s] -- Up-to-date: /home/hzh/ros2_learn/chapt8/chapt8_ws/install/nav2_custom_planner/include//nav2_custom_planner
[0.540s] -- Up-to-date: /home/hzh/ros2_learn/chapt8/chapt8_ws/install/nav2_custom_planner/include//nav2_custom_planner/nav2_custom_planner.hpp
[0.540s] -- Up-to-date: /home/hzh/ros2_learn/chapt8/chapt8_ws/install/nav2_custom_planner/share/nav2_custom_planner/custom_planner_plugin.xml
[0.540s] -- Up-to-date: /home/hzh/ros2_learn/chapt8/chapt8_ws/install/nav2_custom_planner/share/ament_index/resource_index/package_run_dependencies/nav2_custom_planner
[0.540s] -- Up-to-date: /home/hzh/ros2_learn/chapt8/chapt8_ws/install/nav2_custom_planner/share/ament_index/resource_index/parent_prefix_path/nav2_custom_planner
[0.544s] -- Up-to-date: /home/hzh/ros2_learn/chapt8/chapt8_ws/install/nav2_custom_planner/share/nav2_custom_planner/environment/ament_prefix_path.sh
[0.544s] -- Up-to-date: /home/hzh/ros2_learn/chapt8/chapt8_ws/install/nav2_custom_planner/share/nav2_custom_planner/environment/ament_prefix_path.dsv
[0.544s] -- Up-to-date: /home/hzh/ros2_learn/chapt8/chapt8_ws/install/nav2_custom_planner/share/nav2_custom_planner/environment/path.sh
[0.545s] -- Up-to-date: /home/hzh/ros2_learn/chapt8/chapt8_ws/install/nav2_custom_planner/share/nav2_custom_planner/environment/path.dsv
[0.545s] -- Up-to-date: /home/hzh/ros2_learn/chapt8/chapt8_ws/install/nav2_custom_planner/share/nav2_custom_planner/local_setup.bash
[0.545s] -- Up-to-date: /home/hzh/ros2_learn/chapt8/chapt8_ws/install/nav2_custom_planner/share/nav2_custom_planner/local_setup.sh
[0.547s] -- Up-to-date: /home/hzh/ros2_learn/chapt8/chapt8_ws/install/nav2_custom_planner/share/nav2_custom_planner/local_setup.zsh
[0.547s] -- Up-to-date: /home/hzh/ros2_learn/chapt8/chapt8_ws/install/nav2_custom_planner/share/nav2_custom_planner/local_setup.dsv
[0.547s] -- Installing: /home/hzh/ros2_learn/chapt8/chapt8_ws/install/nav2_custom_planner/share/nav2_custom_planner/package.dsv
[0.547s] -- Up-to-date: /home/hzh/ros2_learn/chapt8/chapt8_ws/install/nav2_custom_planner/share/ament_index/resource_index/packages/nav2_custom_planner
[0.547s] -- Up-to-date: /home/hzh/ros2_learn/chapt8/chapt8_ws/install/nav2_custom_planner/share/ament_index/resource_index/nav2_core__pluginlib__plugin/nav2_custom_planner
[0.547s] -- Up-to-date: /home/hzh/ros2_learn/chapt8/chapt8_ws/install/nav2_custom_planner/share/nav2_custom_planner/cmake/nav2_custom_plannerConfig.cmake
[0.548s] -- Up-to-date: /home/hzh/ros2_learn/chapt8/chapt8_ws/install/nav2_custom_planner/share/nav2_custom_planner/cmake/nav2_custom_plannerConfig-version.cmake
[0.548s] -- Up-to-date: /home/hzh/ros2_learn/chapt8/chapt8_ws/install/nav2_custom_planner/share/nav2_custom_planner/package.xml
[0.553s] Invoked command in '/home/hzh/ros2_learn/chapt8/chapt8_ws/build/nav2_custom_planner' returned '0': CMAKE_PREFIX_PATH=${CMAKE_PREFIX_PATH}:/home/hzh/ros2_learn/chapt8/chapt8_ws/install/fishbot_application:/home/hzh/ros2_learn/chapt8/chapt8_ws/install/autopartol_robot:/opt/ros/humble /usr/bin/cmake --install /home/hzh/ros2_learn/chapt8/chapt8_ws/build/nav2_custom_planner
