[0.130s] Invoking command in '/home/hzh/ros2_learn/chapt8/chapt8_ws/build/autopartol_interfaces': CMAKE_PREFIX_PATH=${CMAKE_PREFIX_PATH}:/home/hzh/ros2_learn/chapt8/chapt8_ws/install/fishbot_application:/home/hzh/ros2_learn/chapt8/chapt8_ws/install/autopartol_robot:/opt/ros/humble /usr/bin/cmake --build /home/hzh/ros2_learn/chapt8/chapt8_ws/build/autopartol_interfaces -- -j4 -l4
[1.733s] [  3%] Built target autopartol_interfaces__cpp
[1.734s] [ 12%] Built target autopartol_interfaces__rosidl_generator_c
[1.734s] [ 15%] Built target autopartol_interfaces__rs
[1.734s] [ 15%] Built target ament_cmake_python_copy_autopartol_interfaces
[1.734s] [ 25%] Built target autopartol_interfaces__rosidl_typesupport_introspection_cpp
[1.735s] [ 34%] Built target autopartol_interfaces__rosidl_typesupport_cpp
[1.735s] [ 43%] Built target autopartol_interfaces__rosidl_typesupport_fastrtps_c
[1.735s] [ 53%] Built target autopartol_interfaces__rosidl_typesupport_introspection_c
[1.735s] [ 62%] Built target autopartol_interfaces__rosidl_typesupport_c
[1.735s] [ 71%] Built target autopartol_interfaces__rosidl_typesupport_fastrtps_cpp
[1.735s] [ 71%] Built target autopartol_interfaces
[1.735s] [ 75%] Built target autopartol_interfaces__py
[1.735s] [ 81%] Built target autopartol_interfaces__rosidl_generator_py
[1.735s] [ 87%] Built target autopartol_interfaces__rosidl_typesupport_fastrtps_c__pyext
[1.735s] [ 93%] Built target autopartol_interfaces__rosidl_typesupport_introspection_c__pyext
[1.735s] [100%] Built target autopartol_interfaces__rosidl_typesupport_c__pyext
[1.736s] running egg_info
[1.736s] writing autopartol_interfaces.egg-info/PKG-INFO
[1.736s] writing dependency_links to autopartol_interfaces.egg-info/dependency_links.txt
[1.736s] writing top-level names to autopartol_interfaces.egg-info/top_level.txt
[1.736s] reading manifest file 'autopartol_interfaces.egg-info/SOURCES.txt'
[1.736s] writing manifest file 'autopartol_interfaces.egg-info/SOURCES.txt'
[1.736s] [100%] Built target ament_cmake_python_build_autopartol_interfaces_egg
[1.736s] Invoked command in '/home/hzh/ros2_learn/chapt8/chapt8_ws/build/autopartol_interfaces' returned '0': CMAKE_PREFIX_PATH=${CMAKE_PREFIX_PATH}:/home/hzh/ros2_learn/chapt8/chapt8_ws/install/fishbot_application:/home/hzh/ros2_learn/chapt8/chapt8_ws/install/autopartol_robot:/opt/ros/humble /usr/bin/cmake --build /home/hzh/ros2_learn/chapt8/chapt8_ws/build/autopartol_interfaces -- -j4 -l4
[1.768s] Invoking command in '/home/hzh/ros2_learn/chapt8/chapt8_ws/build/autopartol_interfaces': CMAKE_PREFIX_PATH=${CMAKE_PREFIX_PATH}:/home/hzh/ros2_learn/chapt8/chapt8_ws/install/fishbot_application:/home/hzh/ros2_learn/chapt8/chapt8_ws/install/autopartol_robot:/opt/ros/humble /usr/bin/cmake --install /home/hzh/ros2_learn/chapt8/chapt8_ws/build/autopartol_interfaces
[1.812s] -- Install configuration: ""
[1.812s] -- Up-to-date: /home/hzh/ros2_learn/chapt8/chapt8_ws/install/autopartol_interfaces/share/ament_index/resource_index/rosidl_interfaces/autopartol_interfaces
[1.812s] -- Up-to-date: /home/hzh/ros2_learn/chapt8/chapt8_ws/install/autopartol_interfaces/include/autopartol_interfaces/autopartol_interfaces
[1.813s] -- Up-to-date: /home/hzh/ros2_learn/chapt8/chapt8_ws/install/autopartol_interfaces/include/autopartol_interfaces/autopartol_interfaces/srv
[1.814s] -- Up-to-date: /home/hzh/ros2_learn/chapt8/chapt8_ws/install/autopartol_interfaces/include/autopartol_interfaces/autopartol_interfaces/srv/speech_text.h
[1.814s] -- Up-to-date: /home/hzh/ros2_learn/chapt8/chapt8_ws/install/autopartol_interfaces/include/autopartol_interfaces/autopartol_interfaces/srv/detail
[1.814s] -- Up-to-date: /home/hzh/ros2_learn/chapt8/chapt8_ws/install/autopartol_interfaces/include/autopartol_interfaces/autopartol_interfaces/srv/detail/speech_text__functions.c
[1.817s] -- Up-to-date: /home/hzh/ros2_learn/chapt8/chapt8_ws/install/autopartol_interfaces/include/autopartol_interfaces/autopartol_interfaces/srv/detail/speech_text__functions.h
[1.818s] -- Up-to-date: /home/hzh/ros2_learn/chapt8/chapt8_ws/install/autopartol_interfaces/include/autopartol_interfaces/autopartol_interfaces/srv/detail/speech_text__type_support.h
[1.818s] -- Up-to-date: /home/hzh/ros2_learn/chapt8/chapt8_ws/install/autopartol_interfaces/include/autopartol_interfaces/autopartol_interfaces/srv/detail/speech_text__struct.h
[1.818s] -- Up-to-date: /home/hzh/ros2_learn/chapt8/chapt8_ws/install/autopartol_interfaces/include/autopartol_interfaces/autopartol_interfaces/msg
[1.818s] -- Up-to-date: /home/hzh/ros2_learn/chapt8/chapt8_ws/install/autopartol_interfaces/include/autopartol_interfaces/autopartol_interfaces/msg/rosidl_generator_c__visibility_control.h
[1.818s] -- Up-to-date: /home/hzh/ros2_learn/chapt8/chapt8_ws/install/autopartol_interfaces/share/autopartol_interfaces/environment/library_path.sh
[1.819s] -- Up-to-date: /home/hzh/ros2_learn/chapt8/chapt8_ws/install/autopartol_interfaces/share/autopartol_interfaces/environment/library_path.dsv
[1.819s] -- Up-to-date: /home/hzh/ros2_learn/chapt8/chapt8_ws/install/autopartol_interfaces/lib/libautopartol_interfaces__rosidl_generator_c.so
[1.819s] -- Up-to-date: /home/hzh/ros2_learn/chapt8/chapt8_ws/install/autopartol_interfaces/include/autopartol_interfaces/autopartol_interfaces
[1.819s] -- Up-to-date: /home/hzh/ros2_learn/chapt8/chapt8_ws/install/autopartol_interfaces/include/autopartol_interfaces/autopartol_interfaces/srv
[1.820s] -- Up-to-date: /home/hzh/ros2_learn/chapt8/chapt8_ws/install/autopartol_interfaces/include/autopartol_interfaces/autopartol_interfaces/srv/detail
[1.820s] -- Up-to-date: /home/hzh/ros2_learn/chapt8/chapt8_ws/install/autopartol_interfaces/include/autopartol_interfaces/autopartol_interfaces/srv/detail/speech_text__rosidl_typesupport_fastrtps_c.h
[1.820s] -- Up-to-date: /home/hzh/ros2_learn/chapt8/chapt8_ws/install/autopartol_interfaces/include/autopartol_interfaces/autopartol_interfaces/msg
[1.820s] -- Up-to-date: /home/hzh/ros2_learn/chapt8/chapt8_ws/install/autopartol_interfaces/include/autopartol_interfaces/autopartol_interfaces/msg/rosidl_typesupport_fastrtps_c__visibility_control.h
[1.820s] -- Up-to-date: /home/hzh/ros2_learn/chapt8/chapt8_ws/install/autopartol_interfaces/lib/libautopartol_interfaces__rosidl_typesupport_fastrtps_c.so
[1.822s] -- Up-to-date: /home/hzh/ros2_learn/chapt8/chapt8_ws/install/autopartol_interfaces/include/autopartol_interfaces/autopartol_interfaces
[1.822s] -- Up-to-date: /home/hzh/ros2_learn/chapt8/chapt8_ws/install/autopartol_interfaces/include/autopartol_interfaces/autopartol_interfaces/srv
[1.822s] -- Up-to-date: /home/hzh/ros2_learn/chapt8/chapt8_ws/install/autopartol_interfaces/include/autopartol_interfaces/autopartol_interfaces/srv/detail
[1.822s] -- Up-to-date: /home/hzh/ros2_learn/chapt8/chapt8_ws/install/autopartol_interfaces/include/autopartol_interfaces/autopartol_interfaces/srv/detail/speech_text__type_support.c
[1.822s] -- Up-to-date: /home/hzh/ros2_learn/chapt8/chapt8_ws/install/autopartol_interfaces/include/autopartol_interfaces/autopartol_interfaces/srv/detail/speech_text__rosidl_typesupport_introspection_c.h
[1.822s] -- Up-to-date: /home/hzh/ros2_learn/chapt8/chapt8_ws/install/autopartol_interfaces/include/autopartol_interfaces/autopartol_interfaces/msg
[1.823s] -- Up-to-date: /home/hzh/ros2_learn/chapt8/chapt8_ws/install/autopartol_interfaces/include/autopartol_interfaces/autopartol_interfaces/msg/rosidl_typesupport_introspection_c__visibility_control.h
[1.823s] -- Up-to-date: /home/hzh/ros2_learn/chapt8/chapt8_ws/install/autopartol_interfaces/lib/libautopartol_interfaces__rosidl_typesupport_introspection_c.so
[1.823s] -- Up-to-date: /home/hzh/ros2_learn/chapt8/chapt8_ws/install/autopartol_interfaces/lib/libautopartol_interfaces__rosidl_typesupport_c.so
[1.823s] -- Up-to-date: /home/hzh/ros2_learn/chapt8/chapt8_ws/install/autopartol_interfaces/include/autopartol_interfaces/autopartol_interfaces
[1.823s] -- Up-to-date: /home/hzh/ros2_learn/chapt8/chapt8_ws/install/autopartol_interfaces/include/autopartol_interfaces/autopartol_interfaces/srv
[1.823s] -- Up-to-date: /home/hzh/ros2_learn/chapt8/chapt8_ws/install/autopartol_interfaces/include/autopartol_interfaces/autopartol_interfaces/srv/detail
[1.824s] -- Up-to-date: /home/hzh/ros2_learn/chapt8/chapt8_ws/install/autopartol_interfaces/include/autopartol_interfaces/autopartol_interfaces/srv/detail/speech_text__type_support.hpp
[1.824s] -- Up-to-date: /home/hzh/ros2_learn/chapt8/chapt8_ws/install/autopartol_interfaces/include/autopartol_interfaces/autopartol_interfaces/srv/detail/speech_text__traits.hpp
[1.825s] -- Up-to-date: /home/hzh/ros2_learn/chapt8/chapt8_ws/install/autopartol_interfaces/include/autopartol_interfaces/autopartol_interfaces/srv/detail/speech_text__builder.hpp
[1.825s] -- Up-to-date: /home/hzh/ros2_learn/chapt8/chapt8_ws/install/autopartol_interfaces/include/autopartol_interfaces/autopartol_interfaces/srv/detail/speech_text__struct.hpp
[1.826s] -- Up-to-date: /home/hzh/ros2_learn/chapt8/chapt8_ws/install/autopartol_interfaces/include/autopartol_interfaces/autopartol_interfaces/srv/speech_text.hpp
[1.826s] -- Up-to-date: /home/hzh/ros2_learn/chapt8/chapt8_ws/install/autopartol_interfaces/include/autopartol_interfaces/autopartol_interfaces/msg
[1.827s] -- Up-to-date: /home/hzh/ros2_learn/chapt8/chapt8_ws/install/autopartol_interfaces/include/autopartol_interfaces/autopartol_interfaces/msg/rosidl_generator_cpp__visibility_control.hpp
[1.828s] -- Up-to-date: /home/hzh/ros2_learn/chapt8/chapt8_ws/install/autopartol_interfaces/include/autopartol_interfaces/autopartol_interfaces
[1.828s] -- Up-to-date: /home/hzh/ros2_learn/chapt8/chapt8_ws/install/autopartol_interfaces/include/autopartol_interfaces/autopartol_interfaces/srv
[1.828s] -- Up-to-date: /home/hzh/ros2_learn/chapt8/chapt8_ws/install/autopartol_interfaces/include/autopartol_interfaces/autopartol_interfaces/srv/detail
[1.828s] -- Up-to-date: /home/hzh/ros2_learn/chapt8/chapt8_ws/install/autopartol_interfaces/include/autopartol_interfaces/autopartol_interfaces/srv/detail/dds_fastrtps
[1.828s] -- Up-to-date: /home/hzh/ros2_learn/chapt8/chapt8_ws/install/autopartol_interfaces/include/autopartol_interfaces/autopartol_interfaces/srv/detail/speech_text__rosidl_typesupport_fastrtps_cpp.hpp
[1.828s] -- Up-to-date: /home/hzh/ros2_learn/chapt8/chapt8_ws/install/autopartol_interfaces/include/autopartol_interfaces/autopartol_interfaces/msg
[1.828s] -- Up-to-date: /home/hzh/ros2_learn/chapt8/chapt8_ws/install/autopartol_interfaces/include/autopartol_interfaces/autopartol_interfaces/msg/rosidl_typesupport_fastrtps_cpp__visibility_control.h
[1.828s] -- Up-to-date: /home/hzh/ros2_learn/chapt8/chapt8_ws/install/autopartol_interfaces/lib/libautopartol_interfaces__rosidl_typesupport_fastrtps_cpp.so
[1.829s] -- Up-to-date: /home/hzh/ros2_learn/chapt8/chapt8_ws/install/autopartol_interfaces/include/autopartol_interfaces/autopartol_interfaces
[1.829s] -- Up-to-date: /home/hzh/ros2_learn/chapt8/chapt8_ws/install/autopartol_interfaces/include/autopartol_interfaces/autopartol_interfaces/srv
[1.831s] -- Up-to-date: /home/hzh/ros2_learn/chapt8/chapt8_ws/install/autopartol_interfaces/include/autopartol_interfaces/autopartol_interfaces/srv/detail
[1.833s] -- Up-to-date: /home/hzh/ros2_learn/chapt8/chapt8_ws/install/autopartol_interfaces/include/autopartol_interfaces/autopartol_interfaces/srv/detail/speech_text__type_support.cpp
[1.834s] -- Up-to-date: /home/hzh/ros2_learn/chapt8/chapt8_ws/install/autopartol_interfaces/include/autopartol_interfaces/autopartol_interfaces/srv/detail/speech_text__rosidl_typesupport_introspection_cpp.hpp
[1.835s] -- Up-to-date: /home/hzh/ros2_learn/chapt8/chapt8_ws/install/autopartol_interfaces/lib/libautopartol_interfaces__rosidl_typesupport_introspection_cpp.so
[1.835s] -- Up-to-date: /home/hzh/ros2_learn/chapt8/chapt8_ws/install/autopartol_interfaces/lib/libautopartol_interfaces__rosidl_typesupport_cpp.so
[1.835s] -- Up-to-date: /home/hzh/ros2_learn/chapt8/chapt8_ws/install/autopartol_interfaces/share/autopartol_interfaces/environment/pythonpath.sh
[1.836s] -- Up-to-date: /home/hzh/ros2_learn/chapt8/chapt8_ws/install/autopartol_interfaces/share/autopartol_interfaces/environment/pythonpath.dsv
[1.836s] -- Up-to-date: /home/hzh/ros2_learn/chapt8/chapt8_ws/install/autopartol_interfaces/local/lib/python3.10/dist-packages/autopartol_interfaces-0.0.0-py3.10.egg-info
[1.837s] -- Installing: /home/hzh/ros2_learn/chapt8/chapt8_ws/install/autopartol_interfaces/local/lib/python3.10/dist-packages/autopartol_interfaces-0.0.0-py3.10.egg-info/dependency_links.txt
[1.837s] -- Installing: /home/hzh/ros2_learn/chapt8/chapt8_ws/install/autopartol_interfaces/local/lib/python3.10/dist-packages/autopartol_interfaces-0.0.0-py3.10.egg-info/SOURCES.txt
[1.837s] -- Installing: /home/hzh/ros2_learn/chapt8/chapt8_ws/install/autopartol_interfaces/local/lib/python3.10/dist-packages/autopartol_interfaces-0.0.0-py3.10.egg-info/top_level.txt
[1.837s] -- Installing: /home/hzh/ros2_learn/chapt8/chapt8_ws/install/autopartol_interfaces/local/lib/python3.10/dist-packages/autopartol_interfaces-0.0.0-py3.10.egg-info/PKG-INFO
[1.838s] -- Up-to-date: /home/hzh/ros2_learn/chapt8/chapt8_ws/install/autopartol_interfaces/local/lib/python3.10/dist-packages/autopartol_interfaces
[1.842s] -- Up-to-date: /home/hzh/ros2_learn/chapt8/chapt8_ws/install/autopartol_interfaces/local/lib/python3.10/dist-packages/autopartol_interfaces/libautopartol_interfaces__rosidl_generator_py.so
[1.842s] -- Up-to-date: /home/hzh/ros2_learn/chapt8/chapt8_ws/install/autopartol_interfaces/local/lib/python3.10/dist-packages/autopartol_interfaces/_autopartol_interfaces_s.ep.rosidl_typesupport_introspection_c.c
[1.842s] -- Up-to-date: /home/hzh/ros2_learn/chapt8/chapt8_ws/install/autopartol_interfaces/local/lib/python3.10/dist-packages/autopartol_interfaces/_autopartol_interfaces_s.ep.rosidl_typesupport_fastrtps_c.c
[1.848s] -- Up-to-date: /home/hzh/ros2_learn/chapt8/chapt8_ws/install/autopartol_interfaces/local/lib/python3.10/dist-packages/autopartol_interfaces/__init__.py
[1.848s] -- Up-to-date: /home/hzh/ros2_learn/chapt8/chapt8_ws/install/autopartol_interfaces/local/lib/python3.10/dist-packages/autopartol_interfaces/autopartol_interfaces_s__rosidl_typesupport_fastrtps_c.cpython-310-x86_64-linux-gnu.so
[1.848s] -- Up-to-date: /home/hzh/ros2_learn/chapt8/chapt8_ws/install/autopartol_interfaces/local/lib/python3.10/dist-packages/autopartol_interfaces/autopartol_interfaces_s__rosidl_typesupport_c.cpython-310-x86_64-linux-gnu.so
[1.849s] -- Up-to-date: /home/hzh/ros2_learn/chapt8/chapt8_ws/install/autopartol_interfaces/local/lib/python3.10/dist-packages/autopartol_interfaces/_autopartol_interfaces_s.ep.rosidl_typesupport_c.c
[1.849s] -- Up-to-date: /home/hzh/ros2_learn/chapt8/chapt8_ws/install/autopartol_interfaces/local/lib/python3.10/dist-packages/autopartol_interfaces/autopartol_interfaces_s__rosidl_typesupport_introspection_c.cpython-310-x86_64-linux-gnu.so
[1.849s] -- Up-to-date: /home/hzh/ros2_learn/chapt8/chapt8_ws/install/autopartol_interfaces/local/lib/python3.10/dist-packages/autopartol_interfaces/srv
[1.850s] -- Up-to-date: /home/hzh/ros2_learn/chapt8/chapt8_ws/install/autopartol_interfaces/local/lib/python3.10/dist-packages/autopartol_interfaces/srv/_speech_text_s.c
[1.850s] -- Up-to-date: /home/hzh/ros2_learn/chapt8/chapt8_ws/install/autopartol_interfaces/local/lib/python3.10/dist-packages/autopartol_interfaces/srv/__init__.py
[1.850s] -- Up-to-date: /home/hzh/ros2_learn/chapt8/chapt8_ws/install/autopartol_interfaces/local/lib/python3.10/dist-packages/autopartol_interfaces/srv/_speech_text.py
[1.954s] Listing '/home/hzh/ros2_learn/chapt8/chapt8_ws/install/autopartol_interfaces/local/lib/python3.10/dist-packages/autopartol_interfaces'...
[1.954s] Listing '/home/hzh/ros2_learn/chapt8/chapt8_ws/install/autopartol_interfaces/local/lib/python3.10/dist-packages/autopartol_interfaces/srv'...
[1.983s] -- Up-to-date: /home/hzh/ros2_learn/chapt8/chapt8_ws/install/autopartol_interfaces/local/lib/python3.10/dist-packages/autopartol_interfaces/autopartol_interfaces_s__rosidl_typesupport_fastrtps_c.cpython-310-x86_64-linux-gnu.so
[1.984s] -- Up-to-date: /home/hzh/ros2_learn/chapt8/chapt8_ws/install/autopartol_interfaces/local/lib/python3.10/dist-packages/autopartol_interfaces/autopartol_interfaces_s__rosidl_typesupport_introspection_c.cpython-310-x86_64-linux-gnu.so
[1.984s] -- Up-to-date: /home/hzh/ros2_learn/chapt8/chapt8_ws/install/autopartol_interfaces/local/lib/python3.10/dist-packages/autopartol_interfaces/autopartol_interfaces_s__rosidl_typesupport_c.cpython-310-x86_64-linux-gnu.so
[1.984s] -- Up-to-date: /home/hzh/ros2_learn/chapt8/chapt8_ws/install/autopartol_interfaces/lib/libautopartol_interfaces__rosidl_generator_py.so
[1.984s] -- Up-to-date: /home/hzh/ros2_learn/chapt8/chapt8_ws/install/autopartol_interfaces/share/ament_index/resource_index/rust_packages/autopartol_interfaces
[1.984s] -- Up-to-date: /home/hzh/ros2_learn/chapt8/chapt8_ws/install/autopartol_interfaces/share/autopartol_interfaces/rust
[1.984s] -- Up-to-date: /home/hzh/ros2_learn/chapt8/chapt8_ws/install/autopartol_interfaces/share/autopartol_interfaces/rust/Cargo.toml
[1.984s] -- Up-to-date: /home/hzh/ros2_learn/chapt8/chapt8_ws/install/autopartol_interfaces/share/autopartol_interfaces/rust/build.rs
[1.984s] -- Up-to-date: /home/hzh/ros2_learn/chapt8/chapt8_ws/install/autopartol_interfaces/share/autopartol_interfaces/rust/src
[1.992s] -- Up-to-date: /home/hzh/ros2_learn/chapt8/chapt8_ws/install/autopartol_interfaces/share/autopartol_interfaces/rust/src/lib.rs
[1.992s] -- Up-to-date: /home/hzh/ros2_learn/chapt8/chapt8_ws/install/autopartol_interfaces/share/autopartol_interfaces/rust/src/srv.rs
[1.994s] -- Up-to-date: /home/hzh/ros2_learn/chapt8/chapt8_ws/install/autopartol_interfaces/share/autopartol_interfaces/rust/src/srv
[1.995s] -- Up-to-date: /home/hzh/ros2_learn/chapt8/chapt8_ws/install/autopartol_interfaces/share/autopartol_interfaces/rust/src/srv/rmw.rs
[1.995s] -- Up-to-date: /home/hzh/ros2_learn/chapt8/chapt8_ws/install/autopartol_interfaces/share/autopartol_interfaces/srv/SpeechText.idl
[1.996s] -- Up-to-date: /home/hzh/ros2_learn/chapt8/chapt8_ws/install/autopartol_interfaces/share/autopartol_interfaces/srv/SpeechText.srv
[1.996s] -- Up-to-date: /home/hzh/ros2_learn/chapt8/chapt8_ws/install/autopartol_interfaces/share/autopartol_interfaces/srv/SpeechText_Request.msg
[1.996s] -- Up-to-date: /home/hzh/ros2_learn/chapt8/chapt8_ws/install/autopartol_interfaces/share/autopartol_interfaces/srv/SpeechText_Response.msg
[1.996s] -- Up-to-date: /home/hzh/ros2_learn/chapt8/chapt8_ws/install/autopartol_interfaces/share/ament_index/resource_index/package_run_dependencies/autopartol_interfaces
[1.996s] -- Up-to-date: /home/hzh/ros2_learn/chapt8/chapt8_ws/install/autopartol_interfaces/share/ament_index/resource_index/parent_prefix_path/autopartol_interfaces
[1.996s] -- Up-to-date: /home/hzh/ros2_learn/chapt8/chapt8_ws/install/autopartol_interfaces/share/autopartol_interfaces/environment/ament_prefix_path.sh
[1.996s] -- Up-to-date: /home/hzh/ros2_learn/chapt8/chapt8_ws/install/autopartol_interfaces/share/autopartol_interfaces/environment/ament_prefix_path.dsv
[1.997s] -- Up-to-date: /home/hzh/ros2_learn/chapt8/chapt8_ws/install/autopartol_interfaces/share/autopartol_interfaces/environment/path.sh
[1.997s] -- Up-to-date: /home/hzh/ros2_learn/chapt8/chapt8_ws/install/autopartol_interfaces/share/autopartol_interfaces/environment/path.dsv
[1.997s] -- Up-to-date: /home/hzh/ros2_learn/chapt8/chapt8_ws/install/autopartol_interfaces/share/autopartol_interfaces/local_setup.bash
[1.997s] -- Up-to-date: /home/hzh/ros2_learn/chapt8/chapt8_ws/install/autopartol_interfaces/share/autopartol_interfaces/local_setup.sh
[1.997s] -- Up-to-date: /home/hzh/ros2_learn/chapt8/chapt8_ws/install/autopartol_interfaces/share/autopartol_interfaces/local_setup.zsh
[1.997s] -- Up-to-date: /home/hzh/ros2_learn/chapt8/chapt8_ws/install/autopartol_interfaces/share/autopartol_interfaces/local_setup.dsv
[1.997s] -- Installing: /home/hzh/ros2_learn/chapt8/chapt8_ws/install/autopartol_interfaces/share/autopartol_interfaces/package.dsv
[1.997s] -- Up-to-date: /home/hzh/ros2_learn/chapt8/chapt8_ws/install/autopartol_interfaces/share/ament_index/resource_index/packages/autopartol_interfaces
[1.997s] -- Up-to-date: /home/hzh/ros2_learn/chapt8/chapt8_ws/install/autopartol_interfaces/share/autopartol_interfaces/cmake/export_autopartol_interfaces__rosidl_generator_cExport.cmake
[1.997s] -- Up-to-date: /home/hzh/ros2_learn/chapt8/chapt8_ws/install/autopartol_interfaces/share/autopartol_interfaces/cmake/export_autopartol_interfaces__rosidl_generator_cExport-noconfig.cmake
[1.997s] -- Up-to-date: /home/hzh/ros2_learn/chapt8/chapt8_ws/install/autopartol_interfaces/share/autopartol_interfaces/cmake/export_autopartol_interfaces__rosidl_typesupport_fastrtps_cExport.cmake
[1.997s] -- Up-to-date: /home/hzh/ros2_learn/chapt8/chapt8_ws/install/autopartol_interfaces/share/autopartol_interfaces/cmake/export_autopartol_interfaces__rosidl_typesupport_fastrtps_cExport-noconfig.cmake
[1.997s] -- Up-to-date: /home/hzh/ros2_learn/chapt8/chapt8_ws/install/autopartol_interfaces/share/autopartol_interfaces/cmake/autopartol_interfaces__rosidl_typesupport_introspection_cExport.cmake
[1.997s] -- Up-to-date: /home/hzh/ros2_learn/chapt8/chapt8_ws/install/autopartol_interfaces/share/autopartol_interfaces/cmake/autopartol_interfaces__rosidl_typesupport_introspection_cExport-noconfig.cmake
[2.002s] -- Up-to-date: /home/hzh/ros2_learn/chapt8/chapt8_ws/install/autopartol_interfaces/share/autopartol_interfaces/cmake/autopartol_interfaces__rosidl_typesupport_cExport.cmake
[2.003s] -- Up-to-date: /home/hzh/ros2_learn/chapt8/chapt8_ws/install/autopartol_interfaces/share/autopartol_interfaces/cmake/autopartol_interfaces__rosidl_typesupport_cExport-noconfig.cmake
[2.003s] -- Up-to-date: /home/hzh/ros2_learn/chapt8/chapt8_ws/install/autopartol_interfaces/share/autopartol_interfaces/cmake/export_autopartol_interfaces__rosidl_generator_cppExport.cmake
[2.003s] -- Up-to-date: /home/hzh/ros2_learn/chapt8/chapt8_ws/install/autopartol_interfaces/share/autopartol_interfaces/cmake/export_autopartol_interfaces__rosidl_typesupport_fastrtps_cppExport.cmake
[2.003s] -- Up-to-date: /home/hzh/ros2_learn/chapt8/chapt8_ws/install/autopartol_interfaces/share/autopartol_interfaces/cmake/export_autopartol_interfaces__rosidl_typesupport_fastrtps_cppExport-noconfig.cmake
[2.003s] -- Up-to-date: /home/hzh/ros2_learn/chapt8/chapt8_ws/install/autopartol_interfaces/share/autopartol_interfaces/cmake/autopartol_interfaces__rosidl_typesupport_introspection_cppExport.cmake
[2.003s] -- Up-to-date: /home/hzh/ros2_learn/chapt8/chapt8_ws/install/autopartol_interfaces/share/autopartol_interfaces/cmake/autopartol_interfaces__rosidl_typesupport_introspection_cppExport-noconfig.cmake
[2.004s] -- Up-to-date: /home/hzh/ros2_learn/chapt8/chapt8_ws/install/autopartol_interfaces/share/autopartol_interfaces/cmake/autopartol_interfaces__rosidl_typesupport_cppExport.cmake
[2.004s] -- Up-to-date: /home/hzh/ros2_learn/chapt8/chapt8_ws/install/autopartol_interfaces/share/autopartol_interfaces/cmake/autopartol_interfaces__rosidl_typesupport_cppExport-noconfig.cmake
[2.004s] -- Up-to-date: /home/hzh/ros2_learn/chapt8/chapt8_ws/install/autopartol_interfaces/share/autopartol_interfaces/cmake/export_autopartol_interfaces__rosidl_generator_pyExport.cmake
[2.004s] -- Up-to-date: /home/hzh/ros2_learn/chapt8/chapt8_ws/install/autopartol_interfaces/share/autopartol_interfaces/cmake/export_autopartol_interfaces__rosidl_generator_pyExport-noconfig.cmake
[2.004s] -- Up-to-date: /home/hzh/ros2_learn/chapt8/chapt8_ws/install/autopartol_interfaces/share/autopartol_interfaces/cmake/rosidl_cmake-extras.cmake
[2.004s] -- Up-to-date: /home/hzh/ros2_learn/chapt8/chapt8_ws/install/autopartol_interfaces/share/autopartol_interfaces/cmake/ament_cmake_export_include_directories-extras.cmake
[2.004s] -- Up-to-date: /home/hzh/ros2_learn/chapt8/chapt8_ws/install/autopartol_interfaces/share/autopartol_interfaces/cmake/ament_cmake_export_libraries-extras.cmake
[2.004s] -- Up-to-date: /home/hzh/ros2_learn/chapt8/chapt8_ws/install/autopartol_interfaces/share/autopartol_interfaces/cmake/ament_cmake_export_targets-extras.cmake
[2.004s] -- Up-to-date: /home/hzh/ros2_learn/chapt8/chapt8_ws/install/autopartol_interfaces/share/autopartol_interfaces/cmake/rosidl_cmake_export_typesupport_targets-extras.cmake
[2.004s] -- Up-to-date: /home/hzh/ros2_learn/chapt8/chapt8_ws/install/autopartol_interfaces/share/autopartol_interfaces/cmake/ament_cmake_export_dependencies-extras.cmake
[2.004s] -- Up-to-date: /home/hzh/ros2_learn/chapt8/chapt8_ws/install/autopartol_interfaces/share/autopartol_interfaces/cmake/rosidl_cmake_export_typesupport_libraries-extras.cmake
[2.013s] -- Up-to-date: /home/hzh/ros2_learn/chapt8/chapt8_ws/install/autopartol_interfaces/share/autopartol_interfaces/cmake/autopartol_interfacesConfig.cmake
[2.013s] -- Up-to-date: /home/hzh/ros2_learn/chapt8/chapt8_ws/install/autopartol_interfaces/share/autopartol_interfaces/cmake/autopartol_interfacesConfig-version.cmake
[2.013s] -- Up-to-date: /home/hzh/ros2_learn/chapt8/chapt8_ws/install/autopartol_interfaces/share/autopartol_interfaces/package.xml
[2.019s] Invoked command in '/home/hzh/ros2_learn/chapt8/chapt8_ws/build/autopartol_interfaces' returned '0': CMAKE_PREFIX_PATH=${CMAKE_PREFIX_PATH}:/home/hzh/ros2_learn/chapt8/chapt8_ws/install/fishbot_application:/home/hzh/ros2_learn/chapt8/chapt8_ws/install/autopartol_robot:/opt/ros/humble /usr/bin/cmake --install /home/hzh/ros2_learn/chapt8/chapt8_ws/build/autopartol_interfaces
