[0.022s] Invoking command in '/home/hzh/ros2_learn/chapt4/chapt4_ws/build/chapt4_interfaces': CMAKE_PREFIX_PATH=/opt/ros/humble /usr/bin/cmake /home/hzh/ros2_learn/chapt4/chapt4_ws/src/chapt4_interfaces -DCMAKE_INSTALL_PREFIX=/home/hzh/ros2_learn/chapt4/chapt4_ws/install/chapt4_interfaces
[0.133s] -- The C compiler identification is GNU 11.4.0
[0.225s] -- The CXX compiler identification is GNU 11.4.0
[0.243s] -- Detecting C compiler ABI info
[0.456s] -- Detecting C compiler ABI info - done
[0.473s] -- Check for working C compiler: /usr/bin/cc - skipped
[0.473s] -- Detecting C compile features
[0.473s] -- Detecting C compile features - done
[0.489s] -- Detecting CXX compiler ABI info
[0.667s] -- Detecting CXX compiler ABI info - done
[0.676s] -- Check for working CXX compiler: /usr/bin/c++ - skipped
[0.676s] -- Detecting CXX compile features
[0.677s] -- Detecting CXX compile features - done
[0.682s] -- Found ament_cmake: 1.3.14 (/opt/ros/humble/share/ament_cmake/cmake)
[0.903s] -- Found Python3: /usr/bin/python3 (found version "3.10.12") found components: Interpreter 
[1.028s] -- Found sensor_msgs: 4.9.1 (/opt/ros/humble/share/sensor_msgs/cmake)
[1.070s] -- Found rosidl_generator_c: 3.1.8 (/opt/ros/humble/share/rosidl_generator_c/cmake)
[1.077s] -- Found rosidl_adapter: 3.1.8 (/opt/ros/humble/share/rosidl_adapter/cmake)
[1.088s] -- Found rosidl_generator_cpp: 3.1.8 (/opt/ros/humble/share/rosidl_generator_cpp/cmake)
[1.102s] -- Using all available rosidl_typesupport_c: rosidl_typesupport_fastrtps_c;rosidl_typesupport_introspection_c
[1.122s] -- Using all available rosidl_typesupport_cpp: rosidl_typesupport_fastrtps_cpp;rosidl_typesupport_introspection_cpp
[1.239s] -- Configuring incomplete, errors occurred!
[1.239s] See also "/home/hzh/ros2_learn/chapt4/chapt4_ws/build/chapt4_interfaces/CMakeFiles/CMakeOutput.log".
[1.241s] [31mCMake Error at CMakeLists.txt:11 (find_package):
[1.241s]   By not providing "Findrosidl__default_generators.cmake" in
[1.241s]   CMAKE_MODULE_PATH this project has asked CMake to find a package
[1.241s]   configuration file provided by "rosidl__default_generators", but CMake did
[1.241s]   not find one.
[1.241s] 
[1.241s]   Could not find a package configuration file provided by
[1.241s]   "rosidl__default_generators" with any of the following names:
[1.241s] 
[1.241s]     rosidl__default_generatorsConfig.cmake
[1.241s]     rosidl__default_generators-config.cmake
[1.242s] 
[1.242s]   Add the installation prefix of "rosidl__default_generators" to
[1.242s]   CMAKE_PREFIX_PATH or set "rosidl__default_generators_DIR" to a directory
[1.242s]   containing one of the above files.  If "rosidl__default_generators"
[1.242s]   provides a separate development package or SDK, be sure it has been
[1.242s]   installed.
[1.242s] 
[1.242s] [0m
[1.250s] Invoked command in '/home/hzh/ros2_learn/chapt4/chapt4_ws/build/chapt4_interfaces' returned '1': CMAKE_PREFIX_PATH=/opt/ros/humble /usr/bin/cmake /home/hzh/ros2_learn/chapt4/chapt4_ws/src/chapt4_interfaces -DCMAKE_INSTALL_PREFIX=/home/hzh/ros2_learn/chapt4/chapt4_ws/install/chapt4_interfaces
