[0.039s] Invoking command in '/home/hzh/ros2_learn/chapt5/chapt5_ws/build/demo_cpp_tf': CMAKE_PREFIX_PATH=${CMAKE_PREFIX_PATH}:/home/hzh/ros2_learn/chapt5/chapt5_ws/install/demo_python_tf:/opt/ros/humble /usr/bin/cmake --build /home/hzh/ros2_learn/chapt5/chapt5_ws/build/demo_cpp_tf -- -j4 -l4
[0.189s] [35m[1mConsolidate compiler generated dependencies of target tf_listener[0m
[0.294s] [ 33%] Built target dynamic_tf_broadcaster
[0.297s] [ 66%] Built target static_tf_broadcaster
[0.301s] [ 83%] [32mBuilding CXX object CMakeFiles/tf_listener.dir/src/tf_listener.cpp.o[0m
[16.492s] [100%] [32m[1mLinking CXX executable tf_listener[0m
[17.336s] [100%] Built target tf_listener
[17.365s] Invoked command in '/home/hzh/ros2_learn/chapt5/chapt5_ws/build/demo_cpp_tf' returned '0': CMAKE_PREFIX_PATH=${CMAKE_PREFIX_PATH}:/home/hzh/ros2_learn/chapt5/chapt5_ws/install/demo_python_tf:/opt/ros/humble /usr/bin/cmake --build /home/hzh/ros2_learn/chapt5/chapt5_ws/build/demo_cpp_tf -- -j4 -l4
[17.390s] Invoking command in '/home/hzh/ros2_learn/chapt5/chapt5_ws/build/demo_cpp_tf': CMAKE_PREFIX_PATH=${CMAKE_PREFIX_PATH}:/home/hzh/ros2_learn/chapt5/chapt5_ws/install/demo_python_tf:/opt/ros/humble /usr/bin/cmake --install /home/hzh/ros2_learn/chapt5/chapt5_ws/build/demo_cpp_tf
[17.402s] -- Install configuration: ""
[17.402s] -- Up-to-date: /home/hzh/ros2_learn/chapt5/chapt5_ws/install/demo_cpp_tf/lib/demo_cpp_tf/static_tf_broadcaster
[17.403s] -- Installing: /home/hzh/ros2_learn/chapt5/chapt5_ws/install/demo_cpp_tf/lib/demo_cpp_tf/dynamic_tf_broadcaster
[17.404s] -- Set runtime path of "/home/hzh/ros2_learn/chapt5/chapt5_ws/install/demo_cpp_tf/lib/demo_cpp_tf/dynamic_tf_broadcaster" to ""
[17.405s] -- Installing: /home/hzh/ros2_learn/chapt5/chapt5_ws/install/demo_cpp_tf/lib/demo_cpp_tf/tf_listener
[17.411s] -- Set runtime path of "/home/hzh/ros2_learn/chapt5/chapt5_ws/install/demo_cpp_tf/lib/demo_cpp_tf/tf_listener" to ""
[17.412s] -- Up-to-date: /home/hzh/ros2_learn/chapt5/chapt5_ws/install/demo_cpp_tf/share/ament_index/resource_index/package_run_dependencies/demo_cpp_tf
[17.412s] -- Up-to-date: /home/hzh/ros2_learn/chapt5/chapt5_ws/install/demo_cpp_tf/share/ament_index/resource_index/parent_prefix_path/demo_cpp_tf
[17.412s] -- Up-to-date: /home/hzh/ros2_learn/chapt5/chapt5_ws/install/demo_cpp_tf/share/demo_cpp_tf/environment/ament_prefix_path.sh
[17.412s] -- Installing: /home/hzh/ros2_learn/chapt5/chapt5_ws/install/demo_cpp_tf/share/demo_cpp_tf/environment/ament_prefix_path.dsv
[17.413s] -- Up-to-date: /home/hzh/ros2_learn/chapt5/chapt5_ws/install/demo_cpp_tf/share/demo_cpp_tf/environment/path.sh
[17.414s] -- Installing: /home/hzh/ros2_learn/chapt5/chapt5_ws/install/demo_cpp_tf/share/demo_cpp_tf/environment/path.dsv
[17.414s] -- Up-to-date: /home/hzh/ros2_learn/chapt5/chapt5_ws/install/demo_cpp_tf/share/demo_cpp_tf/local_setup.bash
[17.415s] -- Up-to-date: /home/hzh/ros2_learn/chapt5/chapt5_ws/install/demo_cpp_tf/share/demo_cpp_tf/local_setup.sh
[17.415s] -- Up-to-date: /home/hzh/ros2_learn/chapt5/chapt5_ws/install/demo_cpp_tf/share/demo_cpp_tf/local_setup.zsh
[17.417s] -- Installing: /home/hzh/ros2_learn/chapt5/chapt5_ws/install/demo_cpp_tf/share/demo_cpp_tf/local_setup.dsv
[17.418s] -- Installing: /home/hzh/ros2_learn/chapt5/chapt5_ws/install/demo_cpp_tf/share/demo_cpp_tf/package.dsv
[17.418s] -- Up-to-date: /home/hzh/ros2_learn/chapt5/chapt5_ws/install/demo_cpp_tf/share/ament_index/resource_index/packages/demo_cpp_tf
[17.418s] -- Up-to-date: /home/hzh/ros2_learn/chapt5/chapt5_ws/install/demo_cpp_tf/share/demo_cpp_tf/cmake/demo_cpp_tfConfig.cmake
[17.418s] -- Up-to-date: /home/hzh/ros2_learn/chapt5/chapt5_ws/install/demo_cpp_tf/share/demo_cpp_tf/cmake/demo_cpp_tfConfig-version.cmake
[17.418s] -- Up-to-date: /home/hzh/ros2_learn/chapt5/chapt5_ws/install/demo_cpp_tf/share/demo_cpp_tf/package.xml
[17.425s] Invoked command in '/home/hzh/ros2_learn/chapt5/chapt5_ws/build/demo_cpp_tf' returned '0': CMAKE_PREFIX_PATH=${CMAKE_PREFIX_PATH}:/home/hzh/ros2_learn/chapt5/chapt5_ws/install/demo_python_tf:/opt/ros/humble /usr/bin/cmake --install /home/hzh/ros2_learn/chapt5/chapt5_ws/build/demo_cpp_tf
