[1.996s] Invoking command in '/home/hzh/ros2_learn/chapt7/chapt7_ws/src/autopartol_robot': PYTHONPATH=/home/hzh/ros2_learn/chapt7/chapt7_ws/build/autopartol_robot/prefix_override:/usr/lib/python3/dist-packages/colcon_core/task/python/colcon_distutils_commands:/home/hzh/ros2_learn/chapt7/chapt7_ws/install/autopartol_robot/lib/python3.10/site-packages:${PYTHONPATH} /usr/bin/python3 -W ignore:setup.py install is deprecated -W ignore:easy_install command is deprecated setup.py egg_info --egg-base ../../build/autopartol_robot build --build-base /home/hzh/ros2_learn/chapt7/chapt7_ws/build/autopartol_robot/build install --record /home/hzh/ros2_learn/chapt7/chapt7_ws/build/autopartol_robot/install.log --single-version-externally-managed install_data
[2.655s] running egg_info
[2.659s] writing ../../build/autopartol_robot/autopartol_robot.egg-info/PKG-INFO
[2.660s] writing dependency_links to ../../build/autopartol_robot/autopartol_robot.egg-info/dependency_links.txt
[2.660s] writing entry points to ../../build/autopartol_robot/autopartol_robot.egg-info/entry_points.txt
[2.662s] writing requirements to ../../build/autopartol_robot/autopartol_robot.egg-info/requires.txt
[2.664s] writing top-level names to ../../build/autopartol_robot/autopartol_robot.egg-info/top_level.txt
[2.668s] reading manifest file '../../build/autopartol_robot/autopartol_robot.egg-info/SOURCES.txt'
[2.668s] writing manifest file '../../build/autopartol_robot/autopartol_robot.egg-info/SOURCES.txt'
[2.669s] running build
[2.669s] running build_py
[2.674s] running install
[2.674s] running install_lib
[2.674s] running install_data
[2.674s] copying config/partol_config.yaml -> /home/hzh/ros2_learn/chapt7/chapt7_ws/install/autopartol_robot/share/autopartol_robot/config
[2.674s] running install_egg_info
[2.687s] removing '/home/hzh/ros2_learn/chapt7/chapt7_ws/install/autopartol_robot/lib/python3.10/site-packages/autopartol_robot-0.0.0-py3.10.egg-info' (and everything under it)
[2.691s] Copying ../../build/autopartol_robot/autopartol_robot.egg-info to /home/hzh/ros2_learn/chapt7/chapt7_ws/install/autopartol_robot/lib/python3.10/site-packages/autopartol_robot-0.0.0-py3.10.egg-info
[2.691s] running install_scripts
[2.737s] Installing partol_node script to /home/hzh/ros2_learn/chapt7/chapt7_ws/install/autopartol_robot/lib/autopartol_robot
[2.737s] writing list of installed files to '/home/hzh/ros2_learn/chapt7/chapt7_ws/build/autopartol_robot/install.log'
[2.835s] Invoked command in '/home/hzh/ros2_learn/chapt7/chapt7_ws/src/autopartol_robot' returned '0': PYTHONPATH=/home/hzh/ros2_learn/chapt7/chapt7_ws/build/autopartol_robot/prefix_override:/usr/lib/python3/dist-packages/colcon_core/task/python/colcon_distutils_commands:/home/hzh/ros2_learn/chapt7/chapt7_ws/install/autopartol_robot/lib/python3.10/site-packages:${PYTHONPATH} /usr/bin/python3 -W ignore:setup.py install is deprecated -W ignore:easy_install command is deprecated setup.py egg_info --egg-base ../../build/autopartol_robot build --build-base /home/hzh/ros2_learn/chapt7/chapt7_ws/build/autopartol_robot/build install --record /home/hzh/ros2_learn/chapt7/chapt7_ws/build/autopartol_robot/install.log --single-version-externally-managed install_data
