[0.033s] Invoking command in '/home/hzh/ros2_learn/chapt3/topic_ws/build/demo_cpp_topic': CMAKE_PREFIX_PATH=/opt/ros/humble /usr/bin/cmake /home/hzh/ros2_learn/chapt3/topic_ws/src/demo_cpp_topic -DCMAKE_INSTALL_PREFIX=/home/hzh/ros2_learn/chapt3/topic_ws/install/demo_cpp_topic
[0.054s] -- Found ament_cmake: 1.3.14 (/opt/ros/humble/share/ament_cmake/cmake)
[0.240s] -- Found rclcpp: 16.0.19 (/opt/ros/humble/share/rclcpp/cmake)
[0.279s] -- Found rosidl_generator_c: 3.1.8 (/opt/ros/humble/share/rosidl_generator_c/cmake)
[0.283s] -- Found rosidl_adapter: 3.1.8 (/opt/ros/humble/share/rosidl_adapter/cmake)
[0.289s] -- Found rosidl_generator_cpp: 3.1.8 (/opt/ros/humble/share/rosidl_generator_cpp/cmake)
[0.306s] -- Using all available rosidl_typesupport_c: rosidl_typesupport_fastrtps_c;rosidl_typesupport_introspection_c
[0.320s] -- Using all available rosidl_typesupport_cpp: rosidl_typesupport_fastrtps_cpp;rosidl_typesupport_introspection_cpp
[0.359s] -- Found rmw_implementation_cmake: 6.1.2 (/opt/ros/humble/share/rmw_implementation_cmake/cmake)
[0.360s] -- Found rmw_fastrtps_cpp: 6.2.10 (/opt/ros/humble/share/rmw_fastrtps_cpp/cmake)
[0.504s] -- Using RMW implementation 'rmw_fastrtps_cpp' as default
[0.567s] -- Found geometry_msgs: 4.9.1 (/opt/ros/humble/share/geometry_msgs/cmake)
[0.581s] -- Found turtlesim: 1.4.3 (/opt/ros/humble/share/turtlesim/cmake)
[0.625s] -- Found ament_lint_auto: 0.12.15 (/opt/ros/humble/share/ament_lint_auto/cmake)
[0.737s] -- Added test 'cppcheck' to perform static code analysis on C / C++ code
[0.737s] -- Configured cppcheck include dirs: 
[0.737s] -- Configured cppcheck exclude dirs and/or files: 
[0.740s] -- Added test 'lint_cmake' to check CMake code style
[0.744s] -- Added test 'uncrustify' to check C / C++ code style
[0.744s] -- Configured uncrustify additional arguments: 
[0.747s] -- Added test 'xmllint' to check XML markup files
[0.753s] -- Configuring done
[0.769s] -- Generating done
[0.774s] -- Build files have been written to: /home/hzh/ros2_learn/chapt3/topic_ws/build/demo_cpp_topic
[0.789s] Invoked command in '/home/hzh/ros2_learn/chapt3/topic_ws/build/demo_cpp_topic' returned '0': CMAKE_PREFIX_PATH=/opt/ros/humble /usr/bin/cmake /home/hzh/ros2_learn/chapt3/topic_ws/src/demo_cpp_topic -DCMAKE_INSTALL_PREFIX=/home/hzh/ros2_learn/chapt3/topic_ws/install/demo_cpp_topic
[0.790s] Invoking command in '/home/hzh/ros2_learn/chapt3/topic_ws/build/demo_cpp_topic': CMAKE_PREFIX_PATH=/opt/ros/humble /usr/bin/cmake --build /home/hzh/ros2_learn/chapt3/topic_ws/build/demo_cpp_topic -- -j4 -l4
[0.880s] [ 50%] [32mBuilding CXX object CMakeFiles/turtle_circle.dir/src/turtle_circle.cpp.o[0m
[4.233s] [01m[K/home/hzh/ros2_learn/chapt3/topic_ws/src/demo_cpp_topic/src/turtle_circle.cpp:15:5:[m[K [01;31m[Kerror: [m[Kexpected unqualified-id before ‘[01m[K{[m[K’ token
[4.233s]    15 |     [01;31m[K{[m[K
[4.233s]       |     [01;31m[K^[m[K
[4.234s] [01m[K/home/hzh/ros2_learn/chapt3/topic_ws/src/demo_cpp_topic/src/turtle_circle.cpp:[m[K In constructor ‘[01m[KTurtleCircleNode::TurtleCircleNode(const string&)[m[K’:
[4.234s] [01m[K/home/hzh/ros2_learn/chapt3/topic_ws/src/demo_cpp_topic/src/turtle_circle.cpp:14:76:[m[K [01;31m[Kerror: [m[Kexpected ‘[01m[K{[m[K’ at end of input
[4.234s]    14 |     explicit TurtleCircleNode(const std::string& node_name):Node(node_name)[01;31m[K;[m[K
[4.234s]       |                                                                            [01;31m[K^[m[K
[4.241s] [01m[K/home/hzh/ros2_learn/chapt3/topic_ws/src/demo_cpp_topic/src/turtle_circle.cpp:[m[K In member function ‘[01m[Kvoid TurtleCircleNode::timer_callback()[m[K’:
[4.241s] [01m[K/home/hzh/ros2_learn/chapt3/topic_ws/src/demo_cpp_topic/src/turtle_circle.cpp:26:9:[m[K [01;31m[Kerror: [m[K‘[01m[Kpublisher_[m[K’ was not declared in this scope; did you mean ‘[01m[Kpublic_[m[K’?
[4.241s]    26 |         [01;31m[Kpublisher_[m[K->publish(msg);
[4.241s]       |         [01;31m[K^~~~~~~~~~[m[K
[4.241s]       |         [32m[Kpublic_[m[K
[4.839s] gmake[2]: *** [CMakeFiles/turtle_circle.dir/build.make:76：CMakeFiles/turtle_circle.dir/src/turtle_circle.cpp.o] 错误 1
[4.840s] gmake[1]: *** [CMakeFiles/Makefile2:137：CMakeFiles/turtle_circle.dir/all] 错误 2
[4.841s] gmake: *** [Makefile:146：all] 错误 2
[4.845s] Invoked command in '/home/hzh/ros2_learn/chapt3/topic_ws/build/demo_cpp_topic' returned '2': CMAKE_PREFIX_PATH=/opt/ros/humble /usr/bin/cmake --build /home/hzh/ros2_learn/chapt3/topic_ws/build/demo_cpp_topic -- -j4 -l4
