[5.030s] Invoking command in '/home/hzh/ros2_learn/chapt7/chapt7_ws/src/autopartol_robot': PYTHONPATH=/home/hzh/ros2_learn/chapt7/chapt7_ws/build/autopartol_robot/prefix_override:/usr/lib/python3/dist-packages/colcon_core/task/python/colcon_distutils_commands:/home/hzh/ros2_learn/chapt7/chapt7_ws/install/autopartol_robot/lib/python3.10/site-packages:${PYTHONPATH} /usr/bin/python3 -W ignore:setup.py install is deprecated -W ignore:easy_install command is deprecated setup.py egg_info --egg-base ../../build/autopartol_robot build --build-base /home/hzh/ros2_learn/chapt7/chapt7_ws/build/autopartol_robot/build install --record /home/hzh/ros2_learn/chapt7/chapt7_ws/build/autopartol_robot/install.log --single-version-externally-managed install_data
[6.095s] running egg_info
[6.105s] writing ../../build/autopartol_robot/autopartol_robot.egg-info/PKG-INFO
[6.107s] writing dependency_links to ../../build/autopartol_robot/autopartol_robot.egg-info/dependency_links.txt
[6.108s] writing entry points to ../../build/autopartol_robot/autopartol_robot.egg-info/entry_points.txt
[6.116s] writing requirements to ../../build/autopartol_robot/autopartol_robot.egg-info/requires.txt
[6.116s] writing top-level names to ../../build/autopartol_robot/autopartol_robot.egg-info/top_level.txt
[6.117s] reading manifest file '../../build/autopartol_robot/autopartol_robot.egg-info/SOURCES.txt'
[6.129s] writing manifest file '../../build/autopartol_robot/autopartol_robot.egg-info/SOURCES.txt'
[6.134s] running build
[6.136s] running build_py
[6.136s] copying autopartol_robot/partol_node.py -> /home/hzh/ros2_learn/chapt7/chapt7_ws/build/autopartol_robot/build/lib/autopartol_robot
[6.136s] running install
[6.137s] running install_lib
[6.137s] copying /home/hzh/ros2_learn/chapt7/chapt7_ws/build/autopartol_robot/build/lib/autopartol_robot/partol_node.py -> /home/hzh/ros2_learn/chapt7/chapt7_ws/install/autopartol_robot/lib/python3.10/site-packages/autopartol_robot
[6.137s] byte-compiling /home/hzh/ros2_learn/chapt7/chapt7_ws/install/autopartol_robot/lib/python3.10/site-packages/autopartol_robot/partol_node.py to partol_node.cpython-310.pyc
[6.137s] running install_data
[6.137s] running install_egg_info
[6.140s] removing '/home/hzh/ros2_learn/chapt7/chapt7_ws/install/autopartol_robot/lib/python3.10/site-packages/autopartol_robot-0.0.0-py3.10.egg-info' (and everything under it)
[6.141s] Copying ../../build/autopartol_robot/autopartol_robot.egg-info to /home/hzh/ros2_learn/chapt7/chapt7_ws/install/autopartol_robot/lib/python3.10/site-packages/autopartol_robot-0.0.0-py3.10.egg-info
[6.150s] running install_scripts
[6.221s] Installing partol_node script to /home/hzh/ros2_learn/chapt7/chapt7_ws/install/autopartol_robot/lib/autopartol_robot
[6.221s] Installing speaker script to /home/hzh/ros2_learn/chapt7/chapt7_ws/install/autopartol_robot/lib/autopartol_robot
[6.226s] writing list of installed files to '/home/hzh/ros2_learn/chapt7/chapt7_ws/build/autopartol_robot/install.log'
[6.333s] Invoked command in '/home/hzh/ros2_learn/chapt7/chapt7_ws/src/autopartol_robot' returned '0': PYTHONPATH=/home/hzh/ros2_learn/chapt7/chapt7_ws/build/autopartol_robot/prefix_override:/usr/lib/python3/dist-packages/colcon_core/task/python/colcon_distutils_commands:/home/hzh/ros2_learn/chapt7/chapt7_ws/install/autopartol_robot/lib/python3.10/site-packages:${PYTHONPATH} /usr/bin/python3 -W ignore:setup.py install is deprecated -W ignore:easy_install command is deprecated setup.py egg_info --egg-base ../../build/autopartol_robot build --build-base /home/hzh/ros2_learn/chapt7/chapt7_ws/build/autopartol_robot/build install --record /home/hzh/ros2_learn/chapt7/chapt7_ws/build/autopartol_robot/install.log --single-version-externally-managed install_data
