[0.822s] Invoking command in '/home/hzh/ros2_learn/chapt3/topic_ws/src/demo_python_topic': PYTHONPATH=/home/hzh/ros2_learn/chapt3/topic_ws/build/demo_python_topic/prefix_override:/usr/lib/python3/dist-packages/colcon_core/task/python/colcon_distutils_commands:/home/hzh/ros2_learn/chapt3/topic_ws/install/demo_python_topic/lib/python3.10/site-packages:${PYTHONPATH} /usr/bin/python3 -W ignore:setup.py install is deprecated -W ignore:easy_install command is deprecated setup.py egg_info --egg-base ../../build/demo_python_topic build --build-base /home/hzh/ros2_learn/chapt3/topic_ws/build/demo_python_topic/build install --record /home/hzh/ros2_learn/chapt3/topic_ws/build/demo_python_topic/install.log --single-version-externally-managed install_data
[1.101s] running egg_info
[1.102s] writing ../../build/demo_python_topic/demo_python_topic.egg-info/PKG-INFO
[1.102s] writing dependency_links to ../../build/demo_python_topic/demo_python_topic.egg-info/dependency_links.txt
[1.103s] writing entry points to ../../build/demo_python_topic/demo_python_topic.egg-info/entry_points.txt
[1.104s] writing requirements to ../../build/demo_python_topic/demo_python_topic.egg-info/requires.txt
[1.104s] writing top-level names to ../../build/demo_python_topic/demo_python_topic.egg-info/top_level.txt
[1.108s] reading manifest file '../../build/demo_python_topic/demo_python_topic.egg-info/SOURCES.txt'
[1.109s] adding license file 'LICENSE'
[1.110s] writing manifest file '../../build/demo_python_topic/demo_python_topic.egg-info/SOURCES.txt'
[1.110s] running build
[1.110s] running build_py
[1.110s] copying demo_python_topic/novel_pub_node.py -> /home/hzh/ros2_learn/chapt3/topic_ws/build/demo_python_topic/build/lib/demo_python_topic
[1.111s] running install
[1.111s] running install_lib
[1.112s] copying /home/hzh/ros2_learn/chapt3/topic_ws/build/demo_python_topic/build/lib/demo_python_topic/novel_pub_node.py -> /home/hzh/ros2_learn/chapt3/topic_ws/install/demo_python_topic/lib/python3.10/site-packages/demo_python_topic
[1.113s] byte-compiling /home/hzh/ros2_learn/chapt3/topic_ws/install/demo_python_topic/lib/python3.10/site-packages/demo_python_topic/novel_pub_node.py to novel_pub_node.cpython-310.pyc
[1.115s] running install_data
[1.115s] running install_egg_info
[1.117s] removing '/home/hzh/ros2_learn/chapt3/topic_ws/install/demo_python_topic/lib/python3.10/site-packages/demo_python_topic-0.0.0-py3.10.egg-info' (and everything under it)
[1.118s] Copying ../../build/demo_python_topic/demo_python_topic.egg-info to /home/hzh/ros2_learn/chapt3/topic_ws/install/demo_python_topic/lib/python3.10/site-packages/demo_python_topic-0.0.0-py3.10.egg-info
[1.118s] running install_scripts
[1.146s] Installing novel_pub_node script to /home/hzh/ros2_learn/chapt3/topic_ws/install/demo_python_topic/lib/demo_python_topic
[1.147s] writing list of installed files to '/home/hzh/ros2_learn/chapt3/topic_ws/build/demo_python_topic/install.log'
[1.191s] Invoked command in '/home/hzh/ros2_learn/chapt3/topic_ws/src/demo_python_topic' returned '0': PYTHONPATH=/home/hzh/ros2_learn/chapt3/topic_ws/build/demo_python_topic/prefix_override:/usr/lib/python3/dist-packages/colcon_core/task/python/colcon_distutils_commands:/home/hzh/ros2_learn/chapt3/topic_ws/install/demo_python_topic/lib/python3.10/site-packages:${PYTHONPATH} /usr/bin/python3 -W ignore:setup.py install is deprecated -W ignore:easy_install command is deprecated setup.py egg_info --egg-base ../../build/demo_python_topic build --build-base /home/hzh/ros2_learn/chapt3/topic_ws/build/demo_python_topic/build install --record /home/hzh/ros2_learn/chapt3/topic_ws/build/demo_python_topic/install.log --single-version-externally-managed install_data
