[0.166s] DEBUG:colcon:Command line arguments: ['/usr/bin/colcon', 'build']
[0.166s] DEBUG:colcon:Parsed command line arguments: Namespace(log_base=None, log_level=None, verb_name='build', build_base='build', install_base='install', merge_install=False, symlink_install=False, test_result_base=None, continue_on_error=False, executor='parallel', parallel_workers=4, event_handlers=None, ignore_user_meta=False, metas=['./colcon.meta'], base_paths=['.'], packages_ignore=None, packages_ignore_regex=None, paths=None, packages_up_to=None, packages_up_to_regex=None, packages_above=None, packages_above_and_dependencies=None, packages_above_depth=None, packages_select_by_dep=None, packages_skip_by_dep=None, packages_skip_up_to=None, packages_select_build_failed=False, packages_skip_build_finished=False, packages_select_test_failures=False, packages_skip_test_passed=False, packages_select=None, packages_skip=None, packages_select_regex=None, packages_skip_regex=None, packages_start=None, packages_end=None, allow_overriding=[], cmake_args=None, cmake_target=None, cmake_target_skip_unavailable=False, cmake_clean_cache=False, cmake_clean_first=False, cmake_force_configure=False, ament_cmake_args=None, catkin_cmake_args=None, catkin_skip_building_tests=False, verb_parser=<colcon_defaults.argument_parser.defaults.DefaultArgumentsDecorator object at 0x73bed10dc1c0>, verb_extension=<colcon_core.verb.build.BuildVerb object at 0x73bed10a7b80>, main=<bound method BuildVerb.main of <colcon_core.verb.build.BuildVerb object at 0x73bed10a7b80>>)
[0.385s] Level 1:colcon.colcon_core.package_discovery:discover_packages(colcon_meta) check parameters
[0.386s] Level 1:colcon.colcon_core.package_discovery:discover_packages(recursive) check parameters
[0.386s] Level 1:colcon.colcon_core.package_discovery:discover_packages(ignore) check parameters
[0.386s] Level 1:colcon.colcon_core.package_discovery:discover_packages(path) check parameters
[0.386s] Level 1:colcon.colcon_core.package_discovery:discover_packages(colcon_meta) discover
[0.386s] Level 1:colcon.colcon_core.package_discovery:discover_packages(recursive) discover
[0.386s] INFO:colcon.colcon_core.package_discovery:Crawling recursively for packages in '/home/hzh/ros2_learn/chapt8/chapt8_ws'
[0.386s] Level 1:colcon.colcon_core.package_identification:_identify(.) by extensions ['ignore', 'ignore_ament_install']
[0.386s] Level 1:colcon.colcon_core.package_identification:_identify(.) by extension 'ignore'
[0.386s] Level 1:colcon.colcon_core.package_identification:_identify(.) by extension 'ignore_ament_install'
[0.386s] Level 1:colcon.colcon_core.package_identification:_identify(.) by extensions ['colcon_pkg']
[0.386s] Level 1:colcon.colcon_core.package_identification:_identify(.) by extension 'colcon_pkg'
[0.386s] Level 1:colcon.colcon_core.package_identification:_identify(.) by extensions ['colcon_meta']
[0.386s] Level 1:colcon.colcon_core.package_identification:_identify(.) by extension 'colcon_meta'
[0.386s] Level 1:colcon.colcon_core.package_identification:_identify(.) by extensions ['ros']
[0.386s] Level 1:colcon.colcon_core.package_identification:_identify(.) by extension 'ros'
[0.400s] Level 1:colcon.colcon_core.package_identification:_identify(.) by extensions ['cmake', 'python']
[0.401s] Level 1:colcon.colcon_core.package_identification:_identify(.) by extension 'cmake'
[0.401s] Level 1:colcon.colcon_core.package_identification:_identify(.) by extension 'python'
[0.401s] Level 1:colcon.colcon_core.package_identification:_identify(.) by extensions ['python_setup_py']
[0.401s] Level 1:colcon.colcon_core.package_identification:_identify(.) by extension 'python_setup_py'
[0.401s] Level 1:colcon.colcon_core.package_identification:_identify(build) by extensions ['ignore', 'ignore_ament_install']
[0.401s] Level 1:colcon.colcon_core.package_identification:_identify(build) by extension 'ignore'
[0.401s] Level 1:colcon.colcon_core.package_identification:_identify(build) ignored
[0.401s] Level 1:colcon.colcon_core.package_identification:_identify(install) by extensions ['ignore', 'ignore_ament_install']
[0.402s] Level 1:colcon.colcon_core.package_identification:_identify(install) by extension 'ignore'
[0.402s] Level 1:colcon.colcon_core.package_identification:_identify(install) ignored
[0.402s] Level 1:colcon.colcon_core.package_identification:_identify(log) by extensions ['ignore', 'ignore_ament_install']
[0.402s] Level 1:colcon.colcon_core.package_identification:_identify(log) by extension 'ignore'
[0.402s] Level 1:colcon.colcon_core.package_identification:_identify(log) ignored
[0.402s] Level 1:colcon.colcon_core.package_identification:_identify(src) by extensions ['ignore', 'ignore_ament_install']
[0.402s] Level 1:colcon.colcon_core.package_identification:_identify(src) by extension 'ignore'
[0.402s] Level 1:colcon.colcon_core.package_identification:_identify(src) by extension 'ignore_ament_install'
[0.402s] Level 1:colcon.colcon_core.package_identification:_identify(src) by extensions ['colcon_pkg']
[0.402s] Level 1:colcon.colcon_core.package_identification:_identify(src) by extension 'colcon_pkg'
[0.402s] Level 1:colcon.colcon_core.package_identification:_identify(src) by extensions ['colcon_meta']
[0.402s] Level 1:colcon.colcon_core.package_identification:_identify(src) by extension 'colcon_meta'
[0.402s] Level 1:colcon.colcon_core.package_identification:_identify(src) by extensions ['ros']
[0.402s] Level 1:colcon.colcon_core.package_identification:_identify(src) by extension 'ros'
[0.402s] Level 1:colcon.colcon_core.package_identification:_identify(src) by extensions ['cmake', 'python']
[0.402s] Level 1:colcon.colcon_core.package_identification:_identify(src) by extension 'cmake'
[0.403s] Level 1:colcon.colcon_core.package_identification:_identify(src) by extension 'python'
[0.403s] Level 1:colcon.colcon_core.package_identification:_identify(src) by extensions ['python_setup_py']
[0.403s] Level 1:colcon.colcon_core.package_identification:_identify(src) by extension 'python_setup_py'
[0.403s] Level 1:colcon.colcon_core.package_identification:_identify(src/autopartol_interfaces) by extensions ['ignore', 'ignore_ament_install']
[0.403s] Level 1:colcon.colcon_core.package_identification:_identify(src/autopartol_interfaces) by extension 'ignore'
[0.403s] Level 1:colcon.colcon_core.package_identification:_identify(src/autopartol_interfaces) by extension 'ignore_ament_install'
[0.403s] Level 1:colcon.colcon_core.package_identification:_identify(src/autopartol_interfaces) by extensions ['colcon_pkg']
[0.403s] Level 1:colcon.colcon_core.package_identification:_identify(src/autopartol_interfaces) by extension 'colcon_pkg'
[0.403s] Level 1:colcon.colcon_core.package_identification:_identify(src/autopartol_interfaces) by extensions ['colcon_meta']
[0.403s] Level 1:colcon.colcon_core.package_identification:_identify(src/autopartol_interfaces) by extension 'colcon_meta'
[0.403s] Level 1:colcon.colcon_core.package_identification:_identify(src/autopartol_interfaces) by extensions ['ros']
[0.403s] Level 1:colcon.colcon_core.package_identification:_identify(src/autopartol_interfaces) by extension 'ros'
[0.406s] DEBUG:colcon.colcon_core.package_identification:Package 'src/autopartol_interfaces' with type 'ros.ament_cmake' and name 'autopartol_interfaces'
[0.406s] Level 1:colcon.colcon_core.package_identification:_identify(src/autopartol_robot) by extensions ['ignore', 'ignore_ament_install']
[0.406s] Level 1:colcon.colcon_core.package_identification:_identify(src/autopartol_robot) by extension 'ignore'
[0.406s] Level 1:colcon.colcon_core.package_identification:_identify(src/autopartol_robot) by extension 'ignore_ament_install'
[0.406s] Level 1:colcon.colcon_core.package_identification:_identify(src/autopartol_robot) by extensions ['colcon_pkg']
[0.406s] Level 1:colcon.colcon_core.package_identification:_identify(src/autopartol_robot) by extension 'colcon_pkg'
[0.407s] Level 1:colcon.colcon_core.package_identification:_identify(src/autopartol_robot) by extensions ['colcon_meta']
[0.407s] Level 1:colcon.colcon_core.package_identification:_identify(src/autopartol_robot) by extension 'colcon_meta'
[0.407s] Level 1:colcon.colcon_core.package_identification:_identify(src/autopartol_robot) by extensions ['ros']
[0.407s] Level 1:colcon.colcon_core.package_identification:_identify(src/autopartol_robot) by extension 'ros'
[0.408s] DEBUG:colcon.colcon_core.package_identification:Package 'src/autopartol_robot' with type 'ros.ament_python' and name 'autopartol_robot'
[0.408s] Level 1:colcon.colcon_core.package_identification:_identify(src/fishbot_application) by extensions ['ignore', 'ignore_ament_install']
[0.408s] Level 1:colcon.colcon_core.package_identification:_identify(src/fishbot_application) by extension 'ignore'
[0.408s] Level 1:colcon.colcon_core.package_identification:_identify(src/fishbot_application) by extension 'ignore_ament_install'
[0.408s] Level 1:colcon.colcon_core.package_identification:_identify(src/fishbot_application) by extensions ['colcon_pkg']
[0.408s] Level 1:colcon.colcon_core.package_identification:_identify(src/fishbot_application) by extension 'colcon_pkg'
[0.408s] Level 1:colcon.colcon_core.package_identification:_identify(src/fishbot_application) by extensions ['colcon_meta']
[0.408s] Level 1:colcon.colcon_core.package_identification:_identify(src/fishbot_application) by extension 'colcon_meta'
[0.408s] Level 1:colcon.colcon_core.package_identification:_identify(src/fishbot_application) by extensions ['ros']
[0.408s] Level 1:colcon.colcon_core.package_identification:_identify(src/fishbot_application) by extension 'ros'
[0.409s] DEBUG:colcon.colcon_core.package_identification:Package 'src/fishbot_application' with type 'ros.ament_python' and name 'fishbot_application'
[0.409s] Level 1:colcon.colcon_core.package_identification:_identify(src/fishbot_description) by extensions ['ignore', 'ignore_ament_install']
[0.409s] Level 1:colcon.colcon_core.package_identification:_identify(src/fishbot_description) by extension 'ignore'
[0.409s] Level 1:colcon.colcon_core.package_identification:_identify(src/fishbot_description) by extension 'ignore_ament_install'
[0.409s] Level 1:colcon.colcon_core.package_identification:_identify(src/fishbot_description) by extensions ['colcon_pkg']
[0.409s] Level 1:colcon.colcon_core.package_identification:_identify(src/fishbot_description) by extension 'colcon_pkg'
[0.409s] Level 1:colcon.colcon_core.package_identification:_identify(src/fishbot_description) by extensions ['colcon_meta']
[0.409s] Level 1:colcon.colcon_core.package_identification:_identify(src/fishbot_description) by extension 'colcon_meta'
[0.409s] Level 1:colcon.colcon_core.package_identification:_identify(src/fishbot_description) by extensions ['ros']
[0.409s] Level 1:colcon.colcon_core.package_identification:_identify(src/fishbot_description) by extension 'ros'
[0.410s] DEBUG:colcon.colcon_core.package_identification:Package 'src/fishbot_description' with type 'ros.ament_cmake' and name 'fishbot_description'
[0.411s] Level 1:colcon.colcon_core.package_identification:_identify(src/fishbot_navigation2) by extensions ['ignore', 'ignore_ament_install']
[0.411s] Level 1:colcon.colcon_core.package_identification:_identify(src/fishbot_navigation2) by extension 'ignore'
[0.411s] Level 1:colcon.colcon_core.package_identification:_identify(src/fishbot_navigation2) by extension 'ignore_ament_install'
[0.411s] Level 1:colcon.colcon_core.package_identification:_identify(src/fishbot_navigation2) by extensions ['colcon_pkg']
[0.411s] Level 1:colcon.colcon_core.package_identification:_identify(src/fishbot_navigation2) by extension 'colcon_pkg'
[0.411s] Level 1:colcon.colcon_core.package_identification:_identify(src/fishbot_navigation2) by extensions ['colcon_meta']
[0.411s] Level 1:colcon.colcon_core.package_identification:_identify(src/fishbot_navigation2) by extension 'colcon_meta'
[0.411s] Level 1:colcon.colcon_core.package_identification:_identify(src/fishbot_navigation2) by extensions ['ros']
[0.411s] Level 1:colcon.colcon_core.package_identification:_identify(src/fishbot_navigation2) by extension 'ros'
[0.412s] DEBUG:colcon.colcon_core.package_identification:Package 'src/fishbot_navigation2' with type 'ros.ament_cmake' and name 'fishbot_navigation2'
[0.412s] Level 1:colcon.colcon_core.package_identification:_identify(src/nav2_custom_planner) by extensions ['ignore', 'ignore_ament_install']
[0.413s] Level 1:colcon.colcon_core.package_identification:_identify(src/nav2_custom_planner) by extension 'ignore'
[0.413s] Level 1:colcon.colcon_core.package_identification:_identify(src/nav2_custom_planner) by extension 'ignore_ament_install'
[0.413s] Level 1:colcon.colcon_core.package_identification:_identify(src/nav2_custom_planner) by extensions ['colcon_pkg']
[0.413s] Level 1:colcon.colcon_core.package_identification:_identify(src/nav2_custom_planner) by extension 'colcon_pkg'
[0.413s] Level 1:colcon.colcon_core.package_identification:_identify(src/nav2_custom_planner) by extensions ['colcon_meta']
[0.413s] Level 1:colcon.colcon_core.package_identification:_identify(src/nav2_custom_planner) by extension 'colcon_meta'
[0.413s] Level 1:colcon.colcon_core.package_identification:_identify(src/nav2_custom_planner) by extensions ['ros']
[0.413s] Level 1:colcon.colcon_core.package_identification:_identify(src/nav2_custom_planner) by extension 'ros'
[0.414s] DEBUG:colcon.colcon_core.package_identification:Package 'src/nav2_custom_planner' with type 'ros.ament_cmake' and name 'nav2_custom_planner'
[0.414s] Level 1:colcon.colcon_core.package_discovery:discover_packages(recursive) using defaults
[0.414s] Level 1:colcon.colcon_core.package_discovery:discover_packages(ignore) discover
[0.414s] Level 1:colcon.colcon_core.package_discovery:discover_packages(ignore) using defaults
[0.414s] Level 1:colcon.colcon_core.package_discovery:discover_packages(path) discover
[0.414s] Level 1:colcon.colcon_core.package_discovery:discover_packages(path) using defaults
[0.440s] Level 1:colcon.colcon_core.package_discovery:discover_packages(prefix_path) check parameters
[0.440s] Level 1:colcon.colcon_core.package_discovery:discover_packages(prefix_path) discover
[0.461s] DEBUG:colcon.colcon_installed_package_information.package_discovery:Found 372 installed packages in /opt/ros/humble
[0.463s] Level 1:colcon.colcon_core.package_discovery:discover_packages(prefix_path) using defaults
[0.513s] Level 5:colcon.colcon_core.verb:set package 'autopartol_interfaces' build argument 'cmake_args' from command line to 'None'
[0.514s] Level 5:colcon.colcon_core.verb:set package 'autopartol_interfaces' build argument 'cmake_target' from command line to 'None'
[0.514s] Level 5:colcon.colcon_core.verb:set package 'autopartol_interfaces' build argument 'cmake_target_skip_unavailable' from command line to 'False'
[0.514s] Level 5:colcon.colcon_core.verb:set package 'autopartol_interfaces' build argument 'cmake_clean_cache' from command line to 'False'
[0.514s] Level 5:colcon.colcon_core.verb:set package 'autopartol_interfaces' build argument 'cmake_clean_first' from command line to 'False'
[0.514s] Level 5:colcon.colcon_core.verb:set package 'autopartol_interfaces' build argument 'cmake_force_configure' from command line to 'False'
[0.514s] Level 5:colcon.colcon_core.verb:set package 'autopartol_interfaces' build argument 'ament_cmake_args' from command line to 'None'
[0.514s] Level 5:colcon.colcon_core.verb:set package 'autopartol_interfaces' build argument 'catkin_cmake_args' from command line to 'None'
[0.514s] Level 5:colcon.colcon_core.verb:set package 'autopartol_interfaces' build argument 'catkin_skip_building_tests' from command line to 'False'
[0.514s] DEBUG:colcon.colcon_core.verb:Building package 'autopartol_interfaces' with the following arguments: {'ament_cmake_args': None, 'build_base': '/home/hzh/ros2_learn/chapt8/chapt8_ws/build/autopartol_interfaces', 'catkin_cmake_args': None, 'catkin_skip_building_tests': False, 'cmake_args': None, 'cmake_clean_cache': False, 'cmake_clean_first': False, 'cmake_force_configure': False, 'cmake_target': None, 'cmake_target_skip_unavailable': False, 'install_base': '/home/hzh/ros2_learn/chapt8/chapt8_ws/install/autopartol_interfaces', 'merge_install': False, 'path': '/home/hzh/ros2_learn/chapt8/chapt8_ws/src/autopartol_interfaces', 'symlink_install': False, 'test_result_base': None}
[0.514s] Level 5:colcon.colcon_core.verb:set package 'autopartol_robot' build argument 'cmake_args' from command line to 'None'
[0.514s] Level 5:colcon.colcon_core.verb:set package 'autopartol_robot' build argument 'cmake_target' from command line to 'None'
[0.514s] Level 5:colcon.colcon_core.verb:set package 'autopartol_robot' build argument 'cmake_target_skip_unavailable' from command line to 'False'
[0.514s] Level 5:colcon.colcon_core.verb:set package 'autopartol_robot' build argument 'cmake_clean_cache' from command line to 'False'
[0.514s] Level 5:colcon.colcon_core.verb:set package 'autopartol_robot' build argument 'cmake_clean_first' from command line to 'False'
[0.514s] Level 5:colcon.colcon_core.verb:set package 'autopartol_robot' build argument 'cmake_force_configure' from command line to 'False'
[0.514s] Level 5:colcon.colcon_core.verb:set package 'autopartol_robot' build argument 'ament_cmake_args' from command line to 'None'
[0.514s] Level 5:colcon.colcon_core.verb:set package 'autopartol_robot' build argument 'catkin_cmake_args' from command line to 'None'
[0.514s] Level 5:colcon.colcon_core.verb:set package 'autopartol_robot' build argument 'catkin_skip_building_tests' from command line to 'False'
[0.514s] DEBUG:colcon.colcon_core.verb:Building package 'autopartol_robot' with the following arguments: {'ament_cmake_args': None, 'build_base': '/home/hzh/ros2_learn/chapt8/chapt8_ws/build/autopartol_robot', 'catkin_cmake_args': None, 'catkin_skip_building_tests': False, 'cmake_args': None, 'cmake_clean_cache': False, 'cmake_clean_first': False, 'cmake_force_configure': False, 'cmake_target': None, 'cmake_target_skip_unavailable': False, 'install_base': '/home/hzh/ros2_learn/chapt8/chapt8_ws/install/autopartol_robot', 'merge_install': False, 'path': '/home/hzh/ros2_learn/chapt8/chapt8_ws/src/autopartol_robot', 'symlink_install': False, 'test_result_base': None}
[0.515s] Level 5:colcon.colcon_core.verb:set package 'fishbot_application' build argument 'cmake_args' from command line to 'None'
[0.515s] Level 5:colcon.colcon_core.verb:set package 'fishbot_application' build argument 'cmake_target' from command line to 'None'
[0.515s] Level 5:colcon.colcon_core.verb:set package 'fishbot_application' build argument 'cmake_target_skip_unavailable' from command line to 'False'
[0.515s] Level 5:colcon.colcon_core.verb:set package 'fishbot_application' build argument 'cmake_clean_cache' from command line to 'False'
[0.515s] Level 5:colcon.colcon_core.verb:set package 'fishbot_application' build argument 'cmake_clean_first' from command line to 'False'
[0.515s] Level 5:colcon.colcon_core.verb:set package 'fishbot_application' build argument 'cmake_force_configure' from command line to 'False'
[0.515s] Level 5:colcon.colcon_core.verb:set package 'fishbot_application' build argument 'ament_cmake_args' from command line to 'None'
[0.515s] Level 5:colcon.colcon_core.verb:set package 'fishbot_application' build argument 'catkin_cmake_args' from command line to 'None'
[0.515s] Level 5:colcon.colcon_core.verb:set package 'fishbot_application' build argument 'catkin_skip_building_tests' from command line to 'False'
[0.515s] DEBUG:colcon.colcon_core.verb:Building package 'fishbot_application' with the following arguments: {'ament_cmake_args': None, 'build_base': '/home/hzh/ros2_learn/chapt8/chapt8_ws/build/fishbot_application', 'catkin_cmake_args': None, 'catkin_skip_building_tests': False, 'cmake_args': None, 'cmake_clean_cache': False, 'cmake_clean_first': False, 'cmake_force_configure': False, 'cmake_target': None, 'cmake_target_skip_unavailable': False, 'install_base': '/home/hzh/ros2_learn/chapt8/chapt8_ws/install/fishbot_application', 'merge_install': False, 'path': '/home/hzh/ros2_learn/chapt8/chapt8_ws/src/fishbot_application', 'symlink_install': False, 'test_result_base': None}
[0.515s] Level 5:colcon.colcon_core.verb:set package 'fishbot_description' build argument 'cmake_args' from command line to 'None'
[0.515s] Level 5:colcon.colcon_core.verb:set package 'fishbot_description' build argument 'cmake_target' from command line to 'None'
[0.516s] Level 5:colcon.colcon_core.verb:set package 'fishbot_description' build argument 'cmake_target_skip_unavailable' from command line to 'False'
[0.516s] Level 5:colcon.colcon_core.verb:set package 'fishbot_description' build argument 'cmake_clean_cache' from command line to 'False'
[0.516s] Level 5:colcon.colcon_core.verb:set package 'fishbot_description' build argument 'cmake_clean_first' from command line to 'False'
[0.516s] Level 5:colcon.colcon_core.verb:set package 'fishbot_description' build argument 'cmake_force_configure' from command line to 'False'
[0.516s] Level 5:colcon.colcon_core.verb:set package 'fishbot_description' build argument 'ament_cmake_args' from command line to 'None'
[0.516s] Level 5:colcon.colcon_core.verb:set package 'fishbot_description' build argument 'catkin_cmake_args' from command line to 'None'
[0.516s] Level 5:colcon.colcon_core.verb:set package 'fishbot_description' build argument 'catkin_skip_building_tests' from command line to 'False'
[0.516s] DEBUG:colcon.colcon_core.verb:Building package 'fishbot_description' with the following arguments: {'ament_cmake_args': None, 'build_base': '/home/hzh/ros2_learn/chapt8/chapt8_ws/build/fishbot_description', 'catkin_cmake_args': None, 'catkin_skip_building_tests': False, 'cmake_args': None, 'cmake_clean_cache': False, 'cmake_clean_first': False, 'cmake_force_configure': False, 'cmake_target': None, 'cmake_target_skip_unavailable': False, 'install_base': '/home/hzh/ros2_learn/chapt8/chapt8_ws/install/fishbot_description', 'merge_install': False, 'path': '/home/hzh/ros2_learn/chapt8/chapt8_ws/src/fishbot_description', 'symlink_install': False, 'test_result_base': None}
[0.516s] Level 5:colcon.colcon_core.verb:set package 'fishbot_navigation2' build argument 'cmake_args' from command line to 'None'
[0.516s] Level 5:colcon.colcon_core.verb:set package 'fishbot_navigation2' build argument 'cmake_target' from command line to 'None'
[0.516s] Level 5:colcon.colcon_core.verb:set package 'fishbot_navigation2' build argument 'cmake_target_skip_unavailable' from command line to 'False'
[0.516s] Level 5:colcon.colcon_core.verb:set package 'fishbot_navigation2' build argument 'cmake_clean_cache' from command line to 'False'
[0.516s] Level 5:colcon.colcon_core.verb:set package 'fishbot_navigation2' build argument 'cmake_clean_first' from command line to 'False'
[0.516s] Level 5:colcon.colcon_core.verb:set package 'fishbot_navigation2' build argument 'cmake_force_configure' from command line to 'False'
[0.516s] Level 5:colcon.colcon_core.verb:set package 'fishbot_navigation2' build argument 'ament_cmake_args' from command line to 'None'
[0.516s] Level 5:colcon.colcon_core.verb:set package 'fishbot_navigation2' build argument 'catkin_cmake_args' from command line to 'None'
[0.516s] Level 5:colcon.colcon_core.verb:set package 'fishbot_navigation2' build argument 'catkin_skip_building_tests' from command line to 'False'
[0.516s] DEBUG:colcon.colcon_core.verb:Building package 'fishbot_navigation2' with the following arguments: {'ament_cmake_args': None, 'build_base': '/home/hzh/ros2_learn/chapt8/chapt8_ws/build/fishbot_navigation2', 'catkin_cmake_args': None, 'catkin_skip_building_tests': False, 'cmake_args': None, 'cmake_clean_cache': False, 'cmake_clean_first': False, 'cmake_force_configure': False, 'cmake_target': None, 'cmake_target_skip_unavailable': False, 'install_base': '/home/hzh/ros2_learn/chapt8/chapt8_ws/install/fishbot_navigation2', 'merge_install': False, 'path': '/home/hzh/ros2_learn/chapt8/chapt8_ws/src/fishbot_navigation2', 'symlink_install': False, 'test_result_base': None}
[0.517s] Level 5:colcon.colcon_core.verb:set package 'nav2_custom_planner' build argument 'cmake_args' from command line to 'None'
[0.517s] Level 5:colcon.colcon_core.verb:set package 'nav2_custom_planner' build argument 'cmake_target' from command line to 'None'
[0.517s] Level 5:colcon.colcon_core.verb:set package 'nav2_custom_planner' build argument 'cmake_target_skip_unavailable' from command line to 'False'
[0.517s] Level 5:colcon.colcon_core.verb:set package 'nav2_custom_planner' build argument 'cmake_clean_cache' from command line to 'False'
[0.517s] Level 5:colcon.colcon_core.verb:set package 'nav2_custom_planner' build argument 'cmake_clean_first' from command line to 'False'
[0.517s] Level 5:colcon.colcon_core.verb:set package 'nav2_custom_planner' build argument 'cmake_force_configure' from command line to 'False'
[0.517s] Level 5:colcon.colcon_core.verb:set package 'nav2_custom_planner' build argument 'ament_cmake_args' from command line to 'None'
[0.517s] Level 5:colcon.colcon_core.verb:set package 'nav2_custom_planner' build argument 'catkin_cmake_args' from command line to 'None'
[0.517s] Level 5:colcon.colcon_core.verb:set package 'nav2_custom_planner' build argument 'catkin_skip_building_tests' from command line to 'False'
[0.517s] DEBUG:colcon.colcon_core.verb:Building package 'nav2_custom_planner' with the following arguments: {'ament_cmake_args': None, 'build_base': '/home/hzh/ros2_learn/chapt8/chapt8_ws/build/nav2_custom_planner', 'catkin_cmake_args': None, 'catkin_skip_building_tests': False, 'cmake_args': None, 'cmake_clean_cache': False, 'cmake_clean_first': False, 'cmake_force_configure': False, 'cmake_target': None, 'cmake_target_skip_unavailable': False, 'install_base': '/home/hzh/ros2_learn/chapt8/chapt8_ws/install/nav2_custom_planner', 'merge_install': False, 'path': '/home/hzh/ros2_learn/chapt8/chapt8_ws/src/nav2_custom_planner', 'symlink_install': False, 'test_result_base': None}
[0.517s] INFO:colcon.colcon_core.executor:Executing jobs using 'parallel' executor
[0.518s] DEBUG:colcon.colcon_parallel_executor.executor.parallel:run_until_complete
[0.519s] INFO:colcon.colcon_ros.task.ament_cmake.build:Building ROS package in '/home/hzh/ros2_learn/chapt8/chapt8_ws/src/autopartol_interfaces' with build type 'ament_cmake'
[0.519s] INFO:colcon.colcon_cmake.task.cmake.build:Building CMake package in '/home/hzh/ros2_learn/chapt8/chapt8_ws/src/autopartol_interfaces'
[0.523s] INFO:colcon.colcon_core.plugin_system:Skipping extension 'colcon_core.shell.bat': Not used on non-Windows systems
[0.523s] INFO:colcon.colcon_core.shell:Skip shell extension 'powershell' for command environment: Not usable outside of PowerShell
[0.523s] DEBUG:colcon.colcon_core.shell:Skip shell extension 'dsv' for command environment
[0.528s] INFO:colcon.colcon_ros.task.ament_python.build:Building ROS package in '/home/hzh/ros2_learn/chapt8/chapt8_ws/src/autopartol_robot' with build type 'ament_python'
[0.529s] Level 1:colcon.colcon_core.shell:create_environment_hook('autopartol_robot', 'ament_prefix_path')
[0.530s] INFO:colcon.colcon_core.shell:Creating environment hook '/home/hzh/ros2_learn/chapt8/chapt8_ws/install/autopartol_robot/share/autopartol_robot/hook/ament_prefix_path.ps1'
[0.532s] INFO:colcon.colcon_core.shell:Creating environment descriptor '/home/hzh/ros2_learn/chapt8/chapt8_ws/install/autopartol_robot/share/autopartol_robot/hook/ament_prefix_path.dsv'
[0.532s] INFO:colcon.colcon_core.shell:Creating environment hook '/home/hzh/ros2_learn/chapt8/chapt8_ws/install/autopartol_robot/share/autopartol_robot/hook/ament_prefix_path.sh'
[0.534s] INFO:colcon.colcon_core.shell:Skip shell extension 'powershell' for command environment: Not usable outside of PowerShell
[0.535s] DEBUG:colcon.colcon_core.shell:Skip shell extension 'dsv' for command environment
[0.539s] INFO:colcon.colcon_ros.task.ament_python.build:Building ROS package in '/home/hzh/ros2_learn/chapt8/chapt8_ws/src/fishbot_application' with build type 'ament_python'
[0.539s] Level 1:colcon.colcon_core.shell:create_environment_hook('fishbot_application', 'ament_prefix_path')
[0.539s] INFO:colcon.colcon_core.shell:Creating environment hook '/home/hzh/ros2_learn/chapt8/chapt8_ws/install/fishbot_application/share/fishbot_application/hook/ament_prefix_path.ps1'
[0.543s] INFO:colcon.colcon_core.shell:Creating environment descriptor '/home/hzh/ros2_learn/chapt8/chapt8_ws/install/fishbot_application/share/fishbot_application/hook/ament_prefix_path.dsv'
[0.543s] INFO:colcon.colcon_core.shell:Creating environment hook '/home/hzh/ros2_learn/chapt8/chapt8_ws/install/fishbot_application/share/fishbot_application/hook/ament_prefix_path.sh'
[0.545s] INFO:colcon.colcon_core.shell:Skip shell extension 'powershell' for command environment: Not usable outside of PowerShell
[0.545s] DEBUG:colcon.colcon_core.shell:Skip shell extension 'dsv' for command environment
[0.554s] INFO:colcon.colcon_ros.task.ament_cmake.build:Building ROS package in '/home/hzh/ros2_learn/chapt8/chapt8_ws/src/fishbot_description' with build type 'ament_cmake'
[0.555s] INFO:colcon.colcon_cmake.task.cmake.build:Building CMake package in '/home/hzh/ros2_learn/chapt8/chapt8_ws/src/fishbot_description'
[0.557s] INFO:colcon.colcon_core.shell:Skip shell extension 'powershell' for command environment: Not usable outside of PowerShell
[0.557s] DEBUG:colcon.colcon_core.shell:Skip shell extension 'dsv' for command environment
[0.573s] DEBUG:colcon.colcon_core.event_handler.log_command:Invoking command in '/home/hzh/ros2_learn/chapt8/chapt8_ws/build/autopartol_interfaces': CMAKE_PREFIX_PATH=/opt/ros/humble /usr/bin/cmake /home/hzh/ros2_learn/chapt8/chapt8_ws/src/autopartol_interfaces -DCMAKE_INSTALL_PREFIX=/home/hzh/ros2_learn/chapt8/chapt8_ws/install/autopartol_interfaces
[1.104s] INFO:colcon.colcon_core.task.python.build:Building Python package in '/home/hzh/ros2_learn/chapt8/chapt8_ws/src/autopartol_robot'
[1.104s] INFO:colcon.colcon_core.shell:Skip shell extension 'powershell' for command environment: Not usable outside of PowerShell
[1.104s] DEBUG:colcon.colcon_core.shell:Skip shell extension 'dsv' for command environment
[1.500s] INFO:colcon.colcon_core.task.python.build:Building Python package in '/home/hzh/ros2_learn/chapt8/chapt8_ws/src/fishbot_application'
[1.500s] INFO:colcon.colcon_core.shell:Skip shell extension 'powershell' for command environment: Not usable outside of PowerShell
[1.501s] DEBUG:colcon.colcon_core.shell:Skip shell extension 'dsv' for command environment
[1.520s] DEBUG:colcon.colcon_core.event_handler.log_command:Invoking command in '/home/hzh/ros2_learn/chapt8/chapt8_ws/build/fishbot_description': CMAKE_PREFIX_PATH=/opt/ros/humble /usr/bin/cmake /home/hzh/ros2_learn/chapt8/chapt8_ws/src/fishbot_description -DCMAKE_INSTALL_PREFIX=/home/hzh/ros2_learn/chapt8/chapt8_ws/install/fishbot_description
[3.068s] DEBUG:colcon.colcon_core.event_handler.log_command:Invoking command in '/home/hzh/ros2_learn/chapt8/chapt8_ws/src/autopartol_robot': PYTHONPATH=/home/hzh/ros2_learn/chapt8/chapt8_ws/build/autopartol_robot/prefix_override:/usr/lib/python3/dist-packages/colcon_core/task/python/colcon_distutils_commands:/home/hzh/ros2_learn/chapt8/chapt8_ws/install/autopartol_robot/lib/python3.10/site-packages:${PYTHONPATH} /usr/bin/python3 -W ignore:setup.py install is deprecated -W ignore:easy_install command is deprecated setup.py egg_info --egg-base ../../build/autopartol_robot build --build-base /home/hzh/ros2_learn/chapt8/chapt8_ws/build/autopartol_robot/build install --record /home/hzh/ros2_learn/chapt8/chapt8_ws/build/autopartol_robot/install.log --single-version-externally-managed install_data
[3.091s] DEBUG:colcon.colcon_core.event_handler.log_command:Invoking command in '/home/hzh/ros2_learn/chapt8/chapt8_ws/src/fishbot_application': PYTHONPATH=/home/hzh/ros2_learn/chapt8/chapt8_ws/build/fishbot_application/prefix_override:/usr/lib/python3/dist-packages/colcon_core/task/python/colcon_distutils_commands:/home/hzh/ros2_learn/chapt8/chapt8_ws/install/fishbot_application/lib/python3.10/site-packages:${PYTHONPATH} /usr/bin/python3 -W ignore:setup.py install is deprecated -W ignore:easy_install command is deprecated setup.py egg_info --egg-base ../../build/fishbot_application build --build-base /home/hzh/ros2_learn/chapt8/chapt8_ws/build/fishbot_application/build install --record /home/hzh/ros2_learn/chapt8/chapt8_ws/build/fishbot_application/install.log --single-version-externally-managed install_data
[3.242s] DEBUG:colcon.colcon_core.event_handler.log_command:Invoked command in '/home/hzh/ros2_learn/chapt8/chapt8_ws/build/fishbot_description' returned '0': CMAKE_PREFIX_PATH=/opt/ros/humble /usr/bin/cmake /home/hzh/ros2_learn/chapt8/chapt8_ws/src/fishbot_description -DCMAKE_INSTALL_PREFIX=/home/hzh/ros2_learn/chapt8/chapt8_ws/install/fishbot_description
[3.244s] DEBUG:colcon.colcon_core.event_handler.log_command:Invoking command in '/home/hzh/ros2_learn/chapt8/chapt8_ws/build/fishbot_description': CMAKE_PREFIX_PATH=/opt/ros/humble /usr/bin/cmake --build /home/hzh/ros2_learn/chapt8/chapt8_ws/build/fishbot_description -- -j4 -l4
[3.406s] DEBUG:colcon.colcon_core.event_handler.log_command:Invoked command in '/home/hzh/ros2_learn/chapt8/chapt8_ws/build/fishbot_description' returned '0': CMAKE_PREFIX_PATH=/opt/ros/humble /usr/bin/cmake --build /home/hzh/ros2_learn/chapt8/chapt8_ws/build/fishbot_description -- -j4 -l4
[3.436s] DEBUG:colcon.colcon_core.event_handler.log_command:Invoking command in '/home/hzh/ros2_learn/chapt8/chapt8_ws/build/fishbot_description': CMAKE_PREFIX_PATH=/opt/ros/humble /usr/bin/cmake --install /home/hzh/ros2_learn/chapt8/chapt8_ws/build/fishbot_description
[3.496s] Level 1:colcon.colcon_core.environment:create_environment_scripts_only(fishbot_description)
[3.497s] DEBUG:colcon.colcon_core.event_handler.log_command:Invoked command in '/home/hzh/ros2_learn/chapt8/chapt8_ws/build/fishbot_description' returned '0': CMAKE_PREFIX_PATH=/opt/ros/humble /usr/bin/cmake --install /home/hzh/ros2_learn/chapt8/chapt8_ws/build/fishbot_description
[3.503s] Level 1:colcon.colcon_core.environment:checking '/home/hzh/ros2_learn/chapt8/chapt8_ws/install/fishbot_description' for CMake module files
[3.504s] Level 1:colcon.colcon_core.environment:checking '/home/hzh/ros2_learn/chapt8/chapt8_ws/install/fishbot_description' for CMake config files
[3.504s] Level 1:colcon.colcon_core.shell:create_environment_hook('fishbot_description', 'cmake_prefix_path')
[3.505s] INFO:colcon.colcon_core.shell:Creating environment hook '/home/hzh/ros2_learn/chapt8/chapt8_ws/install/fishbot_description/share/fishbot_description/hook/cmake_prefix_path.ps1'
[3.506s] INFO:colcon.colcon_core.shell:Creating environment descriptor '/home/hzh/ros2_learn/chapt8/chapt8_ws/install/fishbot_description/share/fishbot_description/hook/cmake_prefix_path.dsv'
[3.506s] INFO:colcon.colcon_core.shell:Creating environment hook '/home/hzh/ros2_learn/chapt8/chapt8_ws/install/fishbot_description/share/fishbot_description/hook/cmake_prefix_path.sh'
[3.509s] Level 1:colcon.colcon_core.environment:checking '/home/hzh/ros2_learn/chapt8/chapt8_ws/install/fishbot_description/bin'
[3.509s] Level 1:colcon.colcon_core.environment:checking '/home/hzh/ros2_learn/chapt8/chapt8_ws/install/fishbot_description/lib/pkgconfig/fishbot_description.pc'
[3.509s] Level 1:colcon.colcon_core.environment:checking '/home/hzh/ros2_learn/chapt8/chapt8_ws/install/fishbot_description/lib/python3.10/site-packages'
[3.509s] Level 1:colcon.colcon_core.environment:checking '/home/hzh/ros2_learn/chapt8/chapt8_ws/install/fishbot_description/bin'
[3.510s] INFO:colcon.colcon_core.shell:Creating package script '/home/hzh/ros2_learn/chapt8/chapt8_ws/install/fishbot_description/share/fishbot_description/package.ps1'
[3.512s] INFO:colcon.colcon_core.shell:Creating package descriptor '/home/hzh/ros2_learn/chapt8/chapt8_ws/install/fishbot_description/share/fishbot_description/package.dsv'
[3.513s] INFO:colcon.colcon_core.shell:Creating package script '/home/hzh/ros2_learn/chapt8/chapt8_ws/install/fishbot_description/share/fishbot_description/package.sh'
[3.515s] INFO:colcon.colcon_core.shell:Creating package script '/home/hzh/ros2_learn/chapt8/chapt8_ws/install/fishbot_description/share/fishbot_description/package.bash'
[3.518s] INFO:colcon.colcon_core.shell:Creating package script '/home/hzh/ros2_learn/chapt8/chapt8_ws/install/fishbot_description/share/fishbot_description/package.zsh'
[3.520s] Level 1:colcon.colcon_core.environment:create_file_with_runtime_dependencies(/home/hzh/ros2_learn/chapt8/chapt8_ws/install/fishbot_description/share/colcon-core/packages/fishbot_description)
[3.522s] Level 1:colcon.colcon_core.environment:create_environment_scripts_only(fishbot_description)
[3.523s] Level 1:colcon.colcon_core.environment:checking '/home/hzh/ros2_learn/chapt8/chapt8_ws/install/fishbot_description' for CMake module files
[3.524s] Level 1:colcon.colcon_core.environment:checking '/home/hzh/ros2_learn/chapt8/chapt8_ws/install/fishbot_description' for CMake config files
[3.526s] Level 1:colcon.colcon_core.shell:create_environment_hook('fishbot_description', 'cmake_prefix_path')
[3.526s] INFO:colcon.colcon_core.shell:Creating environment hook '/home/hzh/ros2_learn/chapt8/chapt8_ws/install/fishbot_description/share/fishbot_description/hook/cmake_prefix_path.ps1'
[3.530s] INFO:colcon.colcon_core.shell:Creating environment descriptor '/home/hzh/ros2_learn/chapt8/chapt8_ws/install/fishbot_description/share/fishbot_description/hook/cmake_prefix_path.dsv'
[3.533s] INFO:colcon.colcon_core.shell:Creating environment hook '/home/hzh/ros2_learn/chapt8/chapt8_ws/install/fishbot_description/share/fishbot_description/hook/cmake_prefix_path.sh'
[3.536s] Level 1:colcon.colcon_core.environment:checking '/home/hzh/ros2_learn/chapt8/chapt8_ws/install/fishbot_description/bin'
[3.536s] Level 1:colcon.colcon_core.environment:checking '/home/hzh/ros2_learn/chapt8/chapt8_ws/install/fishbot_description/lib/pkgconfig/fishbot_description.pc'
[3.536s] Level 1:colcon.colcon_core.environment:checking '/home/hzh/ros2_learn/chapt8/chapt8_ws/install/fishbot_description/lib/python3.10/site-packages'
[3.537s] Level 1:colcon.colcon_core.environment:checking '/home/hzh/ros2_learn/chapt8/chapt8_ws/install/fishbot_description/bin'
[3.538s] INFO:colcon.colcon_core.shell:Creating package script '/home/hzh/ros2_learn/chapt8/chapt8_ws/install/fishbot_description/share/fishbot_description/package.ps1'
[3.539s] INFO:colcon.colcon_core.shell:Creating package descriptor '/home/hzh/ros2_learn/chapt8/chapt8_ws/install/fishbot_description/share/fishbot_description/package.dsv'
[3.541s] INFO:colcon.colcon_core.shell:Creating package script '/home/hzh/ros2_learn/chapt8/chapt8_ws/install/fishbot_description/share/fishbot_description/package.sh'
[3.544s] INFO:colcon.colcon_core.shell:Creating package script '/home/hzh/ros2_learn/chapt8/chapt8_ws/install/fishbot_description/share/fishbot_description/package.bash'
[3.546s] INFO:colcon.colcon_core.shell:Creating package script '/home/hzh/ros2_learn/chapt8/chapt8_ws/install/fishbot_description/share/fishbot_description/package.zsh'
[3.547s] Level 1:colcon.colcon_core.environment:create_file_with_runtime_dependencies(/home/hzh/ros2_learn/chapt8/chapt8_ws/install/fishbot_description/share/colcon-core/packages/fishbot_description)
[3.553s] INFO:colcon.colcon_ros.task.ament_cmake.build:Building ROS package in '/home/hzh/ros2_learn/chapt8/chapt8_ws/src/fishbot_navigation2' with build type 'ament_cmake'
[3.554s] INFO:colcon.colcon_cmake.task.cmake.build:Building CMake package in '/home/hzh/ros2_learn/chapt8/chapt8_ws/src/fishbot_navigation2'
[3.554s] INFO:colcon.colcon_core.shell:Skip shell extension 'powershell' for command environment: Not usable outside of PowerShell
[3.555s] DEBUG:colcon.colcon_core.shell:Skip shell extension 'dsv' for command environment
[3.580s] DEBUG:colcon.colcon_core.event_handler.log_command:Invoking command in '/home/hzh/ros2_learn/chapt8/chapt8_ws/build/fishbot_navigation2': CMAKE_PREFIX_PATH=/opt/ros/humble /usr/bin/cmake /home/hzh/ros2_learn/chapt8/chapt8_ws/src/fishbot_navigation2 -DCMAKE_INSTALL_PREFIX=/home/hzh/ros2_learn/chapt8/chapt8_ws/install/fishbot_navigation2
[3.945s] Level 1:colcon.colcon_core.environment:checking '/home/hzh/ros2_learn/chapt8/chapt8_ws/install/autopartol_robot' for CMake module files
[3.945s] DEBUG:colcon.colcon_core.event_handler.log_command:Invoked command in '/home/hzh/ros2_learn/chapt8/chapt8_ws/src/autopartol_robot' returned '0': PYTHONPATH=/home/hzh/ros2_learn/chapt8/chapt8_ws/build/autopartol_robot/prefix_override:/usr/lib/python3/dist-packages/colcon_core/task/python/colcon_distutils_commands:/home/hzh/ros2_learn/chapt8/chapt8_ws/install/autopartol_robot/lib/python3.10/site-packages:${PYTHONPATH} /usr/bin/python3 -W ignore:setup.py install is deprecated -W ignore:easy_install command is deprecated setup.py egg_info --egg-base ../../build/autopartol_robot build --build-base /home/hzh/ros2_learn/chapt8/chapt8_ws/build/autopartol_robot/build install --record /home/hzh/ros2_learn/chapt8/chapt8_ws/build/autopartol_robot/install.log --single-version-externally-managed install_data
[3.946s] Level 1:colcon.colcon_core.environment:checking '/home/hzh/ros2_learn/chapt8/chapt8_ws/install/autopartol_robot' for CMake config files
[3.947s] Level 1:colcon.colcon_core.environment:checking '/home/hzh/ros2_learn/chapt8/chapt8_ws/install/autopartol_robot/lib'
[3.948s] Level 1:colcon.colcon_core.environment:checking '/home/hzh/ros2_learn/chapt8/chapt8_ws/install/autopartol_robot/bin'
[3.948s] Level 1:colcon.colcon_core.environment:checking '/home/hzh/ros2_learn/chapt8/chapt8_ws/install/autopartol_robot/lib/pkgconfig/autopartol_robot.pc'
[3.948s] Level 1:colcon.colcon_core.environment:checking '/home/hzh/ros2_learn/chapt8/chapt8_ws/install/autopartol_robot/lib/python3.10/site-packages'
[3.948s] Level 1:colcon.colcon_core.shell:create_environment_hook('autopartol_robot', 'pythonpath')
[3.949s] INFO:colcon.colcon_core.shell:Creating environment hook '/home/hzh/ros2_learn/chapt8/chapt8_ws/install/autopartol_robot/share/autopartol_robot/hook/pythonpath.ps1'
[3.950s] INFO:colcon.colcon_core.shell:Creating environment descriptor '/home/hzh/ros2_learn/chapt8/chapt8_ws/install/autopartol_robot/share/autopartol_robot/hook/pythonpath.dsv'
[3.950s] INFO:colcon.colcon_core.shell:Creating environment hook '/home/hzh/ros2_learn/chapt8/chapt8_ws/install/autopartol_robot/share/autopartol_robot/hook/pythonpath.sh'
[3.953s] Level 1:colcon.colcon_core.environment:checking '/home/hzh/ros2_learn/chapt8/chapt8_ws/install/autopartol_robot/bin'
[3.953s] Level 1:colcon.colcon_core.environment:create_environment_scripts_only(autopartol_robot)
[3.954s] INFO:colcon.colcon_core.shell:Creating package script '/home/hzh/ros2_learn/chapt8/chapt8_ws/install/autopartol_robot/share/autopartol_robot/package.ps1'
[3.955s] INFO:colcon.colcon_core.shell:Creating package descriptor '/home/hzh/ros2_learn/chapt8/chapt8_ws/install/autopartol_robot/share/autopartol_robot/package.dsv'
[3.956s] INFO:colcon.colcon_core.shell:Creating package script '/home/hzh/ros2_learn/chapt8/chapt8_ws/install/autopartol_robot/share/autopartol_robot/package.sh'
[3.957s] INFO:colcon.colcon_core.shell:Creating package script '/home/hzh/ros2_learn/chapt8/chapt8_ws/install/autopartol_robot/share/autopartol_robot/package.bash'
[3.957s] INFO:colcon.colcon_core.shell:Creating package script '/home/hzh/ros2_learn/chapt8/chapt8_ws/install/autopartol_robot/share/autopartol_robot/package.zsh'
[3.959s] Level 1:colcon.colcon_core.environment:create_file_with_runtime_dependencies(/home/hzh/ros2_learn/chapt8/chapt8_ws/install/autopartol_robot/share/colcon-core/packages/autopartol_robot)
[3.961s] INFO:colcon.colcon_ros.task.ament_cmake.build:Building ROS package in '/home/hzh/ros2_learn/chapt8/chapt8_ws/src/nav2_custom_planner' with build type 'ament_cmake'
[3.961s] INFO:colcon.colcon_cmake.task.cmake.build:Building CMake package in '/home/hzh/ros2_learn/chapt8/chapt8_ws/src/nav2_custom_planner'
[3.961s] INFO:colcon.colcon_core.shell:Skip shell extension 'powershell' for command environment: Not usable outside of PowerShell
[3.961s] DEBUG:colcon.colcon_core.shell:Skip shell extension 'dsv' for command environment
[3.972s] Level 1:colcon.colcon_core.environment:checking '/home/hzh/ros2_learn/chapt8/chapt8_ws/install/fishbot_application' for CMake module files
[3.972s] Level 1:colcon.colcon_core.environment:checking '/home/hzh/ros2_learn/chapt8/chapt8_ws/install/fishbot_application' for CMake config files
[3.975s] DEBUG:colcon.colcon_core.event_handler.log_command:Invoked command in '/home/hzh/ros2_learn/chapt8/chapt8_ws/src/fishbot_application' returned '0': PYTHONPATH=/home/hzh/ros2_learn/chapt8/chapt8_ws/build/fishbot_application/prefix_override:/usr/lib/python3/dist-packages/colcon_core/task/python/colcon_distutils_commands:/home/hzh/ros2_learn/chapt8/chapt8_ws/install/fishbot_application/lib/python3.10/site-packages:${PYTHONPATH} /usr/bin/python3 -W ignore:setup.py install is deprecated -W ignore:easy_install command is deprecated setup.py egg_info --egg-base ../../build/fishbot_application build --build-base /home/hzh/ros2_learn/chapt8/chapt8_ws/build/fishbot_application/build install --record /home/hzh/ros2_learn/chapt8/chapt8_ws/build/fishbot_application/install.log --single-version-externally-managed install_data
[3.976s] Level 1:colcon.colcon_core.environment:checking '/home/hzh/ros2_learn/chapt8/chapt8_ws/install/fishbot_application/lib'
[3.976s] Level 1:colcon.colcon_core.environment:checking '/home/hzh/ros2_learn/chapt8/chapt8_ws/install/fishbot_application/bin'
[3.976s] Level 1:colcon.colcon_core.environment:checking '/home/hzh/ros2_learn/chapt8/chapt8_ws/install/fishbot_application/lib/pkgconfig/fishbot_application.pc'
[3.976s] Level 1:colcon.colcon_core.environment:checking '/home/hzh/ros2_learn/chapt8/chapt8_ws/install/fishbot_application/lib/python3.10/site-packages'
[3.976s] Level 1:colcon.colcon_core.shell:create_environment_hook('fishbot_application', 'pythonpath')
[3.977s] INFO:colcon.colcon_core.shell:Creating environment hook '/home/hzh/ros2_learn/chapt8/chapt8_ws/install/fishbot_application/share/fishbot_application/hook/pythonpath.ps1'
[3.979s] INFO:colcon.colcon_core.shell:Creating environment descriptor '/home/hzh/ros2_learn/chapt8/chapt8_ws/install/fishbot_application/share/fishbot_application/hook/pythonpath.dsv'
[3.980s] INFO:colcon.colcon_core.shell:Creating environment hook '/home/hzh/ros2_learn/chapt8/chapt8_ws/install/fishbot_application/share/fishbot_application/hook/pythonpath.sh'
[3.981s] Level 1:colcon.colcon_core.environment:checking '/home/hzh/ros2_learn/chapt8/chapt8_ws/install/fishbot_application/bin'
[3.981s] Level 1:colcon.colcon_core.environment:create_environment_scripts_only(fishbot_application)
[3.982s] INFO:colcon.colcon_core.shell:Creating package script '/home/hzh/ros2_learn/chapt8/chapt8_ws/install/fishbot_application/share/fishbot_application/package.ps1'
[3.983s] INFO:colcon.colcon_core.shell:Creating package descriptor '/home/hzh/ros2_learn/chapt8/chapt8_ws/install/fishbot_application/share/fishbot_application/package.dsv'
[3.984s] INFO:colcon.colcon_core.shell:Creating package script '/home/hzh/ros2_learn/chapt8/chapt8_ws/install/fishbot_application/share/fishbot_application/package.sh'
[3.985s] INFO:colcon.colcon_core.shell:Creating package script '/home/hzh/ros2_learn/chapt8/chapt8_ws/install/fishbot_application/share/fishbot_application/package.bash'
[3.986s] INFO:colcon.colcon_core.shell:Creating package script '/home/hzh/ros2_learn/chapt8/chapt8_ws/install/fishbot_application/share/fishbot_application/package.zsh'
[3.987s] Level 1:colcon.colcon_core.environment:create_file_with_runtime_dependencies(/home/hzh/ros2_learn/chapt8/chapt8_ws/install/fishbot_application/share/colcon-core/packages/fishbot_application)
[4.000s] DEBUG:colcon.colcon_core.event_handler.log_command:Invoking command in '/home/hzh/ros2_learn/chapt8/chapt8_ws/build/nav2_custom_planner': CMAKE_PREFIX_PATH=/opt/ros/humble /usr/bin/cmake /home/hzh/ros2_learn/chapt8/chapt8_ws/src/nav2_custom_planner -DCMAKE_INSTALL_PREFIX=/home/hzh/ros2_learn/chapt8/chapt8_ws/install/nav2_custom_planner
[5.113s] DEBUG:colcon.colcon_core.event_handler.log_command:Invoked command in '/home/hzh/ros2_learn/chapt8/chapt8_ws/build/fishbot_navigation2' returned '0': CMAKE_PREFIX_PATH=/opt/ros/humble /usr/bin/cmake /home/hzh/ros2_learn/chapt8/chapt8_ws/src/fishbot_navigation2 -DCMAKE_INSTALL_PREFIX=/home/hzh/ros2_learn/chapt8/chapt8_ws/install/fishbot_navigation2
[5.114s] DEBUG:colcon.colcon_core.event_handler.log_command:Invoking command in '/home/hzh/ros2_learn/chapt8/chapt8_ws/build/fishbot_navigation2': CMAKE_PREFIX_PATH=/opt/ros/humble /usr/bin/cmake --build /home/hzh/ros2_learn/chapt8/chapt8_ws/build/fishbot_navigation2 -- -j4 -l4
[5.178s] DEBUG:colcon.colcon_core.event_handler.log_command:Invoked command in '/home/hzh/ros2_learn/chapt8/chapt8_ws/build/autopartol_interfaces' returned '0': CMAKE_PREFIX_PATH=/opt/ros/humble /usr/bin/cmake /home/hzh/ros2_learn/chapt8/chapt8_ws/src/autopartol_interfaces -DCMAKE_INSTALL_PREFIX=/home/hzh/ros2_learn/chapt8/chapt8_ws/install/autopartol_interfaces
[5.189s] DEBUG:colcon.colcon_core.event_handler.log_command:Invoking command in '/home/hzh/ros2_learn/chapt8/chapt8_ws/build/autopartol_interfaces': CMAKE_PREFIX_PATH=/opt/ros/humble /usr/bin/cmake --build /home/hzh/ros2_learn/chapt8/chapt8_ws/build/autopartol_interfaces -- -j4 -l4
[5.228s] DEBUG:colcon.colcon_core.event_handler.log_command:Invoked command in '/home/hzh/ros2_learn/chapt8/chapt8_ws/build/fishbot_navigation2' returned '0': CMAKE_PREFIX_PATH=/opt/ros/humble /usr/bin/cmake --build /home/hzh/ros2_learn/chapt8/chapt8_ws/build/fishbot_navigation2 -- -j4 -l4
[5.234s] DEBUG:colcon.colcon_core.event_handler.log_command:Invoking command in '/home/hzh/ros2_learn/chapt8/chapt8_ws/build/fishbot_navigation2': CMAKE_PREFIX_PATH=/opt/ros/humble /usr/bin/cmake --install /home/hzh/ros2_learn/chapt8/chapt8_ws/build/fishbot_navigation2
[5.293s] Level 1:colcon.colcon_core.environment:create_environment_scripts_only(fishbot_navigation2)
[5.294s] Level 1:colcon.colcon_core.environment:checking '/home/hzh/ros2_learn/chapt8/chapt8_ws/install/fishbot_navigation2' for CMake module files
[5.295s] Level 1:colcon.colcon_core.environment:checking '/home/hzh/ros2_learn/chapt8/chapt8_ws/install/fishbot_navigation2' for CMake config files
[5.295s] Level 1:colcon.colcon_core.shell:create_environment_hook('fishbot_navigation2', 'cmake_prefix_path')
[5.295s] INFO:colcon.colcon_core.shell:Creating environment hook '/home/hzh/ros2_learn/chapt8/chapt8_ws/install/fishbot_navigation2/share/fishbot_navigation2/hook/cmake_prefix_path.ps1'
[5.302s] INFO:colcon.colcon_core.shell:Creating environment descriptor '/home/hzh/ros2_learn/chapt8/chapt8_ws/install/fishbot_navigation2/share/fishbot_navigation2/hook/cmake_prefix_path.dsv'
[5.305s] DEBUG:colcon.colcon_core.event_handler.log_command:Invoked command in '/home/hzh/ros2_learn/chapt8/chapt8_ws/build/fishbot_navigation2' returned '0': CMAKE_PREFIX_PATH=/opt/ros/humble /usr/bin/cmake --install /home/hzh/ros2_learn/chapt8/chapt8_ws/build/fishbot_navigation2
[5.307s] INFO:colcon.colcon_core.shell:Creating environment hook '/home/hzh/ros2_learn/chapt8/chapt8_ws/install/fishbot_navigation2/share/fishbot_navigation2/hook/cmake_prefix_path.sh'
[5.320s] Level 1:colcon.colcon_core.environment:checking '/home/hzh/ros2_learn/chapt8/chapt8_ws/install/fishbot_navigation2/bin'
[5.320s] Level 1:colcon.colcon_core.environment:checking '/home/hzh/ros2_learn/chapt8/chapt8_ws/install/fishbot_navigation2/lib/pkgconfig/fishbot_navigation2.pc'
[5.320s] Level 1:colcon.colcon_core.environment:checking '/home/hzh/ros2_learn/chapt8/chapt8_ws/install/fishbot_navigation2/lib/python3.10/site-packages'
[5.321s] Level 1:colcon.colcon_core.environment:checking '/home/hzh/ros2_learn/chapt8/chapt8_ws/install/fishbot_navigation2/bin'
[5.329s] INFO:colcon.colcon_core.shell:Creating package script '/home/hzh/ros2_learn/chapt8/chapt8_ws/install/fishbot_navigation2/share/fishbot_navigation2/package.ps1'
[5.331s] INFO:colcon.colcon_core.shell:Creating package descriptor '/home/hzh/ros2_learn/chapt8/chapt8_ws/install/fishbot_navigation2/share/fishbot_navigation2/package.dsv'
[5.334s] INFO:colcon.colcon_core.shell:Creating package script '/home/hzh/ros2_learn/chapt8/chapt8_ws/install/fishbot_navigation2/share/fishbot_navigation2/package.sh'
[5.335s] INFO:colcon.colcon_core.shell:Creating package script '/home/hzh/ros2_learn/chapt8/chapt8_ws/install/fishbot_navigation2/share/fishbot_navigation2/package.bash'
[5.336s] INFO:colcon.colcon_core.shell:Creating package script '/home/hzh/ros2_learn/chapt8/chapt8_ws/install/fishbot_navigation2/share/fishbot_navigation2/package.zsh'
[5.339s] Level 1:colcon.colcon_core.environment:create_file_with_runtime_dependencies(/home/hzh/ros2_learn/chapt8/chapt8_ws/install/fishbot_navigation2/share/colcon-core/packages/fishbot_navigation2)
[5.341s] Level 1:colcon.colcon_core.environment:create_environment_scripts_only(fishbot_navigation2)
[5.342s] Level 1:colcon.colcon_core.environment:checking '/home/hzh/ros2_learn/chapt8/chapt8_ws/install/fishbot_navigation2' for CMake module files
[5.343s] Level 1:colcon.colcon_core.environment:checking '/home/hzh/ros2_learn/chapt8/chapt8_ws/install/fishbot_navigation2' for CMake config files
[5.344s] Level 1:colcon.colcon_core.shell:create_environment_hook('fishbot_navigation2', 'cmake_prefix_path')
[5.344s] INFO:colcon.colcon_core.shell:Creating environment hook '/home/hzh/ros2_learn/chapt8/chapt8_ws/install/fishbot_navigation2/share/fishbot_navigation2/hook/cmake_prefix_path.ps1'
[5.348s] INFO:colcon.colcon_core.shell:Creating environment descriptor '/home/hzh/ros2_learn/chapt8/chapt8_ws/install/fishbot_navigation2/share/fishbot_navigation2/hook/cmake_prefix_path.dsv'
[5.349s] INFO:colcon.colcon_core.shell:Creating environment hook '/home/hzh/ros2_learn/chapt8/chapt8_ws/install/fishbot_navigation2/share/fishbot_navigation2/hook/cmake_prefix_path.sh'
[5.351s] Level 1:colcon.colcon_core.environment:checking '/home/hzh/ros2_learn/chapt8/chapt8_ws/install/fishbot_navigation2/bin'
[5.352s] Level 1:colcon.colcon_core.environment:checking '/home/hzh/ros2_learn/chapt8/chapt8_ws/install/fishbot_navigation2/lib/pkgconfig/fishbot_navigation2.pc'
[5.352s] Level 1:colcon.colcon_core.environment:checking '/home/hzh/ros2_learn/chapt8/chapt8_ws/install/fishbot_navigation2/lib/python3.10/site-packages'
[5.352s] Level 1:colcon.colcon_core.environment:checking '/home/hzh/ros2_learn/chapt8/chapt8_ws/install/fishbot_navigation2/bin'
[5.353s] INFO:colcon.colcon_core.shell:Creating package script '/home/hzh/ros2_learn/chapt8/chapt8_ws/install/fishbot_navigation2/share/fishbot_navigation2/package.ps1'
[5.354s] INFO:colcon.colcon_core.shell:Creating package descriptor '/home/hzh/ros2_learn/chapt8/chapt8_ws/install/fishbot_navigation2/share/fishbot_navigation2/package.dsv'
[5.357s] INFO:colcon.colcon_core.shell:Creating package script '/home/hzh/ros2_learn/chapt8/chapt8_ws/install/fishbot_navigation2/share/fishbot_navigation2/package.sh'
[5.359s] INFO:colcon.colcon_core.shell:Creating package script '/home/hzh/ros2_learn/chapt8/chapt8_ws/install/fishbot_navigation2/share/fishbot_navigation2/package.bash'
[5.361s] INFO:colcon.colcon_core.shell:Creating package script '/home/hzh/ros2_learn/chapt8/chapt8_ws/install/fishbot_navigation2/share/fishbot_navigation2/package.zsh'
[5.368s] Level 1:colcon.colcon_core.environment:create_file_with_runtime_dependencies(/home/hzh/ros2_learn/chapt8/chapt8_ws/install/fishbot_navigation2/share/colcon-core/packages/fishbot_navigation2)
[10.878s] DEBUG:colcon.colcon_core.event_handler.log_command:Invoked command in '/home/hzh/ros2_learn/chapt8/chapt8_ws/build/nav2_custom_planner' returned '0': CMAKE_PREFIX_PATH=/opt/ros/humble /usr/bin/cmake /home/hzh/ros2_learn/chapt8/chapt8_ws/src/nav2_custom_planner -DCMAKE_INSTALL_PREFIX=/home/hzh/ros2_learn/chapt8/chapt8_ws/install/nav2_custom_planner
[10.879s] DEBUG:colcon.colcon_core.event_handler.log_command:Invoking command in '/home/hzh/ros2_learn/chapt8/chapt8_ws/build/nav2_custom_planner': CMAKE_PREFIX_PATH=/opt/ros/humble /usr/bin/cmake --build /home/hzh/ros2_learn/chapt8/chapt8_ws/build/nav2_custom_planner -- -j4 -l4
[11.654s] DEBUG:colcon.colcon_core.event_handler.log_command:Invoked command in '/home/hzh/ros2_learn/chapt8/chapt8_ws/build/autopartol_interfaces' returned '0': CMAKE_PREFIX_PATH=/opt/ros/humble /usr/bin/cmake --build /home/hzh/ros2_learn/chapt8/chapt8_ws/build/autopartol_interfaces -- -j4 -l4
[11.660s] DEBUG:colcon.colcon_core.event_handler.log_command:Invoking command in '/home/hzh/ros2_learn/chapt8/chapt8_ws/build/autopartol_interfaces': CMAKE_PREFIX_PATH=/opt/ros/humble /usr/bin/cmake --install /home/hzh/ros2_learn/chapt8/chapt8_ws/build/autopartol_interfaces
[11.878s] Level 1:colcon.colcon_core.environment:create_environment_scripts_only(autopartol_interfaces)
[11.878s] Level 1:colcon.colcon_core.environment:checking '/home/hzh/ros2_learn/chapt8/chapt8_ws/install/autopartol_interfaces' for CMake module files
[11.881s] DEBUG:colcon.colcon_core.event_handler.log_command:Invoked command in '/home/hzh/ros2_learn/chapt8/chapt8_ws/build/autopartol_interfaces' returned '0': CMAKE_PREFIX_PATH=/opt/ros/humble /usr/bin/cmake --install /home/hzh/ros2_learn/chapt8/chapt8_ws/build/autopartol_interfaces
[11.883s] Level 1:colcon.colcon_core.environment:checking '/home/hzh/ros2_learn/chapt8/chapt8_ws/install/autopartol_interfaces' for CMake config files
[11.885s] Level 1:colcon.colcon_core.shell:create_environment_hook('autopartol_interfaces', 'cmake_prefix_path')
[11.886s] INFO:colcon.colcon_core.shell:Creating environment hook '/home/hzh/ros2_learn/chapt8/chapt8_ws/install/autopartol_interfaces/share/autopartol_interfaces/hook/cmake_prefix_path.ps1'
[11.888s] INFO:colcon.colcon_core.shell:Creating environment descriptor '/home/hzh/ros2_learn/chapt8/chapt8_ws/install/autopartol_interfaces/share/autopartol_interfaces/hook/cmake_prefix_path.dsv'
[11.889s] INFO:colcon.colcon_core.shell:Creating environment hook '/home/hzh/ros2_learn/chapt8/chapt8_ws/install/autopartol_interfaces/share/autopartol_interfaces/hook/cmake_prefix_path.sh'
[11.892s] Level 1:colcon.colcon_core.environment:checking '/home/hzh/ros2_learn/chapt8/chapt8_ws/install/autopartol_interfaces/lib'
[11.892s] Level 1:colcon.colcon_core.shell:create_environment_hook('autopartol_interfaces', 'ld_library_path_lib')
[11.893s] INFO:colcon.colcon_core.shell:Creating environment hook '/home/hzh/ros2_learn/chapt8/chapt8_ws/install/autopartol_interfaces/share/autopartol_interfaces/hook/ld_library_path_lib.ps1'
[11.894s] INFO:colcon.colcon_core.shell:Creating environment descriptor '/home/hzh/ros2_learn/chapt8/chapt8_ws/install/autopartol_interfaces/share/autopartol_interfaces/hook/ld_library_path_lib.dsv'
[11.895s] INFO:colcon.colcon_core.shell:Creating environment hook '/home/hzh/ros2_learn/chapt8/chapt8_ws/install/autopartol_interfaces/share/autopartol_interfaces/hook/ld_library_path_lib.sh'
[11.896s] Level 1:colcon.colcon_core.environment:checking '/home/hzh/ros2_learn/chapt8/chapt8_ws/install/autopartol_interfaces/bin'
[11.896s] Level 1:colcon.colcon_core.environment:checking '/home/hzh/ros2_learn/chapt8/chapt8_ws/install/autopartol_interfaces/lib/pkgconfig/autopartol_interfaces.pc'
[11.896s] Level 1:colcon.colcon_core.environment:checking '/home/hzh/ros2_learn/chapt8/chapt8_ws/install/autopartol_interfaces/lib/python3.10/site-packages'
[11.897s] Level 1:colcon.colcon_core.environment:checking '/home/hzh/ros2_learn/chapt8/chapt8_ws/install/autopartol_interfaces/bin'
[11.898s] INFO:colcon.colcon_core.shell:Creating package script '/home/hzh/ros2_learn/chapt8/chapt8_ws/install/autopartol_interfaces/share/autopartol_interfaces/package.ps1'
[11.899s] INFO:colcon.colcon_core.shell:Creating package descriptor '/home/hzh/ros2_learn/chapt8/chapt8_ws/install/autopartol_interfaces/share/autopartol_interfaces/package.dsv'
[11.901s] INFO:colcon.colcon_core.shell:Creating package script '/home/hzh/ros2_learn/chapt8/chapt8_ws/install/autopartol_interfaces/share/autopartol_interfaces/package.sh'
[11.902s] INFO:colcon.colcon_core.shell:Creating package script '/home/hzh/ros2_learn/chapt8/chapt8_ws/install/autopartol_interfaces/share/autopartol_interfaces/package.bash'
[11.903s] INFO:colcon.colcon_core.shell:Creating package script '/home/hzh/ros2_learn/chapt8/chapt8_ws/install/autopartol_interfaces/share/autopartol_interfaces/package.zsh'
[11.906s] Level 1:colcon.colcon_core.environment:create_file_with_runtime_dependencies(/home/hzh/ros2_learn/chapt8/chapt8_ws/install/autopartol_interfaces/share/colcon-core/packages/autopartol_interfaces)
[11.908s] Level 1:colcon.colcon_core.environment:create_environment_scripts_only(autopartol_interfaces)
[11.909s] Level 1:colcon.colcon_core.environment:checking '/home/hzh/ros2_learn/chapt8/chapt8_ws/install/autopartol_interfaces' for CMake module files
[11.910s] Level 1:colcon.colcon_core.environment:checking '/home/hzh/ros2_learn/chapt8/chapt8_ws/install/autopartol_interfaces' for CMake config files
[11.911s] Level 1:colcon.colcon_core.shell:create_environment_hook('autopartol_interfaces', 'cmake_prefix_path')
[11.912s] INFO:colcon.colcon_core.shell:Creating environment hook '/home/hzh/ros2_learn/chapt8/chapt8_ws/install/autopartol_interfaces/share/autopartol_interfaces/hook/cmake_prefix_path.ps1'
[11.914s] INFO:colcon.colcon_core.shell:Creating environment descriptor '/home/hzh/ros2_learn/chapt8/chapt8_ws/install/autopartol_interfaces/share/autopartol_interfaces/hook/cmake_prefix_path.dsv'
[11.915s] INFO:colcon.colcon_core.shell:Creating environment hook '/home/hzh/ros2_learn/chapt8/chapt8_ws/install/autopartol_interfaces/share/autopartol_interfaces/hook/cmake_prefix_path.sh'
[11.918s] Level 1:colcon.colcon_core.environment:checking '/home/hzh/ros2_learn/chapt8/chapt8_ws/install/autopartol_interfaces/lib'
[11.918s] Level 1:colcon.colcon_core.shell:create_environment_hook('autopartol_interfaces', 'ld_library_path_lib')
[11.919s] INFO:colcon.colcon_core.shell:Creating environment hook '/home/hzh/ros2_learn/chapt8/chapt8_ws/install/autopartol_interfaces/share/autopartol_interfaces/hook/ld_library_path_lib.ps1'
[11.921s] INFO:colcon.colcon_core.shell:Creating environment descriptor '/home/hzh/ros2_learn/chapt8/chapt8_ws/install/autopartol_interfaces/share/autopartol_interfaces/hook/ld_library_path_lib.dsv'
[11.922s] INFO:colcon.colcon_core.shell:Creating environment hook '/home/hzh/ros2_learn/chapt8/chapt8_ws/install/autopartol_interfaces/share/autopartol_interfaces/hook/ld_library_path_lib.sh'
[11.925s] Level 1:colcon.colcon_core.environment:checking '/home/hzh/ros2_learn/chapt8/chapt8_ws/install/autopartol_interfaces/bin'
[11.925s] Level 1:colcon.colcon_core.environment:checking '/home/hzh/ros2_learn/chapt8/chapt8_ws/install/autopartol_interfaces/lib/pkgconfig/autopartol_interfaces.pc'
[11.925s] Level 1:colcon.colcon_core.environment:checking '/home/hzh/ros2_learn/chapt8/chapt8_ws/install/autopartol_interfaces/lib/python3.10/site-packages'
[11.926s] Level 1:colcon.colcon_core.environment:checking '/home/hzh/ros2_learn/chapt8/chapt8_ws/install/autopartol_interfaces/bin'
[11.927s] INFO:colcon.colcon_core.shell:Creating package script '/home/hzh/ros2_learn/chapt8/chapt8_ws/install/autopartol_interfaces/share/autopartol_interfaces/package.ps1'
[11.929s] INFO:colcon.colcon_core.shell:Creating package descriptor '/home/hzh/ros2_learn/chapt8/chapt8_ws/install/autopartol_interfaces/share/autopartol_interfaces/package.dsv'
[11.933s] INFO:colcon.colcon_core.shell:Creating package script '/home/hzh/ros2_learn/chapt8/chapt8_ws/install/autopartol_interfaces/share/autopartol_interfaces/package.sh'
[11.935s] INFO:colcon.colcon_core.shell:Creating package script '/home/hzh/ros2_learn/chapt8/chapt8_ws/install/autopartol_interfaces/share/autopartol_interfaces/package.bash'
[11.939s] INFO:colcon.colcon_core.shell:Creating package script '/home/hzh/ros2_learn/chapt8/chapt8_ws/install/autopartol_interfaces/share/autopartol_interfaces/package.zsh'
[11.941s] Level 1:colcon.colcon_core.environment:create_file_with_runtime_dependencies(/home/hzh/ros2_learn/chapt8/chapt8_ws/install/autopartol_interfaces/share/colcon-core/packages/autopartol_interfaces)
[19.983s] DEBUG:colcon.colcon_core.event_handler.log_command:Invoked command in '/home/hzh/ros2_learn/chapt8/chapt8_ws/build/nav2_custom_planner' returned '0': CMAKE_PREFIX_PATH=/opt/ros/humble /usr/bin/cmake --build /home/hzh/ros2_learn/chapt8/chapt8_ws/build/nav2_custom_planner -- -j4 -l4
[19.986s] DEBUG:colcon.colcon_core.event_handler.log_command:Invoking command in '/home/hzh/ros2_learn/chapt8/chapt8_ws/build/nav2_custom_planner': CMAKE_PREFIX_PATH=/opt/ros/humble /usr/bin/cmake --install /home/hzh/ros2_learn/chapt8/chapt8_ws/build/nav2_custom_planner
[20.010s] Level 1:colcon.colcon_core.environment:create_environment_scripts_only(nav2_custom_planner)
[20.010s] Level 1:colcon.colcon_core.environment:checking '/home/hzh/ros2_learn/chapt8/chapt8_ws/install/nav2_custom_planner' for CMake module files
[20.011s] DEBUG:colcon.colcon_core.event_handler.log_command:Invoked command in '/home/hzh/ros2_learn/chapt8/chapt8_ws/build/nav2_custom_planner' returned '0': CMAKE_PREFIX_PATH=/opt/ros/humble /usr/bin/cmake --install /home/hzh/ros2_learn/chapt8/chapt8_ws/build/nav2_custom_planner
[20.012s] Level 1:colcon.colcon_core.environment:checking '/home/hzh/ros2_learn/chapt8/chapt8_ws/install/nav2_custom_planner' for CMake config files
[20.012s] Level 1:colcon.colcon_core.shell:create_environment_hook('nav2_custom_planner', 'cmake_prefix_path')
[20.013s] INFO:colcon.colcon_core.shell:Creating environment hook '/home/hzh/ros2_learn/chapt8/chapt8_ws/install/nav2_custom_planner/share/nav2_custom_planner/hook/cmake_prefix_path.ps1'
[20.013s] INFO:colcon.colcon_core.shell:Creating environment descriptor '/home/hzh/ros2_learn/chapt8/chapt8_ws/install/nav2_custom_planner/share/nav2_custom_planner/hook/cmake_prefix_path.dsv'
[20.014s] INFO:colcon.colcon_core.shell:Creating environment hook '/home/hzh/ros2_learn/chapt8/chapt8_ws/install/nav2_custom_planner/share/nav2_custom_planner/hook/cmake_prefix_path.sh'
[20.016s] Level 1:colcon.colcon_core.environment:checking '/home/hzh/ros2_learn/chapt8/chapt8_ws/install/nav2_custom_planner/lib'
[20.016s] Level 1:colcon.colcon_core.shell:create_environment_hook('nav2_custom_planner', 'ld_library_path_lib')
[20.016s] INFO:colcon.colcon_core.shell:Creating environment hook '/home/hzh/ros2_learn/chapt8/chapt8_ws/install/nav2_custom_planner/share/nav2_custom_planner/hook/ld_library_path_lib.ps1'
[20.017s] INFO:colcon.colcon_core.shell:Creating environment descriptor '/home/hzh/ros2_learn/chapt8/chapt8_ws/install/nav2_custom_planner/share/nav2_custom_planner/hook/ld_library_path_lib.dsv'
[20.017s] INFO:colcon.colcon_core.shell:Creating environment hook '/home/hzh/ros2_learn/chapt8/chapt8_ws/install/nav2_custom_planner/share/nav2_custom_planner/hook/ld_library_path_lib.sh'
[20.018s] Level 1:colcon.colcon_core.environment:checking '/home/hzh/ros2_learn/chapt8/chapt8_ws/install/nav2_custom_planner/bin'
[20.018s] Level 1:colcon.colcon_core.environment:checking '/home/hzh/ros2_learn/chapt8/chapt8_ws/install/nav2_custom_planner/lib/pkgconfig/nav2_custom_planner.pc'
[20.018s] Level 1:colcon.colcon_core.environment:checking '/home/hzh/ros2_learn/chapt8/chapt8_ws/install/nav2_custom_planner/lib/python3.10/site-packages'
[20.018s] Level 1:colcon.colcon_core.environment:checking '/home/hzh/ros2_learn/chapt8/chapt8_ws/install/nav2_custom_planner/bin'
[20.019s] INFO:colcon.colcon_core.shell:Creating package script '/home/hzh/ros2_learn/chapt8/chapt8_ws/install/nav2_custom_planner/share/nav2_custom_planner/package.ps1'
[20.019s] INFO:colcon.colcon_core.shell:Creating package descriptor '/home/hzh/ros2_learn/chapt8/chapt8_ws/install/nav2_custom_planner/share/nav2_custom_planner/package.dsv'
[20.021s] INFO:colcon.colcon_core.shell:Creating package script '/home/hzh/ros2_learn/chapt8/chapt8_ws/install/nav2_custom_planner/share/nav2_custom_planner/package.sh'
[20.023s] INFO:colcon.colcon_core.shell:Creating package script '/home/hzh/ros2_learn/chapt8/chapt8_ws/install/nav2_custom_planner/share/nav2_custom_planner/package.bash'
[20.024s] INFO:colcon.colcon_core.shell:Creating package script '/home/hzh/ros2_learn/chapt8/chapt8_ws/install/nav2_custom_planner/share/nav2_custom_planner/package.zsh'
[20.025s] Level 1:colcon.colcon_core.environment:create_file_with_runtime_dependencies(/home/hzh/ros2_learn/chapt8/chapt8_ws/install/nav2_custom_planner/share/colcon-core/packages/nav2_custom_planner)
[20.026s] Level 1:colcon.colcon_core.environment:create_environment_scripts_only(nav2_custom_planner)
[20.027s] Level 1:colcon.colcon_core.environment:checking '/home/hzh/ros2_learn/chapt8/chapt8_ws/install/nav2_custom_planner' for CMake module files
[20.028s] Level 1:colcon.colcon_core.environment:checking '/home/hzh/ros2_learn/chapt8/chapt8_ws/install/nav2_custom_planner' for CMake config files
[20.029s] Level 1:colcon.colcon_core.shell:create_environment_hook('nav2_custom_planner', 'cmake_prefix_path')
[20.030s] INFO:colcon.colcon_core.shell:Creating environment hook '/home/hzh/ros2_learn/chapt8/chapt8_ws/install/nav2_custom_planner/share/nav2_custom_planner/hook/cmake_prefix_path.ps1'
[20.032s] INFO:colcon.colcon_core.shell:Creating environment descriptor '/home/hzh/ros2_learn/chapt8/chapt8_ws/install/nav2_custom_planner/share/nav2_custom_planner/hook/cmake_prefix_path.dsv'
[20.033s] INFO:colcon.colcon_core.shell:Creating environment hook '/home/hzh/ros2_learn/chapt8/chapt8_ws/install/nav2_custom_planner/share/nav2_custom_planner/hook/cmake_prefix_path.sh'
[20.034s] Level 1:colcon.colcon_core.environment:checking '/home/hzh/ros2_learn/chapt8/chapt8_ws/install/nav2_custom_planner/lib'
[20.034s] Level 1:colcon.colcon_core.shell:create_environment_hook('nav2_custom_planner', 'ld_library_path_lib')
[20.035s] INFO:colcon.colcon_core.shell:Creating environment hook '/home/hzh/ros2_learn/chapt8/chapt8_ws/install/nav2_custom_planner/share/nav2_custom_planner/hook/ld_library_path_lib.ps1'
[20.036s] INFO:colcon.colcon_core.shell:Creating environment descriptor '/home/hzh/ros2_learn/chapt8/chapt8_ws/install/nav2_custom_planner/share/nav2_custom_planner/hook/ld_library_path_lib.dsv'
[20.037s] INFO:colcon.colcon_core.shell:Creating environment hook '/home/hzh/ros2_learn/chapt8/chapt8_ws/install/nav2_custom_planner/share/nav2_custom_planner/hook/ld_library_path_lib.sh'
[20.038s] Level 1:colcon.colcon_core.environment:checking '/home/hzh/ros2_learn/chapt8/chapt8_ws/install/nav2_custom_planner/bin'
[20.038s] Level 1:colcon.colcon_core.environment:checking '/home/hzh/ros2_learn/chapt8/chapt8_ws/install/nav2_custom_planner/lib/pkgconfig/nav2_custom_planner.pc'
[20.039s] Level 1:colcon.colcon_core.environment:checking '/home/hzh/ros2_learn/chapt8/chapt8_ws/install/nav2_custom_planner/lib/python3.10/site-packages'
[20.039s] Level 1:colcon.colcon_core.environment:checking '/home/hzh/ros2_learn/chapt8/chapt8_ws/install/nav2_custom_planner/bin'
[20.039s] INFO:colcon.colcon_core.shell:Creating package script '/home/hzh/ros2_learn/chapt8/chapt8_ws/install/nav2_custom_planner/share/nav2_custom_planner/package.ps1'
[20.040s] INFO:colcon.colcon_core.shell:Creating package descriptor '/home/hzh/ros2_learn/chapt8/chapt8_ws/install/nav2_custom_planner/share/nav2_custom_planner/package.dsv'
[20.042s] INFO:colcon.colcon_core.shell:Creating package script '/home/hzh/ros2_learn/chapt8/chapt8_ws/install/nav2_custom_planner/share/nav2_custom_planner/package.sh'
[20.043s] INFO:colcon.colcon_core.shell:Creating package script '/home/hzh/ros2_learn/chapt8/chapt8_ws/install/nav2_custom_planner/share/nav2_custom_planner/package.bash'
[20.044s] INFO:colcon.colcon_core.shell:Creating package script '/home/hzh/ros2_learn/chapt8/chapt8_ws/install/nav2_custom_planner/share/nav2_custom_planner/package.zsh'
[20.045s] Level 1:colcon.colcon_core.environment:create_file_with_runtime_dependencies(/home/hzh/ros2_learn/chapt8/chapt8_ws/install/nav2_custom_planner/share/colcon-core/packages/nav2_custom_planner)
[20.046s] DEBUG:colcon.colcon_parallel_executor.executor.parallel:closing loop
[20.047s] DEBUG:colcon.colcon_parallel_executor.executor.parallel:loop closed
[20.047s] DEBUG:colcon.colcon_parallel_executor.executor.parallel:run_until_complete finished with '0'
[20.047s] DEBUG:colcon.colcon_core.event_reactor:joining thread
[20.060s] INFO:colcon.colcon_core.plugin_system:Skipping extension 'colcon_notification.desktop_notification.terminal_notifier': Not used on non-Darwin systems
[20.060s] INFO:colcon.colcon_core.plugin_system:Skipping extension 'colcon_notification.desktop_notification.win32': Not used on non-Windows systems
[20.060s] INFO:colcon.colcon_notification.desktop_notification:Sending desktop notification using 'notify2'
[20.091s] DEBUG:colcon.colcon_core.event_reactor:joined thread
[20.092s] INFO:colcon.colcon_core.shell:Creating prefix script '/home/hzh/ros2_learn/chapt8/chapt8_ws/install/local_setup.ps1'
[20.095s] INFO:colcon.colcon_core.shell:Creating prefix util module '/home/hzh/ros2_learn/chapt8/chapt8_ws/install/_local_setup_util_ps1.py'
[20.097s] INFO:colcon.colcon_core.shell:Creating prefix chain script '/home/hzh/ros2_learn/chapt8/chapt8_ws/install/setup.ps1'
[20.100s] INFO:colcon.colcon_core.shell:Creating prefix script '/home/hzh/ros2_learn/chapt8/chapt8_ws/install/local_setup.sh'
[20.101s] INFO:colcon.colcon_core.shell:Creating prefix util module '/home/hzh/ros2_learn/chapt8/chapt8_ws/install/_local_setup_util_sh.py'
[20.103s] INFO:colcon.colcon_core.shell:Creating prefix chain script '/home/hzh/ros2_learn/chapt8/chapt8_ws/install/setup.sh'
[20.104s] INFO:colcon.colcon_core.shell:Creating prefix script '/home/hzh/ros2_learn/chapt8/chapt8_ws/install/local_setup.bash'
[20.106s] INFO:colcon.colcon_core.shell:Creating prefix chain script '/home/hzh/ros2_learn/chapt8/chapt8_ws/install/setup.bash'
[20.108s] INFO:colcon.colcon_core.shell:Creating prefix script '/home/hzh/ros2_learn/chapt8/chapt8_ws/install/local_setup.zsh'
[20.110s] INFO:colcon.colcon_core.shell:Creating prefix chain script '/home/hzh/ros2_learn/chapt8/chapt8_ws/install/setup.zsh'
